[2025-06-11T07:33:27.946+0000] {base.py:84} INFO - Retrieving connection 'hpc_ssh'
[2025-06-11T07:33:27.949+0000] {ssh.py:286} WARNING - No Host Key Verification. This won't protect against Man-In-The-Middle attacks
[2025-06-11T07:33:30.252+0000] {slurm_trigger.py:37} INFO - [SLURM Trigger] sacct output:
State 
---------- 
   PENDING
[2025-06-11T07:33:30.252+0000] {triggerer_job_runner.py:631} INFO - Trigger slurm_async_job/manual__2025-06-11T07:33:16.218898+00:00/submit_slurm/-1/1 (ID 149) fired: TriggerEvent<{'job_id': '17438', 'status': 'PENDING', 'final': False}>
[2025-06-11T07:33:34.266+0000] {base.py:84} INFO - Retrieving connection 'hpc_ssh'
[2025-06-11T07:33:34.266+0000] {ssh.py:286} WARNING - No Host Key Verification. This won't protect against Man-In-The-Middle attacks
[2025-06-11T07:33:36.490+0000] {slurm_trigger.py:37} INFO - [SLURM Trigger] sacct output:
State 
---------- 
   PENDING
[2025-06-11T07:33:36.490+0000] {triggerer_job_runner.py:631} INFO - Trigger slurm_async_job/manual__2025-06-11T07:33:16.218898+00:00/submit_slurm/-1/1 (ID 150) fired: TriggerEvent<{'job_id': '17438', 'status': 'PENDING', 'final': False}>
[2025-06-11T07:33:41.502+0000] {base.py:84} INFO - Retrieving connection 'hpc_ssh'
[2025-06-11T07:33:41.502+0000] {ssh.py:286} WARNING - No Host Key Verification. This won't protect against Man-In-The-Middle attacks
[2025-06-11T07:33:43.634+0000] {slurm_trigger.py:37} INFO - [SLURM Trigger] sacct output:
State 
---------- 
   PENDING
[2025-06-11T07:33:43.634+0000] {triggerer_job_runner.py:631} INFO - Trigger slurm_async_job/manual__2025-06-11T07:33:16.218898+00:00/submit_slurm/-1/1 (ID 151) fired: TriggerEvent<{'job_id': '17438', 'status': 'PENDING', 'final': False}>
[2025-06-11T07:33:47.642+0000] {base.py:84} INFO - Retrieving connection 'hpc_ssh'
[2025-06-11T07:33:47.643+0000] {ssh.py:286} WARNING - No Host Key Verification. This won't protect against Man-In-The-Middle attacks
[2025-06-11T07:33:49.797+0000] {slurm_trigger.py:37} INFO - [SLURM Trigger] sacct output:
State 
---------- 
   PENDING
[2025-06-11T07:33:49.797+0000] {triggerer_job_runner.py:631} INFO - Trigger slurm_async_job/manual__2025-06-11T07:33:16.218898+00:00/submit_slurm/-1/1 (ID 152) fired: TriggerEvent<{'job_id': '17438', 'status': 'PENDING', 'final': False}>
[2025-06-11T07:33:53.808+0000] {base.py:84} INFO - Retrieving connection 'hpc_ssh'
[2025-06-11T07:33:53.809+0000] {ssh.py:286} WARNING - No Host Key Verification. This won't protect against Man-In-The-Middle attacks
[2025-06-11T07:33:55.922+0000] {slurm_trigger.py:37} INFO - [SLURM Trigger] sacct output:
State 
---------- 
   PENDING
[2025-06-11T07:33:55.922+0000] {triggerer_job_runner.py:631} INFO - Trigger slurm_async_job/manual__2025-06-11T07:33:16.218898+00:00/submit_slurm/-1/1 (ID 153) fired: TriggerEvent<{'job_id': '17438', 'status': 'PENDING', 'final': False}>
[2025-06-11T07:33:59.932+0000] {base.py:84} INFO - Retrieving connection 'hpc_ssh'
[2025-06-11T07:33:59.932+0000] {ssh.py:286} WARNING - No Host Key Verification. This won't protect against Man-In-The-Middle attacks
[2025-06-11T07:34:02.105+0000] {slurm_trigger.py:37} INFO - [SLURM Trigger] sacct output:
State 
---------- 
   PENDING
[2025-06-11T07:34:02.106+0000] {triggerer_job_runner.py:631} INFO - Trigger slurm_async_job/manual__2025-06-11T07:33:16.218898+00:00/submit_slurm/-1/1 (ID 154) fired: TriggerEvent<{'job_id': '17438', 'status': 'PENDING', 'final': False}>
[2025-06-11T07:34:06.115+0000] {base.py:84} INFO - Retrieving connection 'hpc_ssh'
[2025-06-11T07:34:06.116+0000] {ssh.py:286} WARNING - No Host Key Verification. This won't protect against Man-In-The-Middle attacks
[2025-06-11T07:34:12.413+0000] {slurm_trigger.py:37} INFO - [SLURM Trigger] sacct output:
State 
---------- 
   PENDING
[2025-06-11T07:34:12.414+0000] {triggerer_job_runner.py:631} INFO - Trigger slurm_async_job/manual__2025-06-11T07:33:16.218898+00:00/submit_slurm/-1/1 (ID 155) fired: TriggerEvent<{'job_id': '17438', 'status': 'PENDING', 'final': False}>
[2025-06-11T07:34:16.423+0000] {base.py:84} INFO - Retrieving connection 'hpc_ssh'
[2025-06-11T07:34:16.424+0000] {ssh.py:286} WARNING - No Host Key Verification. This won't protect against Man-In-The-Middle attacks
[2025-06-11T07:34:18.586+0000] {slurm_trigger.py:37} INFO - [SLURM Trigger] sacct output:
State 
---------- 
   RUNNING 
   RUNNING 
   RUNNING 
   RUNNING
[2025-06-11T07:34:18.586+0000] {triggerer_job_runner.py:631} INFO - Trigger slurm_async_job/manual__2025-06-11T07:33:16.218898+00:00/submit_slurm/-1/1 (ID 156) fired: TriggerEvent<{'job_id': '17438', 'status': 'RUNNING', 'final': False}>
[2025-06-11T07:34:22.596+0000] {base.py:84} INFO - Retrieving connection 'hpc_ssh'
[2025-06-11T07:34:22.597+0000] {ssh.py:286} WARNING - No Host Key Verification. This won't protect against Man-In-The-Middle attacks
[2025-06-11T07:34:24.732+0000] {slurm_trigger.py:37} INFO - [SLURM Trigger] sacct output:
State 
---------- 
   RUNNING 
   RUNNING 
   RUNNING 
   RUNNING
[2025-06-11T07:34:24.732+0000] {triggerer_job_runner.py:631} INFO - Trigger slurm_async_job/manual__2025-06-11T07:33:16.218898+00:00/submit_slurm/-1/1 (ID 157) fired: TriggerEvent<{'job_id': '17438', 'status': 'RUNNING', 'final': False}>
[2025-06-11T07:34:28.744+0000] {base.py:84} INFO - Retrieving connection 'hpc_ssh'
[2025-06-11T07:34:28.744+0000] {ssh.py:286} WARNING - No Host Key Verification. This won't protect against Man-In-The-Middle attacks
[2025-06-11T07:34:30.874+0000] {slurm_trigger.py:37} INFO - [SLURM Trigger] sacct output:
State 
---------- 
   RUNNING 
   RUNNING 
   RUNNING 
   RUNNING
[2025-06-11T07:34:30.874+0000] {triggerer_job_runner.py:631} INFO - Trigger slurm_async_job/manual__2025-06-11T07:33:16.218898+00:00/submit_slurm/-1/1 (ID 158) fired: TriggerEvent<{'job_id': '17438', 'status': 'RUNNING', 'final': False}>
[2025-06-11T07:34:34.884+0000] {base.py:84} INFO - Retrieving connection 'hpc_ssh'
[2025-06-11T07:34:34.885+0000] {ssh.py:286} WARNING - No Host Key Verification. This won't protect against Man-In-The-Middle attacks
[2025-06-11T07:34:37.162+0000] {slurm_trigger.py:37} INFO - [SLURM Trigger] sacct output:
State 
---------- 
   RUNNING 
   RUNNING 
   RUNNING 
   RUNNING
[2025-06-11T07:34:37.162+0000] {triggerer_job_runner.py:631} INFO - Trigger slurm_async_job/manual__2025-06-11T07:33:16.218898+00:00/submit_slurm/-1/1 (ID 159) fired: TriggerEvent<{'job_id': '17438', 'status': 'RUNNING', 'final': False}>
[2025-06-11T07:34:41.174+0000] {base.py:84} INFO - Retrieving connection 'hpc_ssh'
[2025-06-11T07:34:41.176+0000] {ssh.py:286} WARNING - No Host Key Verification. This won't protect against Man-In-The-Middle attacks
[2025-06-11T07:34:43.361+0000] {slurm_trigger.py:37} INFO - [SLURM Trigger] sacct output:
State 
---------- 
   RUNNING 
   RUNNING 
   RUNNING 
   RUNNING
[2025-06-11T07:34:43.361+0000] {triggerer_job_runner.py:631} INFO - Trigger slurm_async_job/manual__2025-06-11T07:33:16.218898+00:00/submit_slurm/-1/1 (ID 160) fired: TriggerEvent<{'job_id': '17438', 'status': 'RUNNING', 'final': False}>
[2025-06-11T07:34:47.369+0000] {base.py:84} INFO - Retrieving connection 'hpc_ssh'
[2025-06-11T07:34:47.369+0000] {ssh.py:286} WARNING - No Host Key Verification. This won't protect against Man-In-The-Middle attacks
[2025-06-11T07:34:49.500+0000] {slurm_trigger.py:37} INFO - [SLURM Trigger] sacct output:
State 
---------- 
   RUNNING 
   RUNNING 
   RUNNING 
   RUNNING
[2025-06-11T07:34:49.500+0000] {triggerer_job_runner.py:631} INFO - Trigger slurm_async_job/manual__2025-06-11T07:33:16.218898+00:00/submit_slurm/-1/1 (ID 161) fired: TriggerEvent<{'job_id': '17438', 'status': 'RUNNING', 'final': False}>
[2025-06-11T07:34:53.509+0000] {base.py:84} INFO - Retrieving connection 'hpc_ssh'
[2025-06-11T07:34:53.509+0000] {ssh.py:286} WARNING - No Host Key Verification. This won't protect against Man-In-The-Middle attacks
[2025-06-11T07:34:55.694+0000] {slurm_trigger.py:37} INFO - [SLURM Trigger] sacct output:
State 
---------- 
   RUNNING 
   RUNNING 
   RUNNING 
   RUNNING
[2025-06-11T07:34:55.694+0000] {triggerer_job_runner.py:631} INFO - Trigger slurm_async_job/manual__2025-06-11T07:33:16.218898+00:00/submit_slurm/-1/1 (ID 162) fired: TriggerEvent<{'job_id': '17438', 'status': 'RUNNING', 'final': False}>
[2025-06-11T07:34:59.704+0000] {base.py:84} INFO - Retrieving connection 'hpc_ssh'
[2025-06-11T07:34:59.704+0000] {ssh.py:286} WARNING - No Host Key Verification. This won't protect against Man-In-The-Middle attacks
[2025-06-11T07:35:01.846+0000] {slurm_trigger.py:37} INFO - [SLURM Trigger] sacct output:
State 
---------- 
   RUNNING 
   RUNNING 
   RUNNING 
   RUNNING
[2025-06-11T07:35:01.846+0000] {triggerer_job_runner.py:631} INFO - Trigger slurm_async_job/manual__2025-06-11T07:33:16.218898+00:00/submit_slurm/-1/1 (ID 163) fired: TriggerEvent<{'job_id': '17438', 'status': 'RUNNING', 'final': False}>
[2025-06-11T07:35:05.854+0000] {base.py:84} INFO - Retrieving connection 'hpc_ssh'
[2025-06-11T07:35:05.854+0000] {ssh.py:286} WARNING - No Host Key Verification. This won't protect against Man-In-The-Middle attacks
[2025-06-11T07:35:08.005+0000] {slurm_trigger.py:37} INFO - [SLURM Trigger] sacct output:
State 
---------- 
   RUNNING 
   RUNNING 
   RUNNING 
   RUNNING
[2025-06-11T07:35:08.005+0000] {triggerer_job_runner.py:631} INFO - Trigger slurm_async_job/manual__2025-06-11T07:33:16.218898+00:00/submit_slurm/-1/1 (ID 164) fired: TriggerEvent<{'job_id': '17438', 'status': 'RUNNING', 'final': False}>
[2025-06-11T07:35:12.013+0000] {base.py:84} INFO - Retrieving connection 'hpc_ssh'
[2025-06-11T07:35:12.014+0000] {ssh.py:286} WARNING - No Host Key Verification. This won't protect against Man-In-The-Middle attacks
[2025-06-11T07:35:14.200+0000] {slurm_trigger.py:37} INFO - [SLURM Trigger] sacct output:
State 
---------- 
   RUNNING 
   RUNNING 
   RUNNING 
   RUNNING
[2025-06-11T07:35:14.200+0000] {triggerer_job_runner.py:631} INFO - Trigger slurm_async_job/manual__2025-06-11T07:33:16.218898+00:00/submit_slurm/-1/1 (ID 165) fired: TriggerEvent<{'job_id': '17438', 'status': 'RUNNING', 'final': False}>
[2025-06-11T07:35:18.213+0000] {base.py:84} INFO - Retrieving connection 'hpc_ssh'
[2025-06-11T07:35:18.214+0000] {ssh.py:286} WARNING - No Host Key Verification. This won't protect against Man-In-The-Middle attacks
[2025-06-11T07:35:20.358+0000] {slurm_trigger.py:37} INFO - [SLURM Trigger] sacct output:
State 
---------- 
   RUNNING 
   RUNNING 
   RUNNING 
   RUNNING
[2025-06-11T07:35:20.359+0000] {triggerer_job_runner.py:631} INFO - Trigger slurm_async_job/manual__2025-06-11T07:33:16.218898+00:00/submit_slurm/-1/1 (ID 166) fired: TriggerEvent<{'job_id': '17438', 'status': 'RUNNING', 'final': False}>
[2025-06-11T07:35:23.371+0000] {base.py:84} INFO - Retrieving connection 'hpc_ssh'
[2025-06-11T07:35:23.371+0000] {ssh.py:286} WARNING - No Host Key Verification. This won't protect against Man-In-The-Middle attacks
[2025-06-11T07:35:25.529+0000] {slurm_trigger.py:37} INFO - [SLURM Trigger] sacct output:
State 
---------- 
   RUNNING 
   RUNNING 
   RUNNING 
   RUNNING
[2025-06-11T07:35:25.529+0000] {triggerer_job_runner.py:631} INFO - Trigger slurm_async_job/manual__2025-06-11T07:33:16.218898+00:00/submit_slurm/-1/1 (ID 167) fired: TriggerEvent<{'job_id': '17438', 'status': 'RUNNING', 'final': False}>
[2025-06-11T07:35:29.545+0000] {base.py:84} INFO - Retrieving connection 'hpc_ssh'
[2025-06-11T07:35:29.546+0000] {ssh.py:286} WARNING - No Host Key Verification. This won't protect against Man-In-The-Middle attacks
[2025-06-11T07:35:31.714+0000] {slurm_trigger.py:37} INFO - [SLURM Trigger] sacct output:
State 
---------- 
   RUNNING 
   RUNNING 
   RUNNING 
   RUNNING
[2025-06-11T07:35:31.714+0000] {triggerer_job_runner.py:631} INFO - Trigger slurm_async_job/manual__2025-06-11T07:33:16.218898+00:00/submit_slurm/-1/1 (ID 168) fired: TriggerEvent<{'job_id': '17438', 'status': 'RUNNING', 'final': False}>
[2025-06-11T07:35:35.724+0000] {base.py:84} INFO - Retrieving connection 'hpc_ssh'
[2025-06-11T07:35:35.724+0000] {ssh.py:286} WARNING - No Host Key Verification. This won't protect against Man-In-The-Middle attacks
[2025-06-11T07:35:37.846+0000] {slurm_trigger.py:37} INFO - [SLURM Trigger] sacct output:
State 
---------- 
   RUNNING 
   RUNNING 
   RUNNING 
   RUNNING
[2025-06-11T07:35:37.846+0000] {triggerer_job_runner.py:631} INFO - Trigger slurm_async_job/manual__2025-06-11T07:33:16.218898+00:00/submit_slurm/-1/1 (ID 169) fired: TriggerEvent<{'job_id': '17438', 'status': 'RUNNING', 'final': False}>
[2025-06-11T07:35:41.856+0000] {base.py:84} INFO - Retrieving connection 'hpc_ssh'
[2025-06-11T07:35:41.856+0000] {ssh.py:286} WARNING - No Host Key Verification. This won't protect against Man-In-The-Middle attacks
[2025-06-11T07:35:43.968+0000] {slurm_trigger.py:37} INFO - [SLURM Trigger] sacct output:
State 
---------- 
   RUNNING 
   RUNNING 
   RUNNING 
   RUNNING
[2025-06-11T07:35:43.968+0000] {triggerer_job_runner.py:631} INFO - Trigger slurm_async_job/manual__2025-06-11T07:33:16.218898+00:00/submit_slurm/-1/1 (ID 170) fired: TriggerEvent<{'job_id': '17438', 'status': 'RUNNING', 'final': False}>
[2025-06-11T07:35:47.984+0000] {base.py:84} INFO - Retrieving connection 'hpc_ssh'
[2025-06-11T07:35:47.985+0000] {ssh.py:286} WARNING - No Host Key Verification. This won't protect against Man-In-The-Middle attacks
[2025-06-11T07:35:50.083+0000] {slurm_trigger.py:37} INFO - [SLURM Trigger] sacct output:
State 
---------- 
   RUNNING 
   RUNNING 
   RUNNING 
   RUNNING
[2025-06-11T07:35:50.083+0000] {triggerer_job_runner.py:631} INFO - Trigger slurm_async_job/manual__2025-06-11T07:33:16.218898+00:00/submit_slurm/-1/1 (ID 171) fired: TriggerEvent<{'job_id': '17438', 'status': 'RUNNING', 'final': False}>
[2025-06-11T07:35:54.099+0000] {base.py:84} INFO - Retrieving connection 'hpc_ssh'
[2025-06-11T07:35:54.101+0000] {ssh.py:286} WARNING - No Host Key Verification. This won't protect against Man-In-The-Middle attacks
[2025-06-11T07:35:56.192+0000] {slurm_trigger.py:37} INFO - [SLURM Trigger] sacct output:
State 
---------- 
   RUNNING 
   RUNNING 
   RUNNING 
   RUNNING
[2025-06-11T07:35:56.192+0000] {triggerer_job_runner.py:631} INFO - Trigger slurm_async_job/manual__2025-06-11T07:33:16.218898+00:00/submit_slurm/-1/1 (ID 172) fired: TriggerEvent<{'job_id': '17438', 'status': 'RUNNING', 'final': False}>
[2025-06-11T07:36:00.207+0000] {base.py:84} INFO - Retrieving connection 'hpc_ssh'
[2025-06-11T07:36:00.208+0000] {ssh.py:286} WARNING - No Host Key Verification. This won't protect against Man-In-The-Middle attacks
[2025-06-11T07:36:02.307+0000] {slurm_trigger.py:37} INFO - [SLURM Trigger] sacct output:
State 
---------- 
   RUNNING 
   RUNNING 
   RUNNING 
   RUNNING
[2025-06-11T07:36:02.307+0000] {triggerer_job_runner.py:631} INFO - Trigger slurm_async_job/manual__2025-06-11T07:33:16.218898+00:00/submit_slurm/-1/1 (ID 173) fired: TriggerEvent<{'job_id': '17438', 'status': 'RUNNING', 'final': False}>
[2025-06-11T07:36:06.321+0000] {base.py:84} INFO - Retrieving connection 'hpc_ssh'
[2025-06-11T07:36:06.325+0000] {ssh.py:286} WARNING - No Host Key Verification. This won't protect against Man-In-The-Middle attacks
[2025-06-11T07:36:08.511+0000] {slurm_trigger.py:37} INFO - [SLURM Trigger] sacct output:
State 
---------- 
   RUNNING 
   RUNNING 
   RUNNING 
   RUNNING
[2025-06-11T07:36:08.511+0000] {triggerer_job_runner.py:631} INFO - Trigger slurm_async_job/manual__2025-06-11T07:33:16.218898+00:00/submit_slurm/-1/1 (ID 174) fired: TriggerEvent<{'job_id': '17438', 'status': 'RUNNING', 'final': False}>
[2025-06-11T07:36:12.520+0000] {base.py:84} INFO - Retrieving connection 'hpc_ssh'
[2025-06-11T07:36:12.521+0000] {ssh.py:286} WARNING - No Host Key Verification. This won't protect against Man-In-The-Middle attacks
[2025-06-11T07:36:14.662+0000] {slurm_trigger.py:37} INFO - [SLURM Trigger] sacct output:
State 
---------- 
   RUNNING 
   RUNNING 
   RUNNING 
   RUNNING
[2025-06-11T07:36:14.662+0000] {triggerer_job_runner.py:631} INFO - Trigger slurm_async_job/manual__2025-06-11T07:33:16.218898+00:00/submit_slurm/-1/1 (ID 175) fired: TriggerEvent<{'job_id': '17438', 'status': 'RUNNING', 'final': False}>
[2025-06-11T07:36:18.676+0000] {base.py:84} INFO - Retrieving connection 'hpc_ssh'
[2025-06-11T07:36:18.676+0000] {ssh.py:286} WARNING - No Host Key Verification. This won't protect against Man-In-The-Middle attacks
[2025-06-11T07:36:20.773+0000] {slurm_trigger.py:37} INFO - [SLURM Trigger] sacct output:
State 
---------- 
 COMPLETED 
 COMPLETED 
 COMPLETED 
 COMPLETED
[2025-06-11T07:36:20.773+0000] {triggerer_job_runner.py:631} INFO - Trigger slurm_async_job/manual__2025-06-11T07:33:16.218898+00:00/submit_slurm/-1/1 (ID 176) fired: TriggerEvent<{'job_id': '17438', 'status': 'COMPLETED', 'final': True}>
