[2025-06-10T07:48:59.941+0000] {base.py:84} INFO - Retrieving connection 'hpc_ssh'
[2025-06-10T07:48:59.942+0000] {ssh.py:286} WARNING - No Host Key Verification. This won't protect against Man-In-The-Middle attacks
[2025-06-10T07:49:02.081+0000] {slurm_trigger.py:35} INFO - [SLURM 17160] sacct output: PENDING 
   RUNNING 
   RUNNING 
   RUNNING
[2025-06-10T07:49:02.082+0000] {triggerer_job_runner.py:631} INFO - Trigger slurm_async_job/manual__2025-06-10T07:48:54.189286+00:00/submit_slurm/-1/1 (ID 73) fired: TriggerEvent<{'job_id': '17160', 'status': 'RUNNING', 'final': False}>
[2025-06-10T07:49:06.092+0000] {base.py:84} INFO - Retrieving connection 'hpc_ssh'
[2025-06-10T07:49:06.093+0000] {ssh.py:286} WARNING - No Host Key Verification. This won't protect against Man-In-The-Middle attacks
[2025-06-10T07:49:08.482+0000] {slurm_trigger.py:35} INFO - [SLURM 17160] sacct output: RUNNING 
   RUNNING 
   RUNNING 
   RUNNING
[2025-06-10T07:49:08.482+0000] {triggerer_job_runner.py:631} INFO - Trigger slurm_async_job/manual__2025-06-10T07:48:54.189286+00:00/submit_slurm/-1/1 (ID 74) fired: TriggerEvent<{'job_id': '17160', 'status': 'RUNNING', 'final': False}>
[2025-06-10T07:49:12.491+0000] {base.py:84} INFO - Retrieving connection 'hpc_ssh'
[2025-06-10T07:49:12.491+0000] {ssh.py:286} WARNING - No Host Key Verification. This won't protect against Man-In-The-Middle attacks
[2025-06-10T07:49:14.650+0000] {slurm_trigger.py:35} INFO - [SLURM 17160] sacct output: RUNNING 
   RUNNING 
   RUNNING 
   RUNNING
[2025-06-10T07:49:14.650+0000] {triggerer_job_runner.py:631} INFO - Trigger slurm_async_job/manual__2025-06-10T07:48:54.189286+00:00/submit_slurm/-1/1 (ID 75) fired: TriggerEvent<{'job_id': '17160', 'status': 'RUNNING', 'final': False}>
[2025-06-10T07:49:18.660+0000] {base.py:84} INFO - Retrieving connection 'hpc_ssh'
[2025-06-10T07:49:18.660+0000] {ssh.py:286} WARNING - No Host Key Verification. This won't protect against Man-In-The-Middle attacks
[2025-06-10T07:49:20.831+0000] {slurm_trigger.py:35} INFO - [SLURM 17160] sacct output: RUNNING 
   RUNNING 
   RUNNING 
   RUNNING
[2025-06-10T07:49:20.831+0000] {triggerer_job_runner.py:631} INFO - Trigger slurm_async_job/manual__2025-06-10T07:48:54.189286+00:00/submit_slurm/-1/1 (ID 76) fired: TriggerEvent<{'job_id': '17160', 'status': 'RUNNING', 'final': False}>
[2025-06-10T07:49:24.839+0000] {base.py:84} INFO - Retrieving connection 'hpc_ssh'
[2025-06-10T07:49:24.840+0000] {ssh.py:286} WARNING - No Host Key Verification. This won't protect against Man-In-The-Middle attacks
[2025-06-10T07:49:27.067+0000] {slurm_trigger.py:35} INFO - [SLURM 17160] sacct output: RUNNING 
   RUNNING 
   RUNNING 
   RUNNING
[2025-06-10T07:49:27.067+0000] {triggerer_job_runner.py:631} INFO - Trigger slurm_async_job/manual__2025-06-10T07:48:54.189286+00:00/submit_slurm/-1/1 (ID 77) fired: TriggerEvent<{'job_id': '17160', 'status': 'RUNNING', 'final': False}>
[2025-06-10T07:49:33.080+0000] {base.py:84} INFO - Retrieving connection 'hpc_ssh'
[2025-06-10T07:49:33.080+0000] {ssh.py:286} WARNING - No Host Key Verification. This won't protect against Man-In-The-Middle attacks
[2025-06-10T07:49:35.218+0000] {slurm_trigger.py:35} INFO - [SLURM 17160] sacct output: RUNNING 
   RUNNING 
   RUNNING 
   RUNNING
[2025-06-10T07:49:35.218+0000] {triggerer_job_runner.py:631} INFO - Trigger slurm_async_job/manual__2025-06-10T07:48:54.189286+00:00/submit_slurm/-1/1 (ID 78) fired: TriggerEvent<{'job_id': '17160', 'status': 'RUNNING', 'final': False}>
[2025-06-10T07:49:41.229+0000] {base.py:84} INFO - Retrieving connection 'hpc_ssh'
[2025-06-10T07:49:41.229+0000] {ssh.py:286} WARNING - No Host Key Verification. This won't protect against Man-In-The-Middle attacks
[2025-06-10T07:49:43.353+0000] {slurm_trigger.py:35} INFO - [SLURM 17160] sacct output: RUNNING 
   RUNNING 
   RUNNING 
   RUNNING
[2025-06-10T07:49:43.353+0000] {triggerer_job_runner.py:631} INFO - Trigger slurm_async_job/manual__2025-06-10T07:48:54.189286+00:00/submit_slurm/-1/1 (ID 79) fired: TriggerEvent<{'job_id': '17160', 'status': 'RUNNING', 'final': False}>
[2025-06-10T07:49:47.364+0000] {base.py:84} INFO - Retrieving connection 'hpc_ssh'
[2025-06-10T07:49:47.365+0000] {ssh.py:286} WARNING - No Host Key Verification. This won't protect against Man-In-The-Middle attacks
[2025-06-10T07:49:49.539+0000] {slurm_trigger.py:35} INFO - [SLURM 17160] sacct output: RUNNING 
   RUNNING 
   RUNNING 
   RUNNING
[2025-06-10T07:49:49.539+0000] {triggerer_job_runner.py:631} INFO - Trigger slurm_async_job/manual__2025-06-10T07:48:54.189286+00:00/submit_slurm/-1/1 (ID 80) fired: TriggerEvent<{'job_id': '17160', 'status': 'RUNNING', 'final': False}>
[2025-06-10T07:49:53.557+0000] {base.py:84} INFO - Retrieving connection 'hpc_ssh'
[2025-06-10T07:49:53.561+0000] {ssh.py:286} WARNING - No Host Key Verification. This won't protect against Man-In-The-Middle attacks
[2025-06-10T07:49:55.702+0000] {slurm_trigger.py:35} INFO - [SLURM 17160] sacct output: RUNNING 
   RUNNING 
   RUNNING 
   RUNNING
[2025-06-10T07:49:55.702+0000] {triggerer_job_runner.py:631} INFO - Trigger slurm_async_job/manual__2025-06-10T07:48:54.189286+00:00/submit_slurm/-1/1 (ID 81) fired: TriggerEvent<{'job_id': '17160', 'status': 'RUNNING', 'final': False}>
[2025-06-10T07:49:59.712+0000] {base.py:84} INFO - Retrieving connection 'hpc_ssh'
[2025-06-10T07:49:59.712+0000] {ssh.py:286} WARNING - No Host Key Verification. This won't protect against Man-In-The-Middle attacks
[2025-06-10T07:50:01.917+0000] {slurm_trigger.py:35} INFO - [SLURM 17160] sacct output: RUNNING 
   RUNNING 
   RUNNING 
   RUNNING
[2025-06-10T07:50:01.918+0000] {triggerer_job_runner.py:631} INFO - Trigger slurm_async_job/manual__2025-06-10T07:48:54.189286+00:00/submit_slurm/-1/1 (ID 82) fired: TriggerEvent<{'job_id': '17160', 'status': 'RUNNING', 'final': False}>
[2025-06-10T07:50:05.924+0000] {base.py:84} INFO - Retrieving connection 'hpc_ssh'
[2025-06-10T07:50:05.925+0000] {ssh.py:286} WARNING - No Host Key Verification. This won't protect against Man-In-The-Middle attacks
[2025-06-10T07:50:08.081+0000] {slurm_trigger.py:35} INFO - [SLURM 17160] sacct output: RUNNING 
   RUNNING 
   RUNNING 
   RUNNING
[2025-06-10T07:50:08.081+0000] {triggerer_job_runner.py:631} INFO - Trigger slurm_async_job/manual__2025-06-10T07:48:54.189286+00:00/submit_slurm/-1/1 (ID 83) fired: TriggerEvent<{'job_id': '17160', 'status': 'RUNNING', 'final': False}>
[2025-06-10T07:50:13.093+0000] {base.py:84} INFO - Retrieving connection 'hpc_ssh'
[2025-06-10T07:50:13.094+0000] {ssh.py:286} WARNING - No Host Key Verification. This won't protect against Man-In-The-Middle attacks
[2025-06-10T07:50:15.301+0000] {slurm_trigger.py:35} INFO - [SLURM 17160] sacct output: RUNNING 
   RUNNING 
   RUNNING 
   RUNNING
[2025-06-10T07:50:15.301+0000] {triggerer_job_runner.py:631} INFO - Trigger slurm_async_job/manual__2025-06-10T07:48:54.189286+00:00/submit_slurm/-1/1 (ID 84) fired: TriggerEvent<{'job_id': '17160', 'status': 'RUNNING', 'final': False}>
[2025-06-10T07:50:19.313+0000] {base.py:84} INFO - Retrieving connection 'hpc_ssh'
[2025-06-10T07:50:19.314+0000] {ssh.py:286} WARNING - No Host Key Verification. This won't protect against Man-In-The-Middle attacks
[2025-06-10T07:50:21.437+0000] {slurm_trigger.py:35} INFO - [SLURM 17160] sacct output: RUNNING 
   RUNNING 
   RUNNING 
   RUNNING
[2025-06-10T07:50:21.437+0000] {triggerer_job_runner.py:631} INFO - Trigger slurm_async_job/manual__2025-06-10T07:48:54.189286+00:00/submit_slurm/-1/1 (ID 85) fired: TriggerEvent<{'job_id': '17160', 'status': 'RUNNING', 'final': False}>
[2025-06-10T07:50:25.447+0000] {base.py:84} INFO - Retrieving connection 'hpc_ssh'
[2025-06-10T07:50:25.447+0000] {ssh.py:286} WARNING - No Host Key Verification. This won't protect against Man-In-The-Middle attacks
[2025-06-10T07:50:29.464+0000] {slurm_trigger.py:35} INFO - [SLURM 17160] sacct output: RUNNING 
   RUNNING 
   RUNNING 
   RUNNING
[2025-06-10T07:50:29.464+0000] {triggerer_job_runner.py:631} INFO - Trigger slurm_async_job/manual__2025-06-10T07:48:54.189286+00:00/submit_slurm/-1/1 (ID 86) fired: TriggerEvent<{'job_id': '17160', 'status': 'RUNNING', 'final': False}>
[2025-06-10T07:50:33.481+0000] {base.py:84} INFO - Retrieving connection 'hpc_ssh'
[2025-06-10T07:50:33.495+0000] {ssh.py:286} WARNING - No Host Key Verification. This won't protect against Man-In-The-Middle attacks
[2025-06-10T07:50:35.833+0000] {slurm_trigger.py:35} INFO - [SLURM 17160] sacct output: RUNNING 
   RUNNING 
   RUNNING 
   RUNNING
[2025-06-10T07:50:35.833+0000] {triggerer_job_runner.py:631} INFO - Trigger slurm_async_job/manual__2025-06-10T07:48:54.189286+00:00/submit_slurm/-1/1 (ID 87) fired: TriggerEvent<{'job_id': '17160', 'status': 'RUNNING', 'final': False}>
[2025-06-10T07:50:40.845+0000] {base.py:84} INFO - Retrieving connection 'hpc_ssh'
[2025-06-10T07:50:40.845+0000] {ssh.py:286} WARNING - No Host Key Verification. This won't protect against Man-In-The-Middle attacks
[2025-06-10T07:50:42.984+0000] {slurm_trigger.py:35} INFO - [SLURM 17160] sacct output: RUNNING 
   RUNNING 
   RUNNING 
   RUNNING
[2025-06-10T07:50:42.984+0000] {triggerer_job_runner.py:631} INFO - Trigger slurm_async_job/manual__2025-06-10T07:48:54.189286+00:00/submit_slurm/-1/1 (ID 88) fired: TriggerEvent<{'job_id': '17160', 'status': 'RUNNING', 'final': False}>
[2025-06-10T07:50:47.997+0000] {base.py:84} INFO - Retrieving connection 'hpc_ssh'
[2025-06-10T07:50:47.997+0000] {ssh.py:286} WARNING - No Host Key Verification. This won't protect against Man-In-The-Middle attacks
[2025-06-10T07:50:50.134+0000] {slurm_trigger.py:35} INFO - [SLURM 17160] sacct output: RUNNING 
   RUNNING 
   RUNNING 
   RUNNING
[2025-06-10T07:50:50.134+0000] {triggerer_job_runner.py:631} INFO - Trigger slurm_async_job/manual__2025-06-10T07:48:54.189286+00:00/submit_slurm/-1/1 (ID 89) fired: TriggerEvent<{'job_id': '17160', 'status': 'RUNNING', 'final': False}>
[2025-06-10T07:50:54.143+0000] {base.py:84} INFO - Retrieving connection 'hpc_ssh'
[2025-06-10T07:50:54.143+0000] {ssh.py:286} WARNING - No Host Key Verification. This won't protect against Man-In-The-Middle attacks
[2025-06-10T07:50:56.499+0000] {slurm_trigger.py:35} INFO - [SLURM 17160] sacct output: RUNNING 
   RUNNING 
   RUNNING 
   RUNNING
[2025-06-10T07:50:56.499+0000] {triggerer_job_runner.py:631} INFO - Trigger slurm_async_job/manual__2025-06-10T07:48:54.189286+00:00/submit_slurm/-1/1 (ID 90) fired: TriggerEvent<{'job_id': '17160', 'status': 'RUNNING', 'final': False}>
[2025-06-10T07:51:00.508+0000] {base.py:84} INFO - Retrieving connection 'hpc_ssh'
[2025-06-10T07:51:00.508+0000] {ssh.py:286} WARNING - No Host Key Verification. This won't protect against Man-In-The-Middle attacks
[2025-06-10T07:51:02.652+0000] {slurm_trigger.py:35} INFO - [SLURM 17160] sacct output: COMPLETED 
 COMPLETED 
 COMPLETED 
 COMPLETED
[2025-06-10T07:51:02.652+0000] {triggerer_job_runner.py:631} INFO - Trigger slurm_async_job/manual__2025-06-10T07:48:54.189286+00:00/submit_slurm/-1/1 (ID 91) fired: TriggerEvent<{'job_id': '17160', 'status': 'COMPLETED', 'final': True}>
