[2025-05-26T00:10:24.304+0000] {processor.py:186} INFO - Started process (PID=85244) to work on /home/airflow/.local/lib/python3.12/site-packages/airflow/example_dags/example_dataset_alias_with_no_taskflow.py
[2025-05-26T00:10:24.305+0000] {processor.py:914} INFO - Processing file /home/airflow/.local/lib/python3.12/site-packages/airflow/example_dags/example_dataset_alias_with_no_taskflow.py for tasks to queue
[2025-05-26T00:10:24.306+0000] {logging_mixin.py:190} INFO - [2025-05-26T00:10:24.306+0000] {dagbag.py:588} INFO - Filling up the DagBag from /home/airflow/.local/lib/python3.12/site-packages/airflow/example_dags/example_dataset_alias_with_no_taskflow.py
[2025-05-26T00:10:24.575+0000] {processor.py:925} INFO - DAG(s) 'dataset_alias_example_alias_producer_with_no_taskflow', 'dataset_alias_example_alias_consumer_with_no_taskflow', 'dataset_s3_bucket_consumer_with_no_taskflow', 'dataset_s3_bucket_producer_with_no_taskflow' retrieved from /home/airflow/.local/lib/python3.12/site-packages/airflow/example_dags/example_dataset_alias_with_no_taskflow.py
[2025-05-26T00:10:24.586+0000] {logging_mixin.py:190} INFO - [2025-05-26T00:10:24.586+0000] {dag.py:3239} INFO - Sync 4 DAGs
[2025-05-26T00:10:24.595+0000] {logging_mixin.py:190} INFO - [2025-05-26T00:10:24.595+0000] {dag.py:4180} INFO - Setting next_dagrun for dataset_alias_example_alias_consumer_with_no_taskflow to None, run_after=None
[2025-05-26T00:10:24.596+0000] {logging_mixin.py:190} INFO - [2025-05-26T00:10:24.596+0000] {dag.py:4180} INFO - Setting next_dagrun for dataset_alias_example_alias_producer_with_no_taskflow to None, run_after=None
[2025-05-26T00:10:24.597+0000] {logging_mixin.py:190} INFO - [2025-05-26T00:10:24.597+0000] {dag.py:4180} INFO - Setting next_dagrun for dataset_s3_bucket_consumer_with_no_taskflow to None, run_after=None
[2025-05-26T00:10:24.597+0000] {logging_mixin.py:190} INFO - [2025-05-26T00:10:24.597+0000] {dag.py:4180} INFO - Setting next_dagrun for dataset_s3_bucket_producer_with_no_taskflow to None, run_after=None
[2025-05-26T00:10:24.609+0000] {processor.py:208} INFO - Processing /home/airflow/.local/lib/python3.12/site-packages/airflow/example_dags/example_dataset_alias_with_no_taskflow.py took 0.308 seconds
[2025-05-26T01:49:24.043+0000] {processor.py:186} INFO - Started process (PID=85312) to work on /home/airflow/.local/lib/python3.12/site-packages/airflow/example_dags/example_dataset_alias_with_no_taskflow.py
[2025-05-26T01:49:24.044+0000] {processor.py:914} INFO - Processing file /home/airflow/.local/lib/python3.12/site-packages/airflow/example_dags/example_dataset_alias_with_no_taskflow.py for tasks to queue
[2025-05-26T01:49:24.045+0000] {logging_mixin.py:190} INFO - [2025-05-26T01:49:24.045+0000] {dagbag.py:588} INFO - Filling up the DagBag from /home/airflow/.local/lib/python3.12/site-packages/airflow/example_dags/example_dataset_alias_with_no_taskflow.py
[2025-05-26T01:49:24.327+0000] {processor.py:925} INFO - DAG(s) 'dataset_alias_example_alias_consumer_with_no_taskflow', 'dataset_alias_example_alias_producer_with_no_taskflow', 'dataset_s3_bucket_consumer_with_no_taskflow', 'dataset_s3_bucket_producer_with_no_taskflow' retrieved from /home/airflow/.local/lib/python3.12/site-packages/airflow/example_dags/example_dataset_alias_with_no_taskflow.py
[2025-05-26T01:49:24.336+0000] {logging_mixin.py:190} INFO - [2025-05-26T01:49:24.336+0000] {dag.py:3239} INFO - Sync 4 DAGs
[2025-05-26T01:49:24.344+0000] {logging_mixin.py:190} INFO - [2025-05-26T01:49:24.344+0000] {dag.py:4180} INFO - Setting next_dagrun for dataset_alias_example_alias_consumer_with_no_taskflow to None, run_after=None
[2025-05-26T01:49:24.345+0000] {logging_mixin.py:190} INFO - [2025-05-26T01:49:24.345+0000] {dag.py:4180} INFO - Setting next_dagrun for dataset_alias_example_alias_producer_with_no_taskflow to None, run_after=None
[2025-05-26T01:49:24.347+0000] {logging_mixin.py:190} INFO - [2025-05-26T01:49:24.347+0000] {dag.py:4180} INFO - Setting next_dagrun for dataset_s3_bucket_consumer_with_no_taskflow to None, run_after=None
[2025-05-26T01:49:24.351+0000] {logging_mixin.py:190} INFO - [2025-05-26T01:49:24.351+0000] {dag.py:4180} INFO - Setting next_dagrun for dataset_s3_bucket_producer_with_no_taskflow to None, run_after=None
[2025-05-26T01:49:24.361+0000] {processor.py:208} INFO - Processing /home/airflow/.local/lib/python3.12/site-packages/airflow/example_dags/example_dataset_alias_with_no_taskflow.py took 0.321 seconds
[2025-05-26T03:12:46.185+0000] {processor.py:186} INFO - Started process (PID=85380) to work on /home/airflow/.local/lib/python3.12/site-packages/airflow/example_dags/example_dataset_alias_with_no_taskflow.py
[2025-05-26T03:12:46.186+0000] {processor.py:914} INFO - Processing file /home/airflow/.local/lib/python3.12/site-packages/airflow/example_dags/example_dataset_alias_with_no_taskflow.py for tasks to queue
[2025-05-26T03:12:46.187+0000] {logging_mixin.py:190} INFO - [2025-05-26T03:12:46.187+0000] {dagbag.py:588} INFO - Filling up the DagBag from /home/airflow/.local/lib/python3.12/site-packages/airflow/example_dags/example_dataset_alias_with_no_taskflow.py
[2025-05-26T03:12:46.482+0000] {processor.py:925} INFO - DAG(s) 'dataset_s3_bucket_producer_with_no_taskflow', 'dataset_alias_example_alias_producer_with_no_taskflow', 'dataset_alias_example_alias_consumer_with_no_taskflow', 'dataset_s3_bucket_consumer_with_no_taskflow' retrieved from /home/airflow/.local/lib/python3.12/site-packages/airflow/example_dags/example_dataset_alias_with_no_taskflow.py
[2025-05-26T03:12:46.511+0000] {logging_mixin.py:190} INFO - [2025-05-26T03:12:46.511+0000] {dag.py:3239} INFO - Sync 4 DAGs
[2025-05-26T03:12:46.532+0000] {logging_mixin.py:190} INFO - [2025-05-26T03:12:46.532+0000] {dag.py:4180} INFO - Setting next_dagrun for dataset_alias_example_alias_consumer_with_no_taskflow to None, run_after=None
[2025-05-26T03:12:46.536+0000] {logging_mixin.py:190} INFO - [2025-05-26T03:12:46.536+0000] {dag.py:4180} INFO - Setting next_dagrun for dataset_alias_example_alias_producer_with_no_taskflow to None, run_after=None
[2025-05-26T03:12:46.540+0000] {logging_mixin.py:190} INFO - [2025-05-26T03:12:46.540+0000] {dag.py:4180} INFO - Setting next_dagrun for dataset_s3_bucket_consumer_with_no_taskflow to None, run_after=None
[2025-05-26T03:12:46.543+0000] {logging_mixin.py:190} INFO - [2025-05-26T03:12:46.542+0000] {dag.py:4180} INFO - Setting next_dagrun for dataset_s3_bucket_producer_with_no_taskflow to None, run_after=None
[2025-05-26T03:12:46.575+0000] {processor.py:208} INFO - Processing /home/airflow/.local/lib/python3.12/site-packages/airflow/example_dags/example_dataset_alias_with_no_taskflow.py took 0.394 seconds
[2025-05-26T04:51:21.977+0000] {processor.py:186} INFO - Started process (PID=85448) to work on /home/airflow/.local/lib/python3.12/site-packages/airflow/example_dags/example_dataset_alias_with_no_taskflow.py
[2025-05-26T04:51:21.978+0000] {processor.py:914} INFO - Processing file /home/airflow/.local/lib/python3.12/site-packages/airflow/example_dags/example_dataset_alias_with_no_taskflow.py for tasks to queue
[2025-05-26T04:51:21.979+0000] {logging_mixin.py:190} INFO - [2025-05-26T04:51:21.979+0000] {dagbag.py:588} INFO - Filling up the DagBag from /home/airflow/.local/lib/python3.12/site-packages/airflow/example_dags/example_dataset_alias_with_no_taskflow.py
[2025-05-26T04:51:22.260+0000] {processor.py:925} INFO - DAG(s) 'dataset_s3_bucket_producer_with_no_taskflow', 'dataset_s3_bucket_consumer_with_no_taskflow', 'dataset_alias_example_alias_consumer_with_no_taskflow', 'dataset_alias_example_alias_producer_with_no_taskflow' retrieved from /home/airflow/.local/lib/python3.12/site-packages/airflow/example_dags/example_dataset_alias_with_no_taskflow.py
[2025-05-26T04:51:22.278+0000] {logging_mixin.py:190} INFO - [2025-05-26T04:51:22.278+0000] {dag.py:3239} INFO - Sync 4 DAGs
[2025-05-26T04:51:22.286+0000] {logging_mixin.py:190} INFO - [2025-05-26T04:51:22.286+0000] {dag.py:4180} INFO - Setting next_dagrun for dataset_alias_example_alias_consumer_with_no_taskflow to None, run_after=None
[2025-05-26T04:51:22.287+0000] {logging_mixin.py:190} INFO - [2025-05-26T04:51:22.287+0000] {dag.py:4180} INFO - Setting next_dagrun for dataset_alias_example_alias_producer_with_no_taskflow to None, run_after=None
[2025-05-26T04:51:22.288+0000] {logging_mixin.py:190} INFO - [2025-05-26T04:51:22.288+0000] {dag.py:4180} INFO - Setting next_dagrun for dataset_s3_bucket_consumer_with_no_taskflow to None, run_after=None
[2025-05-26T04:51:22.289+0000] {logging_mixin.py:190} INFO - [2025-05-26T04:51:22.289+0000] {dag.py:4180} INFO - Setting next_dagrun for dataset_s3_bucket_producer_with_no_taskflow to None, run_after=None
[2025-05-26T04:51:22.296+0000] {processor.py:208} INFO - Processing /home/airflow/.local/lib/python3.12/site-packages/airflow/example_dags/example_dataset_alias_with_no_taskflow.py took 0.323 seconds
[2025-05-26T05:37:00.555+0000] {processor.py:186} INFO - Started process (PID=85516) to work on /home/airflow/.local/lib/python3.12/site-packages/airflow/example_dags/example_dataset_alias_with_no_taskflow.py
[2025-05-26T05:37:00.559+0000] {processor.py:914} INFO - Processing file /home/airflow/.local/lib/python3.12/site-packages/airflow/example_dags/example_dataset_alias_with_no_taskflow.py for tasks to queue
[2025-05-26T05:37:00.560+0000] {logging_mixin.py:190} INFO - [2025-05-26T05:37:00.560+0000] {dagbag.py:588} INFO - Filling up the DagBag from /home/airflow/.local/lib/python3.12/site-packages/airflow/example_dags/example_dataset_alias_with_no_taskflow.py
[2025-05-26T05:37:00.897+0000] {processor.py:925} INFO - DAG(s) 'dataset_s3_bucket_consumer_with_no_taskflow', 'dataset_alias_example_alias_producer_with_no_taskflow', 'dataset_s3_bucket_producer_with_no_taskflow', 'dataset_alias_example_alias_consumer_with_no_taskflow' retrieved from /home/airflow/.local/lib/python3.12/site-packages/airflow/example_dags/example_dataset_alias_with_no_taskflow.py
[2025-05-26T05:37:00.912+0000] {logging_mixin.py:190} INFO - [2025-05-26T05:37:00.912+0000] {dag.py:3239} INFO - Sync 4 DAGs
[2025-05-26T05:37:00.928+0000] {logging_mixin.py:190} INFO - [2025-05-26T05:37:00.928+0000] {dag.py:4180} INFO - Setting next_dagrun for dataset_alias_example_alias_consumer_with_no_taskflow to None, run_after=None
[2025-05-26T05:37:00.930+0000] {logging_mixin.py:190} INFO - [2025-05-26T05:37:00.930+0000] {dag.py:4180} INFO - Setting next_dagrun for dataset_alias_example_alias_producer_with_no_taskflow to None, run_after=None
[2025-05-26T05:37:00.930+0000] {logging_mixin.py:190} INFO - [2025-05-26T05:37:00.930+0000] {dag.py:4180} INFO - Setting next_dagrun for dataset_s3_bucket_consumer_with_no_taskflow to None, run_after=None
[2025-05-26T05:37:00.932+0000] {logging_mixin.py:190} INFO - [2025-05-26T05:37:00.932+0000] {dag.py:4180} INFO - Setting next_dagrun for dataset_s3_bucket_producer_with_no_taskflow to None, run_after=None
[2025-05-26T05:37:00.947+0000] {processor.py:208} INFO - Processing /home/airflow/.local/lib/python3.12/site-packages/airflow/example_dags/example_dataset_alias_with_no_taskflow.py took 0.397 seconds
[2025-05-26T06:04:18.696+0000] {processor.py:186} INFO - Started process (PID=85584) to work on /home/airflow/.local/lib/python3.12/site-packages/airflow/example_dags/example_dataset_alias_with_no_taskflow.py
[2025-05-26T06:04:18.697+0000] {processor.py:914} INFO - Processing file /home/airflow/.local/lib/python3.12/site-packages/airflow/example_dags/example_dataset_alias_with_no_taskflow.py for tasks to queue
[2025-05-26T06:04:18.698+0000] {logging_mixin.py:190} INFO - [2025-05-26T06:04:18.698+0000] {dagbag.py:588} INFO - Filling up the DagBag from /home/airflow/.local/lib/python3.12/site-packages/airflow/example_dags/example_dataset_alias_with_no_taskflow.py
[2025-05-26T06:04:18.980+0000] {processor.py:925} INFO - DAG(s) 'dataset_s3_bucket_producer_with_no_taskflow', 'dataset_alias_example_alias_producer_with_no_taskflow', 'dataset_alias_example_alias_consumer_with_no_taskflow', 'dataset_s3_bucket_consumer_with_no_taskflow' retrieved from /home/airflow/.local/lib/python3.12/site-packages/airflow/example_dags/example_dataset_alias_with_no_taskflow.py
[2025-05-26T06:04:18.997+0000] {logging_mixin.py:190} INFO - [2025-05-26T06:04:18.996+0000] {dag.py:3239} INFO - Sync 4 DAGs
[2025-05-26T06:04:19.009+0000] {logging_mixin.py:190} INFO - [2025-05-26T06:04:19.009+0000] {dag.py:4180} INFO - Setting next_dagrun for dataset_alias_example_alias_consumer_with_no_taskflow to None, run_after=None
[2025-05-26T06:04:19.010+0000] {logging_mixin.py:190} INFO - [2025-05-26T06:04:19.010+0000] {dag.py:4180} INFO - Setting next_dagrun for dataset_alias_example_alias_producer_with_no_taskflow to None, run_after=None
[2025-05-26T06:04:19.014+0000] {logging_mixin.py:190} INFO - [2025-05-26T06:04:19.014+0000] {dag.py:4180} INFO - Setting next_dagrun for dataset_s3_bucket_consumer_with_no_taskflow to None, run_after=None
[2025-05-26T06:04:19.015+0000] {logging_mixin.py:190} INFO - [2025-05-26T06:04:19.015+0000] {dag.py:4180} INFO - Setting next_dagrun for dataset_s3_bucket_producer_with_no_taskflow to None, run_after=None
[2025-05-26T06:04:19.035+0000] {processor.py:208} INFO - Processing /home/airflow/.local/lib/python3.12/site-packages/airflow/example_dags/example_dataset_alias_with_no_taskflow.py took 0.341 seconds
[2025-05-26T06:23:01.793+0000] {processor.py:186} INFO - Started process (PID=85652) to work on /home/airflow/.local/lib/python3.12/site-packages/airflow/example_dags/example_dataset_alias_with_no_taskflow.py
[2025-05-26T06:23:01.793+0000] {processor.py:914} INFO - Processing file /home/airflow/.local/lib/python3.12/site-packages/airflow/example_dags/example_dataset_alias_with_no_taskflow.py for tasks to queue
[2025-05-26T06:23:01.795+0000] {logging_mixin.py:190} INFO - [2025-05-26T06:23:01.795+0000] {dagbag.py:588} INFO - Filling up the DagBag from /home/airflow/.local/lib/python3.12/site-packages/airflow/example_dags/example_dataset_alias_with_no_taskflow.py
[2025-05-26T06:23:02.124+0000] {processor.py:925} INFO - DAG(s) 'dataset_s3_bucket_consumer_with_no_taskflow', 'dataset_s3_bucket_producer_with_no_taskflow', 'dataset_alias_example_alias_consumer_with_no_taskflow', 'dataset_alias_example_alias_producer_with_no_taskflow' retrieved from /home/airflow/.local/lib/python3.12/site-packages/airflow/example_dags/example_dataset_alias_with_no_taskflow.py
[2025-05-26T06:23:02.137+0000] {logging_mixin.py:190} INFO - [2025-05-26T06:23:02.137+0000] {dag.py:3239} INFO - Sync 4 DAGs
[2025-05-26T06:23:02.147+0000] {logging_mixin.py:190} INFO - [2025-05-26T06:23:02.146+0000] {dag.py:4180} INFO - Setting next_dagrun for dataset_alias_example_alias_consumer_with_no_taskflow to None, run_after=None
[2025-05-26T06:23:02.149+0000] {logging_mixin.py:190} INFO - [2025-05-26T06:23:02.148+0000] {dag.py:4180} INFO - Setting next_dagrun for dataset_alias_example_alias_producer_with_no_taskflow to None, run_after=None
[2025-05-26T06:23:02.149+0000] {logging_mixin.py:190} INFO - [2025-05-26T06:23:02.149+0000] {dag.py:4180} INFO - Setting next_dagrun for dataset_s3_bucket_consumer_with_no_taskflow to None, run_after=None
[2025-05-26T06:23:02.150+0000] {logging_mixin.py:190} INFO - [2025-05-26T06:23:02.150+0000] {dag.py:4180} INFO - Setting next_dagrun for dataset_s3_bucket_producer_with_no_taskflow to None, run_after=None
[2025-05-26T06:23:02.160+0000] {processor.py:208} INFO - Processing /home/airflow/.local/lib/python3.12/site-packages/airflow/example_dags/example_dataset_alias_with_no_taskflow.py took 0.370 seconds
