[2025-05-26T00:10:25.165+0000] {processor.py:186} INFO - Started process (PID=85258) to work on /home/airflow/.local/lib/python3.12/site-packages/airflow/example_dags/example_branch_operator_decorator.py
[2025-05-26T00:10:25.167+0000] {processor.py:914} INFO - Processing file /home/airflow/.local/lib/python3.12/site-packages/airflow/example_dags/example_branch_operator_decorator.py for tasks to queue
[2025-05-26T00:10:25.169+0000] {logging_mixin.py:190} INFO - [2025-05-26T00:10:25.169+0000] {dagbag.py:588} INFO - Filling up the DagBag from /home/airflow/.local/lib/python3.12/site-packages/airflow/example_dags/example_branch_operator_decorator.py
[2025-05-26T00:10:25.181+0000] {processor.py:925} INFO - DAG(s) 'example_branch_python_operator_decorator' retrieved from /home/airflow/.local/lib/python3.12/site-packages/airflow/example_dags/example_branch_operator_decorator.py
[2025-05-26T00:10:25.206+0000] {logging_mixin.py:190} INFO - [2025-05-26T00:10:25.206+0000] {dag.py:3239} INFO - Sync 1 DAGs
[2025-05-26T00:10:25.221+0000] {logging_mixin.py:190} INFO - [2025-05-26T00:10:25.220+0000] {dag.py:4180} INFO - Setting next_dagrun for example_branch_python_operator_decorator to 2025-05-25 00:00:00+00:00, run_after=2025-05-26 00:00:00+00:00
[2025-05-26T00:10:25.235+0000] {processor.py:208} INFO - Processing /home/airflow/.local/lib/python3.12/site-packages/airflow/example_dags/example_branch_operator_decorator.py took 0.074 seconds
[2025-05-26T01:49:24.966+0000] {processor.py:186} INFO - Started process (PID=85326) to work on /home/airflow/.local/lib/python3.12/site-packages/airflow/example_dags/example_branch_operator_decorator.py
[2025-05-26T01:49:24.967+0000] {processor.py:914} INFO - Processing file /home/airflow/.local/lib/python3.12/site-packages/airflow/example_dags/example_branch_operator_decorator.py for tasks to queue
[2025-05-26T01:49:24.968+0000] {logging_mixin.py:190} INFO - [2025-05-26T01:49:24.968+0000] {dagbag.py:588} INFO - Filling up the DagBag from /home/airflow/.local/lib/python3.12/site-packages/airflow/example_dags/example_branch_operator_decorator.py
[2025-05-26T01:49:24.982+0000] {processor.py:925} INFO - DAG(s) 'example_branch_python_operator_decorator' retrieved from /home/airflow/.local/lib/python3.12/site-packages/airflow/example_dags/example_branch_operator_decorator.py
[2025-05-26T01:49:24.997+0000] {logging_mixin.py:190} INFO - [2025-05-26T01:49:24.997+0000] {dag.py:3239} INFO - Sync 1 DAGs
[2025-05-26T01:49:25.013+0000] {logging_mixin.py:190} INFO - [2025-05-26T01:49:25.013+0000] {dag.py:4180} INFO - Setting next_dagrun for example_branch_python_operator_decorator to 2025-05-25 00:00:00+00:00, run_after=2025-05-26 00:00:00+00:00
[2025-05-26T01:49:25.025+0000] {processor.py:208} INFO - Processing /home/airflow/.local/lib/python3.12/site-packages/airflow/example_dags/example_branch_operator_decorator.py took 0.062 seconds
[2025-05-26T03:12:47.261+0000] {processor.py:186} INFO - Started process (PID=85394) to work on /home/airflow/.local/lib/python3.12/site-packages/airflow/example_dags/example_branch_operator_decorator.py
[2025-05-26T03:12:47.263+0000] {processor.py:914} INFO - Processing file /home/airflow/.local/lib/python3.12/site-packages/airflow/example_dags/example_branch_operator_decorator.py for tasks to queue
[2025-05-26T03:12:47.266+0000] {logging_mixin.py:190} INFO - [2025-05-26T03:12:47.266+0000] {dagbag.py:588} INFO - Filling up the DagBag from /home/airflow/.local/lib/python3.12/site-packages/airflow/example_dags/example_branch_operator_decorator.py
[2025-05-26T03:12:47.286+0000] {processor.py:925} INFO - DAG(s) 'example_branch_python_operator_decorator' retrieved from /home/airflow/.local/lib/python3.12/site-packages/airflow/example_dags/example_branch_operator_decorator.py
[2025-05-26T03:12:47.305+0000] {logging_mixin.py:190} INFO - [2025-05-26T03:12:47.305+0000] {dag.py:3239} INFO - Sync 1 DAGs
[2025-05-26T03:12:47.318+0000] {logging_mixin.py:190} INFO - [2025-05-26T03:12:47.317+0000] {dag.py:4180} INFO - Setting next_dagrun for example_branch_python_operator_decorator to 2025-05-25 00:00:00+00:00, run_after=2025-05-26 00:00:00+00:00
[2025-05-26T03:12:47.331+0000] {processor.py:208} INFO - Processing /home/airflow/.local/lib/python3.12/site-packages/airflow/example_dags/example_branch_operator_decorator.py took 0.074 seconds
[2025-05-26T04:51:22.877+0000] {processor.py:186} INFO - Started process (PID=85462) to work on /home/airflow/.local/lib/python3.12/site-packages/airflow/example_dags/example_branch_operator_decorator.py
[2025-05-26T04:51:22.878+0000] {processor.py:914} INFO - Processing file /home/airflow/.local/lib/python3.12/site-packages/airflow/example_dags/example_branch_operator_decorator.py for tasks to queue
[2025-05-26T04:51:22.879+0000] {logging_mixin.py:190} INFO - [2025-05-26T04:51:22.879+0000] {dagbag.py:588} INFO - Filling up the DagBag from /home/airflow/.local/lib/python3.12/site-packages/airflow/example_dags/example_branch_operator_decorator.py
[2025-05-26T04:51:22.889+0000] {processor.py:925} INFO - DAG(s) 'example_branch_python_operator_decorator' retrieved from /home/airflow/.local/lib/python3.12/site-packages/airflow/example_dags/example_branch_operator_decorator.py
[2025-05-26T04:51:22.901+0000] {logging_mixin.py:190} INFO - [2025-05-26T04:51:22.901+0000] {dag.py:3239} INFO - Sync 1 DAGs
[2025-05-26T04:51:22.916+0000] {logging_mixin.py:190} INFO - [2025-05-26T04:51:22.916+0000] {dag.py:4180} INFO - Setting next_dagrun for example_branch_python_operator_decorator to 2025-05-25 00:00:00+00:00, run_after=2025-05-26 00:00:00+00:00
[2025-05-26T04:51:22.923+0000] {processor.py:208} INFO - Processing /home/airflow/.local/lib/python3.12/site-packages/airflow/example_dags/example_branch_operator_decorator.py took 0.050 seconds
[2025-05-26T05:37:01.596+0000] {processor.py:186} INFO - Started process (PID=85530) to work on /home/airflow/.local/lib/python3.12/site-packages/airflow/example_dags/example_branch_operator_decorator.py
[2025-05-26T05:37:01.602+0000] {processor.py:914} INFO - Processing file /home/airflow/.local/lib/python3.12/site-packages/airflow/example_dags/example_branch_operator_decorator.py for tasks to queue
[2025-05-26T05:37:01.603+0000] {logging_mixin.py:190} INFO - [2025-05-26T05:37:01.603+0000] {dagbag.py:588} INFO - Filling up the DagBag from /home/airflow/.local/lib/python3.12/site-packages/airflow/example_dags/example_branch_operator_decorator.py
[2025-05-26T05:37:01.618+0000] {processor.py:925} INFO - DAG(s) 'example_branch_python_operator_decorator' retrieved from /home/airflow/.local/lib/python3.12/site-packages/airflow/example_dags/example_branch_operator_decorator.py
[2025-05-26T05:37:01.639+0000] {logging_mixin.py:190} INFO - [2025-05-26T05:37:01.639+0000] {dag.py:3239} INFO - Sync 1 DAGs
[2025-05-26T05:37:01.653+0000] {logging_mixin.py:190} INFO - [2025-05-26T05:37:01.653+0000] {dag.py:4180} INFO - Setting next_dagrun for example_branch_python_operator_decorator to 2025-05-25 00:00:00+00:00, run_after=2025-05-26 00:00:00+00:00
[2025-05-26T05:37:01.672+0000] {processor.py:208} INFO - Processing /home/airflow/.local/lib/python3.12/site-packages/airflow/example_dags/example_branch_operator_decorator.py took 0.079 seconds
[2025-05-26T06:04:19.665+0000] {processor.py:186} INFO - Started process (PID=85598) to work on /home/airflow/.local/lib/python3.12/site-packages/airflow/example_dags/example_branch_operator_decorator.py
[2025-05-26T06:04:19.671+0000] {processor.py:914} INFO - Processing file /home/airflow/.local/lib/python3.12/site-packages/airflow/example_dags/example_branch_operator_decorator.py for tasks to queue
[2025-05-26T06:04:19.672+0000] {logging_mixin.py:190} INFO - [2025-05-26T06:04:19.672+0000] {dagbag.py:588} INFO - Filling up the DagBag from /home/airflow/.local/lib/python3.12/site-packages/airflow/example_dags/example_branch_operator_decorator.py
[2025-05-26T06:04:19.686+0000] {processor.py:925} INFO - DAG(s) 'example_branch_python_operator_decorator' retrieved from /home/airflow/.local/lib/python3.12/site-packages/airflow/example_dags/example_branch_operator_decorator.py
[2025-05-26T06:04:19.709+0000] {logging_mixin.py:190} INFO - [2025-05-26T06:04:19.708+0000] {dag.py:3239} INFO - Sync 1 DAGs
[2025-05-26T06:04:19.723+0000] {logging_mixin.py:190} INFO - [2025-05-26T06:04:19.723+0000] {dag.py:4180} INFO - Setting next_dagrun for example_branch_python_operator_decorator to 2025-05-25 00:00:00+00:00, run_after=2025-05-26 00:00:00+00:00
[2025-05-26T06:04:19.739+0000] {processor.py:208} INFO - Processing /home/airflow/.local/lib/python3.12/site-packages/airflow/example_dags/example_branch_operator_decorator.py took 0.077 seconds
[2025-05-26T06:23:02.810+0000] {processor.py:186} INFO - Started process (PID=85666) to work on /home/airflow/.local/lib/python3.12/site-packages/airflow/example_dags/example_branch_operator_decorator.py
[2025-05-26T06:23:02.811+0000] {processor.py:914} INFO - Processing file /home/airflow/.local/lib/python3.12/site-packages/airflow/example_dags/example_branch_operator_decorator.py for tasks to queue
[2025-05-26T06:23:02.812+0000] {logging_mixin.py:190} INFO - [2025-05-26T06:23:02.812+0000] {dagbag.py:588} INFO - Filling up the DagBag from /home/airflow/.local/lib/python3.12/site-packages/airflow/example_dags/example_branch_operator_decorator.py
[2025-05-26T06:23:02.824+0000] {processor.py:925} INFO - DAG(s) 'example_branch_python_operator_decorator' retrieved from /home/airflow/.local/lib/python3.12/site-packages/airflow/example_dags/example_branch_operator_decorator.py
[2025-05-26T06:23:02.840+0000] {logging_mixin.py:190} INFO - [2025-05-26T06:23:02.840+0000] {dag.py:3239} INFO - Sync 1 DAGs
[2025-05-26T06:23:02.852+0000] {logging_mixin.py:190} INFO - [2025-05-26T06:23:02.852+0000] {dag.py:4180} INFO - Setting next_dagrun for example_branch_python_operator_decorator to 2025-05-25 00:00:00+00:00, run_after=2025-05-26 00:00:00+00:00
[2025-05-26T06:23:02.859+0000] {processor.py:208} INFO - Processing /home/airflow/.local/lib/python3.12/site-packages/airflow/example_dags/example_branch_operator_decorator.py took 0.052 seconds
