[2025-05-26T00:10:23.575+0000] {processor.py:186} INFO - Started process (PID=85230) to work on /home/airflow/.local/lib/python3.12/site-packages/airflow/example_dags/example_skip_dag.py
[2025-05-26T00:10:23.575+0000] {processor.py:914} INFO - Processing file /home/airflow/.local/lib/python3.12/site-packages/airflow/example_dags/example_skip_dag.py for tasks to queue
[2025-05-26T00:10:23.576+0000] {logging_mixin.py:190} INFO - [2025-05-26T00:10:23.576+0000] {dagbag.py:588} INFO - Filling up the DagBag from /home/airflow/.local/lib/python3.12/site-packages/airflow/example_dags/example_skip_dag.py
[2025-05-26T00:10:23.584+0000] {processor.py:925} INFO - DAG(s) 'example_skip_dag' retrieved from /home/airflow/.local/lib/python3.12/site-packages/airflow/example_dags/example_skip_dag.py
[2025-05-26T00:10:23.600+0000] {logging_mixin.py:190} INFO - [2025-05-26T00:10:23.600+0000] {dag.py:3239} INFO - Sync 1 DAGs
[2025-05-26T00:10:23.612+0000] {logging_mixin.py:190} INFO - [2025-05-26T00:10:23.612+0000] {dag.py:4180} INFO - Setting next_dagrun for example_skip_dag to 2025-05-25 00:00:00+00:00, run_after=2025-05-26 00:00:00+00:00
[2025-05-26T00:10:23.621+0000] {processor.py:208} INFO - Processing /home/airflow/.local/lib/python3.12/site-packages/airflow/example_dags/example_skip_dag.py took 0.050 seconds
[2025-05-26T01:49:23.305+0000] {processor.py:186} INFO - Started process (PID=85298) to work on /home/airflow/.local/lib/python3.12/site-packages/airflow/example_dags/example_skip_dag.py
[2025-05-26T01:49:23.308+0000] {processor.py:914} INFO - Processing file /home/airflow/.local/lib/python3.12/site-packages/airflow/example_dags/example_skip_dag.py for tasks to queue
[2025-05-26T01:49:23.310+0000] {logging_mixin.py:190} INFO - [2025-05-26T01:49:23.310+0000] {dagbag.py:588} INFO - Filling up the DagBag from /home/airflow/.local/lib/python3.12/site-packages/airflow/example_dags/example_skip_dag.py
[2025-05-26T01:49:23.319+0000] {processor.py:925} INFO - DAG(s) 'example_skip_dag' retrieved from /home/airflow/.local/lib/python3.12/site-packages/airflow/example_dags/example_skip_dag.py
[2025-05-26T01:49:23.334+0000] {logging_mixin.py:190} INFO - [2025-05-26T01:49:23.334+0000] {dag.py:3239} INFO - Sync 1 DAGs
[2025-05-26T01:49:23.346+0000] {logging_mixin.py:190} INFO - [2025-05-26T01:49:23.346+0000] {dag.py:4180} INFO - Setting next_dagrun for example_skip_dag to 2025-05-25 00:00:00+00:00, run_after=2025-05-26 00:00:00+00:00
[2025-05-26T01:49:23.358+0000] {processor.py:208} INFO - Processing /home/airflow/.local/lib/python3.12/site-packages/airflow/example_dags/example_skip_dag.py took 0.058 seconds
[2025-05-26T03:12:45.073+0000] {processor.py:186} INFO - Started process (PID=85366) to work on /home/airflow/.local/lib/python3.12/site-packages/airflow/example_dags/example_skip_dag.py
[2025-05-26T03:12:45.074+0000] {processor.py:914} INFO - Processing file /home/airflow/.local/lib/python3.12/site-packages/airflow/example_dags/example_skip_dag.py for tasks to queue
[2025-05-26T03:12:45.076+0000] {logging_mixin.py:190} INFO - [2025-05-26T03:12:45.076+0000] {dagbag.py:588} INFO - Filling up the DagBag from /home/airflow/.local/lib/python3.12/site-packages/airflow/example_dags/example_skip_dag.py
[2025-05-26T03:12:45.080+0000] {processor.py:925} INFO - DAG(s) 'example_skip_dag' retrieved from /home/airflow/.local/lib/python3.12/site-packages/airflow/example_dags/example_skip_dag.py
[2025-05-26T03:12:45.095+0000] {logging_mixin.py:190} INFO - [2025-05-26T03:12:45.095+0000] {dag.py:3239} INFO - Sync 1 DAGs
[2025-05-26T03:12:45.109+0000] {logging_mixin.py:190} INFO - [2025-05-26T03:12:45.109+0000] {dag.py:4180} INFO - Setting next_dagrun for example_skip_dag to 2025-05-25 00:00:00+00:00, run_after=2025-05-26 00:00:00+00:00
[2025-05-26T03:12:45.118+0000] {processor.py:208} INFO - Processing /home/airflow/.local/lib/python3.12/site-packages/airflow/example_dags/example_skip_dag.py took 0.050 seconds
[2025-05-26T04:51:21.162+0000] {processor.py:186} INFO - Started process (PID=85434) to work on /home/airflow/.local/lib/python3.12/site-packages/airflow/example_dags/example_skip_dag.py
[2025-05-26T04:51:21.163+0000] {processor.py:914} INFO - Processing file /home/airflow/.local/lib/python3.12/site-packages/airflow/example_dags/example_skip_dag.py for tasks to queue
[2025-05-26T04:51:21.165+0000] {logging_mixin.py:190} INFO - [2025-05-26T04:51:21.165+0000] {dagbag.py:588} INFO - Filling up the DagBag from /home/airflow/.local/lib/python3.12/site-packages/airflow/example_dags/example_skip_dag.py
[2025-05-26T04:51:21.169+0000] {processor.py:925} INFO - DAG(s) 'example_skip_dag' retrieved from /home/airflow/.local/lib/python3.12/site-packages/airflow/example_dags/example_skip_dag.py
[2025-05-26T04:51:21.185+0000] {logging_mixin.py:190} INFO - [2025-05-26T04:51:21.185+0000] {dag.py:3239} INFO - Sync 1 DAGs
[2025-05-26T04:51:21.197+0000] {logging_mixin.py:190} INFO - [2025-05-26T04:51:21.196+0000] {dag.py:4180} INFO - Setting next_dagrun for example_skip_dag to 2025-05-25 00:00:00+00:00, run_after=2025-05-26 00:00:00+00:00
[2025-05-26T04:51:21.205+0000] {processor.py:208} INFO - Processing /home/airflow/.local/lib/python3.12/site-packages/airflow/example_dags/example_skip_dag.py took 0.051 seconds
[2025-05-26T05:36:59.365+0000] {processor.py:186} INFO - Started process (PID=85502) to work on /home/airflow/.local/lib/python3.12/site-packages/airflow/example_dags/example_skip_dag.py
[2025-05-26T05:36:59.366+0000] {processor.py:914} INFO - Processing file /home/airflow/.local/lib/python3.12/site-packages/airflow/example_dags/example_skip_dag.py for tasks to queue
[2025-05-26T05:36:59.368+0000] {logging_mixin.py:190} INFO - [2025-05-26T05:36:59.368+0000] {dagbag.py:588} INFO - Filling up the DagBag from /home/airflow/.local/lib/python3.12/site-packages/airflow/example_dags/example_skip_dag.py
[2025-05-26T05:36:59.373+0000] {processor.py:925} INFO - DAG(s) 'example_skip_dag' retrieved from /home/airflow/.local/lib/python3.12/site-packages/airflow/example_dags/example_skip_dag.py
[2025-05-26T05:36:59.392+0000] {logging_mixin.py:190} INFO - [2025-05-26T05:36:59.392+0000] {dag.py:3239} INFO - Sync 1 DAGs
[2025-05-26T05:36:59.416+0000] {logging_mixin.py:190} INFO - [2025-05-26T05:36:59.416+0000] {dag.py:4180} INFO - Setting next_dagrun for example_skip_dag to 2025-05-25 00:00:00+00:00, run_after=2025-05-26 00:00:00+00:00
[2025-05-26T05:36:59.432+0000] {processor.py:208} INFO - Processing /home/airflow/.local/lib/python3.12/site-packages/airflow/example_dags/example_skip_dag.py took 0.073 seconds
[2025-05-26T06:04:17.677+0000] {processor.py:186} INFO - Started process (PID=85570) to work on /home/airflow/.local/lib/python3.12/site-packages/airflow/example_dags/example_skip_dag.py
[2025-05-26T06:04:17.681+0000] {processor.py:914} INFO - Processing file /home/airflow/.local/lib/python3.12/site-packages/airflow/example_dags/example_skip_dag.py for tasks to queue
[2025-05-26T06:04:17.682+0000] {logging_mixin.py:190} INFO - [2025-05-26T06:04:17.682+0000] {dagbag.py:588} INFO - Filling up the DagBag from /home/airflow/.local/lib/python3.12/site-packages/airflow/example_dags/example_skip_dag.py
[2025-05-26T06:04:17.687+0000] {processor.py:925} INFO - DAG(s) 'example_skip_dag' retrieved from /home/airflow/.local/lib/python3.12/site-packages/airflow/example_dags/example_skip_dag.py
[2025-05-26T06:04:17.702+0000] {logging_mixin.py:190} INFO - [2025-05-26T06:04:17.701+0000] {dag.py:3239} INFO - Sync 1 DAGs
[2025-05-26T06:04:17.714+0000] {logging_mixin.py:190} INFO - [2025-05-26T06:04:17.714+0000] {dag.py:4180} INFO - Setting next_dagrun for example_skip_dag to 2025-05-25 00:00:00+00:00, run_after=2025-05-26 00:00:00+00:00
[2025-05-26T06:04:17.726+0000] {processor.py:208} INFO - Processing /home/airflow/.local/lib/python3.12/site-packages/airflow/example_dags/example_skip_dag.py took 0.052 seconds
[2025-05-26T06:23:00.878+0000] {processor.py:186} INFO - Started process (PID=85638) to work on /home/airflow/.local/lib/python3.12/site-packages/airflow/example_dags/example_skip_dag.py
[2025-05-26T06:23:00.879+0000] {processor.py:914} INFO - Processing file /home/airflow/.local/lib/python3.12/site-packages/airflow/example_dags/example_skip_dag.py for tasks to queue
[2025-05-26T06:23:00.880+0000] {logging_mixin.py:190} INFO - [2025-05-26T06:23:00.880+0000] {dagbag.py:588} INFO - Filling up the DagBag from /home/airflow/.local/lib/python3.12/site-packages/airflow/example_dags/example_skip_dag.py
[2025-05-26T06:23:00.890+0000] {processor.py:925} INFO - DAG(s) 'example_skip_dag' retrieved from /home/airflow/.local/lib/python3.12/site-packages/airflow/example_dags/example_skip_dag.py
[2025-05-26T06:23:00.910+0000] {logging_mixin.py:190} INFO - [2025-05-26T06:23:00.909+0000] {dag.py:3239} INFO - Sync 1 DAGs
[2025-05-26T06:23:00.929+0000] {logging_mixin.py:190} INFO - [2025-05-26T06:23:00.929+0000] {dag.py:4180} INFO - Setting next_dagrun for example_skip_dag to 2025-05-25 00:00:00+00:00, run_after=2025-05-26 00:00:00+00:00
[2025-05-26T06:23:00.939+0000] {processor.py:208} INFO - Processing /home/airflow/.local/lib/python3.12/site-packages/airflow/example_dags/example_skip_dag.py took 0.064 seconds
