[2025-05-26T00:10:25.385+0000] {processor.py:186} INFO - Started process (PID=85263) to work on /home/airflow/.local/lib/python3.12/site-packages/airflow/example_dags/example_trigger_controller_dag.py
[2025-05-26T00:10:25.385+0000] {processor.py:914} INFO - Processing file /home/airflow/.local/lib/python3.12/site-packages/airflow/example_dags/example_trigger_controller_dag.py for tasks to queue
[2025-05-26T00:10:25.386+0000] {logging_mixin.py:190} INFO - [2025-05-26T00:10:25.386+0000] {dagbag.py:588} INFO - Filling up the DagBag from /home/airflow/.local/lib/python3.12/site-packages/airflow/example_dags/example_trigger_controller_dag.py
[2025-05-26T00:10:25.391+0000] {processor.py:925} INFO - DAG(s) 'example_trigger_controller_dag' retrieved from /home/airflow/.local/lib/python3.12/site-packages/airflow/example_dags/example_trigger_controller_dag.py
[2025-05-26T00:10:25.398+0000] {logging_mixin.py:190} INFO - [2025-05-26T00:10:25.398+0000] {dag.py:3239} INFO - Sync 1 DAGs
[2025-05-26T00:10:25.407+0000] {logging_mixin.py:190} INFO - [2025-05-26T00:10:25.407+0000] {dag.py:4180} INFO - Setting next_dagrun for example_trigger_controller_dag to 2021-01-01 00:00:00+00:00, run_after=2021-01-01 00:00:00+00:00
[2025-05-26T00:10:25.415+0000] {processor.py:208} INFO - Processing /home/airflow/.local/lib/python3.12/site-packages/airflow/example_dags/example_trigger_controller_dag.py took 0.034 seconds
[2025-05-26T01:49:25.221+0000] {processor.py:186} INFO - Started process (PID=85331) to work on /home/airflow/.local/lib/python3.12/site-packages/airflow/example_dags/example_trigger_controller_dag.py
[2025-05-26T01:49:25.222+0000] {processor.py:914} INFO - Processing file /home/airflow/.local/lib/python3.12/site-packages/airflow/example_dags/example_trigger_controller_dag.py for tasks to queue
[2025-05-26T01:49:25.223+0000] {logging_mixin.py:190} INFO - [2025-05-26T01:49:25.223+0000] {dagbag.py:588} INFO - Filling up the DagBag from /home/airflow/.local/lib/python3.12/site-packages/airflow/example_dags/example_trigger_controller_dag.py
[2025-05-26T01:49:25.227+0000] {processor.py:925} INFO - DAG(s) 'example_trigger_controller_dag' retrieved from /home/airflow/.local/lib/python3.12/site-packages/airflow/example_dags/example_trigger_controller_dag.py
[2025-05-26T01:49:25.235+0000] {logging_mixin.py:190} INFO - [2025-05-26T01:49:25.235+0000] {dag.py:3239} INFO - Sync 1 DAGs
[2025-05-26T01:49:25.245+0000] {logging_mixin.py:190} INFO - [2025-05-26T01:49:25.245+0000] {dag.py:4180} INFO - Setting next_dagrun for example_trigger_controller_dag to 2021-01-01 00:00:00+00:00, run_after=2021-01-01 00:00:00+00:00
[2025-05-26T01:49:25.253+0000] {processor.py:208} INFO - Processing /home/airflow/.local/lib/python3.12/site-packages/airflow/example_dags/example_trigger_controller_dag.py took 0.035 seconds
[2025-05-26T03:12:47.475+0000] {processor.py:186} INFO - Started process (PID=85399) to work on /home/airflow/.local/lib/python3.12/site-packages/airflow/example_dags/example_trigger_controller_dag.py
[2025-05-26T03:12:47.475+0000] {processor.py:914} INFO - Processing file /home/airflow/.local/lib/python3.12/site-packages/airflow/example_dags/example_trigger_controller_dag.py for tasks to queue
[2025-05-26T03:12:47.478+0000] {logging_mixin.py:190} INFO - [2025-05-26T03:12:47.478+0000] {dagbag.py:588} INFO - Filling up the DagBag from /home/airflow/.local/lib/python3.12/site-packages/airflow/example_dags/example_trigger_controller_dag.py
[2025-05-26T03:12:47.483+0000] {processor.py:925} INFO - DAG(s) 'example_trigger_controller_dag' retrieved from /home/airflow/.local/lib/python3.12/site-packages/airflow/example_dags/example_trigger_controller_dag.py
[2025-05-26T03:12:47.496+0000] {logging_mixin.py:190} INFO - [2025-05-26T03:12:47.496+0000] {dag.py:3239} INFO - Sync 1 DAGs
[2025-05-26T03:12:47.507+0000] {logging_mixin.py:190} INFO - [2025-05-26T03:12:47.507+0000] {dag.py:4180} INFO - Setting next_dagrun for example_trigger_controller_dag to 2021-01-01 00:00:00+00:00, run_after=2021-01-01 00:00:00+00:00
[2025-05-26T03:12:47.518+0000] {processor.py:208} INFO - Processing /home/airflow/.local/lib/python3.12/site-packages/airflow/example_dags/example_trigger_controller_dag.py took 0.046 seconds
[2025-05-26T04:51:23.049+0000] {processor.py:186} INFO - Started process (PID=85467) to work on /home/airflow/.local/lib/python3.12/site-packages/airflow/example_dags/example_trigger_controller_dag.py
[2025-05-26T04:51:23.050+0000] {processor.py:914} INFO - Processing file /home/airflow/.local/lib/python3.12/site-packages/airflow/example_dags/example_trigger_controller_dag.py for tasks to queue
[2025-05-26T04:51:23.052+0000] {logging_mixin.py:190} INFO - [2025-05-26T04:51:23.051+0000] {dagbag.py:588} INFO - Filling up the DagBag from /home/airflow/.local/lib/python3.12/site-packages/airflow/example_dags/example_trigger_controller_dag.py
[2025-05-26T04:51:23.063+0000] {processor.py:925} INFO - DAG(s) 'example_trigger_controller_dag' retrieved from /home/airflow/.local/lib/python3.12/site-packages/airflow/example_dags/example_trigger_controller_dag.py
[2025-05-26T04:51:23.072+0000] {logging_mixin.py:190} INFO - [2025-05-26T04:51:23.072+0000] {dag.py:3239} INFO - Sync 1 DAGs
[2025-05-26T04:51:23.083+0000] {logging_mixin.py:190} INFO - [2025-05-26T04:51:23.083+0000] {dag.py:4180} INFO - Setting next_dagrun for example_trigger_controller_dag to 2021-01-01 00:00:00+00:00, run_after=2021-01-01 00:00:00+00:00
[2025-05-26T04:51:23.101+0000] {processor.py:208} INFO - Processing /home/airflow/.local/lib/python3.12/site-packages/airflow/example_dags/example_trigger_controller_dag.py took 0.054 seconds
[2025-05-26T05:37:01.814+0000] {processor.py:186} INFO - Started process (PID=85535) to work on /home/airflow/.local/lib/python3.12/site-packages/airflow/example_dags/example_trigger_controller_dag.py
[2025-05-26T05:37:01.815+0000] {processor.py:914} INFO - Processing file /home/airflow/.local/lib/python3.12/site-packages/airflow/example_dags/example_trigger_controller_dag.py for tasks to queue
[2025-05-26T05:37:01.817+0000] {logging_mixin.py:190} INFO - [2025-05-26T05:37:01.816+0000] {dagbag.py:588} INFO - Filling up the DagBag from /home/airflow/.local/lib/python3.12/site-packages/airflow/example_dags/example_trigger_controller_dag.py
[2025-05-26T05:37:01.822+0000] {processor.py:925} INFO - DAG(s) 'example_trigger_controller_dag' retrieved from /home/airflow/.local/lib/python3.12/site-packages/airflow/example_dags/example_trigger_controller_dag.py
[2025-05-26T05:37:01.838+0000] {logging_mixin.py:190} INFO - [2025-05-26T05:37:01.837+0000] {dag.py:3239} INFO - Sync 1 DAGs
[2025-05-26T05:37:01.856+0000] {logging_mixin.py:190} INFO - [2025-05-26T05:37:01.856+0000] {dag.py:4180} INFO - Setting next_dagrun for example_trigger_controller_dag to 2021-01-01 00:00:00+00:00, run_after=2021-01-01 00:00:00+00:00
[2025-05-26T05:37:01.878+0000] {processor.py:208} INFO - Processing /home/airflow/.local/lib/python3.12/site-packages/airflow/example_dags/example_trigger_controller_dag.py took 0.066 seconds
[2025-05-26T06:04:19.867+0000] {processor.py:186} INFO - Started process (PID=85603) to work on /home/airflow/.local/lib/python3.12/site-packages/airflow/example_dags/example_trigger_controller_dag.py
[2025-05-26T06:04:19.868+0000] {processor.py:914} INFO - Processing file /home/airflow/.local/lib/python3.12/site-packages/airflow/example_dags/example_trigger_controller_dag.py for tasks to queue
[2025-05-26T06:04:19.869+0000] {logging_mixin.py:190} INFO - [2025-05-26T06:04:19.869+0000] {dagbag.py:588} INFO - Filling up the DagBag from /home/airflow/.local/lib/python3.12/site-packages/airflow/example_dags/example_trigger_controller_dag.py
[2025-05-26T06:04:19.872+0000] {processor.py:925} INFO - DAG(s) 'example_trigger_controller_dag' retrieved from /home/airflow/.local/lib/python3.12/site-packages/airflow/example_dags/example_trigger_controller_dag.py
[2025-05-26T06:04:19.880+0000] {logging_mixin.py:190} INFO - [2025-05-26T06:04:19.879+0000] {dag.py:3239} INFO - Sync 1 DAGs
[2025-05-26T06:04:19.888+0000] {logging_mixin.py:190} INFO - [2025-05-26T06:04:19.888+0000] {dag.py:4180} INFO - Setting next_dagrun for example_trigger_controller_dag to 2021-01-01 00:00:00+00:00, run_after=2021-01-01 00:00:00+00:00
[2025-05-26T06:04:19.896+0000] {processor.py:208} INFO - Processing /home/airflow/.local/lib/python3.12/site-packages/airflow/example_dags/example_trigger_controller_dag.py took 0.031 seconds
[2025-05-26T06:23:03.041+0000] {processor.py:186} INFO - Started process (PID=85671) to work on /home/airflow/.local/lib/python3.12/site-packages/airflow/example_dags/example_trigger_controller_dag.py
[2025-05-26T06:23:03.041+0000] {processor.py:914} INFO - Processing file /home/airflow/.local/lib/python3.12/site-packages/airflow/example_dags/example_trigger_controller_dag.py for tasks to queue
[2025-05-26T06:23:03.042+0000] {logging_mixin.py:190} INFO - [2025-05-26T06:23:03.042+0000] {dagbag.py:588} INFO - Filling up the DagBag from /home/airflow/.local/lib/python3.12/site-packages/airflow/example_dags/example_trigger_controller_dag.py
[2025-05-26T06:23:03.046+0000] {processor.py:925} INFO - DAG(s) 'example_trigger_controller_dag' retrieved from /home/airflow/.local/lib/python3.12/site-packages/airflow/example_dags/example_trigger_controller_dag.py
[2025-05-26T06:23:03.053+0000] {logging_mixin.py:190} INFO - [2025-05-26T06:23:03.053+0000] {dag.py:3239} INFO - Sync 1 DAGs
[2025-05-26T06:23:03.063+0000] {logging_mixin.py:190} INFO - [2025-05-26T06:23:03.063+0000] {dag.py:4180} INFO - Setting next_dagrun for example_trigger_controller_dag to 2021-01-01 00:00:00+00:00, run_after=2021-01-01 00:00:00+00:00
[2025-05-26T06:23:03.071+0000] {processor.py:208} INFO - Processing /home/airflow/.local/lib/python3.12/site-packages/airflow/example_dags/example_trigger_controller_dag.py took 0.033 seconds
