[2025-05-26T00:10:23.890+0000] {processor.py:186} INFO - Started process (PID=85237) to work on /home/airflow/.local/lib/python3.12/site-packages/airflow/example_dags/example_xcomargs.py
[2025-05-26T00:10:23.891+0000] {processor.py:914} INFO - Processing file /home/airflow/.local/lib/python3.12/site-packages/airflow/example_dags/example_xcomargs.py for tasks to queue
[2025-05-26T00:10:23.892+0000] {logging_mixin.py:190} INFO - [2025-05-26T00:10:23.892+0000] {dagbag.py:588} INFO - Filling up the DagBag from /home/airflow/.local/lib/python3.12/site-packages/airflow/example_dags/example_xcomargs.py
[2025-05-26T00:10:23.898+0000] {processor.py:925} INFO - DAG(s) 'example_xcom_args_with_operators', 'example_xcom_args' retrieved from /home/airflow/.local/lib/python3.12/site-packages/airflow/example_dags/example_xcomargs.py
[2025-05-26T00:10:23.911+0000] {logging_mixin.py:190} INFO - [2025-05-26T00:10:23.911+0000] {dag.py:3239} INFO - Sync 2 DAGs
[2025-05-26T00:10:23.918+0000] {logging_mixin.py:190} INFO - [2025-05-26T00:10:23.918+0000] {dag.py:4180} INFO - Setting next_dagrun for example_xcom_args to None, run_after=None
[2025-05-26T00:10:23.921+0000] {logging_mixin.py:190} INFO - [2025-05-26T00:10:23.921+0000] {dag.py:4180} INFO - Setting next_dagrun for example_xcom_args_with_operators to None, run_after=None
[2025-05-26T00:10:23.932+0000] {processor.py:208} INFO - Processing /home/airflow/.local/lib/python3.12/site-packages/airflow/example_dags/example_xcomargs.py took 0.045 seconds
[2025-05-26T01:49:23.625+0000] {processor.py:186} INFO - Started process (PID=85305) to work on /home/airflow/.local/lib/python3.12/site-packages/airflow/example_dags/example_xcomargs.py
[2025-05-26T01:49:23.626+0000] {processor.py:914} INFO - Processing file /home/airflow/.local/lib/python3.12/site-packages/airflow/example_dags/example_xcomargs.py for tasks to queue
[2025-05-26T01:49:23.628+0000] {logging_mixin.py:190} INFO - [2025-05-26T01:49:23.628+0000] {dagbag.py:588} INFO - Filling up the DagBag from /home/airflow/.local/lib/python3.12/site-packages/airflow/example_dags/example_xcomargs.py
[2025-05-26T01:49:23.633+0000] {processor.py:925} INFO - DAG(s) 'example_xcom_args', 'example_xcom_args_with_operators' retrieved from /home/airflow/.local/lib/python3.12/site-packages/airflow/example_dags/example_xcomargs.py
[2025-05-26T01:49:23.647+0000] {logging_mixin.py:190} INFO - [2025-05-26T01:49:23.647+0000] {dag.py:3239} INFO - Sync 2 DAGs
[2025-05-26T01:49:23.659+0000] {logging_mixin.py:190} INFO - [2025-05-26T01:49:23.659+0000] {dag.py:4180} INFO - Setting next_dagrun for example_xcom_args to None, run_after=None
[2025-05-26T01:49:23.661+0000] {logging_mixin.py:190} INFO - [2025-05-26T01:49:23.661+0000] {dag.py:4180} INFO - Setting next_dagrun for example_xcom_args_with_operators to None, run_after=None
[2025-05-26T01:49:23.668+0000] {processor.py:208} INFO - Processing /home/airflow/.local/lib/python3.12/site-packages/airflow/example_dags/example_xcomargs.py took 0.048 seconds
[2025-05-26T03:12:45.373+0000] {processor.py:186} INFO - Started process (PID=85373) to work on /home/airflow/.local/lib/python3.12/site-packages/airflow/example_dags/example_xcomargs.py
[2025-05-26T03:12:45.376+0000] {processor.py:914} INFO - Processing file /home/airflow/.local/lib/python3.12/site-packages/airflow/example_dags/example_xcomargs.py for tasks to queue
[2025-05-26T03:12:45.378+0000] {logging_mixin.py:190} INFO - [2025-05-26T03:12:45.378+0000] {dagbag.py:588} INFO - Filling up the DagBag from /home/airflow/.local/lib/python3.12/site-packages/airflow/example_dags/example_xcomargs.py
[2025-05-26T03:12:45.385+0000] {processor.py:925} INFO - DAG(s) 'example_xcom_args', 'example_xcom_args_with_operators' retrieved from /home/airflow/.local/lib/python3.12/site-packages/airflow/example_dags/example_xcomargs.py
[2025-05-26T03:12:45.395+0000] {logging_mixin.py:190} INFO - [2025-05-26T03:12:45.395+0000] {dag.py:3239} INFO - Sync 2 DAGs
[2025-05-26T03:12:45.401+0000] {logging_mixin.py:190} INFO - [2025-05-26T03:12:45.401+0000] {dag.py:4180} INFO - Setting next_dagrun for example_xcom_args to None, run_after=None
[2025-05-26T03:12:45.403+0000] {logging_mixin.py:190} INFO - [2025-05-26T03:12:45.403+0000] {dag.py:4180} INFO - Setting next_dagrun for example_xcom_args_with_operators to None, run_after=None
[2025-05-26T03:12:45.409+0000] {processor.py:208} INFO - Processing /home/airflow/.local/lib/python3.12/site-packages/airflow/example_dags/example_xcomargs.py took 0.042 seconds
[2025-05-26T04:51:21.529+0000] {processor.py:186} INFO - Started process (PID=85441) to work on /home/airflow/.local/lib/python3.12/site-packages/airflow/example_dags/example_xcomargs.py
[2025-05-26T04:51:21.530+0000] {processor.py:914} INFO - Processing file /home/airflow/.local/lib/python3.12/site-packages/airflow/example_dags/example_xcomargs.py for tasks to queue
[2025-05-26T04:51:21.531+0000] {logging_mixin.py:190} INFO - [2025-05-26T04:51:21.531+0000] {dagbag.py:588} INFO - Filling up the DagBag from /home/airflow/.local/lib/python3.12/site-packages/airflow/example_dags/example_xcomargs.py
[2025-05-26T04:51:21.539+0000] {processor.py:925} INFO - DAG(s) 'example_xcom_args', 'example_xcom_args_with_operators' retrieved from /home/airflow/.local/lib/python3.12/site-packages/airflow/example_dags/example_xcomargs.py
[2025-05-26T04:51:21.554+0000] {logging_mixin.py:190} INFO - [2025-05-26T04:51:21.554+0000] {dag.py:3239} INFO - Sync 2 DAGs
[2025-05-26T04:51:21.567+0000] {logging_mixin.py:190} INFO - [2025-05-26T04:51:21.567+0000] {dag.py:4180} INFO - Setting next_dagrun for example_xcom_args to None, run_after=None
[2025-05-26T04:51:21.571+0000] {logging_mixin.py:190} INFO - [2025-05-26T04:51:21.571+0000] {dag.py:4180} INFO - Setting next_dagrun for example_xcom_args_with_operators to None, run_after=None
[2025-05-26T04:51:21.584+0000] {processor.py:208} INFO - Processing /home/airflow/.local/lib/python3.12/site-packages/airflow/example_dags/example_xcomargs.py took 0.058 seconds
[2025-05-26T05:36:59.782+0000] {processor.py:186} INFO - Started process (PID=85509) to work on /home/airflow/.local/lib/python3.12/site-packages/airflow/example_dags/example_xcomargs.py
[2025-05-26T05:36:59.783+0000] {processor.py:914} INFO - Processing file /home/airflow/.local/lib/python3.12/site-packages/airflow/example_dags/example_xcomargs.py for tasks to queue
[2025-05-26T05:36:59.787+0000] {logging_mixin.py:190} INFO - [2025-05-26T05:36:59.786+0000] {dagbag.py:588} INFO - Filling up the DagBag from /home/airflow/.local/lib/python3.12/site-packages/airflow/example_dags/example_xcomargs.py
[2025-05-26T05:36:59.793+0000] {processor.py:925} INFO - DAG(s) 'example_xcom_args', 'example_xcom_args_with_operators' retrieved from /home/airflow/.local/lib/python3.12/site-packages/airflow/example_dags/example_xcomargs.py
[2025-05-26T05:36:59.809+0000] {logging_mixin.py:190} INFO - [2025-05-26T05:36:59.808+0000] {dag.py:3239} INFO - Sync 2 DAGs
[2025-05-26T05:36:59.823+0000] {logging_mixin.py:190} INFO - [2025-05-26T05:36:59.823+0000] {dag.py:4180} INFO - Setting next_dagrun for example_xcom_args to None, run_after=None
[2025-05-26T05:36:59.826+0000] {logging_mixin.py:190} INFO - [2025-05-26T05:36:59.826+0000] {dag.py:4180} INFO - Setting next_dagrun for example_xcom_args_with_operators to None, run_after=None
[2025-05-26T05:36:59.836+0000] {processor.py:208} INFO - Processing /home/airflow/.local/lib/python3.12/site-packages/airflow/example_dags/example_xcomargs.py took 0.059 seconds
[2025-05-26T06:04:18.099+0000] {processor.py:186} INFO - Started process (PID=85577) to work on /home/airflow/.local/lib/python3.12/site-packages/airflow/example_dags/example_xcomargs.py
[2025-05-26T06:04:18.101+0000] {processor.py:914} INFO - Processing file /home/airflow/.local/lib/python3.12/site-packages/airflow/example_dags/example_xcomargs.py for tasks to queue
[2025-05-26T06:04:18.102+0000] {logging_mixin.py:190} INFO - [2025-05-26T06:04:18.102+0000] {dagbag.py:588} INFO - Filling up the DagBag from /home/airflow/.local/lib/python3.12/site-packages/airflow/example_dags/example_xcomargs.py
[2025-05-26T06:04:18.111+0000] {processor.py:925} INFO - DAG(s) 'example_xcom_args_with_operators', 'example_xcom_args' retrieved from /home/airflow/.local/lib/python3.12/site-packages/airflow/example_dags/example_xcomargs.py
[2025-05-26T06:04:18.125+0000] {logging_mixin.py:190} INFO - [2025-05-26T06:04:18.125+0000] {dag.py:3239} INFO - Sync 2 DAGs
[2025-05-26T06:04:18.132+0000] {logging_mixin.py:190} INFO - [2025-05-26T06:04:18.132+0000] {dag.py:4180} INFO - Setting next_dagrun for example_xcom_args to None, run_after=None
[2025-05-26T06:04:18.134+0000] {logging_mixin.py:190} INFO - [2025-05-26T06:04:18.134+0000] {dag.py:4180} INFO - Setting next_dagrun for example_xcom_args_with_operators to None, run_after=None
[2025-05-26T06:04:18.140+0000] {processor.py:208} INFO - Processing /home/airflow/.local/lib/python3.12/site-packages/airflow/example_dags/example_xcomargs.py took 0.045 seconds
[2025-05-26T06:23:01.262+0000] {processor.py:186} INFO - Started process (PID=85645) to work on /home/airflow/.local/lib/python3.12/site-packages/airflow/example_dags/example_xcomargs.py
[2025-05-26T06:23:01.263+0000] {processor.py:914} INFO - Processing file /home/airflow/.local/lib/python3.12/site-packages/airflow/example_dags/example_xcomargs.py for tasks to queue
[2025-05-26T06:23:01.264+0000] {logging_mixin.py:190} INFO - [2025-05-26T06:23:01.264+0000] {dagbag.py:588} INFO - Filling up the DagBag from /home/airflow/.local/lib/python3.12/site-packages/airflow/example_dags/example_xcomargs.py
[2025-05-26T06:23:01.270+0000] {processor.py:925} INFO - DAG(s) 'example_xcom_args_with_operators', 'example_xcom_args' retrieved from /home/airflow/.local/lib/python3.12/site-packages/airflow/example_dags/example_xcomargs.py
[2025-05-26T06:23:01.298+0000] {logging_mixin.py:190} INFO - [2025-05-26T06:23:01.297+0000] {dag.py:3239} INFO - Sync 2 DAGs
[2025-05-26T06:23:01.318+0000] {logging_mixin.py:190} INFO - [2025-05-26T06:23:01.318+0000] {dag.py:4180} INFO - Setting next_dagrun for example_xcom_args to None, run_after=None
[2025-05-26T06:23:01.322+0000] {logging_mixin.py:190} INFO - [2025-05-26T06:23:01.322+0000] {dag.py:4180} INFO - Setting next_dagrun for example_xcom_args_with_operators to None, run_after=None
[2025-05-26T06:23:01.333+0000] {processor.py:208} INFO - Processing /home/airflow/.local/lib/python3.12/site-packages/airflow/example_dags/example_xcomargs.py took 0.075 seconds
