[2025-05-26T00:10:23.833+0000] {processor.py:186} INFO - Started process (PID=85236) to work on /home/airflow/.local/lib/python3.12/site-packages/airflow/example_dags/example_datasets.py
[2025-05-26T00:10:23.834+0000] {processor.py:914} INFO - Processing file /home/airflow/.local/lib/python3.12/site-packages/airflow/example_dags/example_datasets.py for tasks to queue
[2025-05-26T00:10:23.835+0000] {logging_mixin.py:190} INFO - [2025-05-26T00:10:23.835+0000] {dagbag.py:588} INFO - Filling up the DagBag from /home/airflow/.local/lib/python3.12/site-packages/airflow/example_dags/example_datasets.py
[2025-05-26T00:10:24.238+0000] {processor.py:925} INFO - DAG(s) 'consume_1_or_2_with_dataset_expressions', 'dataset_consumes_1_never_scheduled', 'dataset_produces_1', 'dataset_consumes_1', 'consume_1_or_both_2_and_3_with_dataset_expressions', 'dataset_consumes_unknown_never_scheduled', 'dataset_consumes_1_and_2', 'dataset_produces_2', 'consume_1_and_2_with_dataset_expressions', 'conditional_dataset_and_time_based_timetable' retrieved from /home/airflow/.local/lib/python3.12/site-packages/airflow/example_dags/example_datasets.py
[2025-05-26T00:10:24.255+0000] {logging_mixin.py:190} INFO - [2025-05-26T00:10:24.255+0000] {dag.py:3239} INFO - Sync 10 DAGs
[2025-05-26T00:10:24.264+0000] {logging_mixin.py:190} INFO - [2025-05-26T00:10:24.264+0000] {dag.py:4180} INFO - Setting next_dagrun for conditional_dataset_and_time_based_timetable to 2025-05-21 01:00:00+00:00, run_after=2025-05-21 01:00:00+00:00
[2025-05-26T00:10:24.266+0000] {logging_mixin.py:190} INFO - [2025-05-26T00:10:24.266+0000] {dag.py:4180} INFO - Setting next_dagrun for consume_1_and_2_with_dataset_expressions to None, run_after=None
[2025-05-26T00:10:24.267+0000] {logging_mixin.py:190} INFO - [2025-05-26T00:10:24.267+0000] {dag.py:4180} INFO - Setting next_dagrun for consume_1_or_2_with_dataset_expressions to None, run_after=None
[2025-05-26T00:10:24.267+0000] {logging_mixin.py:190} INFO - [2025-05-26T00:10:24.267+0000] {dag.py:4180} INFO - Setting next_dagrun for consume_1_or_both_2_and_3_with_dataset_expressions to None, run_after=None
[2025-05-26T00:10:24.267+0000] {logging_mixin.py:190} INFO - [2025-05-26T00:10:24.267+0000] {dag.py:4180} INFO - Setting next_dagrun for dataset_consumes_1 to None, run_after=None
[2025-05-26T00:10:24.268+0000] {logging_mixin.py:190} INFO - [2025-05-26T00:10:24.268+0000] {dag.py:4180} INFO - Setting next_dagrun for dataset_consumes_1_and_2 to None, run_after=None
[2025-05-26T00:10:24.268+0000] {logging_mixin.py:190} INFO - [2025-05-26T00:10:24.268+0000] {dag.py:4180} INFO - Setting next_dagrun for dataset_consumes_1_never_scheduled to None, run_after=None
[2025-05-26T00:10:24.269+0000] {logging_mixin.py:190} INFO - [2025-05-26T00:10:24.269+0000] {dag.py:4180} INFO - Setting next_dagrun for dataset_consumes_unknown_never_scheduled to None, run_after=None
[2025-05-26T00:10:24.270+0000] {logging_mixin.py:190} INFO - [2025-05-26T00:10:24.269+0000] {dag.py:4180} INFO - Setting next_dagrun for dataset_produces_1 to 2025-05-25 00:00:00+00:00, run_after=2025-05-26 00:00:00+00:00
[2025-05-26T00:10:24.270+0000] {logging_mixin.py:190} INFO - [2025-05-26T00:10:24.270+0000] {dag.py:4180} INFO - Setting next_dagrun for dataset_produces_2 to None, run_after=None
[2025-05-26T00:10:24.283+0000] {processor.py:208} INFO - Processing /home/airflow/.local/lib/python3.12/site-packages/airflow/example_dags/example_datasets.py took 0.452 seconds
[2025-05-26T01:49:23.544+0000] {processor.py:186} INFO - Started process (PID=85304) to work on /home/airflow/.local/lib/python3.12/site-packages/airflow/example_dags/example_datasets.py
[2025-05-26T01:49:23.545+0000] {processor.py:914} INFO - Processing file /home/airflow/.local/lib/python3.12/site-packages/airflow/example_dags/example_datasets.py for tasks to queue
[2025-05-26T01:49:23.548+0000] {logging_mixin.py:190} INFO - [2025-05-26T01:49:23.548+0000] {dagbag.py:588} INFO - Filling up the DagBag from /home/airflow/.local/lib/python3.12/site-packages/airflow/example_dags/example_datasets.py
[2025-05-26T01:49:23.962+0000] {processor.py:925} INFO - DAG(s) 'dataset_produces_1', 'dataset_consumes_1_never_scheduled', 'dataset_consumes_unknown_never_scheduled', 'dataset_consumes_1_and_2', 'dataset_produces_2', 'consume_1_and_2_with_dataset_expressions', 'consume_1_or_both_2_and_3_with_dataset_expressions', 'consume_1_or_2_with_dataset_expressions', 'dataset_consumes_1', 'conditional_dataset_and_time_based_timetable' retrieved from /home/airflow/.local/lib/python3.12/site-packages/airflow/example_dags/example_datasets.py
[2025-05-26T01:49:23.981+0000] {logging_mixin.py:190} INFO - [2025-05-26T01:49:23.981+0000] {dag.py:3239} INFO - Sync 10 DAGs
[2025-05-26T01:49:23.991+0000] {logging_mixin.py:190} INFO - [2025-05-26T01:49:23.991+0000] {dag.py:4180} INFO - Setting next_dagrun for conditional_dataset_and_time_based_timetable to 2025-05-21 01:00:00+00:00, run_after=2025-05-21 01:00:00+00:00
[2025-05-26T01:49:23.993+0000] {logging_mixin.py:190} INFO - [2025-05-26T01:49:23.993+0000] {dag.py:4180} INFO - Setting next_dagrun for consume_1_and_2_with_dataset_expressions to None, run_after=None
[2025-05-26T01:49:23.993+0000] {logging_mixin.py:190} INFO - [2025-05-26T01:49:23.993+0000] {dag.py:4180} INFO - Setting next_dagrun for consume_1_or_2_with_dataset_expressions to None, run_after=None
[2025-05-26T01:49:23.994+0000] {logging_mixin.py:190} INFO - [2025-05-26T01:49:23.994+0000] {dag.py:4180} INFO - Setting next_dagrun for consume_1_or_both_2_and_3_with_dataset_expressions to None, run_after=None
[2025-05-26T01:49:23.994+0000] {logging_mixin.py:190} INFO - [2025-05-26T01:49:23.994+0000] {dag.py:4180} INFO - Setting next_dagrun for dataset_consumes_1 to None, run_after=None
[2025-05-26T01:49:23.995+0000] {logging_mixin.py:190} INFO - [2025-05-26T01:49:23.995+0000] {dag.py:4180} INFO - Setting next_dagrun for dataset_consumes_1_and_2 to None, run_after=None
[2025-05-26T01:49:23.995+0000] {logging_mixin.py:190} INFO - [2025-05-26T01:49:23.995+0000] {dag.py:4180} INFO - Setting next_dagrun for dataset_consumes_1_never_scheduled to None, run_after=None
[2025-05-26T01:49:23.995+0000] {logging_mixin.py:190} INFO - [2025-05-26T01:49:23.995+0000] {dag.py:4180} INFO - Setting next_dagrun for dataset_consumes_unknown_never_scheduled to None, run_after=None
[2025-05-26T01:49:23.996+0000] {logging_mixin.py:190} INFO - [2025-05-26T01:49:23.996+0000] {dag.py:4180} INFO - Setting next_dagrun for dataset_produces_1 to 2025-05-25 00:00:00+00:00, run_after=2025-05-26 00:00:00+00:00
[2025-05-26T01:49:23.997+0000] {logging_mixin.py:190} INFO - [2025-05-26T01:49:23.997+0000] {dag.py:4180} INFO - Setting next_dagrun for dataset_produces_2 to None, run_after=None
[2025-05-26T01:49:24.008+0000] {processor.py:208} INFO - Processing /home/airflow/.local/lib/python3.12/site-packages/airflow/example_dags/example_datasets.py took 0.468 seconds
[2025-05-26T03:12:45.272+0000] {processor.py:186} INFO - Started process (PID=85372) to work on /home/airflow/.local/lib/python3.12/site-packages/airflow/example_dags/example_datasets.py
[2025-05-26T03:12:45.275+0000] {processor.py:914} INFO - Processing file /home/airflow/.local/lib/python3.12/site-packages/airflow/example_dags/example_datasets.py for tasks to queue
[2025-05-26T03:12:45.276+0000] {logging_mixin.py:190} INFO - [2025-05-26T03:12:45.276+0000] {dagbag.py:588} INFO - Filling up the DagBag from /home/airflow/.local/lib/python3.12/site-packages/airflow/example_dags/example_datasets.py
[2025-05-26T03:12:46.084+0000] {processor.py:925} INFO - DAG(s) 'consume_1_or_both_2_and_3_with_dataset_expressions', 'dataset_consumes_1_never_scheduled', 'consume_1_and_2_with_dataset_expressions', 'dataset_consumes_unknown_never_scheduled', 'dataset_consumes_1', 'dataset_produces_2', 'dataset_produces_1', 'conditional_dataset_and_time_based_timetable', 'consume_1_or_2_with_dataset_expressions', 'dataset_consumes_1_and_2' retrieved from /home/airflow/.local/lib/python3.12/site-packages/airflow/example_dags/example_datasets.py
[2025-05-26T03:12:46.123+0000] {logging_mixin.py:190} INFO - [2025-05-26T03:12:46.122+0000] {dag.py:3239} INFO - Sync 10 DAGs
[2025-05-26T03:12:46.137+0000] {logging_mixin.py:190} INFO - [2025-05-26T03:12:46.136+0000] {dag.py:4180} INFO - Setting next_dagrun for conditional_dataset_and_time_based_timetable to 2025-05-21 01:00:00+00:00, run_after=2025-05-21 01:00:00+00:00
[2025-05-26T03:12:46.141+0000] {logging_mixin.py:190} INFO - [2025-05-26T03:12:46.140+0000] {dag.py:4180} INFO - Setting next_dagrun for consume_1_and_2_with_dataset_expressions to None, run_after=None
[2025-05-26T03:12:46.141+0000] {logging_mixin.py:190} INFO - [2025-05-26T03:12:46.141+0000] {dag.py:4180} INFO - Setting next_dagrun for consume_1_or_2_with_dataset_expressions to None, run_after=None
[2025-05-26T03:12:46.142+0000] {logging_mixin.py:190} INFO - [2025-05-26T03:12:46.142+0000] {dag.py:4180} INFO - Setting next_dagrun for consume_1_or_both_2_and_3_with_dataset_expressions to None, run_after=None
[2025-05-26T03:12:46.143+0000] {logging_mixin.py:190} INFO - [2025-05-26T03:12:46.143+0000] {dag.py:4180} INFO - Setting next_dagrun for dataset_consumes_1 to None, run_after=None
[2025-05-26T03:12:46.144+0000] {logging_mixin.py:190} INFO - [2025-05-26T03:12:46.144+0000] {dag.py:4180} INFO - Setting next_dagrun for dataset_consumes_1_and_2 to None, run_after=None
[2025-05-26T03:12:46.148+0000] {logging_mixin.py:190} INFO - [2025-05-26T03:12:46.148+0000] {dag.py:4180} INFO - Setting next_dagrun for dataset_consumes_1_never_scheduled to None, run_after=None
[2025-05-26T03:12:46.148+0000] {logging_mixin.py:190} INFO - [2025-05-26T03:12:46.148+0000] {dag.py:4180} INFO - Setting next_dagrun for dataset_consumes_unknown_never_scheduled to None, run_after=None
[2025-05-26T03:12:46.149+0000] {logging_mixin.py:190} INFO - [2025-05-26T03:12:46.149+0000] {dag.py:4180} INFO - Setting next_dagrun for dataset_produces_1 to 2025-05-25 00:00:00+00:00, run_after=2025-05-26 00:00:00+00:00
[2025-05-26T03:12:46.150+0000] {logging_mixin.py:190} INFO - [2025-05-26T03:12:46.150+0000] {dag.py:4180} INFO - Setting next_dagrun for dataset_produces_2 to None, run_after=None
[2025-05-26T03:12:46.163+0000] {processor.py:208} INFO - Processing /home/airflow/.local/lib/python3.12/site-packages/airflow/example_dags/example_datasets.py took 0.895 seconds
[2025-05-26T04:51:21.403+0000] {processor.py:186} INFO - Started process (PID=85440) to work on /home/airflow/.local/lib/python3.12/site-packages/airflow/example_dags/example_datasets.py
[2025-05-26T04:51:21.404+0000] {processor.py:914} INFO - Processing file /home/airflow/.local/lib/python3.12/site-packages/airflow/example_dags/example_datasets.py for tasks to queue
[2025-05-26T04:51:21.405+0000] {logging_mixin.py:190} INFO - [2025-05-26T04:51:21.405+0000] {dagbag.py:588} INFO - Filling up the DagBag from /home/airflow/.local/lib/python3.12/site-packages/airflow/example_dags/example_datasets.py
[2025-05-26T04:51:21.843+0000] {processor.py:925} INFO - DAG(s) 'dataset_consumes_1', 'dataset_consumes_1_never_scheduled', 'consume_1_or_2_with_dataset_expressions', 'dataset_consumes_unknown_never_scheduled', 'dataset_consumes_1_and_2', 'consume_1_and_2_with_dataset_expressions', 'consume_1_or_both_2_and_3_with_dataset_expressions', 'conditional_dataset_and_time_based_timetable', 'dataset_produces_2', 'dataset_produces_1' retrieved from /home/airflow/.local/lib/python3.12/site-packages/airflow/example_dags/example_datasets.py
[2025-05-26T04:51:21.863+0000] {logging_mixin.py:190} INFO - [2025-05-26T04:51:21.863+0000] {dag.py:3239} INFO - Sync 10 DAGs
[2025-05-26T04:51:21.877+0000] {logging_mixin.py:190} INFO - [2025-05-26T04:51:21.877+0000] {dag.py:4180} INFO - Setting next_dagrun for conditional_dataset_and_time_based_timetable to 2025-05-21 01:00:00+00:00, run_after=2025-05-21 01:00:00+00:00
[2025-05-26T04:51:21.879+0000] {logging_mixin.py:190} INFO - [2025-05-26T04:51:21.878+0000] {dag.py:4180} INFO - Setting next_dagrun for consume_1_and_2_with_dataset_expressions to None, run_after=None
[2025-05-26T04:51:21.879+0000] {logging_mixin.py:190} INFO - [2025-05-26T04:51:21.879+0000] {dag.py:4180} INFO - Setting next_dagrun for consume_1_or_2_with_dataset_expressions to None, run_after=None
[2025-05-26T04:51:21.880+0000] {logging_mixin.py:190} INFO - [2025-05-26T04:51:21.879+0000] {dag.py:4180} INFO - Setting next_dagrun for consume_1_or_both_2_and_3_with_dataset_expressions to None, run_after=None
[2025-05-26T04:51:21.880+0000] {logging_mixin.py:190} INFO - [2025-05-26T04:51:21.880+0000] {dag.py:4180} INFO - Setting next_dagrun for dataset_consumes_1 to None, run_after=None
[2025-05-26T04:51:21.880+0000] {logging_mixin.py:190} INFO - [2025-05-26T04:51:21.880+0000] {dag.py:4180} INFO - Setting next_dagrun for dataset_consumes_1_and_2 to None, run_after=None
[2025-05-26T04:51:21.881+0000] {logging_mixin.py:190} INFO - [2025-05-26T04:51:21.881+0000] {dag.py:4180} INFO - Setting next_dagrun for dataset_consumes_1_never_scheduled to None, run_after=None
[2025-05-26T04:51:21.881+0000] {logging_mixin.py:190} INFO - [2025-05-26T04:51:21.881+0000] {dag.py:4180} INFO - Setting next_dagrun for dataset_consumes_unknown_never_scheduled to None, run_after=None
[2025-05-26T04:51:21.882+0000] {logging_mixin.py:190} INFO - [2025-05-26T04:51:21.882+0000] {dag.py:4180} INFO - Setting next_dagrun for dataset_produces_1 to 2025-05-25 00:00:00+00:00, run_after=2025-05-26 00:00:00+00:00
[2025-05-26T04:51:21.882+0000] {logging_mixin.py:190} INFO - [2025-05-26T04:51:21.882+0000] {dag.py:4180} INFO - Setting next_dagrun for dataset_produces_2 to None, run_after=None
[2025-05-26T04:51:21.895+0000] {processor.py:208} INFO - Processing /home/airflow/.local/lib/python3.12/site-packages/airflow/example_dags/example_datasets.py took 0.495 seconds
[2025-05-26T05:36:59.751+0000] {processor.py:186} INFO - Started process (PID=85508) to work on /home/airflow/.local/lib/python3.12/site-packages/airflow/example_dags/example_datasets.py
[2025-05-26T05:36:59.753+0000] {processor.py:914} INFO - Processing file /home/airflow/.local/lib/python3.12/site-packages/airflow/example_dags/example_datasets.py for tasks to queue
[2025-05-26T05:36:59.756+0000] {logging_mixin.py:190} INFO - [2025-05-26T05:36:59.756+0000] {dagbag.py:588} INFO - Filling up the DagBag from /home/airflow/.local/lib/python3.12/site-packages/airflow/example_dags/example_datasets.py
[2025-05-26T05:37:00.457+0000] {processor.py:925} INFO - DAG(s) 'consume_1_or_both_2_and_3_with_dataset_expressions', 'conditional_dataset_and_time_based_timetable', 'consume_1_and_2_with_dataset_expressions', 'dataset_produces_2', 'dataset_produces_1', 'dataset_consumes_1', 'consume_1_or_2_with_dataset_expressions', 'dataset_consumes_1_never_scheduled', 'dataset_consumes_1_and_2', 'dataset_consumes_unknown_never_scheduled' retrieved from /home/airflow/.local/lib/python3.12/site-packages/airflow/example_dags/example_datasets.py
[2025-05-26T05:37:00.487+0000] {logging_mixin.py:190} INFO - [2025-05-26T05:37:00.487+0000] {dag.py:3239} INFO - Sync 10 DAGs
[2025-05-26T05:37:00.501+0000] {logging_mixin.py:190} INFO - [2025-05-26T05:37:00.500+0000] {dag.py:4180} INFO - Setting next_dagrun for conditional_dataset_and_time_based_timetable to 2025-05-21 01:00:00+00:00, run_after=2025-05-21 01:00:00+00:00
[2025-05-26T05:37:00.502+0000] {logging_mixin.py:190} INFO - [2025-05-26T05:37:00.502+0000] {dag.py:4180} INFO - Setting next_dagrun for consume_1_and_2_with_dataset_expressions to None, run_after=None
[2025-05-26T05:37:00.503+0000] {logging_mixin.py:190} INFO - [2025-05-26T05:37:00.503+0000] {dag.py:4180} INFO - Setting next_dagrun for consume_1_or_2_with_dataset_expressions to None, run_after=None
[2025-05-26T05:37:00.504+0000] {logging_mixin.py:190} INFO - [2025-05-26T05:37:00.504+0000] {dag.py:4180} INFO - Setting next_dagrun for consume_1_or_both_2_and_3_with_dataset_expressions to None, run_after=None
[2025-05-26T05:37:00.504+0000] {logging_mixin.py:190} INFO - [2025-05-26T05:37:00.504+0000] {dag.py:4180} INFO - Setting next_dagrun for dataset_consumes_1 to None, run_after=None
[2025-05-26T05:37:00.505+0000] {logging_mixin.py:190} INFO - [2025-05-26T05:37:00.505+0000] {dag.py:4180} INFO - Setting next_dagrun for dataset_consumes_1_and_2 to None, run_after=None
[2025-05-26T05:37:00.505+0000] {logging_mixin.py:190} INFO - [2025-05-26T05:37:00.505+0000] {dag.py:4180} INFO - Setting next_dagrun for dataset_consumes_1_never_scheduled to None, run_after=None
[2025-05-26T05:37:00.506+0000] {logging_mixin.py:190} INFO - [2025-05-26T05:37:00.506+0000] {dag.py:4180} INFO - Setting next_dagrun for dataset_consumes_unknown_never_scheduled to None, run_after=None
[2025-05-26T05:37:00.508+0000] {logging_mixin.py:190} INFO - [2025-05-26T05:37:00.508+0000] {dag.py:4180} INFO - Setting next_dagrun for dataset_produces_1 to 2025-05-25 00:00:00+00:00, run_after=2025-05-26 00:00:00+00:00
[2025-05-26T05:37:00.510+0000] {logging_mixin.py:190} INFO - [2025-05-26T05:37:00.510+0000] {dag.py:4180} INFO - Setting next_dagrun for dataset_produces_2 to None, run_after=None
[2025-05-26T05:37:00.529+0000] {processor.py:208} INFO - Processing /home/airflow/.local/lib/python3.12/site-packages/airflow/example_dags/example_datasets.py took 0.782 seconds
[2025-05-26T06:04:17.989+0000] {processor.py:186} INFO - Started process (PID=85576) to work on /home/airflow/.local/lib/python3.12/site-packages/airflow/example_dags/example_datasets.py
[2025-05-26T06:04:17.991+0000] {processor.py:914} INFO - Processing file /home/airflow/.local/lib/python3.12/site-packages/airflow/example_dags/example_datasets.py for tasks to queue
[2025-05-26T06:04:17.993+0000] {logging_mixin.py:190} INFO - [2025-05-26T06:04:17.993+0000] {dagbag.py:588} INFO - Filling up the DagBag from /home/airflow/.local/lib/python3.12/site-packages/airflow/example_dags/example_datasets.py
[2025-05-26T06:04:18.622+0000] {processor.py:925} INFO - DAG(s) 'consume_1_or_2_with_dataset_expressions', 'consume_1_or_both_2_and_3_with_dataset_expressions', 'dataset_consumes_1_never_scheduled', 'dataset_consumes_1', 'consume_1_and_2_with_dataset_expressions', 'conditional_dataset_and_time_based_timetable', 'dataset_consumes_unknown_never_scheduled', 'dataset_produces_2', 'dataset_consumes_1_and_2', 'dataset_produces_1' retrieved from /home/airflow/.local/lib/python3.12/site-packages/airflow/example_dags/example_datasets.py
[2025-05-26T06:04:18.645+0000] {logging_mixin.py:190} INFO - [2025-05-26T06:04:18.645+0000] {dag.py:3239} INFO - Sync 10 DAGs
[2025-05-26T06:04:18.661+0000] {logging_mixin.py:190} INFO - [2025-05-26T06:04:18.661+0000] {dag.py:4180} INFO - Setting next_dagrun for conditional_dataset_and_time_based_timetable to 2025-05-21 01:00:00+00:00, run_after=2025-05-21 01:00:00+00:00
[2025-05-26T06:04:18.664+0000] {logging_mixin.py:190} INFO - [2025-05-26T06:04:18.664+0000] {dag.py:4180} INFO - Setting next_dagrun for consume_1_and_2_with_dataset_expressions to None, run_after=None
[2025-05-26T06:04:18.665+0000] {logging_mixin.py:190} INFO - [2025-05-26T06:04:18.665+0000] {dag.py:4180} INFO - Setting next_dagrun for consume_1_or_2_with_dataset_expressions to None, run_after=None
[2025-05-26T06:04:18.666+0000] {logging_mixin.py:190} INFO - [2025-05-26T06:04:18.666+0000] {dag.py:4180} INFO - Setting next_dagrun for consume_1_or_both_2_and_3_with_dataset_expressions to None, run_after=None
[2025-05-26T06:04:18.666+0000] {logging_mixin.py:190} INFO - [2025-05-26T06:04:18.666+0000] {dag.py:4180} INFO - Setting next_dagrun for dataset_consumes_1 to None, run_after=None
[2025-05-26T06:04:18.667+0000] {logging_mixin.py:190} INFO - [2025-05-26T06:04:18.667+0000] {dag.py:4180} INFO - Setting next_dagrun for dataset_consumes_1_and_2 to None, run_after=None
[2025-05-26T06:04:18.667+0000] {logging_mixin.py:190} INFO - [2025-05-26T06:04:18.667+0000] {dag.py:4180} INFO - Setting next_dagrun for dataset_consumes_1_never_scheduled to None, run_after=None
[2025-05-26T06:04:18.668+0000] {logging_mixin.py:190} INFO - [2025-05-26T06:04:18.667+0000] {dag.py:4180} INFO - Setting next_dagrun for dataset_consumes_unknown_never_scheduled to None, run_after=None
[2025-05-26T06:04:18.668+0000] {logging_mixin.py:190} INFO - [2025-05-26T06:04:18.668+0000] {dag.py:4180} INFO - Setting next_dagrun for dataset_produces_1 to 2025-05-25 00:00:00+00:00, run_after=2025-05-26 00:00:00+00:00
[2025-05-26T06:04:18.669+0000] {logging_mixin.py:190} INFO - [2025-05-26T06:04:18.669+0000] {dag.py:4180} INFO - Setting next_dagrun for dataset_produces_2 to None, run_after=None
[2025-05-26T06:04:18.681+0000] {processor.py:208} INFO - Processing /home/airflow/.local/lib/python3.12/site-packages/airflow/example_dags/example_datasets.py took 0.696 seconds
[2025-05-26T06:23:01.191+0000] {processor.py:186} INFO - Started process (PID=85644) to work on /home/airflow/.local/lib/python3.12/site-packages/airflow/example_dags/example_datasets.py
[2025-05-26T06:23:01.192+0000] {processor.py:914} INFO - Processing file /home/airflow/.local/lib/python3.12/site-packages/airflow/example_dags/example_datasets.py for tasks to queue
[2025-05-26T06:23:01.193+0000] {logging_mixin.py:190} INFO - [2025-05-26T06:23:01.193+0000] {dagbag.py:588} INFO - Filling up the DagBag from /home/airflow/.local/lib/python3.12/site-packages/airflow/example_dags/example_datasets.py
[2025-05-26T06:23:01.721+0000] {processor.py:925} INFO - DAG(s) 'dataset_produces_1', 'dataset_consumes_1_and_2', 'consume_1_and_2_with_dataset_expressions', 'dataset_consumes_unknown_never_scheduled', 'dataset_consumes_1', 'dataset_consumes_1_never_scheduled', 'consume_1_or_both_2_and_3_with_dataset_expressions', 'dataset_produces_2', 'consume_1_or_2_with_dataset_expressions', 'conditional_dataset_and_time_based_timetable' retrieved from /home/airflow/.local/lib/python3.12/site-packages/airflow/example_dags/example_datasets.py
[2025-05-26T06:23:01.739+0000] {logging_mixin.py:190} INFO - [2025-05-26T06:23:01.739+0000] {dag.py:3239} INFO - Sync 10 DAGs
[2025-05-26T06:23:01.749+0000] {logging_mixin.py:190} INFO - [2025-05-26T06:23:01.749+0000] {dag.py:4180} INFO - Setting next_dagrun for conditional_dataset_and_time_based_timetable to 2025-05-21 01:00:00+00:00, run_after=2025-05-21 01:00:00+00:00
[2025-05-26T06:23:01.754+0000] {logging_mixin.py:190} INFO - [2025-05-26T06:23:01.754+0000] {dag.py:4180} INFO - Setting next_dagrun for consume_1_and_2_with_dataset_expressions to None, run_after=None
[2025-05-26T06:23:01.755+0000] {logging_mixin.py:190} INFO - [2025-05-26T06:23:01.755+0000] {dag.py:4180} INFO - Setting next_dagrun for consume_1_or_2_with_dataset_expressions to None, run_after=None
[2025-05-26T06:23:01.756+0000] {logging_mixin.py:190} INFO - [2025-05-26T06:23:01.756+0000] {dag.py:4180} INFO - Setting next_dagrun for consume_1_or_both_2_and_3_with_dataset_expressions to None, run_after=None
[2025-05-26T06:23:01.757+0000] {logging_mixin.py:190} INFO - [2025-05-26T06:23:01.757+0000] {dag.py:4180} INFO - Setting next_dagrun for dataset_consumes_1 to None, run_after=None
[2025-05-26T06:23:01.757+0000] {logging_mixin.py:190} INFO - [2025-05-26T06:23:01.757+0000] {dag.py:4180} INFO - Setting next_dagrun for dataset_consumes_1_and_2 to None, run_after=None
[2025-05-26T06:23:01.758+0000] {logging_mixin.py:190} INFO - [2025-05-26T06:23:01.758+0000] {dag.py:4180} INFO - Setting next_dagrun for dataset_consumes_1_never_scheduled to None, run_after=None
[2025-05-26T06:23:01.759+0000] {logging_mixin.py:190} INFO - [2025-05-26T06:23:01.758+0000] {dag.py:4180} INFO - Setting next_dagrun for dataset_consumes_unknown_never_scheduled to None, run_after=None
[2025-05-26T06:23:01.760+0000] {logging_mixin.py:190} INFO - [2025-05-26T06:23:01.759+0000] {dag.py:4180} INFO - Setting next_dagrun for dataset_produces_1 to 2025-05-25 00:00:00+00:00, run_after=2025-05-26 00:00:00+00:00
[2025-05-26T06:23:01.760+0000] {logging_mixin.py:190} INFO - [2025-05-26T06:23:01.760+0000] {dag.py:4180} INFO - Setting next_dagrun for dataset_produces_2 to None, run_after=None
[2025-05-26T06:23:01.775+0000] {processor.py:208} INFO - Processing /home/airflow/.local/lib/python3.12/site-packages/airflow/example_dags/example_datasets.py took 0.588 seconds
