[2025-05-26T00:10:24.441+0000] {processor.py:186} INFO - Started process (PID=85247) to work on /home/airflow/.local/lib/python3.12/site-packages/airflow/example_dags/example_inlet_event_extra.py
[2025-05-26T00:10:24.441+0000] {processor.py:914} INFO - Processing file /home/airflow/.local/lib/python3.12/site-packages/airflow/example_dags/example_inlet_event_extra.py for tasks to queue
[2025-05-26T00:10:24.443+0000] {logging_mixin.py:190} INFO - [2025-05-26T00:10:24.442+0000] {dagbag.py:588} INFO - Filling up the DagBag from /home/airflow/.local/lib/python3.12/site-packages/airflow/example_dags/example_inlet_event_extra.py
[2025-05-26T00:10:24.711+0000] {processor.py:925} INFO - DAG(s) 'read_dataset_event', 'read_dataset_event_from_classic' retrieved from /home/airflow/.local/lib/python3.12/site-packages/airflow/example_dags/example_inlet_event_extra.py
[2025-05-26T00:10:24.723+0000] {logging_mixin.py:190} INFO - [2025-05-26T00:10:24.723+0000] {dag.py:3239} INFO - Sync 2 DAGs
[2025-05-26T00:10:24.733+0000] {logging_mixin.py:190} INFO - [2025-05-26T00:10:24.733+0000] {dag.py:4180} INFO - Setting next_dagrun for read_dataset_event to 2025-05-25 00:00:00+00:00, run_after=2025-05-26 00:00:00+00:00
[2025-05-26T00:10:24.735+0000] {logging_mixin.py:190} INFO - [2025-05-26T00:10:24.735+0000] {dag.py:4180} INFO - Setting next_dagrun for read_dataset_event_from_classic to 2025-05-25 00:00:00+00:00, run_after=2025-05-26 00:00:00+00:00
[2025-05-26T00:10:24.741+0000] {processor.py:208} INFO - Processing /home/airflow/.local/lib/python3.12/site-packages/airflow/example_dags/example_inlet_event_extra.py took 0.303 seconds
[2025-05-26T01:49:24.223+0000] {processor.py:186} INFO - Started process (PID=85315) to work on /home/airflow/.local/lib/python3.12/site-packages/airflow/example_dags/example_inlet_event_extra.py
[2025-05-26T01:49:24.224+0000] {processor.py:914} INFO - Processing file /home/airflow/.local/lib/python3.12/site-packages/airflow/example_dags/example_inlet_event_extra.py for tasks to queue
[2025-05-26T01:49:24.225+0000] {logging_mixin.py:190} INFO - [2025-05-26T01:49:24.225+0000] {dagbag.py:588} INFO - Filling up the DagBag from /home/airflow/.local/lib/python3.12/site-packages/airflow/example_dags/example_inlet_event_extra.py
[2025-05-26T01:49:24.482+0000] {processor.py:925} INFO - DAG(s) 'read_dataset_event_from_classic', 'read_dataset_event' retrieved from /home/airflow/.local/lib/python3.12/site-packages/airflow/example_dags/example_inlet_event_extra.py
[2025-05-26T01:49:24.497+0000] {logging_mixin.py:190} INFO - [2025-05-26T01:49:24.497+0000] {dag.py:3239} INFO - Sync 2 DAGs
[2025-05-26T01:49:24.506+0000] {logging_mixin.py:190} INFO - [2025-05-26T01:49:24.506+0000] {dag.py:4180} INFO - Setting next_dagrun for read_dataset_event to 2025-05-25 00:00:00+00:00, run_after=2025-05-26 00:00:00+00:00
[2025-05-26T01:49:24.508+0000] {logging_mixin.py:190} INFO - [2025-05-26T01:49:24.508+0000] {dag.py:4180} INFO - Setting next_dagrun for read_dataset_event_from_classic to 2025-05-25 00:00:00+00:00, run_after=2025-05-26 00:00:00+00:00
[2025-05-26T01:49:24.521+0000] {processor.py:208} INFO - Processing /home/airflow/.local/lib/python3.12/site-packages/airflow/example_dags/example_inlet_event_extra.py took 0.301 seconds
[2025-05-26T03:12:46.341+0000] {processor.py:186} INFO - Started process (PID=85383) to work on /home/airflow/.local/lib/python3.12/site-packages/airflow/example_dags/example_inlet_event_extra.py
[2025-05-26T03:12:46.341+0000] {processor.py:914} INFO - Processing file /home/airflow/.local/lib/python3.12/site-packages/airflow/example_dags/example_inlet_event_extra.py for tasks to queue
[2025-05-26T03:12:46.345+0000] {logging_mixin.py:190} INFO - [2025-05-26T03:12:46.345+0000] {dagbag.py:588} INFO - Filling up the DagBag from /home/airflow/.local/lib/python3.12/site-packages/airflow/example_dags/example_inlet_event_extra.py
[2025-05-26T03:12:46.706+0000] {processor.py:925} INFO - DAG(s) 'read_dataset_event_from_classic', 'read_dataset_event' retrieved from /home/airflow/.local/lib/python3.12/site-packages/airflow/example_dags/example_inlet_event_extra.py
[2025-05-26T03:12:46.726+0000] {logging_mixin.py:190} INFO - [2025-05-26T03:12:46.726+0000] {dag.py:3239} INFO - Sync 2 DAGs
[2025-05-26T03:12:46.738+0000] {logging_mixin.py:190} INFO - [2025-05-26T03:12:46.738+0000] {dag.py:4180} INFO - Setting next_dagrun for read_dataset_event to 2025-05-25 00:00:00+00:00, run_after=2025-05-26 00:00:00+00:00
[2025-05-26T03:12:46.741+0000] {logging_mixin.py:190} INFO - [2025-05-26T03:12:46.741+0000] {dag.py:4180} INFO - Setting next_dagrun for read_dataset_event_from_classic to 2025-05-25 00:00:00+00:00, run_after=2025-05-26 00:00:00+00:00
[2025-05-26T03:12:46.748+0000] {processor.py:208} INFO - Processing /home/airflow/.local/lib/python3.12/site-packages/airflow/example_dags/example_inlet_event_extra.py took 0.411 seconds
[2025-05-26T04:51:22.105+0000] {processor.py:186} INFO - Started process (PID=85451) to work on /home/airflow/.local/lib/python3.12/site-packages/airflow/example_dags/example_inlet_event_extra.py
[2025-05-26T04:51:22.106+0000] {processor.py:914} INFO - Processing file /home/airflow/.local/lib/python3.12/site-packages/airflow/example_dags/example_inlet_event_extra.py for tasks to queue
[2025-05-26T04:51:22.107+0000] {logging_mixin.py:190} INFO - [2025-05-26T04:51:22.107+0000] {dagbag.py:588} INFO - Filling up the DagBag from /home/airflow/.local/lib/python3.12/site-packages/airflow/example_dags/example_inlet_event_extra.py
[2025-05-26T04:51:22.386+0000] {processor.py:925} INFO - DAG(s) 'read_dataset_event', 'read_dataset_event_from_classic' retrieved from /home/airflow/.local/lib/python3.12/site-packages/airflow/example_dags/example_inlet_event_extra.py
[2025-05-26T04:51:22.396+0000] {logging_mixin.py:190} INFO - [2025-05-26T04:51:22.395+0000] {dag.py:3239} INFO - Sync 2 DAGs
[2025-05-26T04:51:22.405+0000] {logging_mixin.py:190} INFO - [2025-05-26T04:51:22.405+0000] {dag.py:4180} INFO - Setting next_dagrun for read_dataset_event to 2025-05-25 00:00:00+00:00, run_after=2025-05-26 00:00:00+00:00
[2025-05-26T04:51:22.408+0000] {logging_mixin.py:190} INFO - [2025-05-26T04:51:22.407+0000] {dag.py:4180} INFO - Setting next_dagrun for read_dataset_event_from_classic to 2025-05-25 00:00:00+00:00, run_after=2025-05-26 00:00:00+00:00
[2025-05-26T04:51:22.414+0000] {processor.py:208} INFO - Processing /home/airflow/.local/lib/python3.12/site-packages/airflow/example_dags/example_inlet_event_extra.py took 0.312 seconds
[2025-05-26T05:37:00.746+0000] {processor.py:186} INFO - Started process (PID=85519) to work on /home/airflow/.local/lib/python3.12/site-packages/airflow/example_dags/example_inlet_event_extra.py
[2025-05-26T05:37:00.746+0000] {processor.py:914} INFO - Processing file /home/airflow/.local/lib/python3.12/site-packages/airflow/example_dags/example_inlet_event_extra.py for tasks to queue
[2025-05-26T05:37:00.749+0000] {logging_mixin.py:190} INFO - [2025-05-26T05:37:00.749+0000] {dagbag.py:588} INFO - Filling up the DagBag from /home/airflow/.local/lib/python3.12/site-packages/airflow/example_dags/example_inlet_event_extra.py
[2025-05-26T05:37:01.063+0000] {processor.py:925} INFO - DAG(s) 'read_dataset_event', 'read_dataset_event_from_classic' retrieved from /home/airflow/.local/lib/python3.12/site-packages/airflow/example_dags/example_inlet_event_extra.py
[2025-05-26T05:37:01.073+0000] {logging_mixin.py:190} INFO - [2025-05-26T05:37:01.073+0000] {dag.py:3239} INFO - Sync 2 DAGs
[2025-05-26T05:37:01.084+0000] {logging_mixin.py:190} INFO - [2025-05-26T05:37:01.084+0000] {dag.py:4180} INFO - Setting next_dagrun for read_dataset_event to 2025-05-25 00:00:00+00:00, run_after=2025-05-26 00:00:00+00:00
[2025-05-26T05:37:01.086+0000] {logging_mixin.py:190} INFO - [2025-05-26T05:37:01.086+0000] {dag.py:4180} INFO - Setting next_dagrun for read_dataset_event_from_classic to 2025-05-25 00:00:00+00:00, run_after=2025-05-26 00:00:00+00:00
[2025-05-26T05:37:01.095+0000] {processor.py:208} INFO - Processing /home/airflow/.local/lib/python3.12/site-packages/airflow/example_dags/example_inlet_event_extra.py took 0.352 seconds
[2025-05-26T06:04:18.831+0000] {processor.py:186} INFO - Started process (PID=85587) to work on /home/airflow/.local/lib/python3.12/site-packages/airflow/example_dags/example_inlet_event_extra.py
[2025-05-26T06:04:18.831+0000] {processor.py:914} INFO - Processing file /home/airflow/.local/lib/python3.12/site-packages/airflow/example_dags/example_inlet_event_extra.py for tasks to queue
[2025-05-26T06:04:18.836+0000] {logging_mixin.py:190} INFO - [2025-05-26T06:04:18.836+0000] {dagbag.py:588} INFO - Filling up the DagBag from /home/airflow/.local/lib/python3.12/site-packages/airflow/example_dags/example_inlet_event_extra.py
[2025-05-26T06:04:19.154+0000] {processor.py:925} INFO - DAG(s) 'read_dataset_event', 'read_dataset_event_from_classic' retrieved from /home/airflow/.local/lib/python3.12/site-packages/airflow/example_dags/example_inlet_event_extra.py
[2025-05-26T06:04:19.164+0000] {logging_mixin.py:190} INFO - [2025-05-26T06:04:19.164+0000] {dag.py:3239} INFO - Sync 2 DAGs
[2025-05-26T06:04:19.173+0000] {logging_mixin.py:190} INFO - [2025-05-26T06:04:19.173+0000] {dag.py:4180} INFO - Setting next_dagrun for read_dataset_event to 2025-05-25 00:00:00+00:00, run_after=2025-05-26 00:00:00+00:00
[2025-05-26T06:04:19.176+0000] {logging_mixin.py:190} INFO - [2025-05-26T06:04:19.176+0000] {dag.py:4180} INFO - Setting next_dagrun for read_dataset_event_from_classic to 2025-05-25 00:00:00+00:00, run_after=2025-05-26 00:00:00+00:00
[2025-05-26T06:04:19.182+0000] {processor.py:208} INFO - Processing /home/airflow/.local/lib/python3.12/site-packages/airflow/example_dags/example_inlet_event_extra.py took 0.354 seconds
[2025-05-26T06:23:01.963+0000] {processor.py:186} INFO - Started process (PID=85655) to work on /home/airflow/.local/lib/python3.12/site-packages/airflow/example_dags/example_inlet_event_extra.py
[2025-05-26T06:23:01.964+0000] {processor.py:914} INFO - Processing file /home/airflow/.local/lib/python3.12/site-packages/airflow/example_dags/example_inlet_event_extra.py for tasks to queue
[2025-05-26T06:23:01.966+0000] {logging_mixin.py:190} INFO - [2025-05-26T06:23:01.966+0000] {dagbag.py:588} INFO - Filling up the DagBag from /home/airflow/.local/lib/python3.12/site-packages/airflow/example_dags/example_inlet_event_extra.py
[2025-05-26T06:23:02.298+0000] {processor.py:925} INFO - DAG(s) 'read_dataset_event', 'read_dataset_event_from_classic' retrieved from /home/airflow/.local/lib/python3.12/site-packages/airflow/example_dags/example_inlet_event_extra.py
[2025-05-26T06:23:02.309+0000] {logging_mixin.py:190} INFO - [2025-05-26T06:23:02.309+0000] {dag.py:3239} INFO - Sync 2 DAGs
[2025-05-26T06:23:02.320+0000] {logging_mixin.py:190} INFO - [2025-05-26T06:23:02.320+0000] {dag.py:4180} INFO - Setting next_dagrun for read_dataset_event to 2025-05-25 00:00:00+00:00, run_after=2025-05-26 00:00:00+00:00
[2025-05-26T06:23:02.322+0000] {logging_mixin.py:190} INFO - [2025-05-26T06:23:02.322+0000] {dag.py:4180} INFO - Setting next_dagrun for read_dataset_event_from_classic to 2025-05-25 00:00:00+00:00, run_after=2025-05-26 00:00:00+00:00
[2025-05-26T06:23:02.328+0000] {processor.py:208} INFO - Processing /home/airflow/.local/lib/python3.12/site-packages/airflow/example_dags/example_inlet_event_extra.py took 0.370 seconds
