[2025-05-26T00:10:23.583+0000] {processor.py:186} INFO - Started process (PID=85231) to work on /home/airflow/.local/lib/python3.12/site-packages/airflow/example_dags/example_bash_operator.py
[2025-05-26T00:10:23.583+0000] {processor.py:914} INFO - Processing file /home/airflow/.local/lib/python3.12/site-packages/airflow/example_dags/example_bash_operator.py for tasks to queue
[2025-05-26T00:10:23.585+0000] {logging_mixin.py:190} INFO - [2025-05-26T00:10:23.584+0000] {dagbag.py:588} INFO - Filling up the DagBag from /home/airflow/.local/lib/python3.12/site-packages/airflow/example_dags/example_bash_operator.py
[2025-05-26T00:10:23.592+0000] {processor.py:925} INFO - DAG(s) 'example_bash_operator' retrieved from /home/airflow/.local/lib/python3.12/site-packages/airflow/example_dags/example_bash_operator.py
[2025-05-26T00:10:23.609+0000] {logging_mixin.py:190} INFO - [2025-05-26T00:10:23.609+0000] {dag.py:3239} INFO - Sync 1 DAGs
[2025-05-26T00:10:23.621+0000] {logging_mixin.py:190} INFO - [2025-05-26T00:10:23.620+0000] {dag.py:4180} INFO - Setting next_dagrun for example_bash_operator to 2025-05-25 00:00:00+00:00, run_after=2025-05-26 00:00:00+00:00
[2025-05-26T00:10:23.629+0000] {processor.py:208} INFO - Processing /home/airflow/.local/lib/python3.12/site-packages/airflow/example_dags/example_bash_operator.py took 0.050 seconds
[2025-05-26T01:49:23.333+0000] {processor.py:186} INFO - Started process (PID=85299) to work on /home/airflow/.local/lib/python3.12/site-packages/airflow/example_dags/example_bash_operator.py
[2025-05-26T01:49:23.333+0000] {processor.py:914} INFO - Processing file /home/airflow/.local/lib/python3.12/site-packages/airflow/example_dags/example_bash_operator.py for tasks to queue
[2025-05-26T01:49:23.335+0000] {logging_mixin.py:190} INFO - [2025-05-26T01:49:23.334+0000] {dagbag.py:588} INFO - Filling up the DagBag from /home/airflow/.local/lib/python3.12/site-packages/airflow/example_dags/example_bash_operator.py
[2025-05-26T01:49:23.345+0000] {processor.py:925} INFO - DAG(s) 'example_bash_operator' retrieved from /home/airflow/.local/lib/python3.12/site-packages/airflow/example_dags/example_bash_operator.py
[2025-05-26T01:49:23.366+0000] {logging_mixin.py:190} INFO - [2025-05-26T01:49:23.366+0000] {dag.py:3239} INFO - Sync 1 DAGs
[2025-05-26T01:49:23.385+0000] {logging_mixin.py:190} INFO - [2025-05-26T01:49:23.385+0000] {dag.py:4180} INFO - Setting next_dagrun for example_bash_operator to 2025-05-25 00:00:00+00:00, run_after=2025-05-26 00:00:00+00:00
[2025-05-26T01:49:23.404+0000] {processor.py:208} INFO - Processing /home/airflow/.local/lib/python3.12/site-packages/airflow/example_dags/example_bash_operator.py took 0.075 seconds
[2025-05-26T03:12:45.076+0000] {processor.py:186} INFO - Started process (PID=85367) to work on /home/airflow/.local/lib/python3.12/site-packages/airflow/example_dags/example_bash_operator.py
[2025-05-26T03:12:45.080+0000] {processor.py:914} INFO - Processing file /home/airflow/.local/lib/python3.12/site-packages/airflow/example_dags/example_bash_operator.py for tasks to queue
[2025-05-26T03:12:45.082+0000] {logging_mixin.py:190} INFO - [2025-05-26T03:12:45.082+0000] {dagbag.py:588} INFO - Filling up the DagBag from /home/airflow/.local/lib/python3.12/site-packages/airflow/example_dags/example_bash_operator.py
[2025-05-26T03:12:45.091+0000] {processor.py:925} INFO - DAG(s) 'example_bash_operator' retrieved from /home/airflow/.local/lib/python3.12/site-packages/airflow/example_dags/example_bash_operator.py
[2025-05-26T03:12:45.110+0000] {logging_mixin.py:190} INFO - [2025-05-26T03:12:45.110+0000] {dag.py:3239} INFO - Sync 1 DAGs
[2025-05-26T03:12:45.124+0000] {logging_mixin.py:190} INFO - [2025-05-26T03:12:45.124+0000] {dag.py:4180} INFO - Setting next_dagrun for example_bash_operator to 2025-05-25 00:00:00+00:00, run_after=2025-05-26 00:00:00+00:00
[2025-05-26T03:12:45.132+0000] {processor.py:208} INFO - Processing /home/airflow/.local/lib/python3.12/site-packages/airflow/example_dags/example_bash_operator.py took 0.059 seconds
[2025-05-26T04:51:21.221+0000] {processor.py:186} INFO - Started process (PID=85435) to work on /home/airflow/.local/lib/python3.12/site-packages/airflow/example_dags/example_bash_operator.py
[2025-05-26T04:51:21.221+0000] {processor.py:914} INFO - Processing file /home/airflow/.local/lib/python3.12/site-packages/airflow/example_dags/example_bash_operator.py for tasks to queue
[2025-05-26T04:51:21.223+0000] {logging_mixin.py:190} INFO - [2025-05-26T04:51:21.223+0000] {dagbag.py:588} INFO - Filling up the DagBag from /home/airflow/.local/lib/python3.12/site-packages/airflow/example_dags/example_bash_operator.py
[2025-05-26T04:51:21.229+0000] {processor.py:925} INFO - DAG(s) 'example_bash_operator' retrieved from /home/airflow/.local/lib/python3.12/site-packages/airflow/example_dags/example_bash_operator.py
[2025-05-26T04:51:21.248+0000] {logging_mixin.py:190} INFO - [2025-05-26T04:51:21.248+0000] {dag.py:3239} INFO - Sync 1 DAGs
[2025-05-26T04:51:21.263+0000] {logging_mixin.py:190} INFO - [2025-05-26T04:51:21.263+0000] {dag.py:4180} INFO - Setting next_dagrun for example_bash_operator to 2025-05-25 00:00:00+00:00, run_after=2025-05-26 00:00:00+00:00
[2025-05-26T04:51:21.277+0000] {processor.py:208} INFO - Processing /home/airflow/.local/lib/python3.12/site-packages/airflow/example_dags/example_bash_operator.py took 0.060 seconds
[2025-05-26T05:36:59.424+0000] {processor.py:186} INFO - Started process (PID=85503) to work on /home/airflow/.local/lib/python3.12/site-packages/airflow/example_dags/example_bash_operator.py
[2025-05-26T05:36:59.425+0000] {processor.py:914} INFO - Processing file /home/airflow/.local/lib/python3.12/site-packages/airflow/example_dags/example_bash_operator.py for tasks to queue
[2025-05-26T05:36:59.427+0000] {logging_mixin.py:190} INFO - [2025-05-26T05:36:59.427+0000] {dagbag.py:588} INFO - Filling up the DagBag from /home/airflow/.local/lib/python3.12/site-packages/airflow/example_dags/example_bash_operator.py
[2025-05-26T05:36:59.439+0000] {processor.py:925} INFO - DAG(s) 'example_bash_operator' retrieved from /home/airflow/.local/lib/python3.12/site-packages/airflow/example_dags/example_bash_operator.py
[2025-05-26T05:36:59.483+0000] {logging_mixin.py:190} INFO - [2025-05-26T05:36:59.483+0000] {dag.py:3239} INFO - Sync 1 DAGs
[2025-05-26T05:36:59.506+0000] {logging_mixin.py:190} INFO - [2025-05-26T05:36:59.506+0000] {dag.py:4180} INFO - Setting next_dagrun for example_bash_operator to 2025-05-25 00:00:00+00:00, run_after=2025-05-26 00:00:00+00:00
[2025-05-26T05:36:59.531+0000] {processor.py:208} INFO - Processing /home/airflow/.local/lib/python3.12/site-packages/airflow/example_dags/example_bash_operator.py took 0.111 seconds
[2025-05-26T06:04:17.734+0000] {processor.py:186} INFO - Started process (PID=85571) to work on /home/airflow/.local/lib/python3.12/site-packages/airflow/example_dags/example_bash_operator.py
[2025-05-26T06:04:17.735+0000] {processor.py:914} INFO - Processing file /home/airflow/.local/lib/python3.12/site-packages/airflow/example_dags/example_bash_operator.py for tasks to queue
[2025-05-26T06:04:17.736+0000] {logging_mixin.py:190} INFO - [2025-05-26T06:04:17.736+0000] {dagbag.py:588} INFO - Filling up the DagBag from /home/airflow/.local/lib/python3.12/site-packages/airflow/example_dags/example_bash_operator.py
[2025-05-26T06:04:17.743+0000] {processor.py:925} INFO - DAG(s) 'example_bash_operator' retrieved from /home/airflow/.local/lib/python3.12/site-packages/airflow/example_dags/example_bash_operator.py
[2025-05-26T06:04:17.756+0000] {logging_mixin.py:190} INFO - [2025-05-26T06:04:17.756+0000] {dag.py:3239} INFO - Sync 1 DAGs
[2025-05-26T06:04:17.770+0000] {logging_mixin.py:190} INFO - [2025-05-26T06:04:17.770+0000] {dag.py:4180} INFO - Setting next_dagrun for example_bash_operator to 2025-05-25 00:00:00+00:00, run_after=2025-05-26 00:00:00+00:00
[2025-05-26T06:04:17.781+0000] {processor.py:208} INFO - Processing /home/airflow/.local/lib/python3.12/site-packages/airflow/example_dags/example_bash_operator.py took 0.049 seconds
[2025-05-26T06:23:00.961+0000] {processor.py:186} INFO - Started process (PID=85639) to work on /home/airflow/.local/lib/python3.12/site-packages/airflow/example_dags/example_bash_operator.py
[2025-05-26T06:23:00.965+0000] {processor.py:914} INFO - Processing file /home/airflow/.local/lib/python3.12/site-packages/airflow/example_dags/example_bash_operator.py for tasks to queue
[2025-05-26T06:23:00.967+0000] {logging_mixin.py:190} INFO - [2025-05-26T06:23:00.967+0000] {dagbag.py:588} INFO - Filling up the DagBag from /home/airflow/.local/lib/python3.12/site-packages/airflow/example_dags/example_bash_operator.py
[2025-05-26T06:23:00.975+0000] {processor.py:925} INFO - DAG(s) 'example_bash_operator' retrieved from /home/airflow/.local/lib/python3.12/site-packages/airflow/example_dags/example_bash_operator.py
[2025-05-26T06:23:01.010+0000] {logging_mixin.py:190} INFO - [2025-05-26T06:23:01.010+0000] {dag.py:3239} INFO - Sync 1 DAGs
[2025-05-26T06:23:01.025+0000] {logging_mixin.py:190} INFO - [2025-05-26T06:23:01.025+0000] {dag.py:4180} INFO - Setting next_dagrun for example_bash_operator to 2025-05-25 00:00:00+00:00, run_after=2025-05-26 00:00:00+00:00
[2025-05-26T06:23:01.036+0000] {processor.py:208} INFO - Processing /home/airflow/.local/lib/python3.12/site-packages/airflow/example_dags/example_bash_operator.py took 0.079 seconds
