[2025-05-26T00:10:23.696+0000] {processor.py:186} INFO - Started process (PID=85234) to work on /home/airflow/.local/lib/python3.12/site-packages/airflow/example_dags/example_dag_decorator.py
[2025-05-26T00:10:23.697+0000] {processor.py:914} INFO - Processing file /home/airflow/.local/lib/python3.12/site-packages/airflow/example_dags/example_dag_decorator.py for tasks to queue
[2025-05-26T00:10:23.699+0000] {logging_mixin.py:190} INFO - [2025-05-26T00:10:23.698+0000] {dagbag.py:588} INFO - Filling up the DagBag from /home/airflow/.local/lib/python3.12/site-packages/airflow/example_dags/example_dag_decorator.py
[2025-05-26T00:10:23.751+0000] {processor.py:925} INFO - DAG(s) 'example_dag_decorator' retrieved from /home/airflow/.local/lib/python3.12/site-packages/airflow/example_dags/example_dag_decorator.py
[2025-05-26T00:10:23.803+0000] {logging_mixin.py:190} INFO - [2025-05-26T00:10:23.803+0000] {dag.py:3239} INFO - Sync 1 DAGs
[2025-05-26T00:10:23.809+0000] {logging_mixin.py:190} INFO - [2025-05-26T00:10:23.809+0000] {dag.py:4180} INFO - Setting next_dagrun for example_dag_decorator to None, run_after=None
[2025-05-26T00:10:23.817+0000] {processor.py:208} INFO - Processing /home/airflow/.local/lib/python3.12/site-packages/airflow/example_dags/example_dag_decorator.py took 0.125 seconds
[2025-05-26T01:49:23.447+0000] {processor.py:186} INFO - Started process (PID=85302) to work on /home/airflow/.local/lib/python3.12/site-packages/airflow/example_dags/example_dag_decorator.py
[2025-05-26T01:49:23.447+0000] {processor.py:914} INFO - Processing file /home/airflow/.local/lib/python3.12/site-packages/airflow/example_dags/example_dag_decorator.py for tasks to queue
[2025-05-26T01:49:23.450+0000] {logging_mixin.py:190} INFO - [2025-05-26T01:49:23.449+0000] {dagbag.py:588} INFO - Filling up the DagBag from /home/airflow/.local/lib/python3.12/site-packages/airflow/example_dags/example_dag_decorator.py
[2025-05-26T01:49:23.520+0000] {processor.py:925} INFO - DAG(s) 'example_dag_decorator' retrieved from /home/airflow/.local/lib/python3.12/site-packages/airflow/example_dags/example_dag_decorator.py
[2025-05-26T01:49:23.586+0000] {logging_mixin.py:190} INFO - [2025-05-26T01:49:23.586+0000] {dag.py:3239} INFO - Sync 1 DAGs
[2025-05-26T01:49:23.593+0000] {logging_mixin.py:190} INFO - [2025-05-26T01:49:23.593+0000] {dag.py:4180} INFO - Setting next_dagrun for example_dag_decorator to None, run_after=None
[2025-05-26T01:49:23.607+0000] {processor.py:208} INFO - Processing /home/airflow/.local/lib/python3.12/site-packages/airflow/example_dags/example_dag_decorator.py took 0.163 seconds
[2025-05-26T03:12:45.203+0000] {processor.py:186} INFO - Started process (PID=85370) to work on /home/airflow/.local/lib/python3.12/site-packages/airflow/example_dags/example_dag_decorator.py
[2025-05-26T03:12:45.203+0000] {processor.py:914} INFO - Processing file /home/airflow/.local/lib/python3.12/site-packages/airflow/example_dags/example_dag_decorator.py for tasks to queue
[2025-05-26T03:12:45.205+0000] {logging_mixin.py:190} INFO - [2025-05-26T03:12:45.205+0000] {dagbag.py:588} INFO - Filling up the DagBag from /home/airflow/.local/lib/python3.12/site-packages/airflow/example_dags/example_dag_decorator.py
[2025-05-26T03:12:45.264+0000] {processor.py:925} INFO - DAG(s) 'example_dag_decorator' retrieved from /home/airflow/.local/lib/python3.12/site-packages/airflow/example_dags/example_dag_decorator.py
[2025-05-26T03:12:45.335+0000] {logging_mixin.py:190} INFO - [2025-05-26T03:12:45.334+0000] {dag.py:3239} INFO - Sync 1 DAGs
[2025-05-26T03:12:45.342+0000] {logging_mixin.py:190} INFO - [2025-05-26T03:12:45.342+0000] {dag.py:4180} INFO - Setting next_dagrun for example_dag_decorator to None, run_after=None
[2025-05-26T03:12:45.353+0000] {processor.py:208} INFO - Processing /home/airflow/.local/lib/python3.12/site-packages/airflow/example_dags/example_dag_decorator.py took 0.153 seconds
[2025-05-26T04:51:21.344+0000] {processor.py:186} INFO - Started process (PID=85438) to work on /home/airflow/.local/lib/python3.12/site-packages/airflow/example_dags/example_dag_decorator.py
[2025-05-26T04:51:21.347+0000] {processor.py:914} INFO - Processing file /home/airflow/.local/lib/python3.12/site-packages/airflow/example_dags/example_dag_decorator.py for tasks to queue
[2025-05-26T04:51:21.349+0000] {logging_mixin.py:190} INFO - [2025-05-26T04:51:21.348+0000] {dagbag.py:588} INFO - Filling up the DagBag from /home/airflow/.local/lib/python3.12/site-packages/airflow/example_dags/example_dag_decorator.py
[2025-05-26T04:51:21.410+0000] {processor.py:925} INFO - DAG(s) 'example_dag_decorator' retrieved from /home/airflow/.local/lib/python3.12/site-packages/airflow/example_dags/example_dag_decorator.py
[2025-05-26T04:51:21.484+0000] {logging_mixin.py:190} INFO - [2025-05-26T04:51:21.484+0000] {dag.py:3239} INFO - Sync 1 DAGs
[2025-05-26T04:51:21.495+0000] {logging_mixin.py:190} INFO - [2025-05-26T04:51:21.495+0000] {dag.py:4180} INFO - Setting next_dagrun for example_dag_decorator to None, run_after=None
[2025-05-26T04:51:21.510+0000] {processor.py:208} INFO - Processing /home/airflow/.local/lib/python3.12/site-packages/airflow/example_dags/example_dag_decorator.py took 0.169 seconds
[2025-05-26T05:36:59.570+0000] {processor.py:186} INFO - Started process (PID=85506) to work on /home/airflow/.local/lib/python3.12/site-packages/airflow/example_dags/example_dag_decorator.py
[2025-05-26T05:36:59.572+0000] {processor.py:914} INFO - Processing file /home/airflow/.local/lib/python3.12/site-packages/airflow/example_dags/example_dag_decorator.py for tasks to queue
[2025-05-26T05:36:59.577+0000] {logging_mixin.py:190} INFO - [2025-05-26T05:36:59.576+0000] {dagbag.py:588} INFO - Filling up the DagBag from /home/airflow/.local/lib/python3.12/site-packages/airflow/example_dags/example_dag_decorator.py
[2025-05-26T05:36:59.650+0000] {processor.py:925} INFO - DAG(s) 'example_dag_decorator' retrieved from /home/airflow/.local/lib/python3.12/site-packages/airflow/example_dags/example_dag_decorator.py
[2025-05-26T05:36:59.740+0000] {logging_mixin.py:190} INFO - [2025-05-26T05:36:59.740+0000] {dag.py:3239} INFO - Sync 1 DAGs
[2025-05-26T05:36:59.748+0000] {logging_mixin.py:190} INFO - [2025-05-26T05:36:59.748+0000] {dag.py:4180} INFO - Setting next_dagrun for example_dag_decorator to None, run_after=None
[2025-05-26T05:36:59.762+0000] {processor.py:208} INFO - Processing /home/airflow/.local/lib/python3.12/site-packages/airflow/example_dags/example_dag_decorator.py took 0.200 seconds
[2025-05-26T06:04:17.849+0000] {processor.py:186} INFO - Started process (PID=85574) to work on /home/airflow/.local/lib/python3.12/site-packages/airflow/example_dags/example_dag_decorator.py
[2025-05-26T06:04:17.849+0000] {processor.py:914} INFO - Processing file /home/airflow/.local/lib/python3.12/site-packages/airflow/example_dags/example_dag_decorator.py for tasks to queue
[2025-05-26T06:04:17.851+0000] {logging_mixin.py:190} INFO - [2025-05-26T06:04:17.850+0000] {dagbag.py:588} INFO - Filling up the DagBag from /home/airflow/.local/lib/python3.12/site-packages/airflow/example_dags/example_dag_decorator.py
[2025-05-26T06:04:17.902+0000] {processor.py:925} INFO - DAG(s) 'example_dag_decorator' retrieved from /home/airflow/.local/lib/python3.12/site-packages/airflow/example_dags/example_dag_decorator.py
[2025-05-26T06:04:17.954+0000] {logging_mixin.py:190} INFO - [2025-05-26T06:04:17.954+0000] {dag.py:3239} INFO - Sync 1 DAGs
[2025-05-26T06:04:17.960+0000] {logging_mixin.py:190} INFO - [2025-05-26T06:04:17.960+0000] {dag.py:4180} INFO - Setting next_dagrun for example_dag_decorator to None, run_after=None
[2025-05-26T06:04:17.967+0000] {processor.py:208} INFO - Processing /home/airflow/.local/lib/python3.12/site-packages/airflow/example_dags/example_dag_decorator.py took 0.121 seconds
[2025-05-26T06:23:01.057+0000] {processor.py:186} INFO - Started process (PID=85642) to work on /home/airflow/.local/lib/python3.12/site-packages/airflow/example_dags/example_dag_decorator.py
[2025-05-26T06:23:01.058+0000] {processor.py:914} INFO - Processing file /home/airflow/.local/lib/python3.12/site-packages/airflow/example_dags/example_dag_decorator.py for tasks to queue
[2025-05-26T06:23:01.062+0000] {logging_mixin.py:190} INFO - [2025-05-26T06:23:01.062+0000] {dagbag.py:588} INFO - Filling up the DagBag from /home/airflow/.local/lib/python3.12/site-packages/airflow/example_dags/example_dag_decorator.py
[2025-05-26T06:23:01.137+0000] {processor.py:925} INFO - DAG(s) 'example_dag_decorator' retrieved from /home/airflow/.local/lib/python3.12/site-packages/airflow/example_dags/example_dag_decorator.py
[2025-05-26T06:23:01.222+0000] {logging_mixin.py:190} INFO - [2025-05-26T06:23:01.222+0000] {dag.py:3239} INFO - Sync 1 DAGs
[2025-05-26T06:23:01.232+0000] {logging_mixin.py:190} INFO - [2025-05-26T06:23:01.232+0000] {dag.py:4180} INFO - Setting next_dagrun for example_dag_decorator to None, run_after=None
[2025-05-26T06:23:01.243+0000] {processor.py:208} INFO - Processing /home/airflow/.local/lib/python3.12/site-packages/airflow/example_dags/example_dag_decorator.py took 0.189 seconds
