[2025-05-26T00:10:26.083+0000] {processor.py:186} INFO - Started process (PID=85272) to work on /home/airflow/.local/lib/python3.12/site-packages/airflow/example_dags/example_branch_labels.py
[2025-05-26T00:10:26.084+0000] {processor.py:914} INFO - Processing file /home/airflow/.local/lib/python3.12/site-packages/airflow/example_dags/example_branch_labels.py for tasks to queue
[2025-05-26T00:10:26.086+0000] {logging_mixin.py:190} INFO - [2025-05-26T00:10:26.086+0000] {dagbag.py:588} INFO - Filling up the DagBag from /home/airflow/.local/lib/python3.12/site-packages/airflow/example_dags/example_branch_labels.py
[2025-05-26T00:10:26.093+0000] {processor.py:925} INFO - DAG(s) 'example_branch_labels' retrieved from /home/airflow/.local/lib/python3.12/site-packages/airflow/example_dags/example_branch_labels.py
[2025-05-26T00:10:26.103+0000] {logging_mixin.py:190} INFO - [2025-05-26T00:10:26.103+0000] {dag.py:3239} INFO - Sync 1 DAGs
[2025-05-26T00:10:26.114+0000] {logging_mixin.py:190} INFO - [2025-05-26T00:10:26.114+0000] {dag.py:4180} INFO - Setting next_dagrun for example_branch_labels to 2025-05-25 00:00:00+00:00, run_after=2025-05-26 00:00:00+00:00
[2025-05-26T00:10:26.123+0000] {processor.py:208} INFO - Processing /home/airflow/.local/lib/python3.12/site-packages/airflow/example_dags/example_branch_labels.py took 0.043 seconds
[2025-05-26T01:49:25.505+0000] {processor.py:186} INFO - Started process (PID=85340) to work on /home/airflow/.local/lib/python3.12/site-packages/airflow/example_dags/example_branch_labels.py
[2025-05-26T01:49:25.508+0000] {processor.py:914} INFO - Processing file /home/airflow/.local/lib/python3.12/site-packages/airflow/example_dags/example_branch_labels.py for tasks to queue
[2025-05-26T01:49:25.511+0000] {logging_mixin.py:190} INFO - [2025-05-26T01:49:25.511+0000] {dagbag.py:588} INFO - Filling up the DagBag from /home/airflow/.local/lib/python3.12/site-packages/airflow/example_dags/example_branch_labels.py
[2025-05-26T01:49:25.516+0000] {processor.py:925} INFO - DAG(s) 'example_branch_labels' retrieved from /home/airflow/.local/lib/python3.12/site-packages/airflow/example_dags/example_branch_labels.py
[2025-05-26T01:49:25.527+0000] {logging_mixin.py:190} INFO - [2025-05-26T01:49:25.527+0000] {dag.py:3239} INFO - Sync 1 DAGs
[2025-05-26T01:49:25.542+0000] {logging_mixin.py:190} INFO - [2025-05-26T01:49:25.542+0000] {dag.py:4180} INFO - Setting next_dagrun for example_branch_labels to 2025-05-25 00:00:00+00:00, run_after=2025-05-26 00:00:00+00:00
[2025-05-26T01:49:25.554+0000] {processor.py:208} INFO - Processing /home/airflow/.local/lib/python3.12/site-packages/airflow/example_dags/example_branch_labels.py took 0.051 seconds
[2025-05-26T03:12:47.839+0000] {processor.py:186} INFO - Started process (PID=85408) to work on /home/airflow/.local/lib/python3.12/site-packages/airflow/example_dags/example_branch_labels.py
[2025-05-26T03:12:47.840+0000] {processor.py:914} INFO - Processing file /home/airflow/.local/lib/python3.12/site-packages/airflow/example_dags/example_branch_labels.py for tasks to queue
[2025-05-26T03:12:47.844+0000] {logging_mixin.py:190} INFO - [2025-05-26T03:12:47.843+0000] {dagbag.py:588} INFO - Filling up the DagBag from /home/airflow/.local/lib/python3.12/site-packages/airflow/example_dags/example_branch_labels.py
[2025-05-26T03:12:47.848+0000] {processor.py:925} INFO - DAG(s) 'example_branch_labels' retrieved from /home/airflow/.local/lib/python3.12/site-packages/airflow/example_dags/example_branch_labels.py
[2025-05-26T03:12:47.860+0000] {logging_mixin.py:190} INFO - [2025-05-26T03:12:47.859+0000] {dag.py:3239} INFO - Sync 1 DAGs
[2025-05-26T03:12:47.875+0000] {logging_mixin.py:190} INFO - [2025-05-26T03:12:47.875+0000] {dag.py:4180} INFO - Setting next_dagrun for example_branch_labels to 2025-05-25 00:00:00+00:00, run_after=2025-05-26 00:00:00+00:00
[2025-05-26T03:12:47.886+0000] {processor.py:208} INFO - Processing /home/airflow/.local/lib/python3.12/site-packages/airflow/example_dags/example_branch_labels.py took 0.049 seconds
[2025-05-26T04:51:23.420+0000] {processor.py:186} INFO - Started process (PID=85476) to work on /home/airflow/.local/lib/python3.12/site-packages/airflow/example_dags/example_branch_labels.py
[2025-05-26T04:51:23.421+0000] {processor.py:914} INFO - Processing file /home/airflow/.local/lib/python3.12/site-packages/airflow/example_dags/example_branch_labels.py for tasks to queue
[2025-05-26T04:51:23.422+0000] {logging_mixin.py:190} INFO - [2025-05-26T04:51:23.422+0000] {dagbag.py:588} INFO - Filling up the DagBag from /home/airflow/.local/lib/python3.12/site-packages/airflow/example_dags/example_branch_labels.py
[2025-05-26T04:51:23.427+0000] {processor.py:925} INFO - DAG(s) 'example_branch_labels' retrieved from /home/airflow/.local/lib/python3.12/site-packages/airflow/example_dags/example_branch_labels.py
[2025-05-26T04:51:23.436+0000] {logging_mixin.py:190} INFO - [2025-05-26T04:51:23.436+0000] {dag.py:3239} INFO - Sync 1 DAGs
[2025-05-26T04:51:23.446+0000] {logging_mixin.py:190} INFO - [2025-05-26T04:51:23.446+0000] {dag.py:4180} INFO - Setting next_dagrun for example_branch_labels to 2025-05-25 00:00:00+00:00, run_after=2025-05-26 00:00:00+00:00
[2025-05-26T04:51:23.462+0000] {processor.py:208} INFO - Processing /home/airflow/.local/lib/python3.12/site-packages/airflow/example_dags/example_branch_labels.py took 0.045 seconds
[2025-05-26T05:37:02.126+0000] {processor.py:186} INFO - Started process (PID=85544) to work on /home/airflow/.local/lib/python3.12/site-packages/airflow/example_dags/example_branch_labels.py
[2025-05-26T05:37:02.126+0000] {processor.py:914} INFO - Processing file /home/airflow/.local/lib/python3.12/site-packages/airflow/example_dags/example_branch_labels.py for tasks to queue
[2025-05-26T05:37:02.128+0000] {logging_mixin.py:190} INFO - [2025-05-26T05:37:02.128+0000] {dagbag.py:588} INFO - Filling up the DagBag from /home/airflow/.local/lib/python3.12/site-packages/airflow/example_dags/example_branch_labels.py
[2025-05-26T05:37:02.134+0000] {processor.py:925} INFO - DAG(s) 'example_branch_labels' retrieved from /home/airflow/.local/lib/python3.12/site-packages/airflow/example_dags/example_branch_labels.py
[2025-05-26T05:37:02.144+0000] {logging_mixin.py:190} INFO - [2025-05-26T05:37:02.144+0000] {dag.py:3239} INFO - Sync 1 DAGs
[2025-05-26T05:37:02.162+0000] {logging_mixin.py:190} INFO - [2025-05-26T05:37:02.162+0000] {dag.py:4180} INFO - Setting next_dagrun for example_branch_labels to 2025-05-25 00:00:00+00:00, run_after=2025-05-26 00:00:00+00:00
[2025-05-26T05:37:02.169+0000] {processor.py:208} INFO - Processing /home/airflow/.local/lib/python3.12/site-packages/airflow/example_dags/example_branch_labels.py took 0.046 seconds
[2025-05-26T06:04:20.175+0000] {processor.py:186} INFO - Started process (PID=85612) to work on /home/airflow/.local/lib/python3.12/site-packages/airflow/example_dags/example_branch_labels.py
[2025-05-26T06:04:20.178+0000] {processor.py:914} INFO - Processing file /home/airflow/.local/lib/python3.12/site-packages/airflow/example_dags/example_branch_labels.py for tasks to queue
[2025-05-26T06:04:20.180+0000] {logging_mixin.py:190} INFO - [2025-05-26T06:04:20.179+0000] {dagbag.py:588} INFO - Filling up the DagBag from /home/airflow/.local/lib/python3.12/site-packages/airflow/example_dags/example_branch_labels.py
[2025-05-26T06:04:20.184+0000] {processor.py:925} INFO - DAG(s) 'example_branch_labels' retrieved from /home/airflow/.local/lib/python3.12/site-packages/airflow/example_dags/example_branch_labels.py
[2025-05-26T06:04:20.192+0000] {logging_mixin.py:190} INFO - [2025-05-26T06:04:20.192+0000] {dag.py:3239} INFO - Sync 1 DAGs
[2025-05-26T06:04:20.202+0000] {logging_mixin.py:190} INFO - [2025-05-26T06:04:20.202+0000] {dag.py:4180} INFO - Setting next_dagrun for example_branch_labels to 2025-05-25 00:00:00+00:00, run_after=2025-05-26 00:00:00+00:00
[2025-05-26T06:04:20.212+0000] {processor.py:208} INFO - Processing /home/airflow/.local/lib/python3.12/site-packages/airflow/example_dags/example_branch_labels.py took 0.040 seconds
[2025-05-26T06:23:03.365+0000] {processor.py:186} INFO - Started process (PID=85680) to work on /home/airflow/.local/lib/python3.12/site-packages/airflow/example_dags/example_branch_labels.py
[2025-05-26T06:23:03.366+0000] {processor.py:914} INFO - Processing file /home/airflow/.local/lib/python3.12/site-packages/airflow/example_dags/example_branch_labels.py for tasks to queue
[2025-05-26T06:23:03.368+0000] {logging_mixin.py:190} INFO - [2025-05-26T06:23:03.368+0000] {dagbag.py:588} INFO - Filling up the DagBag from /home/airflow/.local/lib/python3.12/site-packages/airflow/example_dags/example_branch_labels.py
[2025-05-26T06:23:03.375+0000] {processor.py:925} INFO - DAG(s) 'example_branch_labels' retrieved from /home/airflow/.local/lib/python3.12/site-packages/airflow/example_dags/example_branch_labels.py
[2025-05-26T06:23:03.390+0000] {logging_mixin.py:190} INFO - [2025-05-26T06:23:03.390+0000] {dag.py:3239} INFO - Sync 1 DAGs
[2025-05-26T06:23:03.406+0000] {logging_mixin.py:190} INFO - [2025-05-26T06:23:03.406+0000] {dag.py:4180} INFO - Setting next_dagrun for example_branch_labels to 2025-05-25 00:00:00+00:00, run_after=2025-05-26 00:00:00+00:00
[2025-05-26T06:23:03.419+0000] {processor.py:208} INFO - Processing /home/airflow/.local/lib/python3.12/site-packages/airflow/example_dags/example_branch_labels.py took 0.057 seconds
