[2025-05-26T00:10:23.637+0000] {processor.py:186} INFO - Started process (PID=85232) to work on /home/airflow/.local/lib/python3.12/site-packages/airflow/example_dags/example_external_task_marker_dag.py
[2025-05-26T00:10:23.639+0000] {processor.py:914} INFO - Processing file /home/airflow/.local/lib/python3.12/site-packages/airflow/example_dags/example_external_task_marker_dag.py for tasks to queue
[2025-05-26T00:10:23.640+0000] {logging_mixin.py:190} INFO - [2025-05-26T00:10:23.640+0000] {dagbag.py:588} INFO - Filling up the DagBag from /home/airflow/.local/lib/python3.12/site-packages/airflow/example_dags/example_external_task_marker_dag.py
[2025-05-26T00:10:23.646+0000] {processor.py:925} INFO - DAG(s) 'example_external_task_marker_parent', 'example_external_task_marker_child' retrieved from /home/airflow/.local/lib/python3.12/site-packages/airflow/example_dags/example_external_task_marker_dag.py
[2025-05-26T00:10:23.660+0000] {logging_mixin.py:190} INFO - [2025-05-26T00:10:23.660+0000] {dag.py:3239} INFO - Sync 2 DAGs
[2025-05-26T00:10:23.668+0000] {logging_mixin.py:190} INFO - [2025-05-26T00:10:23.668+0000] {dag.py:4180} INFO - Setting next_dagrun for example_external_task_marker_child to None, run_after=None
[2025-05-26T00:10:23.674+0000] {logging_mixin.py:190} INFO - [2025-05-26T00:10:23.674+0000] {dag.py:4180} INFO - Setting next_dagrun for example_external_task_marker_parent to None, run_after=None
[2025-05-26T00:10:23.684+0000] {processor.py:208} INFO - Processing /home/airflow/.local/lib/python3.12/site-packages/airflow/example_dags/example_external_task_marker_dag.py took 0.050 seconds
[2025-05-26T01:49:23.374+0000] {processor.py:186} INFO - Started process (PID=85300) to work on /home/airflow/.local/lib/python3.12/site-packages/airflow/example_dags/example_external_task_marker_dag.py
[2025-05-26T01:49:23.375+0000] {processor.py:914} INFO - Processing file /home/airflow/.local/lib/python3.12/site-packages/airflow/example_dags/example_external_task_marker_dag.py for tasks to queue
[2025-05-26T01:49:23.376+0000] {logging_mixin.py:190} INFO - [2025-05-26T01:49:23.376+0000] {dagbag.py:588} INFO - Filling up the DagBag from /home/airflow/.local/lib/python3.12/site-packages/airflow/example_dags/example_external_task_marker_dag.py
[2025-05-26T01:49:23.382+0000] {processor.py:925} INFO - DAG(s) 'example_external_task_marker_child', 'example_external_task_marker_parent' retrieved from /home/airflow/.local/lib/python3.12/site-packages/airflow/example_dags/example_external_task_marker_dag.py
[2025-05-26T01:49:23.400+0000] {logging_mixin.py:190} INFO - [2025-05-26T01:49:23.399+0000] {dag.py:3239} INFO - Sync 2 DAGs
[2025-05-26T01:49:23.414+0000] {logging_mixin.py:190} INFO - [2025-05-26T01:49:23.414+0000] {dag.py:4180} INFO - Setting next_dagrun for example_external_task_marker_child to None, run_after=None
[2025-05-26T01:49:23.417+0000] {logging_mixin.py:190} INFO - [2025-05-26T01:49:23.417+0000] {dag.py:4180} INFO - Setting next_dagrun for example_external_task_marker_parent to None, run_after=None
[2025-05-26T01:49:23.432+0000] {processor.py:208} INFO - Processing /home/airflow/.local/lib/python3.12/site-packages/airflow/example_dags/example_external_task_marker_dag.py took 0.062 seconds
[2025-05-26T03:12:45.134+0000] {processor.py:186} INFO - Started process (PID=85368) to work on /home/airflow/.local/lib/python3.12/site-packages/airflow/example_dags/example_external_task_marker_dag.py
[2025-05-26T03:12:45.136+0000] {processor.py:914} INFO - Processing file /home/airflow/.local/lib/python3.12/site-packages/airflow/example_dags/example_external_task_marker_dag.py for tasks to queue
[2025-05-26T03:12:45.137+0000] {logging_mixin.py:190} INFO - [2025-05-26T03:12:45.137+0000] {dagbag.py:588} INFO - Filling up the DagBag from /home/airflow/.local/lib/python3.12/site-packages/airflow/example_dags/example_external_task_marker_dag.py
[2025-05-26T03:12:45.142+0000] {processor.py:925} INFO - DAG(s) 'example_external_task_marker_parent', 'example_external_task_marker_child' retrieved from /home/airflow/.local/lib/python3.12/site-packages/airflow/example_dags/example_external_task_marker_dag.py
[2025-05-26T03:12:45.165+0000] {logging_mixin.py:190} INFO - [2025-05-26T03:12:45.165+0000] {dag.py:3239} INFO - Sync 2 DAGs
[2025-05-26T03:12:45.171+0000] {logging_mixin.py:190} INFO - [2025-05-26T03:12:45.171+0000] {dag.py:4180} INFO - Setting next_dagrun for example_external_task_marker_child to None, run_after=None
[2025-05-26T03:12:45.176+0000] {logging_mixin.py:190} INFO - [2025-05-26T03:12:45.176+0000] {dag.py:4180} INFO - Setting next_dagrun for example_external_task_marker_parent to None, run_after=None
[2025-05-26T03:12:45.188+0000] {processor.py:208} INFO - Processing /home/airflow/.local/lib/python3.12/site-packages/airflow/example_dags/example_external_task_marker_dag.py took 0.059 seconds
[2025-05-26T04:51:21.223+0000] {processor.py:186} INFO - Started process (PID=85436) to work on /home/airflow/.local/lib/python3.12/site-packages/airflow/example_dags/example_external_task_marker_dag.py
[2025-05-26T04:51:21.229+0000] {processor.py:914} INFO - Processing file /home/airflow/.local/lib/python3.12/site-packages/airflow/example_dags/example_external_task_marker_dag.py for tasks to queue
[2025-05-26T04:51:21.230+0000] {logging_mixin.py:190} INFO - [2025-05-26T04:51:21.230+0000] {dagbag.py:588} INFO - Filling up the DagBag from /home/airflow/.local/lib/python3.12/site-packages/airflow/example_dags/example_external_task_marker_dag.py
[2025-05-26T04:51:21.235+0000] {processor.py:925} INFO - DAG(s) 'example_external_task_marker_child', 'example_external_task_marker_parent' retrieved from /home/airflow/.local/lib/python3.12/site-packages/airflow/example_dags/example_external_task_marker_dag.py
[2025-05-26T04:51:21.253+0000] {logging_mixin.py:190} INFO - [2025-05-26T04:51:21.253+0000] {dag.py:3239} INFO - Sync 2 DAGs
[2025-05-26T04:51:21.259+0000] {logging_mixin.py:190} INFO - [2025-05-26T04:51:21.259+0000] {dag.py:4180} INFO - Setting next_dagrun for example_external_task_marker_child to None, run_after=None
[2025-05-26T04:51:21.261+0000] {logging_mixin.py:190} INFO - [2025-05-26T04:51:21.261+0000] {dag.py:4180} INFO - Setting next_dagrun for example_external_task_marker_parent to None, run_after=None
[2025-05-26T04:51:21.271+0000] {processor.py:208} INFO - Processing /home/airflow/.local/lib/python3.12/site-packages/airflow/example_dags/example_external_task_marker_dag.py took 0.051 seconds
[2025-05-26T05:36:59.457+0000] {processor.py:186} INFO - Started process (PID=85504) to work on /home/airflow/.local/lib/python3.12/site-packages/airflow/example_dags/example_external_task_marker_dag.py
[2025-05-26T05:36:59.458+0000] {processor.py:914} INFO - Processing file /home/airflow/.local/lib/python3.12/site-packages/airflow/example_dags/example_external_task_marker_dag.py for tasks to queue
[2025-05-26T05:36:59.462+0000] {logging_mixin.py:190} INFO - [2025-05-26T05:36:59.461+0000] {dagbag.py:588} INFO - Filling up the DagBag from /home/airflow/.local/lib/python3.12/site-packages/airflow/example_dags/example_external_task_marker_dag.py
[2025-05-26T05:36:59.477+0000] {processor.py:925} INFO - DAG(s) 'example_external_task_marker_parent', 'example_external_task_marker_child' retrieved from /home/airflow/.local/lib/python3.12/site-packages/airflow/example_dags/example_external_task_marker_dag.py
[2025-05-26T05:36:59.500+0000] {logging_mixin.py:190} INFO - [2025-05-26T05:36:59.499+0000] {dag.py:3239} INFO - Sync 2 DAGs
[2025-05-26T05:36:59.513+0000] {logging_mixin.py:190} INFO - [2025-05-26T05:36:59.513+0000] {dag.py:4180} INFO - Setting next_dagrun for example_external_task_marker_child to None, run_after=None
[2025-05-26T05:36:59.523+0000] {logging_mixin.py:190} INFO - [2025-05-26T05:36:59.522+0000] {dag.py:4180} INFO - Setting next_dagrun for example_external_task_marker_parent to None, run_after=None
[2025-05-26T05:36:59.543+0000] {processor.py:208} INFO - Processing /home/airflow/.local/lib/python3.12/site-packages/airflow/example_dags/example_external_task_marker_dag.py took 0.092 seconds
[2025-05-26T06:04:17.795+0000] {processor.py:186} INFO - Started process (PID=85572) to work on /home/airflow/.local/lib/python3.12/site-packages/airflow/example_dags/example_external_task_marker_dag.py
[2025-05-26T06:04:17.796+0000] {processor.py:914} INFO - Processing file /home/airflow/.local/lib/python3.12/site-packages/airflow/example_dags/example_external_task_marker_dag.py for tasks to queue
[2025-05-26T06:04:17.797+0000] {logging_mixin.py:190} INFO - [2025-05-26T06:04:17.797+0000] {dagbag.py:588} INFO - Filling up the DagBag from /home/airflow/.local/lib/python3.12/site-packages/airflow/example_dags/example_external_task_marker_dag.py
[2025-05-26T06:04:17.808+0000] {processor.py:925} INFO - DAG(s) 'example_external_task_marker_child', 'example_external_task_marker_parent' retrieved from /home/airflow/.local/lib/python3.12/site-packages/airflow/example_dags/example_external_task_marker_dag.py
[2025-05-26T06:04:17.819+0000] {logging_mixin.py:190} INFO - [2025-05-26T06:04:17.818+0000] {dag.py:3239} INFO - Sync 2 DAGs
[2025-05-26T06:04:17.825+0000] {logging_mixin.py:190} INFO - [2025-05-26T06:04:17.825+0000] {dag.py:4180} INFO - Setting next_dagrun for example_external_task_marker_child to None, run_after=None
[2025-05-26T06:04:17.828+0000] {logging_mixin.py:190} INFO - [2025-05-26T06:04:17.828+0000] {dag.py:4180} INFO - Setting next_dagrun for example_external_task_marker_parent to None, run_after=None
[2025-05-26T06:04:17.837+0000] {processor.py:208} INFO - Processing /home/airflow/.local/lib/python3.12/site-packages/airflow/example_dags/example_external_task_marker_dag.py took 0.045 seconds
[2025-05-26T06:23:00.968+0000] {processor.py:186} INFO - Started process (PID=85640) to work on /home/airflow/.local/lib/python3.12/site-packages/airflow/example_dags/example_external_task_marker_dag.py
[2025-05-26T06:23:00.969+0000] {processor.py:914} INFO - Processing file /home/airflow/.local/lib/python3.12/site-packages/airflow/example_dags/example_external_task_marker_dag.py for tasks to queue
[2025-05-26T06:23:00.970+0000] {logging_mixin.py:190} INFO - [2025-05-26T06:23:00.970+0000] {dagbag.py:588} INFO - Filling up the DagBag from /home/airflow/.local/lib/python3.12/site-packages/airflow/example_dags/example_external_task_marker_dag.py
[2025-05-26T06:23:00.974+0000] {processor.py:925} INFO - DAG(s) 'example_external_task_marker_child', 'example_external_task_marker_parent' retrieved from /home/airflow/.local/lib/python3.12/site-packages/airflow/example_dags/example_external_task_marker_dag.py
[2025-05-26T06:23:00.996+0000] {logging_mixin.py:190} INFO - [2025-05-26T06:23:00.996+0000] {dag.py:3239} INFO - Sync 2 DAGs
[2025-05-26T06:23:01.004+0000] {logging_mixin.py:190} INFO - [2025-05-26T06:23:01.004+0000] {dag.py:4180} INFO - Setting next_dagrun for example_external_task_marker_child to None, run_after=None
[2025-05-26T06:23:01.007+0000] {logging_mixin.py:190} INFO - [2025-05-26T06:23:01.006+0000] {dag.py:4180} INFO - Setting next_dagrun for example_external_task_marker_parent to None, run_after=None
[2025-05-26T06:23:01.014+0000] {processor.py:208} INFO - Processing /home/airflow/.local/lib/python3.12/site-packages/airflow/example_dags/example_external_task_marker_dag.py took 0.049 seconds
