[2025-05-26T00:10:24.630+0000] {processor.py:186} INFO - Started process (PID=85248) to work on /home/airflow/.local/lib/python3.12/site-packages/airflow/example_dags/example_display_name.py
[2025-05-26T00:10:24.633+0000] {processor.py:914} INFO - Processing file /home/airflow/.local/lib/python3.12/site-packages/airflow/example_dags/example_display_name.py for tasks to queue
[2025-05-26T00:10:24.636+0000] {logging_mixin.py:190} INFO - [2025-05-26T00:10:24.635+0000] {dagbag.py:588} INFO - Filling up the DagBag from /home/airflow/.local/lib/python3.12/site-packages/airflow/example_dags/example_display_name.py
[2025-05-26T00:10:24.640+0000] {processor.py:925} INFO - DAG(s) 'example_display_name' retrieved from /home/airflow/.local/lib/python3.12/site-packages/airflow/example_dags/example_display_name.py
[2025-05-26T00:10:24.650+0000] {logging_mixin.py:190} INFO - [2025-05-26T00:10:24.649+0000] {dag.py:3239} INFO - Sync 1 DAGs
[2025-05-26T00:10:24.656+0000] {logging_mixin.py:190} INFO - [2025-05-26T00:10:24.656+0000] {dag.py:4180} INFO - Setting next_dagrun for example_display_name to None, run_after=None
[2025-05-26T00:10:24.665+0000] {processor.py:208} INFO - Processing /home/airflow/.local/lib/python3.12/site-packages/airflow/example_dags/example_display_name.py took 0.038 seconds
[2025-05-26T01:49:24.382+0000] {processor.py:186} INFO - Started process (PID=85316) to work on /home/airflow/.local/lib/python3.12/site-packages/airflow/example_dags/example_display_name.py
[2025-05-26T01:49:24.383+0000] {processor.py:914} INFO - Processing file /home/airflow/.local/lib/python3.12/site-packages/airflow/example_dags/example_display_name.py for tasks to queue
[2025-05-26T01:49:24.385+0000] {logging_mixin.py:190} INFO - [2025-05-26T01:49:24.385+0000] {dagbag.py:588} INFO - Filling up the DagBag from /home/airflow/.local/lib/python3.12/site-packages/airflow/example_dags/example_display_name.py
[2025-05-26T01:49:24.390+0000] {processor.py:925} INFO - DAG(s) 'example_display_name' retrieved from /home/airflow/.local/lib/python3.12/site-packages/airflow/example_dags/example_display_name.py
[2025-05-26T01:49:24.399+0000] {logging_mixin.py:190} INFO - [2025-05-26T01:49:24.399+0000] {dag.py:3239} INFO - Sync 1 DAGs
[2025-05-26T01:49:24.407+0000] {logging_mixin.py:190} INFO - [2025-05-26T01:49:24.407+0000] {dag.py:4180} INFO - Setting next_dagrun for example_display_name to None, run_after=None
[2025-05-26T01:49:24.425+0000] {processor.py:208} INFO - Processing /home/airflow/.local/lib/python3.12/site-packages/airflow/example_dags/example_display_name.py took 0.046 seconds
[2025-05-26T03:12:46.613+0000] {processor.py:186} INFO - Started process (PID=85384) to work on /home/airflow/.local/lib/python3.12/site-packages/airflow/example_dags/example_display_name.py
[2025-05-26T03:12:46.617+0000] {processor.py:914} INFO - Processing file /home/airflow/.local/lib/python3.12/site-packages/airflow/example_dags/example_display_name.py for tasks to queue
[2025-05-26T03:12:46.618+0000] {logging_mixin.py:190} INFO - [2025-05-26T03:12:46.618+0000] {dagbag.py:588} INFO - Filling up the DagBag from /home/airflow/.local/lib/python3.12/site-packages/airflow/example_dags/example_display_name.py
[2025-05-26T03:12:46.629+0000] {processor.py:925} INFO - DAG(s) 'example_display_name' retrieved from /home/airflow/.local/lib/python3.12/site-packages/airflow/example_dags/example_display_name.py
[2025-05-26T03:12:46.652+0000] {logging_mixin.py:190} INFO - [2025-05-26T03:12:46.652+0000] {dag.py:3239} INFO - Sync 1 DAGs
[2025-05-26T03:12:46.664+0000] {logging_mixin.py:190} INFO - [2025-05-26T03:12:46.664+0000] {dag.py:4180} INFO - Setting next_dagrun for example_display_name to None, run_after=None
[2025-05-26T03:12:46.689+0000] {processor.py:208} INFO - Processing /home/airflow/.local/lib/python3.12/site-packages/airflow/example_dags/example_display_name.py took 0.080 seconds
[2025-05-26T04:51:22.313+0000] {processor.py:186} INFO - Started process (PID=85452) to work on /home/airflow/.local/lib/python3.12/site-packages/airflow/example_dags/example_display_name.py
[2025-05-26T04:51:22.313+0000] {processor.py:914} INFO - Processing file /home/airflow/.local/lib/python3.12/site-packages/airflow/example_dags/example_display_name.py for tasks to queue
[2025-05-26T04:51:22.314+0000] {logging_mixin.py:190} INFO - [2025-05-26T04:51:22.314+0000] {dagbag.py:588} INFO - Filling up the DagBag from /home/airflow/.local/lib/python3.12/site-packages/airflow/example_dags/example_display_name.py
[2025-05-26T04:51:22.318+0000] {processor.py:925} INFO - DAG(s) 'example_display_name' retrieved from /home/airflow/.local/lib/python3.12/site-packages/airflow/example_dags/example_display_name.py
[2025-05-26T04:51:22.328+0000] {logging_mixin.py:190} INFO - [2025-05-26T04:51:22.327+0000] {dag.py:3239} INFO - Sync 1 DAGs
[2025-05-26T04:51:22.334+0000] {logging_mixin.py:190} INFO - [2025-05-26T04:51:22.333+0000] {dag.py:4180} INFO - Setting next_dagrun for example_display_name to None, run_after=None
[2025-05-26T04:51:22.341+0000] {processor.py:208} INFO - Processing /home/airflow/.local/lib/python3.12/site-packages/airflow/example_dags/example_display_name.py took 0.031 seconds
[2025-05-26T05:37:00.972+0000] {processor.py:186} INFO - Started process (PID=85520) to work on /home/airflow/.local/lib/python3.12/site-packages/airflow/example_dags/example_display_name.py
[2025-05-26T05:37:00.977+0000] {processor.py:914} INFO - Processing file /home/airflow/.local/lib/python3.12/site-packages/airflow/example_dags/example_display_name.py for tasks to queue
[2025-05-26T05:37:00.981+0000] {logging_mixin.py:190} INFO - [2025-05-26T05:37:00.980+0000] {dagbag.py:588} INFO - Filling up the DagBag from /home/airflow/.local/lib/python3.12/site-packages/airflow/example_dags/example_display_name.py
[2025-05-26T05:37:00.988+0000] {processor.py:925} INFO - DAG(s) 'example_display_name' retrieved from /home/airflow/.local/lib/python3.12/site-packages/airflow/example_dags/example_display_name.py
[2025-05-26T05:37:01.003+0000] {logging_mixin.py:190} INFO - [2025-05-26T05:37:01.002+0000] {dag.py:3239} INFO - Sync 1 DAGs
[2025-05-26T05:37:01.010+0000] {logging_mixin.py:190} INFO - [2025-05-26T05:37:01.010+0000] {dag.py:4180} INFO - Setting next_dagrun for example_display_name to None, run_after=None
[2025-05-26T05:37:01.019+0000] {processor.py:208} INFO - Processing /home/airflow/.local/lib/python3.12/site-packages/airflow/example_dags/example_display_name.py took 0.051 seconds
[2025-05-26T06:04:19.058+0000] {processor.py:186} INFO - Started process (PID=85588) to work on /home/airflow/.local/lib/python3.12/site-packages/airflow/example_dags/example_display_name.py
[2025-05-26T06:04:19.059+0000] {processor.py:914} INFO - Processing file /home/airflow/.local/lib/python3.12/site-packages/airflow/example_dags/example_display_name.py for tasks to queue
[2025-05-26T06:04:19.062+0000] {logging_mixin.py:190} INFO - [2025-05-26T06:04:19.062+0000] {dagbag.py:588} INFO - Filling up the DagBag from /home/airflow/.local/lib/python3.12/site-packages/airflow/example_dags/example_display_name.py
[2025-05-26T06:04:19.067+0000] {processor.py:925} INFO - DAG(s) 'example_display_name' retrieved from /home/airflow/.local/lib/python3.12/site-packages/airflow/example_dags/example_display_name.py
[2025-05-26T06:04:19.079+0000] {logging_mixin.py:190} INFO - [2025-05-26T06:04:19.079+0000] {dag.py:3239} INFO - Sync 1 DAGs
[2025-05-26T06:04:19.086+0000] {logging_mixin.py:190} INFO - [2025-05-26T06:04:19.086+0000] {dag.py:4180} INFO - Setting next_dagrun for example_display_name to None, run_after=None
[2025-05-26T06:04:19.096+0000] {processor.py:208} INFO - Processing /home/airflow/.local/lib/python3.12/site-packages/airflow/example_dags/example_display_name.py took 0.042 seconds
[2025-05-26T06:23:02.179+0000] {processor.py:186} INFO - Started process (PID=85656) to work on /home/airflow/.local/lib/python3.12/site-packages/airflow/example_dags/example_display_name.py
[2025-05-26T06:23:02.180+0000] {processor.py:914} INFO - Processing file /home/airflow/.local/lib/python3.12/site-packages/airflow/example_dags/example_display_name.py for tasks to queue
[2025-05-26T06:23:02.181+0000] {logging_mixin.py:190} INFO - [2025-05-26T06:23:02.181+0000] {dagbag.py:588} INFO - Filling up the DagBag from /home/airflow/.local/lib/python3.12/site-packages/airflow/example_dags/example_display_name.py
[2025-05-26T06:23:02.188+0000] {processor.py:925} INFO - DAG(s) 'example_display_name' retrieved from /home/airflow/.local/lib/python3.12/site-packages/airflow/example_dags/example_display_name.py
[2025-05-26T06:23:02.199+0000] {logging_mixin.py:190} INFO - [2025-05-26T06:23:02.198+0000] {dag.py:3239} INFO - Sync 1 DAGs
[2025-05-26T06:23:02.210+0000] {logging_mixin.py:190} INFO - [2025-05-26T06:23:02.210+0000] {dag.py:4180} INFO - Setting next_dagrun for example_display_name to None, run_after=None
[2025-05-26T06:23:02.219+0000] {processor.py:208} INFO - Processing /home/airflow/.local/lib/python3.12/site-packages/airflow/example_dags/example_display_name.py took 0.044 seconds
