[2025-05-26T00:10:26.062+0000] {processor.py:186} INFO - Started process (PID=85271) to work on /home/airflow/.local/lib/python3.12/site-packages/airflow/example_dags/example_params_ui_tutorial.py
[2025-05-26T00:10:26.063+0000] {processor.py:914} INFO - Processing file /home/airflow/.local/lib/python3.12/site-packages/airflow/example_dags/example_params_ui_tutorial.py for tasks to queue
[2025-05-26T00:10:26.065+0000] {logging_mixin.py:190} INFO - [2025-05-26T00:10:26.065+0000] {dagbag.py:588} INFO - Filling up the DagBag from /home/airflow/.local/lib/python3.12/site-packages/airflow/example_dags/example_params_ui_tutorial.py
[2025-05-26T00:10:26.070+0000] {processor.py:925} INFO - DAG(s) 'example_params_ui_tutorial' retrieved from /home/airflow/.local/lib/python3.12/site-packages/airflow/example_dags/example_params_ui_tutorial.py
[2025-05-26T00:10:26.138+0000] {logging_mixin.py:190} INFO - [2025-05-26T00:10:26.138+0000] {dag.py:3239} INFO - Sync 1 DAGs
[2025-05-26T00:10:26.149+0000] {logging_mixin.py:190} INFO - [2025-05-26T00:10:26.149+0000] {dag.py:4180} INFO - Setting next_dagrun for example_params_ui_tutorial to None, run_after=None
[2025-05-26T00:10:26.164+0000] {processor.py:208} INFO - Processing /home/airflow/.local/lib/python3.12/site-packages/airflow/example_dags/example_params_ui_tutorial.py took 0.106 seconds
[2025-05-26T01:49:25.448+0000] {processor.py:186} INFO - Started process (PID=85339) to work on /home/airflow/.local/lib/python3.12/site-packages/airflow/example_dags/example_params_ui_tutorial.py
[2025-05-26T01:49:25.448+0000] {processor.py:914} INFO - Processing file /home/airflow/.local/lib/python3.12/site-packages/airflow/example_dags/example_params_ui_tutorial.py for tasks to queue
[2025-05-26T01:49:25.449+0000] {logging_mixin.py:190} INFO - [2025-05-26T01:49:25.449+0000] {dagbag.py:588} INFO - Filling up the DagBag from /home/airflow/.local/lib/python3.12/site-packages/airflow/example_dags/example_params_ui_tutorial.py
[2025-05-26T01:49:25.453+0000] {processor.py:925} INFO - DAG(s) 'example_params_ui_tutorial' retrieved from /home/airflow/.local/lib/python3.12/site-packages/airflow/example_dags/example_params_ui_tutorial.py
[2025-05-26T01:49:25.475+0000] {logging_mixin.py:190} INFO - [2025-05-26T01:49:25.475+0000] {dag.py:3239} INFO - Sync 1 DAGs
[2025-05-26T01:49:25.482+0000] {logging_mixin.py:190} INFO - [2025-05-26T01:49:25.482+0000] {dag.py:4180} INFO - Setting next_dagrun for example_params_ui_tutorial to None, run_after=None
[2025-05-26T01:49:25.492+0000] {processor.py:208} INFO - Processing /home/airflow/.local/lib/python3.12/site-packages/airflow/example_dags/example_params_ui_tutorial.py took 0.047 seconds
[2025-05-26T03:12:47.786+0000] {processor.py:186} INFO - Started process (PID=85407) to work on /home/airflow/.local/lib/python3.12/site-packages/airflow/example_dags/example_params_ui_tutorial.py
[2025-05-26T03:12:47.787+0000] {processor.py:914} INFO - Processing file /home/airflow/.local/lib/python3.12/site-packages/airflow/example_dags/example_params_ui_tutorial.py for tasks to queue
[2025-05-26T03:12:47.788+0000] {logging_mixin.py:190} INFO - [2025-05-26T03:12:47.787+0000] {dagbag.py:588} INFO - Filling up the DagBag from /home/airflow/.local/lib/python3.12/site-packages/airflow/example_dags/example_params_ui_tutorial.py
[2025-05-26T03:12:47.792+0000] {processor.py:925} INFO - DAG(s) 'example_params_ui_tutorial' retrieved from /home/airflow/.local/lib/python3.12/site-packages/airflow/example_dags/example_params_ui_tutorial.py
[2025-05-26T03:12:47.810+0000] {logging_mixin.py:190} INFO - [2025-05-26T03:12:47.810+0000] {dag.py:3239} INFO - Sync 1 DAGs
[2025-05-26T03:12:47.818+0000] {logging_mixin.py:190} INFO - [2025-05-26T03:12:47.818+0000] {dag.py:4180} INFO - Setting next_dagrun for example_params_ui_tutorial to None, run_after=None
[2025-05-26T03:12:47.826+0000] {processor.py:208} INFO - Processing /home/airflow/.local/lib/python3.12/site-packages/airflow/example_dags/example_params_ui_tutorial.py took 0.043 seconds
[2025-05-26T04:51:23.353+0000] {processor.py:186} INFO - Started process (PID=85475) to work on /home/airflow/.local/lib/python3.12/site-packages/airflow/example_dags/example_params_ui_tutorial.py
[2025-05-26T04:51:23.354+0000] {processor.py:914} INFO - Processing file /home/airflow/.local/lib/python3.12/site-packages/airflow/example_dags/example_params_ui_tutorial.py for tasks to queue
[2025-05-26T04:51:23.355+0000] {logging_mixin.py:190} INFO - [2025-05-26T04:51:23.355+0000] {dagbag.py:588} INFO - Filling up the DagBag from /home/airflow/.local/lib/python3.12/site-packages/airflow/example_dags/example_params_ui_tutorial.py
[2025-05-26T04:51:23.363+0000] {processor.py:925} INFO - DAG(s) 'example_params_ui_tutorial' retrieved from /home/airflow/.local/lib/python3.12/site-packages/airflow/example_dags/example_params_ui_tutorial.py
[2025-05-26T04:51:23.383+0000] {logging_mixin.py:190} INFO - [2025-05-26T04:51:23.383+0000] {dag.py:3239} INFO - Sync 1 DAGs
[2025-05-26T04:51:23.396+0000] {logging_mixin.py:190} INFO - [2025-05-26T04:51:23.396+0000] {dag.py:4180} INFO - Setting next_dagrun for example_params_ui_tutorial to None, run_after=None
[2025-05-26T04:51:23.406+0000] {processor.py:208} INFO - Processing /home/airflow/.local/lib/python3.12/site-packages/airflow/example_dags/example_params_ui_tutorial.py took 0.056 seconds
[2025-05-26T05:37:02.077+0000] {processor.py:186} INFO - Started process (PID=85543) to work on /home/airflow/.local/lib/python3.12/site-packages/airflow/example_dags/example_params_ui_tutorial.py
[2025-05-26T05:37:02.078+0000] {processor.py:914} INFO - Processing file /home/airflow/.local/lib/python3.12/site-packages/airflow/example_dags/example_params_ui_tutorial.py for tasks to queue
[2025-05-26T05:37:02.079+0000] {logging_mixin.py:190} INFO - [2025-05-26T05:37:02.079+0000] {dagbag.py:588} INFO - Filling up the DagBag from /home/airflow/.local/lib/python3.12/site-packages/airflow/example_dags/example_params_ui_tutorial.py
[2025-05-26T05:37:02.083+0000] {processor.py:925} INFO - DAG(s) 'example_params_ui_tutorial' retrieved from /home/airflow/.local/lib/python3.12/site-packages/airflow/example_dags/example_params_ui_tutorial.py
[2025-05-26T05:37:02.101+0000] {logging_mixin.py:190} INFO - [2025-05-26T05:37:02.100+0000] {dag.py:3239} INFO - Sync 1 DAGs
[2025-05-26T05:37:02.107+0000] {logging_mixin.py:190} INFO - [2025-05-26T05:37:02.107+0000] {dag.py:4180} INFO - Setting next_dagrun for example_params_ui_tutorial to None, run_after=None
[2025-05-26T05:37:02.114+0000] {processor.py:208} INFO - Processing /home/airflow/.local/lib/python3.12/site-packages/airflow/example_dags/example_params_ui_tutorial.py took 0.040 seconds
[2025-05-26T06:04:20.117+0000] {processor.py:186} INFO - Started process (PID=85611) to work on /home/airflow/.local/lib/python3.12/site-packages/airflow/example_dags/example_params_ui_tutorial.py
[2025-05-26T06:04:20.118+0000] {processor.py:914} INFO - Processing file /home/airflow/.local/lib/python3.12/site-packages/airflow/example_dags/example_params_ui_tutorial.py for tasks to queue
[2025-05-26T06:04:20.119+0000] {logging_mixin.py:190} INFO - [2025-05-26T06:04:20.119+0000] {dagbag.py:588} INFO - Filling up the DagBag from /home/airflow/.local/lib/python3.12/site-packages/airflow/example_dags/example_params_ui_tutorial.py
[2025-05-26T06:04:20.125+0000] {processor.py:925} INFO - DAG(s) 'example_params_ui_tutorial' retrieved from /home/airflow/.local/lib/python3.12/site-packages/airflow/example_dags/example_params_ui_tutorial.py
[2025-05-26T06:04:20.146+0000] {logging_mixin.py:190} INFO - [2025-05-26T06:04:20.146+0000] {dag.py:3239} INFO - Sync 1 DAGs
[2025-05-26T06:04:20.153+0000] {logging_mixin.py:190} INFO - [2025-05-26T06:04:20.153+0000] {dag.py:4180} INFO - Setting next_dagrun for example_params_ui_tutorial to None, run_after=None
[2025-05-26T06:04:20.162+0000] {processor.py:208} INFO - Processing /home/airflow/.local/lib/python3.12/site-packages/airflow/example_dags/example_params_ui_tutorial.py took 0.048 seconds
[2025-05-26T06:23:03.304+0000] {processor.py:186} INFO - Started process (PID=85679) to work on /home/airflow/.local/lib/python3.12/site-packages/airflow/example_dags/example_params_ui_tutorial.py
[2025-05-26T06:23:03.305+0000] {processor.py:914} INFO - Processing file /home/airflow/.local/lib/python3.12/site-packages/airflow/example_dags/example_params_ui_tutorial.py for tasks to queue
[2025-05-26T06:23:03.306+0000] {logging_mixin.py:190} INFO - [2025-05-26T06:23:03.306+0000] {dagbag.py:588} INFO - Filling up the DagBag from /home/airflow/.local/lib/python3.12/site-packages/airflow/example_dags/example_params_ui_tutorial.py
[2025-05-26T06:23:03.312+0000] {processor.py:925} INFO - DAG(s) 'example_params_ui_tutorial' retrieved from /home/airflow/.local/lib/python3.12/site-packages/airflow/example_dags/example_params_ui_tutorial.py
[2025-05-26T06:23:03.336+0000] {logging_mixin.py:190} INFO - [2025-05-26T06:23:03.336+0000] {dag.py:3239} INFO - Sync 1 DAGs
[2025-05-26T06:23:03.343+0000] {logging_mixin.py:190} INFO - [2025-05-26T06:23:03.343+0000] {dag.py:4180} INFO - Setting next_dagrun for example_params_ui_tutorial to None, run_after=None
[2025-05-26T06:23:03.351+0000] {processor.py:208} INFO - Processing /home/airflow/.local/lib/python3.12/site-packages/airflow/example_dags/example_params_ui_tutorial.py took 0.051 seconds
