[2025-05-26T00:10:25.103+0000] {processor.py:186} INFO - Started process (PID=85257) to work on /home/airflow/.local/lib/python3.12/site-packages/airflow/example_dags/tutorial_taskflow_templates.py
[2025-05-26T00:10:25.103+0000] {processor.py:914} INFO - Processing file /home/airflow/.local/lib/python3.12/site-packages/airflow/example_dags/tutorial_taskflow_templates.py for tasks to queue
[2025-05-26T00:10:25.105+0000] {logging_mixin.py:190} INFO - [2025-05-26T00:10:25.105+0000] {dagbag.py:588} INFO - Filling up the DagBag from /home/airflow/.local/lib/python3.12/site-packages/airflow/example_dags/tutorial_taskflow_templates.py
[2025-05-26T00:10:25.114+0000] {processor.py:925} INFO - DAG(s) 'tutorial_taskflow_templates' retrieved from /home/airflow/.local/lib/python3.12/site-packages/airflow/example_dags/tutorial_taskflow_templates.py
[2025-05-26T00:10:25.125+0000] {logging_mixin.py:190} INFO - [2025-05-26T00:10:25.125+0000] {dag.py:3239} INFO - Sync 1 DAGs
[2025-05-26T00:10:25.138+0000] {logging_mixin.py:190} INFO - [2025-05-26T00:10:25.138+0000] {dag.py:4180} INFO - Setting next_dagrun for tutorial_taskflow_templates to 2025-05-25 00:00:00+00:00, run_after=2025-05-26 00:00:00+00:00
[2025-05-26T00:10:25.148+0000] {processor.py:208} INFO - Processing /home/airflow/.local/lib/python3.12/site-packages/airflow/example_dags/tutorial_taskflow_templates.py took 0.049 seconds
[2025-05-26T01:49:24.909+0000] {processor.py:186} INFO - Started process (PID=85325) to work on /home/airflow/.local/lib/python3.12/site-packages/airflow/example_dags/tutorial_taskflow_templates.py
[2025-05-26T01:49:24.910+0000] {processor.py:914} INFO - Processing file /home/airflow/.local/lib/python3.12/site-packages/airflow/example_dags/tutorial_taskflow_templates.py for tasks to queue
[2025-05-26T01:49:24.912+0000] {logging_mixin.py:190} INFO - [2025-05-26T01:49:24.912+0000] {dagbag.py:588} INFO - Filling up the DagBag from /home/airflow/.local/lib/python3.12/site-packages/airflow/example_dags/tutorial_taskflow_templates.py
[2025-05-26T01:49:24.920+0000] {processor.py:925} INFO - DAG(s) 'tutorial_taskflow_templates' retrieved from /home/airflow/.local/lib/python3.12/site-packages/airflow/example_dags/tutorial_taskflow_templates.py
[2025-05-26T01:49:24.928+0000] {logging_mixin.py:190} INFO - [2025-05-26T01:49:24.928+0000] {dag.py:3239} INFO - Sync 1 DAGs
[2025-05-26T01:49:24.941+0000] {logging_mixin.py:190} INFO - [2025-05-26T01:49:24.941+0000] {dag.py:4180} INFO - Setting next_dagrun for tutorial_taskflow_templates to 2025-05-25 00:00:00+00:00, run_after=2025-05-26 00:00:00+00:00
[2025-05-26T01:49:24.951+0000] {processor.py:208} INFO - Processing /home/airflow/.local/lib/python3.12/site-packages/airflow/example_dags/tutorial_taskflow_templates.py took 0.045 seconds
[2025-05-26T03:12:47.184+0000] {processor.py:186} INFO - Started process (PID=85393) to work on /home/airflow/.local/lib/python3.12/site-packages/airflow/example_dags/tutorial_taskflow_templates.py
[2025-05-26T03:12:47.184+0000] {processor.py:914} INFO - Processing file /home/airflow/.local/lib/python3.12/site-packages/airflow/example_dags/tutorial_taskflow_templates.py for tasks to queue
[2025-05-26T03:12:47.185+0000] {logging_mixin.py:190} INFO - [2025-05-26T03:12:47.185+0000] {dagbag.py:588} INFO - Filling up the DagBag from /home/airflow/.local/lib/python3.12/site-packages/airflow/example_dags/tutorial_taskflow_templates.py
[2025-05-26T03:12:47.196+0000] {processor.py:925} INFO - DAG(s) 'tutorial_taskflow_templates' retrieved from /home/airflow/.local/lib/python3.12/site-packages/airflow/example_dags/tutorial_taskflow_templates.py
[2025-05-26T03:12:47.211+0000] {logging_mixin.py:190} INFO - [2025-05-26T03:12:47.211+0000] {dag.py:3239} INFO - Sync 1 DAGs
[2025-05-26T03:12:47.228+0000] {logging_mixin.py:190} INFO - [2025-05-26T03:12:47.228+0000] {dag.py:4180} INFO - Setting next_dagrun for tutorial_taskflow_templates to 2025-05-25 00:00:00+00:00, run_after=2025-05-26 00:00:00+00:00
[2025-05-26T03:12:47.244+0000] {processor.py:208} INFO - Processing /home/airflow/.local/lib/python3.12/site-packages/airflow/example_dags/tutorial_taskflow_templates.py took 0.064 seconds
[2025-05-26T04:51:22.802+0000] {processor.py:186} INFO - Started process (PID=85461) to work on /home/airflow/.local/lib/python3.12/site-packages/airflow/example_dags/tutorial_taskflow_templates.py
[2025-05-26T04:51:22.804+0000] {processor.py:914} INFO - Processing file /home/airflow/.local/lib/python3.12/site-packages/airflow/example_dags/tutorial_taskflow_templates.py for tasks to queue
[2025-05-26T04:51:22.805+0000] {logging_mixin.py:190} INFO - [2025-05-26T04:51:22.805+0000] {dagbag.py:588} INFO - Filling up the DagBag from /home/airflow/.local/lib/python3.12/site-packages/airflow/example_dags/tutorial_taskflow_templates.py
[2025-05-26T04:51:22.814+0000] {processor.py:925} INFO - DAG(s) 'tutorial_taskflow_templates' retrieved from /home/airflow/.local/lib/python3.12/site-packages/airflow/example_dags/tutorial_taskflow_templates.py
[2025-05-26T04:51:22.830+0000] {logging_mixin.py:190} INFO - [2025-05-26T04:51:22.830+0000] {dag.py:3239} INFO - Sync 1 DAGs
[2025-05-26T04:51:22.846+0000] {logging_mixin.py:190} INFO - [2025-05-26T04:51:22.845+0000] {dag.py:4180} INFO - Setting next_dagrun for tutorial_taskflow_templates to 2025-05-25 00:00:00+00:00, run_after=2025-05-26 00:00:00+00:00
[2025-05-26T04:51:22.861+0000] {processor.py:208} INFO - Processing /home/airflow/.local/lib/python3.12/site-packages/airflow/example_dags/tutorial_taskflow_templates.py took 0.061 seconds
[2025-05-26T05:37:01.522+0000] {processor.py:186} INFO - Started process (PID=85529) to work on /home/airflow/.local/lib/python3.12/site-packages/airflow/example_dags/tutorial_taskflow_templates.py
[2025-05-26T05:37:01.523+0000] {processor.py:914} INFO - Processing file /home/airflow/.local/lib/python3.12/site-packages/airflow/example_dags/tutorial_taskflow_templates.py for tasks to queue
[2025-05-26T05:37:01.525+0000] {logging_mixin.py:190} INFO - [2025-05-26T05:37:01.525+0000] {dagbag.py:588} INFO - Filling up the DagBag from /home/airflow/.local/lib/python3.12/site-packages/airflow/example_dags/tutorial_taskflow_templates.py
[2025-05-26T05:37:01.532+0000] {processor.py:925} INFO - DAG(s) 'tutorial_taskflow_templates' retrieved from /home/airflow/.local/lib/python3.12/site-packages/airflow/example_dags/tutorial_taskflow_templates.py
[2025-05-26T05:37:01.547+0000] {logging_mixin.py:190} INFO - [2025-05-26T05:37:01.547+0000] {dag.py:3239} INFO - Sync 1 DAGs
[2025-05-26T05:37:01.561+0000] {logging_mixin.py:190} INFO - [2025-05-26T05:37:01.561+0000] {dag.py:4180} INFO - Setting next_dagrun for tutorial_taskflow_templates to 2025-05-25 00:00:00+00:00, run_after=2025-05-26 00:00:00+00:00
[2025-05-26T05:37:01.578+0000] {processor.py:208} INFO - Processing /home/airflow/.local/lib/python3.12/site-packages/airflow/example_dags/tutorial_taskflow_templates.py took 0.059 seconds
[2025-05-26T06:04:19.592+0000] {processor.py:186} INFO - Started process (PID=85597) to work on /home/airflow/.local/lib/python3.12/site-packages/airflow/example_dags/tutorial_taskflow_templates.py
[2025-05-26T06:04:19.593+0000] {processor.py:914} INFO - Processing file /home/airflow/.local/lib/python3.12/site-packages/airflow/example_dags/tutorial_taskflow_templates.py for tasks to queue
[2025-05-26T06:04:19.596+0000] {logging_mixin.py:190} INFO - [2025-05-26T06:04:19.595+0000] {dagbag.py:588} INFO - Filling up the DagBag from /home/airflow/.local/lib/python3.12/site-packages/airflow/example_dags/tutorial_taskflow_templates.py
[2025-05-26T06:04:19.605+0000] {processor.py:925} INFO - DAG(s) 'tutorial_taskflow_templates' retrieved from /home/airflow/.local/lib/python3.12/site-packages/airflow/example_dags/tutorial_taskflow_templates.py
[2025-05-26T06:04:19.620+0000] {logging_mixin.py:190} INFO - [2025-05-26T06:04:19.620+0000] {dag.py:3239} INFO - Sync 1 DAGs
[2025-05-26T06:04:19.634+0000] {logging_mixin.py:190} INFO - [2025-05-26T06:04:19.634+0000] {dag.py:4180} INFO - Setting next_dagrun for tutorial_taskflow_templates to 2025-05-25 00:00:00+00:00, run_after=2025-05-26 00:00:00+00:00
[2025-05-26T06:04:19.649+0000] {processor.py:208} INFO - Processing /home/airflow/.local/lib/python3.12/site-packages/airflow/example_dags/tutorial_taskflow_templates.py took 0.061 seconds
[2025-05-26T06:23:02.745+0000] {processor.py:186} INFO - Started process (PID=85665) to work on /home/airflow/.local/lib/python3.12/site-packages/airflow/example_dags/tutorial_taskflow_templates.py
[2025-05-26T06:23:02.746+0000] {processor.py:914} INFO - Processing file /home/airflow/.local/lib/python3.12/site-packages/airflow/example_dags/tutorial_taskflow_templates.py for tasks to queue
[2025-05-26T06:23:02.750+0000] {logging_mixin.py:190} INFO - [2025-05-26T06:23:02.750+0000] {dagbag.py:588} INFO - Filling up the DagBag from /home/airflow/.local/lib/python3.12/site-packages/airflow/example_dags/tutorial_taskflow_templates.py
[2025-05-26T06:23:02.760+0000] {processor.py:925} INFO - DAG(s) 'tutorial_taskflow_templates' retrieved from /home/airflow/.local/lib/python3.12/site-packages/airflow/example_dags/tutorial_taskflow_templates.py
[2025-05-26T06:23:02.774+0000] {logging_mixin.py:190} INFO - [2025-05-26T06:23:02.774+0000] {dag.py:3239} INFO - Sync 1 DAGs
[2025-05-26T06:23:02.786+0000] {logging_mixin.py:190} INFO - [2025-05-26T06:23:02.786+0000] {dag.py:4180} INFO - Setting next_dagrun for tutorial_taskflow_templates to 2025-05-25 00:00:00+00:00, run_after=2025-05-26 00:00:00+00:00
[2025-05-26T06:23:02.795+0000] {processor.py:208} INFO - Processing /home/airflow/.local/lib/python3.12/site-packages/airflow/example_dags/tutorial_taskflow_templates.py took 0.056 seconds
