[2025-05-26T00:10:25.491+0000] {processor.py:186} INFO - Started process (PID=85267) to work on /home/airflow/.local/lib/python3.12/site-packages/airflow/example_dags/tutorial_dag.py
[2025-05-26T00:10:25.492+0000] {processor.py:914} INFO - Processing file /home/airflow/.local/lib/python3.12/site-packages/airflow/example_dags/tutorial_dag.py for tasks to queue
[2025-05-26T00:10:25.493+0000] {logging_mixin.py:190} INFO - [2025-05-26T00:10:25.493+0000] {dagbag.py:588} INFO - Filling up the DagBag from /home/airflow/.local/lib/python3.12/site-packages/airflow/example_dags/tutorial_dag.py
[2025-05-26T00:10:25.497+0000] {processor.py:925} INFO - DAG(s) 'tutorial_dag' retrieved from /home/airflow/.local/lib/python3.12/site-packages/airflow/example_dags/tutorial_dag.py
[2025-05-26T00:10:25.761+0000] {logging_mixin.py:190} INFO - [2025-05-26T00:10:25.761+0000] {dag.py:3239} INFO - Sync 1 DAGs
[2025-05-26T00:10:25.805+0000] {logging_mixin.py:190} INFO - [2025-05-26T00:10:25.805+0000] {dag.py:4180} INFO - Setting next_dagrun for tutorial_dag to None, run_after=None
[2025-05-26T00:10:25.959+0000] {processor.py:208} INFO - Processing /home/airflow/.local/lib/python3.12/site-packages/airflow/example_dags/tutorial_dag.py took 0.470 seconds
[2025-05-26T01:49:25.316+0000] {processor.py:186} INFO - Started process (PID=85335) to work on /home/airflow/.local/lib/python3.12/site-packages/airflow/example_dags/tutorial_dag.py
[2025-05-26T01:49:25.316+0000] {processor.py:914} INFO - Processing file /home/airflow/.local/lib/python3.12/site-packages/airflow/example_dags/tutorial_dag.py for tasks to queue
[2025-05-26T01:49:25.317+0000] {logging_mixin.py:190} INFO - [2025-05-26T01:49:25.317+0000] {dagbag.py:588} INFO - Filling up the DagBag from /home/airflow/.local/lib/python3.12/site-packages/airflow/example_dags/tutorial_dag.py
[2025-05-26T01:49:25.321+0000] {processor.py:925} INFO - DAG(s) 'tutorial_dag' retrieved from /home/airflow/.local/lib/python3.12/site-packages/airflow/example_dags/tutorial_dag.py
[2025-05-26T01:49:25.329+0000] {logging_mixin.py:190} INFO - [2025-05-26T01:49:25.329+0000] {dag.py:3239} INFO - Sync 1 DAGs
[2025-05-26T01:49:25.335+0000] {logging_mixin.py:190} INFO - [2025-05-26T01:49:25.334+0000] {dag.py:4180} INFO - Setting next_dagrun for tutorial_dag to None, run_after=None
[2025-05-26T01:49:25.342+0000] {processor.py:208} INFO - Processing /home/airflow/.local/lib/python3.12/site-packages/airflow/example_dags/tutorial_dag.py took 0.029 seconds
[2025-05-26T03:12:47.655+0000] {processor.py:186} INFO - Started process (PID=85403) to work on /home/airflow/.local/lib/python3.12/site-packages/airflow/example_dags/tutorial_dag.py
[2025-05-26T03:12:47.655+0000] {processor.py:914} INFO - Processing file /home/airflow/.local/lib/python3.12/site-packages/airflow/example_dags/tutorial_dag.py for tasks to queue
[2025-05-26T03:12:47.657+0000] {logging_mixin.py:190} INFO - [2025-05-26T03:12:47.657+0000] {dagbag.py:588} INFO - Filling up the DagBag from /home/airflow/.local/lib/python3.12/site-packages/airflow/example_dags/tutorial_dag.py
[2025-05-26T03:12:47.662+0000] {processor.py:925} INFO - DAG(s) 'tutorial_dag' retrieved from /home/airflow/.local/lib/python3.12/site-packages/airflow/example_dags/tutorial_dag.py
[2025-05-26T03:12:47.676+0000] {logging_mixin.py:190} INFO - [2025-05-26T03:12:47.675+0000] {dag.py:3239} INFO - Sync 1 DAGs
[2025-05-26T03:12:47.689+0000] {logging_mixin.py:190} INFO - [2025-05-26T03:12:47.689+0000] {dag.py:4180} INFO - Setting next_dagrun for tutorial_dag to None, run_after=None
[2025-05-26T03:12:47.704+0000] {processor.py:208} INFO - Processing /home/airflow/.local/lib/python3.12/site-packages/airflow/example_dags/tutorial_dag.py took 0.053 seconds
[2025-05-26T04:51:23.196+0000] {processor.py:186} INFO - Started process (PID=85471) to work on /home/airflow/.local/lib/python3.12/site-packages/airflow/example_dags/tutorial_dag.py
[2025-05-26T04:51:23.197+0000] {processor.py:914} INFO - Processing file /home/airflow/.local/lib/python3.12/site-packages/airflow/example_dags/tutorial_dag.py for tasks to queue
[2025-05-26T04:51:23.198+0000] {logging_mixin.py:190} INFO - [2025-05-26T04:51:23.198+0000] {dagbag.py:588} INFO - Filling up the DagBag from /home/airflow/.local/lib/python3.12/site-packages/airflow/example_dags/tutorial_dag.py
[2025-05-26T04:51:23.202+0000] {processor.py:925} INFO - DAG(s) 'tutorial_dag' retrieved from /home/airflow/.local/lib/python3.12/site-packages/airflow/example_dags/tutorial_dag.py
[2025-05-26T04:51:23.210+0000] {logging_mixin.py:190} INFO - [2025-05-26T04:51:23.210+0000] {dag.py:3239} INFO - Sync 1 DAGs
[2025-05-26T04:51:23.216+0000] {logging_mixin.py:190} INFO - [2025-05-26T04:51:23.216+0000] {dag.py:4180} INFO - Setting next_dagrun for tutorial_dag to None, run_after=None
[2025-05-26T04:51:23.224+0000] {processor.py:208} INFO - Processing /home/airflow/.local/lib/python3.12/site-packages/airflow/example_dags/tutorial_dag.py took 0.031 seconds
[2025-05-26T05:37:01.955+0000] {processor.py:186} INFO - Started process (PID=85539) to work on /home/airflow/.local/lib/python3.12/site-packages/airflow/example_dags/tutorial_dag.py
[2025-05-26T05:37:01.958+0000] {processor.py:914} INFO - Processing file /home/airflow/.local/lib/python3.12/site-packages/airflow/example_dags/tutorial_dag.py for tasks to queue
[2025-05-26T05:37:01.960+0000] {logging_mixin.py:190} INFO - [2025-05-26T05:37:01.960+0000] {dagbag.py:588} INFO - Filling up the DagBag from /home/airflow/.local/lib/python3.12/site-packages/airflow/example_dags/tutorial_dag.py
[2025-05-26T05:37:01.966+0000] {processor.py:925} INFO - DAG(s) 'tutorial_dag' retrieved from /home/airflow/.local/lib/python3.12/site-packages/airflow/example_dags/tutorial_dag.py
[2025-05-26T05:37:01.982+0000] {logging_mixin.py:190} INFO - [2025-05-26T05:37:01.982+0000] {dag.py:3239} INFO - Sync 1 DAGs
[2025-05-26T05:37:01.991+0000] {logging_mixin.py:190} INFO - [2025-05-26T05:37:01.991+0000] {dag.py:4180} INFO - Setting next_dagrun for tutorial_dag to None, run_after=None
[2025-05-26T05:37:02.012+0000] {processor.py:208} INFO - Processing /home/airflow/.local/lib/python3.12/site-packages/airflow/example_dags/tutorial_dag.py took 0.060 seconds
[2025-05-26T06:04:19.969+0000] {processor.py:186} INFO - Started process (PID=85607) to work on /home/airflow/.local/lib/python3.12/site-packages/airflow/example_dags/tutorial_dag.py
[2025-05-26T06:04:19.970+0000] {processor.py:914} INFO - Processing file /home/airflow/.local/lib/python3.12/site-packages/airflow/example_dags/tutorial_dag.py for tasks to queue
[2025-05-26T06:04:19.971+0000] {logging_mixin.py:190} INFO - [2025-05-26T06:04:19.971+0000] {dagbag.py:588} INFO - Filling up the DagBag from /home/airflow/.local/lib/python3.12/site-packages/airflow/example_dags/tutorial_dag.py
[2025-05-26T06:04:19.975+0000] {processor.py:925} INFO - DAG(s) 'tutorial_dag' retrieved from /home/airflow/.local/lib/python3.12/site-packages/airflow/example_dags/tutorial_dag.py
[2025-05-26T06:04:19.988+0000] {logging_mixin.py:190} INFO - [2025-05-26T06:04:19.988+0000] {dag.py:3239} INFO - Sync 1 DAGs
[2025-05-26T06:04:19.993+0000] {logging_mixin.py:190} INFO - [2025-05-26T06:04:19.993+0000] {dag.py:4180} INFO - Setting next_dagrun for tutorial_dag to None, run_after=None
[2025-05-26T06:04:20.004+0000] {processor.py:208} INFO - Processing /home/airflow/.local/lib/python3.12/site-packages/airflow/example_dags/tutorial_dag.py took 0.038 seconds
[2025-05-26T06:23:03.145+0000] {processor.py:186} INFO - Started process (PID=85675) to work on /home/airflow/.local/lib/python3.12/site-packages/airflow/example_dags/tutorial_dag.py
[2025-05-26T06:23:03.146+0000] {processor.py:914} INFO - Processing file /home/airflow/.local/lib/python3.12/site-packages/airflow/example_dags/tutorial_dag.py for tasks to queue
[2025-05-26T06:23:03.147+0000] {logging_mixin.py:190} INFO - [2025-05-26T06:23:03.147+0000] {dagbag.py:588} INFO - Filling up the DagBag from /home/airflow/.local/lib/python3.12/site-packages/airflow/example_dags/tutorial_dag.py
[2025-05-26T06:23:03.151+0000] {processor.py:925} INFO - DAG(s) 'tutorial_dag' retrieved from /home/airflow/.local/lib/python3.12/site-packages/airflow/example_dags/tutorial_dag.py
[2025-05-26T06:23:03.161+0000] {logging_mixin.py:190} INFO - [2025-05-26T06:23:03.161+0000] {dag.py:3239} INFO - Sync 1 DAGs
[2025-05-26T06:23:03.171+0000] {logging_mixin.py:190} INFO - [2025-05-26T06:23:03.171+0000] {dag.py:4180} INFO - Setting next_dagrun for tutorial_dag to None, run_after=None
[2025-05-26T06:23:03.179+0000] {processor.py:208} INFO - Processing /home/airflow/.local/lib/python3.12/site-packages/airflow/example_dags/tutorial_dag.py took 0.037 seconds
