[2025-05-26T00:10:23.458+0000] {processor.py:186} INFO - Started process (PID=85227) to work on /home/airflow/.local/lib/python3.12/site-packages/airflow/example_dags/tutorial_taskflow_api.py
[2025-05-26T00:10:23.459+0000] {processor.py:914} INFO - Processing file /home/airflow/.local/lib/python3.12/site-packages/airflow/example_dags/tutorial_taskflow_api.py for tasks to queue
[2025-05-26T00:10:23.461+0000] {logging_mixin.py:190} INFO - [2025-05-26T00:10:23.461+0000] {dagbag.py:588} INFO - Filling up the DagBag from /home/airflow/.local/lib/python3.12/site-packages/airflow/example_dags/tutorial_taskflow_api.py
[2025-05-26T00:10:23.467+0000] {processor.py:925} INFO - DAG(s) 'tutorial_taskflow_api' retrieved from /home/airflow/.local/lib/python3.12/site-packages/airflow/example_dags/tutorial_taskflow_api.py
[2025-05-26T00:10:23.480+0000] {logging_mixin.py:190} INFO - [2025-05-26T00:10:23.480+0000] {dag.py:3239} INFO - Sync 1 DAGs
[2025-05-26T00:10:23.488+0000] {logging_mixin.py:190} INFO - [2025-05-26T00:10:23.488+0000] {dag.py:4180} INFO - Setting next_dagrun for tutorial_taskflow_api to None, run_after=None
[2025-05-26T00:10:23.500+0000] {processor.py:208} INFO - Processing /home/airflow/.local/lib/python3.12/site-packages/airflow/example_dags/tutorial_taskflow_api.py took 0.046 seconds
[2025-05-26T01:49:23.138+0000] {processor.py:186} INFO - Started process (PID=85295) to work on /home/airflow/.local/lib/python3.12/site-packages/airflow/example_dags/tutorial_taskflow_api.py
[2025-05-26T01:49:23.139+0000] {processor.py:914} INFO - Processing file /home/airflow/.local/lib/python3.12/site-packages/airflow/example_dags/tutorial_taskflow_api.py for tasks to queue
[2025-05-26T01:49:23.140+0000] {logging_mixin.py:190} INFO - [2025-05-26T01:49:23.140+0000] {dagbag.py:588} INFO - Filling up the DagBag from /home/airflow/.local/lib/python3.12/site-packages/airflow/example_dags/tutorial_taskflow_api.py
[2025-05-26T01:49:23.145+0000] {processor.py:925} INFO - DAG(s) 'tutorial_taskflow_api' retrieved from /home/airflow/.local/lib/python3.12/site-packages/airflow/example_dags/tutorial_taskflow_api.py
[2025-05-26T01:49:23.154+0000] {logging_mixin.py:190} INFO - [2025-05-26T01:49:23.154+0000] {dag.py:3239} INFO - Sync 1 DAGs
[2025-05-26T01:49:23.162+0000] {logging_mixin.py:190} INFO - [2025-05-26T01:49:23.162+0000] {dag.py:4180} INFO - Setting next_dagrun for tutorial_taskflow_api to None, run_after=None
[2025-05-26T01:49:23.176+0000] {processor.py:208} INFO - Processing /home/airflow/.local/lib/python3.12/site-packages/airflow/example_dags/tutorial_taskflow_api.py took 0.044 seconds
[2025-05-26T03:12:44.934+0000] {processor.py:186} INFO - Started process (PID=85363) to work on /home/airflow/.local/lib/python3.12/site-packages/airflow/example_dags/tutorial_taskflow_api.py
[2025-05-26T03:12:44.935+0000] {processor.py:914} INFO - Processing file /home/airflow/.local/lib/python3.12/site-packages/airflow/example_dags/tutorial_taskflow_api.py for tasks to queue
[2025-05-26T03:12:44.938+0000] {logging_mixin.py:190} INFO - [2025-05-26T03:12:44.937+0000] {dagbag.py:588} INFO - Filling up the DagBag from /home/airflow/.local/lib/python3.12/site-packages/airflow/example_dags/tutorial_taskflow_api.py
[2025-05-26T03:12:44.944+0000] {processor.py:925} INFO - DAG(s) 'tutorial_taskflow_api' retrieved from /home/airflow/.local/lib/python3.12/site-packages/airflow/example_dags/tutorial_taskflow_api.py
[2025-05-26T03:12:44.958+0000] {logging_mixin.py:190} INFO - [2025-05-26T03:12:44.958+0000] {dag.py:3239} INFO - Sync 1 DAGs
[2025-05-26T03:12:44.970+0000] {logging_mixin.py:190} INFO - [2025-05-26T03:12:44.969+0000] {dag.py:4180} INFO - Setting next_dagrun for tutorial_taskflow_api to None, run_after=None
[2025-05-26T03:12:44.986+0000] {processor.py:208} INFO - Processing /home/airflow/.local/lib/python3.12/site-packages/airflow/example_dags/tutorial_taskflow_api.py took 0.055 seconds
[2025-05-26T04:51:21.031+0000] {processor.py:186} INFO - Started process (PID=85431) to work on /home/airflow/.local/lib/python3.12/site-packages/airflow/example_dags/tutorial_taskflow_api.py
[2025-05-26T04:51:21.032+0000] {processor.py:914} INFO - Processing file /home/airflow/.local/lib/python3.12/site-packages/airflow/example_dags/tutorial_taskflow_api.py for tasks to queue
[2025-05-26T04:51:21.033+0000] {logging_mixin.py:190} INFO - [2025-05-26T04:51:21.033+0000] {dagbag.py:588} INFO - Filling up the DagBag from /home/airflow/.local/lib/python3.12/site-packages/airflow/example_dags/tutorial_taskflow_api.py
[2025-05-26T04:51:21.038+0000] {processor.py:925} INFO - DAG(s) 'tutorial_taskflow_api' retrieved from /home/airflow/.local/lib/python3.12/site-packages/airflow/example_dags/tutorial_taskflow_api.py
[2025-05-26T04:51:21.052+0000] {logging_mixin.py:190} INFO - [2025-05-26T04:51:21.051+0000] {dag.py:3239} INFO - Sync 1 DAGs
[2025-05-26T04:51:21.059+0000] {logging_mixin.py:190} INFO - [2025-05-26T04:51:21.059+0000] {dag.py:4180} INFO - Setting next_dagrun for tutorial_taskflow_api to None, run_after=None
[2025-05-26T04:51:21.075+0000] {processor.py:208} INFO - Processing /home/airflow/.local/lib/python3.12/site-packages/airflow/example_dags/tutorial_taskflow_api.py took 0.048 seconds
[2025-05-26T05:36:59.251+0000] {processor.py:186} INFO - Started process (PID=85499) to work on /home/airflow/.local/lib/python3.12/site-packages/airflow/example_dags/tutorial_taskflow_api.py
[2025-05-26T05:36:59.253+0000] {processor.py:914} INFO - Processing file /home/airflow/.local/lib/python3.12/site-packages/airflow/example_dags/tutorial_taskflow_api.py for tasks to queue
[2025-05-26T05:36:59.254+0000] {logging_mixin.py:190} INFO - [2025-05-26T05:36:59.254+0000] {dagbag.py:588} INFO - Filling up the DagBag from /home/airflow/.local/lib/python3.12/site-packages/airflow/example_dags/tutorial_taskflow_api.py
[2025-05-26T05:36:59.262+0000] {processor.py:925} INFO - DAG(s) 'tutorial_taskflow_api' retrieved from /home/airflow/.local/lib/python3.12/site-packages/airflow/example_dags/tutorial_taskflow_api.py
[2025-05-26T05:36:59.276+0000] {logging_mixin.py:190} INFO - [2025-05-26T05:36:59.276+0000] {dag.py:3239} INFO - Sync 1 DAGs
[2025-05-26T05:36:59.285+0000] {logging_mixin.py:190} INFO - [2025-05-26T05:36:59.285+0000] {dag.py:4180} INFO - Setting next_dagrun for tutorial_taskflow_api to None, run_after=None
[2025-05-26T05:36:59.299+0000] {processor.py:208} INFO - Processing /home/airflow/.local/lib/python3.12/site-packages/airflow/example_dags/tutorial_taskflow_api.py took 0.053 seconds
[2025-05-26T06:04:17.559+0000] {processor.py:186} INFO - Started process (PID=85567) to work on /home/airflow/.local/lib/python3.12/site-packages/airflow/example_dags/tutorial_taskflow_api.py
[2025-05-26T06:04:17.559+0000] {processor.py:914} INFO - Processing file /home/airflow/.local/lib/python3.12/site-packages/airflow/example_dags/tutorial_taskflow_api.py for tasks to queue
[2025-05-26T06:04:17.561+0000] {logging_mixin.py:190} INFO - [2025-05-26T06:04:17.560+0000] {dagbag.py:588} INFO - Filling up the DagBag from /home/airflow/.local/lib/python3.12/site-packages/airflow/example_dags/tutorial_taskflow_api.py
[2025-05-26T06:04:17.568+0000] {processor.py:925} INFO - DAG(s) 'tutorial_taskflow_api' retrieved from /home/airflow/.local/lib/python3.12/site-packages/airflow/example_dags/tutorial_taskflow_api.py
[2025-05-26T06:04:17.580+0000] {logging_mixin.py:190} INFO - [2025-05-26T06:04:17.579+0000] {dag.py:3239} INFO - Sync 1 DAGs
[2025-05-26T06:04:17.593+0000] {logging_mixin.py:190} INFO - [2025-05-26T06:04:17.593+0000] {dag.py:4180} INFO - Setting next_dagrun for tutorial_taskflow_api to None, run_after=None
[2025-05-26T06:04:17.605+0000] {processor.py:208} INFO - Processing /home/airflow/.local/lib/python3.12/site-packages/airflow/example_dags/tutorial_taskflow_api.py took 0.049 seconds
[2025-05-26T06:23:00.737+0000] {processor.py:186} INFO - Started process (PID=85635) to work on /home/airflow/.local/lib/python3.12/site-packages/airflow/example_dags/tutorial_taskflow_api.py
[2025-05-26T06:23:00.738+0000] {processor.py:914} INFO - Processing file /home/airflow/.local/lib/python3.12/site-packages/airflow/example_dags/tutorial_taskflow_api.py for tasks to queue
[2025-05-26T06:23:00.739+0000] {logging_mixin.py:190} INFO - [2025-05-26T06:23:00.739+0000] {dagbag.py:588} INFO - Filling up the DagBag from /home/airflow/.local/lib/python3.12/site-packages/airflow/example_dags/tutorial_taskflow_api.py
[2025-05-26T06:23:00.744+0000] {processor.py:925} INFO - DAG(s) 'tutorial_taskflow_api' retrieved from /home/airflow/.local/lib/python3.12/site-packages/airflow/example_dags/tutorial_taskflow_api.py
[2025-05-26T06:23:00.759+0000] {logging_mixin.py:190} INFO - [2025-05-26T06:23:00.758+0000] {dag.py:3239} INFO - Sync 1 DAGs
[2025-05-26T06:23:00.769+0000] {logging_mixin.py:190} INFO - [2025-05-26T06:23:00.769+0000] {dag.py:4180} INFO - Setting next_dagrun for tutorial_taskflow_api to None, run_after=None
[2025-05-26T06:23:00.783+0000] {processor.py:208} INFO - Processing /home/airflow/.local/lib/python3.12/site-packages/airflow/example_dags/tutorial_taskflow_api.py took 0.049 seconds
