[2025-04-10T09:12:37.450+0000] {processor.py:186} INFO - Started process (PID=60) to work on /home/airflow/.local/lib/python3.12/site-packages/airflow/example_dags/example_display_name.py
[2025-04-10T09:12:37.455+0000] {processor.py:914} INFO - Processing file /home/airflow/.local/lib/python3.12/site-packages/airflow/example_dags/example_display_name.py for tasks to queue
[2025-04-10T09:12:37.458+0000] {logging_mixin.py:190} INFO - [2025-04-10T09:12:37.457+0000] {dagbag.py:588} INFO - Filling up the DagBag from /home/airflow/.local/lib/python3.12/site-packages/airflow/example_dags/example_display_name.py
[2025-04-10T09:12:37.469+0000] {processor.py:925} INFO - DAG(s) 'example_display_name' retrieved from /home/airflow/.local/lib/python3.12/site-packages/airflow/example_dags/example_display_name.py
[2025-04-10T09:12:37.502+0000] {logging_mixin.py:190} INFO - [2025-04-10T09:12:37.502+0000] {dag.py:3239} INFO - Sync 1 DAGs
[2025-04-10T09:12:37.527+0000] {logging_mixin.py:190} INFO - [2025-04-10T09:12:37.527+0000] {dag.py:4180} INFO - Setting next_dagrun for example_display_name to None, run_after=None
[2025-04-10T09:12:37.553+0000] {processor.py:208} INFO - Processing /home/airflow/.local/lib/python3.12/site-packages/airflow/example_dags/example_display_name.py took 0.111 seconds
[2025-04-10T09:13:08.011+0000] {processor.py:186} INFO - Started process (PID=124) to work on /home/airflow/.local/lib/python3.12/site-packages/airflow/example_dags/example_display_name.py
[2025-04-10T09:13:08.012+0000] {processor.py:914} INFO - Processing file /home/airflow/.local/lib/python3.12/site-packages/airflow/example_dags/example_display_name.py for tasks to queue
[2025-04-10T09:13:08.014+0000] {logging_mixin.py:190} INFO - [2025-04-10T09:13:08.014+0000] {dagbag.py:588} INFO - Filling up the DagBag from /home/airflow/.local/lib/python3.12/site-packages/airflow/example_dags/example_display_name.py
[2025-04-10T09:13:08.024+0000] {processor.py:925} INFO - DAG(s) 'example_display_name' retrieved from /home/airflow/.local/lib/python3.12/site-packages/airflow/example_dags/example_display_name.py
[2025-04-10T09:13:08.048+0000] {logging_mixin.py:190} INFO - [2025-04-10T09:13:08.048+0000] {dag.py:3239} INFO - Sync 1 DAGs
[2025-04-10T09:13:08.063+0000] {logging_mixin.py:190} INFO - [2025-04-10T09:13:08.063+0000] {dag.py:4180} INFO - Setting next_dagrun for example_display_name to None, run_after=None
[2025-04-10T09:13:08.086+0000] {processor.py:208} INFO - Processing /home/airflow/.local/lib/python3.12/site-packages/airflow/example_dags/example_display_name.py took 0.082 seconds
[2025-04-10T09:13:38.844+0000] {processor.py:186} INFO - Started process (PID=188) to work on /home/airflow/.local/lib/python3.12/site-packages/airflow/example_dags/example_display_name.py
[2025-04-10T09:13:38.845+0000] {processor.py:914} INFO - Processing file /home/airflow/.local/lib/python3.12/site-packages/airflow/example_dags/example_display_name.py for tasks to queue
[2025-04-10T09:13:38.848+0000] {logging_mixin.py:190} INFO - [2025-04-10T09:13:38.848+0000] {dagbag.py:588} INFO - Filling up the DagBag from /home/airflow/.local/lib/python3.12/site-packages/airflow/example_dags/example_display_name.py
[2025-04-10T09:13:38.857+0000] {processor.py:925} INFO - DAG(s) 'example_display_name' retrieved from /home/airflow/.local/lib/python3.12/site-packages/airflow/example_dags/example_display_name.py
[2025-04-10T09:13:38.879+0000] {logging_mixin.py:190} INFO - [2025-04-10T09:13:38.879+0000] {dag.py:3239} INFO - Sync 1 DAGs
[2025-04-10T09:13:38.901+0000] {logging_mixin.py:190} INFO - [2025-04-10T09:13:38.901+0000] {dag.py:4180} INFO - Setting next_dagrun for example_display_name to None, run_after=None
[2025-04-10T09:13:38.924+0000] {processor.py:208} INFO - Processing /home/airflow/.local/lib/python3.12/site-packages/airflow/example_dags/example_display_name.py took 0.086 seconds
[2025-04-10T09:14:09.037+0000] {processor.py:186} INFO - Started process (PID=252) to work on /home/airflow/.local/lib/python3.12/site-packages/airflow/example_dags/example_display_name.py
[2025-04-10T09:14:09.038+0000] {processor.py:914} INFO - Processing file /home/airflow/.local/lib/python3.12/site-packages/airflow/example_dags/example_display_name.py for tasks to queue
[2025-04-10T09:14:09.041+0000] {logging_mixin.py:190} INFO - [2025-04-10T09:14:09.041+0000] {dagbag.py:588} INFO - Filling up the DagBag from /home/airflow/.local/lib/python3.12/site-packages/airflow/example_dags/example_display_name.py
[2025-04-10T09:14:09.049+0000] {processor.py:925} INFO - DAG(s) 'example_display_name' retrieved from /home/airflow/.local/lib/python3.12/site-packages/airflow/example_dags/example_display_name.py
[2025-04-10T09:14:09.074+0000] {logging_mixin.py:190} INFO - [2025-04-10T09:14:09.073+0000] {dag.py:3239} INFO - Sync 1 DAGs
[2025-04-10T09:14:09.091+0000] {logging_mixin.py:190} INFO - [2025-04-10T09:14:09.091+0000] {dag.py:4180} INFO - Setting next_dagrun for example_display_name to None, run_after=None
[2025-04-10T09:14:09.114+0000] {processor.py:208} INFO - Processing /home/airflow/.local/lib/python3.12/site-packages/airflow/example_dags/example_display_name.py took 0.084 seconds
[2025-04-10T09:14:39.187+0000] {processor.py:186} INFO - Started process (PID=316) to work on /home/airflow/.local/lib/python3.12/site-packages/airflow/example_dags/example_display_name.py
[2025-04-10T09:14:39.188+0000] {processor.py:914} INFO - Processing file /home/airflow/.local/lib/python3.12/site-packages/airflow/example_dags/example_display_name.py for tasks to queue
[2025-04-10T09:14:39.191+0000] {logging_mixin.py:190} INFO - [2025-04-10T09:14:39.191+0000] {dagbag.py:588} INFO - Filling up the DagBag from /home/airflow/.local/lib/python3.12/site-packages/airflow/example_dags/example_display_name.py
[2025-04-10T09:14:39.202+0000] {processor.py:925} INFO - DAG(s) 'example_display_name' retrieved from /home/airflow/.local/lib/python3.12/site-packages/airflow/example_dags/example_display_name.py
[2025-04-10T09:14:39.228+0000] {logging_mixin.py:190} INFO - [2025-04-10T09:14:39.228+0000] {dag.py:3239} INFO - Sync 1 DAGs
[2025-04-10T09:14:39.243+0000] {logging_mixin.py:190} INFO - [2025-04-10T09:14:39.243+0000] {dag.py:4180} INFO - Setting next_dagrun for example_display_name to None, run_after=None
[2025-04-10T09:14:39.266+0000] {processor.py:208} INFO - Processing /home/airflow/.local/lib/python3.12/site-packages/airflow/example_dags/example_display_name.py took 0.085 seconds
[2025-04-10T09:15:09.327+0000] {processor.py:186} INFO - Started process (PID=385) to work on /home/airflow/.local/lib/python3.12/site-packages/airflow/example_dags/example_display_name.py
[2025-04-10T09:15:09.328+0000] {processor.py:914} INFO - Processing file /home/airflow/.local/lib/python3.12/site-packages/airflow/example_dags/example_display_name.py for tasks to queue
[2025-04-10T09:15:09.331+0000] {logging_mixin.py:190} INFO - [2025-04-10T09:15:09.330+0000] {dagbag.py:588} INFO - Filling up the DagBag from /home/airflow/.local/lib/python3.12/site-packages/airflow/example_dags/example_display_name.py
[2025-04-10T09:15:09.339+0000] {processor.py:925} INFO - DAG(s) 'example_display_name' retrieved from /home/airflow/.local/lib/python3.12/site-packages/airflow/example_dags/example_display_name.py
[2025-04-10T09:15:09.357+0000] {logging_mixin.py:190} INFO - [2025-04-10T09:15:09.357+0000] {dag.py:3239} INFO - Sync 1 DAGs
[2025-04-10T09:15:09.372+0000] {logging_mixin.py:190} INFO - [2025-04-10T09:15:09.372+0000] {dag.py:4180} INFO - Setting next_dagrun for example_display_name to None, run_after=None
[2025-04-10T09:15:09.390+0000] {processor.py:208} INFO - Processing /home/airflow/.local/lib/python3.12/site-packages/airflow/example_dags/example_display_name.py took 0.070 seconds
[2025-04-10T09:15:46.468+0000] {processor.py:186} INFO - Started process (PID=431) to work on /home/airflow/.local/lib/python3.12/site-packages/airflow/example_dags/example_display_name.py
[2025-04-10T09:15:46.469+0000] {processor.py:914} INFO - Processing file /home/airflow/.local/lib/python3.12/site-packages/airflow/example_dags/example_display_name.py for tasks to queue
[2025-04-10T09:15:46.472+0000] {logging_mixin.py:190} INFO - [2025-04-10T09:15:46.472+0000] {dagbag.py:588} INFO - Filling up the DagBag from /home/airflow/.local/lib/python3.12/site-packages/airflow/example_dags/example_display_name.py
[2025-04-10T09:15:46.482+0000] {processor.py:925} INFO - DAG(s) 'example_display_name' retrieved from /home/airflow/.local/lib/python3.12/site-packages/airflow/example_dags/example_display_name.py
[2025-04-10T09:15:46.513+0000] {logging_mixin.py:190} INFO - [2025-04-10T09:15:46.512+0000] {dag.py:3239} INFO - Sync 1 DAGs
[2025-04-10T09:15:46.531+0000] {logging_mixin.py:190} INFO - [2025-04-10T09:15:46.531+0000] {dag.py:4180} INFO - Setting next_dagrun for example_display_name to None, run_after=None
[2025-04-10T09:15:46.556+0000] {processor.py:208} INFO - Processing /home/airflow/.local/lib/python3.12/site-packages/airflow/example_dags/example_display_name.py took 0.095 seconds
[2025-04-10T09:16:17.059+0000] {processor.py:186} INFO - Started process (PID=496) to work on /home/airflow/.local/lib/python3.12/site-packages/airflow/example_dags/example_display_name.py
[2025-04-10T09:16:17.060+0000] {processor.py:914} INFO - Processing file /home/airflow/.local/lib/python3.12/site-packages/airflow/example_dags/example_display_name.py for tasks to queue
[2025-04-10T09:16:17.063+0000] {logging_mixin.py:190} INFO - [2025-04-10T09:16:17.063+0000] {dagbag.py:588} INFO - Filling up the DagBag from /home/airflow/.local/lib/python3.12/site-packages/airflow/example_dags/example_display_name.py
[2025-04-10T09:16:17.073+0000] {processor.py:925} INFO - DAG(s) 'example_display_name' retrieved from /home/airflow/.local/lib/python3.12/site-packages/airflow/example_dags/example_display_name.py
[2025-04-10T09:16:17.092+0000] {logging_mixin.py:190} INFO - [2025-04-10T09:16:17.092+0000] {dag.py:3239} INFO - Sync 1 DAGs
[2025-04-10T09:16:17.108+0000] {logging_mixin.py:190} INFO - [2025-04-10T09:16:17.108+0000] {dag.py:4180} INFO - Setting next_dagrun for example_display_name to None, run_after=None
[2025-04-10T09:16:17.131+0000] {processor.py:208} INFO - Processing /home/airflow/.local/lib/python3.12/site-packages/airflow/example_dags/example_display_name.py took 0.079 seconds
[2025-04-10T09:16:47.755+0000] {processor.py:186} INFO - Started process (PID=554) to work on /home/airflow/.local/lib/python3.12/site-packages/airflow/example_dags/example_display_name.py
[2025-04-10T09:16:47.755+0000] {processor.py:914} INFO - Processing file /home/airflow/.local/lib/python3.12/site-packages/airflow/example_dags/example_display_name.py for tasks to queue
[2025-04-10T09:16:47.758+0000] {logging_mixin.py:190} INFO - [2025-04-10T09:16:47.758+0000] {dagbag.py:588} INFO - Filling up the DagBag from /home/airflow/.local/lib/python3.12/site-packages/airflow/example_dags/example_display_name.py
[2025-04-10T09:16:47.767+0000] {processor.py:925} INFO - DAG(s) 'example_display_name' retrieved from /home/airflow/.local/lib/python3.12/site-packages/airflow/example_dags/example_display_name.py
[2025-04-10T09:16:47.787+0000] {logging_mixin.py:190} INFO - [2025-04-10T09:16:47.787+0000] {dag.py:3239} INFO - Sync 1 DAGs
[2025-04-10T09:16:47.803+0000] {logging_mixin.py:190} INFO - [2025-04-10T09:16:47.803+0000] {dag.py:4180} INFO - Setting next_dagrun for example_display_name to None, run_after=None
[2025-04-10T09:16:47.823+0000] {processor.py:208} INFO - Processing /home/airflow/.local/lib/python3.12/site-packages/airflow/example_dags/example_display_name.py took 0.075 seconds
[2025-04-10T09:17:18.822+0000] {processor.py:186} INFO - Started process (PID=618) to work on /home/airflow/.local/lib/python3.12/site-packages/airflow/example_dags/example_display_name.py
[2025-04-10T09:17:18.823+0000] {processor.py:914} INFO - Processing file /home/airflow/.local/lib/python3.12/site-packages/airflow/example_dags/example_display_name.py for tasks to queue
[2025-04-10T09:17:18.826+0000] {logging_mixin.py:190} INFO - [2025-04-10T09:17:18.825+0000] {dagbag.py:588} INFO - Filling up the DagBag from /home/airflow/.local/lib/python3.12/site-packages/airflow/example_dags/example_display_name.py
[2025-04-10T09:17:18.836+0000] {processor.py:925} INFO - DAG(s) 'example_display_name' retrieved from /home/airflow/.local/lib/python3.12/site-packages/airflow/example_dags/example_display_name.py
[2025-04-10T09:17:18.860+0000] {logging_mixin.py:190} INFO - [2025-04-10T09:17:18.860+0000] {dag.py:3239} INFO - Sync 1 DAGs
[2025-04-10T09:17:18.877+0000] {logging_mixin.py:190} INFO - [2025-04-10T09:17:18.877+0000] {dag.py:4180} INFO - Setting next_dagrun for example_display_name to None, run_after=None
[2025-04-10T09:17:18.897+0000] {processor.py:208} INFO - Processing /home/airflow/.local/lib/python3.12/site-packages/airflow/example_dags/example_display_name.py took 0.081 seconds
[2025-04-10T09:17:49.769+0000] {processor.py:186} INFO - Started process (PID=681) to work on /home/airflow/.local/lib/python3.12/site-packages/airflow/example_dags/example_display_name.py
[2025-04-10T09:17:49.770+0000] {processor.py:914} INFO - Processing file /home/airflow/.local/lib/python3.12/site-packages/airflow/example_dags/example_display_name.py for tasks to queue
[2025-04-10T09:17:49.772+0000] {logging_mixin.py:190} INFO - [2025-04-10T09:17:49.772+0000] {dagbag.py:588} INFO - Filling up the DagBag from /home/airflow/.local/lib/python3.12/site-packages/airflow/example_dags/example_display_name.py
[2025-04-10T09:17:49.781+0000] {processor.py:925} INFO - DAG(s) 'example_display_name' retrieved from /home/airflow/.local/lib/python3.12/site-packages/airflow/example_dags/example_display_name.py
[2025-04-10T09:17:49.801+0000] {logging_mixin.py:190} INFO - [2025-04-10T09:17:49.801+0000] {dag.py:3239} INFO - Sync 1 DAGs
[2025-04-10T09:17:49.817+0000] {logging_mixin.py:190} INFO - [2025-04-10T09:17:49.817+0000] {dag.py:4180} INFO - Setting next_dagrun for example_display_name to None, run_after=None
[2025-04-10T09:17:49.836+0000] {processor.py:208} INFO - Processing /home/airflow/.local/lib/python3.12/site-packages/airflow/example_dags/example_display_name.py took 0.073 seconds
[2025-04-10T09:18:20.922+0000] {processor.py:186} INFO - Started process (PID=745) to work on /home/airflow/.local/lib/python3.12/site-packages/airflow/example_dags/example_display_name.py
[2025-04-10T09:18:20.923+0000] {processor.py:914} INFO - Processing file /home/airflow/.local/lib/python3.12/site-packages/airflow/example_dags/example_display_name.py for tasks to queue
[2025-04-10T09:18:20.926+0000] {logging_mixin.py:190} INFO - [2025-04-10T09:18:20.925+0000] {dagbag.py:588} INFO - Filling up the DagBag from /home/airflow/.local/lib/python3.12/site-packages/airflow/example_dags/example_display_name.py
[2025-04-10T09:18:20.936+0000] {processor.py:925} INFO - DAG(s) 'example_display_name' retrieved from /home/airflow/.local/lib/python3.12/site-packages/airflow/example_dags/example_display_name.py
[2025-04-10T09:18:20.962+0000] {logging_mixin.py:190} INFO - [2025-04-10T09:18:20.962+0000] {dag.py:3239} INFO - Sync 1 DAGs
[2025-04-10T09:18:20.979+0000] {logging_mixin.py:190} INFO - [2025-04-10T09:18:20.979+0000] {dag.py:4180} INFO - Setting next_dagrun for example_display_name to None, run_after=None
[2025-04-10T09:18:21.003+0000] {processor.py:208} INFO - Processing /home/airflow/.local/lib/python3.12/site-packages/airflow/example_dags/example_display_name.py took 0.089 seconds
[2025-04-10T09:18:51.510+0000] {processor.py:186} INFO - Started process (PID=806) to work on /home/airflow/.local/lib/python3.12/site-packages/airflow/example_dags/example_display_name.py
[2025-04-10T09:18:51.511+0000] {processor.py:914} INFO - Processing file /home/airflow/.local/lib/python3.12/site-packages/airflow/example_dags/example_display_name.py for tasks to queue
[2025-04-10T09:18:51.514+0000] {logging_mixin.py:190} INFO - [2025-04-10T09:18:51.514+0000] {dagbag.py:588} INFO - Filling up the DagBag from /home/airflow/.local/lib/python3.12/site-packages/airflow/example_dags/example_display_name.py
[2025-04-10T09:18:51.523+0000] {processor.py:925} INFO - DAG(s) 'example_display_name' retrieved from /home/airflow/.local/lib/python3.12/site-packages/airflow/example_dags/example_display_name.py
[2025-04-10T09:18:51.543+0000] {logging_mixin.py:190} INFO - [2025-04-10T09:18:51.543+0000] {dag.py:3239} INFO - Sync 1 DAGs
[2025-04-10T09:18:51.559+0000] {logging_mixin.py:190} INFO - [2025-04-10T09:18:51.559+0000] {dag.py:4180} INFO - Setting next_dagrun for example_display_name to None, run_after=None
[2025-04-10T09:18:51.577+0000] {processor.py:208} INFO - Processing /home/airflow/.local/lib/python3.12/site-packages/airflow/example_dags/example_display_name.py took 0.073 seconds
[2025-04-10T09:19:22.332+0000] {processor.py:186} INFO - Started process (PID=867) to work on /home/airflow/.local/lib/python3.12/site-packages/airflow/example_dags/example_display_name.py
[2025-04-10T09:19:22.333+0000] {processor.py:914} INFO - Processing file /home/airflow/.local/lib/python3.12/site-packages/airflow/example_dags/example_display_name.py for tasks to queue
[2025-04-10T09:19:22.336+0000] {logging_mixin.py:190} INFO - [2025-04-10T09:19:22.336+0000] {dagbag.py:588} INFO - Filling up the DagBag from /home/airflow/.local/lib/python3.12/site-packages/airflow/example_dags/example_display_name.py
[2025-04-10T09:19:22.345+0000] {processor.py:925} INFO - DAG(s) 'example_display_name' retrieved from /home/airflow/.local/lib/python3.12/site-packages/airflow/example_dags/example_display_name.py
[2025-04-10T09:19:22.368+0000] {logging_mixin.py:190} INFO - [2025-04-10T09:19:22.367+0000] {dag.py:3239} INFO - Sync 1 DAGs
[2025-04-10T09:19:22.383+0000] {logging_mixin.py:190} INFO - [2025-04-10T09:19:22.383+0000] {dag.py:4180} INFO - Setting next_dagrun for example_display_name to None, run_after=None
[2025-04-10T09:19:22.408+0000] {processor.py:208} INFO - Processing /home/airflow/.local/lib/python3.12/site-packages/airflow/example_dags/example_display_name.py took 0.082 seconds
[2025-04-10T09:19:52.879+0000] {processor.py:186} INFO - Started process (PID=930) to work on /home/airflow/.local/lib/python3.12/site-packages/airflow/example_dags/example_display_name.py
[2025-04-10T09:19:52.881+0000] {processor.py:914} INFO - Processing file /home/airflow/.local/lib/python3.12/site-packages/airflow/example_dags/example_display_name.py for tasks to queue
[2025-04-10T09:19:52.883+0000] {logging_mixin.py:190} INFO - [2025-04-10T09:19:52.883+0000] {dagbag.py:588} INFO - Filling up the DagBag from /home/airflow/.local/lib/python3.12/site-packages/airflow/example_dags/example_display_name.py
[2025-04-10T09:19:52.893+0000] {processor.py:925} INFO - DAG(s) 'example_display_name' retrieved from /home/airflow/.local/lib/python3.12/site-packages/airflow/example_dags/example_display_name.py
[2025-04-10T09:19:52.916+0000] {logging_mixin.py:190} INFO - [2025-04-10T09:19:52.916+0000] {dag.py:3239} INFO - Sync 1 DAGs
[2025-04-10T09:19:52.931+0000] {logging_mixin.py:190} INFO - [2025-04-10T09:19:52.931+0000] {dag.py:4180} INFO - Setting next_dagrun for example_display_name to None, run_after=None
[2025-04-10T09:19:52.950+0000] {processor.py:208} INFO - Processing /home/airflow/.local/lib/python3.12/site-packages/airflow/example_dags/example_display_name.py took 0.078 seconds
[2025-04-10T09:20:23.388+0000] {processor.py:186} INFO - Started process (PID=994) to work on /home/airflow/.local/lib/python3.12/site-packages/airflow/example_dags/example_display_name.py
[2025-04-10T09:20:23.389+0000] {processor.py:914} INFO - Processing file /home/airflow/.local/lib/python3.12/site-packages/airflow/example_dags/example_display_name.py for tasks to queue
[2025-04-10T09:20:23.392+0000] {logging_mixin.py:190} INFO - [2025-04-10T09:20:23.392+0000] {dagbag.py:588} INFO - Filling up the DagBag from /home/airflow/.local/lib/python3.12/site-packages/airflow/example_dags/example_display_name.py
[2025-04-10T09:20:23.402+0000] {processor.py:925} INFO - DAG(s) 'example_display_name' retrieved from /home/airflow/.local/lib/python3.12/site-packages/airflow/example_dags/example_display_name.py
[2025-04-10T09:20:23.422+0000] {logging_mixin.py:190} INFO - [2025-04-10T09:20:23.421+0000] {dag.py:3239} INFO - Sync 1 DAGs
[2025-04-10T09:20:23.437+0000] {logging_mixin.py:190} INFO - [2025-04-10T09:20:23.437+0000] {dag.py:4180} INFO - Setting next_dagrun for example_display_name to None, run_after=None
[2025-04-10T09:20:23.460+0000] {processor.py:208} INFO - Processing /home/airflow/.local/lib/python3.12/site-packages/airflow/example_dags/example_display_name.py took 0.079 seconds
[2025-04-10T09:20:53.895+0000] {processor.py:186} INFO - Started process (PID=1058) to work on /home/airflow/.local/lib/python3.12/site-packages/airflow/example_dags/example_display_name.py
[2025-04-10T09:20:53.896+0000] {processor.py:914} INFO - Processing file /home/airflow/.local/lib/python3.12/site-packages/airflow/example_dags/example_display_name.py for tasks to queue
[2025-04-10T09:20:53.899+0000] {logging_mixin.py:190} INFO - [2025-04-10T09:20:53.898+0000] {dagbag.py:588} INFO - Filling up the DagBag from /home/airflow/.local/lib/python3.12/site-packages/airflow/example_dags/example_display_name.py
[2025-04-10T09:20:53.908+0000] {processor.py:925} INFO - DAG(s) 'example_display_name' retrieved from /home/airflow/.local/lib/python3.12/site-packages/airflow/example_dags/example_display_name.py
[2025-04-10T09:20:53.928+0000] {logging_mixin.py:190} INFO - [2025-04-10T09:20:53.927+0000] {dag.py:3239} INFO - Sync 1 DAGs
[2025-04-10T09:20:53.943+0000] {logging_mixin.py:190} INFO - [2025-04-10T09:20:53.942+0000] {dag.py:4180} INFO - Setting next_dagrun for example_display_name to None, run_after=None
[2025-04-10T09:20:53.964+0000] {processor.py:208} INFO - Processing /home/airflow/.local/lib/python3.12/site-packages/airflow/example_dags/example_display_name.py took 0.076 seconds
[2025-04-10T09:21:24.682+0000] {processor.py:186} INFO - Started process (PID=1122) to work on /home/airflow/.local/lib/python3.12/site-packages/airflow/example_dags/example_display_name.py
[2025-04-10T09:21:24.683+0000] {processor.py:914} INFO - Processing file /home/airflow/.local/lib/python3.12/site-packages/airflow/example_dags/example_display_name.py for tasks to queue
[2025-04-10T09:21:24.686+0000] {logging_mixin.py:190} INFO - [2025-04-10T09:21:24.685+0000] {dagbag.py:588} INFO - Filling up the DagBag from /home/airflow/.local/lib/python3.12/site-packages/airflow/example_dags/example_display_name.py
[2025-04-10T09:21:24.697+0000] {processor.py:925} INFO - DAG(s) 'example_display_name' retrieved from /home/airflow/.local/lib/python3.12/site-packages/airflow/example_dags/example_display_name.py
[2025-04-10T09:21:24.717+0000] {logging_mixin.py:190} INFO - [2025-04-10T09:21:24.717+0000] {dag.py:3239} INFO - Sync 1 DAGs
[2025-04-10T09:21:24.739+0000] {logging_mixin.py:190} INFO - [2025-04-10T09:21:24.739+0000] {dag.py:4180} INFO - Setting next_dagrun for example_display_name to None, run_after=None
[2025-04-10T09:21:24.761+0000] {processor.py:208} INFO - Processing /home/airflow/.local/lib/python3.12/site-packages/airflow/example_dags/example_display_name.py took 0.086 seconds
[2025-04-10T09:21:55.344+0000] {processor.py:186} INFO - Started process (PID=1186) to work on /home/airflow/.local/lib/python3.12/site-packages/airflow/example_dags/example_display_name.py
[2025-04-10T09:21:55.345+0000] {processor.py:914} INFO - Processing file /home/airflow/.local/lib/python3.12/site-packages/airflow/example_dags/example_display_name.py for tasks to queue
[2025-04-10T09:21:55.347+0000] {logging_mixin.py:190} INFO - [2025-04-10T09:21:55.347+0000] {dagbag.py:588} INFO - Filling up the DagBag from /home/airflow/.local/lib/python3.12/site-packages/airflow/example_dags/example_display_name.py
[2025-04-10T09:21:55.356+0000] {processor.py:925} INFO - DAG(s) 'example_display_name' retrieved from /home/airflow/.local/lib/python3.12/site-packages/airflow/example_dags/example_display_name.py
[2025-04-10T09:21:55.383+0000] {logging_mixin.py:190} INFO - [2025-04-10T09:21:55.383+0000] {dag.py:3239} INFO - Sync 1 DAGs
[2025-04-10T09:21:55.401+0000] {logging_mixin.py:190} INFO - [2025-04-10T09:21:55.400+0000] {dag.py:4180} INFO - Setting next_dagrun for example_display_name to None, run_after=None
[2025-04-10T09:21:55.423+0000] {processor.py:208} INFO - Processing /home/airflow/.local/lib/python3.12/site-packages/airflow/example_dags/example_display_name.py took 0.085 seconds
[2025-04-10T09:22:25.858+0000] {processor.py:186} INFO - Started process (PID=1250) to work on /home/airflow/.local/lib/python3.12/site-packages/airflow/example_dags/example_display_name.py
[2025-04-10T09:22:25.859+0000] {processor.py:914} INFO - Processing file /home/airflow/.local/lib/python3.12/site-packages/airflow/example_dags/example_display_name.py for tasks to queue
[2025-04-10T09:22:25.862+0000] {logging_mixin.py:190} INFO - [2025-04-10T09:22:25.862+0000] {dagbag.py:588} INFO - Filling up the DagBag from /home/airflow/.local/lib/python3.12/site-packages/airflow/example_dags/example_display_name.py
[2025-04-10T09:22:25.872+0000] {processor.py:925} INFO - DAG(s) 'example_display_name' retrieved from /home/airflow/.local/lib/python3.12/site-packages/airflow/example_dags/example_display_name.py
[2025-04-10T09:22:25.892+0000] {logging_mixin.py:190} INFO - [2025-04-10T09:22:25.892+0000] {dag.py:3239} INFO - Sync 1 DAGs
[2025-04-10T09:22:25.908+0000] {logging_mixin.py:190} INFO - [2025-04-10T09:22:25.908+0000] {dag.py:4180} INFO - Setting next_dagrun for example_display_name to None, run_after=None
[2025-04-10T09:22:25.927+0000] {processor.py:208} INFO - Processing /home/airflow/.local/lib/python3.12/site-packages/airflow/example_dags/example_display_name.py took 0.076 seconds
[2025-04-10T09:22:56.223+0000] {processor.py:186} INFO - Started process (PID=1314) to work on /home/airflow/.local/lib/python3.12/site-packages/airflow/example_dags/example_display_name.py
[2025-04-10T09:22:56.225+0000] {processor.py:914} INFO - Processing file /home/airflow/.local/lib/python3.12/site-packages/airflow/example_dags/example_display_name.py for tasks to queue
[2025-04-10T09:22:56.230+0000] {logging_mixin.py:190} INFO - [2025-04-10T09:22:56.229+0000] {dagbag.py:588} INFO - Filling up the DagBag from /home/airflow/.local/lib/python3.12/site-packages/airflow/example_dags/example_display_name.py
[2025-04-10T09:22:56.242+0000] {processor.py:925} INFO - DAG(s) 'example_display_name' retrieved from /home/airflow/.local/lib/python3.12/site-packages/airflow/example_dags/example_display_name.py
[2025-04-10T09:22:56.274+0000] {logging_mixin.py:190} INFO - [2025-04-10T09:22:56.274+0000] {dag.py:3239} INFO - Sync 1 DAGs
[2025-04-10T09:22:56.294+0000] {logging_mixin.py:190} INFO - [2025-04-10T09:22:56.294+0000] {dag.py:4180} INFO - Setting next_dagrun for example_display_name to None, run_after=None
[2025-04-10T09:22:56.318+0000] {processor.py:208} INFO - Processing /home/airflow/.local/lib/python3.12/site-packages/airflow/example_dags/example_display_name.py took 0.102 seconds
[2025-04-10T09:23:26.520+0000] {processor.py:186} INFO - Started process (PID=1377) to work on /home/airflow/.local/lib/python3.12/site-packages/airflow/example_dags/example_display_name.py
[2025-04-10T09:23:26.522+0000] {processor.py:914} INFO - Processing file /home/airflow/.local/lib/python3.12/site-packages/airflow/example_dags/example_display_name.py for tasks to queue
[2025-04-10T09:23:26.524+0000] {logging_mixin.py:190} INFO - [2025-04-10T09:23:26.524+0000] {dagbag.py:588} INFO - Filling up the DagBag from /home/airflow/.local/lib/python3.12/site-packages/airflow/example_dags/example_display_name.py
[2025-04-10T09:23:26.533+0000] {processor.py:925} INFO - DAG(s) 'example_display_name' retrieved from /home/airflow/.local/lib/python3.12/site-packages/airflow/example_dags/example_display_name.py
[2025-04-10T09:23:26.552+0000] {logging_mixin.py:190} INFO - [2025-04-10T09:23:26.552+0000] {dag.py:3239} INFO - Sync 1 DAGs
[2025-04-10T09:23:26.567+0000] {logging_mixin.py:190} INFO - [2025-04-10T09:23:26.567+0000] {dag.py:4180} INFO - Setting next_dagrun for example_display_name to None, run_after=None
[2025-04-10T09:23:26.585+0000] {processor.py:208} INFO - Processing /home/airflow/.local/lib/python3.12/site-packages/airflow/example_dags/example_display_name.py took 0.072 seconds
[2025-04-10T09:23:56.816+0000] {processor.py:186} INFO - Started process (PID=1441) to work on /home/airflow/.local/lib/python3.12/site-packages/airflow/example_dags/example_display_name.py
[2025-04-10T09:23:56.821+0000] {processor.py:914} INFO - Processing file /home/airflow/.local/lib/python3.12/site-packages/airflow/example_dags/example_display_name.py for tasks to queue
[2025-04-10T09:23:56.826+0000] {logging_mixin.py:190} INFO - [2025-04-10T09:23:56.825+0000] {dagbag.py:588} INFO - Filling up the DagBag from /home/airflow/.local/lib/python3.12/site-packages/airflow/example_dags/example_display_name.py
[2025-04-10T09:23:56.837+0000] {processor.py:925} INFO - DAG(s) 'example_display_name' retrieved from /home/airflow/.local/lib/python3.12/site-packages/airflow/example_dags/example_display_name.py
[2025-04-10T09:23:56.863+0000] {logging_mixin.py:190} INFO - [2025-04-10T09:23:56.862+0000] {dag.py:3239} INFO - Sync 1 DAGs
[2025-04-10T09:23:56.885+0000] {logging_mixin.py:190} INFO - [2025-04-10T09:23:56.885+0000] {dag.py:4180} INFO - Setting next_dagrun for example_display_name to None, run_after=None
[2025-04-10T09:23:56.910+0000] {processor.py:208} INFO - Processing /home/airflow/.local/lib/python3.12/site-packages/airflow/example_dags/example_display_name.py took 0.101 seconds
[2025-04-10T09:24:27.069+0000] {processor.py:186} INFO - Started process (PID=1505) to work on /home/airflow/.local/lib/python3.12/site-packages/airflow/example_dags/example_display_name.py
[2025-04-10T09:24:27.070+0000] {processor.py:914} INFO - Processing file /home/airflow/.local/lib/python3.12/site-packages/airflow/example_dags/example_display_name.py for tasks to queue
[2025-04-10T09:24:27.072+0000] {logging_mixin.py:190} INFO - [2025-04-10T09:24:27.072+0000] {dagbag.py:588} INFO - Filling up the DagBag from /home/airflow/.local/lib/python3.12/site-packages/airflow/example_dags/example_display_name.py
[2025-04-10T09:24:27.081+0000] {processor.py:925} INFO - DAG(s) 'example_display_name' retrieved from /home/airflow/.local/lib/python3.12/site-packages/airflow/example_dags/example_display_name.py
[2025-04-10T09:24:27.107+0000] {logging_mixin.py:190} INFO - [2025-04-10T09:24:27.107+0000] {dag.py:3239} INFO - Sync 1 DAGs
[2025-04-10T09:24:27.126+0000] {logging_mixin.py:190} INFO - [2025-04-10T09:24:27.126+0000] {dag.py:4180} INFO - Setting next_dagrun for example_display_name to None, run_after=None
[2025-04-10T09:24:27.147+0000] {processor.py:208} INFO - Processing /home/airflow/.local/lib/python3.12/site-packages/airflow/example_dags/example_display_name.py took 0.085 seconds
[2025-04-10T09:24:57.983+0000] {processor.py:186} INFO - Started process (PID=1570) to work on /home/airflow/.local/lib/python3.12/site-packages/airflow/example_dags/example_display_name.py
[2025-04-10T09:24:57.985+0000] {processor.py:914} INFO - Processing file /home/airflow/.local/lib/python3.12/site-packages/airflow/example_dags/example_display_name.py for tasks to queue
[2025-04-10T09:24:57.988+0000] {logging_mixin.py:190} INFO - [2025-04-10T09:24:57.987+0000] {dagbag.py:588} INFO - Filling up the DagBag from /home/airflow/.local/lib/python3.12/site-packages/airflow/example_dags/example_display_name.py
[2025-04-10T09:24:57.997+0000] {processor.py:925} INFO - DAG(s) 'example_display_name' retrieved from /home/airflow/.local/lib/python3.12/site-packages/airflow/example_dags/example_display_name.py
[2025-04-10T09:24:58.019+0000] {logging_mixin.py:190} INFO - [2025-04-10T09:24:58.018+0000] {dag.py:3239} INFO - Sync 1 DAGs
[2025-04-10T09:24:58.039+0000] {logging_mixin.py:190} INFO - [2025-04-10T09:24:58.038+0000] {dag.py:4180} INFO - Setting next_dagrun for example_display_name to None, run_after=None
[2025-04-10T09:24:58.064+0000] {processor.py:208} INFO - Processing /home/airflow/.local/lib/python3.12/site-packages/airflow/example_dags/example_display_name.py took 0.087 seconds
[2025-04-10T09:25:28.457+0000] {processor.py:186} INFO - Started process (PID=1634) to work on /home/airflow/.local/lib/python3.12/site-packages/airflow/example_dags/example_display_name.py
[2025-04-10T09:25:28.459+0000] {processor.py:914} INFO - Processing file /home/airflow/.local/lib/python3.12/site-packages/airflow/example_dags/example_display_name.py for tasks to queue
[2025-04-10T09:25:28.462+0000] {logging_mixin.py:190} INFO - [2025-04-10T09:25:28.462+0000] {dagbag.py:588} INFO - Filling up the DagBag from /home/airflow/.local/lib/python3.12/site-packages/airflow/example_dags/example_display_name.py
[2025-04-10T09:25:28.472+0000] {processor.py:925} INFO - DAG(s) 'example_display_name' retrieved from /home/airflow/.local/lib/python3.12/site-packages/airflow/example_dags/example_display_name.py
[2025-04-10T09:25:28.493+0000] {logging_mixin.py:190} INFO - [2025-04-10T09:25:28.493+0000] {dag.py:3239} INFO - Sync 1 DAGs
[2025-04-10T09:25:28.509+0000] {logging_mixin.py:190} INFO - [2025-04-10T09:25:28.509+0000] {dag.py:4180} INFO - Setting next_dagrun for example_display_name to None, run_after=None
[2025-04-10T09:25:28.528+0000] {processor.py:208} INFO - Processing /home/airflow/.local/lib/python3.12/site-packages/airflow/example_dags/example_display_name.py took 0.078 seconds
[2025-04-10T09:25:59.455+0000] {processor.py:186} INFO - Started process (PID=1698) to work on /home/airflow/.local/lib/python3.12/site-packages/airflow/example_dags/example_display_name.py
[2025-04-10T09:25:59.458+0000] {processor.py:914} INFO - Processing file /home/airflow/.local/lib/python3.12/site-packages/airflow/example_dags/example_display_name.py for tasks to queue
[2025-04-10T09:25:59.461+0000] {logging_mixin.py:190} INFO - [2025-04-10T09:25:59.461+0000] {dagbag.py:588} INFO - Filling up the DagBag from /home/airflow/.local/lib/python3.12/site-packages/airflow/example_dags/example_display_name.py
[2025-04-10T09:25:59.472+0000] {processor.py:925} INFO - DAG(s) 'example_display_name' retrieved from /home/airflow/.local/lib/python3.12/site-packages/airflow/example_dags/example_display_name.py
[2025-04-10T09:25:59.514+0000] {logging_mixin.py:190} INFO - [2025-04-10T09:25:59.513+0000] {dag.py:3239} INFO - Sync 1 DAGs
[2025-04-10T09:25:59.536+0000] {logging_mixin.py:190} INFO - [2025-04-10T09:25:59.536+0000] {dag.py:4180} INFO - Setting next_dagrun for example_display_name to None, run_after=None
[2025-04-10T09:25:59.577+0000] {processor.py:208} INFO - Processing /home/airflow/.local/lib/python3.12/site-packages/airflow/example_dags/example_display_name.py took 0.132 seconds
[2025-04-10T09:26:29.799+0000] {processor.py:186} INFO - Started process (PID=1762) to work on /home/airflow/.local/lib/python3.12/site-packages/airflow/example_dags/example_display_name.py
[2025-04-10T09:26:29.800+0000] {processor.py:914} INFO - Processing file /home/airflow/.local/lib/python3.12/site-packages/airflow/example_dags/example_display_name.py for tasks to queue
[2025-04-10T09:26:29.805+0000] {logging_mixin.py:190} INFO - [2025-04-10T09:26:29.805+0000] {dagbag.py:588} INFO - Filling up the DagBag from /home/airflow/.local/lib/python3.12/site-packages/airflow/example_dags/example_display_name.py
[2025-04-10T09:26:29.815+0000] {processor.py:925} INFO - DAG(s) 'example_display_name' retrieved from /home/airflow/.local/lib/python3.12/site-packages/airflow/example_dags/example_display_name.py
[2025-04-10T09:26:29.842+0000] {logging_mixin.py:190} INFO - [2025-04-10T09:26:29.842+0000] {dag.py:3239} INFO - Sync 1 DAGs
[2025-04-10T09:26:29.861+0000] {logging_mixin.py:190} INFO - [2025-04-10T09:26:29.861+0000] {dag.py:4180} INFO - Setting next_dagrun for example_display_name to None, run_after=None
[2025-04-10T09:26:29.883+0000] {processor.py:208} INFO - Processing /home/airflow/.local/lib/python3.12/site-packages/airflow/example_dags/example_display_name.py took 0.091 seconds
[2025-04-10T09:27:00.413+0000] {processor.py:186} INFO - Started process (PID=1826) to work on /home/airflow/.local/lib/python3.12/site-packages/airflow/example_dags/example_display_name.py
[2025-04-10T09:27:00.414+0000] {processor.py:914} INFO - Processing file /home/airflow/.local/lib/python3.12/site-packages/airflow/example_dags/example_display_name.py for tasks to queue
[2025-04-10T09:27:00.418+0000] {logging_mixin.py:190} INFO - [2025-04-10T09:27:00.417+0000] {dagbag.py:588} INFO - Filling up the DagBag from /home/airflow/.local/lib/python3.12/site-packages/airflow/example_dags/example_display_name.py
[2025-04-10T09:27:00.427+0000] {processor.py:925} INFO - DAG(s) 'example_display_name' retrieved from /home/airflow/.local/lib/python3.12/site-packages/airflow/example_dags/example_display_name.py
[2025-04-10T09:27:00.447+0000] {logging_mixin.py:190} INFO - [2025-04-10T09:27:00.447+0000] {dag.py:3239} INFO - Sync 1 DAGs
[2025-04-10T09:27:00.463+0000] {logging_mixin.py:190} INFO - [2025-04-10T09:27:00.462+0000] {dag.py:4180} INFO - Setting next_dagrun for example_display_name to None, run_after=None
[2025-04-10T09:27:00.481+0000] {processor.py:208} INFO - Processing /home/airflow/.local/lib/python3.12/site-packages/airflow/example_dags/example_display_name.py took 0.076 seconds
[2025-04-10T09:27:30.724+0000] {processor.py:186} INFO - Started process (PID=1890) to work on /home/airflow/.local/lib/python3.12/site-packages/airflow/example_dags/example_display_name.py
[2025-04-10T09:27:30.726+0000] {processor.py:914} INFO - Processing file /home/airflow/.local/lib/python3.12/site-packages/airflow/example_dags/example_display_name.py for tasks to queue
[2025-04-10T09:27:30.728+0000] {logging_mixin.py:190} INFO - [2025-04-10T09:27:30.728+0000] {dagbag.py:588} INFO - Filling up the DagBag from /home/airflow/.local/lib/python3.12/site-packages/airflow/example_dags/example_display_name.py
[2025-04-10T09:27:30.738+0000] {processor.py:925} INFO - DAG(s) 'example_display_name' retrieved from /home/airflow/.local/lib/python3.12/site-packages/airflow/example_dags/example_display_name.py
[2025-04-10T09:27:30.759+0000] {logging_mixin.py:190} INFO - [2025-04-10T09:27:30.759+0000] {dag.py:3239} INFO - Sync 1 DAGs
[2025-04-10T09:27:30.775+0000] {logging_mixin.py:190} INFO - [2025-04-10T09:27:30.775+0000] {dag.py:4180} INFO - Setting next_dagrun for example_display_name to None, run_after=None
[2025-04-10T09:27:30.796+0000] {processor.py:208} INFO - Processing /home/airflow/.local/lib/python3.12/site-packages/airflow/example_dags/example_display_name.py took 0.079 seconds
[2025-04-10T09:28:01.364+0000] {processor.py:186} INFO - Started process (PID=1954) to work on /home/airflow/.local/lib/python3.12/site-packages/airflow/example_dags/example_display_name.py
[2025-04-10T09:28:01.366+0000] {processor.py:914} INFO - Processing file /home/airflow/.local/lib/python3.12/site-packages/airflow/example_dags/example_display_name.py for tasks to queue
[2025-04-10T09:28:01.369+0000] {logging_mixin.py:190} INFO - [2025-04-10T09:28:01.368+0000] {dagbag.py:588} INFO - Filling up the DagBag from /home/airflow/.local/lib/python3.12/site-packages/airflow/example_dags/example_display_name.py
[2025-04-10T09:28:01.379+0000] {processor.py:925} INFO - DAG(s) 'example_display_name' retrieved from /home/airflow/.local/lib/python3.12/site-packages/airflow/example_dags/example_display_name.py
[2025-04-10T09:28:01.399+0000] {logging_mixin.py:190} INFO - [2025-04-10T09:28:01.399+0000] {dag.py:3239} INFO - Sync 1 DAGs
[2025-04-10T09:28:01.415+0000] {logging_mixin.py:190} INFO - [2025-04-10T09:28:01.415+0000] {dag.py:4180} INFO - Setting next_dagrun for example_display_name to None, run_after=None
[2025-04-10T09:28:01.434+0000] {processor.py:208} INFO - Processing /home/airflow/.local/lib/python3.12/site-packages/airflow/example_dags/example_display_name.py took 0.077 seconds
[2025-04-10T09:28:31.869+0000] {processor.py:186} INFO - Started process (PID=2018) to work on /home/airflow/.local/lib/python3.12/site-packages/airflow/example_dags/example_display_name.py
[2025-04-10T09:28:31.870+0000] {processor.py:914} INFO - Processing file /home/airflow/.local/lib/python3.12/site-packages/airflow/example_dags/example_display_name.py for tasks to queue
[2025-04-10T09:28:31.873+0000] {logging_mixin.py:190} INFO - [2025-04-10T09:28:31.873+0000] {dagbag.py:588} INFO - Filling up the DagBag from /home/airflow/.local/lib/python3.12/site-packages/airflow/example_dags/example_display_name.py
[2025-04-10T09:28:31.886+0000] {processor.py:925} INFO - DAG(s) 'example_display_name' retrieved from /home/airflow/.local/lib/python3.12/site-packages/airflow/example_dags/example_display_name.py
[2025-04-10T09:28:31.911+0000] {logging_mixin.py:190} INFO - [2025-04-10T09:28:31.911+0000] {dag.py:3239} INFO - Sync 1 DAGs
[2025-04-10T09:28:31.928+0000] {logging_mixin.py:190} INFO - [2025-04-10T09:28:31.928+0000] {dag.py:4180} INFO - Setting next_dagrun for example_display_name to None, run_after=None
[2025-04-10T09:28:31.953+0000] {processor.py:208} INFO - Processing /home/airflow/.local/lib/python3.12/site-packages/airflow/example_dags/example_display_name.py took 0.092 seconds
[2025-04-10T09:29:02.369+0000] {processor.py:186} INFO - Started process (PID=2081) to work on /home/airflow/.local/lib/python3.12/site-packages/airflow/example_dags/example_display_name.py
[2025-04-10T09:29:02.372+0000] {processor.py:914} INFO - Processing file /home/airflow/.local/lib/python3.12/site-packages/airflow/example_dags/example_display_name.py for tasks to queue
[2025-04-10T09:29:02.375+0000] {logging_mixin.py:190} INFO - [2025-04-10T09:29:02.375+0000] {dagbag.py:588} INFO - Filling up the DagBag from /home/airflow/.local/lib/python3.12/site-packages/airflow/example_dags/example_display_name.py
[2025-04-10T09:29:02.392+0000] {processor.py:925} INFO - DAG(s) 'example_display_name' retrieved from /home/airflow/.local/lib/python3.12/site-packages/airflow/example_dags/example_display_name.py
[2025-04-10T09:29:02.417+0000] {logging_mixin.py:190} INFO - [2025-04-10T09:29:02.417+0000] {dag.py:3239} INFO - Sync 1 DAGs
[2025-04-10T09:29:02.435+0000] {logging_mixin.py:190} INFO - [2025-04-10T09:29:02.435+0000] {dag.py:4180} INFO - Setting next_dagrun for example_display_name to None, run_after=None
[2025-04-10T09:29:02.458+0000] {processor.py:208} INFO - Processing /home/airflow/.local/lib/python3.12/site-packages/airflow/example_dags/example_display_name.py took 0.097 seconds
[2025-04-10T09:29:32.668+0000] {processor.py:186} INFO - Started process (PID=2145) to work on /home/airflow/.local/lib/python3.12/site-packages/airflow/example_dags/example_display_name.py
[2025-04-10T09:29:32.670+0000] {processor.py:914} INFO - Processing file /home/airflow/.local/lib/python3.12/site-packages/airflow/example_dags/example_display_name.py for tasks to queue
[2025-04-10T09:29:32.673+0000] {logging_mixin.py:190} INFO - [2025-04-10T09:29:32.673+0000] {dagbag.py:588} INFO - Filling up the DagBag from /home/airflow/.local/lib/python3.12/site-packages/airflow/example_dags/example_display_name.py
[2025-04-10T09:29:32.685+0000] {processor.py:925} INFO - DAG(s) 'example_display_name' retrieved from /home/airflow/.local/lib/python3.12/site-packages/airflow/example_dags/example_display_name.py
[2025-04-10T09:29:32.706+0000] {logging_mixin.py:190} INFO - [2025-04-10T09:29:32.705+0000] {dag.py:3239} INFO - Sync 1 DAGs
[2025-04-10T09:29:32.722+0000] {logging_mixin.py:190} INFO - [2025-04-10T09:29:32.721+0000] {dag.py:4180} INFO - Setting next_dagrun for example_display_name to None, run_after=None
[2025-04-10T09:29:32.740+0000] {processor.py:208} INFO - Processing /home/airflow/.local/lib/python3.12/site-packages/airflow/example_dags/example_display_name.py took 0.080 seconds
[2025-04-10T09:30:02.853+0000] {processor.py:186} INFO - Started process (PID=2209) to work on /home/airflow/.local/lib/python3.12/site-packages/airflow/example_dags/example_display_name.py
[2025-04-10T09:30:02.855+0000] {processor.py:914} INFO - Processing file /home/airflow/.local/lib/python3.12/site-packages/airflow/example_dags/example_display_name.py for tasks to queue
[2025-04-10T09:30:02.857+0000] {logging_mixin.py:190} INFO - [2025-04-10T09:30:02.857+0000] {dagbag.py:588} INFO - Filling up the DagBag from /home/airflow/.local/lib/python3.12/site-packages/airflow/example_dags/example_display_name.py
[2025-04-10T09:30:02.867+0000] {processor.py:925} INFO - DAG(s) 'example_display_name' retrieved from /home/airflow/.local/lib/python3.12/site-packages/airflow/example_dags/example_display_name.py
[2025-04-10T09:30:02.893+0000] {logging_mixin.py:190} INFO - [2025-04-10T09:30:02.893+0000] {dag.py:3239} INFO - Sync 1 DAGs
[2025-04-10T09:30:02.909+0000] {logging_mixin.py:190} INFO - [2025-04-10T09:30:02.909+0000] {dag.py:4180} INFO - Setting next_dagrun for example_display_name to None, run_after=None
[2025-04-10T09:30:02.930+0000] {processor.py:208} INFO - Processing /home/airflow/.local/lib/python3.12/site-packages/airflow/example_dags/example_display_name.py took 0.084 seconds
[2025-04-10T09:30:33.254+0000] {processor.py:186} INFO - Started process (PID=2273) to work on /home/airflow/.local/lib/python3.12/site-packages/airflow/example_dags/example_display_name.py
[2025-04-10T09:30:33.255+0000] {processor.py:914} INFO - Processing file /home/airflow/.local/lib/python3.12/site-packages/airflow/example_dags/example_display_name.py for tasks to queue
[2025-04-10T09:30:33.258+0000] {logging_mixin.py:190} INFO - [2025-04-10T09:30:33.257+0000] {dagbag.py:588} INFO - Filling up the DagBag from /home/airflow/.local/lib/python3.12/site-packages/airflow/example_dags/example_display_name.py
[2025-04-10T09:30:33.267+0000] {processor.py:925} INFO - DAG(s) 'example_display_name' retrieved from /home/airflow/.local/lib/python3.12/site-packages/airflow/example_dags/example_display_name.py
[2025-04-10T09:30:33.287+0000] {logging_mixin.py:190} INFO - [2025-04-10T09:30:33.287+0000] {dag.py:3239} INFO - Sync 1 DAGs
[2025-04-10T09:30:33.303+0000] {logging_mixin.py:190} INFO - [2025-04-10T09:30:33.302+0000] {dag.py:4180} INFO - Setting next_dagrun for example_display_name to None, run_after=None
[2025-04-10T09:30:33.329+0000] {processor.py:208} INFO - Processing /home/airflow/.local/lib/python3.12/site-packages/airflow/example_dags/example_display_name.py took 0.083 seconds
[2025-04-10T09:31:03.622+0000] {processor.py:186} INFO - Started process (PID=2337) to work on /home/airflow/.local/lib/python3.12/site-packages/airflow/example_dags/example_display_name.py
[2025-04-10T09:31:03.623+0000] {processor.py:914} INFO - Processing file /home/airflow/.local/lib/python3.12/site-packages/airflow/example_dags/example_display_name.py for tasks to queue
[2025-04-10T09:31:03.626+0000] {logging_mixin.py:190} INFO - [2025-04-10T09:31:03.625+0000] {dagbag.py:588} INFO - Filling up the DagBag from /home/airflow/.local/lib/python3.12/site-packages/airflow/example_dags/example_display_name.py
[2025-04-10T09:31:03.635+0000] {processor.py:925} INFO - DAG(s) 'example_display_name' retrieved from /home/airflow/.local/lib/python3.12/site-packages/airflow/example_dags/example_display_name.py
[2025-04-10T09:31:03.656+0000] {logging_mixin.py:190} INFO - [2025-04-10T09:31:03.656+0000] {dag.py:3239} INFO - Sync 1 DAGs
[2025-04-10T09:31:03.672+0000] {logging_mixin.py:190} INFO - [2025-04-10T09:31:03.672+0000] {dag.py:4180} INFO - Setting next_dagrun for example_display_name to None, run_after=None
[2025-04-10T09:31:03.691+0000] {processor.py:208} INFO - Processing /home/airflow/.local/lib/python3.12/site-packages/airflow/example_dags/example_display_name.py took 0.078 seconds
[2025-04-10T09:31:33.797+0000] {processor.py:186} INFO - Started process (PID=2401) to work on /home/airflow/.local/lib/python3.12/site-packages/airflow/example_dags/example_display_name.py
[2025-04-10T09:31:33.798+0000] {processor.py:914} INFO - Processing file /home/airflow/.local/lib/python3.12/site-packages/airflow/example_dags/example_display_name.py for tasks to queue
[2025-04-10T09:31:33.801+0000] {logging_mixin.py:190} INFO - [2025-04-10T09:31:33.801+0000] {dagbag.py:588} INFO - Filling up the DagBag from /home/airflow/.local/lib/python3.12/site-packages/airflow/example_dags/example_display_name.py
[2025-04-10T09:31:33.810+0000] {processor.py:925} INFO - DAG(s) 'example_display_name' retrieved from /home/airflow/.local/lib/python3.12/site-packages/airflow/example_dags/example_display_name.py
[2025-04-10T09:31:33.829+0000] {logging_mixin.py:190} INFO - [2025-04-10T09:31:33.829+0000] {dag.py:3239} INFO - Sync 1 DAGs
[2025-04-10T09:31:33.845+0000] {logging_mixin.py:190} INFO - [2025-04-10T09:31:33.844+0000] {dag.py:4180} INFO - Setting next_dagrun for example_display_name to None, run_after=None
[2025-04-10T09:31:33.862+0000] {processor.py:208} INFO - Processing /home/airflow/.local/lib/python3.12/site-packages/airflow/example_dags/example_display_name.py took 0.073 seconds
[2025-04-10T09:32:04.122+0000] {processor.py:186} INFO - Started process (PID=2465) to work on /home/airflow/.local/lib/python3.12/site-packages/airflow/example_dags/example_display_name.py
[2025-04-10T09:32:04.123+0000] {processor.py:914} INFO - Processing file /home/airflow/.local/lib/python3.12/site-packages/airflow/example_dags/example_display_name.py for tasks to queue
[2025-04-10T09:32:04.126+0000] {logging_mixin.py:190} INFO - [2025-04-10T09:32:04.126+0000] {dagbag.py:588} INFO - Filling up the DagBag from /home/airflow/.local/lib/python3.12/site-packages/airflow/example_dags/example_display_name.py
[2025-04-10T09:32:04.135+0000] {processor.py:925} INFO - DAG(s) 'example_display_name' retrieved from /home/airflow/.local/lib/python3.12/site-packages/airflow/example_dags/example_display_name.py
[2025-04-10T09:32:04.155+0000] {logging_mixin.py:190} INFO - [2025-04-10T09:32:04.155+0000] {dag.py:3239} INFO - Sync 1 DAGs
[2025-04-10T09:32:04.171+0000] {logging_mixin.py:190} INFO - [2025-04-10T09:32:04.171+0000] {dag.py:4180} INFO - Setting next_dagrun for example_display_name to None, run_after=None
[2025-04-10T09:32:04.191+0000] {processor.py:208} INFO - Processing /home/airflow/.local/lib/python3.12/site-packages/airflow/example_dags/example_display_name.py took 0.076 seconds
[2025-04-10T09:32:34.676+0000] {processor.py:186} INFO - Started process (PID=2529) to work on /home/airflow/.local/lib/python3.12/site-packages/airflow/example_dags/example_display_name.py
[2025-04-10T09:32:34.677+0000] {processor.py:914} INFO - Processing file /home/airflow/.local/lib/python3.12/site-packages/airflow/example_dags/example_display_name.py for tasks to queue
[2025-04-10T09:32:34.680+0000] {logging_mixin.py:190} INFO - [2025-04-10T09:32:34.680+0000] {dagbag.py:588} INFO - Filling up the DagBag from /home/airflow/.local/lib/python3.12/site-packages/airflow/example_dags/example_display_name.py
[2025-04-10T09:32:34.690+0000] {processor.py:925} INFO - DAG(s) 'example_display_name' retrieved from /home/airflow/.local/lib/python3.12/site-packages/airflow/example_dags/example_display_name.py
[2025-04-10T09:32:34.723+0000] {logging_mixin.py:190} INFO - [2025-04-10T09:32:34.723+0000] {dag.py:3239} INFO - Sync 1 DAGs
[2025-04-10T09:32:34.745+0000] {logging_mixin.py:190} INFO - [2025-04-10T09:32:34.745+0000] {dag.py:4180} INFO - Setting next_dagrun for example_display_name to None, run_after=None
[2025-04-10T09:32:34.774+0000] {processor.py:208} INFO - Processing /home/airflow/.local/lib/python3.12/site-packages/airflow/example_dags/example_display_name.py took 0.108 seconds
[2025-04-10T09:33:04.956+0000] {processor.py:186} INFO - Started process (PID=2593) to work on /home/airflow/.local/lib/python3.12/site-packages/airflow/example_dags/example_display_name.py
[2025-04-10T09:33:04.957+0000] {processor.py:914} INFO - Processing file /home/airflow/.local/lib/python3.12/site-packages/airflow/example_dags/example_display_name.py for tasks to queue
[2025-04-10T09:33:04.960+0000] {logging_mixin.py:190} INFO - [2025-04-10T09:33:04.960+0000] {dagbag.py:588} INFO - Filling up the DagBag from /home/airflow/.local/lib/python3.12/site-packages/airflow/example_dags/example_display_name.py
[2025-04-10T09:33:04.970+0000] {processor.py:925} INFO - DAG(s) 'example_display_name' retrieved from /home/airflow/.local/lib/python3.12/site-packages/airflow/example_dags/example_display_name.py
[2025-04-10T09:33:04.989+0000] {logging_mixin.py:190} INFO - [2025-04-10T09:33:04.989+0000] {dag.py:3239} INFO - Sync 1 DAGs
[2025-04-10T09:33:05.005+0000] {logging_mixin.py:190} INFO - [2025-04-10T09:33:05.005+0000] {dag.py:4180} INFO - Setting next_dagrun for example_display_name to None, run_after=None
[2025-04-10T09:33:05.027+0000] {processor.py:208} INFO - Processing /home/airflow/.local/lib/python3.12/site-packages/airflow/example_dags/example_display_name.py took 0.079 seconds
[2025-04-10T09:33:35.505+0000] {processor.py:186} INFO - Started process (PID=2657) to work on /home/airflow/.local/lib/python3.12/site-packages/airflow/example_dags/example_display_name.py
[2025-04-10T09:33:35.506+0000] {processor.py:914} INFO - Processing file /home/airflow/.local/lib/python3.12/site-packages/airflow/example_dags/example_display_name.py for tasks to queue
[2025-04-10T09:33:35.509+0000] {logging_mixin.py:190} INFO - [2025-04-10T09:33:35.509+0000] {dagbag.py:588} INFO - Filling up the DagBag from /home/airflow/.local/lib/python3.12/site-packages/airflow/example_dags/example_display_name.py
[2025-04-10T09:33:35.518+0000] {processor.py:925} INFO - DAG(s) 'example_display_name' retrieved from /home/airflow/.local/lib/python3.12/site-packages/airflow/example_dags/example_display_name.py
[2025-04-10T09:33:35.539+0000] {logging_mixin.py:190} INFO - [2025-04-10T09:33:35.538+0000] {dag.py:3239} INFO - Sync 1 DAGs
[2025-04-10T09:33:35.554+0000] {logging_mixin.py:190} INFO - [2025-04-10T09:33:35.554+0000] {dag.py:4180} INFO - Setting next_dagrun for example_display_name to None, run_after=None
[2025-04-10T09:33:35.572+0000] {processor.py:208} INFO - Processing /home/airflow/.local/lib/python3.12/site-packages/airflow/example_dags/example_display_name.py took 0.074 seconds
[2025-04-10T09:34:05.938+0000] {processor.py:186} INFO - Started process (PID=2721) to work on /home/airflow/.local/lib/python3.12/site-packages/airflow/example_dags/example_display_name.py
[2025-04-10T09:34:05.939+0000] {processor.py:914} INFO - Processing file /home/airflow/.local/lib/python3.12/site-packages/airflow/example_dags/example_display_name.py for tasks to queue
[2025-04-10T09:34:05.942+0000] {logging_mixin.py:190} INFO - [2025-04-10T09:34:05.942+0000] {dagbag.py:588} INFO - Filling up the DagBag from /home/airflow/.local/lib/python3.12/site-packages/airflow/example_dags/example_display_name.py
[2025-04-10T09:34:05.952+0000] {processor.py:925} INFO - DAG(s) 'example_display_name' retrieved from /home/airflow/.local/lib/python3.12/site-packages/airflow/example_dags/example_display_name.py
[2025-04-10T09:34:05.976+0000] {logging_mixin.py:190} INFO - [2025-04-10T09:34:05.976+0000] {dag.py:3239} INFO - Sync 1 DAGs
[2025-04-10T09:34:05.994+0000] {logging_mixin.py:190} INFO - [2025-04-10T09:34:05.993+0000] {dag.py:4180} INFO - Setting next_dagrun for example_display_name to None, run_after=None
[2025-04-10T09:34:06.014+0000] {processor.py:208} INFO - Processing /home/airflow/.local/lib/python3.12/site-packages/airflow/example_dags/example_display_name.py took 0.084 seconds
[2025-04-10T09:34:36.473+0000] {processor.py:186} INFO - Started process (PID=2785) to work on /home/airflow/.local/lib/python3.12/site-packages/airflow/example_dags/example_display_name.py
[2025-04-10T09:34:36.474+0000] {processor.py:914} INFO - Processing file /home/airflow/.local/lib/python3.12/site-packages/airflow/example_dags/example_display_name.py for tasks to queue
[2025-04-10T09:34:36.478+0000] {logging_mixin.py:190} INFO - [2025-04-10T09:34:36.477+0000] {dagbag.py:588} INFO - Filling up the DagBag from /home/airflow/.local/lib/python3.12/site-packages/airflow/example_dags/example_display_name.py
[2025-04-10T09:34:36.487+0000] {processor.py:925} INFO - DAG(s) 'example_display_name' retrieved from /home/airflow/.local/lib/python3.12/site-packages/airflow/example_dags/example_display_name.py
[2025-04-10T09:34:36.510+0000] {logging_mixin.py:190} INFO - [2025-04-10T09:34:36.510+0000] {dag.py:3239} INFO - Sync 1 DAGs
[2025-04-10T09:34:36.527+0000] {logging_mixin.py:190} INFO - [2025-04-10T09:34:36.527+0000] {dag.py:4180} INFO - Setting next_dagrun for example_display_name to None, run_after=None
[2025-04-10T09:34:36.548+0000] {processor.py:208} INFO - Processing /home/airflow/.local/lib/python3.12/site-packages/airflow/example_dags/example_display_name.py took 0.082 seconds
[2025-04-10T09:35:07.195+0000] {processor.py:186} INFO - Started process (PID=2849) to work on /home/airflow/.local/lib/python3.12/site-packages/airflow/example_dags/example_display_name.py
[2025-04-10T09:35:07.197+0000] {processor.py:914} INFO - Processing file /home/airflow/.local/lib/python3.12/site-packages/airflow/example_dags/example_display_name.py for tasks to queue
[2025-04-10T09:35:07.202+0000] {logging_mixin.py:190} INFO - [2025-04-10T09:35:07.201+0000] {dagbag.py:588} INFO - Filling up the DagBag from /home/airflow/.local/lib/python3.12/site-packages/airflow/example_dags/example_display_name.py
[2025-04-10T09:35:07.213+0000] {processor.py:925} INFO - DAG(s) 'example_display_name' retrieved from /home/airflow/.local/lib/python3.12/site-packages/airflow/example_dags/example_display_name.py
[2025-04-10T09:35:07.237+0000] {logging_mixin.py:190} INFO - [2025-04-10T09:35:07.237+0000] {dag.py:3239} INFO - Sync 1 DAGs
[2025-04-10T09:35:07.255+0000] {logging_mixin.py:190} INFO - [2025-04-10T09:35:07.255+0000] {dag.py:4180} INFO - Setting next_dagrun for example_display_name to None, run_after=None
[2025-04-10T09:35:07.282+0000] {processor.py:208} INFO - Processing /home/airflow/.local/lib/python3.12/site-packages/airflow/example_dags/example_display_name.py took 0.096 seconds
[2025-04-10T09:35:37.845+0000] {processor.py:186} INFO - Started process (PID=2912) to work on /home/airflow/.local/lib/python3.12/site-packages/airflow/example_dags/example_display_name.py
[2025-04-10T09:35:37.846+0000] {processor.py:914} INFO - Processing file /home/airflow/.local/lib/python3.12/site-packages/airflow/example_dags/example_display_name.py for tasks to queue
[2025-04-10T09:35:37.849+0000] {logging_mixin.py:190} INFO - [2025-04-10T09:35:37.849+0000] {dagbag.py:588} INFO - Filling up the DagBag from /home/airflow/.local/lib/python3.12/site-packages/airflow/example_dags/example_display_name.py
[2025-04-10T09:35:37.859+0000] {processor.py:925} INFO - DAG(s) 'example_display_name' retrieved from /home/airflow/.local/lib/python3.12/site-packages/airflow/example_dags/example_display_name.py
[2025-04-10T09:35:37.884+0000] {logging_mixin.py:190} INFO - [2025-04-10T09:35:37.884+0000] {dag.py:3239} INFO - Sync 1 DAGs
[2025-04-10T09:35:37.901+0000] {logging_mixin.py:190} INFO - [2025-04-10T09:35:37.901+0000] {dag.py:4180} INFO - Setting next_dagrun for example_display_name to None, run_after=None
[2025-04-10T09:35:37.920+0000] {processor.py:208} INFO - Processing /home/airflow/.local/lib/python3.12/site-packages/airflow/example_dags/example_display_name.py took 0.082 seconds
[2025-04-10T09:36:08.651+0000] {processor.py:186} INFO - Started process (PID=2976) to work on /home/airflow/.local/lib/python3.12/site-packages/airflow/example_dags/example_display_name.py
[2025-04-10T09:36:08.652+0000] {processor.py:914} INFO - Processing file /home/airflow/.local/lib/python3.12/site-packages/airflow/example_dags/example_display_name.py for tasks to queue
[2025-04-10T09:36:08.655+0000] {logging_mixin.py:190} INFO - [2025-04-10T09:36:08.655+0000] {dagbag.py:588} INFO - Filling up the DagBag from /home/airflow/.local/lib/python3.12/site-packages/airflow/example_dags/example_display_name.py
[2025-04-10T09:36:08.665+0000] {processor.py:925} INFO - DAG(s) 'example_display_name' retrieved from /home/airflow/.local/lib/python3.12/site-packages/airflow/example_dags/example_display_name.py
[2025-04-10T09:36:08.685+0000] {logging_mixin.py:190} INFO - [2025-04-10T09:36:08.685+0000] {dag.py:3239} INFO - Sync 1 DAGs
[2025-04-10T09:36:08.702+0000] {logging_mixin.py:190} INFO - [2025-04-10T09:36:08.702+0000] {dag.py:4180} INFO - Setting next_dagrun for example_display_name to None, run_after=None
[2025-04-10T09:36:08.721+0000] {processor.py:208} INFO - Processing /home/airflow/.local/lib/python3.12/site-packages/airflow/example_dags/example_display_name.py took 0.077 seconds
[2025-04-10T09:36:39.027+0000] {processor.py:186} INFO - Started process (PID=3040) to work on /home/airflow/.local/lib/python3.12/site-packages/airflow/example_dags/example_display_name.py
[2025-04-10T09:36:39.029+0000] {processor.py:914} INFO - Processing file /home/airflow/.local/lib/python3.12/site-packages/airflow/example_dags/example_display_name.py for tasks to queue
[2025-04-10T09:36:39.032+0000] {logging_mixin.py:190} INFO - [2025-04-10T09:36:39.031+0000] {dagbag.py:588} INFO - Filling up the DagBag from /home/airflow/.local/lib/python3.12/site-packages/airflow/example_dags/example_display_name.py
[2025-04-10T09:36:39.041+0000] {processor.py:925} INFO - DAG(s) 'example_display_name' retrieved from /home/airflow/.local/lib/python3.12/site-packages/airflow/example_dags/example_display_name.py
[2025-04-10T09:36:39.062+0000] {logging_mixin.py:190} INFO - [2025-04-10T09:36:39.062+0000] {dag.py:3239} INFO - Sync 1 DAGs
[2025-04-10T09:36:39.078+0000] {logging_mixin.py:190} INFO - [2025-04-10T09:36:39.077+0000] {dag.py:4180} INFO - Setting next_dagrun for example_display_name to None, run_after=None
[2025-04-10T09:36:39.097+0000] {processor.py:208} INFO - Processing /home/airflow/.local/lib/python3.12/site-packages/airflow/example_dags/example_display_name.py took 0.077 seconds
[2025-04-10T09:37:10.161+0000] {processor.py:186} INFO - Started process (PID=3103) to work on /home/airflow/.local/lib/python3.12/site-packages/airflow/example_dags/example_display_name.py
[2025-04-10T09:37:10.162+0000] {processor.py:914} INFO - Processing file /home/airflow/.local/lib/python3.12/site-packages/airflow/example_dags/example_display_name.py for tasks to queue
[2025-04-10T09:37:10.165+0000] {logging_mixin.py:190} INFO - [2025-04-10T09:37:10.165+0000] {dagbag.py:588} INFO - Filling up the DagBag from /home/airflow/.local/lib/python3.12/site-packages/airflow/example_dags/example_display_name.py
[2025-04-10T09:37:10.176+0000] {processor.py:925} INFO - DAG(s) 'example_display_name' retrieved from /home/airflow/.local/lib/python3.12/site-packages/airflow/example_dags/example_display_name.py
[2025-04-10T09:37:10.198+0000] {logging_mixin.py:190} INFO - [2025-04-10T09:37:10.197+0000] {dag.py:3239} INFO - Sync 1 DAGs
[2025-04-10T09:37:10.214+0000] {logging_mixin.py:190} INFO - [2025-04-10T09:37:10.214+0000] {dag.py:4180} INFO - Setting next_dagrun for example_display_name to None, run_after=None
[2025-04-10T09:37:10.239+0000] {processor.py:208} INFO - Processing /home/airflow/.local/lib/python3.12/site-packages/airflow/example_dags/example_display_name.py took 0.085 seconds
