[2025-04-10T09:12:39.414+0000] {processor.py:186} INFO - Started process (PID=77) to work on /home/airflow/.local/lib/python3.12/site-packages/airflow/example_dags/example_params_trigger_ui.py
[2025-04-10T09:12:39.416+0000] {processor.py:914} INFO - Processing file /home/airflow/.local/lib/python3.12/site-packages/airflow/example_dags/example_params_trigger_ui.py for tasks to queue
[2025-04-10T09:12:39.419+0000] {logging_mixin.py:190} INFO - [2025-04-10T09:12:39.418+0000] {dagbag.py:588} INFO - Filling up the DagBag from /home/airflow/.local/lib/python3.12/site-packages/airflow/example_dags/example_params_trigger_ui.py
[2025-04-10T09:12:39.441+0000] {processor.py:925} INFO - DAG(s) 'example_params_trigger_ui' retrieved from /home/airflow/.local/lib/python3.12/site-packages/airflow/example_dags/example_params_trigger_ui.py
[2025-04-10T09:12:39.565+0000] {logging_mixin.py:190} INFO - [2025-04-10T09:12:39.564+0000] {dag.py:3239} INFO - Sync 1 DAGs
[2025-04-10T09:12:39.603+0000] {logging_mixin.py:190} INFO - [2025-04-10T09:12:39.603+0000] {dag.py:4180} INFO - Setting next_dagrun for example_params_trigger_ui to None, run_after=None
[2025-04-10T09:12:39.651+0000] {processor.py:208} INFO - Processing /home/airflow/.local/lib/python3.12/site-packages/airflow/example_dags/example_params_trigger_ui.py took 0.245 seconds
[2025-04-10T09:13:09.749+0000] {processor.py:186} INFO - Started process (PID=140) to work on /home/airflow/.local/lib/python3.12/site-packages/airflow/example_dags/example_params_trigger_ui.py
[2025-04-10T09:13:09.750+0000] {processor.py:914} INFO - Processing file /home/airflow/.local/lib/python3.12/site-packages/airflow/example_dags/example_params_trigger_ui.py for tasks to queue
[2025-04-10T09:13:09.753+0000] {logging_mixin.py:190} INFO - [2025-04-10T09:13:09.752+0000] {dagbag.py:588} INFO - Filling up the DagBag from /home/airflow/.local/lib/python3.12/site-packages/airflow/example_dags/example_params_trigger_ui.py
[2025-04-10T09:13:09.769+0000] {processor.py:925} INFO - DAG(s) 'example_params_trigger_ui' retrieved from /home/airflow/.local/lib/python3.12/site-packages/airflow/example_dags/example_params_trigger_ui.py
[2025-04-10T09:13:09.819+0000] {logging_mixin.py:190} INFO - [2025-04-10T09:13:09.819+0000] {dag.py:3239} INFO - Sync 1 DAGs
[2025-04-10T09:13:09.835+0000] {logging_mixin.py:190} INFO - [2025-04-10T09:13:09.834+0000] {dag.py:4180} INFO - Setting next_dagrun for example_params_trigger_ui to None, run_after=None
[2025-04-10T09:13:09.857+0000] {processor.py:208} INFO - Processing /home/airflow/.local/lib/python3.12/site-packages/airflow/example_dags/example_params_trigger_ui.py took 0.114 seconds
[2025-04-10T09:13:40.437+0000] {processor.py:186} INFO - Started process (PID=204) to work on /home/airflow/.local/lib/python3.12/site-packages/airflow/example_dags/example_params_trigger_ui.py
[2025-04-10T09:13:40.438+0000] {processor.py:914} INFO - Processing file /home/airflow/.local/lib/python3.12/site-packages/airflow/example_dags/example_params_trigger_ui.py for tasks to queue
[2025-04-10T09:13:40.443+0000] {logging_mixin.py:190} INFO - [2025-04-10T09:13:40.442+0000] {dagbag.py:588} INFO - Filling up the DagBag from /home/airflow/.local/lib/python3.12/site-packages/airflow/example_dags/example_params_trigger_ui.py
[2025-04-10T09:13:40.456+0000] {processor.py:925} INFO - DAG(s) 'example_params_trigger_ui' retrieved from /home/airflow/.local/lib/python3.12/site-packages/airflow/example_dags/example_params_trigger_ui.py
[2025-04-10T09:13:40.505+0000] {logging_mixin.py:190} INFO - [2025-04-10T09:13:40.505+0000] {dag.py:3239} INFO - Sync 1 DAGs
[2025-04-10T09:13:40.520+0000] {logging_mixin.py:190} INFO - [2025-04-10T09:13:40.520+0000] {dag.py:4180} INFO - Setting next_dagrun for example_params_trigger_ui to None, run_after=None
[2025-04-10T09:13:40.540+0000] {processor.py:208} INFO - Processing /home/airflow/.local/lib/python3.12/site-packages/airflow/example_dags/example_params_trigger_ui.py took 0.108 seconds
[2025-04-10T09:14:10.737+0000] {processor.py:186} INFO - Started process (PID=268) to work on /home/airflow/.local/lib/python3.12/site-packages/airflow/example_dags/example_params_trigger_ui.py
[2025-04-10T09:14:10.738+0000] {processor.py:914} INFO - Processing file /home/airflow/.local/lib/python3.12/site-packages/airflow/example_dags/example_params_trigger_ui.py for tasks to queue
[2025-04-10T09:14:10.742+0000] {logging_mixin.py:190} INFO - [2025-04-10T09:14:10.742+0000] {dagbag.py:588} INFO - Filling up the DagBag from /home/airflow/.local/lib/python3.12/site-packages/airflow/example_dags/example_params_trigger_ui.py
[2025-04-10T09:14:10.758+0000] {processor.py:925} INFO - DAG(s) 'example_params_trigger_ui' retrieved from /home/airflow/.local/lib/python3.12/site-packages/airflow/example_dags/example_params_trigger_ui.py
[2025-04-10T09:14:10.810+0000] {logging_mixin.py:190} INFO - [2025-04-10T09:14:10.810+0000] {dag.py:3239} INFO - Sync 1 DAGs
[2025-04-10T09:14:10.827+0000] {logging_mixin.py:190} INFO - [2025-04-10T09:14:10.826+0000] {dag.py:4180} INFO - Setting next_dagrun for example_params_trigger_ui to None, run_after=None
[2025-04-10T09:14:10.852+0000] {processor.py:208} INFO - Processing /home/airflow/.local/lib/python3.12/site-packages/airflow/example_dags/example_params_trigger_ui.py took 0.123 seconds
[2025-04-10T09:14:40.944+0000] {processor.py:186} INFO - Started process (PID=332) to work on /home/airflow/.local/lib/python3.12/site-packages/airflow/example_dags/example_params_trigger_ui.py
[2025-04-10T09:14:40.945+0000] {processor.py:914} INFO - Processing file /home/airflow/.local/lib/python3.12/site-packages/airflow/example_dags/example_params_trigger_ui.py for tasks to queue
[2025-04-10T09:14:40.948+0000] {logging_mixin.py:190} INFO - [2025-04-10T09:14:40.947+0000] {dagbag.py:588} INFO - Filling up the DagBag from /home/airflow/.local/lib/python3.12/site-packages/airflow/example_dags/example_params_trigger_ui.py
[2025-04-10T09:14:40.961+0000] {processor.py:925} INFO - DAG(s) 'example_params_trigger_ui' retrieved from /home/airflow/.local/lib/python3.12/site-packages/airflow/example_dags/example_params_trigger_ui.py
[2025-04-10T09:14:41.011+0000] {logging_mixin.py:190} INFO - [2025-04-10T09:14:41.011+0000] {dag.py:3239} INFO - Sync 1 DAGs
[2025-04-10T09:14:41.025+0000] {logging_mixin.py:190} INFO - [2025-04-10T09:14:41.025+0000] {dag.py:4180} INFO - Setting next_dagrun for example_params_trigger_ui to None, run_after=None
[2025-04-10T09:14:41.043+0000] {processor.py:208} INFO - Processing /home/airflow/.local/lib/python3.12/site-packages/airflow/example_dags/example_params_trigger_ui.py took 0.105 seconds
[2025-04-10T09:15:11.098+0000] {processor.py:186} INFO - Started process (PID=396) to work on /home/airflow/.local/lib/python3.12/site-packages/airflow/example_dags/example_params_trigger_ui.py
[2025-04-10T09:15:11.100+0000] {processor.py:914} INFO - Processing file /home/airflow/.local/lib/python3.12/site-packages/airflow/example_dags/example_params_trigger_ui.py for tasks to queue
[2025-04-10T09:15:11.103+0000] {logging_mixin.py:190} INFO - [2025-04-10T09:15:11.103+0000] {dagbag.py:588} INFO - Filling up the DagBag from /home/airflow/.local/lib/python3.12/site-packages/airflow/example_dags/example_params_trigger_ui.py
[2025-04-10T09:15:11.117+0000] {processor.py:925} INFO - DAG(s) 'example_params_trigger_ui' retrieved from /home/airflow/.local/lib/python3.12/site-packages/airflow/example_dags/example_params_trigger_ui.py
[2025-04-10T09:15:11.161+0000] {logging_mixin.py:190} INFO - [2025-04-10T09:15:11.161+0000] {dag.py:3239} INFO - Sync 1 DAGs
[2025-04-10T09:15:11.176+0000] {logging_mixin.py:190} INFO - [2025-04-10T09:15:11.176+0000] {dag.py:4180} INFO - Setting next_dagrun for example_params_trigger_ui to None, run_after=None
[2025-04-10T09:15:11.194+0000] {processor.py:208} INFO - Processing /home/airflow/.local/lib/python3.12/site-packages/airflow/example_dags/example_params_trigger_ui.py took 0.103 seconds
[2025-04-10T09:15:47.311+0000] {processor.py:186} INFO - Started process (PID=441) to work on /home/airflow/.local/lib/python3.12/site-packages/airflow/example_dags/example_params_trigger_ui.py
[2025-04-10T09:15:47.313+0000] {processor.py:914} INFO - Processing file /home/airflow/.local/lib/python3.12/site-packages/airflow/example_dags/example_params_trigger_ui.py for tasks to queue
[2025-04-10T09:15:47.319+0000] {logging_mixin.py:190} INFO - [2025-04-10T09:15:47.318+0000] {dagbag.py:588} INFO - Filling up the DagBag from /home/airflow/.local/lib/python3.12/site-packages/airflow/example_dags/example_params_trigger_ui.py
[2025-04-10T09:15:47.333+0000] {processor.py:925} INFO - DAG(s) 'example_params_trigger_ui' retrieved from /home/airflow/.local/lib/python3.12/site-packages/airflow/example_dags/example_params_trigger_ui.py
[2025-04-10T09:15:47.389+0000] {logging_mixin.py:190} INFO - [2025-04-10T09:15:47.389+0000] {dag.py:3239} INFO - Sync 1 DAGs
[2025-04-10T09:15:47.408+0000] {logging_mixin.py:190} INFO - [2025-04-10T09:15:47.407+0000] {dag.py:4180} INFO - Setting next_dagrun for example_params_trigger_ui to None, run_after=None
[2025-04-10T09:15:47.431+0000] {processor.py:208} INFO - Processing /home/airflow/.local/lib/python3.12/site-packages/airflow/example_dags/example_params_trigger_ui.py took 0.127 seconds
[2025-04-10T09:16:17.675+0000] {processor.py:186} INFO - Started process (PID=506) to work on /home/airflow/.local/lib/python3.12/site-packages/airflow/example_dags/example_params_trigger_ui.py
[2025-04-10T09:16:17.676+0000] {processor.py:914} INFO - Processing file /home/airflow/.local/lib/python3.12/site-packages/airflow/example_dags/example_params_trigger_ui.py for tasks to queue
[2025-04-10T09:16:17.679+0000] {logging_mixin.py:190} INFO - [2025-04-10T09:16:17.678+0000] {dagbag.py:588} INFO - Filling up the DagBag from /home/airflow/.local/lib/python3.12/site-packages/airflow/example_dags/example_params_trigger_ui.py
[2025-04-10T09:16:17.695+0000] {processor.py:925} INFO - DAG(s) 'example_params_trigger_ui' retrieved from /home/airflow/.local/lib/python3.12/site-packages/airflow/example_dags/example_params_trigger_ui.py
[2025-04-10T09:16:17.753+0000] {logging_mixin.py:190} INFO - [2025-04-10T09:16:17.753+0000] {dag.py:3239} INFO - Sync 1 DAGs
[2025-04-10T09:16:17.771+0000] {logging_mixin.py:190} INFO - [2025-04-10T09:16:17.771+0000] {dag.py:4180} INFO - Setting next_dagrun for example_params_trigger_ui to None, run_after=None
[2025-04-10T09:16:17.796+0000] {processor.py:208} INFO - Processing /home/airflow/.local/lib/python3.12/site-packages/airflow/example_dags/example_params_trigger_ui.py took 0.128 seconds
[2025-04-10T09:16:48.833+0000] {processor.py:186} INFO - Started process (PID=570) to work on /home/airflow/.local/lib/python3.12/site-packages/airflow/example_dags/example_params_trigger_ui.py
[2025-04-10T09:16:48.835+0000] {processor.py:914} INFO - Processing file /home/airflow/.local/lib/python3.12/site-packages/airflow/example_dags/example_params_trigger_ui.py for tasks to queue
[2025-04-10T09:16:48.837+0000] {logging_mixin.py:190} INFO - [2025-04-10T09:16:48.837+0000] {dagbag.py:588} INFO - Filling up the DagBag from /home/airflow/.local/lib/python3.12/site-packages/airflow/example_dags/example_params_trigger_ui.py
[2025-04-10T09:16:48.852+0000] {processor.py:925} INFO - DAG(s) 'example_params_trigger_ui' retrieved from /home/airflow/.local/lib/python3.12/site-packages/airflow/example_dags/example_params_trigger_ui.py
[2025-04-10T09:16:48.904+0000] {logging_mixin.py:190} INFO - [2025-04-10T09:16:48.904+0000] {dag.py:3239} INFO - Sync 1 DAGs
[2025-04-10T09:16:48.921+0000] {logging_mixin.py:190} INFO - [2025-04-10T09:16:48.921+0000] {dag.py:4180} INFO - Setting next_dagrun for example_params_trigger_ui to None, run_after=None
[2025-04-10T09:16:48.942+0000] {processor.py:208} INFO - Processing /home/airflow/.local/lib/python3.12/site-packages/airflow/example_dags/example_params_trigger_ui.py took 0.115 seconds
[2025-04-10T09:17:19.707+0000] {processor.py:186} INFO - Started process (PID=632) to work on /home/airflow/.local/lib/python3.12/site-packages/airflow/example_dags/example_params_trigger_ui.py
[2025-04-10T09:17:19.708+0000] {processor.py:914} INFO - Processing file /home/airflow/.local/lib/python3.12/site-packages/airflow/example_dags/example_params_trigger_ui.py for tasks to queue
[2025-04-10T09:17:19.711+0000] {logging_mixin.py:190} INFO - [2025-04-10T09:17:19.711+0000] {dagbag.py:588} INFO - Filling up the DagBag from /home/airflow/.local/lib/python3.12/site-packages/airflow/example_dags/example_params_trigger_ui.py
[2025-04-10T09:17:19.724+0000] {processor.py:925} INFO - DAG(s) 'example_params_trigger_ui' retrieved from /home/airflow/.local/lib/python3.12/site-packages/airflow/example_dags/example_params_trigger_ui.py
[2025-04-10T09:17:19.768+0000] {logging_mixin.py:190} INFO - [2025-04-10T09:17:19.768+0000] {dag.py:3239} INFO - Sync 1 DAGs
[2025-04-10T09:17:19.784+0000] {logging_mixin.py:190} INFO - [2025-04-10T09:17:19.784+0000] {dag.py:4180} INFO - Setting next_dagrun for example_params_trigger_ui to None, run_after=None
[2025-04-10T09:17:19.802+0000] {processor.py:208} INFO - Processing /home/airflow/.local/lib/python3.12/site-packages/airflow/example_dags/example_params_trigger_ui.py took 0.102 seconds
[2025-04-10T09:17:50.773+0000] {processor.py:186} INFO - Started process (PID=695) to work on /home/airflow/.local/lib/python3.12/site-packages/airflow/example_dags/example_params_trigger_ui.py
[2025-04-10T09:17:50.774+0000] {processor.py:914} INFO - Processing file /home/airflow/.local/lib/python3.12/site-packages/airflow/example_dags/example_params_trigger_ui.py for tasks to queue
[2025-04-10T09:17:50.777+0000] {logging_mixin.py:190} INFO - [2025-04-10T09:17:50.777+0000] {dagbag.py:588} INFO - Filling up the DagBag from /home/airflow/.local/lib/python3.12/site-packages/airflow/example_dags/example_params_trigger_ui.py
[2025-04-10T09:17:50.795+0000] {processor.py:925} INFO - DAG(s) 'example_params_trigger_ui' retrieved from /home/airflow/.local/lib/python3.12/site-packages/airflow/example_dags/example_params_trigger_ui.py
[2025-04-10T09:17:50.854+0000] {logging_mixin.py:190} INFO - [2025-04-10T09:17:50.854+0000] {dag.py:3239} INFO - Sync 1 DAGs
[2025-04-10T09:17:50.872+0000] {logging_mixin.py:190} INFO - [2025-04-10T09:17:50.872+0000] {dag.py:4180} INFO - Setting next_dagrun for example_params_trigger_ui to None, run_after=None
[2025-04-10T09:17:50.895+0000] {processor.py:208} INFO - Processing /home/airflow/.local/lib/python3.12/site-packages/airflow/example_dags/example_params_trigger_ui.py took 0.129 seconds
[2025-04-10T09:18:21.741+0000] {processor.py:186} INFO - Started process (PID=759) to work on /home/airflow/.local/lib/python3.12/site-packages/airflow/example_dags/example_params_trigger_ui.py
[2025-04-10T09:18:21.742+0000] {processor.py:914} INFO - Processing file /home/airflow/.local/lib/python3.12/site-packages/airflow/example_dags/example_params_trigger_ui.py for tasks to queue
[2025-04-10T09:18:21.745+0000] {logging_mixin.py:190} INFO - [2025-04-10T09:18:21.744+0000] {dagbag.py:588} INFO - Filling up the DagBag from /home/airflow/.local/lib/python3.12/site-packages/airflow/example_dags/example_params_trigger_ui.py
[2025-04-10T09:18:21.757+0000] {processor.py:925} INFO - DAG(s) 'example_params_trigger_ui' retrieved from /home/airflow/.local/lib/python3.12/site-packages/airflow/example_dags/example_params_trigger_ui.py
[2025-04-10T09:18:21.804+0000] {logging_mixin.py:190} INFO - [2025-04-10T09:18:21.804+0000] {dag.py:3239} INFO - Sync 1 DAGs
[2025-04-10T09:18:21.820+0000] {logging_mixin.py:190} INFO - [2025-04-10T09:18:21.820+0000] {dag.py:4180} INFO - Setting next_dagrun for example_params_trigger_ui to None, run_after=None
[2025-04-10T09:18:21.842+0000] {processor.py:208} INFO - Processing /home/airflow/.local/lib/python3.12/site-packages/airflow/example_dags/example_params_trigger_ui.py took 0.107 seconds
[2025-04-10T09:18:52.464+0000] {processor.py:186} INFO - Started process (PID=823) to work on /home/airflow/.local/lib/python3.12/site-packages/airflow/example_dags/example_params_trigger_ui.py
[2025-04-10T09:18:52.465+0000] {processor.py:914} INFO - Processing file /home/airflow/.local/lib/python3.12/site-packages/airflow/example_dags/example_params_trigger_ui.py for tasks to queue
[2025-04-10T09:18:52.468+0000] {logging_mixin.py:190} INFO - [2025-04-10T09:18:52.467+0000] {dagbag.py:588} INFO - Filling up the DagBag from /home/airflow/.local/lib/python3.12/site-packages/airflow/example_dags/example_params_trigger_ui.py
[2025-04-10T09:18:52.483+0000] {processor.py:925} INFO - DAG(s) 'example_params_trigger_ui' retrieved from /home/airflow/.local/lib/python3.12/site-packages/airflow/example_dags/example_params_trigger_ui.py
[2025-04-10T09:18:52.528+0000] {logging_mixin.py:190} INFO - [2025-04-10T09:18:52.527+0000] {dag.py:3239} INFO - Sync 1 DAGs
[2025-04-10T09:18:52.545+0000] {logging_mixin.py:190} INFO - [2025-04-10T09:18:52.545+0000] {dag.py:4180} INFO - Setting next_dagrun for example_params_trigger_ui to None, run_after=None
[2025-04-10T09:18:52.571+0000] {processor.py:208} INFO - Processing /home/airflow/.local/lib/python3.12/site-packages/airflow/example_dags/example_params_trigger_ui.py took 0.113 seconds
[2025-04-10T09:19:23.949+0000] {processor.py:186} INFO - Started process (PID=883) to work on /home/airflow/.local/lib/python3.12/site-packages/airflow/example_dags/example_params_trigger_ui.py
[2025-04-10T09:19:23.950+0000] {processor.py:914} INFO - Processing file /home/airflow/.local/lib/python3.12/site-packages/airflow/example_dags/example_params_trigger_ui.py for tasks to queue
[2025-04-10T09:19:23.952+0000] {logging_mixin.py:190} INFO - [2025-04-10T09:19:23.952+0000] {dagbag.py:588} INFO - Filling up the DagBag from /home/airflow/.local/lib/python3.12/site-packages/airflow/example_dags/example_params_trigger_ui.py
[2025-04-10T09:19:23.965+0000] {processor.py:925} INFO - DAG(s) 'example_params_trigger_ui' retrieved from /home/airflow/.local/lib/python3.12/site-packages/airflow/example_dags/example_params_trigger_ui.py
[2025-04-10T09:19:24.009+0000] {logging_mixin.py:190} INFO - [2025-04-10T09:19:24.009+0000] {dag.py:3239} INFO - Sync 1 DAGs
[2025-04-10T09:19:24.026+0000] {logging_mixin.py:190} INFO - [2025-04-10T09:19:24.025+0000] {dag.py:4180} INFO - Setting next_dagrun for example_params_trigger_ui to None, run_after=None
[2025-04-10T09:19:24.044+0000] {processor.py:208} INFO - Processing /home/airflow/.local/lib/python3.12/site-packages/airflow/example_dags/example_params_trigger_ui.py took 0.102 seconds
[2025-04-10T09:19:54.457+0000] {processor.py:186} INFO - Started process (PID=940) to work on /home/airflow/.local/lib/python3.12/site-packages/airflow/example_dags/example_params_trigger_ui.py
[2025-04-10T09:19:54.459+0000] {processor.py:914} INFO - Processing file /home/airflow/.local/lib/python3.12/site-packages/airflow/example_dags/example_params_trigger_ui.py for tasks to queue
[2025-04-10T09:19:54.462+0000] {logging_mixin.py:190} INFO - [2025-04-10T09:19:54.461+0000] {dagbag.py:588} INFO - Filling up the DagBag from /home/airflow/.local/lib/python3.12/site-packages/airflow/example_dags/example_params_trigger_ui.py
[2025-04-10T09:19:54.475+0000] {processor.py:925} INFO - DAG(s) 'example_params_trigger_ui' retrieved from /home/airflow/.local/lib/python3.12/site-packages/airflow/example_dags/example_params_trigger_ui.py
[2025-04-10T09:19:54.519+0000] {logging_mixin.py:190} INFO - [2025-04-10T09:19:54.519+0000] {dag.py:3239} INFO - Sync 1 DAGs
[2025-04-10T09:19:54.534+0000] {logging_mixin.py:190} INFO - [2025-04-10T09:19:54.534+0000] {dag.py:4180} INFO - Setting next_dagrun for example_params_trigger_ui to None, run_after=None
[2025-04-10T09:19:54.553+0000] {processor.py:208} INFO - Processing /home/airflow/.local/lib/python3.12/site-packages/airflow/example_dags/example_params_trigger_ui.py took 0.102 seconds
[2025-04-10T09:20:24.966+0000] {processor.py:186} INFO - Started process (PID=1004) to work on /home/airflow/.local/lib/python3.12/site-packages/airflow/example_dags/example_params_trigger_ui.py
[2025-04-10T09:20:24.967+0000] {processor.py:914} INFO - Processing file /home/airflow/.local/lib/python3.12/site-packages/airflow/example_dags/example_params_trigger_ui.py for tasks to queue
[2025-04-10T09:20:24.970+0000] {logging_mixin.py:190} INFO - [2025-04-10T09:20:24.969+0000] {dagbag.py:588} INFO - Filling up the DagBag from /home/airflow/.local/lib/python3.12/site-packages/airflow/example_dags/example_params_trigger_ui.py
[2025-04-10T09:20:24.983+0000] {processor.py:925} INFO - DAG(s) 'example_params_trigger_ui' retrieved from /home/airflow/.local/lib/python3.12/site-packages/airflow/example_dags/example_params_trigger_ui.py
[2025-04-10T09:20:25.031+0000] {logging_mixin.py:190} INFO - [2025-04-10T09:20:25.031+0000] {dag.py:3239} INFO - Sync 1 DAGs
[2025-04-10T09:20:25.047+0000] {logging_mixin.py:190} INFO - [2025-04-10T09:20:25.047+0000] {dag.py:4180} INFO - Setting next_dagrun for example_params_trigger_ui to None, run_after=None
[2025-04-10T09:20:25.066+0000] {processor.py:208} INFO - Processing /home/airflow/.local/lib/python3.12/site-packages/airflow/example_dags/example_params_trigger_ui.py took 0.107 seconds
[2025-04-10T09:20:55.460+0000] {processor.py:186} INFO - Started process (PID=1068) to work on /home/airflow/.local/lib/python3.12/site-packages/airflow/example_dags/example_params_trigger_ui.py
[2025-04-10T09:20:55.461+0000] {processor.py:914} INFO - Processing file /home/airflow/.local/lib/python3.12/site-packages/airflow/example_dags/example_params_trigger_ui.py for tasks to queue
[2025-04-10T09:20:55.464+0000] {logging_mixin.py:190} INFO - [2025-04-10T09:20:55.463+0000] {dagbag.py:588} INFO - Filling up the DagBag from /home/airflow/.local/lib/python3.12/site-packages/airflow/example_dags/example_params_trigger_ui.py
[2025-04-10T09:20:55.477+0000] {processor.py:925} INFO - DAG(s) 'example_params_trigger_ui' retrieved from /home/airflow/.local/lib/python3.12/site-packages/airflow/example_dags/example_params_trigger_ui.py
[2025-04-10T09:20:55.523+0000] {logging_mixin.py:190} INFO - [2025-04-10T09:20:55.523+0000] {dag.py:3239} INFO - Sync 1 DAGs
[2025-04-10T09:20:55.538+0000] {logging_mixin.py:190} INFO - [2025-04-10T09:20:55.538+0000] {dag.py:4180} INFO - Setting next_dagrun for example_params_trigger_ui to None, run_after=None
[2025-04-10T09:20:55.558+0000] {processor.py:208} INFO - Processing /home/airflow/.local/lib/python3.12/site-packages/airflow/example_dags/example_params_trigger_ui.py took 0.104 seconds
[2025-04-10T09:21:26.256+0000] {processor.py:186} INFO - Started process (PID=1132) to work on /home/airflow/.local/lib/python3.12/site-packages/airflow/example_dags/example_params_trigger_ui.py
[2025-04-10T09:21:26.257+0000] {processor.py:914} INFO - Processing file /home/airflow/.local/lib/python3.12/site-packages/airflow/example_dags/example_params_trigger_ui.py for tasks to queue
[2025-04-10T09:21:26.260+0000] {logging_mixin.py:190} INFO - [2025-04-10T09:21:26.259+0000] {dagbag.py:588} INFO - Filling up the DagBag from /home/airflow/.local/lib/python3.12/site-packages/airflow/example_dags/example_params_trigger_ui.py
[2025-04-10T09:21:26.273+0000] {processor.py:925} INFO - DAG(s) 'example_params_trigger_ui' retrieved from /home/airflow/.local/lib/python3.12/site-packages/airflow/example_dags/example_params_trigger_ui.py
[2025-04-10T09:21:26.322+0000] {logging_mixin.py:190} INFO - [2025-04-10T09:21:26.321+0000] {dag.py:3239} INFO - Sync 1 DAGs
[2025-04-10T09:21:26.337+0000] {logging_mixin.py:190} INFO - [2025-04-10T09:21:26.337+0000] {dag.py:4180} INFO - Setting next_dagrun for example_params_trigger_ui to None, run_after=None
[2025-04-10T09:21:26.361+0000] {processor.py:208} INFO - Processing /home/airflow/.local/lib/python3.12/site-packages/airflow/example_dags/example_params_trigger_ui.py took 0.111 seconds
[2025-04-10T09:21:56.918+0000] {processor.py:186} INFO - Started process (PID=1196) to work on /home/airflow/.local/lib/python3.12/site-packages/airflow/example_dags/example_params_trigger_ui.py
[2025-04-10T09:21:56.920+0000] {processor.py:914} INFO - Processing file /home/airflow/.local/lib/python3.12/site-packages/airflow/example_dags/example_params_trigger_ui.py for tasks to queue
[2025-04-10T09:21:56.923+0000] {logging_mixin.py:190} INFO - [2025-04-10T09:21:56.922+0000] {dagbag.py:588} INFO - Filling up the DagBag from /home/airflow/.local/lib/python3.12/site-packages/airflow/example_dags/example_params_trigger_ui.py
[2025-04-10T09:21:56.938+0000] {processor.py:925} INFO - DAG(s) 'example_params_trigger_ui' retrieved from /home/airflow/.local/lib/python3.12/site-packages/airflow/example_dags/example_params_trigger_ui.py
[2025-04-10T09:21:56.989+0000] {logging_mixin.py:190} INFO - [2025-04-10T09:21:56.988+0000] {dag.py:3239} INFO - Sync 1 DAGs
[2025-04-10T09:21:57.005+0000] {logging_mixin.py:190} INFO - [2025-04-10T09:21:57.005+0000] {dag.py:4180} INFO - Setting next_dagrun for example_params_trigger_ui to None, run_after=None
[2025-04-10T09:21:57.029+0000] {processor.py:208} INFO - Processing /home/airflow/.local/lib/python3.12/site-packages/airflow/example_dags/example_params_trigger_ui.py took 0.117 seconds
[2025-04-10T09:22:27.426+0000] {processor.py:186} INFO - Started process (PID=1260) to work on /home/airflow/.local/lib/python3.12/site-packages/airflow/example_dags/example_params_trigger_ui.py
[2025-04-10T09:22:27.427+0000] {processor.py:914} INFO - Processing file /home/airflow/.local/lib/python3.12/site-packages/airflow/example_dags/example_params_trigger_ui.py for tasks to queue
[2025-04-10T09:22:27.430+0000] {logging_mixin.py:190} INFO - [2025-04-10T09:22:27.430+0000] {dagbag.py:588} INFO - Filling up the DagBag from /home/airflow/.local/lib/python3.12/site-packages/airflow/example_dags/example_params_trigger_ui.py
[2025-04-10T09:22:27.443+0000] {processor.py:925} INFO - DAG(s) 'example_params_trigger_ui' retrieved from /home/airflow/.local/lib/python3.12/site-packages/airflow/example_dags/example_params_trigger_ui.py
[2025-04-10T09:22:27.488+0000] {logging_mixin.py:190} INFO - [2025-04-10T09:22:27.488+0000] {dag.py:3239} INFO - Sync 1 DAGs
[2025-04-10T09:22:27.504+0000] {logging_mixin.py:190} INFO - [2025-04-10T09:22:27.504+0000] {dag.py:4180} INFO - Setting next_dagrun for example_params_trigger_ui to None, run_after=None
[2025-04-10T09:22:27.525+0000] {processor.py:208} INFO - Processing /home/airflow/.local/lib/python3.12/site-packages/airflow/example_dags/example_params_trigger_ui.py took 0.106 seconds
[2025-04-10T09:22:58.177+0000] {processor.py:186} INFO - Started process (PID=1324) to work on /home/airflow/.local/lib/python3.12/site-packages/airflow/example_dags/example_params_trigger_ui.py
[2025-04-10T09:22:58.178+0000] {processor.py:914} INFO - Processing file /home/airflow/.local/lib/python3.12/site-packages/airflow/example_dags/example_params_trigger_ui.py for tasks to queue
[2025-04-10T09:22:58.181+0000] {logging_mixin.py:190} INFO - [2025-04-10T09:22:58.180+0000] {dagbag.py:588} INFO - Filling up the DagBag from /home/airflow/.local/lib/python3.12/site-packages/airflow/example_dags/example_params_trigger_ui.py
[2025-04-10T09:22:58.194+0000] {processor.py:925} INFO - DAG(s) 'example_params_trigger_ui' retrieved from /home/airflow/.local/lib/python3.12/site-packages/airflow/example_dags/example_params_trigger_ui.py
[2025-04-10T09:22:58.240+0000] {logging_mixin.py:190} INFO - [2025-04-10T09:22:58.239+0000] {dag.py:3239} INFO - Sync 1 DAGs
[2025-04-10T09:22:58.255+0000] {logging_mixin.py:190} INFO - [2025-04-10T09:22:58.255+0000] {dag.py:4180} INFO - Setting next_dagrun for example_params_trigger_ui to None, run_after=None
[2025-04-10T09:22:58.277+0000] {processor.py:208} INFO - Processing /home/airflow/.local/lib/python3.12/site-packages/airflow/example_dags/example_params_trigger_ui.py took 0.106 seconds
[2025-04-10T09:23:28.343+0000] {processor.py:186} INFO - Started process (PID=1388) to work on /home/airflow/.local/lib/python3.12/site-packages/airflow/example_dags/example_params_trigger_ui.py
[2025-04-10T09:23:28.344+0000] {processor.py:914} INFO - Processing file /home/airflow/.local/lib/python3.12/site-packages/airflow/example_dags/example_params_trigger_ui.py for tasks to queue
[2025-04-10T09:23:28.348+0000] {logging_mixin.py:190} INFO - [2025-04-10T09:23:28.347+0000] {dagbag.py:588} INFO - Filling up the DagBag from /home/airflow/.local/lib/python3.12/site-packages/airflow/example_dags/example_params_trigger_ui.py
[2025-04-10T09:23:28.362+0000] {processor.py:925} INFO - DAG(s) 'example_params_trigger_ui' retrieved from /home/airflow/.local/lib/python3.12/site-packages/airflow/example_dags/example_params_trigger_ui.py
[2025-04-10T09:23:28.410+0000] {logging_mixin.py:190} INFO - [2025-04-10T09:23:28.410+0000] {dag.py:3239} INFO - Sync 1 DAGs
[2025-04-10T09:23:28.430+0000] {logging_mixin.py:190} INFO - [2025-04-10T09:23:28.430+0000] {dag.py:4180} INFO - Setting next_dagrun for example_params_trigger_ui to None, run_after=None
[2025-04-10T09:23:28.453+0000] {processor.py:208} INFO - Processing /home/airflow/.local/lib/python3.12/site-packages/airflow/example_dags/example_params_trigger_ui.py took 0.117 seconds
[2025-04-10T09:23:58.615+0000] {processor.py:186} INFO - Started process (PID=1452) to work on /home/airflow/.local/lib/python3.12/site-packages/airflow/example_dags/example_params_trigger_ui.py
[2025-04-10T09:23:58.617+0000] {processor.py:914} INFO - Processing file /home/airflow/.local/lib/python3.12/site-packages/airflow/example_dags/example_params_trigger_ui.py for tasks to queue
[2025-04-10T09:23:58.620+0000] {logging_mixin.py:190} INFO - [2025-04-10T09:23:58.620+0000] {dagbag.py:588} INFO - Filling up the DagBag from /home/airflow/.local/lib/python3.12/site-packages/airflow/example_dags/example_params_trigger_ui.py
[2025-04-10T09:23:58.634+0000] {processor.py:925} INFO - DAG(s) 'example_params_trigger_ui' retrieved from /home/airflow/.local/lib/python3.12/site-packages/airflow/example_dags/example_params_trigger_ui.py
[2025-04-10T09:23:58.678+0000] {logging_mixin.py:190} INFO - [2025-04-10T09:23:58.678+0000] {dag.py:3239} INFO - Sync 1 DAGs
[2025-04-10T09:23:58.697+0000] {logging_mixin.py:190} INFO - [2025-04-10T09:23:58.697+0000] {dag.py:4180} INFO - Setting next_dagrun for example_params_trigger_ui to None, run_after=None
[2025-04-10T09:23:58.721+0000] {processor.py:208} INFO - Processing /home/airflow/.local/lib/python3.12/site-packages/airflow/example_dags/example_params_trigger_ui.py took 0.113 seconds
[2025-04-10T09:24:28.750+0000] {processor.py:186} INFO - Started process (PID=1516) to work on /home/airflow/.local/lib/python3.12/site-packages/airflow/example_dags/example_params_trigger_ui.py
[2025-04-10T09:24:28.751+0000] {processor.py:914} INFO - Processing file /home/airflow/.local/lib/python3.12/site-packages/airflow/example_dags/example_params_trigger_ui.py for tasks to queue
[2025-04-10T09:24:28.754+0000] {logging_mixin.py:190} INFO - [2025-04-10T09:24:28.754+0000] {dagbag.py:588} INFO - Filling up the DagBag from /home/airflow/.local/lib/python3.12/site-packages/airflow/example_dags/example_params_trigger_ui.py
[2025-04-10T09:24:28.767+0000] {processor.py:925} INFO - DAG(s) 'example_params_trigger_ui' retrieved from /home/airflow/.local/lib/python3.12/site-packages/airflow/example_dags/example_params_trigger_ui.py
[2025-04-10T09:24:28.814+0000] {logging_mixin.py:190} INFO - [2025-04-10T09:24:28.814+0000] {dag.py:3239} INFO - Sync 1 DAGs
[2025-04-10T09:24:28.829+0000] {logging_mixin.py:190} INFO - [2025-04-10T09:24:28.829+0000] {dag.py:4180} INFO - Setting next_dagrun for example_params_trigger_ui to None, run_after=None
[2025-04-10T09:24:28.850+0000] {processor.py:208} INFO - Processing /home/airflow/.local/lib/python3.12/site-packages/airflow/example_dags/example_params_trigger_ui.py took 0.107 seconds
[2025-04-10T09:24:59.653+0000] {processor.py:186} INFO - Started process (PID=1580) to work on /home/airflow/.local/lib/python3.12/site-packages/airflow/example_dags/example_params_trigger_ui.py
[2025-04-10T09:24:59.654+0000] {processor.py:914} INFO - Processing file /home/airflow/.local/lib/python3.12/site-packages/airflow/example_dags/example_params_trigger_ui.py for tasks to queue
[2025-04-10T09:24:59.658+0000] {logging_mixin.py:190} INFO - [2025-04-10T09:24:59.658+0000] {dagbag.py:588} INFO - Filling up the DagBag from /home/airflow/.local/lib/python3.12/site-packages/airflow/example_dags/example_params_trigger_ui.py
[2025-04-10T09:24:59.678+0000] {processor.py:925} INFO - DAG(s) 'example_params_trigger_ui' retrieved from /home/airflow/.local/lib/python3.12/site-packages/airflow/example_dags/example_params_trigger_ui.py
[2025-04-10T09:24:59.729+0000] {logging_mixin.py:190} INFO - [2025-04-10T09:24:59.729+0000] {dag.py:3239} INFO - Sync 1 DAGs
[2025-04-10T09:24:59.746+0000] {logging_mixin.py:190} INFO - [2025-04-10T09:24:59.745+0000] {dag.py:4180} INFO - Setting next_dagrun for example_params_trigger_ui to None, run_after=None
[2025-04-10T09:24:59.767+0000] {processor.py:208} INFO - Processing /home/airflow/.local/lib/python3.12/site-packages/airflow/example_dags/example_params_trigger_ui.py took 0.124 seconds
[2025-04-10T09:25:30.032+0000] {processor.py:186} INFO - Started process (PID=1644) to work on /home/airflow/.local/lib/python3.12/site-packages/airflow/example_dags/example_params_trigger_ui.py
[2025-04-10T09:25:30.033+0000] {processor.py:914} INFO - Processing file /home/airflow/.local/lib/python3.12/site-packages/airflow/example_dags/example_params_trigger_ui.py for tasks to queue
[2025-04-10T09:25:30.036+0000] {logging_mixin.py:190} INFO - [2025-04-10T09:25:30.036+0000] {dagbag.py:588} INFO - Filling up the DagBag from /home/airflow/.local/lib/python3.12/site-packages/airflow/example_dags/example_params_trigger_ui.py
[2025-04-10T09:25:30.050+0000] {processor.py:925} INFO - DAG(s) 'example_params_trigger_ui' retrieved from /home/airflow/.local/lib/python3.12/site-packages/airflow/example_dags/example_params_trigger_ui.py
[2025-04-10T09:25:30.101+0000] {logging_mixin.py:190} INFO - [2025-04-10T09:25:30.101+0000] {dag.py:3239} INFO - Sync 1 DAGs
[2025-04-10T09:25:30.117+0000] {logging_mixin.py:190} INFO - [2025-04-10T09:25:30.117+0000] {dag.py:4180} INFO - Setting next_dagrun for example_params_trigger_ui to None, run_after=None
[2025-04-10T09:25:30.146+0000] {processor.py:208} INFO - Processing /home/airflow/.local/lib/python3.12/site-packages/airflow/example_dags/example_params_trigger_ui.py took 0.122 seconds
[2025-04-10T09:26:01.302+0000] {processor.py:186} INFO - Started process (PID=1708) to work on /home/airflow/.local/lib/python3.12/site-packages/airflow/example_dags/example_params_trigger_ui.py
[2025-04-10T09:26:01.304+0000] {processor.py:914} INFO - Processing file /home/airflow/.local/lib/python3.12/site-packages/airflow/example_dags/example_params_trigger_ui.py for tasks to queue
[2025-04-10T09:26:01.307+0000] {logging_mixin.py:190} INFO - [2025-04-10T09:26:01.307+0000] {dagbag.py:588} INFO - Filling up the DagBag from /home/airflow/.local/lib/python3.12/site-packages/airflow/example_dags/example_params_trigger_ui.py
[2025-04-10T09:26:01.323+0000] {processor.py:925} INFO - DAG(s) 'example_params_trigger_ui' retrieved from /home/airflow/.local/lib/python3.12/site-packages/airflow/example_dags/example_params_trigger_ui.py
[2025-04-10T09:26:01.372+0000] {logging_mixin.py:190} INFO - [2025-04-10T09:26:01.371+0000] {dag.py:3239} INFO - Sync 1 DAGs
[2025-04-10T09:26:01.387+0000] {logging_mixin.py:190} INFO - [2025-04-10T09:26:01.387+0000] {dag.py:4180} INFO - Setting next_dagrun for example_params_trigger_ui to None, run_after=None
[2025-04-10T09:26:01.413+0000] {processor.py:208} INFO - Processing /home/airflow/.local/lib/python3.12/site-packages/airflow/example_dags/example_params_trigger_ui.py took 0.120 seconds
[2025-04-10T09:26:31.457+0000] {processor.py:186} INFO - Started process (PID=1772) to work on /home/airflow/.local/lib/python3.12/site-packages/airflow/example_dags/example_params_trigger_ui.py
[2025-04-10T09:26:31.458+0000] {processor.py:914} INFO - Processing file /home/airflow/.local/lib/python3.12/site-packages/airflow/example_dags/example_params_trigger_ui.py for tasks to queue
[2025-04-10T09:26:31.461+0000] {logging_mixin.py:190} INFO - [2025-04-10T09:26:31.461+0000] {dagbag.py:588} INFO - Filling up the DagBag from /home/airflow/.local/lib/python3.12/site-packages/airflow/example_dags/example_params_trigger_ui.py
[2025-04-10T09:26:31.475+0000] {processor.py:925} INFO - DAG(s) 'example_params_trigger_ui' retrieved from /home/airflow/.local/lib/python3.12/site-packages/airflow/example_dags/example_params_trigger_ui.py
[2025-04-10T09:26:31.525+0000] {logging_mixin.py:190} INFO - [2025-04-10T09:26:31.524+0000] {dag.py:3239} INFO - Sync 1 DAGs
[2025-04-10T09:26:31.543+0000] {logging_mixin.py:190} INFO - [2025-04-10T09:26:31.543+0000] {dag.py:4180} INFO - Setting next_dagrun for example_params_trigger_ui to None, run_after=None
[2025-04-10T09:26:31.569+0000] {processor.py:208} INFO - Processing /home/airflow/.local/lib/python3.12/site-packages/airflow/example_dags/example_params_trigger_ui.py took 0.119 seconds
[2025-04-10T09:27:02.023+0000] {processor.py:186} INFO - Started process (PID=1836) to work on /home/airflow/.local/lib/python3.12/site-packages/airflow/example_dags/example_params_trigger_ui.py
[2025-04-10T09:27:02.024+0000] {processor.py:914} INFO - Processing file /home/airflow/.local/lib/python3.12/site-packages/airflow/example_dags/example_params_trigger_ui.py for tasks to queue
[2025-04-10T09:27:02.028+0000] {logging_mixin.py:190} INFO - [2025-04-10T09:27:02.027+0000] {dagbag.py:588} INFO - Filling up the DagBag from /home/airflow/.local/lib/python3.12/site-packages/airflow/example_dags/example_params_trigger_ui.py
[2025-04-10T09:27:02.043+0000] {processor.py:925} INFO - DAG(s) 'example_params_trigger_ui' retrieved from /home/airflow/.local/lib/python3.12/site-packages/airflow/example_dags/example_params_trigger_ui.py
[2025-04-10T09:27:02.091+0000] {logging_mixin.py:190} INFO - [2025-04-10T09:27:02.091+0000] {dag.py:3239} INFO - Sync 1 DAGs
[2025-04-10T09:27:02.107+0000] {logging_mixin.py:190} INFO - [2025-04-10T09:27:02.107+0000] {dag.py:4180} INFO - Setting next_dagrun for example_params_trigger_ui to None, run_after=None
[2025-04-10T09:27:02.127+0000] {processor.py:208} INFO - Processing /home/airflow/.local/lib/python3.12/site-packages/airflow/example_dags/example_params_trigger_ui.py took 0.112 seconds
[2025-04-10T09:27:32.305+0000] {processor.py:186} INFO - Started process (PID=1900) to work on /home/airflow/.local/lib/python3.12/site-packages/airflow/example_dags/example_params_trigger_ui.py
[2025-04-10T09:27:32.306+0000] {processor.py:914} INFO - Processing file /home/airflow/.local/lib/python3.12/site-packages/airflow/example_dags/example_params_trigger_ui.py for tasks to queue
[2025-04-10T09:27:32.309+0000] {logging_mixin.py:190} INFO - [2025-04-10T09:27:32.309+0000] {dagbag.py:588} INFO - Filling up the DagBag from /home/airflow/.local/lib/python3.12/site-packages/airflow/example_dags/example_params_trigger_ui.py
[2025-04-10T09:27:32.323+0000] {processor.py:925} INFO - DAG(s) 'example_params_trigger_ui' retrieved from /home/airflow/.local/lib/python3.12/site-packages/airflow/example_dags/example_params_trigger_ui.py
[2025-04-10T09:27:32.369+0000] {logging_mixin.py:190} INFO - [2025-04-10T09:27:32.369+0000] {dag.py:3239} INFO - Sync 1 DAGs
[2025-04-10T09:27:32.385+0000] {logging_mixin.py:190} INFO - [2025-04-10T09:27:32.384+0000] {dag.py:4180} INFO - Setting next_dagrun for example_params_trigger_ui to None, run_after=None
[2025-04-10T09:27:32.404+0000] {processor.py:208} INFO - Processing /home/airflow/.local/lib/python3.12/site-packages/airflow/example_dags/example_params_trigger_ui.py took 0.107 seconds
[2025-04-10T09:28:02.961+0000] {processor.py:186} INFO - Started process (PID=1964) to work on /home/airflow/.local/lib/python3.12/site-packages/airflow/example_dags/example_params_trigger_ui.py
[2025-04-10T09:28:02.962+0000] {processor.py:914} INFO - Processing file /home/airflow/.local/lib/python3.12/site-packages/airflow/example_dags/example_params_trigger_ui.py for tasks to queue
[2025-04-10T09:28:02.966+0000] {logging_mixin.py:190} INFO - [2025-04-10T09:28:02.965+0000] {dagbag.py:588} INFO - Filling up the DagBag from /home/airflow/.local/lib/python3.12/site-packages/airflow/example_dags/example_params_trigger_ui.py
[2025-04-10T09:28:02.980+0000] {processor.py:925} INFO - DAG(s) 'example_params_trigger_ui' retrieved from /home/airflow/.local/lib/python3.12/site-packages/airflow/example_dags/example_params_trigger_ui.py
[2025-04-10T09:28:03.030+0000] {logging_mixin.py:190} INFO - [2025-04-10T09:28:03.030+0000] {dag.py:3239} INFO - Sync 1 DAGs
[2025-04-10T09:28:03.046+0000] {logging_mixin.py:190} INFO - [2025-04-10T09:28:03.046+0000] {dag.py:4180} INFO - Setting next_dagrun for example_params_trigger_ui to None, run_after=None
[2025-04-10T09:28:03.067+0000] {processor.py:208} INFO - Processing /home/airflow/.local/lib/python3.12/site-packages/airflow/example_dags/example_params_trigger_ui.py took 0.113 seconds
[2025-04-10T09:28:33.588+0000] {processor.py:186} INFO - Started process (PID=2028) to work on /home/airflow/.local/lib/python3.12/site-packages/airflow/example_dags/example_params_trigger_ui.py
[2025-04-10T09:28:33.589+0000] {processor.py:914} INFO - Processing file /home/airflow/.local/lib/python3.12/site-packages/airflow/example_dags/example_params_trigger_ui.py for tasks to queue
[2025-04-10T09:28:33.592+0000] {logging_mixin.py:190} INFO - [2025-04-10T09:28:33.592+0000] {dagbag.py:588} INFO - Filling up the DagBag from /home/airflow/.local/lib/python3.12/site-packages/airflow/example_dags/example_params_trigger_ui.py
[2025-04-10T09:28:33.606+0000] {processor.py:925} INFO - DAG(s) 'example_params_trigger_ui' retrieved from /home/airflow/.local/lib/python3.12/site-packages/airflow/example_dags/example_params_trigger_ui.py
[2025-04-10T09:28:33.656+0000] {logging_mixin.py:190} INFO - [2025-04-10T09:28:33.655+0000] {dag.py:3239} INFO - Sync 1 DAGs
[2025-04-10T09:28:33.671+0000] {logging_mixin.py:190} INFO - [2025-04-10T09:28:33.671+0000] {dag.py:4180} INFO - Setting next_dagrun for example_params_trigger_ui to None, run_after=None
[2025-04-10T09:28:33.694+0000] {processor.py:208} INFO - Processing /home/airflow/.local/lib/python3.12/site-packages/airflow/example_dags/example_params_trigger_ui.py took 0.113 seconds
[2025-04-10T09:29:04.187+0000] {processor.py:186} INFO - Started process (PID=2092) to work on /home/airflow/.local/lib/python3.12/site-packages/airflow/example_dags/example_params_trigger_ui.py
[2025-04-10T09:29:04.189+0000] {processor.py:914} INFO - Processing file /home/airflow/.local/lib/python3.12/site-packages/airflow/example_dags/example_params_trigger_ui.py for tasks to queue
[2025-04-10T09:29:04.194+0000] {logging_mixin.py:190} INFO - [2025-04-10T09:29:04.193+0000] {dagbag.py:588} INFO - Filling up the DagBag from /home/airflow/.local/lib/python3.12/site-packages/airflow/example_dags/example_params_trigger_ui.py
[2025-04-10T09:29:04.214+0000] {processor.py:925} INFO - DAG(s) 'example_params_trigger_ui' retrieved from /home/airflow/.local/lib/python3.12/site-packages/airflow/example_dags/example_params_trigger_ui.py
[2025-04-10T09:29:04.270+0000] {logging_mixin.py:190} INFO - [2025-04-10T09:29:04.269+0000] {dag.py:3239} INFO - Sync 1 DAGs
[2025-04-10T09:29:04.288+0000] {logging_mixin.py:190} INFO - [2025-04-10T09:29:04.287+0000] {dag.py:4180} INFO - Setting next_dagrun for example_params_trigger_ui to None, run_after=None
[2025-04-10T09:29:04.317+0000] {processor.py:208} INFO - Processing /home/airflow/.local/lib/python3.12/site-packages/airflow/example_dags/example_params_trigger_ui.py took 0.138 seconds
[2025-04-10T09:29:34.383+0000] {processor.py:186} INFO - Started process (PID=2156) to work on /home/airflow/.local/lib/python3.12/site-packages/airflow/example_dags/example_params_trigger_ui.py
[2025-04-10T09:29:34.384+0000] {processor.py:914} INFO - Processing file /home/airflow/.local/lib/python3.12/site-packages/airflow/example_dags/example_params_trigger_ui.py for tasks to queue
[2025-04-10T09:29:34.387+0000] {logging_mixin.py:190} INFO - [2025-04-10T09:29:34.387+0000] {dagbag.py:588} INFO - Filling up the DagBag from /home/airflow/.local/lib/python3.12/site-packages/airflow/example_dags/example_params_trigger_ui.py
[2025-04-10T09:29:34.401+0000] {processor.py:925} INFO - DAG(s) 'example_params_trigger_ui' retrieved from /home/airflow/.local/lib/python3.12/site-packages/airflow/example_dags/example_params_trigger_ui.py
[2025-04-10T09:29:34.448+0000] {logging_mixin.py:190} INFO - [2025-04-10T09:29:34.448+0000] {dag.py:3239} INFO - Sync 1 DAGs
[2025-04-10T09:29:34.465+0000] {logging_mixin.py:190} INFO - [2025-04-10T09:29:34.465+0000] {dag.py:4180} INFO - Setting next_dagrun for example_params_trigger_ui to None, run_after=None
[2025-04-10T09:29:34.484+0000] {processor.py:208} INFO - Processing /home/airflow/.local/lib/python3.12/site-packages/airflow/example_dags/example_params_trigger_ui.py took 0.108 seconds
[2025-04-10T09:30:04.894+0000] {processor.py:186} INFO - Started process (PID=2220) to work on /home/airflow/.local/lib/python3.12/site-packages/airflow/example_dags/example_params_trigger_ui.py
[2025-04-10T09:30:04.895+0000] {processor.py:914} INFO - Processing file /home/airflow/.local/lib/python3.12/site-packages/airflow/example_dags/example_params_trigger_ui.py for tasks to queue
[2025-04-10T09:30:04.898+0000] {logging_mixin.py:190} INFO - [2025-04-10T09:30:04.898+0000] {dagbag.py:588} INFO - Filling up the DagBag from /home/airflow/.local/lib/python3.12/site-packages/airflow/example_dags/example_params_trigger_ui.py
[2025-04-10T09:30:04.912+0000] {processor.py:925} INFO - DAG(s) 'example_params_trigger_ui' retrieved from /home/airflow/.local/lib/python3.12/site-packages/airflow/example_dags/example_params_trigger_ui.py
[2025-04-10T09:30:04.958+0000] {logging_mixin.py:190} INFO - [2025-04-10T09:30:04.958+0000] {dag.py:3239} INFO - Sync 1 DAGs
[2025-04-10T09:30:04.977+0000] {logging_mixin.py:190} INFO - [2025-04-10T09:30:04.974+0000] {dag.py:4180} INFO - Setting next_dagrun for example_params_trigger_ui to None, run_after=None
[2025-04-10T09:30:05.003+0000] {processor.py:208} INFO - Processing /home/airflow/.local/lib/python3.12/site-packages/airflow/example_dags/example_params_trigger_ui.py took 0.117 seconds
[2025-04-10T09:30:35.242+0000] {processor.py:186} INFO - Started process (PID=2284) to work on /home/airflow/.local/lib/python3.12/site-packages/airflow/example_dags/example_params_trigger_ui.py
[2025-04-10T09:30:35.243+0000] {processor.py:914} INFO - Processing file /home/airflow/.local/lib/python3.12/site-packages/airflow/example_dags/example_params_trigger_ui.py for tasks to queue
[2025-04-10T09:30:35.246+0000] {logging_mixin.py:190} INFO - [2025-04-10T09:30:35.245+0000] {dagbag.py:588} INFO - Filling up the DagBag from /home/airflow/.local/lib/python3.12/site-packages/airflow/example_dags/example_params_trigger_ui.py
[2025-04-10T09:30:35.259+0000] {processor.py:925} INFO - DAG(s) 'example_params_trigger_ui' retrieved from /home/airflow/.local/lib/python3.12/site-packages/airflow/example_dags/example_params_trigger_ui.py
[2025-04-10T09:30:35.304+0000] {logging_mixin.py:190} INFO - [2025-04-10T09:30:35.304+0000] {dag.py:3239} INFO - Sync 1 DAGs
[2025-04-10T09:30:35.324+0000] {logging_mixin.py:190} INFO - [2025-04-10T09:30:35.324+0000] {dag.py:4180} INFO - Setting next_dagrun for example_params_trigger_ui to None, run_after=None
[2025-04-10T09:30:35.343+0000] {processor.py:208} INFO - Processing /home/airflow/.local/lib/python3.12/site-packages/airflow/example_dags/example_params_trigger_ui.py took 0.108 seconds
[2025-04-10T09:31:05.783+0000] {processor.py:186} INFO - Started process (PID=2348) to work on /home/airflow/.local/lib/python3.12/site-packages/airflow/example_dags/example_params_trigger_ui.py
[2025-04-10T09:31:05.784+0000] {processor.py:914} INFO - Processing file /home/airflow/.local/lib/python3.12/site-packages/airflow/example_dags/example_params_trigger_ui.py for tasks to queue
[2025-04-10T09:31:05.787+0000] {logging_mixin.py:190} INFO - [2025-04-10T09:31:05.787+0000] {dagbag.py:588} INFO - Filling up the DagBag from /home/airflow/.local/lib/python3.12/site-packages/airflow/example_dags/example_params_trigger_ui.py
[2025-04-10T09:31:05.801+0000] {processor.py:925} INFO - DAG(s) 'example_params_trigger_ui' retrieved from /home/airflow/.local/lib/python3.12/site-packages/airflow/example_dags/example_params_trigger_ui.py
[2025-04-10T09:31:05.851+0000] {logging_mixin.py:190} INFO - [2025-04-10T09:31:05.851+0000] {dag.py:3239} INFO - Sync 1 DAGs
[2025-04-10T09:31:05.868+0000] {logging_mixin.py:190} INFO - [2025-04-10T09:31:05.868+0000] {dag.py:4180} INFO - Setting next_dagrun for example_params_trigger_ui to None, run_after=None
[2025-04-10T09:31:05.893+0000] {processor.py:208} INFO - Processing /home/airflow/.local/lib/python3.12/site-packages/airflow/example_dags/example_params_trigger_ui.py took 0.118 seconds
[2025-04-10T09:31:36.484+0000] {processor.py:186} INFO - Started process (PID=2412) to work on /home/airflow/.local/lib/python3.12/site-packages/airflow/example_dags/example_params_trigger_ui.py
[2025-04-10T09:31:36.487+0000] {processor.py:914} INFO - Processing file /home/airflow/.local/lib/python3.12/site-packages/airflow/example_dags/example_params_trigger_ui.py for tasks to queue
[2025-04-10T09:31:36.490+0000] {logging_mixin.py:190} INFO - [2025-04-10T09:31:36.489+0000] {dagbag.py:588} INFO - Filling up the DagBag from /home/airflow/.local/lib/python3.12/site-packages/airflow/example_dags/example_params_trigger_ui.py
[2025-04-10T09:31:36.503+0000] {processor.py:925} INFO - DAG(s) 'example_params_trigger_ui' retrieved from /home/airflow/.local/lib/python3.12/site-packages/airflow/example_dags/example_params_trigger_ui.py
[2025-04-10T09:31:36.548+0000] {logging_mixin.py:190} INFO - [2025-04-10T09:31:36.548+0000] {dag.py:3239} INFO - Sync 1 DAGs
[2025-04-10T09:31:36.567+0000] {logging_mixin.py:190} INFO - [2025-04-10T09:31:36.567+0000] {dag.py:4180} INFO - Setting next_dagrun for example_params_trigger_ui to None, run_after=None
[2025-04-10T09:31:36.595+0000] {processor.py:208} INFO - Processing /home/airflow/.local/lib/python3.12/site-packages/airflow/example_dags/example_params_trigger_ui.py took 0.118 seconds
[2025-04-10T09:32:06.952+0000] {processor.py:186} INFO - Started process (PID=2476) to work on /home/airflow/.local/lib/python3.12/site-packages/airflow/example_dags/example_params_trigger_ui.py
[2025-04-10T09:32:06.953+0000] {processor.py:914} INFO - Processing file /home/airflow/.local/lib/python3.12/site-packages/airflow/example_dags/example_params_trigger_ui.py for tasks to queue
[2025-04-10T09:32:06.956+0000] {logging_mixin.py:190} INFO - [2025-04-10T09:32:06.956+0000] {dagbag.py:588} INFO - Filling up the DagBag from /home/airflow/.local/lib/python3.12/site-packages/airflow/example_dags/example_params_trigger_ui.py
[2025-04-10T09:32:06.971+0000] {processor.py:925} INFO - DAG(s) 'example_params_trigger_ui' retrieved from /home/airflow/.local/lib/python3.12/site-packages/airflow/example_dags/example_params_trigger_ui.py
[2025-04-10T09:32:07.022+0000] {logging_mixin.py:190} INFO - [2025-04-10T09:32:07.022+0000] {dag.py:3239} INFO - Sync 1 DAGs
[2025-04-10T09:32:07.039+0000] {logging_mixin.py:190} INFO - [2025-04-10T09:32:07.038+0000] {dag.py:4180} INFO - Setting next_dagrun for example_params_trigger_ui to None, run_after=None
[2025-04-10T09:32:07.064+0000] {processor.py:208} INFO - Processing /home/airflow/.local/lib/python3.12/site-packages/airflow/example_dags/example_params_trigger_ui.py took 0.120 seconds
[2025-04-10T09:32:37.507+0000] {processor.py:186} INFO - Started process (PID=2540) to work on /home/airflow/.local/lib/python3.12/site-packages/airflow/example_dags/example_params_trigger_ui.py
[2025-04-10T09:32:37.508+0000] {processor.py:914} INFO - Processing file /home/airflow/.local/lib/python3.12/site-packages/airflow/example_dags/example_params_trigger_ui.py for tasks to queue
[2025-04-10T09:32:37.511+0000] {logging_mixin.py:190} INFO - [2025-04-10T09:32:37.511+0000] {dagbag.py:588} INFO - Filling up the DagBag from /home/airflow/.local/lib/python3.12/site-packages/airflow/example_dags/example_params_trigger_ui.py
[2025-04-10T09:32:37.526+0000] {processor.py:925} INFO - DAG(s) 'example_params_trigger_ui' retrieved from /home/airflow/.local/lib/python3.12/site-packages/airflow/example_dags/example_params_trigger_ui.py
[2025-04-10T09:32:37.574+0000] {logging_mixin.py:190} INFO - [2025-04-10T09:32:37.574+0000] {dag.py:3239} INFO - Sync 1 DAGs
[2025-04-10T09:32:37.590+0000] {logging_mixin.py:190} INFO - [2025-04-10T09:32:37.590+0000] {dag.py:4180} INFO - Setting next_dagrun for example_params_trigger_ui to None, run_after=None
[2025-04-10T09:32:37.613+0000] {processor.py:208} INFO - Processing /home/airflow/.local/lib/python3.12/site-packages/airflow/example_dags/example_params_trigger_ui.py took 0.113 seconds
[2025-04-10T09:33:07.968+0000] {processor.py:186} INFO - Started process (PID=2604) to work on /home/airflow/.local/lib/python3.12/site-packages/airflow/example_dags/example_params_trigger_ui.py
[2025-04-10T09:33:07.970+0000] {processor.py:914} INFO - Processing file /home/airflow/.local/lib/python3.12/site-packages/airflow/example_dags/example_params_trigger_ui.py for tasks to queue
[2025-04-10T09:33:07.973+0000] {logging_mixin.py:190} INFO - [2025-04-10T09:33:07.973+0000] {dagbag.py:588} INFO - Filling up the DagBag from /home/airflow/.local/lib/python3.12/site-packages/airflow/example_dags/example_params_trigger_ui.py
[2025-04-10T09:33:07.987+0000] {processor.py:925} INFO - DAG(s) 'example_params_trigger_ui' retrieved from /home/airflow/.local/lib/python3.12/site-packages/airflow/example_dags/example_params_trigger_ui.py
[2025-04-10T09:33:08.036+0000] {logging_mixin.py:190} INFO - [2025-04-10T09:33:08.036+0000] {dag.py:3239} INFO - Sync 1 DAGs
[2025-04-10T09:33:08.052+0000] {logging_mixin.py:190} INFO - [2025-04-10T09:33:08.052+0000] {dag.py:4180} INFO - Setting next_dagrun for example_params_trigger_ui to None, run_after=None
[2025-04-10T09:33:08.074+0000] {processor.py:208} INFO - Processing /home/airflow/.local/lib/python3.12/site-packages/airflow/example_dags/example_params_trigger_ui.py took 0.113 seconds
[2025-04-10T09:33:38.266+0000] {processor.py:186} INFO - Started process (PID=2668) to work on /home/airflow/.local/lib/python3.12/site-packages/airflow/example_dags/example_params_trigger_ui.py
[2025-04-10T09:33:38.267+0000] {processor.py:914} INFO - Processing file /home/airflow/.local/lib/python3.12/site-packages/airflow/example_dags/example_params_trigger_ui.py for tasks to queue
[2025-04-10T09:33:38.270+0000] {logging_mixin.py:190} INFO - [2025-04-10T09:33:38.269+0000] {dagbag.py:588} INFO - Filling up the DagBag from /home/airflow/.local/lib/python3.12/site-packages/airflow/example_dags/example_params_trigger_ui.py
[2025-04-10T09:33:38.283+0000] {processor.py:925} INFO - DAG(s) 'example_params_trigger_ui' retrieved from /home/airflow/.local/lib/python3.12/site-packages/airflow/example_dags/example_params_trigger_ui.py
[2025-04-10T09:33:38.330+0000] {logging_mixin.py:190} INFO - [2025-04-10T09:33:38.329+0000] {dag.py:3239} INFO - Sync 1 DAGs
[2025-04-10T09:33:38.345+0000] {logging_mixin.py:190} INFO - [2025-04-10T09:33:38.345+0000] {dag.py:4180} INFO - Setting next_dagrun for example_params_trigger_ui to None, run_after=None
[2025-04-10T09:33:38.365+0000] {processor.py:208} INFO - Processing /home/airflow/.local/lib/python3.12/site-packages/airflow/example_dags/example_params_trigger_ui.py took 0.107 seconds
[2025-04-10T09:34:08.604+0000] {processor.py:186} INFO - Started process (PID=2732) to work on /home/airflow/.local/lib/python3.12/site-packages/airflow/example_dags/example_params_trigger_ui.py
[2025-04-10T09:34:08.605+0000] {processor.py:914} INFO - Processing file /home/airflow/.local/lib/python3.12/site-packages/airflow/example_dags/example_params_trigger_ui.py for tasks to queue
[2025-04-10T09:34:08.608+0000] {logging_mixin.py:190} INFO - [2025-04-10T09:34:08.608+0000] {dagbag.py:588} INFO - Filling up the DagBag from /home/airflow/.local/lib/python3.12/site-packages/airflow/example_dags/example_params_trigger_ui.py
[2025-04-10T09:34:08.621+0000] {processor.py:925} INFO - DAG(s) 'example_params_trigger_ui' retrieved from /home/airflow/.local/lib/python3.12/site-packages/airflow/example_dags/example_params_trigger_ui.py
[2025-04-10T09:34:08.665+0000] {logging_mixin.py:190} INFO - [2025-04-10T09:34:08.665+0000] {dag.py:3239} INFO - Sync 1 DAGs
[2025-04-10T09:34:08.681+0000] {logging_mixin.py:190} INFO - [2025-04-10T09:34:08.681+0000] {dag.py:4180} INFO - Setting next_dagrun for example_params_trigger_ui to None, run_after=None
[2025-04-10T09:34:08.700+0000] {processor.py:208} INFO - Processing /home/airflow/.local/lib/python3.12/site-packages/airflow/example_dags/example_params_trigger_ui.py took 0.103 seconds
[2025-04-10T09:34:39.563+0000] {processor.py:186} INFO - Started process (PID=2796) to work on /home/airflow/.local/lib/python3.12/site-packages/airflow/example_dags/example_params_trigger_ui.py
[2025-04-10T09:34:39.564+0000] {processor.py:914} INFO - Processing file /home/airflow/.local/lib/python3.12/site-packages/airflow/example_dags/example_params_trigger_ui.py for tasks to queue
[2025-04-10T09:34:39.569+0000] {logging_mixin.py:190} INFO - [2025-04-10T09:34:39.568+0000] {dagbag.py:588} INFO - Filling up the DagBag from /home/airflow/.local/lib/python3.12/site-packages/airflow/example_dags/example_params_trigger_ui.py
[2025-04-10T09:34:39.585+0000] {processor.py:925} INFO - DAG(s) 'example_params_trigger_ui' retrieved from /home/airflow/.local/lib/python3.12/site-packages/airflow/example_dags/example_params_trigger_ui.py
[2025-04-10T09:34:39.646+0000] {logging_mixin.py:190} INFO - [2025-04-10T09:34:39.646+0000] {dag.py:3239} INFO - Sync 1 DAGs
[2025-04-10T09:34:39.669+0000] {logging_mixin.py:190} INFO - [2025-04-10T09:34:39.668+0000] {dag.py:4180} INFO - Setting next_dagrun for example_params_trigger_ui to None, run_after=None
[2025-04-10T09:34:39.699+0000] {processor.py:208} INFO - Processing /home/airflow/.local/lib/python3.12/site-packages/airflow/example_dags/example_params_trigger_ui.py took 0.146 seconds
[2025-04-10T09:35:10.067+0000] {processor.py:186} INFO - Started process (PID=2860) to work on /home/airflow/.local/lib/python3.12/site-packages/airflow/example_dags/example_params_trigger_ui.py
[2025-04-10T09:35:10.068+0000] {processor.py:914} INFO - Processing file /home/airflow/.local/lib/python3.12/site-packages/airflow/example_dags/example_params_trigger_ui.py for tasks to queue
[2025-04-10T09:35:10.071+0000] {logging_mixin.py:190} INFO - [2025-04-10T09:35:10.071+0000] {dagbag.py:588} INFO - Filling up the DagBag from /home/airflow/.local/lib/python3.12/site-packages/airflow/example_dags/example_params_trigger_ui.py
[2025-04-10T09:35:10.086+0000] {processor.py:925} INFO - DAG(s) 'example_params_trigger_ui' retrieved from /home/airflow/.local/lib/python3.12/site-packages/airflow/example_dags/example_params_trigger_ui.py
[2025-04-10T09:35:10.135+0000] {logging_mixin.py:190} INFO - [2025-04-10T09:35:10.135+0000] {dag.py:3239} INFO - Sync 1 DAGs
[2025-04-10T09:35:10.152+0000] {logging_mixin.py:190} INFO - [2025-04-10T09:35:10.151+0000] {dag.py:4180} INFO - Setting next_dagrun for example_params_trigger_ui to None, run_after=None
[2025-04-10T09:35:10.183+0000] {processor.py:208} INFO - Processing /home/airflow/.local/lib/python3.12/site-packages/airflow/example_dags/example_params_trigger_ui.py took 0.124 seconds
[2025-04-10T09:35:40.557+0000] {processor.py:186} INFO - Started process (PID=2923) to work on /home/airflow/.local/lib/python3.12/site-packages/airflow/example_dags/example_params_trigger_ui.py
[2025-04-10T09:35:40.558+0000] {processor.py:914} INFO - Processing file /home/airflow/.local/lib/python3.12/site-packages/airflow/example_dags/example_params_trigger_ui.py for tasks to queue
[2025-04-10T09:35:40.561+0000] {logging_mixin.py:190} INFO - [2025-04-10T09:35:40.560+0000] {dagbag.py:588} INFO - Filling up the DagBag from /home/airflow/.local/lib/python3.12/site-packages/airflow/example_dags/example_params_trigger_ui.py
[2025-04-10T09:35:40.577+0000] {processor.py:925} INFO - DAG(s) 'example_params_trigger_ui' retrieved from /home/airflow/.local/lib/python3.12/site-packages/airflow/example_dags/example_params_trigger_ui.py
[2025-04-10T09:35:40.630+0000] {logging_mixin.py:190} INFO - [2025-04-10T09:35:40.630+0000] {dag.py:3239} INFO - Sync 1 DAGs
[2025-04-10T09:35:40.902+0000] {logging_mixin.py:190} INFO - [2025-04-10T09:35:40.902+0000] {dag.py:4180} INFO - Setting next_dagrun for example_params_trigger_ui to None, run_after=None
[2025-04-10T09:35:40.925+0000] {processor.py:208} INFO - Processing /home/airflow/.local/lib/python3.12/site-packages/airflow/example_dags/example_params_trigger_ui.py took 0.377 seconds
[2025-04-10T09:36:11.126+0000] {processor.py:186} INFO - Started process (PID=2987) to work on /home/airflow/.local/lib/python3.12/site-packages/airflow/example_dags/example_params_trigger_ui.py
[2025-04-10T09:36:11.127+0000] {processor.py:914} INFO - Processing file /home/airflow/.local/lib/python3.12/site-packages/airflow/example_dags/example_params_trigger_ui.py for tasks to queue
[2025-04-10T09:36:11.130+0000] {logging_mixin.py:190} INFO - [2025-04-10T09:36:11.129+0000] {dagbag.py:588} INFO - Filling up the DagBag from /home/airflow/.local/lib/python3.12/site-packages/airflow/example_dags/example_params_trigger_ui.py
[2025-04-10T09:36:11.146+0000] {processor.py:925} INFO - DAG(s) 'example_params_trigger_ui' retrieved from /home/airflow/.local/lib/python3.12/site-packages/airflow/example_dags/example_params_trigger_ui.py
[2025-04-10T09:36:11.194+0000] {logging_mixin.py:190} INFO - [2025-04-10T09:36:11.194+0000] {dag.py:3239} INFO - Sync 1 DAGs
[2025-04-10T09:36:11.211+0000] {logging_mixin.py:190} INFO - [2025-04-10T09:36:11.211+0000] {dag.py:4180} INFO - Setting next_dagrun for example_params_trigger_ui to None, run_after=None
[2025-04-10T09:36:11.430+0000] {processor.py:208} INFO - Processing /home/airflow/.local/lib/python3.12/site-packages/airflow/example_dags/example_params_trigger_ui.py took 0.312 seconds
[2025-04-10T09:36:42.141+0000] {processor.py:186} INFO - Started process (PID=3051) to work on /home/airflow/.local/lib/python3.12/site-packages/airflow/example_dags/example_params_trigger_ui.py
[2025-04-10T09:36:42.142+0000] {processor.py:914} INFO - Processing file /home/airflow/.local/lib/python3.12/site-packages/airflow/example_dags/example_params_trigger_ui.py for tasks to queue
[2025-04-10T09:36:42.145+0000] {logging_mixin.py:190} INFO - [2025-04-10T09:36:42.145+0000] {dagbag.py:588} INFO - Filling up the DagBag from /home/airflow/.local/lib/python3.12/site-packages/airflow/example_dags/example_params_trigger_ui.py
[2025-04-10T09:36:42.159+0000] {processor.py:925} INFO - DAG(s) 'example_params_trigger_ui' retrieved from /home/airflow/.local/lib/python3.12/site-packages/airflow/example_dags/example_params_trigger_ui.py
[2025-04-10T09:36:42.204+0000] {logging_mixin.py:190} INFO - [2025-04-10T09:36:42.204+0000] {dag.py:3239} INFO - Sync 1 DAGs
[2025-04-10T09:36:42.221+0000] {logging_mixin.py:190} INFO - [2025-04-10T09:36:42.220+0000] {dag.py:4180} INFO - Setting next_dagrun for example_params_trigger_ui to None, run_after=None
[2025-04-10T09:36:42.243+0000] {processor.py:208} INFO - Processing /home/airflow/.local/lib/python3.12/site-packages/airflow/example_dags/example_params_trigger_ui.py took 0.110 seconds
[2025-04-10T09:37:12.674+0000] {processor.py:186} INFO - Started process (PID=3115) to work on /home/airflow/.local/lib/python3.12/site-packages/airflow/example_dags/example_params_trigger_ui.py
[2025-04-10T09:37:12.675+0000] {processor.py:914} INFO - Processing file /home/airflow/.local/lib/python3.12/site-packages/airflow/example_dags/example_params_trigger_ui.py for tasks to queue
[2025-04-10T09:37:12.678+0000] {logging_mixin.py:190} INFO - [2025-04-10T09:37:12.678+0000] {dagbag.py:588} INFO - Filling up the DagBag from /home/airflow/.local/lib/python3.12/site-packages/airflow/example_dags/example_params_trigger_ui.py
[2025-04-10T09:37:12.691+0000] {processor.py:925} INFO - DAG(s) 'example_params_trigger_ui' retrieved from /home/airflow/.local/lib/python3.12/site-packages/airflow/example_dags/example_params_trigger_ui.py
[2025-04-10T09:37:12.736+0000] {logging_mixin.py:190} INFO - [2025-04-10T09:37:12.736+0000] {dag.py:3239} INFO - Sync 1 DAGs
[2025-04-10T09:37:12.753+0000] {logging_mixin.py:190} INFO - [2025-04-10T09:37:12.752+0000] {dag.py:4180} INFO - Setting next_dagrun for example_params_trigger_ui to None, run_after=None
[2025-04-10T09:37:12.774+0000] {processor.py:208} INFO - Processing /home/airflow/.local/lib/python3.12/site-packages/airflow/example_dags/example_params_trigger_ui.py took 0.107 seconds
