[2025-04-10T09:12:44.167+0000] {processor.py:186} INFO - Started process (PID=110) to work on /home/airflow/.local/lib/python3.12/site-packages/airflow/example_dags/example_sla_dag.py
[2025-04-10T09:12:44.168+0000] {processor.py:914} INFO - Processing file /home/airflow/.local/lib/python3.12/site-packages/airflow/example_dags/example_sla_dag.py for tasks to queue
[2025-04-10T09:12:44.171+0000] {logging_mixin.py:190} INFO - [2025-04-10T09:12:44.170+0000] {dagbag.py:588} INFO - Filling up the DagBag from /home/airflow/.local/lib/python3.12/site-packages/airflow/example_dags/example_sla_dag.py
[2025-04-10T09:12:44.182+0000] {processor.py:925} INFO - DAG(s) 'example_sla_dag' retrieved from /home/airflow/.local/lib/python3.12/site-packages/airflow/example_dags/example_sla_dag.py
[2025-04-10T09:12:44.202+0000] {logging_mixin.py:190} INFO - [2025-04-10T09:12:44.202+0000] {dag.py:3239} INFO - Sync 1 DAGs
[2025-04-10T09:12:44.233+0000] {logging_mixin.py:190} INFO - [2025-04-10T09:12:44.233+0000] {dag.py:4180} INFO - Setting next_dagrun for example_sla_dag to 2025-04-10 09:10:00+00:00, run_after=2025-04-10 09:12:00+00:00
[2025-04-10T09:12:44.279+0000] {processor.py:208} INFO - Processing /home/airflow/.local/lib/python3.12/site-packages/airflow/example_dags/example_sla_dag.py took 0.119 seconds
[2025-04-10T09:13:15.116+0000] {processor.py:186} INFO - Started process (PID=174) to work on /home/airflow/.local/lib/python3.12/site-packages/airflow/example_dags/example_sla_dag.py
[2025-04-10T09:13:15.117+0000] {processor.py:914} INFO - Processing file /home/airflow/.local/lib/python3.12/site-packages/airflow/example_dags/example_sla_dag.py for tasks to queue
[2025-04-10T09:13:15.120+0000] {logging_mixin.py:190} INFO - [2025-04-10T09:13:15.120+0000] {dagbag.py:588} INFO - Filling up the DagBag from /home/airflow/.local/lib/python3.12/site-packages/airflow/example_dags/example_sla_dag.py
[2025-04-10T09:13:15.131+0000] {processor.py:925} INFO - DAG(s) 'example_sla_dag' retrieved from /home/airflow/.local/lib/python3.12/site-packages/airflow/example_dags/example_sla_dag.py
[2025-04-10T09:13:15.151+0000] {logging_mixin.py:190} INFO - [2025-04-10T09:13:15.150+0000] {dag.py:3239} INFO - Sync 1 DAGs
[2025-04-10T09:13:15.178+0000] {logging_mixin.py:190} INFO - [2025-04-10T09:13:15.178+0000] {dag.py:4180} INFO - Setting next_dagrun for example_sla_dag to 2025-04-10 09:10:00+00:00, run_after=2025-04-10 09:12:00+00:00
[2025-04-10T09:13:15.197+0000] {processor.py:208} INFO - Processing /home/airflow/.local/lib/python3.12/site-packages/airflow/example_dags/example_sla_dag.py took 0.087 seconds
[2025-04-10T09:13:45.728+0000] {processor.py:186} INFO - Started process (PID=237) to work on /home/airflow/.local/lib/python3.12/site-packages/airflow/example_dags/example_sla_dag.py
[2025-04-10T09:13:45.729+0000] {processor.py:914} INFO - Processing file /home/airflow/.local/lib/python3.12/site-packages/airflow/example_dags/example_sla_dag.py for tasks to queue
[2025-04-10T09:13:45.734+0000] {logging_mixin.py:190} INFO - [2025-04-10T09:13:45.734+0000] {dagbag.py:588} INFO - Filling up the DagBag from /home/airflow/.local/lib/python3.12/site-packages/airflow/example_dags/example_sla_dag.py
[2025-04-10T09:13:45.746+0000] {processor.py:925} INFO - DAG(s) 'example_sla_dag' retrieved from /home/airflow/.local/lib/python3.12/site-packages/airflow/example_dags/example_sla_dag.py
[2025-04-10T09:13:45.771+0000] {logging_mixin.py:190} INFO - [2025-04-10T09:13:45.771+0000] {dag.py:3239} INFO - Sync 1 DAGs
[2025-04-10T09:13:45.798+0000] {logging_mixin.py:190} INFO - [2025-04-10T09:13:45.798+0000] {dag.py:4180} INFO - Setting next_dagrun for example_sla_dag to 2025-04-10 09:10:00+00:00, run_after=2025-04-10 09:12:00+00:00
[2025-04-10T09:13:45.817+0000] {processor.py:208} INFO - Processing /home/airflow/.local/lib/python3.12/site-packages/airflow/example_dags/example_sla_dag.py took 0.096 seconds
[2025-04-10T09:14:17.059+0000] {processor.py:186} INFO - Started process (PID=302) to work on /home/airflow/.local/lib/python3.12/site-packages/airflow/example_dags/example_sla_dag.py
[2025-04-10T09:14:17.060+0000] {processor.py:914} INFO - Processing file /home/airflow/.local/lib/python3.12/site-packages/airflow/example_dags/example_sla_dag.py for tasks to queue
[2025-04-10T09:14:17.063+0000] {logging_mixin.py:190} INFO - [2025-04-10T09:14:17.062+0000] {dagbag.py:588} INFO - Filling up the DagBag from /home/airflow/.local/lib/python3.12/site-packages/airflow/example_dags/example_sla_dag.py
[2025-04-10T09:14:17.074+0000] {processor.py:925} INFO - DAG(s) 'example_sla_dag' retrieved from /home/airflow/.local/lib/python3.12/site-packages/airflow/example_dags/example_sla_dag.py
[2025-04-10T09:14:17.094+0000] {logging_mixin.py:190} INFO - [2025-04-10T09:14:17.094+0000] {dag.py:3239} INFO - Sync 1 DAGs
[2025-04-10T09:14:17.124+0000] {logging_mixin.py:190} INFO - [2025-04-10T09:14:17.124+0000] {dag.py:4180} INFO - Setting next_dagrun for example_sla_dag to 2025-04-10 09:12:00+00:00, run_after=2025-04-10 09:14:00+00:00
[2025-04-10T09:14:17.145+0000] {processor.py:208} INFO - Processing /home/airflow/.local/lib/python3.12/site-packages/airflow/example_dags/example_sla_dag.py took 0.092 seconds
[2025-04-10T09:14:48.506+0000] {processor.py:186} INFO - Started process (PID=366) to work on /home/airflow/.local/lib/python3.12/site-packages/airflow/example_dags/example_sla_dag.py
[2025-04-10T09:14:48.507+0000] {processor.py:914} INFO - Processing file /home/airflow/.local/lib/python3.12/site-packages/airflow/example_dags/example_sla_dag.py for tasks to queue
[2025-04-10T09:14:48.510+0000] {logging_mixin.py:190} INFO - [2025-04-10T09:14:48.510+0000] {dagbag.py:588} INFO - Filling up the DagBag from /home/airflow/.local/lib/python3.12/site-packages/airflow/example_dags/example_sla_dag.py
[2025-04-10T09:14:48.524+0000] {processor.py:925} INFO - DAG(s) 'example_sla_dag' retrieved from /home/airflow/.local/lib/python3.12/site-packages/airflow/example_dags/example_sla_dag.py
[2025-04-10T09:14:48.553+0000] {logging_mixin.py:190} INFO - [2025-04-10T09:14:48.553+0000] {dag.py:3239} INFO - Sync 1 DAGs
[2025-04-10T09:14:48.581+0000] {logging_mixin.py:190} INFO - [2025-04-10T09:14:48.581+0000] {dag.py:4180} INFO - Setting next_dagrun for example_sla_dag to 2025-04-10 09:12:00+00:00, run_after=2025-04-10 09:14:00+00:00
[2025-04-10T09:14:48.608+0000] {processor.py:208} INFO - Processing /home/airflow/.local/lib/python3.12/site-packages/airflow/example_dags/example_sla_dag.py took 0.110 seconds
[2025-04-10T09:15:48.830+0000] {processor.py:186} INFO - Started process (PID=460) to work on /home/airflow/.local/lib/python3.12/site-packages/airflow/example_dags/example_sla_dag.py
[2025-04-10T09:15:48.831+0000] {processor.py:914} INFO - Processing file /home/airflow/.local/lib/python3.12/site-packages/airflow/example_dags/example_sla_dag.py for tasks to queue
[2025-04-10T09:15:48.834+0000] {logging_mixin.py:190} INFO - [2025-04-10T09:15:48.833+0000] {dagbag.py:588} INFO - Filling up the DagBag from /home/airflow/.local/lib/python3.12/site-packages/airflow/example_dags/example_sla_dag.py
[2025-04-10T09:15:48.850+0000] {processor.py:925} INFO - DAG(s) 'example_sla_dag' retrieved from /home/airflow/.local/lib/python3.12/site-packages/airflow/example_dags/example_sla_dag.py
[2025-04-10T09:15:48.878+0000] {logging_mixin.py:190} INFO - [2025-04-10T09:15:48.878+0000] {dag.py:3239} INFO - Sync 1 DAGs
[2025-04-10T09:15:48.910+0000] {logging_mixin.py:190} INFO - [2025-04-10T09:15:48.910+0000] {dag.py:4180} INFO - Setting next_dagrun for example_sla_dag to 2025-04-10 09:12:00+00:00, run_after=2025-04-10 09:14:00+00:00
[2025-04-10T09:15:48.934+0000] {processor.py:208} INFO - Processing /home/airflow/.local/lib/python3.12/site-packages/airflow/example_dags/example_sla_dag.py took 0.110 seconds
[2025-04-10T09:16:19.849+0000] {processor.py:186} INFO - Started process (PID=525) to work on /home/airflow/.local/lib/python3.12/site-packages/airflow/example_dags/example_sla_dag.py
[2025-04-10T09:16:19.850+0000] {processor.py:914} INFO - Processing file /home/airflow/.local/lib/python3.12/site-packages/airflow/example_dags/example_sla_dag.py for tasks to queue
[2025-04-10T09:16:19.854+0000] {logging_mixin.py:190} INFO - [2025-04-10T09:16:19.854+0000] {dagbag.py:588} INFO - Filling up the DagBag from /home/airflow/.local/lib/python3.12/site-packages/airflow/example_dags/example_sla_dag.py
[2025-04-10T09:16:19.866+0000] {processor.py:925} INFO - DAG(s) 'example_sla_dag' retrieved from /home/airflow/.local/lib/python3.12/site-packages/airflow/example_dags/example_sla_dag.py
[2025-04-10T09:16:19.891+0000] {logging_mixin.py:190} INFO - [2025-04-10T09:16:19.890+0000] {dag.py:3239} INFO - Sync 1 DAGs
[2025-04-10T09:16:19.918+0000] {logging_mixin.py:190} INFO - [2025-04-10T09:16:19.918+0000] {dag.py:4180} INFO - Setting next_dagrun for example_sla_dag to 2025-04-10 09:14:00+00:00, run_after=2025-04-10 09:16:00+00:00
[2025-04-10T09:16:19.940+0000] {processor.py:208} INFO - Processing /home/airflow/.local/lib/python3.12/site-packages/airflow/example_dags/example_sla_dag.py took 0.099 seconds
[2025-04-10T09:16:50.048+0000] {processor.py:186} INFO - Started process (PID=588) to work on /home/airflow/.local/lib/python3.12/site-packages/airflow/example_dags/example_sla_dag.py
[2025-04-10T09:16:50.049+0000] {processor.py:914} INFO - Processing file /home/airflow/.local/lib/python3.12/site-packages/airflow/example_dags/example_sla_dag.py for tasks to queue
[2025-04-10T09:16:50.053+0000] {logging_mixin.py:190} INFO - [2025-04-10T09:16:50.052+0000] {dagbag.py:588} INFO - Filling up the DagBag from /home/airflow/.local/lib/python3.12/site-packages/airflow/example_dags/example_sla_dag.py
[2025-04-10T09:16:50.065+0000] {processor.py:925} INFO - DAG(s) 'example_sla_dag' retrieved from /home/airflow/.local/lib/python3.12/site-packages/airflow/example_dags/example_sla_dag.py
[2025-04-10T09:16:50.087+0000] {logging_mixin.py:190} INFO - [2025-04-10T09:16:50.087+0000] {dag.py:3239} INFO - Sync 1 DAGs
[2025-04-10T09:16:50.114+0000] {logging_mixin.py:190} INFO - [2025-04-10T09:16:50.114+0000] {dag.py:4180} INFO - Setting next_dagrun for example_sla_dag to 2025-04-10 09:14:00+00:00, run_after=2025-04-10 09:16:00+00:00
[2025-04-10T09:16:50.133+0000] {processor.py:208} INFO - Processing /home/airflow/.local/lib/python3.12/site-packages/airflow/example_dags/example_sla_dag.py took 0.092 seconds
[2025-04-10T09:17:20.962+0000] {processor.py:186} INFO - Started process (PID=652) to work on /home/airflow/.local/lib/python3.12/site-packages/airflow/example_dags/example_sla_dag.py
[2025-04-10T09:17:20.964+0000] {processor.py:914} INFO - Processing file /home/airflow/.local/lib/python3.12/site-packages/airflow/example_dags/example_sla_dag.py for tasks to queue
[2025-04-10T09:17:20.967+0000] {logging_mixin.py:190} INFO - [2025-04-10T09:17:20.967+0000] {dagbag.py:588} INFO - Filling up the DagBag from /home/airflow/.local/lib/python3.12/site-packages/airflow/example_dags/example_sla_dag.py
[2025-04-10T09:17:20.979+0000] {processor.py:925} INFO - DAG(s) 'example_sla_dag' retrieved from /home/airflow/.local/lib/python3.12/site-packages/airflow/example_dags/example_sla_dag.py
[2025-04-10T09:17:21.003+0000] {logging_mixin.py:190} INFO - [2025-04-10T09:17:21.003+0000] {dag.py:3239} INFO - Sync 1 DAGs
[2025-04-10T09:17:21.031+0000] {logging_mixin.py:190} INFO - [2025-04-10T09:17:21.030+0000] {dag.py:4180} INFO - Setting next_dagrun for example_sla_dag to 2025-04-10 09:14:00+00:00, run_after=2025-04-10 09:16:00+00:00
[2025-04-10T09:17:21.051+0000] {processor.py:208} INFO - Processing /home/airflow/.local/lib/python3.12/site-packages/airflow/example_dags/example_sla_dag.py took 0.095 seconds
[2025-04-10T09:17:52.124+0000] {processor.py:186} INFO - Started process (PID=716) to work on /home/airflow/.local/lib/python3.12/site-packages/airflow/example_dags/example_sla_dag.py
[2025-04-10T09:17:52.125+0000] {processor.py:914} INFO - Processing file /home/airflow/.local/lib/python3.12/site-packages/airflow/example_dags/example_sla_dag.py for tasks to queue
[2025-04-10T09:17:52.130+0000] {logging_mixin.py:190} INFO - [2025-04-10T09:17:52.129+0000] {dagbag.py:588} INFO - Filling up the DagBag from /home/airflow/.local/lib/python3.12/site-packages/airflow/example_dags/example_sla_dag.py
[2025-04-10T09:17:52.144+0000] {processor.py:925} INFO - DAG(s) 'example_sla_dag' retrieved from /home/airflow/.local/lib/python3.12/site-packages/airflow/example_dags/example_sla_dag.py
[2025-04-10T09:17:52.164+0000] {logging_mixin.py:190} INFO - [2025-04-10T09:17:52.163+0000] {dag.py:3239} INFO - Sync 1 DAGs
[2025-04-10T09:17:52.191+0000] {logging_mixin.py:190} INFO - [2025-04-10T09:17:52.191+0000] {dag.py:4180} INFO - Setting next_dagrun for example_sla_dag to 2025-04-10 09:14:00+00:00, run_after=2025-04-10 09:16:00+00:00
[2025-04-10T09:17:52.209+0000] {processor.py:208} INFO - Processing /home/airflow/.local/lib/python3.12/site-packages/airflow/example_dags/example_sla_dag.py took 0.092 seconds
[2025-04-10T09:18:23.013+0000] {processor.py:186} INFO - Started process (PID=780) to work on /home/airflow/.local/lib/python3.12/site-packages/airflow/example_dags/example_sla_dag.py
[2025-04-10T09:18:23.014+0000] {processor.py:914} INFO - Processing file /home/airflow/.local/lib/python3.12/site-packages/airflow/example_dags/example_sla_dag.py for tasks to queue
[2025-04-10T09:18:23.017+0000] {logging_mixin.py:190} INFO - [2025-04-10T09:18:23.017+0000] {dagbag.py:588} INFO - Filling up the DagBag from /home/airflow/.local/lib/python3.12/site-packages/airflow/example_dags/example_sla_dag.py
[2025-04-10T09:18:23.029+0000] {processor.py:925} INFO - DAG(s) 'example_sla_dag' retrieved from /home/airflow/.local/lib/python3.12/site-packages/airflow/example_dags/example_sla_dag.py
[2025-04-10T09:18:23.050+0000] {logging_mixin.py:190} INFO - [2025-04-10T09:18:23.050+0000] {dag.py:3239} INFO - Sync 1 DAGs
[2025-04-10T09:18:23.080+0000] {logging_mixin.py:190} INFO - [2025-04-10T09:18:23.080+0000] {dag.py:4180} INFO - Setting next_dagrun for example_sla_dag to 2025-04-10 09:16:00+00:00, run_after=2025-04-10 09:18:00+00:00
[2025-04-10T09:18:23.101+0000] {processor.py:208} INFO - Processing /home/airflow/.local/lib/python3.12/site-packages/airflow/example_dags/example_sla_dag.py took 0.094 seconds
[2025-04-10T09:18:53.888+0000] {processor.py:186} INFO - Started process (PID=845) to work on /home/airflow/.local/lib/python3.12/site-packages/airflow/example_dags/example_sla_dag.py
[2025-04-10T09:18:53.889+0000] {processor.py:914} INFO - Processing file /home/airflow/.local/lib/python3.12/site-packages/airflow/example_dags/example_sla_dag.py for tasks to queue
[2025-04-10T09:18:53.893+0000] {logging_mixin.py:190} INFO - [2025-04-10T09:18:53.892+0000] {dagbag.py:588} INFO - Filling up the DagBag from /home/airflow/.local/lib/python3.12/site-packages/airflow/example_dags/example_sla_dag.py
[2025-04-10T09:18:53.906+0000] {processor.py:925} INFO - DAG(s) 'example_sla_dag' retrieved from /home/airflow/.local/lib/python3.12/site-packages/airflow/example_dags/example_sla_dag.py
[2025-04-10T09:18:53.933+0000] {logging_mixin.py:190} INFO - [2025-04-10T09:18:53.933+0000] {dag.py:3239} INFO - Sync 1 DAGs
[2025-04-10T09:18:53.964+0000] {logging_mixin.py:190} INFO - [2025-04-10T09:18:53.964+0000] {dag.py:4180} INFO - Setting next_dagrun for example_sla_dag to 2025-04-10 09:16:00+00:00, run_after=2025-04-10 09:18:00+00:00
[2025-04-10T09:18:53.986+0000] {processor.py:208} INFO - Processing /home/airflow/.local/lib/python3.12/site-packages/airflow/example_dags/example_sla_dag.py took 0.106 seconds
[2025-04-10T09:19:25.507+0000] {processor.py:186} INFO - Started process (PID=909) to work on /home/airflow/.local/lib/python3.12/site-packages/airflow/example_dags/example_sla_dag.py
[2025-04-10T09:19:25.508+0000] {processor.py:914} INFO - Processing file /home/airflow/.local/lib/python3.12/site-packages/airflow/example_dags/example_sla_dag.py for tasks to queue
[2025-04-10T09:19:25.512+0000] {logging_mixin.py:190} INFO - [2025-04-10T09:19:25.511+0000] {dagbag.py:588} INFO - Filling up the DagBag from /home/airflow/.local/lib/python3.12/site-packages/airflow/example_dags/example_sla_dag.py
[2025-04-10T09:19:25.524+0000] {processor.py:925} INFO - DAG(s) 'example_sla_dag' retrieved from /home/airflow/.local/lib/python3.12/site-packages/airflow/example_dags/example_sla_dag.py
[2025-04-10T09:19:25.544+0000] {logging_mixin.py:190} INFO - [2025-04-10T09:19:25.543+0000] {dag.py:3239} INFO - Sync 1 DAGs
[2025-04-10T09:19:25.571+0000] {logging_mixin.py:190} INFO - [2025-04-10T09:19:25.571+0000] {dag.py:4180} INFO - Setting next_dagrun for example_sla_dag to 2025-04-10 09:16:00+00:00, run_after=2025-04-10 09:18:00+00:00
[2025-04-10T09:19:25.592+0000] {processor.py:208} INFO - Processing /home/airflow/.local/lib/python3.12/site-packages/airflow/example_dags/example_sla_dag.py took 0.091 seconds
[2025-04-10T09:19:57.042+0000] {processor.py:186} INFO - Started process (PID=972) to work on /home/airflow/.local/lib/python3.12/site-packages/airflow/example_dags/example_sla_dag.py
[2025-04-10T09:19:57.043+0000] {processor.py:914} INFO - Processing file /home/airflow/.local/lib/python3.12/site-packages/airflow/example_dags/example_sla_dag.py for tasks to queue
[2025-04-10T09:19:57.045+0000] {logging_mixin.py:190} INFO - [2025-04-10T09:19:57.045+0000] {dagbag.py:588} INFO - Filling up the DagBag from /home/airflow/.local/lib/python3.12/site-packages/airflow/example_dags/example_sla_dag.py
[2025-04-10T09:19:57.056+0000] {processor.py:925} INFO - DAG(s) 'example_sla_dag' retrieved from /home/airflow/.local/lib/python3.12/site-packages/airflow/example_dags/example_sla_dag.py
[2025-04-10T09:19:57.076+0000] {logging_mixin.py:190} INFO - [2025-04-10T09:19:57.076+0000] {dag.py:3239} INFO - Sync 1 DAGs
[2025-04-10T09:19:57.105+0000] {logging_mixin.py:190} INFO - [2025-04-10T09:19:57.105+0000] {dag.py:4180} INFO - Setting next_dagrun for example_sla_dag to 2025-04-10 09:16:00+00:00, run_after=2025-04-10 09:18:00+00:00
[2025-04-10T09:19:57.125+0000] {processor.py:208} INFO - Processing /home/airflow/.local/lib/python3.12/site-packages/airflow/example_dags/example_sla_dag.py took 0.089 seconds
[2025-04-10T09:20:28.475+0000] {processor.py:186} INFO - Started process (PID=1036) to work on /home/airflow/.local/lib/python3.12/site-packages/airflow/example_dags/example_sla_dag.py
[2025-04-10T09:20:28.476+0000] {processor.py:914} INFO - Processing file /home/airflow/.local/lib/python3.12/site-packages/airflow/example_dags/example_sla_dag.py for tasks to queue
[2025-04-10T09:20:28.479+0000] {logging_mixin.py:190} INFO - [2025-04-10T09:20:28.479+0000] {dagbag.py:588} INFO - Filling up the DagBag from /home/airflow/.local/lib/python3.12/site-packages/airflow/example_dags/example_sla_dag.py
[2025-04-10T09:20:28.493+0000] {processor.py:925} INFO - DAG(s) 'example_sla_dag' retrieved from /home/airflow/.local/lib/python3.12/site-packages/airflow/example_dags/example_sla_dag.py
[2025-04-10T09:20:28.517+0000] {logging_mixin.py:190} INFO - [2025-04-10T09:20:28.517+0000] {dag.py:3239} INFO - Sync 1 DAGs
[2025-04-10T09:20:28.544+0000] {logging_mixin.py:190} INFO - [2025-04-10T09:20:28.544+0000] {dag.py:4180} INFO - Setting next_dagrun for example_sla_dag to 2025-04-10 09:18:00+00:00, run_after=2025-04-10 09:20:00+00:00
[2025-04-10T09:20:28.563+0000] {processor.py:208} INFO - Processing /home/airflow/.local/lib/python3.12/site-packages/airflow/example_dags/example_sla_dag.py took 0.094 seconds
[2025-04-10T09:20:59.362+0000] {processor.py:186} INFO - Started process (PID=1100) to work on /home/airflow/.local/lib/python3.12/site-packages/airflow/example_dags/example_sla_dag.py
[2025-04-10T09:20:59.363+0000] {processor.py:914} INFO - Processing file /home/airflow/.local/lib/python3.12/site-packages/airflow/example_dags/example_sla_dag.py for tasks to queue
[2025-04-10T09:20:59.366+0000] {logging_mixin.py:190} INFO - [2025-04-10T09:20:59.365+0000] {dagbag.py:588} INFO - Filling up the DagBag from /home/airflow/.local/lib/python3.12/site-packages/airflow/example_dags/example_sla_dag.py
[2025-04-10T09:20:59.377+0000] {processor.py:925} INFO - DAG(s) 'example_sla_dag' retrieved from /home/airflow/.local/lib/python3.12/site-packages/airflow/example_dags/example_sla_dag.py
[2025-04-10T09:20:59.397+0000] {logging_mixin.py:190} INFO - [2025-04-10T09:20:59.396+0000] {dag.py:3239} INFO - Sync 1 DAGs
[2025-04-10T09:20:59.423+0000] {logging_mixin.py:190} INFO - [2025-04-10T09:20:59.423+0000] {dag.py:4180} INFO - Setting next_dagrun for example_sla_dag to 2025-04-10 09:18:00+00:00, run_after=2025-04-10 09:20:00+00:00
[2025-04-10T09:20:59.443+0000] {processor.py:208} INFO - Processing /home/airflow/.local/lib/python3.12/site-packages/airflow/example_dags/example_sla_dag.py took 0.087 seconds
[2025-04-10T09:21:29.907+0000] {processor.py:186} INFO - Started process (PID=1164) to work on /home/airflow/.local/lib/python3.12/site-packages/airflow/example_dags/example_sla_dag.py
[2025-04-10T09:21:29.909+0000] {processor.py:914} INFO - Processing file /home/airflow/.local/lib/python3.12/site-packages/airflow/example_dags/example_sla_dag.py for tasks to queue
[2025-04-10T09:21:29.912+0000] {logging_mixin.py:190} INFO - [2025-04-10T09:21:29.911+0000] {dagbag.py:588} INFO - Filling up the DagBag from /home/airflow/.local/lib/python3.12/site-packages/airflow/example_dags/example_sla_dag.py
[2025-04-10T09:21:29.924+0000] {processor.py:925} INFO - DAG(s) 'example_sla_dag' retrieved from /home/airflow/.local/lib/python3.12/site-packages/airflow/example_dags/example_sla_dag.py
[2025-04-10T09:21:29.945+0000] {logging_mixin.py:190} INFO - [2025-04-10T09:21:29.945+0000] {dag.py:3239} INFO - Sync 1 DAGs
[2025-04-10T09:21:29.976+0000] {logging_mixin.py:190} INFO - [2025-04-10T09:21:29.975+0000] {dag.py:4180} INFO - Setting next_dagrun for example_sla_dag to 2025-04-10 09:18:00+00:00, run_after=2025-04-10 09:20:00+00:00
[2025-04-10T09:21:29.999+0000] {processor.py:208} INFO - Processing /home/airflow/.local/lib/python3.12/site-packages/airflow/example_dags/example_sla_dag.py took 0.098 seconds
[2025-04-10T09:22:00.522+0000] {processor.py:186} INFO - Started process (PID=1228) to work on /home/airflow/.local/lib/python3.12/site-packages/airflow/example_dags/example_sla_dag.py
[2025-04-10T09:22:00.523+0000] {processor.py:914} INFO - Processing file /home/airflow/.local/lib/python3.12/site-packages/airflow/example_dags/example_sla_dag.py for tasks to queue
[2025-04-10T09:22:00.526+0000] {logging_mixin.py:190} INFO - [2025-04-10T09:22:00.526+0000] {dagbag.py:588} INFO - Filling up the DagBag from /home/airflow/.local/lib/python3.12/site-packages/airflow/example_dags/example_sla_dag.py
[2025-04-10T09:22:00.538+0000] {processor.py:925} INFO - DAG(s) 'example_sla_dag' retrieved from /home/airflow/.local/lib/python3.12/site-packages/airflow/example_dags/example_sla_dag.py
[2025-04-10T09:22:00.561+0000] {logging_mixin.py:190} INFO - [2025-04-10T09:22:00.561+0000] {dag.py:3239} INFO - Sync 1 DAGs
[2025-04-10T09:22:00.590+0000] {logging_mixin.py:190} INFO - [2025-04-10T09:22:00.589+0000] {dag.py:4180} INFO - Setting next_dagrun for example_sla_dag to 2025-04-10 09:20:00+00:00, run_after=2025-04-10 09:22:00+00:00
[2025-04-10T09:22:00.611+0000] {processor.py:208} INFO - Processing /home/airflow/.local/lib/python3.12/site-packages/airflow/example_dags/example_sla_dag.py took 0.095 seconds
[2025-04-10T09:22:31.866+0000] {processor.py:186} INFO - Started process (PID=1292) to work on /home/airflow/.local/lib/python3.12/site-packages/airflow/example_dags/example_sla_dag.py
[2025-04-10T09:22:31.867+0000] {processor.py:914} INFO - Processing file /home/airflow/.local/lib/python3.12/site-packages/airflow/example_dags/example_sla_dag.py for tasks to queue
[2025-04-10T09:22:31.870+0000] {logging_mixin.py:190} INFO - [2025-04-10T09:22:31.869+0000] {dagbag.py:588} INFO - Filling up the DagBag from /home/airflow/.local/lib/python3.12/site-packages/airflow/example_dags/example_sla_dag.py
[2025-04-10T09:22:31.883+0000] {processor.py:925} INFO - DAG(s) 'example_sla_dag' retrieved from /home/airflow/.local/lib/python3.12/site-packages/airflow/example_dags/example_sla_dag.py
[2025-04-10T09:22:31.902+0000] {logging_mixin.py:190} INFO - [2025-04-10T09:22:31.902+0000] {dag.py:3239} INFO - Sync 1 DAGs
[2025-04-10T09:22:31.928+0000] {logging_mixin.py:190} INFO - [2025-04-10T09:22:31.927+0000] {dag.py:4180} INFO - Setting next_dagrun for example_sla_dag to 2025-04-10 09:20:00+00:00, run_after=2025-04-10 09:22:00+00:00
[2025-04-10T09:22:31.945+0000] {processor.py:208} INFO - Processing /home/airflow/.local/lib/python3.12/site-packages/airflow/example_dags/example_sla_dag.py took 0.085 seconds
[2025-04-10T09:23:02.847+0000] {processor.py:186} INFO - Started process (PID=1356) to work on /home/airflow/.local/lib/python3.12/site-packages/airflow/example_dags/example_sla_dag.py
[2025-04-10T09:23:02.848+0000] {processor.py:914} INFO - Processing file /home/airflow/.local/lib/python3.12/site-packages/airflow/example_dags/example_sla_dag.py for tasks to queue
[2025-04-10T09:23:02.851+0000] {logging_mixin.py:190} INFO - [2025-04-10T09:23:02.850+0000] {dagbag.py:588} INFO - Filling up the DagBag from /home/airflow/.local/lib/python3.12/site-packages/airflow/example_dags/example_sla_dag.py
[2025-04-10T09:23:02.864+0000] {processor.py:925} INFO - DAG(s) 'example_sla_dag' retrieved from /home/airflow/.local/lib/python3.12/site-packages/airflow/example_dags/example_sla_dag.py
[2025-04-10T09:23:02.887+0000] {logging_mixin.py:190} INFO - [2025-04-10T09:23:02.887+0000] {dag.py:3239} INFO - Sync 1 DAGs
[2025-04-10T09:23:02.916+0000] {logging_mixin.py:190} INFO - [2025-04-10T09:23:02.915+0000] {dag.py:4180} INFO - Setting next_dagrun for example_sla_dag to 2025-04-10 09:20:00+00:00, run_after=2025-04-10 09:22:00+00:00
[2025-04-10T09:23:02.935+0000] {processor.py:208} INFO - Processing /home/airflow/.local/lib/python3.12/site-packages/airflow/example_dags/example_sla_dag.py took 0.095 seconds
[2025-04-10T09:23:34.240+0000] {processor.py:186} INFO - Started process (PID=1420) to work on /home/airflow/.local/lib/python3.12/site-packages/airflow/example_dags/example_sla_dag.py
[2025-04-10T09:23:34.242+0000] {processor.py:914} INFO - Processing file /home/airflow/.local/lib/python3.12/site-packages/airflow/example_dags/example_sla_dag.py for tasks to queue
[2025-04-10T09:23:34.245+0000] {logging_mixin.py:190} INFO - [2025-04-10T09:23:34.245+0000] {dagbag.py:588} INFO - Filling up the DagBag from /home/airflow/.local/lib/python3.12/site-packages/airflow/example_dags/example_sla_dag.py
[2025-04-10T09:23:34.257+0000] {processor.py:925} INFO - DAG(s) 'example_sla_dag' retrieved from /home/airflow/.local/lib/python3.12/site-packages/airflow/example_dags/example_sla_dag.py
[2025-04-10T09:23:34.276+0000] {logging_mixin.py:190} INFO - [2025-04-10T09:23:34.275+0000] {dag.py:3239} INFO - Sync 1 DAGs
[2025-04-10T09:23:34.301+0000] {logging_mixin.py:190} INFO - [2025-04-10T09:23:34.301+0000] {dag.py:4180} INFO - Setting next_dagrun for example_sla_dag to 2025-04-10 09:20:00+00:00, run_after=2025-04-10 09:22:00+00:00
[2025-04-10T09:23:34.318+0000] {processor.py:208} INFO - Processing /home/airflow/.local/lib/python3.12/site-packages/airflow/example_dags/example_sla_dag.py took 0.084 seconds
[2025-04-10T09:24:05.484+0000] {processor.py:186} INFO - Started process (PID=1484) to work on /home/airflow/.local/lib/python3.12/site-packages/airflow/example_dags/example_sla_dag.py
[2025-04-10T09:24:05.485+0000] {processor.py:914} INFO - Processing file /home/airflow/.local/lib/python3.12/site-packages/airflow/example_dags/example_sla_dag.py for tasks to queue
[2025-04-10T09:24:05.488+0000] {logging_mixin.py:190} INFO - [2025-04-10T09:24:05.487+0000] {dagbag.py:588} INFO - Filling up the DagBag from /home/airflow/.local/lib/python3.12/site-packages/airflow/example_dags/example_sla_dag.py
[2025-04-10T09:24:05.500+0000] {processor.py:925} INFO - DAG(s) 'example_sla_dag' retrieved from /home/airflow/.local/lib/python3.12/site-packages/airflow/example_dags/example_sla_dag.py
[2025-04-10T09:24:05.520+0000] {logging_mixin.py:190} INFO - [2025-04-10T09:24:05.520+0000] {dag.py:3239} INFO - Sync 1 DAGs
[2025-04-10T09:24:05.550+0000] {logging_mixin.py:190} INFO - [2025-04-10T09:24:05.549+0000] {dag.py:4180} INFO - Setting next_dagrun for example_sla_dag to 2025-04-10 09:22:00+00:00, run_after=2025-04-10 09:24:00+00:00
[2025-04-10T09:24:05.580+0000] {processor.py:208} INFO - Processing /home/airflow/.local/lib/python3.12/site-packages/airflow/example_dags/example_sla_dag.py took 0.103 seconds
[2025-04-10T09:24:37.205+0000] {processor.py:186} INFO - Started process (PID=1548) to work on /home/airflow/.local/lib/python3.12/site-packages/airflow/example_dags/example_sla_dag.py
[2025-04-10T09:24:37.207+0000] {processor.py:914} INFO - Processing file /home/airflow/.local/lib/python3.12/site-packages/airflow/example_dags/example_sla_dag.py for tasks to queue
[2025-04-10T09:24:37.210+0000] {logging_mixin.py:190} INFO - [2025-04-10T09:24:37.209+0000] {dagbag.py:588} INFO - Filling up the DagBag from /home/airflow/.local/lib/python3.12/site-packages/airflow/example_dags/example_sla_dag.py
[2025-04-10T09:24:37.224+0000] {processor.py:925} INFO - DAG(s) 'example_sla_dag' retrieved from /home/airflow/.local/lib/python3.12/site-packages/airflow/example_dags/example_sla_dag.py
[2025-04-10T09:24:37.246+0000] {logging_mixin.py:190} INFO - [2025-04-10T09:24:37.246+0000] {dag.py:3239} INFO - Sync 1 DAGs
[2025-04-10T09:24:37.278+0000] {logging_mixin.py:190} INFO - [2025-04-10T09:24:37.278+0000] {dag.py:4180} INFO - Setting next_dagrun for example_sla_dag to 2025-04-10 09:22:00+00:00, run_after=2025-04-10 09:24:00+00:00
[2025-04-10T09:24:37.300+0000] {processor.py:208} INFO - Processing /home/airflow/.local/lib/python3.12/site-packages/airflow/example_dags/example_sla_dag.py took 0.104 seconds
[2025-04-10T09:25:08.857+0000] {processor.py:186} INFO - Started process (PID=1612) to work on /home/airflow/.local/lib/python3.12/site-packages/airflow/example_dags/example_sla_dag.py
[2025-04-10T09:25:08.858+0000] {processor.py:914} INFO - Processing file /home/airflow/.local/lib/python3.12/site-packages/airflow/example_dags/example_sla_dag.py for tasks to queue
[2025-04-10T09:25:08.862+0000] {logging_mixin.py:190} INFO - [2025-04-10T09:25:08.861+0000] {dagbag.py:588} INFO - Filling up the DagBag from /home/airflow/.local/lib/python3.12/site-packages/airflow/example_dags/example_sla_dag.py
[2025-04-10T09:25:08.877+0000] {processor.py:925} INFO - DAG(s) 'example_sla_dag' retrieved from /home/airflow/.local/lib/python3.12/site-packages/airflow/example_dags/example_sla_dag.py
[2025-04-10T09:25:08.899+0000] {logging_mixin.py:190} INFO - [2025-04-10T09:25:08.899+0000] {dag.py:3239} INFO - Sync 1 DAGs
[2025-04-10T09:25:08.928+0000] {logging_mixin.py:190} INFO - [2025-04-10T09:25:08.927+0000] {dag.py:4180} INFO - Setting next_dagrun for example_sla_dag to 2025-04-10 09:22:00+00:00, run_after=2025-04-10 09:24:00+00:00
[2025-04-10T09:25:08.947+0000] {processor.py:208} INFO - Processing /home/airflow/.local/lib/python3.12/site-packages/airflow/example_dags/example_sla_dag.py took 0.099 seconds
[2025-04-10T09:25:39.665+0000] {processor.py:186} INFO - Started process (PID=1676) to work on /home/airflow/.local/lib/python3.12/site-packages/airflow/example_dags/example_sla_dag.py
[2025-04-10T09:25:39.666+0000] {processor.py:914} INFO - Processing file /home/airflow/.local/lib/python3.12/site-packages/airflow/example_dags/example_sla_dag.py for tasks to queue
[2025-04-10T09:25:39.669+0000] {logging_mixin.py:190} INFO - [2025-04-10T09:25:39.668+0000] {dagbag.py:588} INFO - Filling up the DagBag from /home/airflow/.local/lib/python3.12/site-packages/airflow/example_dags/example_sla_dag.py
[2025-04-10T09:25:39.681+0000] {processor.py:925} INFO - DAG(s) 'example_sla_dag' retrieved from /home/airflow/.local/lib/python3.12/site-packages/airflow/example_dags/example_sla_dag.py
[2025-04-10T09:25:39.702+0000] {logging_mixin.py:190} INFO - [2025-04-10T09:25:39.702+0000] {dag.py:3239} INFO - Sync 1 DAGs
[2025-04-10T09:25:39.729+0000] {logging_mixin.py:190} INFO - [2025-04-10T09:25:39.729+0000] {dag.py:4180} INFO - Setting next_dagrun for example_sla_dag to 2025-04-10 09:22:00+00:00, run_after=2025-04-10 09:24:00+00:00
[2025-04-10T09:25:39.746+0000] {processor.py:208} INFO - Processing /home/airflow/.local/lib/python3.12/site-packages/airflow/example_dags/example_sla_dag.py took 0.088 seconds
[2025-04-10T09:26:10.975+0000] {processor.py:186} INFO - Started process (PID=1740) to work on /home/airflow/.local/lib/python3.12/site-packages/airflow/example_dags/example_sla_dag.py
[2025-04-10T09:26:10.977+0000] {processor.py:914} INFO - Processing file /home/airflow/.local/lib/python3.12/site-packages/airflow/example_dags/example_sla_dag.py for tasks to queue
[2025-04-10T09:26:10.985+0000] {logging_mixin.py:190} INFO - [2025-04-10T09:26:10.984+0000] {dagbag.py:588} INFO - Filling up the DagBag from /home/airflow/.local/lib/python3.12/site-packages/airflow/example_dags/example_sla_dag.py
[2025-04-10T09:26:11.005+0000] {processor.py:925} INFO - DAG(s) 'example_sla_dag' retrieved from /home/airflow/.local/lib/python3.12/site-packages/airflow/example_dags/example_sla_dag.py
[2025-04-10T09:26:11.033+0000] {logging_mixin.py:190} INFO - [2025-04-10T09:26:11.033+0000] {dag.py:3239} INFO - Sync 1 DAGs
[2025-04-10T09:26:11.061+0000] {logging_mixin.py:190} INFO - [2025-04-10T09:26:11.061+0000] {dag.py:4180} INFO - Setting next_dagrun for example_sla_dag to 2025-04-10 09:24:00+00:00, run_after=2025-04-10 09:26:00+00:00
[2025-04-10T09:26:11.082+0000] {processor.py:208} INFO - Processing /home/airflow/.local/lib/python3.12/site-packages/airflow/example_dags/example_sla_dag.py took 0.123 seconds
[2025-04-10T09:26:42.061+0000] {processor.py:186} INFO - Started process (PID=1804) to work on /home/airflow/.local/lib/python3.12/site-packages/airflow/example_dags/example_sla_dag.py
[2025-04-10T09:26:42.062+0000] {processor.py:914} INFO - Processing file /home/airflow/.local/lib/python3.12/site-packages/airflow/example_dags/example_sla_dag.py for tasks to queue
[2025-04-10T09:26:42.065+0000] {logging_mixin.py:190} INFO - [2025-04-10T09:26:42.065+0000] {dagbag.py:588} INFO - Filling up the DagBag from /home/airflow/.local/lib/python3.12/site-packages/airflow/example_dags/example_sla_dag.py
[2025-04-10T09:26:42.079+0000] {processor.py:925} INFO - DAG(s) 'example_sla_dag' retrieved from /home/airflow/.local/lib/python3.12/site-packages/airflow/example_dags/example_sla_dag.py
[2025-04-10T09:26:42.098+0000] {logging_mixin.py:190} INFO - [2025-04-10T09:26:42.098+0000] {dag.py:3239} INFO - Sync 1 DAGs
[2025-04-10T09:26:42.125+0000] {logging_mixin.py:190} INFO - [2025-04-10T09:26:42.125+0000] {dag.py:4180} INFO - Setting next_dagrun for example_sla_dag to 2025-04-10 09:24:00+00:00, run_after=2025-04-10 09:26:00+00:00
[2025-04-10T09:26:42.142+0000] {processor.py:208} INFO - Processing /home/airflow/.local/lib/python3.12/site-packages/airflow/example_dags/example_sla_dag.py took 0.088 seconds
[2025-04-10T09:27:13.880+0000] {processor.py:186} INFO - Started process (PID=1868) to work on /home/airflow/.local/lib/python3.12/site-packages/airflow/example_dags/example_sla_dag.py
[2025-04-10T09:27:13.882+0000] {processor.py:914} INFO - Processing file /home/airflow/.local/lib/python3.12/site-packages/airflow/example_dags/example_sla_dag.py for tasks to queue
[2025-04-10T09:27:13.886+0000] {logging_mixin.py:190} INFO - [2025-04-10T09:27:13.886+0000] {dagbag.py:588} INFO - Filling up the DagBag from /home/airflow/.local/lib/python3.12/site-packages/airflow/example_dags/example_sla_dag.py
[2025-04-10T09:27:13.909+0000] {processor.py:925} INFO - DAG(s) 'example_sla_dag' retrieved from /home/airflow/.local/lib/python3.12/site-packages/airflow/example_dags/example_sla_dag.py
[2025-04-10T09:27:13.937+0000] {logging_mixin.py:190} INFO - [2025-04-10T09:27:13.937+0000] {dag.py:3239} INFO - Sync 1 DAGs
[2025-04-10T09:27:13.979+0000] {logging_mixin.py:190} INFO - [2025-04-10T09:27:13.979+0000] {dag.py:4180} INFO - Setting next_dagrun for example_sla_dag to 2025-04-10 09:24:00+00:00, run_after=2025-04-10 09:26:00+00:00
[2025-04-10T09:27:14.004+0000] {processor.py:208} INFO - Processing /home/airflow/.local/lib/python3.12/site-packages/airflow/example_dags/example_sla_dag.py took 0.136 seconds
[2025-04-10T09:27:45.039+0000] {processor.py:186} INFO - Started process (PID=1932) to work on /home/airflow/.local/lib/python3.12/site-packages/airflow/example_dags/example_sla_dag.py
[2025-04-10T09:27:45.040+0000] {processor.py:914} INFO - Processing file /home/airflow/.local/lib/python3.12/site-packages/airflow/example_dags/example_sla_dag.py for tasks to queue
[2025-04-10T09:27:45.043+0000] {logging_mixin.py:190} INFO - [2025-04-10T09:27:45.043+0000] {dagbag.py:588} INFO - Filling up the DagBag from /home/airflow/.local/lib/python3.12/site-packages/airflow/example_dags/example_sla_dag.py
[2025-04-10T09:27:45.057+0000] {processor.py:925} INFO - DAG(s) 'example_sla_dag' retrieved from /home/airflow/.local/lib/python3.12/site-packages/airflow/example_dags/example_sla_dag.py
[2025-04-10T09:27:45.079+0000] {logging_mixin.py:190} INFO - [2025-04-10T09:27:45.079+0000] {dag.py:3239} INFO - Sync 1 DAGs
[2025-04-10T09:27:45.106+0000] {logging_mixin.py:190} INFO - [2025-04-10T09:27:45.106+0000] {dag.py:4180} INFO - Setting next_dagrun for example_sla_dag to 2025-04-10 09:24:00+00:00, run_after=2025-04-10 09:26:00+00:00
[2025-04-10T09:27:45.123+0000] {processor.py:208} INFO - Processing /home/airflow/.local/lib/python3.12/site-packages/airflow/example_dags/example_sla_dag.py took 0.092 seconds
[2025-04-10T09:28:16.627+0000] {processor.py:186} INFO - Started process (PID=2002) to work on /home/airflow/.local/lib/python3.12/site-packages/airflow/example_dags/example_sla_dag.py
[2025-04-10T09:28:16.628+0000] {processor.py:914} INFO - Processing file /home/airflow/.local/lib/python3.12/site-packages/airflow/example_dags/example_sla_dag.py for tasks to queue
[2025-04-10T09:28:16.631+0000] {logging_mixin.py:190} INFO - [2025-04-10T09:28:16.630+0000] {dagbag.py:588} INFO - Filling up the DagBag from /home/airflow/.local/lib/python3.12/site-packages/airflow/example_dags/example_sla_dag.py
[2025-04-10T09:28:16.644+0000] {processor.py:925} INFO - DAG(s) 'example_sla_dag' retrieved from /home/airflow/.local/lib/python3.12/site-packages/airflow/example_dags/example_sla_dag.py
[2025-04-10T09:28:16.664+0000] {logging_mixin.py:190} INFO - [2025-04-10T09:28:16.663+0000] {dag.py:3239} INFO - Sync 1 DAGs
[2025-04-10T09:28:16.690+0000] {logging_mixin.py:190} INFO - [2025-04-10T09:28:16.689+0000] {dag.py:4180} INFO - Setting next_dagrun for example_sla_dag to 2025-04-10 09:26:00+00:00, run_after=2025-04-10 09:28:00+00:00
[2025-04-10T09:28:16.708+0000] {processor.py:208} INFO - Processing /home/airflow/.local/lib/python3.12/site-packages/airflow/example_dags/example_sla_dag.py took 0.088 seconds
[2025-04-10T09:28:48.188+0000] {processor.py:186} INFO - Started process (PID=2066) to work on /home/airflow/.local/lib/python3.12/site-packages/airflow/example_dags/example_sla_dag.py
[2025-04-10T09:28:48.189+0000] {processor.py:914} INFO - Processing file /home/airflow/.local/lib/python3.12/site-packages/airflow/example_dags/example_sla_dag.py for tasks to queue
[2025-04-10T09:28:48.192+0000] {logging_mixin.py:190} INFO - [2025-04-10T09:28:48.191+0000] {dagbag.py:588} INFO - Filling up the DagBag from /home/airflow/.local/lib/python3.12/site-packages/airflow/example_dags/example_sla_dag.py
[2025-04-10T09:28:48.205+0000] {processor.py:925} INFO - DAG(s) 'example_sla_dag' retrieved from /home/airflow/.local/lib/python3.12/site-packages/airflow/example_dags/example_sla_dag.py
[2025-04-10T09:28:48.225+0000] {logging_mixin.py:190} INFO - [2025-04-10T09:28:48.225+0000] {dag.py:3239} INFO - Sync 1 DAGs
[2025-04-10T09:28:48.252+0000] {logging_mixin.py:190} INFO - [2025-04-10T09:28:48.252+0000] {dag.py:4180} INFO - Setting next_dagrun for example_sla_dag to 2025-04-10 09:26:00+00:00, run_after=2025-04-10 09:28:00+00:00
[2025-04-10T09:28:48.269+0000] {processor.py:208} INFO - Processing /home/airflow/.local/lib/python3.12/site-packages/airflow/example_dags/example_sla_dag.py took 0.089 seconds
[2025-04-10T09:29:19.255+0000] {processor.py:186} INFO - Started process (PID=2130) to work on /home/airflow/.local/lib/python3.12/site-packages/airflow/example_dags/example_sla_dag.py
[2025-04-10T09:29:19.256+0000] {processor.py:914} INFO - Processing file /home/airflow/.local/lib/python3.12/site-packages/airflow/example_dags/example_sla_dag.py for tasks to queue
[2025-04-10T09:29:19.259+0000] {logging_mixin.py:190} INFO - [2025-04-10T09:29:19.258+0000] {dagbag.py:588} INFO - Filling up the DagBag from /home/airflow/.local/lib/python3.12/site-packages/airflow/example_dags/example_sla_dag.py
[2025-04-10T09:29:19.272+0000] {processor.py:925} INFO - DAG(s) 'example_sla_dag' retrieved from /home/airflow/.local/lib/python3.12/site-packages/airflow/example_dags/example_sla_dag.py
[2025-04-10T09:29:19.292+0000] {logging_mixin.py:190} INFO - [2025-04-10T09:29:19.291+0000] {dag.py:3239} INFO - Sync 1 DAGs
[2025-04-10T09:29:19.319+0000] {logging_mixin.py:190} INFO - [2025-04-10T09:29:19.318+0000] {dag.py:4180} INFO - Setting next_dagrun for example_sla_dag to 2025-04-10 09:26:00+00:00, run_after=2025-04-10 09:28:00+00:00
[2025-04-10T09:29:19.337+0000] {processor.py:208} INFO - Processing /home/airflow/.local/lib/python3.12/site-packages/airflow/example_dags/example_sla_dag.py took 0.089 seconds
[2025-04-10T09:29:50.382+0000] {processor.py:186} INFO - Started process (PID=2194) to work on /home/airflow/.local/lib/python3.12/site-packages/airflow/example_dags/example_sla_dag.py
[2025-04-10T09:29:50.383+0000] {processor.py:914} INFO - Processing file /home/airflow/.local/lib/python3.12/site-packages/airflow/example_dags/example_sla_dag.py for tasks to queue
[2025-04-10T09:29:50.386+0000] {logging_mixin.py:190} INFO - [2025-04-10T09:29:50.385+0000] {dagbag.py:588} INFO - Filling up the DagBag from /home/airflow/.local/lib/python3.12/site-packages/airflow/example_dags/example_sla_dag.py
[2025-04-10T09:29:50.399+0000] {processor.py:925} INFO - DAG(s) 'example_sla_dag' retrieved from /home/airflow/.local/lib/python3.12/site-packages/airflow/example_dags/example_sla_dag.py
[2025-04-10T09:29:50.419+0000] {logging_mixin.py:190} INFO - [2025-04-10T09:29:50.419+0000] {dag.py:3239} INFO - Sync 1 DAGs
[2025-04-10T09:29:50.445+0000] {logging_mixin.py:190} INFO - [2025-04-10T09:29:50.445+0000] {dag.py:4180} INFO - Setting next_dagrun for example_sla_dag to 2025-04-10 09:26:00+00:00, run_after=2025-04-10 09:28:00+00:00
[2025-04-10T09:29:50.462+0000] {processor.py:208} INFO - Processing /home/airflow/.local/lib/python3.12/site-packages/airflow/example_dags/example_sla_dag.py took 0.088 seconds
[2025-04-10T09:30:21.736+0000] {processor.py:186} INFO - Started process (PID=2258) to work on /home/airflow/.local/lib/python3.12/site-packages/airflow/example_dags/example_sla_dag.py
[2025-04-10T09:30:21.737+0000] {processor.py:914} INFO - Processing file /home/airflow/.local/lib/python3.12/site-packages/airflow/example_dags/example_sla_dag.py for tasks to queue
[2025-04-10T09:30:21.742+0000] {logging_mixin.py:190} INFO - [2025-04-10T09:30:21.741+0000] {dagbag.py:588} INFO - Filling up the DagBag from /home/airflow/.local/lib/python3.12/site-packages/airflow/example_dags/example_sla_dag.py
[2025-04-10T09:30:21.757+0000] {processor.py:925} INFO - DAG(s) 'example_sla_dag' retrieved from /home/airflow/.local/lib/python3.12/site-packages/airflow/example_dags/example_sla_dag.py
[2025-04-10T09:30:21.783+0000] {logging_mixin.py:190} INFO - [2025-04-10T09:30:21.783+0000] {dag.py:3239} INFO - Sync 1 DAGs
[2025-04-10T09:30:21.813+0000] {logging_mixin.py:190} INFO - [2025-04-10T09:30:21.812+0000] {dag.py:4180} INFO - Setting next_dagrun for example_sla_dag to 2025-04-10 09:28:00+00:00, run_after=2025-04-10 09:30:00+00:00
[2025-04-10T09:30:21.833+0000] {processor.py:208} INFO - Processing /home/airflow/.local/lib/python3.12/site-packages/airflow/example_dags/example_sla_dag.py took 0.104 seconds
[2025-04-10T09:30:52.968+0000] {processor.py:186} INFO - Started process (PID=2322) to work on /home/airflow/.local/lib/python3.12/site-packages/airflow/example_dags/example_sla_dag.py
[2025-04-10T09:30:52.969+0000] {processor.py:914} INFO - Processing file /home/airflow/.local/lib/python3.12/site-packages/airflow/example_dags/example_sla_dag.py for tasks to queue
[2025-04-10T09:30:52.972+0000] {logging_mixin.py:190} INFO - [2025-04-10T09:30:52.971+0000] {dagbag.py:588} INFO - Filling up the DagBag from /home/airflow/.local/lib/python3.12/site-packages/airflow/example_dags/example_sla_dag.py
[2025-04-10T09:30:52.985+0000] {processor.py:925} INFO - DAG(s) 'example_sla_dag' retrieved from /home/airflow/.local/lib/python3.12/site-packages/airflow/example_dags/example_sla_dag.py
[2025-04-10T09:30:53.005+0000] {logging_mixin.py:190} INFO - [2025-04-10T09:30:53.004+0000] {dag.py:3239} INFO - Sync 1 DAGs
[2025-04-10T09:30:53.031+0000] {logging_mixin.py:190} INFO - [2025-04-10T09:30:53.031+0000] {dag.py:4180} INFO - Setting next_dagrun for example_sla_dag to 2025-04-10 09:28:00+00:00, run_after=2025-04-10 09:30:00+00:00
[2025-04-10T09:30:53.052+0000] {processor.py:208} INFO - Processing /home/airflow/.local/lib/python3.12/site-packages/airflow/example_dags/example_sla_dag.py took 0.091 seconds
[2025-04-10T09:31:23.746+0000] {processor.py:186} INFO - Started process (PID=2386) to work on /home/airflow/.local/lib/python3.12/site-packages/airflow/example_dags/example_sla_dag.py
[2025-04-10T09:31:23.747+0000] {processor.py:914} INFO - Processing file /home/airflow/.local/lib/python3.12/site-packages/airflow/example_dags/example_sla_dag.py for tasks to queue
[2025-04-10T09:31:23.750+0000] {logging_mixin.py:190} INFO - [2025-04-10T09:31:23.749+0000] {dagbag.py:588} INFO - Filling up the DagBag from /home/airflow/.local/lib/python3.12/site-packages/airflow/example_dags/example_sla_dag.py
[2025-04-10T09:31:23.762+0000] {processor.py:925} INFO - DAG(s) 'example_sla_dag' retrieved from /home/airflow/.local/lib/python3.12/site-packages/airflow/example_dags/example_sla_dag.py
[2025-04-10T09:31:23.782+0000] {logging_mixin.py:190} INFO - [2025-04-10T09:31:23.782+0000] {dag.py:3239} INFO - Sync 1 DAGs
[2025-04-10T09:31:23.808+0000] {logging_mixin.py:190} INFO - [2025-04-10T09:31:23.808+0000] {dag.py:4180} INFO - Setting next_dagrun for example_sla_dag to 2025-04-10 09:28:00+00:00, run_after=2025-04-10 09:30:00+00:00
[2025-04-10T09:31:23.826+0000] {processor.py:208} INFO - Processing /home/airflow/.local/lib/python3.12/site-packages/airflow/example_dags/example_sla_dag.py took 0.087 seconds
[2025-04-10T09:31:54.752+0000] {processor.py:186} INFO - Started process (PID=2450) to work on /home/airflow/.local/lib/python3.12/site-packages/airflow/example_dags/example_sla_dag.py
[2025-04-10T09:31:54.755+0000] {processor.py:914} INFO - Processing file /home/airflow/.local/lib/python3.12/site-packages/airflow/example_dags/example_sla_dag.py for tasks to queue
[2025-04-10T09:31:54.760+0000] {logging_mixin.py:190} INFO - [2025-04-10T09:31:54.759+0000] {dagbag.py:588} INFO - Filling up the DagBag from /home/airflow/.local/lib/python3.12/site-packages/airflow/example_dags/example_sla_dag.py
[2025-04-10T09:31:54.774+0000] {processor.py:925} INFO - DAG(s) 'example_sla_dag' retrieved from /home/airflow/.local/lib/python3.12/site-packages/airflow/example_dags/example_sla_dag.py
[2025-04-10T09:31:54.804+0000] {logging_mixin.py:190} INFO - [2025-04-10T09:31:54.804+0000] {dag.py:3239} INFO - Sync 1 DAGs
[2025-04-10T09:31:54.833+0000] {logging_mixin.py:190} INFO - [2025-04-10T09:31:54.832+0000] {dag.py:4180} INFO - Setting next_dagrun for example_sla_dag to 2025-04-10 09:28:00+00:00, run_after=2025-04-10 09:30:00+00:00
[2025-04-10T09:31:54.850+0000] {processor.py:208} INFO - Processing /home/airflow/.local/lib/python3.12/site-packages/airflow/example_dags/example_sla_dag.py took 0.106 seconds
[2025-04-10T09:32:25.550+0000] {processor.py:186} INFO - Started process (PID=2514) to work on /home/airflow/.local/lib/python3.12/site-packages/airflow/example_dags/example_sla_dag.py
[2025-04-10T09:32:25.551+0000] {processor.py:914} INFO - Processing file /home/airflow/.local/lib/python3.12/site-packages/airflow/example_dags/example_sla_dag.py for tasks to queue
[2025-04-10T09:32:25.554+0000] {logging_mixin.py:190} INFO - [2025-04-10T09:32:25.554+0000] {dagbag.py:588} INFO - Filling up the DagBag from /home/airflow/.local/lib/python3.12/site-packages/airflow/example_dags/example_sla_dag.py
[2025-04-10T09:32:25.566+0000] {processor.py:925} INFO - DAG(s) 'example_sla_dag' retrieved from /home/airflow/.local/lib/python3.12/site-packages/airflow/example_dags/example_sla_dag.py
[2025-04-10T09:32:25.587+0000] {logging_mixin.py:190} INFO - [2025-04-10T09:32:25.587+0000] {dag.py:3239} INFO - Sync 1 DAGs
[2025-04-10T09:32:25.615+0000] {logging_mixin.py:190} INFO - [2025-04-10T09:32:25.614+0000] {dag.py:4180} INFO - Setting next_dagrun for example_sla_dag to 2025-04-10 09:30:00+00:00, run_after=2025-04-10 09:32:00+00:00
[2025-04-10T09:32:25.641+0000] {processor.py:208} INFO - Processing /home/airflow/.local/lib/python3.12/site-packages/airflow/example_dags/example_sla_dag.py took 0.097 seconds
[2025-04-10T09:32:55.787+0000] {processor.py:186} INFO - Started process (PID=2577) to work on /home/airflow/.local/lib/python3.12/site-packages/airflow/example_dags/example_sla_dag.py
[2025-04-10T09:32:55.788+0000] {processor.py:914} INFO - Processing file /home/airflow/.local/lib/python3.12/site-packages/airflow/example_dags/example_sla_dag.py for tasks to queue
[2025-04-10T09:32:55.792+0000] {logging_mixin.py:190} INFO - [2025-04-10T09:32:55.791+0000] {dagbag.py:588} INFO - Filling up the DagBag from /home/airflow/.local/lib/python3.12/site-packages/airflow/example_dags/example_sla_dag.py
[2025-04-10T09:32:55.805+0000] {processor.py:925} INFO - DAG(s) 'example_sla_dag' retrieved from /home/airflow/.local/lib/python3.12/site-packages/airflow/example_dags/example_sla_dag.py
[2025-04-10T09:32:55.832+0000] {logging_mixin.py:190} INFO - [2025-04-10T09:32:55.831+0000] {dag.py:3239} INFO - Sync 1 DAGs
[2025-04-10T09:32:55.861+0000] {logging_mixin.py:190} INFO - [2025-04-10T09:32:55.861+0000] {dag.py:4180} INFO - Setting next_dagrun for example_sla_dag to 2025-04-10 09:30:00+00:00, run_after=2025-04-10 09:32:00+00:00
[2025-04-10T09:32:55.881+0000] {processor.py:208} INFO - Processing /home/airflow/.local/lib/python3.12/site-packages/airflow/example_dags/example_sla_dag.py took 0.101 seconds
[2025-04-10T09:33:26.356+0000] {processor.py:186} INFO - Started process (PID=2641) to work on /home/airflow/.local/lib/python3.12/site-packages/airflow/example_dags/example_sla_dag.py
[2025-04-10T09:33:26.357+0000] {processor.py:914} INFO - Processing file /home/airflow/.local/lib/python3.12/site-packages/airflow/example_dags/example_sla_dag.py for tasks to queue
[2025-04-10T09:33:26.361+0000] {logging_mixin.py:190} INFO - [2025-04-10T09:33:26.360+0000] {dagbag.py:588} INFO - Filling up the DagBag from /home/airflow/.local/lib/python3.12/site-packages/airflow/example_dags/example_sla_dag.py
[2025-04-10T09:33:26.375+0000] {processor.py:925} INFO - DAG(s) 'example_sla_dag' retrieved from /home/airflow/.local/lib/python3.12/site-packages/airflow/example_dags/example_sla_dag.py
[2025-04-10T09:33:26.398+0000] {logging_mixin.py:190} INFO - [2025-04-10T09:33:26.397+0000] {dag.py:3239} INFO - Sync 1 DAGs
[2025-04-10T09:33:26.427+0000] {logging_mixin.py:190} INFO - [2025-04-10T09:33:26.427+0000] {dag.py:4180} INFO - Setting next_dagrun for example_sla_dag to 2025-04-10 09:30:00+00:00, run_after=2025-04-10 09:32:00+00:00
[2025-04-10T09:33:26.451+0000] {processor.py:208} INFO - Processing /home/airflow/.local/lib/python3.12/site-packages/airflow/example_dags/example_sla_dag.py took 0.103 seconds
[2025-04-10T09:33:56.506+0000] {processor.py:186} INFO - Started process (PID=2704) to work on /home/airflow/.local/lib/python3.12/site-packages/airflow/example_dags/example_sla_dag.py
[2025-04-10T09:33:56.507+0000] {processor.py:914} INFO - Processing file /home/airflow/.local/lib/python3.12/site-packages/airflow/example_dags/example_sla_dag.py for tasks to queue
[2025-04-10T09:33:56.511+0000] {logging_mixin.py:190} INFO - [2025-04-10T09:33:56.510+0000] {dagbag.py:588} INFO - Filling up the DagBag from /home/airflow/.local/lib/python3.12/site-packages/airflow/example_dags/example_sla_dag.py
[2025-04-10T09:33:56.523+0000] {processor.py:925} INFO - DAG(s) 'example_sla_dag' retrieved from /home/airflow/.local/lib/python3.12/site-packages/airflow/example_dags/example_sla_dag.py
[2025-04-10T09:33:56.543+0000] {logging_mixin.py:190} INFO - [2025-04-10T09:33:56.542+0000] {dag.py:3239} INFO - Sync 1 DAGs
[2025-04-10T09:33:56.569+0000] {logging_mixin.py:190} INFO - [2025-04-10T09:33:56.569+0000] {dag.py:4180} INFO - Setting next_dagrun for example_sla_dag to 2025-04-10 09:30:00+00:00, run_after=2025-04-10 09:32:00+00:00
[2025-04-10T09:33:56.588+0000] {processor.py:208} INFO - Processing /home/airflow/.local/lib/python3.12/site-packages/airflow/example_dags/example_sla_dag.py took 0.088 seconds
[2025-04-10T09:34:26.713+0000] {processor.py:186} INFO - Started process (PID=2768) to work on /home/airflow/.local/lib/python3.12/site-packages/airflow/example_dags/example_sla_dag.py
[2025-04-10T09:34:26.714+0000] {processor.py:914} INFO - Processing file /home/airflow/.local/lib/python3.12/site-packages/airflow/example_dags/example_sla_dag.py for tasks to queue
[2025-04-10T09:34:26.717+0000] {logging_mixin.py:190} INFO - [2025-04-10T09:34:26.717+0000] {dagbag.py:588} INFO - Filling up the DagBag from /home/airflow/.local/lib/python3.12/site-packages/airflow/example_dags/example_sla_dag.py
[2025-04-10T09:34:26.729+0000] {processor.py:925} INFO - DAG(s) 'example_sla_dag' retrieved from /home/airflow/.local/lib/python3.12/site-packages/airflow/example_dags/example_sla_dag.py
[2025-04-10T09:34:26.749+0000] {logging_mixin.py:190} INFO - [2025-04-10T09:34:26.749+0000] {dag.py:3239} INFO - Sync 1 DAGs
[2025-04-10T09:34:26.775+0000] {logging_mixin.py:190} INFO - [2025-04-10T09:34:26.775+0000] {dag.py:4180} INFO - Setting next_dagrun for example_sla_dag to 2025-04-10 09:32:00+00:00, run_after=2025-04-10 09:34:00+00:00
[2025-04-10T09:34:26.792+0000] {processor.py:208} INFO - Processing /home/airflow/.local/lib/python3.12/site-packages/airflow/example_dags/example_sla_dag.py took 0.086 seconds
[2025-04-10T09:34:57.843+0000] {processor.py:186} INFO - Started process (PID=2832) to work on /home/airflow/.local/lib/python3.12/site-packages/airflow/example_dags/example_sla_dag.py
[2025-04-10T09:34:57.844+0000] {processor.py:914} INFO - Processing file /home/airflow/.local/lib/python3.12/site-packages/airflow/example_dags/example_sla_dag.py for tasks to queue
[2025-04-10T09:34:57.848+0000] {logging_mixin.py:190} INFO - [2025-04-10T09:34:57.847+0000] {dagbag.py:588} INFO - Filling up the DagBag from /home/airflow/.local/lib/python3.12/site-packages/airflow/example_dags/example_sla_dag.py
[2025-04-10T09:34:57.860+0000] {processor.py:925} INFO - DAG(s) 'example_sla_dag' retrieved from /home/airflow/.local/lib/python3.12/site-packages/airflow/example_dags/example_sla_dag.py
[2025-04-10T09:34:57.879+0000] {logging_mixin.py:190} INFO - [2025-04-10T09:34:57.879+0000] {dag.py:3239} INFO - Sync 1 DAGs
[2025-04-10T09:34:57.907+0000] {logging_mixin.py:190} INFO - [2025-04-10T09:34:57.906+0000] {dag.py:4180} INFO - Setting next_dagrun for example_sla_dag to 2025-04-10 09:32:00+00:00, run_after=2025-04-10 09:34:00+00:00
[2025-04-10T09:34:57.925+0000] {processor.py:208} INFO - Processing /home/airflow/.local/lib/python3.12/site-packages/airflow/example_dags/example_sla_dag.py took 0.088 seconds
[2025-04-10T09:35:28.798+0000] {processor.py:186} INFO - Started process (PID=2895) to work on /home/airflow/.local/lib/python3.12/site-packages/airflow/example_dags/example_sla_dag.py
[2025-04-10T09:35:28.799+0000] {processor.py:914} INFO - Processing file /home/airflow/.local/lib/python3.12/site-packages/airflow/example_dags/example_sla_dag.py for tasks to queue
[2025-04-10T09:35:28.802+0000] {logging_mixin.py:190} INFO - [2025-04-10T09:35:28.802+0000] {dagbag.py:588} INFO - Filling up the DagBag from /home/airflow/.local/lib/python3.12/site-packages/airflow/example_dags/example_sla_dag.py
[2025-04-10T09:35:28.815+0000] {processor.py:925} INFO - DAG(s) 'example_sla_dag' retrieved from /home/airflow/.local/lib/python3.12/site-packages/airflow/example_dags/example_sla_dag.py
[2025-04-10T09:35:28.834+0000] {logging_mixin.py:190} INFO - [2025-04-10T09:35:28.834+0000] {dag.py:3239} INFO - Sync 1 DAGs
[2025-04-10T09:35:28.860+0000] {logging_mixin.py:190} INFO - [2025-04-10T09:35:28.860+0000] {dag.py:4180} INFO - Setting next_dagrun for example_sla_dag to 2025-04-10 09:32:00+00:00, run_after=2025-04-10 09:34:00+00:00
[2025-04-10T09:35:28.877+0000] {processor.py:208} INFO - Processing /home/airflow/.local/lib/python3.12/site-packages/airflow/example_dags/example_sla_dag.py took 0.086 seconds
[2025-04-10T09:35:59.752+0000] {processor.py:186} INFO - Started process (PID=2959) to work on /home/airflow/.local/lib/python3.12/site-packages/airflow/example_dags/example_sla_dag.py
[2025-04-10T09:35:59.753+0000] {processor.py:914} INFO - Processing file /home/airflow/.local/lib/python3.12/site-packages/airflow/example_dags/example_sla_dag.py for tasks to queue
[2025-04-10T09:35:59.756+0000] {logging_mixin.py:190} INFO - [2025-04-10T09:35:59.756+0000] {dagbag.py:588} INFO - Filling up the DagBag from /home/airflow/.local/lib/python3.12/site-packages/airflow/example_dags/example_sla_dag.py
[2025-04-10T09:35:59.770+0000] {processor.py:925} INFO - DAG(s) 'example_sla_dag' retrieved from /home/airflow/.local/lib/python3.12/site-packages/airflow/example_dags/example_sla_dag.py
[2025-04-10T09:35:59.790+0000] {logging_mixin.py:190} INFO - [2025-04-10T09:35:59.790+0000] {dag.py:3239} INFO - Sync 1 DAGs
[2025-04-10T09:35:59.818+0000] {logging_mixin.py:190} INFO - [2025-04-10T09:35:59.818+0000] {dag.py:4180} INFO - Setting next_dagrun for example_sla_dag to 2025-04-10 09:32:00+00:00, run_after=2025-04-10 09:34:00+00:00
[2025-04-10T09:35:59.839+0000] {processor.py:208} INFO - Processing /home/airflow/.local/lib/python3.12/site-packages/airflow/example_dags/example_sla_dag.py took 0.095 seconds
[2025-04-10T09:36:29.997+0000] {processor.py:186} INFO - Started process (PID=3023) to work on /home/airflow/.local/lib/python3.12/site-packages/airflow/example_dags/example_sla_dag.py
[2025-04-10T09:36:29.998+0000] {processor.py:914} INFO - Processing file /home/airflow/.local/lib/python3.12/site-packages/airflow/example_dags/example_sla_dag.py for tasks to queue
[2025-04-10T09:36:30.001+0000] {logging_mixin.py:190} INFO - [2025-04-10T09:36:30.000+0000] {dagbag.py:588} INFO - Filling up the DagBag from /home/airflow/.local/lib/python3.12/site-packages/airflow/example_dags/example_sla_dag.py
[2025-04-10T09:36:30.013+0000] {processor.py:925} INFO - DAG(s) 'example_sla_dag' retrieved from /home/airflow/.local/lib/python3.12/site-packages/airflow/example_dags/example_sla_dag.py
[2025-04-10T09:36:30.034+0000] {logging_mixin.py:190} INFO - [2025-04-10T09:36:30.034+0000] {dag.py:3239} INFO - Sync 1 DAGs
[2025-04-10T09:36:30.060+0000] {logging_mixin.py:190} INFO - [2025-04-10T09:36:30.060+0000] {dag.py:4180} INFO - Setting next_dagrun for example_sla_dag to 2025-04-10 09:34:00+00:00, run_after=2025-04-10 09:36:00+00:00
[2025-04-10T09:36:30.078+0000] {processor.py:208} INFO - Processing /home/airflow/.local/lib/python3.12/site-packages/airflow/example_dags/example_sla_dag.py took 0.088 seconds
[2025-04-10T09:37:01.320+0000] {processor.py:186} INFO - Started process (PID=3087) to work on /home/airflow/.local/lib/python3.12/site-packages/airflow/example_dags/example_sla_dag.py
[2025-04-10T09:37:01.321+0000] {processor.py:914} INFO - Processing file /home/airflow/.local/lib/python3.12/site-packages/airflow/example_dags/example_sla_dag.py for tasks to queue
[2025-04-10T09:37:01.324+0000] {logging_mixin.py:190} INFO - [2025-04-10T09:37:01.324+0000] {dagbag.py:588} INFO - Filling up the DagBag from /home/airflow/.local/lib/python3.12/site-packages/airflow/example_dags/example_sla_dag.py
[2025-04-10T09:37:01.336+0000] {processor.py:925} INFO - DAG(s) 'example_sla_dag' retrieved from /home/airflow/.local/lib/python3.12/site-packages/airflow/example_dags/example_sla_dag.py
[2025-04-10T09:37:01.356+0000] {logging_mixin.py:190} INFO - [2025-04-10T09:37:01.355+0000] {dag.py:3239} INFO - Sync 1 DAGs
[2025-04-10T09:37:01.591+0000] {logging_mixin.py:190} INFO - [2025-04-10T09:37:01.591+0000] {dag.py:4180} INFO - Setting next_dagrun for example_sla_dag to 2025-04-10 09:34:00+00:00, run_after=2025-04-10 09:36:00+00:00
[2025-04-10T09:37:01.607+0000] {processor.py:208} INFO - Processing /home/airflow/.local/lib/python3.12/site-packages/airflow/example_dags/example_sla_dag.py took 0.294 seconds
