[2025-04-10T09:12:43.473+0000] {processor.py:186} INFO - Started process (PID=102) to work on /home/airflow/.local/lib/python3.12/site-packages/airflow/example_dags/example_skip_dag.py
[2025-04-10T09:12:43.474+0000] {processor.py:914} INFO - Processing file /home/airflow/.local/lib/python3.12/site-packages/airflow/example_dags/example_skip_dag.py for tasks to queue
[2025-04-10T09:12:43.477+0000] {logging_mixin.py:190} INFO - [2025-04-10T09:12:43.476+0000] {dagbag.py:588} INFO - Filling up the DagBag from /home/airflow/.local/lib/python3.12/site-packages/airflow/example_dags/example_skip_dag.py
[2025-04-10T09:12:43.485+0000] {processor.py:925} INFO - DAG(s) 'example_skip_dag' retrieved from /home/airflow/.local/lib/python3.12/site-packages/airflow/example_dags/example_skip_dag.py
[2025-04-10T09:12:43.507+0000] {logging_mixin.py:190} INFO - [2025-04-10T09:12:43.507+0000] {dag.py:3239} INFO - Sync 1 DAGs
[2025-04-10T09:12:43.539+0000] {logging_mixin.py:190} INFO - [2025-04-10T09:12:43.539+0000] {dag.py:4180} INFO - Setting next_dagrun for example_skip_dag to 2025-04-09 00:00:00+00:00, run_after=2025-04-10 00:00:00+00:00
[2025-04-10T09:12:43.559+0000] {processor.py:208} INFO - Processing /home/airflow/.local/lib/python3.12/site-packages/airflow/example_dags/example_skip_dag.py took 0.092 seconds
[2025-04-10T09:13:14.504+0000] {processor.py:186} INFO - Started process (PID=166) to work on /home/airflow/.local/lib/python3.12/site-packages/airflow/example_dags/example_skip_dag.py
[2025-04-10T09:13:14.505+0000] {processor.py:914} INFO - Processing file /home/airflow/.local/lib/python3.12/site-packages/airflow/example_dags/example_skip_dag.py for tasks to queue
[2025-04-10T09:13:14.508+0000] {logging_mixin.py:190} INFO - [2025-04-10T09:13:14.507+0000] {dagbag.py:588} INFO - Filling up the DagBag from /home/airflow/.local/lib/python3.12/site-packages/airflow/example_dags/example_skip_dag.py
[2025-04-10T09:13:14.523+0000] {processor.py:925} INFO - DAG(s) 'example_skip_dag' retrieved from /home/airflow/.local/lib/python3.12/site-packages/airflow/example_dags/example_skip_dag.py
[2025-04-10T09:13:14.569+0000] {logging_mixin.py:190} INFO - [2025-04-10T09:13:14.569+0000] {dag.py:3239} INFO - Sync 1 DAGs
[2025-04-10T09:13:14.601+0000] {logging_mixin.py:190} INFO - [2025-04-10T09:13:14.601+0000] {dag.py:4180} INFO - Setting next_dagrun for example_skip_dag to 2025-04-09 00:00:00+00:00, run_after=2025-04-10 00:00:00+00:00
[2025-04-10T09:13:14.635+0000] {processor.py:208} INFO - Processing /home/airflow/.local/lib/python3.12/site-packages/airflow/example_dags/example_skip_dag.py took 0.138 seconds
[2025-04-10T09:13:45.255+0000] {processor.py:186} INFO - Started process (PID=230) to work on /home/airflow/.local/lib/python3.12/site-packages/airflow/example_dags/example_skip_dag.py
[2025-04-10T09:13:45.256+0000] {processor.py:914} INFO - Processing file /home/airflow/.local/lib/python3.12/site-packages/airflow/example_dags/example_skip_dag.py for tasks to queue
[2025-04-10T09:13:45.259+0000] {logging_mixin.py:190} INFO - [2025-04-10T09:13:45.258+0000] {dagbag.py:588} INFO - Filling up the DagBag from /home/airflow/.local/lib/python3.12/site-packages/airflow/example_dags/example_skip_dag.py
[2025-04-10T09:13:45.269+0000] {processor.py:925} INFO - DAG(s) 'example_skip_dag' retrieved from /home/airflow/.local/lib/python3.12/site-packages/airflow/example_dags/example_skip_dag.py
[2025-04-10T09:13:45.297+0000] {logging_mixin.py:190} INFO - [2025-04-10T09:13:45.297+0000] {dag.py:3239} INFO - Sync 1 DAGs
[2025-04-10T09:13:45.325+0000] {logging_mixin.py:190} INFO - [2025-04-10T09:13:45.325+0000] {dag.py:4180} INFO - Setting next_dagrun for example_skip_dag to 2025-04-09 00:00:00+00:00, run_after=2025-04-10 00:00:00+00:00
[2025-04-10T09:13:45.347+0000] {processor.py:208} INFO - Processing /home/airflow/.local/lib/python3.12/site-packages/airflow/example_dags/example_skip_dag.py took 0.098 seconds
[2025-04-10T09:14:16.449+0000] {processor.py:186} INFO - Started process (PID=294) to work on /home/airflow/.local/lib/python3.12/site-packages/airflow/example_dags/example_skip_dag.py
[2025-04-10T09:14:16.450+0000] {processor.py:914} INFO - Processing file /home/airflow/.local/lib/python3.12/site-packages/airflow/example_dags/example_skip_dag.py for tasks to queue
[2025-04-10T09:14:16.453+0000] {logging_mixin.py:190} INFO - [2025-04-10T09:14:16.452+0000] {dagbag.py:588} INFO - Filling up the DagBag from /home/airflow/.local/lib/python3.12/site-packages/airflow/example_dags/example_skip_dag.py
[2025-04-10T09:14:16.465+0000] {processor.py:925} INFO - DAG(s) 'example_skip_dag' retrieved from /home/airflow/.local/lib/python3.12/site-packages/airflow/example_dags/example_skip_dag.py
[2025-04-10T09:14:16.491+0000] {logging_mixin.py:190} INFO - [2025-04-10T09:14:16.491+0000] {dag.py:3239} INFO - Sync 1 DAGs
[2025-04-10T09:14:16.522+0000] {logging_mixin.py:190} INFO - [2025-04-10T09:14:16.522+0000] {dag.py:4180} INFO - Setting next_dagrun for example_skip_dag to 2025-04-09 00:00:00+00:00, run_after=2025-04-10 00:00:00+00:00
[2025-04-10T09:14:16.547+0000] {processor.py:208} INFO - Processing /home/airflow/.local/lib/python3.12/site-packages/airflow/example_dags/example_skip_dag.py took 0.104 seconds
[2025-04-10T09:14:47.856+0000] {processor.py:186} INFO - Started process (PID=358) to work on /home/airflow/.local/lib/python3.12/site-packages/airflow/example_dags/example_skip_dag.py
[2025-04-10T09:14:47.857+0000] {processor.py:914} INFO - Processing file /home/airflow/.local/lib/python3.12/site-packages/airflow/example_dags/example_skip_dag.py for tasks to queue
[2025-04-10T09:14:47.859+0000] {logging_mixin.py:190} INFO - [2025-04-10T09:14:47.859+0000] {dagbag.py:588} INFO - Filling up the DagBag from /home/airflow/.local/lib/python3.12/site-packages/airflow/example_dags/example_skip_dag.py
[2025-04-10T09:14:47.869+0000] {processor.py:925} INFO - DAG(s) 'example_skip_dag' retrieved from /home/airflow/.local/lib/python3.12/site-packages/airflow/example_dags/example_skip_dag.py
[2025-04-10T09:14:47.901+0000] {logging_mixin.py:190} INFO - [2025-04-10T09:14:47.901+0000] {dag.py:3239} INFO - Sync 1 DAGs
[2025-04-10T09:14:47.926+0000] {logging_mixin.py:190} INFO - [2025-04-10T09:14:47.926+0000] {dag.py:4180} INFO - Setting next_dagrun for example_skip_dag to 2025-04-09 00:00:00+00:00, run_after=2025-04-10 00:00:00+00:00
[2025-04-10T09:14:47.947+0000] {processor.py:208} INFO - Processing /home/airflow/.local/lib/python3.12/site-packages/airflow/example_dags/example_skip_dag.py took 0.097 seconds
[2025-04-10T09:15:48.148+0000] {processor.py:186} INFO - Started process (PID=452) to work on /home/airflow/.local/lib/python3.12/site-packages/airflow/example_dags/example_skip_dag.py
[2025-04-10T09:15:48.149+0000] {processor.py:914} INFO - Processing file /home/airflow/.local/lib/python3.12/site-packages/airflow/example_dags/example_skip_dag.py for tasks to queue
[2025-04-10T09:15:48.152+0000] {logging_mixin.py:190} INFO - [2025-04-10T09:15:48.152+0000] {dagbag.py:588} INFO - Filling up the DagBag from /home/airflow/.local/lib/python3.12/site-packages/airflow/example_dags/example_skip_dag.py
[2025-04-10T09:15:48.162+0000] {processor.py:925} INFO - DAG(s) 'example_skip_dag' retrieved from /home/airflow/.local/lib/python3.12/site-packages/airflow/example_dags/example_skip_dag.py
[2025-04-10T09:15:48.186+0000] {logging_mixin.py:190} INFO - [2025-04-10T09:15:48.186+0000] {dag.py:3239} INFO - Sync 1 DAGs
[2025-04-10T09:15:48.214+0000] {logging_mixin.py:190} INFO - [2025-04-10T09:15:48.213+0000] {dag.py:4180} INFO - Setting next_dagrun for example_skip_dag to 2025-04-09 00:00:00+00:00, run_after=2025-04-10 00:00:00+00:00
[2025-04-10T09:15:48.237+0000] {processor.py:208} INFO - Processing /home/airflow/.local/lib/python3.12/site-packages/airflow/example_dags/example_skip_dag.py took 0.095 seconds
[2025-04-10T09:16:18.398+0000] {processor.py:186} INFO - Started process (PID=517) to work on /home/airflow/.local/lib/python3.12/site-packages/airflow/example_dags/example_skip_dag.py
[2025-04-10T09:16:18.399+0000] {processor.py:914} INFO - Processing file /home/airflow/.local/lib/python3.12/site-packages/airflow/example_dags/example_skip_dag.py for tasks to queue
[2025-04-10T09:16:18.402+0000] {logging_mixin.py:190} INFO - [2025-04-10T09:16:18.401+0000] {dagbag.py:588} INFO - Filling up the DagBag from /home/airflow/.local/lib/python3.12/site-packages/airflow/example_dags/example_skip_dag.py
[2025-04-10T09:16:18.411+0000] {processor.py:925} INFO - DAG(s) 'example_skip_dag' retrieved from /home/airflow/.local/lib/python3.12/site-packages/airflow/example_dags/example_skip_dag.py
[2025-04-10T09:16:18.433+0000] {logging_mixin.py:190} INFO - [2025-04-10T09:16:18.433+0000] {dag.py:3239} INFO - Sync 1 DAGs
[2025-04-10T09:16:18.459+0000] {logging_mixin.py:190} INFO - [2025-04-10T09:16:18.459+0000] {dag.py:4180} INFO - Setting next_dagrun for example_skip_dag to 2025-04-09 00:00:00+00:00, run_after=2025-04-10 00:00:00+00:00
[2025-04-10T09:16:18.478+0000] {processor.py:208} INFO - Processing /home/airflow/.local/lib/python3.12/site-packages/airflow/example_dags/example_skip_dag.py took 0.087 seconds
[2025-04-10T09:16:49.477+0000] {processor.py:186} INFO - Started process (PID=581) to work on /home/airflow/.local/lib/python3.12/site-packages/airflow/example_dags/example_skip_dag.py
[2025-04-10T09:16:49.478+0000] {processor.py:914} INFO - Processing file /home/airflow/.local/lib/python3.12/site-packages/airflow/example_dags/example_skip_dag.py for tasks to queue
[2025-04-10T09:16:49.481+0000] {logging_mixin.py:190} INFO - [2025-04-10T09:16:49.481+0000] {dagbag.py:588} INFO - Filling up the DagBag from /home/airflow/.local/lib/python3.12/site-packages/airflow/example_dags/example_skip_dag.py
[2025-04-10T09:16:49.492+0000] {processor.py:925} INFO - DAG(s) 'example_skip_dag' retrieved from /home/airflow/.local/lib/python3.12/site-packages/airflow/example_dags/example_skip_dag.py
[2025-04-10T09:16:49.519+0000] {logging_mixin.py:190} INFO - [2025-04-10T09:16:49.519+0000] {dag.py:3239} INFO - Sync 1 DAGs
[2025-04-10T09:16:49.547+0000] {logging_mixin.py:190} INFO - [2025-04-10T09:16:49.547+0000] {dag.py:4180} INFO - Setting next_dagrun for example_skip_dag to 2025-04-09 00:00:00+00:00, run_after=2025-04-10 00:00:00+00:00
[2025-04-10T09:16:49.569+0000] {processor.py:208} INFO - Processing /home/airflow/.local/lib/python3.12/site-packages/airflow/example_dags/example_skip_dag.py took 0.099 seconds
[2025-04-10T09:17:20.507+0000] {processor.py:186} INFO - Started process (PID=645) to work on /home/airflow/.local/lib/python3.12/site-packages/airflow/example_dags/example_skip_dag.py
[2025-04-10T09:17:20.508+0000] {processor.py:914} INFO - Processing file /home/airflow/.local/lib/python3.12/site-packages/airflow/example_dags/example_skip_dag.py for tasks to queue
[2025-04-10T09:17:20.510+0000] {logging_mixin.py:190} INFO - [2025-04-10T09:17:20.510+0000] {dagbag.py:588} INFO - Filling up the DagBag from /home/airflow/.local/lib/python3.12/site-packages/airflow/example_dags/example_skip_dag.py
[2025-04-10T09:17:20.521+0000] {processor.py:925} INFO - DAG(s) 'example_skip_dag' retrieved from /home/airflow/.local/lib/python3.12/site-packages/airflow/example_dags/example_skip_dag.py
[2025-04-10T09:17:20.546+0000] {logging_mixin.py:190} INFO - [2025-04-10T09:17:20.545+0000] {dag.py:3239} INFO - Sync 1 DAGs
[2025-04-10T09:17:20.571+0000] {logging_mixin.py:190} INFO - [2025-04-10T09:17:20.571+0000] {dag.py:4180} INFO - Setting next_dagrun for example_skip_dag to 2025-04-09 00:00:00+00:00, run_after=2025-04-10 00:00:00+00:00
[2025-04-10T09:17:20.593+0000] {processor.py:208} INFO - Processing /home/airflow/.local/lib/python3.12/site-packages/airflow/example_dags/example_skip_dag.py took 0.092 seconds
[2025-04-10T09:17:51.675+0000] {processor.py:186} INFO - Started process (PID=709) to work on /home/airflow/.local/lib/python3.12/site-packages/airflow/example_dags/example_skip_dag.py
[2025-04-10T09:17:51.676+0000] {processor.py:914} INFO - Processing file /home/airflow/.local/lib/python3.12/site-packages/airflow/example_dags/example_skip_dag.py for tasks to queue
[2025-04-10T09:17:51.679+0000] {logging_mixin.py:190} INFO - [2025-04-10T09:17:51.678+0000] {dagbag.py:588} INFO - Filling up the DagBag from /home/airflow/.local/lib/python3.12/site-packages/airflow/example_dags/example_skip_dag.py
[2025-04-10T09:17:51.688+0000] {processor.py:925} INFO - DAG(s) 'example_skip_dag' retrieved from /home/airflow/.local/lib/python3.12/site-packages/airflow/example_dags/example_skip_dag.py
[2025-04-10T09:17:51.714+0000] {logging_mixin.py:190} INFO - [2025-04-10T09:17:51.714+0000] {dag.py:3239} INFO - Sync 1 DAGs
[2025-04-10T09:17:51.740+0000] {logging_mixin.py:190} INFO - [2025-04-10T09:17:51.740+0000] {dag.py:4180} INFO - Setting next_dagrun for example_skip_dag to 2025-04-09 00:00:00+00:00, run_after=2025-04-10 00:00:00+00:00
[2025-04-10T09:17:51.762+0000] {processor.py:208} INFO - Processing /home/airflow/.local/lib/python3.12/site-packages/airflow/example_dags/example_skip_dag.py took 0.094 seconds
[2025-04-10T09:18:22.560+0000] {processor.py:186} INFO - Started process (PID=773) to work on /home/airflow/.local/lib/python3.12/site-packages/airflow/example_dags/example_skip_dag.py
[2025-04-10T09:18:22.561+0000] {processor.py:914} INFO - Processing file /home/airflow/.local/lib/python3.12/site-packages/airflow/example_dags/example_skip_dag.py for tasks to queue
[2025-04-10T09:18:22.564+0000] {logging_mixin.py:190} INFO - [2025-04-10T09:18:22.564+0000] {dagbag.py:588} INFO - Filling up the DagBag from /home/airflow/.local/lib/python3.12/site-packages/airflow/example_dags/example_skip_dag.py
[2025-04-10T09:18:22.573+0000] {processor.py:925} INFO - DAG(s) 'example_skip_dag' retrieved from /home/airflow/.local/lib/python3.12/site-packages/airflow/example_dags/example_skip_dag.py
[2025-04-10T09:18:22.598+0000] {logging_mixin.py:190} INFO - [2025-04-10T09:18:22.598+0000] {dag.py:3239} INFO - Sync 1 DAGs
[2025-04-10T09:18:22.624+0000] {logging_mixin.py:190} INFO - [2025-04-10T09:18:22.624+0000] {dag.py:4180} INFO - Setting next_dagrun for example_skip_dag to 2025-04-09 00:00:00+00:00, run_after=2025-04-10 00:00:00+00:00
[2025-04-10T09:18:22.643+0000] {processor.py:208} INFO - Processing /home/airflow/.local/lib/python3.12/site-packages/airflow/example_dags/example_skip_dag.py took 0.089 seconds
[2025-04-10T09:18:53.274+0000] {processor.py:186} INFO - Started process (PID=837) to work on /home/airflow/.local/lib/python3.12/site-packages/airflow/example_dags/example_skip_dag.py
[2025-04-10T09:18:53.275+0000] {processor.py:914} INFO - Processing file /home/airflow/.local/lib/python3.12/site-packages/airflow/example_dags/example_skip_dag.py for tasks to queue
[2025-04-10T09:18:53.277+0000] {logging_mixin.py:190} INFO - [2025-04-10T09:18:53.277+0000] {dagbag.py:588} INFO - Filling up the DagBag from /home/airflow/.local/lib/python3.12/site-packages/airflow/example_dags/example_skip_dag.py
[2025-04-10T09:18:53.287+0000] {processor.py:925} INFO - DAG(s) 'example_skip_dag' retrieved from /home/airflow/.local/lib/python3.12/site-packages/airflow/example_dags/example_skip_dag.py
[2025-04-10T09:18:53.316+0000] {logging_mixin.py:190} INFO - [2025-04-10T09:18:53.315+0000] {dag.py:3239} INFO - Sync 1 DAGs
[2025-04-10T09:18:53.348+0000] {logging_mixin.py:190} INFO - [2025-04-10T09:18:53.348+0000] {dag.py:4180} INFO - Setting next_dagrun for example_skip_dag to 2025-04-09 00:00:00+00:00, run_after=2025-04-10 00:00:00+00:00
[2025-04-10T09:18:53.371+0000] {processor.py:208} INFO - Processing /home/airflow/.local/lib/python3.12/site-packages/airflow/example_dags/example_skip_dag.py took 0.104 seconds
[2025-04-10T09:19:25.054+0000] {processor.py:186} INFO - Started process (PID=901) to work on /home/airflow/.local/lib/python3.12/site-packages/airflow/example_dags/example_skip_dag.py
[2025-04-10T09:19:25.057+0000] {processor.py:914} INFO - Processing file /home/airflow/.local/lib/python3.12/site-packages/airflow/example_dags/example_skip_dag.py for tasks to queue
[2025-04-10T09:19:25.060+0000] {logging_mixin.py:190} INFO - [2025-04-10T09:19:25.059+0000] {dagbag.py:588} INFO - Filling up the DagBag from /home/airflow/.local/lib/python3.12/site-packages/airflow/example_dags/example_skip_dag.py
[2025-04-10T09:19:25.069+0000] {processor.py:925} INFO - DAG(s) 'example_skip_dag' retrieved from /home/airflow/.local/lib/python3.12/site-packages/airflow/example_dags/example_skip_dag.py
[2025-04-10T09:19:25.092+0000] {logging_mixin.py:190} INFO - [2025-04-10T09:19:25.091+0000] {dag.py:3239} INFO - Sync 1 DAGs
[2025-04-10T09:19:25.116+0000] {logging_mixin.py:190} INFO - [2025-04-10T09:19:25.116+0000] {dag.py:4180} INFO - Setting next_dagrun for example_skip_dag to 2025-04-09 00:00:00+00:00, run_after=2025-04-10 00:00:00+00:00
[2025-04-10T09:19:25.136+0000] {processor.py:208} INFO - Processing /home/airflow/.local/lib/python3.12/site-packages/airflow/example_dags/example_skip_dag.py took 0.089 seconds
[2025-04-10T09:19:56.480+0000] {processor.py:186} INFO - Started process (PID=965) to work on /home/airflow/.local/lib/python3.12/site-packages/airflow/example_dags/example_skip_dag.py
[2025-04-10T09:19:56.481+0000] {processor.py:914} INFO - Processing file /home/airflow/.local/lib/python3.12/site-packages/airflow/example_dags/example_skip_dag.py for tasks to queue
[2025-04-10T09:19:56.484+0000] {logging_mixin.py:190} INFO - [2025-04-10T09:19:56.484+0000] {dagbag.py:588} INFO - Filling up the DagBag from /home/airflow/.local/lib/python3.12/site-packages/airflow/example_dags/example_skip_dag.py
[2025-04-10T09:19:56.493+0000] {processor.py:925} INFO - DAG(s) 'example_skip_dag' retrieved from /home/airflow/.local/lib/python3.12/site-packages/airflow/example_dags/example_skip_dag.py
[2025-04-10T09:19:56.515+0000] {logging_mixin.py:190} INFO - [2025-04-10T09:19:56.515+0000] {dag.py:3239} INFO - Sync 1 DAGs
[2025-04-10T09:19:56.541+0000] {logging_mixin.py:190} INFO - [2025-04-10T09:19:56.540+0000] {dag.py:4180} INFO - Setting next_dagrun for example_skip_dag to 2025-04-09 00:00:00+00:00, run_after=2025-04-10 00:00:00+00:00
[2025-04-10T09:19:56.559+0000] {processor.py:208} INFO - Processing /home/airflow/.local/lib/python3.12/site-packages/airflow/example_dags/example_skip_dag.py took 0.085 seconds
[2025-04-10T09:20:28.066+0000] {processor.py:186} INFO - Started process (PID=1029) to work on /home/airflow/.local/lib/python3.12/site-packages/airflow/example_dags/example_skip_dag.py
[2025-04-10T09:20:28.067+0000] {processor.py:914} INFO - Processing file /home/airflow/.local/lib/python3.12/site-packages/airflow/example_dags/example_skip_dag.py for tasks to queue
[2025-04-10T09:20:28.070+0000] {logging_mixin.py:190} INFO - [2025-04-10T09:20:28.069+0000] {dagbag.py:588} INFO - Filling up the DagBag from /home/airflow/.local/lib/python3.12/site-packages/airflow/example_dags/example_skip_dag.py
[2025-04-10T09:20:28.079+0000] {processor.py:925} INFO - DAG(s) 'example_skip_dag' retrieved from /home/airflow/.local/lib/python3.12/site-packages/airflow/example_dags/example_skip_dag.py
[2025-04-10T09:20:28.102+0000] {logging_mixin.py:190} INFO - [2025-04-10T09:20:28.102+0000] {dag.py:3239} INFO - Sync 1 DAGs
[2025-04-10T09:20:28.127+0000] {logging_mixin.py:190} INFO - [2025-04-10T09:20:28.127+0000] {dag.py:4180} INFO - Setting next_dagrun for example_skip_dag to 2025-04-09 00:00:00+00:00, run_after=2025-04-10 00:00:00+00:00
[2025-04-10T09:20:28.146+0000] {processor.py:208} INFO - Processing /home/airflow/.local/lib/python3.12/site-packages/airflow/example_dags/example_skip_dag.py took 0.087 seconds
[2025-04-10T09:20:58.812+0000] {processor.py:186} INFO - Started process (PID=1093) to work on /home/airflow/.local/lib/python3.12/site-packages/airflow/example_dags/example_skip_dag.py
[2025-04-10T09:20:58.813+0000] {processor.py:914} INFO - Processing file /home/airflow/.local/lib/python3.12/site-packages/airflow/example_dags/example_skip_dag.py for tasks to queue
[2025-04-10T09:20:58.815+0000] {logging_mixin.py:190} INFO - [2025-04-10T09:20:58.815+0000] {dagbag.py:588} INFO - Filling up the DagBag from /home/airflow/.local/lib/python3.12/site-packages/airflow/example_dags/example_skip_dag.py
[2025-04-10T09:20:58.825+0000] {processor.py:925} INFO - DAG(s) 'example_skip_dag' retrieved from /home/airflow/.local/lib/python3.12/site-packages/airflow/example_dags/example_skip_dag.py
[2025-04-10T09:20:58.849+0000] {logging_mixin.py:190} INFO - [2025-04-10T09:20:58.849+0000] {dag.py:3239} INFO - Sync 1 DAGs
[2025-04-10T09:20:58.875+0000] {logging_mixin.py:190} INFO - [2025-04-10T09:20:58.875+0000] {dag.py:4180} INFO - Setting next_dagrun for example_skip_dag to 2025-04-09 00:00:00+00:00, run_after=2025-04-10 00:00:00+00:00
[2025-04-10T09:20:58.894+0000] {processor.py:208} INFO - Processing /home/airflow/.local/lib/python3.12/site-packages/airflow/example_dags/example_skip_dag.py took 0.089 seconds
[2025-04-10T09:21:29.445+0000] {processor.py:186} INFO - Started process (PID=1157) to work on /home/airflow/.local/lib/python3.12/site-packages/airflow/example_dags/example_skip_dag.py
[2025-04-10T09:21:29.446+0000] {processor.py:914} INFO - Processing file /home/airflow/.local/lib/python3.12/site-packages/airflow/example_dags/example_skip_dag.py for tasks to queue
[2025-04-10T09:21:29.451+0000] {logging_mixin.py:190} INFO - [2025-04-10T09:21:29.451+0000] {dagbag.py:588} INFO - Filling up the DagBag from /home/airflow/.local/lib/python3.12/site-packages/airflow/example_dags/example_skip_dag.py
[2025-04-10T09:21:29.460+0000] {processor.py:925} INFO - DAG(s) 'example_skip_dag' retrieved from /home/airflow/.local/lib/python3.12/site-packages/airflow/example_dags/example_skip_dag.py
[2025-04-10T09:21:29.485+0000] {logging_mixin.py:190} INFO - [2025-04-10T09:21:29.485+0000] {dag.py:3239} INFO - Sync 1 DAGs
[2025-04-10T09:21:29.511+0000] {logging_mixin.py:190} INFO - [2025-04-10T09:21:29.511+0000] {dag.py:4180} INFO - Setting next_dagrun for example_skip_dag to 2025-04-09 00:00:00+00:00, run_after=2025-04-10 00:00:00+00:00
[2025-04-10T09:21:29.530+0000] {processor.py:208} INFO - Processing /home/airflow/.local/lib/python3.12/site-packages/airflow/example_dags/example_skip_dag.py took 0.091 seconds
[2025-04-10T09:21:59.767+0000] {processor.py:186} INFO - Started process (PID=1221) to work on /home/airflow/.local/lib/python3.12/site-packages/airflow/example_dags/example_skip_dag.py
[2025-04-10T09:21:59.769+0000] {processor.py:914} INFO - Processing file /home/airflow/.local/lib/python3.12/site-packages/airflow/example_dags/example_skip_dag.py for tasks to queue
[2025-04-10T09:21:59.772+0000] {logging_mixin.py:190} INFO - [2025-04-10T09:21:59.772+0000] {dagbag.py:588} INFO - Filling up the DagBag from /home/airflow/.local/lib/python3.12/site-packages/airflow/example_dags/example_skip_dag.py
[2025-04-10T09:21:59.781+0000] {processor.py:925} INFO - DAG(s) 'example_skip_dag' retrieved from /home/airflow/.local/lib/python3.12/site-packages/airflow/example_dags/example_skip_dag.py
[2025-04-10T09:21:59.805+0000] {logging_mixin.py:190} INFO - [2025-04-10T09:21:59.805+0000] {dag.py:3239} INFO - Sync 1 DAGs
[2025-04-10T09:21:59.830+0000] {logging_mixin.py:190} INFO - [2025-04-10T09:21:59.830+0000] {dag.py:4180} INFO - Setting next_dagrun for example_skip_dag to 2025-04-09 00:00:00+00:00, run_after=2025-04-10 00:00:00+00:00
[2025-04-10T09:21:59.854+0000] {processor.py:208} INFO - Processing /home/airflow/.local/lib/python3.12/site-packages/airflow/example_dags/example_skip_dag.py took 0.093 seconds
[2025-04-10T09:22:31.441+0000] {processor.py:186} INFO - Started process (PID=1285) to work on /home/airflow/.local/lib/python3.12/site-packages/airflow/example_dags/example_skip_dag.py
[2025-04-10T09:22:31.442+0000] {processor.py:914} INFO - Processing file /home/airflow/.local/lib/python3.12/site-packages/airflow/example_dags/example_skip_dag.py for tasks to queue
[2025-04-10T09:22:31.444+0000] {logging_mixin.py:190} INFO - [2025-04-10T09:22:31.444+0000] {dagbag.py:588} INFO - Filling up the DagBag from /home/airflow/.local/lib/python3.12/site-packages/airflow/example_dags/example_skip_dag.py
[2025-04-10T09:22:31.454+0000] {processor.py:925} INFO - DAG(s) 'example_skip_dag' retrieved from /home/airflow/.local/lib/python3.12/site-packages/airflow/example_dags/example_skip_dag.py
[2025-04-10T09:22:31.476+0000] {logging_mixin.py:190} INFO - [2025-04-10T09:22:31.476+0000] {dag.py:3239} INFO - Sync 1 DAGs
[2025-04-10T09:22:31.502+0000] {logging_mixin.py:190} INFO - [2025-04-10T09:22:31.502+0000] {dag.py:4180} INFO - Setting next_dagrun for example_skip_dag to 2025-04-09 00:00:00+00:00, run_after=2025-04-10 00:00:00+00:00
[2025-04-10T09:22:31.521+0000] {processor.py:208} INFO - Processing /home/airflow/.local/lib/python3.12/site-packages/airflow/example_dags/example_skip_dag.py took 0.087 seconds
[2025-04-10T09:23:02.336+0000] {processor.py:186} INFO - Started process (PID=1349) to work on /home/airflow/.local/lib/python3.12/site-packages/airflow/example_dags/example_skip_dag.py
[2025-04-10T09:23:02.340+0000] {processor.py:914} INFO - Processing file /home/airflow/.local/lib/python3.12/site-packages/airflow/example_dags/example_skip_dag.py for tasks to queue
[2025-04-10T09:23:02.343+0000] {logging_mixin.py:190} INFO - [2025-04-10T09:23:02.343+0000] {dagbag.py:588} INFO - Filling up the DagBag from /home/airflow/.local/lib/python3.12/site-packages/airflow/example_dags/example_skip_dag.py
[2025-04-10T09:23:02.355+0000] {processor.py:925} INFO - DAG(s) 'example_skip_dag' retrieved from /home/airflow/.local/lib/python3.12/site-packages/airflow/example_dags/example_skip_dag.py
[2025-04-10T09:23:02.380+0000] {logging_mixin.py:190} INFO - [2025-04-10T09:23:02.380+0000] {dag.py:3239} INFO - Sync 1 DAGs
[2025-04-10T09:23:02.411+0000] {logging_mixin.py:190} INFO - [2025-04-10T09:23:02.411+0000] {dag.py:4180} INFO - Setting next_dagrun for example_skip_dag to 2025-04-09 00:00:00+00:00, run_after=2025-04-10 00:00:00+00:00
[2025-04-10T09:23:02.437+0000] {processor.py:208} INFO - Processing /home/airflow/.local/lib/python3.12/site-packages/airflow/example_dags/example_skip_dag.py took 0.108 seconds
[2025-04-10T09:23:33.794+0000] {processor.py:186} INFO - Started process (PID=1413) to work on /home/airflow/.local/lib/python3.12/site-packages/airflow/example_dags/example_skip_dag.py
[2025-04-10T09:23:33.796+0000] {processor.py:914} INFO - Processing file /home/airflow/.local/lib/python3.12/site-packages/airflow/example_dags/example_skip_dag.py for tasks to queue
[2025-04-10T09:23:33.799+0000] {logging_mixin.py:190} INFO - [2025-04-10T09:23:33.799+0000] {dagbag.py:588} INFO - Filling up the DagBag from /home/airflow/.local/lib/python3.12/site-packages/airflow/example_dags/example_skip_dag.py
[2025-04-10T09:23:33.813+0000] {processor.py:925} INFO - DAG(s) 'example_skip_dag' retrieved from /home/airflow/.local/lib/python3.12/site-packages/airflow/example_dags/example_skip_dag.py
[2025-04-10T09:23:33.844+0000] {logging_mixin.py:190} INFO - [2025-04-10T09:23:33.844+0000] {dag.py:3239} INFO - Sync 1 DAGs
[2025-04-10T09:23:33.870+0000] {logging_mixin.py:190} INFO - [2025-04-10T09:23:33.870+0000] {dag.py:4180} INFO - Setting next_dagrun for example_skip_dag to 2025-04-09 00:00:00+00:00, run_after=2025-04-10 00:00:00+00:00
[2025-04-10T09:23:33.891+0000] {processor.py:208} INFO - Processing /home/airflow/.local/lib/python3.12/site-packages/airflow/example_dags/example_skip_dag.py took 0.104 seconds
[2025-04-10T09:24:05.063+0000] {processor.py:186} INFO - Started process (PID=1477) to work on /home/airflow/.local/lib/python3.12/site-packages/airflow/example_dags/example_skip_dag.py
[2025-04-10T09:24:05.065+0000] {processor.py:914} INFO - Processing file /home/airflow/.local/lib/python3.12/site-packages/airflow/example_dags/example_skip_dag.py for tasks to queue
[2025-04-10T09:24:05.068+0000] {logging_mixin.py:190} INFO - [2025-04-10T09:24:05.068+0000] {dagbag.py:588} INFO - Filling up the DagBag from /home/airflow/.local/lib/python3.12/site-packages/airflow/example_dags/example_skip_dag.py
[2025-04-10T09:24:05.078+0000] {processor.py:925} INFO - DAG(s) 'example_skip_dag' retrieved from /home/airflow/.local/lib/python3.12/site-packages/airflow/example_dags/example_skip_dag.py
[2025-04-10T09:24:05.100+0000] {logging_mixin.py:190} INFO - [2025-04-10T09:24:05.100+0000] {dag.py:3239} INFO - Sync 1 DAGs
[2025-04-10T09:24:05.128+0000] {logging_mixin.py:190} INFO - [2025-04-10T09:24:05.128+0000] {dag.py:4180} INFO - Setting next_dagrun for example_skip_dag to 2025-04-09 00:00:00+00:00, run_after=2025-04-10 00:00:00+00:00
[2025-04-10T09:24:05.147+0000] {processor.py:208} INFO - Processing /home/airflow/.local/lib/python3.12/site-packages/airflow/example_dags/example_skip_dag.py took 0.090 seconds
[2025-04-10T09:24:36.584+0000] {processor.py:186} INFO - Started process (PID=1541) to work on /home/airflow/.local/lib/python3.12/site-packages/airflow/example_dags/example_skip_dag.py
[2025-04-10T09:24:36.585+0000] {processor.py:914} INFO - Processing file /home/airflow/.local/lib/python3.12/site-packages/airflow/example_dags/example_skip_dag.py for tasks to queue
[2025-04-10T09:24:36.589+0000] {logging_mixin.py:190} INFO - [2025-04-10T09:24:36.588+0000] {dagbag.py:588} INFO - Filling up the DagBag from /home/airflow/.local/lib/python3.12/site-packages/airflow/example_dags/example_skip_dag.py
[2025-04-10T09:24:36.602+0000] {processor.py:925} INFO - DAG(s) 'example_skip_dag' retrieved from /home/airflow/.local/lib/python3.12/site-packages/airflow/example_dags/example_skip_dag.py
[2025-04-10T09:24:36.638+0000] {logging_mixin.py:190} INFO - [2025-04-10T09:24:36.638+0000] {dag.py:3239} INFO - Sync 1 DAGs
[2025-04-10T09:24:36.672+0000] {logging_mixin.py:190} INFO - [2025-04-10T09:24:36.671+0000] {dag.py:4180} INFO - Setting next_dagrun for example_skip_dag to 2025-04-09 00:00:00+00:00, run_after=2025-04-10 00:00:00+00:00
[2025-04-10T09:24:36.697+0000] {processor.py:208} INFO - Processing /home/airflow/.local/lib/python3.12/site-packages/airflow/example_dags/example_skip_dag.py took 0.121 seconds
[2025-04-10T09:25:08.342+0000] {processor.py:186} INFO - Started process (PID=1605) to work on /home/airflow/.local/lib/python3.12/site-packages/airflow/example_dags/example_skip_dag.py
[2025-04-10T09:25:08.348+0000] {processor.py:914} INFO - Processing file /home/airflow/.local/lib/python3.12/site-packages/airflow/example_dags/example_skip_dag.py for tasks to queue
[2025-04-10T09:25:08.351+0000] {logging_mixin.py:190} INFO - [2025-04-10T09:25:08.350+0000] {dagbag.py:588} INFO - Filling up the DagBag from /home/airflow/.local/lib/python3.12/site-packages/airflow/example_dags/example_skip_dag.py
[2025-04-10T09:25:08.363+0000] {processor.py:925} INFO - DAG(s) 'example_skip_dag' retrieved from /home/airflow/.local/lib/python3.12/site-packages/airflow/example_dags/example_skip_dag.py
[2025-04-10T09:25:08.387+0000] {logging_mixin.py:190} INFO - [2025-04-10T09:25:08.387+0000] {dag.py:3239} INFO - Sync 1 DAGs
[2025-04-10T09:25:08.415+0000] {logging_mixin.py:190} INFO - [2025-04-10T09:25:08.415+0000] {dag.py:4180} INFO - Setting next_dagrun for example_skip_dag to 2025-04-09 00:00:00+00:00, run_after=2025-04-10 00:00:00+00:00
[2025-04-10T09:25:08.439+0000] {processor.py:208} INFO - Processing /home/airflow/.local/lib/python3.12/site-packages/airflow/example_dags/example_skip_dag.py took 0.104 seconds
[2025-04-10T09:25:39.229+0000] {processor.py:186} INFO - Started process (PID=1669) to work on /home/airflow/.local/lib/python3.12/site-packages/airflow/example_dags/example_skip_dag.py
[2025-04-10T09:25:39.230+0000] {processor.py:914} INFO - Processing file /home/airflow/.local/lib/python3.12/site-packages/airflow/example_dags/example_skip_dag.py for tasks to queue
[2025-04-10T09:25:39.233+0000] {logging_mixin.py:190} INFO - [2025-04-10T09:25:39.232+0000] {dagbag.py:588} INFO - Filling up the DagBag from /home/airflow/.local/lib/python3.12/site-packages/airflow/example_dags/example_skip_dag.py
[2025-04-10T09:25:39.243+0000] {processor.py:925} INFO - DAG(s) 'example_skip_dag' retrieved from /home/airflow/.local/lib/python3.12/site-packages/airflow/example_dags/example_skip_dag.py
[2025-04-10T09:25:39.269+0000] {logging_mixin.py:190} INFO - [2025-04-10T09:25:39.269+0000] {dag.py:3239} INFO - Sync 1 DAGs
[2025-04-10T09:25:39.296+0000] {logging_mixin.py:190} INFO - [2025-04-10T09:25:39.296+0000] {dag.py:4180} INFO - Setting next_dagrun for example_skip_dag to 2025-04-09 00:00:00+00:00, run_after=2025-04-10 00:00:00+00:00
[2025-04-10T09:25:39.321+0000] {processor.py:208} INFO - Processing /home/airflow/.local/lib/python3.12/site-packages/airflow/example_dags/example_skip_dag.py took 0.099 seconds
[2025-04-10T09:26:10.496+0000] {processor.py:186} INFO - Started process (PID=1733) to work on /home/airflow/.local/lib/python3.12/site-packages/airflow/example_dags/example_skip_dag.py
[2025-04-10T09:26:10.498+0000] {processor.py:914} INFO - Processing file /home/airflow/.local/lib/python3.12/site-packages/airflow/example_dags/example_skip_dag.py for tasks to queue
[2025-04-10T09:26:10.501+0000] {logging_mixin.py:190} INFO - [2025-04-10T09:26:10.500+0000] {dagbag.py:588} INFO - Filling up the DagBag from /home/airflow/.local/lib/python3.12/site-packages/airflow/example_dags/example_skip_dag.py
[2025-04-10T09:26:10.511+0000] {processor.py:925} INFO - DAG(s) 'example_skip_dag' retrieved from /home/airflow/.local/lib/python3.12/site-packages/airflow/example_dags/example_skip_dag.py
[2025-04-10T09:26:10.535+0000] {logging_mixin.py:190} INFO - [2025-04-10T09:26:10.535+0000] {dag.py:3239} INFO - Sync 1 DAGs
[2025-04-10T09:26:10.561+0000] {logging_mixin.py:190} INFO - [2025-04-10T09:26:10.561+0000] {dag.py:4180} INFO - Setting next_dagrun for example_skip_dag to 2025-04-09 00:00:00+00:00, run_after=2025-04-10 00:00:00+00:00
[2025-04-10T09:26:10.586+0000] {processor.py:208} INFO - Processing /home/airflow/.local/lib/python3.12/site-packages/airflow/example_dags/example_skip_dag.py took 0.097 seconds
[2025-04-10T09:26:41.632+0000] {processor.py:186} INFO - Started process (PID=1797) to work on /home/airflow/.local/lib/python3.12/site-packages/airflow/example_dags/example_skip_dag.py
[2025-04-10T09:26:41.633+0000] {processor.py:914} INFO - Processing file /home/airflow/.local/lib/python3.12/site-packages/airflow/example_dags/example_skip_dag.py for tasks to queue
[2025-04-10T09:26:41.636+0000] {logging_mixin.py:190} INFO - [2025-04-10T09:26:41.635+0000] {dagbag.py:588} INFO - Filling up the DagBag from /home/airflow/.local/lib/python3.12/site-packages/airflow/example_dags/example_skip_dag.py
[2025-04-10T09:26:41.647+0000] {processor.py:925} INFO - DAG(s) 'example_skip_dag' retrieved from /home/airflow/.local/lib/python3.12/site-packages/airflow/example_dags/example_skip_dag.py
[2025-04-10T09:26:41.671+0000] {logging_mixin.py:190} INFO - [2025-04-10T09:26:41.671+0000] {dag.py:3239} INFO - Sync 1 DAGs
[2025-04-10T09:26:41.698+0000] {logging_mixin.py:190} INFO - [2025-04-10T09:26:41.698+0000] {dag.py:4180} INFO - Setting next_dagrun for example_skip_dag to 2025-04-09 00:00:00+00:00, run_after=2025-04-10 00:00:00+00:00
[2025-04-10T09:26:41.717+0000] {processor.py:208} INFO - Processing /home/airflow/.local/lib/python3.12/site-packages/airflow/example_dags/example_skip_dag.py took 0.092 seconds
[2025-04-10T09:27:13.292+0000] {processor.py:186} INFO - Started process (PID=1861) to work on /home/airflow/.local/lib/python3.12/site-packages/airflow/example_dags/example_skip_dag.py
[2025-04-10T09:27:13.294+0000] {processor.py:914} INFO - Processing file /home/airflow/.local/lib/python3.12/site-packages/airflow/example_dags/example_skip_dag.py for tasks to queue
[2025-04-10T09:27:13.298+0000] {logging_mixin.py:190} INFO - [2025-04-10T09:27:13.297+0000] {dagbag.py:588} INFO - Filling up the DagBag from /home/airflow/.local/lib/python3.12/site-packages/airflow/example_dags/example_skip_dag.py
[2025-04-10T09:27:13.313+0000] {processor.py:925} INFO - DAG(s) 'example_skip_dag' retrieved from /home/airflow/.local/lib/python3.12/site-packages/airflow/example_dags/example_skip_dag.py
[2025-04-10T09:27:13.340+0000] {logging_mixin.py:190} INFO - [2025-04-10T09:27:13.339+0000] {dag.py:3239} INFO - Sync 1 DAGs
[2025-04-10T09:27:13.370+0000] {logging_mixin.py:190} INFO - [2025-04-10T09:27:13.370+0000] {dag.py:4180} INFO - Setting next_dagrun for example_skip_dag to 2025-04-09 00:00:00+00:00, run_after=2025-04-10 00:00:00+00:00
[2025-04-10T09:27:13.391+0000] {processor.py:208} INFO - Processing /home/airflow/.local/lib/python3.12/site-packages/airflow/example_dags/example_skip_dag.py took 0.107 seconds
[2025-04-10T09:27:44.561+0000] {processor.py:186} INFO - Started process (PID=1925) to work on /home/airflow/.local/lib/python3.12/site-packages/airflow/example_dags/example_skip_dag.py
[2025-04-10T09:27:44.562+0000] {processor.py:914} INFO - Processing file /home/airflow/.local/lib/python3.12/site-packages/airflow/example_dags/example_skip_dag.py for tasks to queue
[2025-04-10T09:27:44.565+0000] {logging_mixin.py:190} INFO - [2025-04-10T09:27:44.565+0000] {dagbag.py:588} INFO - Filling up the DagBag from /home/airflow/.local/lib/python3.12/site-packages/airflow/example_dags/example_skip_dag.py
[2025-04-10T09:27:44.578+0000] {processor.py:925} INFO - DAG(s) 'example_skip_dag' retrieved from /home/airflow/.local/lib/python3.12/site-packages/airflow/example_dags/example_skip_dag.py
[2025-04-10T09:27:44.605+0000] {logging_mixin.py:190} INFO - [2025-04-10T09:27:44.604+0000] {dag.py:3239} INFO - Sync 1 DAGs
[2025-04-10T09:27:44.632+0000] {logging_mixin.py:190} INFO - [2025-04-10T09:27:44.632+0000] {dag.py:4180} INFO - Setting next_dagrun for example_skip_dag to 2025-04-09 00:00:00+00:00, run_after=2025-04-10 00:00:00+00:00
[2025-04-10T09:27:44.653+0000] {processor.py:208} INFO - Processing /home/airflow/.local/lib/python3.12/site-packages/airflow/example_dags/example_skip_dag.py took 0.099 seconds
[2025-04-10T09:28:16.198+0000] {processor.py:186} INFO - Started process (PID=1989) to work on /home/airflow/.local/lib/python3.12/site-packages/airflow/example_dags/example_skip_dag.py
[2025-04-10T09:28:16.200+0000] {processor.py:914} INFO - Processing file /home/airflow/.local/lib/python3.12/site-packages/airflow/example_dags/example_skip_dag.py for tasks to queue
[2025-04-10T09:28:16.203+0000] {logging_mixin.py:190} INFO - [2025-04-10T09:28:16.203+0000] {dagbag.py:588} INFO - Filling up the DagBag from /home/airflow/.local/lib/python3.12/site-packages/airflow/example_dags/example_skip_dag.py
[2025-04-10T09:28:16.213+0000] {processor.py:925} INFO - DAG(s) 'example_skip_dag' retrieved from /home/airflow/.local/lib/python3.12/site-packages/airflow/example_dags/example_skip_dag.py
[2025-04-10T09:28:16.235+0000] {logging_mixin.py:190} INFO - [2025-04-10T09:28:16.235+0000] {dag.py:3239} INFO - Sync 1 DAGs
[2025-04-10T09:28:16.261+0000] {logging_mixin.py:190} INFO - [2025-04-10T09:28:16.261+0000] {dag.py:4180} INFO - Setting next_dagrun for example_skip_dag to 2025-04-09 00:00:00+00:00, run_after=2025-04-10 00:00:00+00:00
[2025-04-10T09:28:16.288+0000] {processor.py:208} INFO - Processing /home/airflow/.local/lib/python3.12/site-packages/airflow/example_dags/example_skip_dag.py took 0.097 seconds
[2025-04-10T09:28:47.775+0000] {processor.py:186} INFO - Started process (PID=2059) to work on /home/airflow/.local/lib/python3.12/site-packages/airflow/example_dags/example_skip_dag.py
[2025-04-10T09:28:47.776+0000] {processor.py:914} INFO - Processing file /home/airflow/.local/lib/python3.12/site-packages/airflow/example_dags/example_skip_dag.py for tasks to queue
[2025-04-10T09:28:47.779+0000] {logging_mixin.py:190} INFO - [2025-04-10T09:28:47.778+0000] {dagbag.py:588} INFO - Filling up the DagBag from /home/airflow/.local/lib/python3.12/site-packages/airflow/example_dags/example_skip_dag.py
[2025-04-10T09:28:47.789+0000] {processor.py:925} INFO - DAG(s) 'example_skip_dag' retrieved from /home/airflow/.local/lib/python3.12/site-packages/airflow/example_dags/example_skip_dag.py
[2025-04-10T09:28:47.811+0000] {logging_mixin.py:190} INFO - [2025-04-10T09:28:47.811+0000] {dag.py:3239} INFO - Sync 1 DAGs
[2025-04-10T09:28:47.837+0000] {logging_mixin.py:190} INFO - [2025-04-10T09:28:47.837+0000] {dag.py:4180} INFO - Setting next_dagrun for example_skip_dag to 2025-04-09 00:00:00+00:00, run_after=2025-04-10 00:00:00+00:00
[2025-04-10T09:28:47.856+0000] {processor.py:208} INFO - Processing /home/airflow/.local/lib/python3.12/site-packages/airflow/example_dags/example_skip_dag.py took 0.089 seconds
[2025-04-10T09:29:18.805+0000] {processor.py:186} INFO - Started process (PID=2123) to work on /home/airflow/.local/lib/python3.12/site-packages/airflow/example_dags/example_skip_dag.py
[2025-04-10T09:29:18.806+0000] {processor.py:914} INFO - Processing file /home/airflow/.local/lib/python3.12/site-packages/airflow/example_dags/example_skip_dag.py for tasks to queue
[2025-04-10T09:29:18.809+0000] {logging_mixin.py:190} INFO - [2025-04-10T09:29:18.809+0000] {dagbag.py:588} INFO - Filling up the DagBag from /home/airflow/.local/lib/python3.12/site-packages/airflow/example_dags/example_skip_dag.py
[2025-04-10T09:29:18.819+0000] {processor.py:925} INFO - DAG(s) 'example_skip_dag' retrieved from /home/airflow/.local/lib/python3.12/site-packages/airflow/example_dags/example_skip_dag.py
[2025-04-10T09:29:18.846+0000] {logging_mixin.py:190} INFO - [2025-04-10T09:29:18.846+0000] {dag.py:3239} INFO - Sync 1 DAGs
[2025-04-10T09:29:18.872+0000] {logging_mixin.py:190} INFO - [2025-04-10T09:29:18.872+0000] {dag.py:4180} INFO - Setting next_dagrun for example_skip_dag to 2025-04-09 00:00:00+00:00, run_after=2025-04-10 00:00:00+00:00
[2025-04-10T09:29:18.893+0000] {processor.py:208} INFO - Processing /home/airflow/.local/lib/python3.12/site-packages/airflow/example_dags/example_skip_dag.py took 0.095 seconds
[2025-04-10T09:29:49.952+0000] {processor.py:186} INFO - Started process (PID=2187) to work on /home/airflow/.local/lib/python3.12/site-packages/airflow/example_dags/example_skip_dag.py
[2025-04-10T09:29:49.953+0000] {processor.py:914} INFO - Processing file /home/airflow/.local/lib/python3.12/site-packages/airflow/example_dags/example_skip_dag.py for tasks to queue
[2025-04-10T09:29:49.958+0000] {logging_mixin.py:190} INFO - [2025-04-10T09:29:49.958+0000] {dagbag.py:588} INFO - Filling up the DagBag from /home/airflow/.local/lib/python3.12/site-packages/airflow/example_dags/example_skip_dag.py
[2025-04-10T09:29:49.968+0000] {processor.py:925} INFO - DAG(s) 'example_skip_dag' retrieved from /home/airflow/.local/lib/python3.12/site-packages/airflow/example_dags/example_skip_dag.py
[2025-04-10T09:29:49.990+0000] {logging_mixin.py:190} INFO - [2025-04-10T09:29:49.990+0000] {dag.py:3239} INFO - Sync 1 DAGs
[2025-04-10T09:29:50.016+0000] {logging_mixin.py:190} INFO - [2025-04-10T09:29:50.016+0000] {dag.py:4180} INFO - Setting next_dagrun for example_skip_dag to 2025-04-09 00:00:00+00:00, run_after=2025-04-10 00:00:00+00:00
[2025-04-10T09:29:50.035+0000] {processor.py:208} INFO - Processing /home/airflow/.local/lib/python3.12/site-packages/airflow/example_dags/example_skip_dag.py took 0.091 seconds
[2025-04-10T09:30:21.217+0000] {processor.py:186} INFO - Started process (PID=2251) to work on /home/airflow/.local/lib/python3.12/site-packages/airflow/example_dags/example_skip_dag.py
[2025-04-10T09:30:21.218+0000] {processor.py:914} INFO - Processing file /home/airflow/.local/lib/python3.12/site-packages/airflow/example_dags/example_skip_dag.py for tasks to queue
[2025-04-10T09:30:21.221+0000] {logging_mixin.py:190} INFO - [2025-04-10T09:30:21.220+0000] {dagbag.py:588} INFO - Filling up the DagBag from /home/airflow/.local/lib/python3.12/site-packages/airflow/example_dags/example_skip_dag.py
[2025-04-10T09:30:21.231+0000] {processor.py:925} INFO - DAG(s) 'example_skip_dag' retrieved from /home/airflow/.local/lib/python3.12/site-packages/airflow/example_dags/example_skip_dag.py
[2025-04-10T09:30:21.255+0000] {logging_mixin.py:190} INFO - [2025-04-10T09:30:21.255+0000] {dag.py:3239} INFO - Sync 1 DAGs
[2025-04-10T09:30:21.289+0000] {logging_mixin.py:190} INFO - [2025-04-10T09:30:21.288+0000] {dag.py:4180} INFO - Setting next_dagrun for example_skip_dag to 2025-04-09 00:00:00+00:00, run_after=2025-04-10 00:00:00+00:00
[2025-04-10T09:30:21.313+0000] {processor.py:208} INFO - Processing /home/airflow/.local/lib/python3.12/site-packages/airflow/example_dags/example_skip_dag.py took 0.104 seconds
[2025-04-10T09:30:52.488+0000] {processor.py:186} INFO - Started process (PID=2315) to work on /home/airflow/.local/lib/python3.12/site-packages/airflow/example_dags/example_skip_dag.py
[2025-04-10T09:30:52.489+0000] {processor.py:914} INFO - Processing file /home/airflow/.local/lib/python3.12/site-packages/airflow/example_dags/example_skip_dag.py for tasks to queue
[2025-04-10T09:30:52.492+0000] {logging_mixin.py:190} INFO - [2025-04-10T09:30:52.492+0000] {dagbag.py:588} INFO - Filling up the DagBag from /home/airflow/.local/lib/python3.12/site-packages/airflow/example_dags/example_skip_dag.py
[2025-04-10T09:30:52.506+0000] {processor.py:925} INFO - DAG(s) 'example_skip_dag' retrieved from /home/airflow/.local/lib/python3.12/site-packages/airflow/example_dags/example_skip_dag.py
[2025-04-10T09:30:52.531+0000] {logging_mixin.py:190} INFO - [2025-04-10T09:30:52.531+0000] {dag.py:3239} INFO - Sync 1 DAGs
[2025-04-10T09:30:52.562+0000] {logging_mixin.py:190} INFO - [2025-04-10T09:30:52.562+0000] {dag.py:4180} INFO - Setting next_dagrun for example_skip_dag to 2025-04-09 00:00:00+00:00, run_after=2025-04-10 00:00:00+00:00
[2025-04-10T09:30:52.582+0000] {processor.py:208} INFO - Processing /home/airflow/.local/lib/python3.12/site-packages/airflow/example_dags/example_skip_dag.py took 0.101 seconds
[2025-04-10T09:31:23.211+0000] {processor.py:186} INFO - Started process (PID=2379) to work on /home/airflow/.local/lib/python3.12/site-packages/airflow/example_dags/example_skip_dag.py
[2025-04-10T09:31:23.212+0000] {processor.py:914} INFO - Processing file /home/airflow/.local/lib/python3.12/site-packages/airflow/example_dags/example_skip_dag.py for tasks to queue
[2025-04-10T09:31:23.215+0000] {logging_mixin.py:190} INFO - [2025-04-10T09:31:23.215+0000] {dagbag.py:588} INFO - Filling up the DagBag from /home/airflow/.local/lib/python3.12/site-packages/airflow/example_dags/example_skip_dag.py
[2025-04-10T09:31:23.227+0000] {processor.py:925} INFO - DAG(s) 'example_skip_dag' retrieved from /home/airflow/.local/lib/python3.12/site-packages/airflow/example_dags/example_skip_dag.py
[2025-04-10T09:31:23.250+0000] {logging_mixin.py:190} INFO - [2025-04-10T09:31:23.250+0000] {dag.py:3239} INFO - Sync 1 DAGs
[2025-04-10T09:31:23.276+0000] {logging_mixin.py:190} INFO - [2025-04-10T09:31:23.275+0000] {dag.py:4180} INFO - Setting next_dagrun for example_skip_dag to 2025-04-09 00:00:00+00:00, run_after=2025-04-10 00:00:00+00:00
[2025-04-10T09:31:23.302+0000] {processor.py:208} INFO - Processing /home/airflow/.local/lib/python3.12/site-packages/airflow/example_dags/example_skip_dag.py took 0.099 seconds
[2025-04-10T09:31:53.954+0000] {processor.py:186} INFO - Started process (PID=2443) to work on /home/airflow/.local/lib/python3.12/site-packages/airflow/example_dags/example_skip_dag.py
[2025-04-10T09:31:53.955+0000] {processor.py:914} INFO - Processing file /home/airflow/.local/lib/python3.12/site-packages/airflow/example_dags/example_skip_dag.py for tasks to queue
[2025-04-10T09:31:53.959+0000] {logging_mixin.py:190} INFO - [2025-04-10T09:31:53.958+0000] {dagbag.py:588} INFO - Filling up the DagBag from /home/airflow/.local/lib/python3.12/site-packages/airflow/example_dags/example_skip_dag.py
[2025-04-10T09:31:53.968+0000] {processor.py:925} INFO - DAG(s) 'example_skip_dag' retrieved from /home/airflow/.local/lib/python3.12/site-packages/airflow/example_dags/example_skip_dag.py
[2025-04-10T09:31:53.991+0000] {logging_mixin.py:190} INFO - [2025-04-10T09:31:53.991+0000] {dag.py:3239} INFO - Sync 1 DAGs
[2025-04-10T09:31:54.016+0000] {logging_mixin.py:190} INFO - [2025-04-10T09:31:54.016+0000] {dag.py:4180} INFO - Setting next_dagrun for example_skip_dag to 2025-04-09 00:00:00+00:00, run_after=2025-04-10 00:00:00+00:00
[2025-04-10T09:31:54.035+0000] {processor.py:208} INFO - Processing /home/airflow/.local/lib/python3.12/site-packages/airflow/example_dags/example_skip_dag.py took 0.089 seconds
[2025-04-10T09:32:24.477+0000] {processor.py:186} INFO - Started process (PID=2506) to work on /home/airflow/.local/lib/python3.12/site-packages/airflow/example_dags/example_skip_dag.py
[2025-04-10T09:32:24.479+0000] {processor.py:914} INFO - Processing file /home/airflow/.local/lib/python3.12/site-packages/airflow/example_dags/example_skip_dag.py for tasks to queue
[2025-04-10T09:32:24.483+0000] {logging_mixin.py:190} INFO - [2025-04-10T09:32:24.482+0000] {dagbag.py:588} INFO - Filling up the DagBag from /home/airflow/.local/lib/python3.12/site-packages/airflow/example_dags/example_skip_dag.py
[2025-04-10T09:32:24.494+0000] {processor.py:925} INFO - DAG(s) 'example_skip_dag' retrieved from /home/airflow/.local/lib/python3.12/site-packages/airflow/example_dags/example_skip_dag.py
[2025-04-10T09:32:24.518+0000] {logging_mixin.py:190} INFO - [2025-04-10T09:32:24.517+0000] {dag.py:3239} INFO - Sync 1 DAGs
[2025-04-10T09:32:24.544+0000] {logging_mixin.py:190} INFO - [2025-04-10T09:32:24.543+0000] {dag.py:4180} INFO - Setting next_dagrun for example_skip_dag to 2025-04-09 00:00:00+00:00, run_after=2025-04-10 00:00:00+00:00
[2025-04-10T09:32:24.564+0000] {processor.py:208} INFO - Processing /home/airflow/.local/lib/python3.12/site-packages/airflow/example_dags/example_skip_dag.py took 0.095 seconds
[2025-04-10T09:32:55.031+0000] {processor.py:186} INFO - Started process (PID=2569) to work on /home/airflow/.local/lib/python3.12/site-packages/airflow/example_dags/example_skip_dag.py
[2025-04-10T09:32:55.032+0000] {processor.py:914} INFO - Processing file /home/airflow/.local/lib/python3.12/site-packages/airflow/example_dags/example_skip_dag.py for tasks to queue
[2025-04-10T09:32:55.035+0000] {logging_mixin.py:190} INFO - [2025-04-10T09:32:55.035+0000] {dagbag.py:588} INFO - Filling up the DagBag from /home/airflow/.local/lib/python3.12/site-packages/airflow/example_dags/example_skip_dag.py
[2025-04-10T09:32:55.046+0000] {processor.py:925} INFO - DAG(s) 'example_skip_dag' retrieved from /home/airflow/.local/lib/python3.12/site-packages/airflow/example_dags/example_skip_dag.py
[2025-04-10T09:32:55.075+0000] {logging_mixin.py:190} INFO - [2025-04-10T09:32:55.074+0000] {dag.py:3239} INFO - Sync 1 DAGs
[2025-04-10T09:32:55.103+0000] {logging_mixin.py:190} INFO - [2025-04-10T09:32:55.103+0000] {dag.py:4180} INFO - Setting next_dagrun for example_skip_dag to 2025-04-09 00:00:00+00:00, run_after=2025-04-10 00:00:00+00:00
[2025-04-10T09:32:55.127+0000] {processor.py:208} INFO - Processing /home/airflow/.local/lib/python3.12/site-packages/airflow/example_dags/example_skip_dag.py took 0.103 seconds
[2025-04-10T09:33:25.721+0000] {processor.py:186} INFO - Started process (PID=2633) to work on /home/airflow/.local/lib/python3.12/site-packages/airflow/example_dags/example_skip_dag.py
[2025-04-10T09:33:25.722+0000] {processor.py:914} INFO - Processing file /home/airflow/.local/lib/python3.12/site-packages/airflow/example_dags/example_skip_dag.py for tasks to queue
[2025-04-10T09:33:25.725+0000] {logging_mixin.py:190} INFO - [2025-04-10T09:33:25.725+0000] {dagbag.py:588} INFO - Filling up the DagBag from /home/airflow/.local/lib/python3.12/site-packages/airflow/example_dags/example_skip_dag.py
[2025-04-10T09:33:25.736+0000] {processor.py:925} INFO - DAG(s) 'example_skip_dag' retrieved from /home/airflow/.local/lib/python3.12/site-packages/airflow/example_dags/example_skip_dag.py
[2025-04-10T09:33:25.762+0000] {logging_mixin.py:190} INFO - [2025-04-10T09:33:25.762+0000] {dag.py:3239} INFO - Sync 1 DAGs
[2025-04-10T09:33:25.790+0000] {logging_mixin.py:190} INFO - [2025-04-10T09:33:25.790+0000] {dag.py:4180} INFO - Setting next_dagrun for example_skip_dag to 2025-04-09 00:00:00+00:00, run_after=2025-04-10 00:00:00+00:00
[2025-04-10T09:33:25.839+0000] {processor.py:208} INFO - Processing /home/airflow/.local/lib/python3.12/site-packages/airflow/example_dags/example_skip_dag.py took 0.126 seconds
[2025-04-10T09:33:55.934+0000] {processor.py:186} INFO - Started process (PID=2697) to work on /home/airflow/.local/lib/python3.12/site-packages/airflow/example_dags/example_skip_dag.py
[2025-04-10T09:33:55.936+0000] {processor.py:914} INFO - Processing file /home/airflow/.local/lib/python3.12/site-packages/airflow/example_dags/example_skip_dag.py for tasks to queue
[2025-04-10T09:33:55.939+0000] {logging_mixin.py:190} INFO - [2025-04-10T09:33:55.938+0000] {dagbag.py:588} INFO - Filling up the DagBag from /home/airflow/.local/lib/python3.12/site-packages/airflow/example_dags/example_skip_dag.py
[2025-04-10T09:33:55.949+0000] {processor.py:925} INFO - DAG(s) 'example_skip_dag' retrieved from /home/airflow/.local/lib/python3.12/site-packages/airflow/example_dags/example_skip_dag.py
[2025-04-10T09:33:55.973+0000] {logging_mixin.py:190} INFO - [2025-04-10T09:33:55.973+0000] {dag.py:3239} INFO - Sync 1 DAGs
[2025-04-10T09:33:55.999+0000] {logging_mixin.py:190} INFO - [2025-04-10T09:33:55.998+0000] {dag.py:4180} INFO - Setting next_dagrun for example_skip_dag to 2025-04-09 00:00:00+00:00, run_after=2025-04-10 00:00:00+00:00
[2025-04-10T09:33:56.022+0000] {processor.py:208} INFO - Processing /home/airflow/.local/lib/python3.12/site-packages/airflow/example_dags/example_skip_dag.py took 0.098 seconds
[2025-04-10T09:34:26.250+0000] {processor.py:186} INFO - Started process (PID=2761) to work on /home/airflow/.local/lib/python3.12/site-packages/airflow/example_dags/example_skip_dag.py
[2025-04-10T09:34:26.251+0000] {processor.py:914} INFO - Processing file /home/airflow/.local/lib/python3.12/site-packages/airflow/example_dags/example_skip_dag.py for tasks to queue
[2025-04-10T09:34:26.254+0000] {logging_mixin.py:190} INFO - [2025-04-10T09:34:26.253+0000] {dagbag.py:588} INFO - Filling up the DagBag from /home/airflow/.local/lib/python3.12/site-packages/airflow/example_dags/example_skip_dag.py
[2025-04-10T09:34:26.264+0000] {processor.py:925} INFO - DAG(s) 'example_skip_dag' retrieved from /home/airflow/.local/lib/python3.12/site-packages/airflow/example_dags/example_skip_dag.py
[2025-04-10T09:34:26.289+0000] {logging_mixin.py:190} INFO - [2025-04-10T09:34:26.289+0000] {dag.py:3239} INFO - Sync 1 DAGs
[2025-04-10T09:34:26.315+0000] {logging_mixin.py:190} INFO - [2025-04-10T09:34:26.315+0000] {dag.py:4180} INFO - Setting next_dagrun for example_skip_dag to 2025-04-09 00:00:00+00:00, run_after=2025-04-10 00:00:00+00:00
[2025-04-10T09:34:26.337+0000] {processor.py:208} INFO - Processing /home/airflow/.local/lib/python3.12/site-packages/airflow/example_dags/example_skip_dag.py took 0.094 seconds
[2025-04-10T09:34:57.368+0000] {processor.py:186} INFO - Started process (PID=2825) to work on /home/airflow/.local/lib/python3.12/site-packages/airflow/example_dags/example_skip_dag.py
[2025-04-10T09:34:57.371+0000] {processor.py:914} INFO - Processing file /home/airflow/.local/lib/python3.12/site-packages/airflow/example_dags/example_skip_dag.py for tasks to queue
[2025-04-10T09:34:57.375+0000] {logging_mixin.py:190} INFO - [2025-04-10T09:34:57.374+0000] {dagbag.py:588} INFO - Filling up the DagBag from /home/airflow/.local/lib/python3.12/site-packages/airflow/example_dags/example_skip_dag.py
[2025-04-10T09:34:57.385+0000] {processor.py:925} INFO - DAG(s) 'example_skip_dag' retrieved from /home/airflow/.local/lib/python3.12/site-packages/airflow/example_dags/example_skip_dag.py
[2025-04-10T09:34:57.409+0000] {logging_mixin.py:190} INFO - [2025-04-10T09:34:57.408+0000] {dag.py:3239} INFO - Sync 1 DAGs
[2025-04-10T09:34:57.437+0000] {logging_mixin.py:190} INFO - [2025-04-10T09:34:57.436+0000] {dag.py:4180} INFO - Setting next_dagrun for example_skip_dag to 2025-04-09 00:00:00+00:00, run_after=2025-04-10 00:00:00+00:00
[2025-04-10T09:34:57.462+0000] {processor.py:208} INFO - Processing /home/airflow/.local/lib/python3.12/site-packages/airflow/example_dags/example_skip_dag.py took 0.101 seconds
[2025-04-10T09:35:28.306+0000] {processor.py:186} INFO - Started process (PID=2888) to work on /home/airflow/.local/lib/python3.12/site-packages/airflow/example_dags/example_skip_dag.py
[2025-04-10T09:35:28.307+0000] {processor.py:914} INFO - Processing file /home/airflow/.local/lib/python3.12/site-packages/airflow/example_dags/example_skip_dag.py for tasks to queue
[2025-04-10T09:35:28.310+0000] {logging_mixin.py:190} INFO - [2025-04-10T09:35:28.310+0000] {dagbag.py:588} INFO - Filling up the DagBag from /home/airflow/.local/lib/python3.12/site-packages/airflow/example_dags/example_skip_dag.py
[2025-04-10T09:35:28.322+0000] {processor.py:925} INFO - DAG(s) 'example_skip_dag' retrieved from /home/airflow/.local/lib/python3.12/site-packages/airflow/example_dags/example_skip_dag.py
[2025-04-10T09:35:28.352+0000] {logging_mixin.py:190} INFO - [2025-04-10T09:35:28.352+0000] {dag.py:3239} INFO - Sync 1 DAGs
[2025-04-10T09:35:28.381+0000] {logging_mixin.py:190} INFO - [2025-04-10T09:35:28.380+0000] {dag.py:4180} INFO - Setting next_dagrun for example_skip_dag to 2025-04-09 00:00:00+00:00, run_after=2025-04-10 00:00:00+00:00
[2025-04-10T09:35:28.405+0000] {processor.py:208} INFO - Processing /home/airflow/.local/lib/python3.12/site-packages/airflow/example_dags/example_skip_dag.py took 0.111 seconds
[2025-04-10T09:35:59.236+0000] {processor.py:186} INFO - Started process (PID=2952) to work on /home/airflow/.local/lib/python3.12/site-packages/airflow/example_dags/example_skip_dag.py
[2025-04-10T09:35:59.237+0000] {processor.py:914} INFO - Processing file /home/airflow/.local/lib/python3.12/site-packages/airflow/example_dags/example_skip_dag.py for tasks to queue
[2025-04-10T09:35:59.240+0000] {logging_mixin.py:190} INFO - [2025-04-10T09:35:59.240+0000] {dagbag.py:588} INFO - Filling up the DagBag from /home/airflow/.local/lib/python3.12/site-packages/airflow/example_dags/example_skip_dag.py
[2025-04-10T09:35:59.252+0000] {processor.py:925} INFO - DAG(s) 'example_skip_dag' retrieved from /home/airflow/.local/lib/python3.12/site-packages/airflow/example_dags/example_skip_dag.py
[2025-04-10T09:35:59.279+0000] {logging_mixin.py:190} INFO - [2025-04-10T09:35:59.278+0000] {dag.py:3239} INFO - Sync 1 DAGs
[2025-04-10T09:35:59.307+0000] {logging_mixin.py:190} INFO - [2025-04-10T09:35:59.306+0000] {dag.py:4180} INFO - Setting next_dagrun for example_skip_dag to 2025-04-09 00:00:00+00:00, run_after=2025-04-10 00:00:00+00:00
[2025-04-10T09:35:59.338+0000] {processor.py:208} INFO - Processing /home/airflow/.local/lib/python3.12/site-packages/airflow/example_dags/example_skip_dag.py took 0.111 seconds
[2025-04-10T09:36:29.388+0000] {processor.py:186} INFO - Started process (PID=3016) to work on /home/airflow/.local/lib/python3.12/site-packages/airflow/example_dags/example_skip_dag.py
[2025-04-10T09:36:29.389+0000] {processor.py:914} INFO - Processing file /home/airflow/.local/lib/python3.12/site-packages/airflow/example_dags/example_skip_dag.py for tasks to queue
[2025-04-10T09:36:29.392+0000] {logging_mixin.py:190} INFO - [2025-04-10T09:36:29.391+0000] {dagbag.py:588} INFO - Filling up the DagBag from /home/airflow/.local/lib/python3.12/site-packages/airflow/example_dags/example_skip_dag.py
[2025-04-10T09:36:29.405+0000] {processor.py:925} INFO - DAG(s) 'example_skip_dag' retrieved from /home/airflow/.local/lib/python3.12/site-packages/airflow/example_dags/example_skip_dag.py
[2025-04-10T09:36:29.431+0000] {logging_mixin.py:190} INFO - [2025-04-10T09:36:29.431+0000] {dag.py:3239} INFO - Sync 1 DAGs
[2025-04-10T09:36:29.459+0000] {logging_mixin.py:190} INFO - [2025-04-10T09:36:29.458+0000] {dag.py:4180} INFO - Setting next_dagrun for example_skip_dag to 2025-04-09 00:00:00+00:00, run_after=2025-04-10 00:00:00+00:00
[2025-04-10T09:36:29.481+0000] {processor.py:208} INFO - Processing /home/airflow/.local/lib/python3.12/site-packages/airflow/example_dags/example_skip_dag.py took 0.101 seconds
[2025-04-10T09:36:59.975+0000] {processor.py:186} INFO - Started process (PID=3080) to work on /home/airflow/.local/lib/python3.12/site-packages/airflow/example_dags/example_skip_dag.py
[2025-04-10T09:36:59.978+0000] {processor.py:914} INFO - Processing file /home/airflow/.local/lib/python3.12/site-packages/airflow/example_dags/example_skip_dag.py for tasks to queue
[2025-04-10T09:36:59.981+0000] {logging_mixin.py:190} INFO - [2025-04-10T09:36:59.980+0000] {dagbag.py:588} INFO - Filling up the DagBag from /home/airflow/.local/lib/python3.12/site-packages/airflow/example_dags/example_skip_dag.py
[2025-04-10T09:36:59.993+0000] {processor.py:925} INFO - DAG(s) 'example_skip_dag' retrieved from /home/airflow/.local/lib/python3.12/site-packages/airflow/example_dags/example_skip_dag.py
[2025-04-10T09:37:00.017+0000] {logging_mixin.py:190} INFO - [2025-04-10T09:37:00.017+0000] {dag.py:3239} INFO - Sync 1 DAGs
[2025-04-10T09:37:00.258+0000] {logging_mixin.py:190} INFO - [2025-04-10T09:37:00.258+0000] {dag.py:4180} INFO - Setting next_dagrun for example_skip_dag to 2025-04-09 00:00:00+00:00, run_after=2025-04-10 00:00:00+00:00
[2025-04-10T09:37:00.281+0000] {processor.py:208} INFO - Processing /home/airflow/.local/lib/python3.12/site-packages/airflow/example_dags/example_skip_dag.py took 0.319 seconds
