[2025-04-10T09:12:41.390+0000] {processor.py:186} INFO - Started process (PID=86) to work on /home/airflow/.local/lib/python3.12/site-packages/airflow/example_dags/example_latest_only.py
[2025-04-10T09:12:41.391+0000] {processor.py:914} INFO - Processing file /home/airflow/.local/lib/python3.12/site-packages/airflow/example_dags/example_latest_only.py for tasks to queue
[2025-04-10T09:12:41.395+0000] {logging_mixin.py:190} INFO - [2025-04-10T09:12:41.394+0000] {dagbag.py:588} INFO - Filling up the DagBag from /home/airflow/.local/lib/python3.12/site-packages/airflow/example_dags/example_latest_only.py
[2025-04-10T09:12:41.406+0000] {processor.py:925} INFO - DAG(s) 'latest_only' retrieved from /home/airflow/.local/lib/python3.12/site-packages/airflow/example_dags/example_latest_only.py
[2025-04-10T09:12:41.448+0000] {logging_mixin.py:190} INFO - [2025-04-10T09:12:41.448+0000] {dag.py:3239} INFO - Sync 1 DAGs
[2025-04-10T09:12:41.486+0000] {logging_mixin.py:190} INFO - [2025-04-10T09:12:41.486+0000] {dag.py:4180} INFO - Setting next_dagrun for latest_only to 2025-04-10 04:00:00+00:00, run_after=2025-04-10 08:00:00+00:00
[2025-04-10T09:12:41.517+0000] {processor.py:208} INFO - Processing /home/airflow/.local/lib/python3.12/site-packages/airflow/example_dags/example_latest_only.py took 0.136 seconds
[2025-04-10T09:13:11.705+0000] {processor.py:186} INFO - Started process (PID=149) to work on /home/airflow/.local/lib/python3.12/site-packages/airflow/example_dags/example_latest_only.py
[2025-04-10T09:13:11.707+0000] {processor.py:914} INFO - Processing file /home/airflow/.local/lib/python3.12/site-packages/airflow/example_dags/example_latest_only.py for tasks to queue
[2025-04-10T09:13:11.715+0000] {logging_mixin.py:190} INFO - [2025-04-10T09:13:11.715+0000] {dagbag.py:588} INFO - Filling up the DagBag from /home/airflow/.local/lib/python3.12/site-packages/airflow/example_dags/example_latest_only.py
[2025-04-10T09:13:11.732+0000] {processor.py:925} INFO - DAG(s) 'latest_only' retrieved from /home/airflow/.local/lib/python3.12/site-packages/airflow/example_dags/example_latest_only.py
[2025-04-10T09:13:11.764+0000] {logging_mixin.py:190} INFO - [2025-04-10T09:13:11.763+0000] {dag.py:3239} INFO - Sync 1 DAGs
[2025-04-10T09:13:11.797+0000] {logging_mixin.py:190} INFO - [2025-04-10T09:13:11.796+0000] {dag.py:4180} INFO - Setting next_dagrun for latest_only to 2025-04-10 04:00:00+00:00, run_after=2025-04-10 08:00:00+00:00
[2025-04-10T09:13:11.823+0000] {processor.py:208} INFO - Processing /home/airflow/.local/lib/python3.12/site-packages/airflow/example_dags/example_latest_only.py took 0.126 seconds
[2025-04-10T09:13:42.614+0000] {processor.py:186} INFO - Started process (PID=213) to work on /home/airflow/.local/lib/python3.12/site-packages/airflow/example_dags/example_latest_only.py
[2025-04-10T09:13:42.615+0000] {processor.py:914} INFO - Processing file /home/airflow/.local/lib/python3.12/site-packages/airflow/example_dags/example_latest_only.py for tasks to queue
[2025-04-10T09:13:42.617+0000] {logging_mixin.py:190} INFO - [2025-04-10T09:13:42.617+0000] {dagbag.py:588} INFO - Filling up the DagBag from /home/airflow/.local/lib/python3.12/site-packages/airflow/example_dags/example_latest_only.py
[2025-04-10T09:13:42.626+0000] {processor.py:925} INFO - DAG(s) 'latest_only' retrieved from /home/airflow/.local/lib/python3.12/site-packages/airflow/example_dags/example_latest_only.py
[2025-04-10T09:13:42.649+0000] {logging_mixin.py:190} INFO - [2025-04-10T09:13:42.649+0000] {dag.py:3239} INFO - Sync 1 DAGs
[2025-04-10T09:13:42.674+0000] {logging_mixin.py:190} INFO - [2025-04-10T09:13:42.674+0000] {dag.py:4180} INFO - Setting next_dagrun for latest_only to 2025-04-10 04:00:00+00:00, run_after=2025-04-10 08:00:00+00:00
[2025-04-10T09:13:42.692+0000] {processor.py:208} INFO - Processing /home/airflow/.local/lib/python3.12/site-packages/airflow/example_dags/example_latest_only.py took 0.084 seconds
[2025-04-10T09:14:13.249+0000] {processor.py:186} INFO - Started process (PID=277) to work on /home/airflow/.local/lib/python3.12/site-packages/airflow/example_dags/example_latest_only.py
[2025-04-10T09:14:13.251+0000] {processor.py:914} INFO - Processing file /home/airflow/.local/lib/python3.12/site-packages/airflow/example_dags/example_latest_only.py for tasks to queue
[2025-04-10T09:14:13.254+0000] {logging_mixin.py:190} INFO - [2025-04-10T09:14:13.253+0000] {dagbag.py:588} INFO - Filling up the DagBag from /home/airflow/.local/lib/python3.12/site-packages/airflow/example_dags/example_latest_only.py
[2025-04-10T09:14:13.262+0000] {processor.py:925} INFO - DAG(s) 'latest_only' retrieved from /home/airflow/.local/lib/python3.12/site-packages/airflow/example_dags/example_latest_only.py
[2025-04-10T09:14:13.282+0000] {logging_mixin.py:190} INFO - [2025-04-10T09:14:13.281+0000] {dag.py:3239} INFO - Sync 1 DAGs
[2025-04-10T09:14:13.309+0000] {logging_mixin.py:190} INFO - [2025-04-10T09:14:13.308+0000] {dag.py:4180} INFO - Setting next_dagrun for latest_only to 2025-04-10 04:00:00+00:00, run_after=2025-04-10 08:00:00+00:00
[2025-04-10T09:14:13.335+0000] {processor.py:208} INFO - Processing /home/airflow/.local/lib/python3.12/site-packages/airflow/example_dags/example_latest_only.py took 0.092 seconds
[2025-04-10T09:14:43.424+0000] {processor.py:186} INFO - Started process (PID=340) to work on /home/airflow/.local/lib/python3.12/site-packages/airflow/example_dags/example_latest_only.py
[2025-04-10T09:14:43.425+0000] {processor.py:914} INFO - Processing file /home/airflow/.local/lib/python3.12/site-packages/airflow/example_dags/example_latest_only.py for tasks to queue
[2025-04-10T09:14:43.427+0000] {logging_mixin.py:190} INFO - [2025-04-10T09:14:43.427+0000] {dagbag.py:588} INFO - Filling up the DagBag from /home/airflow/.local/lib/python3.12/site-packages/airflow/example_dags/example_latest_only.py
[2025-04-10T09:14:43.435+0000] {processor.py:925} INFO - DAG(s) 'latest_only' retrieved from /home/airflow/.local/lib/python3.12/site-packages/airflow/example_dags/example_latest_only.py
[2025-04-10T09:14:43.453+0000] {logging_mixin.py:190} INFO - [2025-04-10T09:14:43.453+0000] {dag.py:3239} INFO - Sync 1 DAGs
[2025-04-10T09:14:43.480+0000] {logging_mixin.py:190} INFO - [2025-04-10T09:14:43.479+0000] {dag.py:4180} INFO - Setting next_dagrun for latest_only to 2025-04-10 04:00:00+00:00, run_after=2025-04-10 08:00:00+00:00
[2025-04-10T09:14:43.497+0000] {processor.py:208} INFO - Processing /home/airflow/.local/lib/python3.12/site-packages/airflow/example_dags/example_latest_only.py took 0.080 seconds
[2025-04-10T09:15:13.811+0000] {processor.py:186} INFO - Started process (PID=404) to work on /home/airflow/.local/lib/python3.12/site-packages/airflow/example_dags/example_latest_only.py
[2025-04-10T09:15:13.812+0000] {processor.py:914} INFO - Processing file /home/airflow/.local/lib/python3.12/site-packages/airflow/example_dags/example_latest_only.py for tasks to queue
[2025-04-10T09:15:13.816+0000] {logging_mixin.py:190} INFO - [2025-04-10T09:15:13.815+0000] {dagbag.py:588} INFO - Filling up the DagBag from /home/airflow/.local/lib/python3.12/site-packages/airflow/example_dags/example_latest_only.py
[2025-04-10T09:15:13.825+0000] {processor.py:925} INFO - DAG(s) 'latest_only' retrieved from /home/airflow/.local/lib/python3.12/site-packages/airflow/example_dags/example_latest_only.py
[2025-04-10T09:15:13.849+0000] {logging_mixin.py:190} INFO - [2025-04-10T09:15:13.849+0000] {dag.py:3239} INFO - Sync 1 DAGs
[2025-04-10T09:15:13.878+0000] {logging_mixin.py:190} INFO - [2025-04-10T09:15:13.878+0000] {dag.py:4180} INFO - Setting next_dagrun for latest_only to 2025-04-10 04:00:00+00:00, run_after=2025-04-10 08:00:00+00:00
[2025-04-10T09:15:13.901+0000] {processor.py:208} INFO - Processing /home/airflow/.local/lib/python3.12/site-packages/airflow/example_dags/example_latest_only.py took 0.096 seconds
[2025-04-10T09:15:47.945+0000] {processor.py:186} INFO - Started process (PID=449) to work on /home/airflow/.local/lib/python3.12/site-packages/airflow/example_dags/example_latest_only.py
[2025-04-10T09:15:47.947+0000] {processor.py:914} INFO - Processing file /home/airflow/.local/lib/python3.12/site-packages/airflow/example_dags/example_latest_only.py for tasks to queue
[2025-04-10T09:15:47.950+0000] {logging_mixin.py:190} INFO - [2025-04-10T09:15:47.950+0000] {dagbag.py:588} INFO - Filling up the DagBag from /home/airflow/.local/lib/python3.12/site-packages/airflow/example_dags/example_latest_only.py
[2025-04-10T09:15:47.961+0000] {processor.py:925} INFO - DAG(s) 'latest_only' retrieved from /home/airflow/.local/lib/python3.12/site-packages/airflow/example_dags/example_latest_only.py
[2025-04-10T09:15:47.990+0000] {logging_mixin.py:190} INFO - [2025-04-10T09:15:47.990+0000] {dag.py:3239} INFO - Sync 1 DAGs
[2025-04-10T09:15:48.047+0000] {logging_mixin.py:190} INFO - [2025-04-10T09:15:48.047+0000] {dag.py:4180} INFO - Setting next_dagrun for latest_only to 2025-04-10 04:00:00+00:00, run_after=2025-04-10 08:00:00+00:00
[2025-04-10T09:15:48.075+0000] {processor.py:208} INFO - Processing /home/airflow/.local/lib/python3.12/site-packages/airflow/example_dags/example_latest_only.py took 0.137 seconds
[2025-04-10T09:16:18.231+0000] {processor.py:186} INFO - Started process (PID=514) to work on /home/airflow/.local/lib/python3.12/site-packages/airflow/example_dags/example_latest_only.py
[2025-04-10T09:16:18.232+0000] {processor.py:914} INFO - Processing file /home/airflow/.local/lib/python3.12/site-packages/airflow/example_dags/example_latest_only.py for tasks to queue
[2025-04-10T09:16:18.236+0000] {logging_mixin.py:190} INFO - [2025-04-10T09:16:18.235+0000] {dagbag.py:588} INFO - Filling up the DagBag from /home/airflow/.local/lib/python3.12/site-packages/airflow/example_dags/example_latest_only.py
[2025-04-10T09:16:18.246+0000] {processor.py:925} INFO - DAG(s) 'latest_only' retrieved from /home/airflow/.local/lib/python3.12/site-packages/airflow/example_dags/example_latest_only.py
[2025-04-10T09:16:18.271+0000] {logging_mixin.py:190} INFO - [2025-04-10T09:16:18.270+0000] {dag.py:3239} INFO - Sync 1 DAGs
[2025-04-10T09:16:18.297+0000] {logging_mixin.py:190} INFO - [2025-04-10T09:16:18.297+0000] {dag.py:4180} INFO - Setting next_dagrun for latest_only to 2025-04-10 04:00:00+00:00, run_after=2025-04-10 08:00:00+00:00
[2025-04-10T09:16:18.319+0000] {processor.py:208} INFO - Processing /home/airflow/.local/lib/python3.12/site-packages/airflow/example_dags/example_latest_only.py took 0.095 seconds
[2025-04-10T09:16:49.324+0000] {processor.py:186} INFO - Started process (PID=578) to work on /home/airflow/.local/lib/python3.12/site-packages/airflow/example_dags/example_latest_only.py
[2025-04-10T09:16:49.326+0000] {processor.py:914} INFO - Processing file /home/airflow/.local/lib/python3.12/site-packages/airflow/example_dags/example_latest_only.py for tasks to queue
[2025-04-10T09:16:49.329+0000] {logging_mixin.py:190} INFO - [2025-04-10T09:16:49.328+0000] {dagbag.py:588} INFO - Filling up the DagBag from /home/airflow/.local/lib/python3.12/site-packages/airflow/example_dags/example_latest_only.py
[2025-04-10T09:16:49.337+0000] {processor.py:925} INFO - DAG(s) 'latest_only' retrieved from /home/airflow/.local/lib/python3.12/site-packages/airflow/example_dags/example_latest_only.py
[2025-04-10T09:16:49.357+0000] {logging_mixin.py:190} INFO - [2025-04-10T09:16:49.357+0000] {dag.py:3239} INFO - Sync 1 DAGs
[2025-04-10T09:16:49.384+0000] {logging_mixin.py:190} INFO - [2025-04-10T09:16:49.384+0000] {dag.py:4180} INFO - Setting next_dagrun for latest_only to 2025-04-10 04:00:00+00:00, run_after=2025-04-10 08:00:00+00:00
[2025-04-10T09:16:49.403+0000] {processor.py:208} INFO - Processing /home/airflow/.local/lib/python3.12/site-packages/airflow/example_dags/example_latest_only.py took 0.085 seconds
[2025-04-10T09:17:20.371+0000] {processor.py:186} INFO - Started process (PID=642) to work on /home/airflow/.local/lib/python3.12/site-packages/airflow/example_dags/example_latest_only.py
[2025-04-10T09:17:20.372+0000] {processor.py:914} INFO - Processing file /home/airflow/.local/lib/python3.12/site-packages/airflow/example_dags/example_latest_only.py for tasks to queue
[2025-04-10T09:17:20.375+0000] {logging_mixin.py:190} INFO - [2025-04-10T09:17:20.374+0000] {dagbag.py:588} INFO - Filling up the DagBag from /home/airflow/.local/lib/python3.12/site-packages/airflow/example_dags/example_latest_only.py
[2025-04-10T09:17:20.383+0000] {processor.py:925} INFO - DAG(s) 'latest_only' retrieved from /home/airflow/.local/lib/python3.12/site-packages/airflow/example_dags/example_latest_only.py
[2025-04-10T09:17:20.407+0000] {logging_mixin.py:190} INFO - [2025-04-10T09:17:20.406+0000] {dag.py:3239} INFO - Sync 1 DAGs
[2025-04-10T09:17:20.436+0000] {logging_mixin.py:190} INFO - [2025-04-10T09:17:20.436+0000] {dag.py:4180} INFO - Setting next_dagrun for latest_only to 2025-04-10 04:00:00+00:00, run_after=2025-04-10 08:00:00+00:00
[2025-04-10T09:17:20.462+0000] {processor.py:208} INFO - Processing /home/airflow/.local/lib/python3.12/site-packages/airflow/example_dags/example_latest_only.py took 0.097 seconds
[2025-04-10T09:17:51.507+0000] {processor.py:186} INFO - Started process (PID=706) to work on /home/airflow/.local/lib/python3.12/site-packages/airflow/example_dags/example_latest_only.py
[2025-04-10T09:17:51.508+0000] {processor.py:914} INFO - Processing file /home/airflow/.local/lib/python3.12/site-packages/airflow/example_dags/example_latest_only.py for tasks to queue
[2025-04-10T09:17:51.511+0000] {logging_mixin.py:190} INFO - [2025-04-10T09:17:51.510+0000] {dagbag.py:588} INFO - Filling up the DagBag from /home/airflow/.local/lib/python3.12/site-packages/airflow/example_dags/example_latest_only.py
[2025-04-10T09:17:51.519+0000] {processor.py:925} INFO - DAG(s) 'latest_only' retrieved from /home/airflow/.local/lib/python3.12/site-packages/airflow/example_dags/example_latest_only.py
[2025-04-10T09:17:51.545+0000] {logging_mixin.py:190} INFO - [2025-04-10T09:17:51.545+0000] {dag.py:3239} INFO - Sync 1 DAGs
[2025-04-10T09:17:51.570+0000] {logging_mixin.py:190} INFO - [2025-04-10T09:17:51.570+0000] {dag.py:4180} INFO - Setting next_dagrun for latest_only to 2025-04-10 04:00:00+00:00, run_after=2025-04-10 08:00:00+00:00
[2025-04-10T09:17:51.591+0000] {processor.py:208} INFO - Processing /home/airflow/.local/lib/python3.12/site-packages/airflow/example_dags/example_latest_only.py took 0.090 seconds
[2025-04-10T09:18:22.279+0000] {processor.py:186} INFO - Started process (PID=768) to work on /home/airflow/.local/lib/python3.12/site-packages/airflow/example_dags/example_latest_only.py
[2025-04-10T09:18:22.280+0000] {processor.py:914} INFO - Processing file /home/airflow/.local/lib/python3.12/site-packages/airflow/example_dags/example_latest_only.py for tasks to queue
[2025-04-10T09:18:22.282+0000] {logging_mixin.py:190} INFO - [2025-04-10T09:18:22.282+0000] {dagbag.py:588} INFO - Filling up the DagBag from /home/airflow/.local/lib/python3.12/site-packages/airflow/example_dags/example_latest_only.py
[2025-04-10T09:18:22.291+0000] {processor.py:925} INFO - DAG(s) 'latest_only' retrieved from /home/airflow/.local/lib/python3.12/site-packages/airflow/example_dags/example_latest_only.py
[2025-04-10T09:18:22.316+0000] {logging_mixin.py:190} INFO - [2025-04-10T09:18:22.316+0000] {dag.py:3239} INFO - Sync 1 DAGs
[2025-04-10T09:18:22.343+0000] {logging_mixin.py:190} INFO - [2025-04-10T09:18:22.343+0000] {dag.py:4180} INFO - Setting next_dagrun for latest_only to 2025-04-10 04:00:00+00:00, run_after=2025-04-10 08:00:00+00:00
[2025-04-10T09:18:22.364+0000] {processor.py:208} INFO - Processing /home/airflow/.local/lib/python3.12/site-packages/airflow/example_dags/example_latest_only.py took 0.091 seconds
[2025-04-10T09:18:52.954+0000] {processor.py:186} INFO - Started process (PID=831) to work on /home/airflow/.local/lib/python3.12/site-packages/airflow/example_dags/example_latest_only.py
[2025-04-10T09:18:52.955+0000] {processor.py:914} INFO - Processing file /home/airflow/.local/lib/python3.12/site-packages/airflow/example_dags/example_latest_only.py for tasks to queue
[2025-04-10T09:18:52.957+0000] {logging_mixin.py:190} INFO - [2025-04-10T09:18:52.957+0000] {dagbag.py:588} INFO - Filling up the DagBag from /home/airflow/.local/lib/python3.12/site-packages/airflow/example_dags/example_latest_only.py
[2025-04-10T09:18:52.966+0000] {processor.py:925} INFO - DAG(s) 'latest_only' retrieved from /home/airflow/.local/lib/python3.12/site-packages/airflow/example_dags/example_latest_only.py
[2025-04-10T09:18:52.988+0000] {logging_mixin.py:190} INFO - [2025-04-10T09:18:52.988+0000] {dag.py:3239} INFO - Sync 1 DAGs
[2025-04-10T09:18:53.013+0000] {logging_mixin.py:190} INFO - [2025-04-10T09:18:53.013+0000] {dag.py:4180} INFO - Setting next_dagrun for latest_only to 2025-04-10 04:00:00+00:00, run_after=2025-04-10 08:00:00+00:00
[2025-04-10T09:18:53.034+0000] {processor.py:208} INFO - Processing /home/airflow/.local/lib/python3.12/site-packages/airflow/example_dags/example_latest_only.py took 0.087 seconds
[2025-04-10T09:19:24.417+0000] {processor.py:186} INFO - Started process (PID=891) to work on /home/airflow/.local/lib/python3.12/site-packages/airflow/example_dags/example_latest_only.py
[2025-04-10T09:19:24.418+0000] {processor.py:914} INFO - Processing file /home/airflow/.local/lib/python3.12/site-packages/airflow/example_dags/example_latest_only.py for tasks to queue
[2025-04-10T09:19:24.421+0000] {logging_mixin.py:190} INFO - [2025-04-10T09:19:24.421+0000] {dagbag.py:588} INFO - Filling up the DagBag from /home/airflow/.local/lib/python3.12/site-packages/airflow/example_dags/example_latest_only.py
[2025-04-10T09:19:24.429+0000] {processor.py:925} INFO - DAG(s) 'latest_only' retrieved from /home/airflow/.local/lib/python3.12/site-packages/airflow/example_dags/example_latest_only.py
[2025-04-10T09:19:24.450+0000] {logging_mixin.py:190} INFO - [2025-04-10T09:19:24.450+0000] {dag.py:3239} INFO - Sync 1 DAGs
[2025-04-10T09:19:24.477+0000] {logging_mixin.py:190} INFO - [2025-04-10T09:19:24.476+0000] {dag.py:4180} INFO - Setting next_dagrun for latest_only to 2025-04-10 04:00:00+00:00, run_after=2025-04-10 08:00:00+00:00
[2025-04-10T09:19:24.495+0000] {processor.py:208} INFO - Processing /home/airflow/.local/lib/python3.12/site-packages/airflow/example_dags/example_latest_only.py took 0.085 seconds
[2025-04-10T09:19:55.886+0000] {processor.py:186} INFO - Started process (PID=954) to work on /home/airflow/.local/lib/python3.12/site-packages/airflow/example_dags/example_latest_only.py
[2025-04-10T09:19:55.887+0000] {processor.py:914} INFO - Processing file /home/airflow/.local/lib/python3.12/site-packages/airflow/example_dags/example_latest_only.py for tasks to queue
[2025-04-10T09:19:55.890+0000] {logging_mixin.py:190} INFO - [2025-04-10T09:19:55.889+0000] {dagbag.py:588} INFO - Filling up the DagBag from /home/airflow/.local/lib/python3.12/site-packages/airflow/example_dags/example_latest_only.py
[2025-04-10T09:19:55.900+0000] {processor.py:925} INFO - DAG(s) 'latest_only' retrieved from /home/airflow/.local/lib/python3.12/site-packages/airflow/example_dags/example_latest_only.py
[2025-04-10T09:19:55.922+0000] {logging_mixin.py:190} INFO - [2025-04-10T09:19:55.922+0000] {dag.py:3239} INFO - Sync 1 DAGs
[2025-04-10T09:19:55.948+0000] {logging_mixin.py:190} INFO - [2025-04-10T09:19:55.947+0000] {dag.py:4180} INFO - Setting next_dagrun for latest_only to 2025-04-10 04:00:00+00:00, run_after=2025-04-10 08:00:00+00:00
[2025-04-10T09:19:55.967+0000] {processor.py:208} INFO - Processing /home/airflow/.local/lib/python3.12/site-packages/airflow/example_dags/example_latest_only.py took 0.088 seconds
[2025-04-10T09:20:26.702+0000] {processor.py:186} INFO - Started process (PID=1013) to work on /home/airflow/.local/lib/python3.12/site-packages/airflow/example_dags/example_latest_only.py
[2025-04-10T09:20:26.703+0000] {processor.py:914} INFO - Processing file /home/airflow/.local/lib/python3.12/site-packages/airflow/example_dags/example_latest_only.py for tasks to queue
[2025-04-10T09:20:26.705+0000] {logging_mixin.py:190} INFO - [2025-04-10T09:20:26.705+0000] {dagbag.py:588} INFO - Filling up the DagBag from /home/airflow/.local/lib/python3.12/site-packages/airflow/example_dags/example_latest_only.py
[2025-04-10T09:20:26.713+0000] {processor.py:925} INFO - DAG(s) 'latest_only' retrieved from /home/airflow/.local/lib/python3.12/site-packages/airflow/example_dags/example_latest_only.py
[2025-04-10T09:20:26.733+0000] {logging_mixin.py:190} INFO - [2025-04-10T09:20:26.733+0000] {dag.py:3239} INFO - Sync 1 DAGs
[2025-04-10T09:20:26.763+0000] {logging_mixin.py:190} INFO - [2025-04-10T09:20:26.763+0000] {dag.py:4180} INFO - Setting next_dagrun for latest_only to 2025-04-10 04:00:00+00:00, run_after=2025-04-10 08:00:00+00:00
[2025-04-10T09:20:26.787+0000] {processor.py:208} INFO - Processing /home/airflow/.local/lib/python3.12/site-packages/airflow/example_dags/example_latest_only.py took 0.091 seconds
[2025-04-10T09:20:56.877+0000] {processor.py:186} INFO - Started process (PID=1076) to work on /home/airflow/.local/lib/python3.12/site-packages/airflow/example_dags/example_latest_only.py
[2025-04-10T09:20:56.878+0000] {processor.py:914} INFO - Processing file /home/airflow/.local/lib/python3.12/site-packages/airflow/example_dags/example_latest_only.py for tasks to queue
[2025-04-10T09:20:56.880+0000] {logging_mixin.py:190} INFO - [2025-04-10T09:20:56.880+0000] {dagbag.py:588} INFO - Filling up the DagBag from /home/airflow/.local/lib/python3.12/site-packages/airflow/example_dags/example_latest_only.py
[2025-04-10T09:20:56.889+0000] {processor.py:925} INFO - DAG(s) 'latest_only' retrieved from /home/airflow/.local/lib/python3.12/site-packages/airflow/example_dags/example_latest_only.py
[2025-04-10T09:20:56.909+0000] {logging_mixin.py:190} INFO - [2025-04-10T09:20:56.909+0000] {dag.py:3239} INFO - Sync 1 DAGs
[2025-04-10T09:20:56.935+0000] {logging_mixin.py:190} INFO - [2025-04-10T09:20:56.935+0000] {dag.py:4180} INFO - Setting next_dagrun for latest_only to 2025-04-10 04:00:00+00:00, run_after=2025-04-10 08:00:00+00:00
[2025-04-10T09:20:56.954+0000] {processor.py:208} INFO - Processing /home/airflow/.local/lib/python3.12/site-packages/airflow/example_dags/example_latest_only.py took 0.084 seconds
[2025-04-10T09:21:27.686+0000] {processor.py:186} INFO - Started process (PID=1140) to work on /home/airflow/.local/lib/python3.12/site-packages/airflow/example_dags/example_latest_only.py
[2025-04-10T09:21:27.687+0000] {processor.py:914} INFO - Processing file /home/airflow/.local/lib/python3.12/site-packages/airflow/example_dags/example_latest_only.py for tasks to queue
[2025-04-10T09:21:27.690+0000] {logging_mixin.py:190} INFO - [2025-04-10T09:21:27.689+0000] {dagbag.py:588} INFO - Filling up the DagBag from /home/airflow/.local/lib/python3.12/site-packages/airflow/example_dags/example_latest_only.py
[2025-04-10T09:21:27.698+0000] {processor.py:925} INFO - DAG(s) 'latest_only' retrieved from /home/airflow/.local/lib/python3.12/site-packages/airflow/example_dags/example_latest_only.py
[2025-04-10T09:21:27.719+0000] {logging_mixin.py:190} INFO - [2025-04-10T09:21:27.718+0000] {dag.py:3239} INFO - Sync 1 DAGs
[2025-04-10T09:21:27.747+0000] {logging_mixin.py:190} INFO - [2025-04-10T09:21:27.747+0000] {dag.py:4180} INFO - Setting next_dagrun for latest_only to 2025-04-10 04:00:00+00:00, run_after=2025-04-10 08:00:00+00:00
[2025-04-10T09:21:27.767+0000] {processor.py:208} INFO - Processing /home/airflow/.local/lib/python3.12/site-packages/airflow/example_dags/example_latest_only.py took 0.091 seconds
[2025-04-10T09:21:58.424+0000] {processor.py:186} INFO - Started process (PID=1204) to work on /home/airflow/.local/lib/python3.12/site-packages/airflow/example_dags/example_latest_only.py
[2025-04-10T09:21:58.426+0000] {processor.py:914} INFO - Processing file /home/airflow/.local/lib/python3.12/site-packages/airflow/example_dags/example_latest_only.py for tasks to queue
[2025-04-10T09:21:58.429+0000] {logging_mixin.py:190} INFO - [2025-04-10T09:21:58.429+0000] {dagbag.py:588} INFO - Filling up the DagBag from /home/airflow/.local/lib/python3.12/site-packages/airflow/example_dags/example_latest_only.py
[2025-04-10T09:21:58.438+0000] {processor.py:925} INFO - DAG(s) 'latest_only' retrieved from /home/airflow/.local/lib/python3.12/site-packages/airflow/example_dags/example_latest_only.py
[2025-04-10T09:21:58.462+0000] {logging_mixin.py:190} INFO - [2025-04-10T09:21:58.462+0000] {dag.py:3239} INFO - Sync 1 DAGs
[2025-04-10T09:21:58.490+0000] {logging_mixin.py:190} INFO - [2025-04-10T09:21:58.490+0000] {dag.py:4180} INFO - Setting next_dagrun for latest_only to 2025-04-10 04:00:00+00:00, run_after=2025-04-10 08:00:00+00:00
[2025-04-10T09:21:58.512+0000] {processor.py:208} INFO - Processing /home/airflow/.local/lib/python3.12/site-packages/airflow/example_dags/example_latest_only.py took 0.094 seconds
[2025-04-10T09:22:28.857+0000] {processor.py:186} INFO - Started process (PID=1268) to work on /home/airflow/.local/lib/python3.12/site-packages/airflow/example_dags/example_latest_only.py
[2025-04-10T09:22:28.858+0000] {processor.py:914} INFO - Processing file /home/airflow/.local/lib/python3.12/site-packages/airflow/example_dags/example_latest_only.py for tasks to queue
[2025-04-10T09:22:28.862+0000] {logging_mixin.py:190} INFO - [2025-04-10T09:22:28.861+0000] {dagbag.py:588} INFO - Filling up the DagBag from /home/airflow/.local/lib/python3.12/site-packages/airflow/example_dags/example_latest_only.py
[2025-04-10T09:22:28.870+0000] {processor.py:925} INFO - DAG(s) 'latest_only' retrieved from /home/airflow/.local/lib/python3.12/site-packages/airflow/example_dags/example_latest_only.py
[2025-04-10T09:22:28.890+0000] {logging_mixin.py:190} INFO - [2025-04-10T09:22:28.890+0000] {dag.py:3239} INFO - Sync 1 DAGs
[2025-04-10T09:22:28.917+0000] {logging_mixin.py:190} INFO - [2025-04-10T09:22:28.917+0000] {dag.py:4180} INFO - Setting next_dagrun for latest_only to 2025-04-10 04:00:00+00:00, run_after=2025-04-10 08:00:00+00:00
[2025-04-10T09:22:28.936+0000] {processor.py:208} INFO - Processing /home/airflow/.local/lib/python3.12/site-packages/airflow/example_dags/example_latest_only.py took 0.086 seconds
[2025-04-10T09:22:59.596+0000] {processor.py:186} INFO - Started process (PID=1332) to work on /home/airflow/.local/lib/python3.12/site-packages/airflow/example_dags/example_latest_only.py
[2025-04-10T09:22:59.597+0000] {processor.py:914} INFO - Processing file /home/airflow/.local/lib/python3.12/site-packages/airflow/example_dags/example_latest_only.py for tasks to queue
[2025-04-10T09:22:59.599+0000] {logging_mixin.py:190} INFO - [2025-04-10T09:22:59.599+0000] {dagbag.py:588} INFO - Filling up the DagBag from /home/airflow/.local/lib/python3.12/site-packages/airflow/example_dags/example_latest_only.py
[2025-04-10T09:22:59.608+0000] {processor.py:925} INFO - DAG(s) 'latest_only' retrieved from /home/airflow/.local/lib/python3.12/site-packages/airflow/example_dags/example_latest_only.py
[2025-04-10T09:22:59.632+0000] {logging_mixin.py:190} INFO - [2025-04-10T09:22:59.632+0000] {dag.py:3239} INFO - Sync 1 DAGs
[2025-04-10T09:22:59.662+0000] {logging_mixin.py:190} INFO - [2025-04-10T09:22:59.661+0000] {dag.py:4180} INFO - Setting next_dagrun for latest_only to 2025-04-10 04:00:00+00:00, run_after=2025-04-10 08:00:00+00:00
[2025-04-10T09:22:59.680+0000] {processor.py:208} INFO - Processing /home/airflow/.local/lib/python3.12/site-packages/airflow/example_dags/example_latest_only.py took 0.091 seconds
[2025-04-10T09:23:29.815+0000] {processor.py:186} INFO - Started process (PID=1396) to work on /home/airflow/.local/lib/python3.12/site-packages/airflow/example_dags/example_latest_only.py
[2025-04-10T09:23:29.816+0000] {processor.py:914} INFO - Processing file /home/airflow/.local/lib/python3.12/site-packages/airflow/example_dags/example_latest_only.py for tasks to queue
[2025-04-10T09:23:29.820+0000] {logging_mixin.py:190} INFO - [2025-04-10T09:23:29.819+0000] {dagbag.py:588} INFO - Filling up the DagBag from /home/airflow/.local/lib/python3.12/site-packages/airflow/example_dags/example_latest_only.py
[2025-04-10T09:23:29.831+0000] {processor.py:925} INFO - DAG(s) 'latest_only' retrieved from /home/airflow/.local/lib/python3.12/site-packages/airflow/example_dags/example_latest_only.py
[2025-04-10T09:23:29.860+0000] {logging_mixin.py:190} INFO - [2025-04-10T09:23:29.860+0000] {dag.py:3239} INFO - Sync 1 DAGs
[2025-04-10T09:23:29.891+0000] {logging_mixin.py:190} INFO - [2025-04-10T09:23:29.890+0000] {dag.py:4180} INFO - Setting next_dagrun for latest_only to 2025-04-10 04:00:00+00:00, run_after=2025-04-10 08:00:00+00:00
[2025-04-10T09:23:29.922+0000] {processor.py:208} INFO - Processing /home/airflow/.local/lib/python3.12/site-packages/airflow/example_dags/example_latest_only.py took 0.114 seconds
[2025-04-10T09:24:00.064+0000] {processor.py:186} INFO - Started process (PID=1460) to work on /home/airflow/.local/lib/python3.12/site-packages/airflow/example_dags/example_latest_only.py
[2025-04-10T09:24:00.065+0000] {processor.py:914} INFO - Processing file /home/airflow/.local/lib/python3.12/site-packages/airflow/example_dags/example_latest_only.py for tasks to queue
[2025-04-10T09:24:00.068+0000] {logging_mixin.py:190} INFO - [2025-04-10T09:24:00.068+0000] {dagbag.py:588} INFO - Filling up the DagBag from /home/airflow/.local/lib/python3.12/site-packages/airflow/example_dags/example_latest_only.py
[2025-04-10T09:24:00.078+0000] {processor.py:925} INFO - DAG(s) 'latest_only' retrieved from /home/airflow/.local/lib/python3.12/site-packages/airflow/example_dags/example_latest_only.py
[2025-04-10T09:24:00.101+0000] {logging_mixin.py:190} INFO - [2025-04-10T09:24:00.101+0000] {dag.py:3239} INFO - Sync 1 DAGs
[2025-04-10T09:24:00.127+0000] {logging_mixin.py:190} INFO - [2025-04-10T09:24:00.126+0000] {dag.py:4180} INFO - Setting next_dagrun for latest_only to 2025-04-10 04:00:00+00:00, run_after=2025-04-10 08:00:00+00:00
[2025-04-10T09:24:00.145+0000] {processor.py:208} INFO - Processing /home/airflow/.local/lib/python3.12/site-packages/airflow/example_dags/example_latest_only.py took 0.087 seconds
[2025-04-10T09:24:30.230+0000] {processor.py:186} INFO - Started process (PID=1524) to work on /home/airflow/.local/lib/python3.12/site-packages/airflow/example_dags/example_latest_only.py
[2025-04-10T09:24:30.231+0000] {processor.py:914} INFO - Processing file /home/airflow/.local/lib/python3.12/site-packages/airflow/example_dags/example_latest_only.py for tasks to queue
[2025-04-10T09:24:30.234+0000] {logging_mixin.py:190} INFO - [2025-04-10T09:24:30.234+0000] {dagbag.py:588} INFO - Filling up the DagBag from /home/airflow/.local/lib/python3.12/site-packages/airflow/example_dags/example_latest_only.py
[2025-04-10T09:24:30.246+0000] {processor.py:925} INFO - DAG(s) 'latest_only' retrieved from /home/airflow/.local/lib/python3.12/site-packages/airflow/example_dags/example_latest_only.py
[2025-04-10T09:24:30.269+0000] {logging_mixin.py:190} INFO - [2025-04-10T09:24:30.268+0000] {dag.py:3239} INFO - Sync 1 DAGs
[2025-04-10T09:24:30.296+0000] {logging_mixin.py:190} INFO - [2025-04-10T09:24:30.296+0000] {dag.py:4180} INFO - Setting next_dagrun for latest_only to 2025-04-10 04:00:00+00:00, run_after=2025-04-10 08:00:00+00:00
[2025-04-10T09:24:30.318+0000] {processor.py:208} INFO - Processing /home/airflow/.local/lib/python3.12/site-packages/airflow/example_dags/example_latest_only.py took 0.094 seconds
[2025-04-10T09:25:01.105+0000] {processor.py:186} INFO - Started process (PID=1588) to work on /home/airflow/.local/lib/python3.12/site-packages/airflow/example_dags/example_latest_only.py
[2025-04-10T09:25:01.106+0000] {processor.py:914} INFO - Processing file /home/airflow/.local/lib/python3.12/site-packages/airflow/example_dags/example_latest_only.py for tasks to queue
[2025-04-10T09:25:01.109+0000] {logging_mixin.py:190} INFO - [2025-04-10T09:25:01.108+0000] {dagbag.py:588} INFO - Filling up the DagBag from /home/airflow/.local/lib/python3.12/site-packages/airflow/example_dags/example_latest_only.py
[2025-04-10T09:25:01.119+0000] {processor.py:925} INFO - DAG(s) 'latest_only' retrieved from /home/airflow/.local/lib/python3.12/site-packages/airflow/example_dags/example_latest_only.py
[2025-04-10T09:25:01.144+0000] {logging_mixin.py:190} INFO - [2025-04-10T09:25:01.144+0000] {dag.py:3239} INFO - Sync 1 DAGs
[2025-04-10T09:25:01.170+0000] {logging_mixin.py:190} INFO - [2025-04-10T09:25:01.170+0000] {dag.py:4180} INFO - Setting next_dagrun for latest_only to 2025-04-10 04:00:00+00:00, run_after=2025-04-10 08:00:00+00:00
[2025-04-10T09:25:01.192+0000] {processor.py:208} INFO - Processing /home/airflow/.local/lib/python3.12/site-packages/airflow/example_dags/example_latest_only.py took 0.094 seconds
[2025-04-10T09:25:31.481+0000] {processor.py:186} INFO - Started process (PID=1652) to work on /home/airflow/.local/lib/python3.12/site-packages/airflow/example_dags/example_latest_only.py
[2025-04-10T09:25:31.482+0000] {processor.py:914} INFO - Processing file /home/airflow/.local/lib/python3.12/site-packages/airflow/example_dags/example_latest_only.py for tasks to queue
[2025-04-10T09:25:31.485+0000] {logging_mixin.py:190} INFO - [2025-04-10T09:25:31.485+0000] {dagbag.py:588} INFO - Filling up the DagBag from /home/airflow/.local/lib/python3.12/site-packages/airflow/example_dags/example_latest_only.py
[2025-04-10T09:25:31.494+0000] {processor.py:925} INFO - DAG(s) 'latest_only' retrieved from /home/airflow/.local/lib/python3.12/site-packages/airflow/example_dags/example_latest_only.py
[2025-04-10T09:25:31.514+0000] {logging_mixin.py:190} INFO - [2025-04-10T09:25:31.514+0000] {dag.py:3239} INFO - Sync 1 DAGs
[2025-04-10T09:25:31.541+0000] {logging_mixin.py:190} INFO - [2025-04-10T09:25:31.541+0000] {dag.py:4180} INFO - Setting next_dagrun for latest_only to 2025-04-10 04:00:00+00:00, run_after=2025-04-10 08:00:00+00:00
[2025-04-10T09:25:31.559+0000] {processor.py:208} INFO - Processing /home/airflow/.local/lib/python3.12/site-packages/airflow/example_dags/example_latest_only.py took 0.086 seconds
[2025-04-10T09:26:01.789+0000] {processor.py:186} INFO - Started process (PID=1716) to work on /home/airflow/.local/lib/python3.12/site-packages/airflow/example_dags/example_latest_only.py
[2025-04-10T09:26:01.790+0000] {processor.py:914} INFO - Processing file /home/airflow/.local/lib/python3.12/site-packages/airflow/example_dags/example_latest_only.py for tasks to queue
[2025-04-10T09:26:01.793+0000] {logging_mixin.py:190} INFO - [2025-04-10T09:26:01.793+0000] {dagbag.py:588} INFO - Filling up the DagBag from /home/airflow/.local/lib/python3.12/site-packages/airflow/example_dags/example_latest_only.py
[2025-04-10T09:26:01.802+0000] {processor.py:925} INFO - DAG(s) 'latest_only' retrieved from /home/airflow/.local/lib/python3.12/site-packages/airflow/example_dags/example_latest_only.py
[2025-04-10T09:26:01.824+0000] {logging_mixin.py:190} INFO - [2025-04-10T09:26:01.824+0000] {dag.py:3239} INFO - Sync 1 DAGs
[2025-04-10T09:26:01.852+0000] {logging_mixin.py:190} INFO - [2025-04-10T09:26:01.852+0000] {dag.py:4180} INFO - Setting next_dagrun for latest_only to 2025-04-10 04:00:00+00:00, run_after=2025-04-10 08:00:00+00:00
[2025-04-10T09:26:01.877+0000] {processor.py:208} INFO - Processing /home/airflow/.local/lib/python3.12/site-packages/airflow/example_dags/example_latest_only.py took 0.096 seconds
[2025-04-10T09:26:31.955+0000] {processor.py:186} INFO - Started process (PID=1780) to work on /home/airflow/.local/lib/python3.12/site-packages/airflow/example_dags/example_latest_only.py
[2025-04-10T09:26:31.956+0000] {processor.py:914} INFO - Processing file /home/airflow/.local/lib/python3.12/site-packages/airflow/example_dags/example_latest_only.py for tasks to queue
[2025-04-10T09:26:31.959+0000] {logging_mixin.py:190} INFO - [2025-04-10T09:26:31.959+0000] {dagbag.py:588} INFO - Filling up the DagBag from /home/airflow/.local/lib/python3.12/site-packages/airflow/example_dags/example_latest_only.py
[2025-04-10T09:26:31.969+0000] {processor.py:925} INFO - DAG(s) 'latest_only' retrieved from /home/airflow/.local/lib/python3.12/site-packages/airflow/example_dags/example_latest_only.py
[2025-04-10T09:26:31.989+0000] {logging_mixin.py:190} INFO - [2025-04-10T09:26:31.989+0000] {dag.py:3239} INFO - Sync 1 DAGs
[2025-04-10T09:26:32.015+0000] {logging_mixin.py:190} INFO - [2025-04-10T09:26:32.015+0000] {dag.py:4180} INFO - Setting next_dagrun for latest_only to 2025-04-10 04:00:00+00:00, run_after=2025-04-10 08:00:00+00:00
[2025-04-10T09:26:32.042+0000] {processor.py:208} INFO - Processing /home/airflow/.local/lib/python3.12/site-packages/airflow/example_dags/example_latest_only.py took 0.095 seconds
[2025-04-10T09:27:02.528+0000] {processor.py:186} INFO - Started process (PID=1844) to work on /home/airflow/.local/lib/python3.12/site-packages/airflow/example_dags/example_latest_only.py
[2025-04-10T09:27:02.529+0000] {processor.py:914} INFO - Processing file /home/airflow/.local/lib/python3.12/site-packages/airflow/example_dags/example_latest_only.py for tasks to queue
[2025-04-10T09:27:02.532+0000] {logging_mixin.py:190} INFO - [2025-04-10T09:27:02.531+0000] {dagbag.py:588} INFO - Filling up the DagBag from /home/airflow/.local/lib/python3.12/site-packages/airflow/example_dags/example_latest_only.py
[2025-04-10T09:27:02.541+0000] {processor.py:925} INFO - DAG(s) 'latest_only' retrieved from /home/airflow/.local/lib/python3.12/site-packages/airflow/example_dags/example_latest_only.py
[2025-04-10T09:27:02.560+0000] {logging_mixin.py:190} INFO - [2025-04-10T09:27:02.560+0000] {dag.py:3239} INFO - Sync 1 DAGs
[2025-04-10T09:27:02.587+0000] {logging_mixin.py:190} INFO - [2025-04-10T09:27:02.587+0000] {dag.py:4180} INFO - Setting next_dagrun for latest_only to 2025-04-10 04:00:00+00:00, run_after=2025-04-10 08:00:00+00:00
[2025-04-10T09:27:02.607+0000] {processor.py:208} INFO - Processing /home/airflow/.local/lib/python3.12/site-packages/airflow/example_dags/example_latest_only.py took 0.087 seconds
[2025-04-10T09:27:32.793+0000] {processor.py:186} INFO - Started process (PID=1908) to work on /home/airflow/.local/lib/python3.12/site-packages/airflow/example_dags/example_latest_only.py
[2025-04-10T09:27:32.795+0000] {processor.py:914} INFO - Processing file /home/airflow/.local/lib/python3.12/site-packages/airflow/example_dags/example_latest_only.py for tasks to queue
[2025-04-10T09:27:32.798+0000] {logging_mixin.py:190} INFO - [2025-04-10T09:27:32.797+0000] {dagbag.py:588} INFO - Filling up the DagBag from /home/airflow/.local/lib/python3.12/site-packages/airflow/example_dags/example_latest_only.py
[2025-04-10T09:27:32.806+0000] {processor.py:925} INFO - DAG(s) 'latest_only' retrieved from /home/airflow/.local/lib/python3.12/site-packages/airflow/example_dags/example_latest_only.py
[2025-04-10T09:27:32.829+0000] {logging_mixin.py:190} INFO - [2025-04-10T09:27:32.828+0000] {dag.py:3239} INFO - Sync 1 DAGs
[2025-04-10T09:27:32.854+0000] {logging_mixin.py:190} INFO - [2025-04-10T09:27:32.854+0000] {dag.py:4180} INFO - Setting next_dagrun for latest_only to 2025-04-10 04:00:00+00:00, run_after=2025-04-10 08:00:00+00:00
[2025-04-10T09:27:32.874+0000] {processor.py:208} INFO - Processing /home/airflow/.local/lib/python3.12/site-packages/airflow/example_dags/example_latest_only.py took 0.088 seconds
[2025-04-10T09:28:03.454+0000] {processor.py:186} INFO - Started process (PID=1972) to work on /home/airflow/.local/lib/python3.12/site-packages/airflow/example_dags/example_latest_only.py
[2025-04-10T09:28:03.455+0000] {processor.py:914} INFO - Processing file /home/airflow/.local/lib/python3.12/site-packages/airflow/example_dags/example_latest_only.py for tasks to queue
[2025-04-10T09:28:03.458+0000] {logging_mixin.py:190} INFO - [2025-04-10T09:28:03.457+0000] {dagbag.py:588} INFO - Filling up the DagBag from /home/airflow/.local/lib/python3.12/site-packages/airflow/example_dags/example_latest_only.py
[2025-04-10T09:28:03.467+0000] {processor.py:925} INFO - DAG(s) 'latest_only' retrieved from /home/airflow/.local/lib/python3.12/site-packages/airflow/example_dags/example_latest_only.py
[2025-04-10T09:28:03.488+0000] {logging_mixin.py:190} INFO - [2025-04-10T09:28:03.488+0000] {dag.py:3239} INFO - Sync 1 DAGs
[2025-04-10T09:28:03.514+0000] {logging_mixin.py:190} INFO - [2025-04-10T09:28:03.514+0000] {dag.py:4180} INFO - Setting next_dagrun for latest_only to 2025-04-10 04:00:00+00:00, run_after=2025-04-10 08:00:00+00:00
[2025-04-10T09:28:03.533+0000] {processor.py:208} INFO - Processing /home/airflow/.local/lib/python3.12/site-packages/airflow/example_dags/example_latest_only.py took 0.086 seconds
[2025-04-10T09:28:34.066+0000] {processor.py:186} INFO - Started process (PID=2036) to work on /home/airflow/.local/lib/python3.12/site-packages/airflow/example_dags/example_latest_only.py
[2025-04-10T09:28:34.067+0000] {processor.py:914} INFO - Processing file /home/airflow/.local/lib/python3.12/site-packages/airflow/example_dags/example_latest_only.py for tasks to queue
[2025-04-10T09:28:34.070+0000] {logging_mixin.py:190} INFO - [2025-04-10T09:28:34.069+0000] {dagbag.py:588} INFO - Filling up the DagBag from /home/airflow/.local/lib/python3.12/site-packages/airflow/example_dags/example_latest_only.py
[2025-04-10T09:28:34.079+0000] {processor.py:925} INFO - DAG(s) 'latest_only' retrieved from /home/airflow/.local/lib/python3.12/site-packages/airflow/example_dags/example_latest_only.py
[2025-04-10T09:28:34.103+0000] {logging_mixin.py:190} INFO - [2025-04-10T09:28:34.103+0000] {dag.py:3239} INFO - Sync 1 DAGs
[2025-04-10T09:28:34.128+0000] {logging_mixin.py:190} INFO - [2025-04-10T09:28:34.128+0000] {dag.py:4180} INFO - Setting next_dagrun for latest_only to 2025-04-10 04:00:00+00:00, run_after=2025-04-10 08:00:00+00:00
[2025-04-10T09:28:34.148+0000] {processor.py:208} INFO - Processing /home/airflow/.local/lib/python3.12/site-packages/airflow/example_dags/example_latest_only.py took 0.089 seconds
[2025-04-10T09:29:04.807+0000] {processor.py:186} INFO - Started process (PID=2100) to work on /home/airflow/.local/lib/python3.12/site-packages/airflow/example_dags/example_latest_only.py
[2025-04-10T09:29:04.808+0000] {processor.py:914} INFO - Processing file /home/airflow/.local/lib/python3.12/site-packages/airflow/example_dags/example_latest_only.py for tasks to queue
[2025-04-10T09:29:04.812+0000] {logging_mixin.py:190} INFO - [2025-04-10T09:29:04.811+0000] {dagbag.py:588} INFO - Filling up the DagBag from /home/airflow/.local/lib/python3.12/site-packages/airflow/example_dags/example_latest_only.py
[2025-04-10T09:29:04.826+0000] {processor.py:925} INFO - DAG(s) 'latest_only' retrieved from /home/airflow/.local/lib/python3.12/site-packages/airflow/example_dags/example_latest_only.py
[2025-04-10T09:29:04.862+0000] {logging_mixin.py:190} INFO - [2025-04-10T09:29:04.862+0000] {dag.py:3239} INFO - Sync 1 DAGs
[2025-04-10T09:29:04.900+0000] {logging_mixin.py:190} INFO - [2025-04-10T09:29:04.900+0000] {dag.py:4180} INFO - Setting next_dagrun for latest_only to 2025-04-10 04:00:00+00:00, run_after=2025-04-10 08:00:00+00:00
[2025-04-10T09:29:04.931+0000] {processor.py:208} INFO - Processing /home/airflow/.local/lib/python3.12/site-packages/airflow/example_dags/example_latest_only.py took 0.136 seconds
[2025-04-10T09:29:35.130+0000] {processor.py:186} INFO - Started process (PID=2164) to work on /home/airflow/.local/lib/python3.12/site-packages/airflow/example_dags/example_latest_only.py
[2025-04-10T09:29:35.131+0000] {processor.py:914} INFO - Processing file /home/airflow/.local/lib/python3.12/site-packages/airflow/example_dags/example_latest_only.py for tasks to queue
[2025-04-10T09:29:35.134+0000] {logging_mixin.py:190} INFO - [2025-04-10T09:29:35.134+0000] {dagbag.py:588} INFO - Filling up the DagBag from /home/airflow/.local/lib/python3.12/site-packages/airflow/example_dags/example_latest_only.py
[2025-04-10T09:29:35.143+0000] {processor.py:925} INFO - DAG(s) 'latest_only' retrieved from /home/airflow/.local/lib/python3.12/site-packages/airflow/example_dags/example_latest_only.py
[2025-04-10T09:29:35.165+0000] {logging_mixin.py:190} INFO - [2025-04-10T09:29:35.165+0000] {dag.py:3239} INFO - Sync 1 DAGs
[2025-04-10T09:29:35.193+0000] {logging_mixin.py:190} INFO - [2025-04-10T09:29:35.193+0000] {dag.py:4180} INFO - Setting next_dagrun for latest_only to 2025-04-10 04:00:00+00:00, run_after=2025-04-10 08:00:00+00:00
[2025-04-10T09:29:35.216+0000] {processor.py:208} INFO - Processing /home/airflow/.local/lib/python3.12/site-packages/airflow/example_dags/example_latest_only.py took 0.093 seconds
[2025-04-10T09:30:05.446+0000] {processor.py:186} INFO - Started process (PID=2228) to work on /home/airflow/.local/lib/python3.12/site-packages/airflow/example_dags/example_latest_only.py
[2025-04-10T09:30:05.447+0000] {processor.py:914} INFO - Processing file /home/airflow/.local/lib/python3.12/site-packages/airflow/example_dags/example_latest_only.py for tasks to queue
[2025-04-10T09:30:05.450+0000] {logging_mixin.py:190} INFO - [2025-04-10T09:30:05.450+0000] {dagbag.py:588} INFO - Filling up the DagBag from /home/airflow/.local/lib/python3.12/site-packages/airflow/example_dags/example_latest_only.py
[2025-04-10T09:30:05.460+0000] {processor.py:925} INFO - DAG(s) 'latest_only' retrieved from /home/airflow/.local/lib/python3.12/site-packages/airflow/example_dags/example_latest_only.py
[2025-04-10T09:30:05.480+0000] {logging_mixin.py:190} INFO - [2025-04-10T09:30:05.480+0000] {dag.py:3239} INFO - Sync 1 DAGs
[2025-04-10T09:30:05.507+0000] {logging_mixin.py:190} INFO - [2025-04-10T09:30:05.507+0000] {dag.py:4180} INFO - Setting next_dagrun for latest_only to 2025-04-10 04:00:00+00:00, run_after=2025-04-10 08:00:00+00:00
[2025-04-10T09:30:05.527+0000] {processor.py:208} INFO - Processing /home/airflow/.local/lib/python3.12/site-packages/airflow/example_dags/example_latest_only.py took 0.088 seconds
[2025-04-10T09:30:35.732+0000] {processor.py:186} INFO - Started process (PID=2292) to work on /home/airflow/.local/lib/python3.12/site-packages/airflow/example_dags/example_latest_only.py
[2025-04-10T09:30:35.733+0000] {processor.py:914} INFO - Processing file /home/airflow/.local/lib/python3.12/site-packages/airflow/example_dags/example_latest_only.py for tasks to queue
[2025-04-10T09:30:35.738+0000] {logging_mixin.py:190} INFO - [2025-04-10T09:30:35.738+0000] {dagbag.py:588} INFO - Filling up the DagBag from /home/airflow/.local/lib/python3.12/site-packages/airflow/example_dags/example_latest_only.py
[2025-04-10T09:30:35.747+0000] {processor.py:925} INFO - DAG(s) 'latest_only' retrieved from /home/airflow/.local/lib/python3.12/site-packages/airflow/example_dags/example_latest_only.py
[2025-04-10T09:30:35.767+0000] {logging_mixin.py:190} INFO - [2025-04-10T09:30:35.767+0000] {dag.py:3239} INFO - Sync 1 DAGs
[2025-04-10T09:30:35.796+0000] {logging_mixin.py:190} INFO - [2025-04-10T09:30:35.796+0000] {dag.py:4180} INFO - Setting next_dagrun for latest_only to 2025-04-10 04:00:00+00:00, run_after=2025-04-10 08:00:00+00:00
[2025-04-10T09:30:35.823+0000] {processor.py:208} INFO - Processing /home/airflow/.local/lib/python3.12/site-packages/airflow/example_dags/example_latest_only.py took 0.098 seconds
[2025-04-10T09:31:06.338+0000] {processor.py:186} INFO - Started process (PID=2356) to work on /home/airflow/.local/lib/python3.12/site-packages/airflow/example_dags/example_latest_only.py
[2025-04-10T09:31:06.339+0000] {processor.py:914} INFO - Processing file /home/airflow/.local/lib/python3.12/site-packages/airflow/example_dags/example_latest_only.py for tasks to queue
[2025-04-10T09:31:06.345+0000] {logging_mixin.py:190} INFO - [2025-04-10T09:31:06.344+0000] {dagbag.py:588} INFO - Filling up the DagBag from /home/airflow/.local/lib/python3.12/site-packages/airflow/example_dags/example_latest_only.py
[2025-04-10T09:31:06.360+0000] {processor.py:925} INFO - DAG(s) 'latest_only' retrieved from /home/airflow/.local/lib/python3.12/site-packages/airflow/example_dags/example_latest_only.py
[2025-04-10T09:31:06.390+0000] {logging_mixin.py:190} INFO - [2025-04-10T09:31:06.389+0000] {dag.py:3239} INFO - Sync 1 DAGs
[2025-04-10T09:31:06.422+0000] {logging_mixin.py:190} INFO - [2025-04-10T09:31:06.421+0000] {dag.py:4180} INFO - Setting next_dagrun for latest_only to 2025-04-10 04:00:00+00:00, run_after=2025-04-10 08:00:00+00:00
[2025-04-10T09:31:06.455+0000] {processor.py:208} INFO - Processing /home/airflow/.local/lib/python3.12/site-packages/airflow/example_dags/example_latest_only.py took 0.127 seconds
[2025-04-10T09:31:37.001+0000] {processor.py:186} INFO - Started process (PID=2420) to work on /home/airflow/.local/lib/python3.12/site-packages/airflow/example_dags/example_latest_only.py
[2025-04-10T09:31:37.002+0000] {processor.py:914} INFO - Processing file /home/airflow/.local/lib/python3.12/site-packages/airflow/example_dags/example_latest_only.py for tasks to queue
[2025-04-10T09:31:37.005+0000] {logging_mixin.py:190} INFO - [2025-04-10T09:31:37.005+0000] {dagbag.py:588} INFO - Filling up the DagBag from /home/airflow/.local/lib/python3.12/site-packages/airflow/example_dags/example_latest_only.py
[2025-04-10T09:31:37.014+0000] {processor.py:925} INFO - DAG(s) 'latest_only' retrieved from /home/airflow/.local/lib/python3.12/site-packages/airflow/example_dags/example_latest_only.py
[2025-04-10T09:31:37.037+0000] {logging_mixin.py:190} INFO - [2025-04-10T09:31:37.037+0000] {dag.py:3239} INFO - Sync 1 DAGs
[2025-04-10T09:31:37.065+0000] {logging_mixin.py:190} INFO - [2025-04-10T09:31:37.065+0000] {dag.py:4180} INFO - Setting next_dagrun for latest_only to 2025-04-10 04:00:00+00:00, run_after=2025-04-10 08:00:00+00:00
[2025-04-10T09:31:37.086+0000] {processor.py:208} INFO - Processing /home/airflow/.local/lib/python3.12/site-packages/airflow/example_dags/example_latest_only.py took 0.091 seconds
[2025-04-10T09:32:07.448+0000] {processor.py:186} INFO - Started process (PID=2484) to work on /home/airflow/.local/lib/python3.12/site-packages/airflow/example_dags/example_latest_only.py
[2025-04-10T09:32:07.449+0000] {processor.py:914} INFO - Processing file /home/airflow/.local/lib/python3.12/site-packages/airflow/example_dags/example_latest_only.py for tasks to queue
[2025-04-10T09:32:07.452+0000] {logging_mixin.py:190} INFO - [2025-04-10T09:32:07.452+0000] {dagbag.py:588} INFO - Filling up the DagBag from /home/airflow/.local/lib/python3.12/site-packages/airflow/example_dags/example_latest_only.py
[2025-04-10T09:32:07.462+0000] {processor.py:925} INFO - DAG(s) 'latest_only' retrieved from /home/airflow/.local/lib/python3.12/site-packages/airflow/example_dags/example_latest_only.py
[2025-04-10T09:32:07.484+0000] {logging_mixin.py:190} INFO - [2025-04-10T09:32:07.484+0000] {dag.py:3239} INFO - Sync 1 DAGs
[2025-04-10T09:32:07.510+0000] {logging_mixin.py:190} INFO - [2025-04-10T09:32:07.509+0000] {dag.py:4180} INFO - Setting next_dagrun for latest_only to 2025-04-10 04:00:00+00:00, run_after=2025-04-10 08:00:00+00:00
[2025-04-10T09:32:07.529+0000] {processor.py:208} INFO - Processing /home/airflow/.local/lib/python3.12/site-packages/airflow/example_dags/example_latest_only.py took 0.088 seconds
[2025-04-10T09:32:38.006+0000] {processor.py:186} INFO - Started process (PID=2548) to work on /home/airflow/.local/lib/python3.12/site-packages/airflow/example_dags/example_latest_only.py
[2025-04-10T09:32:38.008+0000] {processor.py:914} INFO - Processing file /home/airflow/.local/lib/python3.12/site-packages/airflow/example_dags/example_latest_only.py for tasks to queue
[2025-04-10T09:32:38.011+0000] {logging_mixin.py:190} INFO - [2025-04-10T09:32:38.011+0000] {dagbag.py:588} INFO - Filling up the DagBag from /home/airflow/.local/lib/python3.12/site-packages/airflow/example_dags/example_latest_only.py
[2025-04-10T09:32:38.022+0000] {processor.py:925} INFO - DAG(s) 'latest_only' retrieved from /home/airflow/.local/lib/python3.12/site-packages/airflow/example_dags/example_latest_only.py
[2025-04-10T09:32:38.048+0000] {logging_mixin.py:190} INFO - [2025-04-10T09:32:38.048+0000] {dag.py:3239} INFO - Sync 1 DAGs
[2025-04-10T09:32:38.074+0000] {logging_mixin.py:190} INFO - [2025-04-10T09:32:38.074+0000] {dag.py:4180} INFO - Setting next_dagrun for latest_only to 2025-04-10 04:00:00+00:00, run_after=2025-04-10 08:00:00+00:00
[2025-04-10T09:32:38.093+0000] {processor.py:208} INFO - Processing /home/airflow/.local/lib/python3.12/site-packages/airflow/example_dags/example_latest_only.py took 0.094 seconds
[2025-04-10T09:33:08.688+0000] {processor.py:186} INFO - Started process (PID=2612) to work on /home/airflow/.local/lib/python3.12/site-packages/airflow/example_dags/example_latest_only.py
[2025-04-10T09:33:08.689+0000] {processor.py:914} INFO - Processing file /home/airflow/.local/lib/python3.12/site-packages/airflow/example_dags/example_latest_only.py for tasks to queue
[2025-04-10T09:33:08.692+0000] {logging_mixin.py:190} INFO - [2025-04-10T09:33:08.691+0000] {dagbag.py:588} INFO - Filling up the DagBag from /home/airflow/.local/lib/python3.12/site-packages/airflow/example_dags/example_latest_only.py
[2025-04-10T09:33:08.700+0000] {processor.py:925} INFO - DAG(s) 'latest_only' retrieved from /home/airflow/.local/lib/python3.12/site-packages/airflow/example_dags/example_latest_only.py
[2025-04-10T09:33:08.724+0000] {logging_mixin.py:190} INFO - [2025-04-10T09:33:08.724+0000] {dag.py:3239} INFO - Sync 1 DAGs
[2025-04-10T09:33:08.750+0000] {logging_mixin.py:190} INFO - [2025-04-10T09:33:08.749+0000] {dag.py:4180} INFO - Setting next_dagrun for latest_only to 2025-04-10 04:00:00+00:00, run_after=2025-04-10 08:00:00+00:00
[2025-04-10T09:33:08.771+0000] {processor.py:208} INFO - Processing /home/airflow/.local/lib/python3.12/site-packages/airflow/example_dags/example_latest_only.py took 0.090 seconds
[2025-04-10T09:33:38.946+0000] {processor.py:186} INFO - Started process (PID=2676) to work on /home/airflow/.local/lib/python3.12/site-packages/airflow/example_dags/example_latest_only.py
[2025-04-10T09:33:38.948+0000] {processor.py:914} INFO - Processing file /home/airflow/.local/lib/python3.12/site-packages/airflow/example_dags/example_latest_only.py for tasks to queue
[2025-04-10T09:33:38.951+0000] {logging_mixin.py:190} INFO - [2025-04-10T09:33:38.951+0000] {dagbag.py:588} INFO - Filling up the DagBag from /home/airflow/.local/lib/python3.12/site-packages/airflow/example_dags/example_latest_only.py
[2025-04-10T09:33:38.960+0000] {processor.py:925} INFO - DAG(s) 'latest_only' retrieved from /home/airflow/.local/lib/python3.12/site-packages/airflow/example_dags/example_latest_only.py
[2025-04-10T09:33:38.981+0000] {logging_mixin.py:190} INFO - [2025-04-10T09:33:38.981+0000] {dag.py:3239} INFO - Sync 1 DAGs
[2025-04-10T09:33:39.007+0000] {logging_mixin.py:190} INFO - [2025-04-10T09:33:39.006+0000] {dag.py:4180} INFO - Setting next_dagrun for latest_only to 2025-04-10 04:00:00+00:00, run_after=2025-04-10 08:00:00+00:00
[2025-04-10T09:33:39.026+0000] {processor.py:208} INFO - Processing /home/airflow/.local/lib/python3.12/site-packages/airflow/example_dags/example_latest_only.py took 0.087 seconds
[2025-04-10T09:34:09.232+0000] {processor.py:186} INFO - Started process (PID=2740) to work on /home/airflow/.local/lib/python3.12/site-packages/airflow/example_dags/example_latest_only.py
[2025-04-10T09:34:09.234+0000] {processor.py:914} INFO - Processing file /home/airflow/.local/lib/python3.12/site-packages/airflow/example_dags/example_latest_only.py for tasks to queue
[2025-04-10T09:34:09.236+0000] {logging_mixin.py:190} INFO - [2025-04-10T09:34:09.236+0000] {dagbag.py:588} INFO - Filling up the DagBag from /home/airflow/.local/lib/python3.12/site-packages/airflow/example_dags/example_latest_only.py
[2025-04-10T09:34:09.245+0000] {processor.py:925} INFO - DAG(s) 'latest_only' retrieved from /home/airflow/.local/lib/python3.12/site-packages/airflow/example_dags/example_latest_only.py
[2025-04-10T09:34:09.267+0000] {logging_mixin.py:190} INFO - [2025-04-10T09:34:09.266+0000] {dag.py:3239} INFO - Sync 1 DAGs
[2025-04-10T09:34:09.292+0000] {logging_mixin.py:190} INFO - [2025-04-10T09:34:09.291+0000] {dag.py:4180} INFO - Setting next_dagrun for latest_only to 2025-04-10 04:00:00+00:00, run_after=2025-04-10 08:00:00+00:00
[2025-04-10T09:34:09.310+0000] {processor.py:208} INFO - Processing /home/airflow/.local/lib/python3.12/site-packages/airflow/example_dags/example_latest_only.py took 0.085 seconds
[2025-04-10T09:34:40.176+0000] {processor.py:186} INFO - Started process (PID=2804) to work on /home/airflow/.local/lib/python3.12/site-packages/airflow/example_dags/example_latest_only.py
[2025-04-10T09:34:40.177+0000] {processor.py:914} INFO - Processing file /home/airflow/.local/lib/python3.12/site-packages/airflow/example_dags/example_latest_only.py for tasks to queue
[2025-04-10T09:34:40.181+0000] {logging_mixin.py:190} INFO - [2025-04-10T09:34:40.181+0000] {dagbag.py:588} INFO - Filling up the DagBag from /home/airflow/.local/lib/python3.12/site-packages/airflow/example_dags/example_latest_only.py
[2025-04-10T09:34:40.193+0000] {processor.py:925} INFO - DAG(s) 'latest_only' retrieved from /home/airflow/.local/lib/python3.12/site-packages/airflow/example_dags/example_latest_only.py
[2025-04-10T09:34:40.226+0000] {logging_mixin.py:190} INFO - [2025-04-10T09:34:40.226+0000] {dag.py:3239} INFO - Sync 1 DAGs
[2025-04-10T09:34:40.263+0000] {logging_mixin.py:190} INFO - [2025-04-10T09:34:40.262+0000] {dag.py:4180} INFO - Setting next_dagrun for latest_only to 2025-04-10 04:00:00+00:00, run_after=2025-04-10 08:00:00+00:00
[2025-04-10T09:34:40.286+0000] {processor.py:208} INFO - Processing /home/airflow/.local/lib/python3.12/site-packages/airflow/example_dags/example_latest_only.py took 0.118 seconds
[2025-04-10T09:35:10.796+0000] {processor.py:186} INFO - Started process (PID=2868) to work on /home/airflow/.local/lib/python3.12/site-packages/airflow/example_dags/example_latest_only.py
[2025-04-10T09:35:10.797+0000] {processor.py:914} INFO - Processing file /home/airflow/.local/lib/python3.12/site-packages/airflow/example_dags/example_latest_only.py for tasks to queue
[2025-04-10T09:35:10.801+0000] {logging_mixin.py:190} INFO - [2025-04-10T09:35:10.800+0000] {dagbag.py:588} INFO - Filling up the DagBag from /home/airflow/.local/lib/python3.12/site-packages/airflow/example_dags/example_latest_only.py
[2025-04-10T09:35:10.813+0000] {processor.py:925} INFO - DAG(s) 'latest_only' retrieved from /home/airflow/.local/lib/python3.12/site-packages/airflow/example_dags/example_latest_only.py
[2025-04-10T09:35:10.847+0000] {logging_mixin.py:190} INFO - [2025-04-10T09:35:10.846+0000] {dag.py:3239} INFO - Sync 1 DAGs
[2025-04-10T09:35:10.881+0000] {logging_mixin.py:190} INFO - [2025-04-10T09:35:10.880+0000] {dag.py:4180} INFO - Setting next_dagrun for latest_only to 2025-04-10 04:00:00+00:00, run_after=2025-04-10 08:00:00+00:00
[2025-04-10T09:35:10.903+0000] {processor.py:208} INFO - Processing /home/airflow/.local/lib/python3.12/site-packages/airflow/example_dags/example_latest_only.py took 0.117 seconds
[2025-04-10T09:35:41.986+0000] {processor.py:186} INFO - Started process (PID=2931) to work on /home/airflow/.local/lib/python3.12/site-packages/airflow/example_dags/example_latest_only.py
[2025-04-10T09:35:41.987+0000] {processor.py:914} INFO - Processing file /home/airflow/.local/lib/python3.12/site-packages/airflow/example_dags/example_latest_only.py for tasks to queue
[2025-04-10T09:35:41.990+0000] {logging_mixin.py:190} INFO - [2025-04-10T09:35:41.990+0000] {dagbag.py:588} INFO - Filling up the DagBag from /home/airflow/.local/lib/python3.12/site-packages/airflow/example_dags/example_latest_only.py
[2025-04-10T09:35:41.999+0000] {processor.py:925} INFO - DAG(s) 'latest_only' retrieved from /home/airflow/.local/lib/python3.12/site-packages/airflow/example_dags/example_latest_only.py
[2025-04-10T09:35:42.020+0000] {logging_mixin.py:190} INFO - [2025-04-10T09:35:42.020+0000] {dag.py:3239} INFO - Sync 1 DAGs
[2025-04-10T09:35:42.048+0000] {logging_mixin.py:190} INFO - [2025-04-10T09:35:42.048+0000] {dag.py:4180} INFO - Setting next_dagrun for latest_only to 2025-04-10 04:00:00+00:00, run_after=2025-04-10 08:00:00+00:00
[2025-04-10T09:35:42.067+0000] {processor.py:208} INFO - Processing /home/airflow/.local/lib/python3.12/site-packages/airflow/example_dags/example_latest_only.py took 0.088 seconds
[2025-04-10T09:36:12.808+0000] {processor.py:186} INFO - Started process (PID=2995) to work on /home/airflow/.local/lib/python3.12/site-packages/airflow/example_dags/example_latest_only.py
[2025-04-10T09:36:12.810+0000] {processor.py:914} INFO - Processing file /home/airflow/.local/lib/python3.12/site-packages/airflow/example_dags/example_latest_only.py for tasks to queue
[2025-04-10T09:36:12.813+0000] {logging_mixin.py:190} INFO - [2025-04-10T09:36:12.812+0000] {dagbag.py:588} INFO - Filling up the DagBag from /home/airflow/.local/lib/python3.12/site-packages/airflow/example_dags/example_latest_only.py
[2025-04-10T09:36:12.822+0000] {processor.py:925} INFO - DAG(s) 'latest_only' retrieved from /home/airflow/.local/lib/python3.12/site-packages/airflow/example_dags/example_latest_only.py
[2025-04-10T09:36:12.847+0000] {logging_mixin.py:190} INFO - [2025-04-10T09:36:12.847+0000] {dag.py:3239} INFO - Sync 1 DAGs
[2025-04-10T09:36:13.078+0000] {logging_mixin.py:190} INFO - [2025-04-10T09:36:13.078+0000] {dag.py:4180} INFO - Setting next_dagrun for latest_only to 2025-04-10 04:00:00+00:00, run_after=2025-04-10 08:00:00+00:00
[2025-04-10T09:36:13.097+0000] {processor.py:208} INFO - Processing /home/airflow/.local/lib/python3.12/site-packages/airflow/example_dags/example_latest_only.py took 0.296 seconds
[2025-04-10T09:36:43.848+0000] {processor.py:186} INFO - Started process (PID=3059) to work on /home/airflow/.local/lib/python3.12/site-packages/airflow/example_dags/example_latest_only.py
[2025-04-10T09:36:43.849+0000] {processor.py:914} INFO - Processing file /home/airflow/.local/lib/python3.12/site-packages/airflow/example_dags/example_latest_only.py for tasks to queue
[2025-04-10T09:36:43.852+0000] {logging_mixin.py:190} INFO - [2025-04-10T09:36:43.851+0000] {dagbag.py:588} INFO - Filling up the DagBag from /home/airflow/.local/lib/python3.12/site-packages/airflow/example_dags/example_latest_only.py
[2025-04-10T09:36:43.861+0000] {processor.py:925} INFO - DAG(s) 'latest_only' retrieved from /home/airflow/.local/lib/python3.12/site-packages/airflow/example_dags/example_latest_only.py
[2025-04-10T09:36:43.889+0000] {logging_mixin.py:190} INFO - [2025-04-10T09:36:43.889+0000] {dag.py:3239} INFO - Sync 1 DAGs
[2025-04-10T09:36:43.917+0000] {logging_mixin.py:190} INFO - [2025-04-10T09:36:43.917+0000] {dag.py:4180} INFO - Setting next_dagrun for latest_only to 2025-04-10 04:00:00+00:00, run_after=2025-04-10 08:00:00+00:00
[2025-04-10T09:36:44.145+0000] {processor.py:208} INFO - Processing /home/airflow/.local/lib/python3.12/site-packages/airflow/example_dags/example_latest_only.py took 0.304 seconds
[2025-04-10T09:37:14.243+0000] {processor.py:186} INFO - Started process (PID=3123) to work on /home/airflow/.local/lib/python3.12/site-packages/airflow/example_dags/example_latest_only.py
[2025-04-10T09:37:14.246+0000] {processor.py:914} INFO - Processing file /home/airflow/.local/lib/python3.12/site-packages/airflow/example_dags/example_latest_only.py for tasks to queue
[2025-04-10T09:37:14.249+0000] {logging_mixin.py:190} INFO - [2025-04-10T09:37:14.249+0000] {dagbag.py:588} INFO - Filling up the DagBag from /home/airflow/.local/lib/python3.12/site-packages/airflow/example_dags/example_latest_only.py
[2025-04-10T09:37:14.261+0000] {processor.py:925} INFO - DAG(s) 'latest_only' retrieved from /home/airflow/.local/lib/python3.12/site-packages/airflow/example_dags/example_latest_only.py
[2025-04-10T09:37:14.284+0000] {logging_mixin.py:190} INFO - [2025-04-10T09:37:14.284+0000] {dag.py:3239} INFO - Sync 1 DAGs
[2025-04-10T09:37:14.310+0000] {logging_mixin.py:190} INFO - [2025-04-10T09:37:14.310+0000] {dag.py:4180} INFO - Setting next_dagrun for latest_only to 2025-04-10 04:00:00+00:00, run_after=2025-04-10 08:00:00+00:00
[2025-04-10T09:37:14.334+0000] {processor.py:208} INFO - Processing /home/airflow/.local/lib/python3.12/site-packages/airflow/example_dags/example_latest_only.py took 0.100 seconds
