[2025-04-10T09:12:42.697+0000] {processor.py:186} INFO - Started process (PID=94) to work on /home/airflow/.local/lib/python3.12/site-packages/airflow/example_dags/example_setup_teardown.py
[2025-04-10T09:12:42.699+0000] {processor.py:914} INFO - Processing file /home/airflow/.local/lib/python3.12/site-packages/airflow/example_dags/example_setup_teardown.py for tasks to queue
[2025-04-10T09:12:42.702+0000] {logging_mixin.py:190} INFO - [2025-04-10T09:12:42.701+0000] {dagbag.py:588} INFO - Filling up the DagBag from /home/airflow/.local/lib/python3.12/site-packages/airflow/example_dags/example_setup_teardown.py
[2025-04-10T09:12:42.713+0000] {processor.py:925} INFO - DAG(s) 'example_setup_teardown' retrieved from /home/airflow/.local/lib/python3.12/site-packages/airflow/example_dags/example_setup_teardown.py
[2025-04-10T09:12:42.747+0000] {logging_mixin.py:190} INFO - [2025-04-10T09:12:42.747+0000] {dag.py:3239} INFO - Sync 1 DAGs
[2025-04-10T09:12:42.767+0000] {logging_mixin.py:190} INFO - [2025-04-10T09:12:42.766+0000] {dag.py:4180} INFO - Setting next_dagrun for example_setup_teardown to None, run_after=None
[2025-04-10T09:12:42.790+0000] {processor.py:208} INFO - Processing /home/airflow/.local/lib/python3.12/site-packages/airflow/example_dags/example_setup_teardown.py took 0.099 seconds
[2025-04-10T09:13:14.059+0000] {processor.py:186} INFO - Started process (PID=158) to work on /home/airflow/.local/lib/python3.12/site-packages/airflow/example_dags/example_setup_teardown.py
[2025-04-10T09:13:14.062+0000] {processor.py:914} INFO - Processing file /home/airflow/.local/lib/python3.12/site-packages/airflow/example_dags/example_setup_teardown.py for tasks to queue
[2025-04-10T09:13:14.065+0000] {logging_mixin.py:190} INFO - [2025-04-10T09:13:14.065+0000] {dagbag.py:588} INFO - Filling up the DagBag from /home/airflow/.local/lib/python3.12/site-packages/airflow/example_dags/example_setup_teardown.py
[2025-04-10T09:13:14.078+0000] {processor.py:925} INFO - DAG(s) 'example_setup_teardown' retrieved from /home/airflow/.local/lib/python3.12/site-packages/airflow/example_dags/example_setup_teardown.py
[2025-04-10T09:13:14.105+0000] {logging_mixin.py:190} INFO - [2025-04-10T09:13:14.105+0000] {dag.py:3239} INFO - Sync 1 DAGs
[2025-04-10T09:13:14.126+0000] {logging_mixin.py:190} INFO - [2025-04-10T09:13:14.125+0000] {dag.py:4180} INFO - Setting next_dagrun for example_setup_teardown to None, run_after=None
[2025-04-10T09:13:14.147+0000] {processor.py:208} INFO - Processing /home/airflow/.local/lib/python3.12/site-packages/airflow/example_dags/example_setup_teardown.py took 0.095 seconds
[2025-04-10T09:13:44.846+0000] {processor.py:186} INFO - Started process (PID=222) to work on /home/airflow/.local/lib/python3.12/site-packages/airflow/example_dags/example_setup_teardown.py
[2025-04-10T09:13:44.847+0000] {processor.py:914} INFO - Processing file /home/airflow/.local/lib/python3.12/site-packages/airflow/example_dags/example_setup_teardown.py for tasks to queue
[2025-04-10T09:13:44.850+0000] {logging_mixin.py:190} INFO - [2025-04-10T09:13:44.849+0000] {dagbag.py:588} INFO - Filling up the DagBag from /home/airflow/.local/lib/python3.12/site-packages/airflow/example_dags/example_setup_teardown.py
[2025-04-10T09:13:44.860+0000] {processor.py:925} INFO - DAG(s) 'example_setup_teardown' retrieved from /home/airflow/.local/lib/python3.12/site-packages/airflow/example_dags/example_setup_teardown.py
[2025-04-10T09:13:44.880+0000] {logging_mixin.py:190} INFO - [2025-04-10T09:13:44.880+0000] {dag.py:3239} INFO - Sync 1 DAGs
[2025-04-10T09:13:44.897+0000] {logging_mixin.py:190} INFO - [2025-04-10T09:13:44.896+0000] {dag.py:4180} INFO - Setting next_dagrun for example_setup_teardown to None, run_after=None
[2025-04-10T09:13:44.919+0000] {processor.py:208} INFO - Processing /home/airflow/.local/lib/python3.12/site-packages/airflow/example_dags/example_setup_teardown.py took 0.079 seconds
[2025-04-10T09:14:15.915+0000] {processor.py:186} INFO - Started process (PID=286) to work on /home/airflow/.local/lib/python3.12/site-packages/airflow/example_dags/example_setup_teardown.py
[2025-04-10T09:14:15.917+0000] {processor.py:914} INFO - Processing file /home/airflow/.local/lib/python3.12/site-packages/airflow/example_dags/example_setup_teardown.py for tasks to queue
[2025-04-10T09:14:15.920+0000] {logging_mixin.py:190} INFO - [2025-04-10T09:14:15.920+0000] {dagbag.py:588} INFO - Filling up the DagBag from /home/airflow/.local/lib/python3.12/site-packages/airflow/example_dags/example_setup_teardown.py
[2025-04-10T09:14:15.933+0000] {processor.py:925} INFO - DAG(s) 'example_setup_teardown' retrieved from /home/airflow/.local/lib/python3.12/site-packages/airflow/example_dags/example_setup_teardown.py
[2025-04-10T09:14:15.959+0000] {logging_mixin.py:190} INFO - [2025-04-10T09:14:15.958+0000] {dag.py:3239} INFO - Sync 1 DAGs
[2025-04-10T09:14:15.973+0000] {logging_mixin.py:190} INFO - [2025-04-10T09:14:15.973+0000] {dag.py:4180} INFO - Setting next_dagrun for example_setup_teardown to None, run_after=None
[2025-04-10T09:14:15.993+0000] {processor.py:208} INFO - Processing /home/airflow/.local/lib/python3.12/site-packages/airflow/example_dags/example_setup_teardown.py took 0.084 seconds
[2025-04-10T09:14:47.351+0000] {processor.py:186} INFO - Started process (PID=350) to work on /home/airflow/.local/lib/python3.12/site-packages/airflow/example_dags/example_setup_teardown.py
[2025-04-10T09:14:47.352+0000] {processor.py:914} INFO - Processing file /home/airflow/.local/lib/python3.12/site-packages/airflow/example_dags/example_setup_teardown.py for tasks to queue
[2025-04-10T09:14:47.355+0000] {logging_mixin.py:190} INFO - [2025-04-10T09:14:47.355+0000] {dagbag.py:588} INFO - Filling up the DagBag from /home/airflow/.local/lib/python3.12/site-packages/airflow/example_dags/example_setup_teardown.py
[2025-04-10T09:14:47.364+0000] {processor.py:925} INFO - DAG(s) 'example_setup_teardown' retrieved from /home/airflow/.local/lib/python3.12/site-packages/airflow/example_dags/example_setup_teardown.py
[2025-04-10T09:14:47.390+0000] {logging_mixin.py:190} INFO - [2025-04-10T09:14:47.390+0000] {dag.py:3239} INFO - Sync 1 DAGs
[2025-04-10T09:14:47.407+0000] {logging_mixin.py:190} INFO - [2025-04-10T09:14:47.407+0000] {dag.py:4180} INFO - Setting next_dagrun for example_setup_teardown to None, run_after=None
[2025-04-10T09:14:47.430+0000] {processor.py:208} INFO - Processing /home/airflow/.local/lib/python3.12/site-packages/airflow/example_dags/example_setup_teardown.py took 0.085 seconds
[2025-04-10T09:15:45.518+0000] {processor.py:186} INFO - Started process (PID=419) to work on /home/airflow/.local/lib/python3.12/site-packages/airflow/example_dags/example_setup_teardown.py
[2025-04-10T09:15:45.520+0000] {processor.py:914} INFO - Processing file /home/airflow/.local/lib/python3.12/site-packages/airflow/example_dags/example_setup_teardown.py for tasks to queue
[2025-04-10T09:15:45.525+0000] {logging_mixin.py:190} INFO - [2025-04-10T09:15:45.524+0000] {dagbag.py:588} INFO - Filling up the DagBag from /home/airflow/.local/lib/python3.12/site-packages/airflow/example_dags/example_setup_teardown.py
[2025-04-10T09:15:45.545+0000] {processor.py:925} INFO - DAG(s) 'example_setup_teardown' retrieved from /home/airflow/.local/lib/python3.12/site-packages/airflow/example_dags/example_setup_teardown.py
[2025-04-10T09:15:45.575+0000] {logging_mixin.py:190} INFO - [2025-04-10T09:15:45.575+0000] {dag.py:3239} INFO - Sync 1 DAGs
[2025-04-10T09:15:45.594+0000] {logging_mixin.py:190} INFO - [2025-04-10T09:15:45.594+0000] {dag.py:4180} INFO - Setting next_dagrun for example_setup_teardown to None, run_after=None
[2025-04-10T09:15:45.625+0000] {processor.py:208} INFO - Processing /home/airflow/.local/lib/python3.12/site-packages/airflow/example_dags/example_setup_teardown.py took 0.114 seconds
[2025-04-10T09:16:16.246+0000] {processor.py:186} INFO - Started process (PID=484) to work on /home/airflow/.local/lib/python3.12/site-packages/airflow/example_dags/example_setup_teardown.py
[2025-04-10T09:16:16.248+0000] {processor.py:914} INFO - Processing file /home/airflow/.local/lib/python3.12/site-packages/airflow/example_dags/example_setup_teardown.py for tasks to queue
[2025-04-10T09:16:16.251+0000] {logging_mixin.py:190} INFO - [2025-04-10T09:16:16.251+0000] {dagbag.py:588} INFO - Filling up the DagBag from /home/airflow/.local/lib/python3.12/site-packages/airflow/example_dags/example_setup_teardown.py
[2025-04-10T09:16:16.263+0000] {processor.py:925} INFO - DAG(s) 'example_setup_teardown' retrieved from /home/airflow/.local/lib/python3.12/site-packages/airflow/example_dags/example_setup_teardown.py
[2025-04-10T09:16:16.288+0000] {logging_mixin.py:190} INFO - [2025-04-10T09:16:16.288+0000] {dag.py:3239} INFO - Sync 1 DAGs
[2025-04-10T09:16:16.305+0000] {logging_mixin.py:190} INFO - [2025-04-10T09:16:16.305+0000] {dag.py:4180} INFO - Setting next_dagrun for example_setup_teardown to None, run_after=None
[2025-04-10T09:16:16.330+0000] {processor.py:208} INFO - Processing /home/airflow/.local/lib/python3.12/site-packages/airflow/example_dags/example_setup_teardown.py took 0.091 seconds
[2025-04-10T09:16:47.341+0000] {processor.py:186} INFO - Started process (PID=548) to work on /home/airflow/.local/lib/python3.12/site-packages/airflow/example_dags/example_setup_teardown.py
[2025-04-10T09:16:47.342+0000] {processor.py:914} INFO - Processing file /home/airflow/.local/lib/python3.12/site-packages/airflow/example_dags/example_setup_teardown.py for tasks to queue
[2025-04-10T09:16:47.345+0000] {logging_mixin.py:190} INFO - [2025-04-10T09:16:47.345+0000] {dagbag.py:588} INFO - Filling up the DagBag from /home/airflow/.local/lib/python3.12/site-packages/airflow/example_dags/example_setup_teardown.py
[2025-04-10T09:16:47.356+0000] {processor.py:925} INFO - DAG(s) 'example_setup_teardown' retrieved from /home/airflow/.local/lib/python3.12/site-packages/airflow/example_dags/example_setup_teardown.py
[2025-04-10T09:16:47.379+0000] {logging_mixin.py:190} INFO - [2025-04-10T09:16:47.379+0000] {dag.py:3239} INFO - Sync 1 DAGs
[2025-04-10T09:16:47.396+0000] {logging_mixin.py:190} INFO - [2025-04-10T09:16:47.396+0000] {dag.py:4180} INFO - Setting next_dagrun for example_setup_teardown to None, run_after=None
[2025-04-10T09:16:47.418+0000] {processor.py:208} INFO - Processing /home/airflow/.local/lib/python3.12/site-packages/airflow/example_dags/example_setup_teardown.py took 0.085 seconds
[2025-04-10T09:17:18.427+0000] {processor.py:186} INFO - Started process (PID=612) to work on /home/airflow/.local/lib/python3.12/site-packages/airflow/example_dags/example_setup_teardown.py
[2025-04-10T09:17:18.428+0000] {processor.py:914} INFO - Processing file /home/airflow/.local/lib/python3.12/site-packages/airflow/example_dags/example_setup_teardown.py for tasks to queue
[2025-04-10T09:17:18.431+0000] {logging_mixin.py:190} INFO - [2025-04-10T09:17:18.431+0000] {dagbag.py:588} INFO - Filling up the DagBag from /home/airflow/.local/lib/python3.12/site-packages/airflow/example_dags/example_setup_teardown.py
[2025-04-10T09:17:18.442+0000] {processor.py:925} INFO - DAG(s) 'example_setup_teardown' retrieved from /home/airflow/.local/lib/python3.12/site-packages/airflow/example_dags/example_setup_teardown.py
[2025-04-10T09:17:18.463+0000] {logging_mixin.py:190} INFO - [2025-04-10T09:17:18.463+0000] {dag.py:3239} INFO - Sync 1 DAGs
[2025-04-10T09:17:18.480+0000] {logging_mixin.py:190} INFO - [2025-04-10T09:17:18.479+0000] {dag.py:4180} INFO - Setting next_dagrun for example_setup_teardown to None, run_after=None
[2025-04-10T09:17:18.500+0000] {processor.py:208} INFO - Processing /home/airflow/.local/lib/python3.12/site-packages/airflow/example_dags/example_setup_teardown.py took 0.081 seconds
[2025-04-10T09:17:50.079+0000] {processor.py:186} INFO - Started process (PID=686) to work on /home/airflow/.local/lib/python3.12/site-packages/airflow/example_dags/example_setup_teardown.py
[2025-04-10T09:17:50.080+0000] {processor.py:914} INFO - Processing file /home/airflow/.local/lib/python3.12/site-packages/airflow/example_dags/example_setup_teardown.py for tasks to queue
[2025-04-10T09:17:50.083+0000] {logging_mixin.py:190} INFO - [2025-04-10T09:17:50.082+0000] {dagbag.py:588} INFO - Filling up the DagBag from /home/airflow/.local/lib/python3.12/site-packages/airflow/example_dags/example_setup_teardown.py
[2025-04-10T09:17:50.094+0000] {processor.py:925} INFO - DAG(s) 'example_setup_teardown' retrieved from /home/airflow/.local/lib/python3.12/site-packages/airflow/example_dags/example_setup_teardown.py
[2025-04-10T09:17:50.116+0000] {logging_mixin.py:190} INFO - [2025-04-10T09:17:50.115+0000] {dag.py:3239} INFO - Sync 1 DAGs
[2025-04-10T09:17:50.132+0000] {logging_mixin.py:190} INFO - [2025-04-10T09:17:50.132+0000] {dag.py:4180} INFO - Setting next_dagrun for example_setup_teardown to None, run_after=None
[2025-04-10T09:17:50.156+0000] {processor.py:208} INFO - Processing /home/airflow/.local/lib/python3.12/site-packages/airflow/example_dags/example_setup_teardown.py took 0.084 seconds
[2025-04-10T09:18:21.279+0000] {processor.py:186} INFO - Started process (PID=751) to work on /home/airflow/.local/lib/python3.12/site-packages/airflow/example_dags/example_setup_teardown.py
[2025-04-10T09:18:21.281+0000] {processor.py:914} INFO - Processing file /home/airflow/.local/lib/python3.12/site-packages/airflow/example_dags/example_setup_teardown.py for tasks to queue
[2025-04-10T09:18:21.284+0000] {logging_mixin.py:190} INFO - [2025-04-10T09:18:21.284+0000] {dagbag.py:588} INFO - Filling up the DagBag from /home/airflow/.local/lib/python3.12/site-packages/airflow/example_dags/example_setup_teardown.py
[2025-04-10T09:18:21.294+0000] {processor.py:925} INFO - DAG(s) 'example_setup_teardown' retrieved from /home/airflow/.local/lib/python3.12/site-packages/airflow/example_dags/example_setup_teardown.py
[2025-04-10T09:18:21.323+0000] {logging_mixin.py:190} INFO - [2025-04-10T09:18:21.322+0000] {dag.py:3239} INFO - Sync 1 DAGs
[2025-04-10T09:18:21.339+0000] {logging_mixin.py:190} INFO - [2025-04-10T09:18:21.338+0000] {dag.py:4180} INFO - Setting next_dagrun for example_setup_teardown to None, run_after=None
[2025-04-10T09:18:21.359+0000] {processor.py:208} INFO - Processing /home/airflow/.local/lib/python3.12/site-packages/airflow/example_dags/example_setup_teardown.py took 0.086 seconds
[2025-04-10T09:18:52.261+0000] {processor.py:186} INFO - Started process (PID=819) to work on /home/airflow/.local/lib/python3.12/site-packages/airflow/example_dags/example_setup_teardown.py
[2025-04-10T09:18:52.262+0000] {processor.py:914} INFO - Processing file /home/airflow/.local/lib/python3.12/site-packages/airflow/example_dags/example_setup_teardown.py for tasks to queue
[2025-04-10T09:18:52.264+0000] {logging_mixin.py:190} INFO - [2025-04-10T09:18:52.264+0000] {dagbag.py:588} INFO - Filling up the DagBag from /home/airflow/.local/lib/python3.12/site-packages/airflow/example_dags/example_setup_teardown.py
[2025-04-10T09:18:52.274+0000] {processor.py:925} INFO - DAG(s) 'example_setup_teardown' retrieved from /home/airflow/.local/lib/python3.12/site-packages/airflow/example_dags/example_setup_teardown.py
[2025-04-10T09:18:52.296+0000] {logging_mixin.py:190} INFO - [2025-04-10T09:18:52.296+0000] {dag.py:3239} INFO - Sync 1 DAGs
[2025-04-10T09:18:52.312+0000] {logging_mixin.py:190} INFO - [2025-04-10T09:18:52.312+0000] {dag.py:4180} INFO - Setting next_dagrun for example_setup_teardown to None, run_after=None
[2025-04-10T09:18:52.336+0000] {processor.py:208} INFO - Processing /home/airflow/.local/lib/python3.12/site-packages/airflow/example_dags/example_setup_teardown.py took 0.081 seconds
[2025-04-10T09:19:24.524+0000] {processor.py:186} INFO - Started process (PID=893) to work on /home/airflow/.local/lib/python3.12/site-packages/airflow/example_dags/example_setup_teardown.py
[2025-04-10T09:19:24.525+0000] {processor.py:914} INFO - Processing file /home/airflow/.local/lib/python3.12/site-packages/airflow/example_dags/example_setup_teardown.py for tasks to queue
[2025-04-10T09:19:24.528+0000] {logging_mixin.py:190} INFO - [2025-04-10T09:19:24.528+0000] {dagbag.py:588} INFO - Filling up the DagBag from /home/airflow/.local/lib/python3.12/site-packages/airflow/example_dags/example_setup_teardown.py
[2025-04-10T09:19:24.539+0000] {processor.py:925} INFO - DAG(s) 'example_setup_teardown' retrieved from /home/airflow/.local/lib/python3.12/site-packages/airflow/example_dags/example_setup_teardown.py
[2025-04-10T09:19:24.561+0000] {logging_mixin.py:190} INFO - [2025-04-10T09:19:24.561+0000] {dag.py:3239} INFO - Sync 1 DAGs
[2025-04-10T09:19:24.577+0000] {logging_mixin.py:190} INFO - [2025-04-10T09:19:24.576+0000] {dag.py:4180} INFO - Setting next_dagrun for example_setup_teardown to None, run_after=None
[2025-04-10T09:19:24.596+0000] {processor.py:208} INFO - Processing /home/airflow/.local/lib/python3.12/site-packages/airflow/example_dags/example_setup_teardown.py took 0.078 seconds
[2025-04-10T09:19:56.063+0000] {processor.py:186} INFO - Started process (PID=957) to work on /home/airflow/.local/lib/python3.12/site-packages/airflow/example_dags/example_setup_teardown.py
[2025-04-10T09:19:56.066+0000] {processor.py:914} INFO - Processing file /home/airflow/.local/lib/python3.12/site-packages/airflow/example_dags/example_setup_teardown.py for tasks to queue
[2025-04-10T09:19:56.068+0000] {logging_mixin.py:190} INFO - [2025-04-10T09:19:56.068+0000] {dagbag.py:588} INFO - Filling up the DagBag from /home/airflow/.local/lib/python3.12/site-packages/airflow/example_dags/example_setup_teardown.py
[2025-04-10T09:19:56.079+0000] {processor.py:925} INFO - DAG(s) 'example_setup_teardown' retrieved from /home/airflow/.local/lib/python3.12/site-packages/airflow/example_dags/example_setup_teardown.py
[2025-04-10T09:19:56.101+0000] {logging_mixin.py:190} INFO - [2025-04-10T09:19:56.100+0000] {dag.py:3239} INFO - Sync 1 DAGs
[2025-04-10T09:19:56.118+0000] {logging_mixin.py:190} INFO - [2025-04-10T09:19:56.118+0000] {dag.py:4180} INFO - Setting next_dagrun for example_setup_teardown to None, run_after=None
[2025-04-10T09:19:56.139+0000] {processor.py:208} INFO - Processing /home/airflow/.local/lib/python3.12/site-packages/airflow/example_dags/example_setup_teardown.py took 0.082 seconds
[2025-04-10T09:20:27.425+0000] {processor.py:186} INFO - Started process (PID=1021) to work on /home/airflow/.local/lib/python3.12/site-packages/airflow/example_dags/example_setup_teardown.py
[2025-04-10T09:20:27.428+0000] {processor.py:914} INFO - Processing file /home/airflow/.local/lib/python3.12/site-packages/airflow/example_dags/example_setup_teardown.py for tasks to queue
[2025-04-10T09:20:27.431+0000] {logging_mixin.py:190} INFO - [2025-04-10T09:20:27.430+0000] {dagbag.py:588} INFO - Filling up the DagBag from /home/airflow/.local/lib/python3.12/site-packages/airflow/example_dags/example_setup_teardown.py
[2025-04-10T09:20:27.441+0000] {processor.py:925} INFO - DAG(s) 'example_setup_teardown' retrieved from /home/airflow/.local/lib/python3.12/site-packages/airflow/example_dags/example_setup_teardown.py
[2025-04-10T09:20:27.465+0000] {logging_mixin.py:190} INFO - [2025-04-10T09:20:27.465+0000] {dag.py:3239} INFO - Sync 1 DAGs
[2025-04-10T09:20:27.482+0000] {logging_mixin.py:190} INFO - [2025-04-10T09:20:27.482+0000] {dag.py:4180} INFO - Setting next_dagrun for example_setup_teardown to None, run_after=None
[2025-04-10T09:20:27.501+0000] {processor.py:208} INFO - Processing /home/airflow/.local/lib/python3.12/site-packages/airflow/example_dags/example_setup_teardown.py took 0.082 seconds
[2025-04-10T09:20:57.587+0000] {processor.py:186} INFO - Started process (PID=1084) to work on /home/airflow/.local/lib/python3.12/site-packages/airflow/example_dags/example_setup_teardown.py
[2025-04-10T09:20:57.588+0000] {processor.py:914} INFO - Processing file /home/airflow/.local/lib/python3.12/site-packages/airflow/example_dags/example_setup_teardown.py for tasks to queue
[2025-04-10T09:20:57.590+0000] {logging_mixin.py:190} INFO - [2025-04-10T09:20:57.590+0000] {dagbag.py:588} INFO - Filling up the DagBag from /home/airflow/.local/lib/python3.12/site-packages/airflow/example_dags/example_setup_teardown.py
[2025-04-10T09:20:57.600+0000] {processor.py:925} INFO - DAG(s) 'example_setup_teardown' retrieved from /home/airflow/.local/lib/python3.12/site-packages/airflow/example_dags/example_setup_teardown.py
[2025-04-10T09:20:57.623+0000] {logging_mixin.py:190} INFO - [2025-04-10T09:20:57.623+0000] {dag.py:3239} INFO - Sync 1 DAGs
[2025-04-10T09:20:57.641+0000] {logging_mixin.py:190} INFO - [2025-04-10T09:20:57.641+0000] {dag.py:4180} INFO - Setting next_dagrun for example_setup_teardown to None, run_after=None
[2025-04-10T09:20:57.665+0000] {processor.py:208} INFO - Processing /home/airflow/.local/lib/python3.12/site-packages/airflow/example_dags/example_setup_teardown.py took 0.085 seconds
[2025-04-10T09:21:28.215+0000] {processor.py:186} INFO - Started process (PID=1148) to work on /home/airflow/.local/lib/python3.12/site-packages/airflow/example_dags/example_setup_teardown.py
[2025-04-10T09:21:28.216+0000] {processor.py:914} INFO - Processing file /home/airflow/.local/lib/python3.12/site-packages/airflow/example_dags/example_setup_teardown.py for tasks to queue
[2025-04-10T09:21:28.219+0000] {logging_mixin.py:190} INFO - [2025-04-10T09:21:28.218+0000] {dagbag.py:588} INFO - Filling up the DagBag from /home/airflow/.local/lib/python3.12/site-packages/airflow/example_dags/example_setup_teardown.py
[2025-04-10T09:21:28.229+0000] {processor.py:925} INFO - DAG(s) 'example_setup_teardown' retrieved from /home/airflow/.local/lib/python3.12/site-packages/airflow/example_dags/example_setup_teardown.py
[2025-04-10T09:21:28.250+0000] {logging_mixin.py:190} INFO - [2025-04-10T09:21:28.250+0000] {dag.py:3239} INFO - Sync 1 DAGs
[2025-04-10T09:21:28.265+0000] {logging_mixin.py:190} INFO - [2025-04-10T09:21:28.265+0000] {dag.py:4180} INFO - Setting next_dagrun for example_setup_teardown to None, run_after=None
[2025-04-10T09:21:28.288+0000] {processor.py:208} INFO - Processing /home/airflow/.local/lib/python3.12/site-packages/airflow/example_dags/example_setup_teardown.py took 0.080 seconds
[2025-04-10T09:21:58.833+0000] {processor.py:186} INFO - Started process (PID=1211) to work on /home/airflow/.local/lib/python3.12/site-packages/airflow/example_dags/example_setup_teardown.py
[2025-04-10T09:21:58.834+0000] {processor.py:914} INFO - Processing file /home/airflow/.local/lib/python3.12/site-packages/airflow/example_dags/example_setup_teardown.py for tasks to queue
[2025-04-10T09:21:58.836+0000] {logging_mixin.py:190} INFO - [2025-04-10T09:21:58.836+0000] {dagbag.py:588} INFO - Filling up the DagBag from /home/airflow/.local/lib/python3.12/site-packages/airflow/example_dags/example_setup_teardown.py
[2025-04-10T09:21:58.847+0000] {processor.py:925} INFO - DAG(s) 'example_setup_teardown' retrieved from /home/airflow/.local/lib/python3.12/site-packages/airflow/example_dags/example_setup_teardown.py
[2025-04-10T09:21:58.868+0000] {logging_mixin.py:190} INFO - [2025-04-10T09:21:58.867+0000] {dag.py:3239} INFO - Sync 1 DAGs
[2025-04-10T09:21:58.884+0000] {logging_mixin.py:190} INFO - [2025-04-10T09:21:58.884+0000] {dag.py:4180} INFO - Setting next_dagrun for example_setup_teardown to None, run_after=None
[2025-04-10T09:21:58.911+0000] {processor.py:208} INFO - Processing /home/airflow/.local/lib/python3.12/site-packages/airflow/example_dags/example_setup_teardown.py took 0.084 seconds
[2025-04-10T09:22:29.255+0000] {processor.py:186} INFO - Started process (PID=1275) to work on /home/airflow/.local/lib/python3.12/site-packages/airflow/example_dags/example_setup_teardown.py
[2025-04-10T09:22:29.256+0000] {processor.py:914} INFO - Processing file /home/airflow/.local/lib/python3.12/site-packages/airflow/example_dags/example_setup_teardown.py for tasks to queue
[2025-04-10T09:22:29.260+0000] {logging_mixin.py:190} INFO - [2025-04-10T09:22:29.259+0000] {dagbag.py:588} INFO - Filling up the DagBag from /home/airflow/.local/lib/python3.12/site-packages/airflow/example_dags/example_setup_teardown.py
[2025-04-10T09:22:29.269+0000] {processor.py:925} INFO - DAG(s) 'example_setup_teardown' retrieved from /home/airflow/.local/lib/python3.12/site-packages/airflow/example_dags/example_setup_teardown.py
[2025-04-10T09:22:29.291+0000] {logging_mixin.py:190} INFO - [2025-04-10T09:22:29.291+0000] {dag.py:3239} INFO - Sync 1 DAGs
[2025-04-10T09:22:29.307+0000] {logging_mixin.py:190} INFO - [2025-04-10T09:22:29.307+0000] {dag.py:4180} INFO - Setting next_dagrun for example_setup_teardown to None, run_after=None
[2025-04-10T09:22:29.327+0000] {processor.py:208} INFO - Processing /home/airflow/.local/lib/python3.12/site-packages/airflow/example_dags/example_setup_teardown.py took 0.078 seconds
[2025-04-10T09:23:00.009+0000] {processor.py:186} INFO - Started process (PID=1339) to work on /home/airflow/.local/lib/python3.12/site-packages/airflow/example_dags/example_setup_teardown.py
[2025-04-10T09:23:00.010+0000] {processor.py:914} INFO - Processing file /home/airflow/.local/lib/python3.12/site-packages/airflow/example_dags/example_setup_teardown.py for tasks to queue
[2025-04-10T09:23:00.013+0000] {logging_mixin.py:190} INFO - [2025-04-10T09:23:00.012+0000] {dagbag.py:588} INFO - Filling up the DagBag from /home/airflow/.local/lib/python3.12/site-packages/airflow/example_dags/example_setup_teardown.py
[2025-04-10T09:23:00.024+0000] {processor.py:925} INFO - DAG(s) 'example_setup_teardown' retrieved from /home/airflow/.local/lib/python3.12/site-packages/airflow/example_dags/example_setup_teardown.py
[2025-04-10T09:23:00.046+0000] {logging_mixin.py:190} INFO - [2025-04-10T09:23:00.045+0000] {dag.py:3239} INFO - Sync 1 DAGs
[2025-04-10T09:23:00.062+0000] {logging_mixin.py:190} INFO - [2025-04-10T09:23:00.062+0000] {dag.py:4180} INFO - Setting next_dagrun for example_setup_teardown to None, run_after=None
[2025-04-10T09:23:00.086+0000] {processor.py:208} INFO - Processing /home/airflow/.local/lib/python3.12/site-packages/airflow/example_dags/example_setup_teardown.py took 0.084 seconds
[2025-04-10T09:23:30.418+0000] {processor.py:186} INFO - Started process (PID=1403) to work on /home/airflow/.local/lib/python3.12/site-packages/airflow/example_dags/example_setup_teardown.py
[2025-04-10T09:23:30.419+0000] {processor.py:914} INFO - Processing file /home/airflow/.local/lib/python3.12/site-packages/airflow/example_dags/example_setup_teardown.py for tasks to queue
[2025-04-10T09:23:30.422+0000] {logging_mixin.py:190} INFO - [2025-04-10T09:23:30.421+0000] {dagbag.py:588} INFO - Filling up the DagBag from /home/airflow/.local/lib/python3.12/site-packages/airflow/example_dags/example_setup_teardown.py
[2025-04-10T09:23:30.431+0000] {processor.py:925} INFO - DAG(s) 'example_setup_teardown' retrieved from /home/airflow/.local/lib/python3.12/site-packages/airflow/example_dags/example_setup_teardown.py
[2025-04-10T09:23:30.453+0000] {logging_mixin.py:190} INFO - [2025-04-10T09:23:30.453+0000] {dag.py:3239} INFO - Sync 1 DAGs
[2025-04-10T09:23:30.468+0000] {logging_mixin.py:190} INFO - [2025-04-10T09:23:30.468+0000] {dag.py:4180} INFO - Setting next_dagrun for example_setup_teardown to None, run_after=None
[2025-04-10T09:23:30.487+0000] {processor.py:208} INFO - Processing /home/airflow/.local/lib/python3.12/site-packages/airflow/example_dags/example_setup_teardown.py took 0.075 seconds
[2025-04-10T09:24:00.635+0000] {processor.py:186} INFO - Started process (PID=1467) to work on /home/airflow/.local/lib/python3.12/site-packages/airflow/example_dags/example_setup_teardown.py
[2025-04-10T09:24:00.636+0000] {processor.py:914} INFO - Processing file /home/airflow/.local/lib/python3.12/site-packages/airflow/example_dags/example_setup_teardown.py for tasks to queue
[2025-04-10T09:24:00.638+0000] {logging_mixin.py:190} INFO - [2025-04-10T09:24:00.638+0000] {dagbag.py:588} INFO - Filling up the DagBag from /home/airflow/.local/lib/python3.12/site-packages/airflow/example_dags/example_setup_teardown.py
[2025-04-10T09:24:00.649+0000] {processor.py:925} INFO - DAG(s) 'example_setup_teardown' retrieved from /home/airflow/.local/lib/python3.12/site-packages/airflow/example_dags/example_setup_teardown.py
[2025-04-10T09:24:00.671+0000] {logging_mixin.py:190} INFO - [2025-04-10T09:24:00.671+0000] {dag.py:3239} INFO - Sync 1 DAGs
[2025-04-10T09:24:00.687+0000] {logging_mixin.py:190} INFO - [2025-04-10T09:24:00.687+0000] {dag.py:4180} INFO - Setting next_dagrun for example_setup_teardown to None, run_after=None
[2025-04-10T09:24:00.706+0000] {processor.py:208} INFO - Processing /home/airflow/.local/lib/python3.12/site-packages/airflow/example_dags/example_setup_teardown.py took 0.078 seconds
[2025-04-10T09:24:30.753+0000] {processor.py:186} INFO - Started process (PID=1531) to work on /home/airflow/.local/lib/python3.12/site-packages/airflow/example_dags/example_setup_teardown.py
[2025-04-10T09:24:30.754+0000] {processor.py:914} INFO - Processing file /home/airflow/.local/lib/python3.12/site-packages/airflow/example_dags/example_setup_teardown.py for tasks to queue
[2025-04-10T09:24:30.757+0000] {logging_mixin.py:190} INFO - [2025-04-10T09:24:30.756+0000] {dagbag.py:588} INFO - Filling up the DagBag from /home/airflow/.local/lib/python3.12/site-packages/airflow/example_dags/example_setup_teardown.py
[2025-04-10T09:24:30.766+0000] {processor.py:925} INFO - DAG(s) 'example_setup_teardown' retrieved from /home/airflow/.local/lib/python3.12/site-packages/airflow/example_dags/example_setup_teardown.py
[2025-04-10T09:24:30.788+0000] {logging_mixin.py:190} INFO - [2025-04-10T09:24:30.787+0000] {dag.py:3239} INFO - Sync 1 DAGs
[2025-04-10T09:24:30.802+0000] {logging_mixin.py:190} INFO - [2025-04-10T09:24:30.802+0000] {dag.py:4180} INFO - Setting next_dagrun for example_setup_teardown to None, run_after=None
[2025-04-10T09:24:30.821+0000] {processor.py:208} INFO - Processing /home/airflow/.local/lib/python3.12/site-packages/airflow/example_dags/example_setup_teardown.py took 0.074 seconds
[2025-04-10T09:25:01.593+0000] {processor.py:186} INFO - Started process (PID=1595) to work on /home/airflow/.local/lib/python3.12/site-packages/airflow/example_dags/example_setup_teardown.py
[2025-04-10T09:25:01.594+0000] {processor.py:914} INFO - Processing file /home/airflow/.local/lib/python3.12/site-packages/airflow/example_dags/example_setup_teardown.py for tasks to queue
[2025-04-10T09:25:01.597+0000] {logging_mixin.py:190} INFO - [2025-04-10T09:25:01.597+0000] {dagbag.py:588} INFO - Filling up the DagBag from /home/airflow/.local/lib/python3.12/site-packages/airflow/example_dags/example_setup_teardown.py
[2025-04-10T09:25:01.608+0000] {processor.py:925} INFO - DAG(s) 'example_setup_teardown' retrieved from /home/airflow/.local/lib/python3.12/site-packages/airflow/example_dags/example_setup_teardown.py
[2025-04-10T09:25:01.630+0000] {logging_mixin.py:190} INFO - [2025-04-10T09:25:01.630+0000] {dag.py:3239} INFO - Sync 1 DAGs
[2025-04-10T09:25:01.646+0000] {logging_mixin.py:190} INFO - [2025-04-10T09:25:01.646+0000] {dag.py:4180} INFO - Setting next_dagrun for example_setup_teardown to None, run_after=None
[2025-04-10T09:25:01.669+0000] {processor.py:208} INFO - Processing /home/airflow/.local/lib/python3.12/site-packages/airflow/example_dags/example_setup_teardown.py took 0.083 seconds
[2025-04-10T09:25:31.904+0000] {processor.py:186} INFO - Started process (PID=1659) to work on /home/airflow/.local/lib/python3.12/site-packages/airflow/example_dags/example_setup_teardown.py
[2025-04-10T09:25:31.905+0000] {processor.py:914} INFO - Processing file /home/airflow/.local/lib/python3.12/site-packages/airflow/example_dags/example_setup_teardown.py for tasks to queue
[2025-04-10T09:25:31.908+0000] {logging_mixin.py:190} INFO - [2025-04-10T09:25:31.907+0000] {dagbag.py:588} INFO - Filling up the DagBag from /home/airflow/.local/lib/python3.12/site-packages/airflow/example_dags/example_setup_teardown.py
[2025-04-10T09:25:31.918+0000] {processor.py:925} INFO - DAG(s) 'example_setup_teardown' retrieved from /home/airflow/.local/lib/python3.12/site-packages/airflow/example_dags/example_setup_teardown.py
[2025-04-10T09:25:31.945+0000] {logging_mixin.py:190} INFO - [2025-04-10T09:25:31.945+0000] {dag.py:3239} INFO - Sync 1 DAGs
[2025-04-10T09:25:31.961+0000] {logging_mixin.py:190} INFO - [2025-04-10T09:25:31.961+0000] {dag.py:4180} INFO - Setting next_dagrun for example_setup_teardown to None, run_after=None
[2025-04-10T09:25:31.984+0000] {processor.py:208} INFO - Processing /home/airflow/.local/lib/python3.12/site-packages/airflow/example_dags/example_setup_teardown.py took 0.087 seconds
[2025-04-10T09:26:02.179+0000] {processor.py:186} INFO - Started process (PID=1723) to work on /home/airflow/.local/lib/python3.12/site-packages/airflow/example_dags/example_setup_teardown.py
[2025-04-10T09:26:02.180+0000] {processor.py:914} INFO - Processing file /home/airflow/.local/lib/python3.12/site-packages/airflow/example_dags/example_setup_teardown.py for tasks to queue
[2025-04-10T09:26:02.183+0000] {logging_mixin.py:190} INFO - [2025-04-10T09:26:02.183+0000] {dagbag.py:588} INFO - Filling up the DagBag from /home/airflow/.local/lib/python3.12/site-packages/airflow/example_dags/example_setup_teardown.py
[2025-04-10T09:26:02.198+0000] {processor.py:925} INFO - DAG(s) 'example_setup_teardown' retrieved from /home/airflow/.local/lib/python3.12/site-packages/airflow/example_dags/example_setup_teardown.py
[2025-04-10T09:26:02.224+0000] {logging_mixin.py:190} INFO - [2025-04-10T09:26:02.224+0000] {dag.py:3239} INFO - Sync 1 DAGs
[2025-04-10T09:26:02.241+0000] {logging_mixin.py:190} INFO - [2025-04-10T09:26:02.241+0000] {dag.py:4180} INFO - Setting next_dagrun for example_setup_teardown to None, run_after=None
[2025-04-10T09:26:02.263+0000] {processor.py:208} INFO - Processing /home/airflow/.local/lib/python3.12/site-packages/airflow/example_dags/example_setup_teardown.py took 0.091 seconds
[2025-04-10T09:26:32.344+0000] {processor.py:186} INFO - Started process (PID=1787) to work on /home/airflow/.local/lib/python3.12/site-packages/airflow/example_dags/example_setup_teardown.py
[2025-04-10T09:26:32.346+0000] {processor.py:914} INFO - Processing file /home/airflow/.local/lib/python3.12/site-packages/airflow/example_dags/example_setup_teardown.py for tasks to queue
[2025-04-10T09:26:32.350+0000] {logging_mixin.py:190} INFO - [2025-04-10T09:26:32.349+0000] {dagbag.py:588} INFO - Filling up the DagBag from /home/airflow/.local/lib/python3.12/site-packages/airflow/example_dags/example_setup_teardown.py
[2025-04-10T09:26:32.361+0000] {processor.py:925} INFO - DAG(s) 'example_setup_teardown' retrieved from /home/airflow/.local/lib/python3.12/site-packages/airflow/example_dags/example_setup_teardown.py
[2025-04-10T09:26:32.387+0000] {logging_mixin.py:190} INFO - [2025-04-10T09:26:32.387+0000] {dag.py:3239} INFO - Sync 1 DAGs
[2025-04-10T09:26:32.404+0000] {logging_mixin.py:190} INFO - [2025-04-10T09:26:32.404+0000] {dag.py:4180} INFO - Setting next_dagrun for example_setup_teardown to None, run_after=None
[2025-04-10T09:26:32.425+0000] {processor.py:208} INFO - Processing /home/airflow/.local/lib/python3.12/site-packages/airflow/example_dags/example_setup_teardown.py took 0.088 seconds
[2025-04-10T09:27:02.898+0000] {processor.py:186} INFO - Started process (PID=1851) to work on /home/airflow/.local/lib/python3.12/site-packages/airflow/example_dags/example_setup_teardown.py
[2025-04-10T09:27:02.899+0000] {processor.py:914} INFO - Processing file /home/airflow/.local/lib/python3.12/site-packages/airflow/example_dags/example_setup_teardown.py for tasks to queue
[2025-04-10T09:27:02.902+0000] {logging_mixin.py:190} INFO - [2025-04-10T09:27:02.901+0000] {dagbag.py:588} INFO - Filling up the DagBag from /home/airflow/.local/lib/python3.12/site-packages/airflow/example_dags/example_setup_teardown.py
[2025-04-10T09:27:02.916+0000] {processor.py:925} INFO - DAG(s) 'example_setup_teardown' retrieved from /home/airflow/.local/lib/python3.12/site-packages/airflow/example_dags/example_setup_teardown.py
[2025-04-10T09:27:02.939+0000] {logging_mixin.py:190} INFO - [2025-04-10T09:27:02.939+0000] {dag.py:3239} INFO - Sync 1 DAGs
[2025-04-10T09:27:02.954+0000] {logging_mixin.py:190} INFO - [2025-04-10T09:27:02.954+0000] {dag.py:4180} INFO - Setting next_dagrun for example_setup_teardown to None, run_after=None
[2025-04-10T09:27:02.976+0000] {processor.py:208} INFO - Processing /home/airflow/.local/lib/python3.12/site-packages/airflow/example_dags/example_setup_teardown.py took 0.085 seconds
[2025-04-10T09:27:33.156+0000] {processor.py:186} INFO - Started process (PID=1915) to work on /home/airflow/.local/lib/python3.12/site-packages/airflow/example_dags/example_setup_teardown.py
[2025-04-10T09:27:33.158+0000] {processor.py:914} INFO - Processing file /home/airflow/.local/lib/python3.12/site-packages/airflow/example_dags/example_setup_teardown.py for tasks to queue
[2025-04-10T09:27:33.162+0000] {logging_mixin.py:190} INFO - [2025-04-10T09:27:33.162+0000] {dagbag.py:588} INFO - Filling up the DagBag from /home/airflow/.local/lib/python3.12/site-packages/airflow/example_dags/example_setup_teardown.py
[2025-04-10T09:27:33.172+0000] {processor.py:925} INFO - DAG(s) 'example_setup_teardown' retrieved from /home/airflow/.local/lib/python3.12/site-packages/airflow/example_dags/example_setup_teardown.py
[2025-04-10T09:27:33.198+0000] {logging_mixin.py:190} INFO - [2025-04-10T09:27:33.198+0000] {dag.py:3239} INFO - Sync 1 DAGs
[2025-04-10T09:27:33.214+0000] {logging_mixin.py:190} INFO - [2025-04-10T09:27:33.214+0000] {dag.py:4180} INFO - Setting next_dagrun for example_setup_teardown to None, run_after=None
[2025-04-10T09:27:33.233+0000] {processor.py:208} INFO - Processing /home/airflow/.local/lib/python3.12/site-packages/airflow/example_dags/example_setup_teardown.py took 0.085 seconds
[2025-04-10T09:28:03.835+0000] {processor.py:186} INFO - Started process (PID=1979) to work on /home/airflow/.local/lib/python3.12/site-packages/airflow/example_dags/example_setup_teardown.py
[2025-04-10T09:28:03.836+0000] {processor.py:914} INFO - Processing file /home/airflow/.local/lib/python3.12/site-packages/airflow/example_dags/example_setup_teardown.py for tasks to queue
[2025-04-10T09:28:03.839+0000] {logging_mixin.py:190} INFO - [2025-04-10T09:28:03.839+0000] {dagbag.py:588} INFO - Filling up the DagBag from /home/airflow/.local/lib/python3.12/site-packages/airflow/example_dags/example_setup_teardown.py
[2025-04-10T09:28:03.850+0000] {processor.py:925} INFO - DAG(s) 'example_setup_teardown' retrieved from /home/airflow/.local/lib/python3.12/site-packages/airflow/example_dags/example_setup_teardown.py
[2025-04-10T09:28:03.878+0000] {logging_mixin.py:190} INFO - [2025-04-10T09:28:03.878+0000] {dag.py:3239} INFO - Sync 1 DAGs
[2025-04-10T09:28:03.896+0000] {logging_mixin.py:190} INFO - [2025-04-10T09:28:03.896+0000] {dag.py:4180} INFO - Setting next_dagrun for example_setup_teardown to None, run_after=None
[2025-04-10T09:28:03.919+0000] {processor.py:208} INFO - Processing /home/airflow/.local/lib/python3.12/site-packages/airflow/example_dags/example_setup_teardown.py took 0.091 seconds
[2025-04-10T09:28:34.440+0000] {processor.py:186} INFO - Started process (PID=2043) to work on /home/airflow/.local/lib/python3.12/site-packages/airflow/example_dags/example_setup_teardown.py
[2025-04-10T09:28:34.441+0000] {processor.py:914} INFO - Processing file /home/airflow/.local/lib/python3.12/site-packages/airflow/example_dags/example_setup_teardown.py for tasks to queue
[2025-04-10T09:28:34.444+0000] {logging_mixin.py:190} INFO - [2025-04-10T09:28:34.443+0000] {dagbag.py:588} INFO - Filling up the DagBag from /home/airflow/.local/lib/python3.12/site-packages/airflow/example_dags/example_setup_teardown.py
[2025-04-10T09:28:34.454+0000] {processor.py:925} INFO - DAG(s) 'example_setup_teardown' retrieved from /home/airflow/.local/lib/python3.12/site-packages/airflow/example_dags/example_setup_teardown.py
[2025-04-10T09:28:34.478+0000] {logging_mixin.py:190} INFO - [2025-04-10T09:28:34.478+0000] {dag.py:3239} INFO - Sync 1 DAGs
[2025-04-10T09:28:34.496+0000] {logging_mixin.py:190} INFO - [2025-04-10T09:28:34.496+0000] {dag.py:4180} INFO - Setting next_dagrun for example_setup_teardown to None, run_after=None
[2025-04-10T09:28:34.517+0000] {processor.py:208} INFO - Processing /home/airflow/.local/lib/python3.12/site-packages/airflow/example_dags/example_setup_teardown.py took 0.085 seconds
[2025-04-10T09:29:05.280+0000] {processor.py:186} INFO - Started process (PID=2107) to work on /home/airflow/.local/lib/python3.12/site-packages/airflow/example_dags/example_setup_teardown.py
[2025-04-10T09:29:05.281+0000] {processor.py:914} INFO - Processing file /home/airflow/.local/lib/python3.12/site-packages/airflow/example_dags/example_setup_teardown.py for tasks to queue
[2025-04-10T09:29:05.284+0000] {logging_mixin.py:190} INFO - [2025-04-10T09:29:05.284+0000] {dagbag.py:588} INFO - Filling up the DagBag from /home/airflow/.local/lib/python3.12/site-packages/airflow/example_dags/example_setup_teardown.py
[2025-04-10T09:29:05.296+0000] {processor.py:925} INFO - DAG(s) 'example_setup_teardown' retrieved from /home/airflow/.local/lib/python3.12/site-packages/airflow/example_dags/example_setup_teardown.py
[2025-04-10T09:29:05.328+0000] {logging_mixin.py:190} INFO - [2025-04-10T09:29:05.327+0000] {dag.py:3239} INFO - Sync 1 DAGs
[2025-04-10T09:29:05.347+0000] {logging_mixin.py:190} INFO - [2025-04-10T09:29:05.347+0000] {dag.py:4180} INFO - Setting next_dagrun for example_setup_teardown to None, run_after=None
[2025-04-10T09:29:05.373+0000] {processor.py:208} INFO - Processing /home/airflow/.local/lib/python3.12/site-packages/airflow/example_dags/example_setup_teardown.py took 0.100 seconds
[2025-04-10T09:29:35.552+0000] {processor.py:186} INFO - Started process (PID=2171) to work on /home/airflow/.local/lib/python3.12/site-packages/airflow/example_dags/example_setup_teardown.py
[2025-04-10T09:29:35.553+0000] {processor.py:914} INFO - Processing file /home/airflow/.local/lib/python3.12/site-packages/airflow/example_dags/example_setup_teardown.py for tasks to queue
[2025-04-10T09:29:35.556+0000] {logging_mixin.py:190} INFO - [2025-04-10T09:29:35.555+0000] {dagbag.py:588} INFO - Filling up the DagBag from /home/airflow/.local/lib/python3.12/site-packages/airflow/example_dags/example_setup_teardown.py
[2025-04-10T09:29:35.566+0000] {processor.py:925} INFO - DAG(s) 'example_setup_teardown' retrieved from /home/airflow/.local/lib/python3.12/site-packages/airflow/example_dags/example_setup_teardown.py
[2025-04-10T09:29:35.590+0000] {logging_mixin.py:190} INFO - [2025-04-10T09:29:35.590+0000] {dag.py:3239} INFO - Sync 1 DAGs
[2025-04-10T09:29:35.610+0000] {logging_mixin.py:190} INFO - [2025-04-10T09:29:35.610+0000] {dag.py:4180} INFO - Setting next_dagrun for example_setup_teardown to None, run_after=None
[2025-04-10T09:29:35.632+0000] {processor.py:208} INFO - Processing /home/airflow/.local/lib/python3.12/site-packages/airflow/example_dags/example_setup_teardown.py took 0.087 seconds
[2025-04-10T09:30:05.821+0000] {processor.py:186} INFO - Started process (PID=2235) to work on /home/airflow/.local/lib/python3.12/site-packages/airflow/example_dags/example_setup_teardown.py
[2025-04-10T09:30:05.822+0000] {processor.py:914} INFO - Processing file /home/airflow/.local/lib/python3.12/site-packages/airflow/example_dags/example_setup_teardown.py for tasks to queue
[2025-04-10T09:30:05.825+0000] {logging_mixin.py:190} INFO - [2025-04-10T09:30:05.825+0000] {dagbag.py:588} INFO - Filling up the DagBag from /home/airflow/.local/lib/python3.12/site-packages/airflow/example_dags/example_setup_teardown.py
[2025-04-10T09:30:05.836+0000] {processor.py:925} INFO - DAG(s) 'example_setup_teardown' retrieved from /home/airflow/.local/lib/python3.12/site-packages/airflow/example_dags/example_setup_teardown.py
[2025-04-10T09:30:05.861+0000] {logging_mixin.py:190} INFO - [2025-04-10T09:30:05.861+0000] {dag.py:3239} INFO - Sync 1 DAGs
[2025-04-10T09:30:05.878+0000] {logging_mixin.py:190} INFO - [2025-04-10T09:30:05.877+0000] {dag.py:4180} INFO - Setting next_dagrun for example_setup_teardown to None, run_after=None
[2025-04-10T09:30:05.899+0000] {processor.py:208} INFO - Processing /home/airflow/.local/lib/python3.12/site-packages/airflow/example_dags/example_setup_teardown.py took 0.085 seconds
[2025-04-10T09:30:36.102+0000] {processor.py:186} INFO - Started process (PID=2299) to work on /home/airflow/.local/lib/python3.12/site-packages/airflow/example_dags/example_setup_teardown.py
[2025-04-10T09:30:36.103+0000] {processor.py:914} INFO - Processing file /home/airflow/.local/lib/python3.12/site-packages/airflow/example_dags/example_setup_teardown.py for tasks to queue
[2025-04-10T09:30:36.106+0000] {logging_mixin.py:190} INFO - [2025-04-10T09:30:36.106+0000] {dagbag.py:588} INFO - Filling up the DagBag from /home/airflow/.local/lib/python3.12/site-packages/airflow/example_dags/example_setup_teardown.py
[2025-04-10T09:30:36.118+0000] {processor.py:925} INFO - DAG(s) 'example_setup_teardown' retrieved from /home/airflow/.local/lib/python3.12/site-packages/airflow/example_dags/example_setup_teardown.py
[2025-04-10T09:30:36.144+0000] {logging_mixin.py:190} INFO - [2025-04-10T09:30:36.144+0000] {dag.py:3239} INFO - Sync 1 DAGs
[2025-04-10T09:30:36.160+0000] {logging_mixin.py:190} INFO - [2025-04-10T09:30:36.160+0000] {dag.py:4180} INFO - Setting next_dagrun for example_setup_teardown to None, run_after=None
[2025-04-10T09:30:36.180+0000] {processor.py:208} INFO - Processing /home/airflow/.local/lib/python3.12/site-packages/airflow/example_dags/example_setup_teardown.py took 0.085 seconds
[2025-04-10T09:31:06.857+0000] {processor.py:186} INFO - Started process (PID=2363) to work on /home/airflow/.local/lib/python3.12/site-packages/airflow/example_dags/example_setup_teardown.py
[2025-04-10T09:31:06.859+0000] {processor.py:914} INFO - Processing file /home/airflow/.local/lib/python3.12/site-packages/airflow/example_dags/example_setup_teardown.py for tasks to queue
[2025-04-10T09:31:06.863+0000] {logging_mixin.py:190} INFO - [2025-04-10T09:31:06.863+0000] {dagbag.py:588} INFO - Filling up the DagBag from /home/airflow/.local/lib/python3.12/site-packages/airflow/example_dags/example_setup_teardown.py
[2025-04-10T09:31:06.875+0000] {processor.py:925} INFO - DAG(s) 'example_setup_teardown' retrieved from /home/airflow/.local/lib/python3.12/site-packages/airflow/example_dags/example_setup_teardown.py
[2025-04-10T09:31:06.905+0000] {logging_mixin.py:190} INFO - [2025-04-10T09:31:06.905+0000] {dag.py:3239} INFO - Sync 1 DAGs
[2025-04-10T09:31:06.923+0000] {logging_mixin.py:190} INFO - [2025-04-10T09:31:06.923+0000] {dag.py:4180} INFO - Setting next_dagrun for example_setup_teardown to None, run_after=None
[2025-04-10T09:31:06.950+0000] {processor.py:208} INFO - Processing /home/airflow/.local/lib/python3.12/site-packages/airflow/example_dags/example_setup_teardown.py took 0.101 seconds
[2025-04-10T09:31:37.539+0000] {processor.py:186} INFO - Started process (PID=2427) to work on /home/airflow/.local/lib/python3.12/site-packages/airflow/example_dags/example_setup_teardown.py
[2025-04-10T09:31:37.542+0000] {processor.py:914} INFO - Processing file /home/airflow/.local/lib/python3.12/site-packages/airflow/example_dags/example_setup_teardown.py for tasks to queue
[2025-04-10T09:31:37.546+0000] {logging_mixin.py:190} INFO - [2025-04-10T09:31:37.545+0000] {dagbag.py:588} INFO - Filling up the DagBag from /home/airflow/.local/lib/python3.12/site-packages/airflow/example_dags/example_setup_teardown.py
[2025-04-10T09:31:37.558+0000] {processor.py:925} INFO - DAG(s) 'example_setup_teardown' retrieved from /home/airflow/.local/lib/python3.12/site-packages/airflow/example_dags/example_setup_teardown.py
[2025-04-10T09:31:37.585+0000] {logging_mixin.py:190} INFO - [2025-04-10T09:31:37.585+0000] {dag.py:3239} INFO - Sync 1 DAGs
[2025-04-10T09:31:37.602+0000] {logging_mixin.py:190} INFO - [2025-04-10T09:31:37.601+0000] {dag.py:4180} INFO - Setting next_dagrun for example_setup_teardown to None, run_after=None
[2025-04-10T09:31:37.625+0000] {processor.py:208} INFO - Processing /home/airflow/.local/lib/python3.12/site-packages/airflow/example_dags/example_setup_teardown.py took 0.094 seconds
[2025-04-10T09:32:07.838+0000] {processor.py:186} INFO - Started process (PID=2491) to work on /home/airflow/.local/lib/python3.12/site-packages/airflow/example_dags/example_setup_teardown.py
[2025-04-10T09:32:07.839+0000] {processor.py:914} INFO - Processing file /home/airflow/.local/lib/python3.12/site-packages/airflow/example_dags/example_setup_teardown.py for tasks to queue
[2025-04-10T09:32:07.842+0000] {logging_mixin.py:190} INFO - [2025-04-10T09:32:07.842+0000] {dagbag.py:588} INFO - Filling up the DagBag from /home/airflow/.local/lib/python3.12/site-packages/airflow/example_dags/example_setup_teardown.py
[2025-04-10T09:32:07.853+0000] {processor.py:925} INFO - DAG(s) 'example_setup_teardown' retrieved from /home/airflow/.local/lib/python3.12/site-packages/airflow/example_dags/example_setup_teardown.py
[2025-04-10T09:32:07.875+0000] {logging_mixin.py:190} INFO - [2025-04-10T09:32:07.875+0000] {dag.py:3239} INFO - Sync 1 DAGs
[2025-04-10T09:32:07.892+0000] {logging_mixin.py:190} INFO - [2025-04-10T09:32:07.892+0000] {dag.py:4180} INFO - Setting next_dagrun for example_setup_teardown to None, run_after=None
[2025-04-10T09:32:07.914+0000] {processor.py:208} INFO - Processing /home/airflow/.local/lib/python3.12/site-packages/airflow/example_dags/example_setup_teardown.py took 0.083 seconds
[2025-04-10T09:32:38.394+0000] {processor.py:186} INFO - Started process (PID=2555) to work on /home/airflow/.local/lib/python3.12/site-packages/airflow/example_dags/example_setup_teardown.py
[2025-04-10T09:32:38.396+0000] {processor.py:914} INFO - Processing file /home/airflow/.local/lib/python3.12/site-packages/airflow/example_dags/example_setup_teardown.py for tasks to queue
[2025-04-10T09:32:38.399+0000] {logging_mixin.py:190} INFO - [2025-04-10T09:32:38.398+0000] {dagbag.py:588} INFO - Filling up the DagBag from /home/airflow/.local/lib/python3.12/site-packages/airflow/example_dags/example_setup_teardown.py
[2025-04-10T09:32:38.411+0000] {processor.py:925} INFO - DAG(s) 'example_setup_teardown' retrieved from /home/airflow/.local/lib/python3.12/site-packages/airflow/example_dags/example_setup_teardown.py
[2025-04-10T09:32:38.437+0000] {logging_mixin.py:190} INFO - [2025-04-10T09:32:38.437+0000] {dag.py:3239} INFO - Sync 1 DAGs
[2025-04-10T09:32:38.453+0000] {logging_mixin.py:190} INFO - [2025-04-10T09:32:38.452+0000] {dag.py:4180} INFO - Setting next_dagrun for example_setup_teardown to None, run_after=None
[2025-04-10T09:32:38.474+0000] {processor.py:208} INFO - Processing /home/airflow/.local/lib/python3.12/site-packages/airflow/example_dags/example_setup_teardown.py took 0.086 seconds
[2025-04-10T09:33:09.043+0000] {processor.py:186} INFO - Started process (PID=2619) to work on /home/airflow/.local/lib/python3.12/site-packages/airflow/example_dags/example_setup_teardown.py
[2025-04-10T09:33:09.044+0000] {processor.py:914} INFO - Processing file /home/airflow/.local/lib/python3.12/site-packages/airflow/example_dags/example_setup_teardown.py for tasks to queue
[2025-04-10T09:33:09.047+0000] {logging_mixin.py:190} INFO - [2025-04-10T09:33:09.047+0000] {dagbag.py:588} INFO - Filling up the DagBag from /home/airflow/.local/lib/python3.12/site-packages/airflow/example_dags/example_setup_teardown.py
[2025-04-10T09:33:09.057+0000] {processor.py:925} INFO - DAG(s) 'example_setup_teardown' retrieved from /home/airflow/.local/lib/python3.12/site-packages/airflow/example_dags/example_setup_teardown.py
[2025-04-10T09:33:09.083+0000] {logging_mixin.py:190} INFO - [2025-04-10T09:33:09.083+0000] {dag.py:3239} INFO - Sync 1 DAGs
[2025-04-10T09:33:09.099+0000] {logging_mixin.py:190} INFO - [2025-04-10T09:33:09.098+0000] {dag.py:4180} INFO - Setting next_dagrun for example_setup_teardown to None, run_after=None
[2025-04-10T09:33:09.117+0000] {processor.py:208} INFO - Processing /home/airflow/.local/lib/python3.12/site-packages/airflow/example_dags/example_setup_teardown.py took 0.081 seconds
[2025-04-10T09:33:39.303+0000] {processor.py:186} INFO - Started process (PID=2683) to work on /home/airflow/.local/lib/python3.12/site-packages/airflow/example_dags/example_setup_teardown.py
[2025-04-10T09:33:39.304+0000] {processor.py:914} INFO - Processing file /home/airflow/.local/lib/python3.12/site-packages/airflow/example_dags/example_setup_teardown.py for tasks to queue
[2025-04-10T09:33:39.307+0000] {logging_mixin.py:190} INFO - [2025-04-10T09:33:39.307+0000] {dagbag.py:588} INFO - Filling up the DagBag from /home/airflow/.local/lib/python3.12/site-packages/airflow/example_dags/example_setup_teardown.py
[2025-04-10T09:33:39.318+0000] {processor.py:925} INFO - DAG(s) 'example_setup_teardown' retrieved from /home/airflow/.local/lib/python3.12/site-packages/airflow/example_dags/example_setup_teardown.py
[2025-04-10T09:33:39.343+0000] {logging_mixin.py:190} INFO - [2025-04-10T09:33:39.343+0000] {dag.py:3239} INFO - Sync 1 DAGs
[2025-04-10T09:33:39.359+0000] {logging_mixin.py:190} INFO - [2025-04-10T09:33:39.359+0000] {dag.py:4180} INFO - Setting next_dagrun for example_setup_teardown to None, run_after=None
[2025-04-10T09:33:39.378+0000] {processor.py:208} INFO - Processing /home/airflow/.local/lib/python3.12/site-packages/airflow/example_dags/example_setup_teardown.py took 0.082 seconds
[2025-04-10T09:34:09.620+0000] {processor.py:186} INFO - Started process (PID=2747) to work on /home/airflow/.local/lib/python3.12/site-packages/airflow/example_dags/example_setup_teardown.py
[2025-04-10T09:34:09.622+0000] {processor.py:914} INFO - Processing file /home/airflow/.local/lib/python3.12/site-packages/airflow/example_dags/example_setup_teardown.py for tasks to queue
[2025-04-10T09:34:09.626+0000] {logging_mixin.py:190} INFO - [2025-04-10T09:34:09.625+0000] {dagbag.py:588} INFO - Filling up the DagBag from /home/airflow/.local/lib/python3.12/site-packages/airflow/example_dags/example_setup_teardown.py
[2025-04-10T09:34:09.638+0000] {processor.py:925} INFO - DAG(s) 'example_setup_teardown' retrieved from /home/airflow/.local/lib/python3.12/site-packages/airflow/example_dags/example_setup_teardown.py
[2025-04-10T09:34:09.660+0000] {logging_mixin.py:190} INFO - [2025-04-10T09:34:09.660+0000] {dag.py:3239} INFO - Sync 1 DAGs
[2025-04-10T09:34:09.676+0000] {logging_mixin.py:190} INFO - [2025-04-10T09:34:09.676+0000] {dag.py:4180} INFO - Setting next_dagrun for example_setup_teardown to None, run_after=None
[2025-04-10T09:34:09.696+0000] {processor.py:208} INFO - Processing /home/airflow/.local/lib/python3.12/site-packages/airflow/example_dags/example_setup_teardown.py took 0.083 seconds
[2025-04-10T09:34:40.656+0000] {processor.py:186} INFO - Started process (PID=2811) to work on /home/airflow/.local/lib/python3.12/site-packages/airflow/example_dags/example_setup_teardown.py
[2025-04-10T09:34:40.657+0000] {processor.py:914} INFO - Processing file /home/airflow/.local/lib/python3.12/site-packages/airflow/example_dags/example_setup_teardown.py for tasks to queue
[2025-04-10T09:34:40.660+0000] {logging_mixin.py:190} INFO - [2025-04-10T09:34:40.659+0000] {dagbag.py:588} INFO - Filling up the DagBag from /home/airflow/.local/lib/python3.12/site-packages/airflow/example_dags/example_setup_teardown.py
[2025-04-10T09:34:40.670+0000] {processor.py:925} INFO - DAG(s) 'example_setup_teardown' retrieved from /home/airflow/.local/lib/python3.12/site-packages/airflow/example_dags/example_setup_teardown.py
[2025-04-10T09:34:40.693+0000] {logging_mixin.py:190} INFO - [2025-04-10T09:34:40.693+0000] {dag.py:3239} INFO - Sync 1 DAGs
[2025-04-10T09:34:40.709+0000] {logging_mixin.py:190} INFO - [2025-04-10T09:34:40.709+0000] {dag.py:4180} INFO - Setting next_dagrun for example_setup_teardown to None, run_after=None
[2025-04-10T09:34:40.728+0000] {processor.py:208} INFO - Processing /home/airflow/.local/lib/python3.12/site-packages/airflow/example_dags/example_setup_teardown.py took 0.080 seconds
[2025-04-10T09:35:11.459+0000] {processor.py:186} INFO - Started process (PID=2875) to work on /home/airflow/.local/lib/python3.12/site-packages/airflow/example_dags/example_setup_teardown.py
[2025-04-10T09:35:11.463+0000] {processor.py:914} INFO - Processing file /home/airflow/.local/lib/python3.12/site-packages/airflow/example_dags/example_setup_teardown.py for tasks to queue
[2025-04-10T09:35:11.467+0000] {logging_mixin.py:190} INFO - [2025-04-10T09:35:11.467+0000] {dagbag.py:588} INFO - Filling up the DagBag from /home/airflow/.local/lib/python3.12/site-packages/airflow/example_dags/example_setup_teardown.py
[2025-04-10T09:35:11.480+0000] {processor.py:925} INFO - DAG(s) 'example_setup_teardown' retrieved from /home/airflow/.local/lib/python3.12/site-packages/airflow/example_dags/example_setup_teardown.py
[2025-04-10T09:35:11.511+0000] {logging_mixin.py:190} INFO - [2025-04-10T09:35:11.510+0000] {dag.py:3239} INFO - Sync 1 DAGs
[2025-04-10T09:35:11.530+0000] {logging_mixin.py:190} INFO - [2025-04-10T09:35:11.530+0000] {dag.py:4180} INFO - Setting next_dagrun for example_setup_teardown to None, run_after=None
[2025-04-10T09:35:11.554+0000] {processor.py:208} INFO - Processing /home/airflow/.local/lib/python3.12/site-packages/airflow/example_dags/example_setup_teardown.py took 0.103 seconds
[2025-04-10T09:35:42.471+0000] {processor.py:186} INFO - Started process (PID=2938) to work on /home/airflow/.local/lib/python3.12/site-packages/airflow/example_dags/example_setup_teardown.py
[2025-04-10T09:35:42.472+0000] {processor.py:914} INFO - Processing file /home/airflow/.local/lib/python3.12/site-packages/airflow/example_dags/example_setup_teardown.py for tasks to queue
[2025-04-10T09:35:42.477+0000] {logging_mixin.py:190} INFO - [2025-04-10T09:35:42.476+0000] {dagbag.py:588} INFO - Filling up the DagBag from /home/airflow/.local/lib/python3.12/site-packages/airflow/example_dags/example_setup_teardown.py
[2025-04-10T09:35:42.490+0000] {processor.py:925} INFO - DAG(s) 'example_setup_teardown' retrieved from /home/airflow/.local/lib/python3.12/site-packages/airflow/example_dags/example_setup_teardown.py
[2025-04-10T09:35:42.524+0000] {logging_mixin.py:190} INFO - [2025-04-10T09:35:42.524+0000] {dag.py:3239} INFO - Sync 1 DAGs
[2025-04-10T09:35:42.550+0000] {logging_mixin.py:190} INFO - [2025-04-10T09:35:42.549+0000] {dag.py:4180} INFO - Setting next_dagrun for example_setup_teardown to None, run_after=None
[2025-04-10T09:35:42.587+0000] {processor.py:208} INFO - Processing /home/airflow/.local/lib/python3.12/site-packages/airflow/example_dags/example_setup_teardown.py took 0.126 seconds
[2025-04-10T09:36:14.477+0000] {processor.py:186} INFO - Started process (PID=3002) to work on /home/airflow/.local/lib/python3.12/site-packages/airflow/example_dags/example_setup_teardown.py
[2025-04-10T09:36:14.478+0000] {processor.py:914} INFO - Processing file /home/airflow/.local/lib/python3.12/site-packages/airflow/example_dags/example_setup_teardown.py for tasks to queue
[2025-04-10T09:36:14.481+0000] {logging_mixin.py:190} INFO - [2025-04-10T09:36:14.481+0000] {dagbag.py:588} INFO - Filling up the DagBag from /home/airflow/.local/lib/python3.12/site-packages/airflow/example_dags/example_setup_teardown.py
[2025-04-10T09:36:14.492+0000] {processor.py:925} INFO - DAG(s) 'example_setup_teardown' retrieved from /home/airflow/.local/lib/python3.12/site-packages/airflow/example_dags/example_setup_teardown.py
[2025-04-10T09:36:14.514+0000] {logging_mixin.py:190} INFO - [2025-04-10T09:36:14.514+0000] {dag.py:3239} INFO - Sync 1 DAGs
[2025-04-10T09:36:14.530+0000] {logging_mixin.py:190} INFO - [2025-04-10T09:36:14.530+0000] {dag.py:4180} INFO - Setting next_dagrun for example_setup_teardown to None, run_after=None
[2025-04-10T09:36:14.780+0000] {processor.py:208} INFO - Processing /home/airflow/.local/lib/python3.12/site-packages/airflow/example_dags/example_setup_teardown.py took 0.311 seconds
[2025-04-10T09:36:44.845+0000] {processor.py:186} INFO - Started process (PID=3066) to work on /home/airflow/.local/lib/python3.12/site-packages/airflow/example_dags/example_setup_teardown.py
[2025-04-10T09:36:44.846+0000] {processor.py:914} INFO - Processing file /home/airflow/.local/lib/python3.12/site-packages/airflow/example_dags/example_setup_teardown.py for tasks to queue
[2025-04-10T09:36:44.849+0000] {logging_mixin.py:190} INFO - [2025-04-10T09:36:44.849+0000] {dagbag.py:588} INFO - Filling up the DagBag from /home/airflow/.local/lib/python3.12/site-packages/airflow/example_dags/example_setup_teardown.py
[2025-04-10T09:36:44.859+0000] {processor.py:925} INFO - DAG(s) 'example_setup_teardown' retrieved from /home/airflow/.local/lib/python3.12/site-packages/airflow/example_dags/example_setup_teardown.py
[2025-04-10T09:36:44.881+0000] {logging_mixin.py:190} INFO - [2025-04-10T09:36:44.881+0000] {dag.py:3239} INFO - Sync 1 DAGs
[2025-04-10T09:36:44.897+0000] {logging_mixin.py:190} INFO - [2025-04-10T09:36:44.897+0000] {dag.py:4180} INFO - Setting next_dagrun for example_setup_teardown to None, run_after=None
[2025-04-10T09:36:44.917+0000] {processor.py:208} INFO - Processing /home/airflow/.local/lib/python3.12/site-packages/airflow/example_dags/example_setup_teardown.py took 0.079 seconds
[2025-04-10T09:37:15.667+0000] {processor.py:186} INFO - Started process (PID=3130) to work on /home/airflow/.local/lib/python3.12/site-packages/airflow/example_dags/example_setup_teardown.py
[2025-04-10T09:37:15.668+0000] {processor.py:914} INFO - Processing file /home/airflow/.local/lib/python3.12/site-packages/airflow/example_dags/example_setup_teardown.py for tasks to queue
[2025-04-10T09:37:15.672+0000] {logging_mixin.py:190} INFO - [2025-04-10T09:37:15.671+0000] {dagbag.py:588} INFO - Filling up the DagBag from /home/airflow/.local/lib/python3.12/site-packages/airflow/example_dags/example_setup_teardown.py
[2025-04-10T09:37:15.684+0000] {processor.py:925} INFO - DAG(s) 'example_setup_teardown' retrieved from /home/airflow/.local/lib/python3.12/site-packages/airflow/example_dags/example_setup_teardown.py
[2025-04-10T09:37:15.708+0000] {logging_mixin.py:190} INFO - [2025-04-10T09:37:15.708+0000] {dag.py:3239} INFO - Sync 1 DAGs
[2025-04-10T09:37:15.723+0000] {logging_mixin.py:190} INFO - [2025-04-10T09:37:15.723+0000] {dag.py:4180} INFO - Setting next_dagrun for example_setup_teardown to None, run_after=None
[2025-04-10T09:37:15.743+0000] {processor.py:208} INFO - Processing /home/airflow/.local/lib/python3.12/site-packages/airflow/example_dags/example_setup_teardown.py took 0.083 seconds
