[2025-04-10T09:12:44.047+0000] {processor.py:186} INFO - Started process (PID=109) to work on /home/airflow/.local/lib/python3.12/site-packages/airflow/example_dags/example_xcomargs.py
[2025-04-10T09:12:44.049+0000] {processor.py:914} INFO - Processing file /home/airflow/.local/lib/python3.12/site-packages/airflow/example_dags/example_xcomargs.py for tasks to queue
[2025-04-10T09:12:44.053+0000] {logging_mixin.py:190} INFO - [2025-04-10T09:12:44.052+0000] {dagbag.py:588} INFO - Filling up the DagBag from /home/airflow/.local/lib/python3.12/site-packages/airflow/example_dags/example_xcomargs.py
[2025-04-10T09:12:44.065+0000] {processor.py:925} INFO - DAG(s) 'example_xcom_args_with_operators', 'example_xcom_args' retrieved from /home/airflow/.local/lib/python3.12/site-packages/airflow/example_dags/example_xcomargs.py
[2025-04-10T09:12:44.094+0000] {logging_mixin.py:190} INFO - [2025-04-10T09:12:44.093+0000] {dag.py:3239} INFO - Sync 2 DAGs
[2025-04-10T09:12:44.115+0000] {logging_mixin.py:190} INFO - [2025-04-10T09:12:44.114+0000] {dag.py:4180} INFO - Setting next_dagrun for example_xcom_args to None, run_after=None
[2025-04-10T09:12:44.119+0000] {logging_mixin.py:190} INFO - [2025-04-10T09:12:44.119+0000] {dag.py:4180} INFO - Setting next_dagrun for example_xcom_args_with_operators to None, run_after=None
[2025-04-10T09:12:44.138+0000] {processor.py:208} INFO - Processing /home/airflow/.local/lib/python3.12/site-packages/airflow/example_dags/example_xcomargs.py took 0.098 seconds
[2025-04-10T09:13:15.011+0000] {processor.py:186} INFO - Started process (PID=173) to work on /home/airflow/.local/lib/python3.12/site-packages/airflow/example_dags/example_xcomargs.py
[2025-04-10T09:13:15.012+0000] {processor.py:914} INFO - Processing file /home/airflow/.local/lib/python3.12/site-packages/airflow/example_dags/example_xcomargs.py for tasks to queue
[2025-04-10T09:13:15.015+0000] {logging_mixin.py:190} INFO - [2025-04-10T09:13:15.015+0000] {dagbag.py:588} INFO - Filling up the DagBag from /home/airflow/.local/lib/python3.12/site-packages/airflow/example_dags/example_xcomargs.py
[2025-04-10T09:13:15.026+0000] {processor.py:925} INFO - DAG(s) 'example_xcom_args_with_operators', 'example_xcom_args' retrieved from /home/airflow/.local/lib/python3.12/site-packages/airflow/example_dags/example_xcomargs.py
[2025-04-10T09:13:15.050+0000] {logging_mixin.py:190} INFO - [2025-04-10T09:13:15.050+0000] {dag.py:3239} INFO - Sync 2 DAGs
[2025-04-10T09:13:15.067+0000] {logging_mixin.py:190} INFO - [2025-04-10T09:13:15.067+0000] {dag.py:4180} INFO - Setting next_dagrun for example_xcom_args to None, run_after=None
[2025-04-10T09:13:15.071+0000] {logging_mixin.py:190} INFO - [2025-04-10T09:13:15.071+0000] {dag.py:4180} INFO - Setting next_dagrun for example_xcom_args_with_operators to None, run_after=None
[2025-04-10T09:13:15.089+0000] {processor.py:208} INFO - Processing /home/airflow/.local/lib/python3.12/site-packages/airflow/example_dags/example_xcomargs.py took 0.085 seconds
[2025-04-10T09:13:45.722+0000] {processor.py:186} INFO - Started process (PID=236) to work on /home/airflow/.local/lib/python3.12/site-packages/airflow/example_dags/example_xcomargs.py
[2025-04-10T09:13:45.724+0000] {processor.py:914} INFO - Processing file /home/airflow/.local/lib/python3.12/site-packages/airflow/example_dags/example_xcomargs.py for tasks to queue
[2025-04-10T09:13:45.727+0000] {logging_mixin.py:190} INFO - [2025-04-10T09:13:45.726+0000] {dagbag.py:588} INFO - Filling up the DagBag from /home/airflow/.local/lib/python3.12/site-packages/airflow/example_dags/example_xcomargs.py
[2025-04-10T09:13:45.739+0000] {processor.py:925} INFO - DAG(s) 'example_xcom_args', 'example_xcom_args_with_operators' retrieved from /home/airflow/.local/lib/python3.12/site-packages/airflow/example_dags/example_xcomargs.py
[2025-04-10T09:13:45.768+0000] {logging_mixin.py:190} INFO - [2025-04-10T09:13:45.768+0000] {dag.py:3239} INFO - Sync 2 DAGs
[2025-04-10T09:13:45.784+0000] {logging_mixin.py:190} INFO - [2025-04-10T09:13:45.784+0000] {dag.py:4180} INFO - Setting next_dagrun for example_xcom_args to None, run_after=None
[2025-04-10T09:13:45.789+0000] {logging_mixin.py:190} INFO - [2025-04-10T09:13:45.789+0000] {dag.py:4180} INFO - Setting next_dagrun for example_xcom_args_with_operators to None, run_after=None
[2025-04-10T09:13:45.807+0000] {processor.py:208} INFO - Processing /home/airflow/.local/lib/python3.12/site-packages/airflow/example_dags/example_xcomargs.py took 0.091 seconds
[2025-04-10T09:14:16.959+0000] {processor.py:186} INFO - Started process (PID=301) to work on /home/airflow/.local/lib/python3.12/site-packages/airflow/example_dags/example_xcomargs.py
[2025-04-10T09:14:16.960+0000] {processor.py:914} INFO - Processing file /home/airflow/.local/lib/python3.12/site-packages/airflow/example_dags/example_xcomargs.py for tasks to queue
[2025-04-10T09:14:16.963+0000] {logging_mixin.py:190} INFO - [2025-04-10T09:14:16.963+0000] {dagbag.py:588} INFO - Filling up the DagBag from /home/airflow/.local/lib/python3.12/site-packages/airflow/example_dags/example_xcomargs.py
[2025-04-10T09:14:16.975+0000] {processor.py:925} INFO - DAG(s) 'example_xcom_args_with_operators', 'example_xcom_args' retrieved from /home/airflow/.local/lib/python3.12/site-packages/airflow/example_dags/example_xcomargs.py
[2025-04-10T09:14:16.998+0000] {logging_mixin.py:190} INFO - [2025-04-10T09:14:16.997+0000] {dag.py:3239} INFO - Sync 2 DAGs
[2025-04-10T09:14:17.013+0000] {logging_mixin.py:190} INFO - [2025-04-10T09:14:17.013+0000] {dag.py:4180} INFO - Setting next_dagrun for example_xcom_args to None, run_after=None
[2025-04-10T09:14:17.017+0000] {logging_mixin.py:190} INFO - [2025-04-10T09:14:17.017+0000] {dag.py:4180} INFO - Setting next_dagrun for example_xcom_args_with_operators to None, run_after=None
[2025-04-10T09:14:17.033+0000] {processor.py:208} INFO - Processing /home/airflow/.local/lib/python3.12/site-packages/airflow/example_dags/example_xcomargs.py took 0.081 seconds
[2025-04-10T09:14:48.368+0000] {processor.py:186} INFO - Started process (PID=365) to work on /home/airflow/.local/lib/python3.12/site-packages/airflow/example_dags/example_xcomargs.py
[2025-04-10T09:14:48.370+0000] {processor.py:914} INFO - Processing file /home/airflow/.local/lib/python3.12/site-packages/airflow/example_dags/example_xcomargs.py for tasks to queue
[2025-04-10T09:14:48.374+0000] {logging_mixin.py:190} INFO - [2025-04-10T09:14:48.374+0000] {dagbag.py:588} INFO - Filling up the DagBag from /home/airflow/.local/lib/python3.12/site-packages/airflow/example_dags/example_xcomargs.py
[2025-04-10T09:14:48.387+0000] {processor.py:925} INFO - DAG(s) 'example_xcom_args', 'example_xcom_args_with_operators' retrieved from /home/airflow/.local/lib/python3.12/site-packages/airflow/example_dags/example_xcomargs.py
[2025-04-10T09:14:48.420+0000] {logging_mixin.py:190} INFO - [2025-04-10T09:14:48.420+0000] {dag.py:3239} INFO - Sync 2 DAGs
[2025-04-10T09:14:48.437+0000] {logging_mixin.py:190} INFO - [2025-04-10T09:14:48.437+0000] {dag.py:4180} INFO - Setting next_dagrun for example_xcom_args to None, run_after=None
[2025-04-10T09:14:48.443+0000] {logging_mixin.py:190} INFO - [2025-04-10T09:14:48.443+0000] {dag.py:4180} INFO - Setting next_dagrun for example_xcom_args_with_operators to None, run_after=None
[2025-04-10T09:14:48.476+0000] {processor.py:208} INFO - Processing /home/airflow/.local/lib/python3.12/site-packages/airflow/example_dags/example_xcomargs.py took 0.115 seconds
[2025-04-10T09:15:48.699+0000] {processor.py:186} INFO - Started process (PID=459) to work on /home/airflow/.local/lib/python3.12/site-packages/airflow/example_dags/example_xcomargs.py
[2025-04-10T09:15:48.701+0000] {processor.py:914} INFO - Processing file /home/airflow/.local/lib/python3.12/site-packages/airflow/example_dags/example_xcomargs.py for tasks to queue
[2025-04-10T09:15:48.704+0000] {logging_mixin.py:190} INFO - [2025-04-10T09:15:48.704+0000] {dagbag.py:588} INFO - Filling up the DagBag from /home/airflow/.local/lib/python3.12/site-packages/airflow/example_dags/example_xcomargs.py
[2025-04-10T09:15:48.718+0000] {processor.py:925} INFO - DAG(s) 'example_xcom_args', 'example_xcom_args_with_operators' retrieved from /home/airflow/.local/lib/python3.12/site-packages/airflow/example_dags/example_xcomargs.py
[2025-04-10T09:15:48.752+0000] {logging_mixin.py:190} INFO - [2025-04-10T09:15:48.752+0000] {dag.py:3239} INFO - Sync 2 DAGs
[2025-04-10T09:15:48.770+0000] {logging_mixin.py:190} INFO - [2025-04-10T09:15:48.769+0000] {dag.py:4180} INFO - Setting next_dagrun for example_xcom_args to None, run_after=None
[2025-04-10T09:15:48.776+0000] {logging_mixin.py:190} INFO - [2025-04-10T09:15:48.775+0000] {dag.py:4180} INFO - Setting next_dagrun for example_xcom_args_with_operators to None, run_after=None
[2025-04-10T09:15:48.801+0000] {processor.py:208} INFO - Processing /home/airflow/.local/lib/python3.12/site-packages/airflow/example_dags/example_xcomargs.py took 0.108 seconds
[2025-04-10T09:16:18.831+0000] {processor.py:186} INFO - Started process (PID=523) to work on /home/airflow/.local/lib/python3.12/site-packages/airflow/example_dags/example_xcomargs.py
[2025-04-10T09:16:18.832+0000] {processor.py:914} INFO - Processing file /home/airflow/.local/lib/python3.12/site-packages/airflow/example_dags/example_xcomargs.py for tasks to queue
[2025-04-10T09:16:18.835+0000] {logging_mixin.py:190} INFO - [2025-04-10T09:16:18.834+0000] {dagbag.py:588} INFO - Filling up the DagBag from /home/airflow/.local/lib/python3.12/site-packages/airflow/example_dags/example_xcomargs.py
[2025-04-10T09:16:18.845+0000] {processor.py:925} INFO - DAG(s) 'example_xcom_args_with_operators', 'example_xcom_args' retrieved from /home/airflow/.local/lib/python3.12/site-packages/airflow/example_dags/example_xcomargs.py
[2025-04-10T09:16:18.869+0000] {logging_mixin.py:190} INFO - [2025-04-10T09:16:18.869+0000] {dag.py:3239} INFO - Sync 2 DAGs
[2025-04-10T09:16:18.885+0000] {logging_mixin.py:190} INFO - [2025-04-10T09:16:18.885+0000] {dag.py:4180} INFO - Setting next_dagrun for example_xcom_args to None, run_after=None
[2025-04-10T09:16:18.891+0000] {logging_mixin.py:190} INFO - [2025-04-10T09:16:18.891+0000] {dag.py:4180} INFO - Setting next_dagrun for example_xcom_args_with_operators to None, run_after=None
[2025-04-10T09:16:18.907+0000] {processor.py:208} INFO - Processing /home/airflow/.local/lib/python3.12/site-packages/airflow/example_dags/example_xcomargs.py took 0.083 seconds
[2025-04-10T09:16:49.943+0000] {processor.py:186} INFO - Started process (PID=587) to work on /home/airflow/.local/lib/python3.12/site-packages/airflow/example_dags/example_xcomargs.py
[2025-04-10T09:16:49.943+0000] {processor.py:914} INFO - Processing file /home/airflow/.local/lib/python3.12/site-packages/airflow/example_dags/example_xcomargs.py for tasks to queue
[2025-04-10T09:16:49.946+0000] {logging_mixin.py:190} INFO - [2025-04-10T09:16:49.946+0000] {dagbag.py:588} INFO - Filling up the DagBag from /home/airflow/.local/lib/python3.12/site-packages/airflow/example_dags/example_xcomargs.py
[2025-04-10T09:16:49.957+0000] {processor.py:925} INFO - DAG(s) 'example_xcom_args_with_operators', 'example_xcom_args' retrieved from /home/airflow/.local/lib/python3.12/site-packages/airflow/example_dags/example_xcomargs.py
[2025-04-10T09:16:49.981+0000] {logging_mixin.py:190} INFO - [2025-04-10T09:16:49.981+0000] {dag.py:3239} INFO - Sync 2 DAGs
[2025-04-10T09:16:49.998+0000] {logging_mixin.py:190} INFO - [2025-04-10T09:16:49.998+0000] {dag.py:4180} INFO - Setting next_dagrun for example_xcom_args to None, run_after=None
[2025-04-10T09:16:50.003+0000] {logging_mixin.py:190} INFO - [2025-04-10T09:16:50.002+0000] {dag.py:4180} INFO - Setting next_dagrun for example_xcom_args_with_operators to None, run_after=None
[2025-04-10T09:16:50.020+0000] {processor.py:208} INFO - Processing /home/airflow/.local/lib/python3.12/site-packages/airflow/example_dags/example_xcomargs.py took 0.084 seconds
[2025-04-10T09:17:20.956+0000] {processor.py:186} INFO - Started process (PID=651) to work on /home/airflow/.local/lib/python3.12/site-packages/airflow/example_dags/example_xcomargs.py
[2025-04-10T09:17:20.958+0000] {processor.py:914} INFO - Processing file /home/airflow/.local/lib/python3.12/site-packages/airflow/example_dags/example_xcomargs.py for tasks to queue
[2025-04-10T09:17:20.961+0000] {logging_mixin.py:190} INFO - [2025-04-10T09:17:20.960+0000] {dagbag.py:588} INFO - Filling up the DagBag from /home/airflow/.local/lib/python3.12/site-packages/airflow/example_dags/example_xcomargs.py
[2025-04-10T09:17:20.972+0000] {processor.py:925} INFO - DAG(s) 'example_xcom_args', 'example_xcom_args_with_operators' retrieved from /home/airflow/.local/lib/python3.12/site-packages/airflow/example_dags/example_xcomargs.py
[2025-04-10T09:17:21.001+0000] {logging_mixin.py:190} INFO - [2025-04-10T09:17:21.001+0000] {dag.py:3239} INFO - Sync 2 DAGs
[2025-04-10T09:17:21.017+0000] {logging_mixin.py:190} INFO - [2025-04-10T09:17:21.016+0000] {dag.py:4180} INFO - Setting next_dagrun for example_xcom_args to None, run_after=None
[2025-04-10T09:17:21.021+0000] {logging_mixin.py:190} INFO - [2025-04-10T09:17:21.021+0000] {dag.py:4180} INFO - Setting next_dagrun for example_xcom_args_with_operators to None, run_after=None
[2025-04-10T09:17:21.042+0000] {processor.py:208} INFO - Processing /home/airflow/.local/lib/python3.12/site-packages/airflow/example_dags/example_xcomargs.py took 0.092 seconds
[2025-04-10T09:17:52.036+0000] {processor.py:186} INFO - Started process (PID=715) to work on /home/airflow/.local/lib/python3.12/site-packages/airflow/example_dags/example_xcomargs.py
[2025-04-10T09:17:52.037+0000] {processor.py:914} INFO - Processing file /home/airflow/.local/lib/python3.12/site-packages/airflow/example_dags/example_xcomargs.py for tasks to queue
[2025-04-10T09:17:52.041+0000] {logging_mixin.py:190} INFO - [2025-04-10T09:17:52.040+0000] {dagbag.py:588} INFO - Filling up the DagBag from /home/airflow/.local/lib/python3.12/site-packages/airflow/example_dags/example_xcomargs.py
[2025-04-10T09:17:52.052+0000] {processor.py:925} INFO - DAG(s) 'example_xcom_args', 'example_xcom_args_with_operators' retrieved from /home/airflow/.local/lib/python3.12/site-packages/airflow/example_dags/example_xcomargs.py
[2025-04-10T09:17:52.082+0000] {logging_mixin.py:190} INFO - [2025-04-10T09:17:52.082+0000] {dag.py:3239} INFO - Sync 2 DAGs
[2025-04-10T09:17:52.101+0000] {logging_mixin.py:190} INFO - [2025-04-10T09:17:52.101+0000] {dag.py:4180} INFO - Setting next_dagrun for example_xcom_args to None, run_after=None
[2025-04-10T09:17:52.106+0000] {logging_mixin.py:190} INFO - [2025-04-10T09:17:52.106+0000] {dag.py:4180} INFO - Setting next_dagrun for example_xcom_args_with_operators to None, run_after=None
[2025-04-10T09:17:52.124+0000] {processor.py:208} INFO - Processing /home/airflow/.local/lib/python3.12/site-packages/airflow/example_dags/example_xcomargs.py took 0.094 seconds
[2025-04-10T09:18:22.918+0000] {processor.py:186} INFO - Started process (PID=779) to work on /home/airflow/.local/lib/python3.12/site-packages/airflow/example_dags/example_xcomargs.py
[2025-04-10T09:18:22.919+0000] {processor.py:914} INFO - Processing file /home/airflow/.local/lib/python3.12/site-packages/airflow/example_dags/example_xcomargs.py for tasks to queue
[2025-04-10T09:18:22.923+0000] {logging_mixin.py:190} INFO - [2025-04-10T09:18:22.922+0000] {dagbag.py:588} INFO - Filling up the DagBag from /home/airflow/.local/lib/python3.12/site-packages/airflow/example_dags/example_xcomargs.py
[2025-04-10T09:18:22.934+0000] {processor.py:925} INFO - DAG(s) 'example_xcom_args_with_operators', 'example_xcom_args' retrieved from /home/airflow/.local/lib/python3.12/site-packages/airflow/example_dags/example_xcomargs.py
[2025-04-10T09:18:22.961+0000] {logging_mixin.py:190} INFO - [2025-04-10T09:18:22.961+0000] {dag.py:3239} INFO - Sync 2 DAGs
[2025-04-10T09:18:22.978+0000] {logging_mixin.py:190} INFO - [2025-04-10T09:18:22.978+0000] {dag.py:4180} INFO - Setting next_dagrun for example_xcom_args to None, run_after=None
[2025-04-10T09:18:22.983+0000] {logging_mixin.py:190} INFO - [2025-04-10T09:18:22.982+0000] {dag.py:4180} INFO - Setting next_dagrun for example_xcom_args_with_operators to None, run_after=None
[2025-04-10T09:18:22.999+0000] {processor.py:208} INFO - Processing /home/airflow/.local/lib/python3.12/site-packages/airflow/example_dags/example_xcomargs.py took 0.088 seconds
[2025-04-10T09:18:53.766+0000] {processor.py:186} INFO - Started process (PID=843) to work on /home/airflow/.local/lib/python3.12/site-packages/airflow/example_dags/example_xcomargs.py
[2025-04-10T09:18:53.768+0000] {processor.py:914} INFO - Processing file /home/airflow/.local/lib/python3.12/site-packages/airflow/example_dags/example_xcomargs.py for tasks to queue
[2025-04-10T09:18:53.771+0000] {logging_mixin.py:190} INFO - [2025-04-10T09:18:53.770+0000] {dagbag.py:588} INFO - Filling up the DagBag from /home/airflow/.local/lib/python3.12/site-packages/airflow/example_dags/example_xcomargs.py
[2025-04-10T09:18:53.783+0000] {processor.py:925} INFO - DAG(s) 'example_xcom_args_with_operators', 'example_xcom_args' retrieved from /home/airflow/.local/lib/python3.12/site-packages/airflow/example_dags/example_xcomargs.py
[2025-04-10T09:18:53.808+0000] {logging_mixin.py:190} INFO - [2025-04-10T09:18:53.808+0000] {dag.py:3239} INFO - Sync 2 DAGs
[2025-04-10T09:18:53.827+0000] {logging_mixin.py:190} INFO - [2025-04-10T09:18:53.826+0000] {dag.py:4180} INFO - Setting next_dagrun for example_xcom_args to None, run_after=None
[2025-04-10T09:18:53.832+0000] {logging_mixin.py:190} INFO - [2025-04-10T09:18:53.832+0000] {dag.py:4180} INFO - Setting next_dagrun for example_xcom_args_with_operators to None, run_after=None
[2025-04-10T09:18:53.851+0000] {processor.py:208} INFO - Processing /home/airflow/.local/lib/python3.12/site-packages/airflow/example_dags/example_xcomargs.py took 0.091 seconds
[2025-04-10T09:19:25.434+0000] {processor.py:186} INFO - Started process (PID=908) to work on /home/airflow/.local/lib/python3.12/site-packages/airflow/example_dags/example_xcomargs.py
[2025-04-10T09:19:25.435+0000] {processor.py:914} INFO - Processing file /home/airflow/.local/lib/python3.12/site-packages/airflow/example_dags/example_xcomargs.py for tasks to queue
[2025-04-10T09:19:25.438+0000] {logging_mixin.py:190} INFO - [2025-04-10T09:19:25.438+0000] {dagbag.py:588} INFO - Filling up the DagBag from /home/airflow/.local/lib/python3.12/site-packages/airflow/example_dags/example_xcomargs.py
[2025-04-10T09:19:25.449+0000] {processor.py:925} INFO - DAG(s) 'example_xcom_args_with_operators', 'example_xcom_args' retrieved from /home/airflow/.local/lib/python3.12/site-packages/airflow/example_dags/example_xcomargs.py
[2025-04-10T09:19:25.477+0000] {logging_mixin.py:190} INFO - [2025-04-10T09:19:25.477+0000] {dag.py:3239} INFO - Sync 2 DAGs
[2025-04-10T09:19:25.494+0000] {logging_mixin.py:190} INFO - [2025-04-10T09:19:25.494+0000] {dag.py:4180} INFO - Setting next_dagrun for example_xcom_args to None, run_after=None
[2025-04-10T09:19:25.498+0000] {logging_mixin.py:190} INFO - [2025-04-10T09:19:25.498+0000] {dag.py:4180} INFO - Setting next_dagrun for example_xcom_args_with_operators to None, run_after=None
[2025-04-10T09:19:25.517+0000] {processor.py:208} INFO - Processing /home/airflow/.local/lib/python3.12/site-packages/airflow/example_dags/example_xcomargs.py took 0.089 seconds
[2025-04-10T09:19:56.942+0000] {processor.py:186} INFO - Started process (PID=971) to work on /home/airflow/.local/lib/python3.12/site-packages/airflow/example_dags/example_xcomargs.py
[2025-04-10T09:19:56.943+0000] {processor.py:914} INFO - Processing file /home/airflow/.local/lib/python3.12/site-packages/airflow/example_dags/example_xcomargs.py for tasks to queue
[2025-04-10T09:19:56.946+0000] {logging_mixin.py:190} INFO - [2025-04-10T09:19:56.945+0000] {dagbag.py:588} INFO - Filling up the DagBag from /home/airflow/.local/lib/python3.12/site-packages/airflow/example_dags/example_xcomargs.py
[2025-04-10T09:19:56.956+0000] {processor.py:925} INFO - DAG(s) 'example_xcom_args', 'example_xcom_args_with_operators' retrieved from /home/airflow/.local/lib/python3.12/site-packages/airflow/example_dags/example_xcomargs.py
[2025-04-10T09:19:56.980+0000] {logging_mixin.py:190} INFO - [2025-04-10T09:19:56.980+0000] {dag.py:3239} INFO - Sync 2 DAGs
[2025-04-10T09:19:56.996+0000] {logging_mixin.py:190} INFO - [2025-04-10T09:19:56.995+0000] {dag.py:4180} INFO - Setting next_dagrun for example_xcom_args to None, run_after=None
[2025-04-10T09:19:57.000+0000] {logging_mixin.py:190} INFO - [2025-04-10T09:19:57.000+0000] {dag.py:4180} INFO - Setting next_dagrun for example_xcom_args_with_operators to None, run_after=None
[2025-04-10T09:19:57.016+0000] {processor.py:208} INFO - Processing /home/airflow/.local/lib/python3.12/site-packages/airflow/example_dags/example_xcomargs.py took 0.080 seconds
[2025-04-10T09:20:28.416+0000] {processor.py:186} INFO - Started process (PID=1035) to work on /home/airflow/.local/lib/python3.12/site-packages/airflow/example_dags/example_xcomargs.py
[2025-04-10T09:20:28.418+0000] {processor.py:914} INFO - Processing file /home/airflow/.local/lib/python3.12/site-packages/airflow/example_dags/example_xcomargs.py for tasks to queue
[2025-04-10T09:20:28.421+0000] {logging_mixin.py:190} INFO - [2025-04-10T09:20:28.421+0000] {dagbag.py:588} INFO - Filling up the DagBag from /home/airflow/.local/lib/python3.12/site-packages/airflow/example_dags/example_xcomargs.py
[2025-04-10T09:20:28.434+0000] {processor.py:925} INFO - DAG(s) 'example_xcom_args', 'example_xcom_args_with_operators' retrieved from /home/airflow/.local/lib/python3.12/site-packages/airflow/example_dags/example_xcomargs.py
[2025-04-10T09:20:28.461+0000] {logging_mixin.py:190} INFO - [2025-04-10T09:20:28.461+0000] {dag.py:3239} INFO - Sync 2 DAGs
[2025-04-10T09:20:28.477+0000] {logging_mixin.py:190} INFO - [2025-04-10T09:20:28.477+0000] {dag.py:4180} INFO - Setting next_dagrun for example_xcom_args to None, run_after=None
[2025-04-10T09:20:28.482+0000] {logging_mixin.py:190} INFO - [2025-04-10T09:20:28.482+0000] {dag.py:4180} INFO - Setting next_dagrun for example_xcom_args_with_operators to None, run_after=None
[2025-04-10T09:20:28.501+0000] {processor.py:208} INFO - Processing /home/airflow/.local/lib/python3.12/site-packages/airflow/example_dags/example_xcomargs.py took 0.091 seconds
[2025-04-10T09:20:59.260+0000] {processor.py:186} INFO - Started process (PID=1099) to work on /home/airflow/.local/lib/python3.12/site-packages/airflow/example_dags/example_xcomargs.py
[2025-04-10T09:20:59.262+0000] {processor.py:914} INFO - Processing file /home/airflow/.local/lib/python3.12/site-packages/airflow/example_dags/example_xcomargs.py for tasks to queue
[2025-04-10T09:20:59.264+0000] {logging_mixin.py:190} INFO - [2025-04-10T09:20:59.264+0000] {dagbag.py:588} INFO - Filling up the DagBag from /home/airflow/.local/lib/python3.12/site-packages/airflow/example_dags/example_xcomargs.py
[2025-04-10T09:20:59.275+0000] {processor.py:925} INFO - DAG(s) 'example_xcom_args', 'example_xcom_args_with_operators' retrieved from /home/airflow/.local/lib/python3.12/site-packages/airflow/example_dags/example_xcomargs.py
[2025-04-10T09:20:59.299+0000] {logging_mixin.py:190} INFO - [2025-04-10T09:20:59.299+0000] {dag.py:3239} INFO - Sync 2 DAGs
[2025-04-10T09:20:59.315+0000] {logging_mixin.py:190} INFO - [2025-04-10T09:20:59.315+0000] {dag.py:4180} INFO - Setting next_dagrun for example_xcom_args to None, run_after=None
[2025-04-10T09:20:59.320+0000] {logging_mixin.py:190} INFO - [2025-04-10T09:20:59.319+0000] {dag.py:4180} INFO - Setting next_dagrun for example_xcom_args_with_operators to None, run_after=None
[2025-04-10T09:20:59.335+0000] {processor.py:208} INFO - Processing /home/airflow/.local/lib/python3.12/site-packages/airflow/example_dags/example_xcomargs.py took 0.081 seconds
[2025-04-10T09:21:29.901+0000] {processor.py:186} INFO - Started process (PID=1163) to work on /home/airflow/.local/lib/python3.12/site-packages/airflow/example_dags/example_xcomargs.py
[2025-04-10T09:21:29.902+0000] {processor.py:914} INFO - Processing file /home/airflow/.local/lib/python3.12/site-packages/airflow/example_dags/example_xcomargs.py for tasks to queue
[2025-04-10T09:21:29.905+0000] {logging_mixin.py:190} INFO - [2025-04-10T09:21:29.904+0000] {dagbag.py:588} INFO - Filling up the DagBag from /home/airflow/.local/lib/python3.12/site-packages/airflow/example_dags/example_xcomargs.py
[2025-04-10T09:21:29.917+0000] {processor.py:925} INFO - DAG(s) 'example_xcom_args', 'example_xcom_args_with_operators' retrieved from /home/airflow/.local/lib/python3.12/site-packages/airflow/example_dags/example_xcomargs.py
[2025-04-10T09:21:29.944+0000] {logging_mixin.py:190} INFO - [2025-04-10T09:21:29.944+0000] {dag.py:3239} INFO - Sync 2 DAGs
[2025-04-10T09:21:29.963+0000] {logging_mixin.py:190} INFO - [2025-04-10T09:21:29.963+0000] {dag.py:4180} INFO - Setting next_dagrun for example_xcom_args to None, run_after=None
[2025-04-10T09:21:29.968+0000] {logging_mixin.py:190} INFO - [2025-04-10T09:21:29.968+0000] {dag.py:4180} INFO - Setting next_dagrun for example_xcom_args_with_operators to None, run_after=None
[2025-04-10T09:21:29.990+0000] {processor.py:208} INFO - Processing /home/airflow/.local/lib/python3.12/site-packages/airflow/example_dags/example_xcomargs.py took 0.095 seconds
[2025-04-10T09:22:00.419+0000] {processor.py:186} INFO - Started process (PID=1227) to work on /home/airflow/.local/lib/python3.12/site-packages/airflow/example_dags/example_xcomargs.py
[2025-04-10T09:22:00.420+0000] {processor.py:914} INFO - Processing file /home/airflow/.local/lib/python3.12/site-packages/airflow/example_dags/example_xcomargs.py for tasks to queue
[2025-04-10T09:22:00.423+0000] {logging_mixin.py:190} INFO - [2025-04-10T09:22:00.423+0000] {dagbag.py:588} INFO - Filling up the DagBag from /home/airflow/.local/lib/python3.12/site-packages/airflow/example_dags/example_xcomargs.py
[2025-04-10T09:22:00.437+0000] {processor.py:925} INFO - DAG(s) 'example_xcom_args_with_operators', 'example_xcom_args' retrieved from /home/airflow/.local/lib/python3.12/site-packages/airflow/example_dags/example_xcomargs.py
[2025-04-10T09:22:00.461+0000] {logging_mixin.py:190} INFO - [2025-04-10T09:22:00.461+0000] {dag.py:3239} INFO - Sync 2 DAGs
[2025-04-10T09:22:00.477+0000] {logging_mixin.py:190} INFO - [2025-04-10T09:22:00.477+0000] {dag.py:4180} INFO - Setting next_dagrun for example_xcom_args to None, run_after=None
[2025-04-10T09:22:00.482+0000] {logging_mixin.py:190} INFO - [2025-04-10T09:22:00.481+0000] {dag.py:4180} INFO - Setting next_dagrun for example_xcom_args_with_operators to None, run_after=None
[2025-04-10T09:22:00.500+0000] {processor.py:208} INFO - Processing /home/airflow/.local/lib/python3.12/site-packages/airflow/example_dags/example_xcomargs.py took 0.088 seconds
[2025-04-10T09:22:31.785+0000] {processor.py:186} INFO - Started process (PID=1291) to work on /home/airflow/.local/lib/python3.12/site-packages/airflow/example_dags/example_xcomargs.py
[2025-04-10T09:22:31.786+0000] {processor.py:914} INFO - Processing file /home/airflow/.local/lib/python3.12/site-packages/airflow/example_dags/example_xcomargs.py for tasks to queue
[2025-04-10T09:22:31.788+0000] {logging_mixin.py:190} INFO - [2025-04-10T09:22:31.788+0000] {dagbag.py:588} INFO - Filling up the DagBag from /home/airflow/.local/lib/python3.12/site-packages/airflow/example_dags/example_xcomargs.py
[2025-04-10T09:22:31.800+0000] {processor.py:925} INFO - DAG(s) 'example_xcom_args_with_operators', 'example_xcom_args' retrieved from /home/airflow/.local/lib/python3.12/site-packages/airflow/example_dags/example_xcomargs.py
[2025-04-10T09:22:31.827+0000] {logging_mixin.py:190} INFO - [2025-04-10T09:22:31.827+0000] {dag.py:3239} INFO - Sync 2 DAGs
[2025-04-10T09:22:31.847+0000] {logging_mixin.py:190} INFO - [2025-04-10T09:22:31.847+0000] {dag.py:4180} INFO - Setting next_dagrun for example_xcom_args to None, run_after=None
[2025-04-10T09:22:31.851+0000] {logging_mixin.py:190} INFO - [2025-04-10T09:22:31.851+0000] {dag.py:4180} INFO - Setting next_dagrun for example_xcom_args_with_operators to None, run_after=None
[2025-04-10T09:22:31.868+0000] {processor.py:208} INFO - Processing /home/airflow/.local/lib/python3.12/site-packages/airflow/example_dags/example_xcomargs.py took 0.090 seconds
[2025-04-10T09:23:02.741+0000] {processor.py:186} INFO - Started process (PID=1355) to work on /home/airflow/.local/lib/python3.12/site-packages/airflow/example_dags/example_xcomargs.py
[2025-04-10T09:23:02.742+0000] {processor.py:914} INFO - Processing file /home/airflow/.local/lib/python3.12/site-packages/airflow/example_dags/example_xcomargs.py for tasks to queue
[2025-04-10T09:23:02.745+0000] {logging_mixin.py:190} INFO - [2025-04-10T09:23:02.745+0000] {dagbag.py:588} INFO - Filling up the DagBag from /home/airflow/.local/lib/python3.12/site-packages/airflow/example_dags/example_xcomargs.py
[2025-04-10T09:23:02.757+0000] {processor.py:925} INFO - DAG(s) 'example_xcom_args_with_operators', 'example_xcom_args' retrieved from /home/airflow/.local/lib/python3.12/site-packages/airflow/example_dags/example_xcomargs.py
[2025-04-10T09:23:02.782+0000] {logging_mixin.py:190} INFO - [2025-04-10T09:23:02.782+0000] {dag.py:3239} INFO - Sync 2 DAGs
[2025-04-10T09:23:02.800+0000] {logging_mixin.py:190} INFO - [2025-04-10T09:23:02.800+0000] {dag.py:4180} INFO - Setting next_dagrun for example_xcom_args to None, run_after=None
[2025-04-10T09:23:02.805+0000] {logging_mixin.py:190} INFO - [2025-04-10T09:23:02.805+0000] {dag.py:4180} INFO - Setting next_dagrun for example_xcom_args_with_operators to None, run_after=None
[2025-04-10T09:23:02.825+0000] {processor.py:208} INFO - Processing /home/airflow/.local/lib/python3.12/site-packages/airflow/example_dags/example_xcomargs.py took 0.091 seconds
[2025-04-10T09:23:34.155+0000] {processor.py:186} INFO - Started process (PID=1419) to work on /home/airflow/.local/lib/python3.12/site-packages/airflow/example_dags/example_xcomargs.py
[2025-04-10T09:23:34.157+0000] {processor.py:914} INFO - Processing file /home/airflow/.local/lib/python3.12/site-packages/airflow/example_dags/example_xcomargs.py for tasks to queue
[2025-04-10T09:23:34.159+0000] {logging_mixin.py:190} INFO - [2025-04-10T09:23:34.159+0000] {dagbag.py:588} INFO - Filling up the DagBag from /home/airflow/.local/lib/python3.12/site-packages/airflow/example_dags/example_xcomargs.py
[2025-04-10T09:23:34.171+0000] {processor.py:925} INFO - DAG(s) 'example_xcom_args', 'example_xcom_args_with_operators' retrieved from /home/airflow/.local/lib/python3.12/site-packages/airflow/example_dags/example_xcomargs.py
[2025-04-10T09:23:34.201+0000] {logging_mixin.py:190} INFO - [2025-04-10T09:23:34.201+0000] {dag.py:3239} INFO - Sync 2 DAGs
[2025-04-10T09:23:34.219+0000] {logging_mixin.py:190} INFO - [2025-04-10T09:23:34.218+0000] {dag.py:4180} INFO - Setting next_dagrun for example_xcom_args to None, run_after=None
[2025-04-10T09:23:34.223+0000] {logging_mixin.py:190} INFO - [2025-04-10T09:23:34.223+0000] {dag.py:4180} INFO - Setting next_dagrun for example_xcom_args_with_operators to None, run_after=None
[2025-04-10T09:23:34.240+0000] {processor.py:208} INFO - Processing /home/airflow/.local/lib/python3.12/site-packages/airflow/example_dags/example_xcomargs.py took 0.091 seconds
[2025-04-10T09:24:05.411+0000] {processor.py:186} INFO - Started process (PID=1483) to work on /home/airflow/.local/lib/python3.12/site-packages/airflow/example_dags/example_xcomargs.py
[2025-04-10T09:24:05.412+0000] {processor.py:914} INFO - Processing file /home/airflow/.local/lib/python3.12/site-packages/airflow/example_dags/example_xcomargs.py for tasks to queue
[2025-04-10T09:24:05.415+0000] {logging_mixin.py:190} INFO - [2025-04-10T09:24:05.414+0000] {dagbag.py:588} INFO - Filling up the DagBag from /home/airflow/.local/lib/python3.12/site-packages/airflow/example_dags/example_xcomargs.py
[2025-04-10T09:24:05.426+0000] {processor.py:925} INFO - DAG(s) 'example_xcom_args', 'example_xcom_args_with_operators' retrieved from /home/airflow/.local/lib/python3.12/site-packages/airflow/example_dags/example_xcomargs.py
[2025-04-10T09:24:05.456+0000] {logging_mixin.py:190} INFO - [2025-04-10T09:24:05.456+0000] {dag.py:3239} INFO - Sync 2 DAGs
[2025-04-10T09:24:05.473+0000] {logging_mixin.py:190} INFO - [2025-04-10T09:24:05.472+0000] {dag.py:4180} INFO - Setting next_dagrun for example_xcom_args to None, run_after=None
[2025-04-10T09:24:05.478+0000] {logging_mixin.py:190} INFO - [2025-04-10T09:24:05.477+0000] {dag.py:4180} INFO - Setting next_dagrun for example_xcom_args_with_operators to None, run_after=None
[2025-04-10T09:24:05.494+0000] {processor.py:208} INFO - Processing /home/airflow/.local/lib/python3.12/site-packages/airflow/example_dags/example_xcomargs.py took 0.090 seconds
[2025-04-10T09:24:37.079+0000] {processor.py:186} INFO - Started process (PID=1547) to work on /home/airflow/.local/lib/python3.12/site-packages/airflow/example_dags/example_xcomargs.py
[2025-04-10T09:24:37.084+0000] {processor.py:914} INFO - Processing file /home/airflow/.local/lib/python3.12/site-packages/airflow/example_dags/example_xcomargs.py for tasks to queue
[2025-04-10T09:24:37.088+0000] {logging_mixin.py:190} INFO - [2025-04-10T09:24:37.087+0000] {dagbag.py:588} INFO - Filling up the DagBag from /home/airflow/.local/lib/python3.12/site-packages/airflow/example_dags/example_xcomargs.py
[2025-04-10T09:24:37.105+0000] {processor.py:925} INFO - DAG(s) 'example_xcom_args_with_operators', 'example_xcom_args' retrieved from /home/airflow/.local/lib/python3.12/site-packages/airflow/example_dags/example_xcomargs.py
[2025-04-10T09:24:37.145+0000] {logging_mixin.py:190} INFO - [2025-04-10T09:24:37.145+0000] {dag.py:3239} INFO - Sync 2 DAGs
[2025-04-10T09:24:37.167+0000] {logging_mixin.py:190} INFO - [2025-04-10T09:24:37.167+0000] {dag.py:4180} INFO - Setting next_dagrun for example_xcom_args to None, run_after=None
[2025-04-10T09:24:37.173+0000] {logging_mixin.py:190} INFO - [2025-04-10T09:24:37.173+0000] {dag.py:4180} INFO - Setting next_dagrun for example_xcom_args_with_operators to None, run_after=None
[2025-04-10T09:24:37.198+0000] {processor.py:208} INFO - Processing /home/airflow/.local/lib/python3.12/site-packages/airflow/example_dags/example_xcomargs.py took 0.127 seconds
[2025-04-10T09:25:08.764+0000] {processor.py:186} INFO - Started process (PID=1611) to work on /home/airflow/.local/lib/python3.12/site-packages/airflow/example_dags/example_xcomargs.py
[2025-04-10T09:25:08.765+0000] {processor.py:914} INFO - Processing file /home/airflow/.local/lib/python3.12/site-packages/airflow/example_dags/example_xcomargs.py for tasks to queue
[2025-04-10T09:25:08.769+0000] {logging_mixin.py:190} INFO - [2025-04-10T09:25:08.768+0000] {dagbag.py:588} INFO - Filling up the DagBag from /home/airflow/.local/lib/python3.12/site-packages/airflow/example_dags/example_xcomargs.py
[2025-04-10T09:25:08.784+0000] {processor.py:925} INFO - DAG(s) 'example_xcom_args_with_operators', 'example_xcom_args' retrieved from /home/airflow/.local/lib/python3.12/site-packages/airflow/example_dags/example_xcomargs.py
[2025-04-10T09:25:08.817+0000] {logging_mixin.py:190} INFO - [2025-04-10T09:25:08.817+0000] {dag.py:3239} INFO - Sync 2 DAGs
[2025-04-10T09:25:08.837+0000] {logging_mixin.py:190} INFO - [2025-04-10T09:25:08.836+0000] {dag.py:4180} INFO - Setting next_dagrun for example_xcom_args to None, run_after=None
[2025-04-10T09:25:08.843+0000] {logging_mixin.py:190} INFO - [2025-04-10T09:25:08.842+0000] {dag.py:4180} INFO - Setting next_dagrun for example_xcom_args_with_operators to None, run_after=None
[2025-04-10T09:25:08.865+0000] {processor.py:208} INFO - Processing /home/airflow/.local/lib/python3.12/site-packages/airflow/example_dags/example_xcomargs.py took 0.110 seconds
[2025-04-10T09:25:39.595+0000] {processor.py:186} INFO - Started process (PID=1675) to work on /home/airflow/.local/lib/python3.12/site-packages/airflow/example_dags/example_xcomargs.py
[2025-04-10T09:25:39.596+0000] {processor.py:914} INFO - Processing file /home/airflow/.local/lib/python3.12/site-packages/airflow/example_dags/example_xcomargs.py for tasks to queue
[2025-04-10T09:25:39.599+0000] {logging_mixin.py:190} INFO - [2025-04-10T09:25:39.599+0000] {dagbag.py:588} INFO - Filling up the DagBag from /home/airflow/.local/lib/python3.12/site-packages/airflow/example_dags/example_xcomargs.py
[2025-04-10T09:25:39.611+0000] {processor.py:925} INFO - DAG(s) 'example_xcom_args_with_operators', 'example_xcom_args' retrieved from /home/airflow/.local/lib/python3.12/site-packages/airflow/example_dags/example_xcomargs.py
[2025-04-10T09:25:39.640+0000] {logging_mixin.py:190} INFO - [2025-04-10T09:25:39.639+0000] {dag.py:3239} INFO - Sync 2 DAGs
[2025-04-10T09:25:39.657+0000] {logging_mixin.py:190} INFO - [2025-04-10T09:25:39.657+0000] {dag.py:4180} INFO - Setting next_dagrun for example_xcom_args to None, run_after=None
[2025-04-10T09:25:39.664+0000] {logging_mixin.py:190} INFO - [2025-04-10T09:25:39.663+0000] {dag.py:4180} INFO - Setting next_dagrun for example_xcom_args_with_operators to None, run_after=None
[2025-04-10T09:25:39.681+0000] {processor.py:208} INFO - Processing /home/airflow/.local/lib/python3.12/site-packages/airflow/example_dags/example_xcomargs.py took 0.093 seconds
[2025-04-10T09:26:10.866+0000] {processor.py:186} INFO - Started process (PID=1739) to work on /home/airflow/.local/lib/python3.12/site-packages/airflow/example_dags/example_xcomargs.py
[2025-04-10T09:26:10.870+0000] {processor.py:914} INFO - Processing file /home/airflow/.local/lib/python3.12/site-packages/airflow/example_dags/example_xcomargs.py for tasks to queue
[2025-04-10T09:26:10.873+0000] {logging_mixin.py:190} INFO - [2025-04-10T09:26:10.873+0000] {dagbag.py:588} INFO - Filling up the DagBag from /home/airflow/.local/lib/python3.12/site-packages/airflow/example_dags/example_xcomargs.py
[2025-04-10T09:26:10.888+0000] {processor.py:925} INFO - DAG(s) 'example_xcom_args', 'example_xcom_args_with_operators' retrieved from /home/airflow/.local/lib/python3.12/site-packages/airflow/example_dags/example_xcomargs.py
[2025-04-10T09:26:10.930+0000] {logging_mixin.py:190} INFO - [2025-04-10T09:26:10.930+0000] {dag.py:3239} INFO - Sync 2 DAGs
[2025-04-10T09:26:10.955+0000] {logging_mixin.py:190} INFO - [2025-04-10T09:26:10.954+0000] {dag.py:4180} INFO - Setting next_dagrun for example_xcom_args to None, run_after=None
[2025-04-10T09:26:10.966+0000] {logging_mixin.py:190} INFO - [2025-04-10T09:26:10.965+0000] {dag.py:4180} INFO - Setting next_dagrun for example_xcom_args_with_operators to None, run_after=None
[2025-04-10T09:26:11.001+0000] {processor.py:208} INFO - Processing /home/airflow/.local/lib/python3.12/site-packages/airflow/example_dags/example_xcomargs.py took 0.142 seconds
[2025-04-10T09:26:41.984+0000] {processor.py:186} INFO - Started process (PID=1803) to work on /home/airflow/.local/lib/python3.12/site-packages/airflow/example_dags/example_xcomargs.py
[2025-04-10T09:26:41.985+0000] {processor.py:914} INFO - Processing file /home/airflow/.local/lib/python3.12/site-packages/airflow/example_dags/example_xcomargs.py for tasks to queue
[2025-04-10T09:26:41.987+0000] {logging_mixin.py:190} INFO - [2025-04-10T09:26:41.987+0000] {dagbag.py:588} INFO - Filling up the DagBag from /home/airflow/.local/lib/python3.12/site-packages/airflow/example_dags/example_xcomargs.py
[2025-04-10T09:26:41.999+0000] {processor.py:925} INFO - DAG(s) 'example_xcom_args', 'example_xcom_args_with_operators' retrieved from /home/airflow/.local/lib/python3.12/site-packages/airflow/example_dags/example_xcomargs.py
[2025-04-10T09:26:42.030+0000] {logging_mixin.py:190} INFO - [2025-04-10T09:26:42.029+0000] {dag.py:3239} INFO - Sync 2 DAGs
[2025-04-10T09:26:42.046+0000] {logging_mixin.py:190} INFO - [2025-04-10T09:26:42.046+0000] {dag.py:4180} INFO - Setting next_dagrun for example_xcom_args to None, run_after=None
[2025-04-10T09:26:42.051+0000] {logging_mixin.py:190} INFO - [2025-04-10T09:26:42.051+0000] {dag.py:4180} INFO - Setting next_dagrun for example_xcom_args_with_operators to None, run_after=None
[2025-04-10T09:26:42.069+0000] {processor.py:208} INFO - Processing /home/airflow/.local/lib/python3.12/site-packages/airflow/example_dags/example_xcomargs.py took 0.092 seconds
[2025-04-10T09:27:13.760+0000] {processor.py:186} INFO - Started process (PID=1867) to work on /home/airflow/.local/lib/python3.12/site-packages/airflow/example_dags/example_xcomargs.py
[2025-04-10T09:27:13.762+0000] {processor.py:914} INFO - Processing file /home/airflow/.local/lib/python3.12/site-packages/airflow/example_dags/example_xcomargs.py for tasks to queue
[2025-04-10T09:27:13.769+0000] {logging_mixin.py:190} INFO - [2025-04-10T09:27:13.769+0000] {dagbag.py:588} INFO - Filling up the DagBag from /home/airflow/.local/lib/python3.12/site-packages/airflow/example_dags/example_xcomargs.py
[2025-04-10T09:27:13.790+0000] {processor.py:925} INFO - DAG(s) 'example_xcom_args', 'example_xcom_args_with_operators' retrieved from /home/airflow/.local/lib/python3.12/site-packages/airflow/example_dags/example_xcomargs.py
[2025-04-10T09:27:13.843+0000] {logging_mixin.py:190} INFO - [2025-04-10T09:27:13.842+0000] {dag.py:3239} INFO - Sync 2 DAGs
[2025-04-10T09:27:13.869+0000] {logging_mixin.py:190} INFO - [2025-04-10T09:27:13.869+0000] {dag.py:4180} INFO - Setting next_dagrun for example_xcom_args to None, run_after=None
[2025-04-10T09:27:13.880+0000] {logging_mixin.py:190} INFO - [2025-04-10T09:27:13.880+0000] {dag.py:4180} INFO - Setting next_dagrun for example_xcom_args_with_operators to None, run_after=None
[2025-04-10T09:27:13.913+0000] {processor.py:208} INFO - Processing /home/airflow/.local/lib/python3.12/site-packages/airflow/example_dags/example_xcomargs.py took 0.164 seconds
[2025-04-10T09:27:44.954+0000] {processor.py:186} INFO - Started process (PID=1931) to work on /home/airflow/.local/lib/python3.12/site-packages/airflow/example_dags/example_xcomargs.py
[2025-04-10T09:27:44.955+0000] {processor.py:914} INFO - Processing file /home/airflow/.local/lib/python3.12/site-packages/airflow/example_dags/example_xcomargs.py for tasks to queue
[2025-04-10T09:27:44.959+0000] {logging_mixin.py:190} INFO - [2025-04-10T09:27:44.958+0000] {dagbag.py:588} INFO - Filling up the DagBag from /home/airflow/.local/lib/python3.12/site-packages/airflow/example_dags/example_xcomargs.py
[2025-04-10T09:27:44.974+0000] {processor.py:925} INFO - DAG(s) 'example_xcom_args_with_operators', 'example_xcom_args' retrieved from /home/airflow/.local/lib/python3.12/site-packages/airflow/example_dags/example_xcomargs.py
[2025-04-10T09:27:45.006+0000] {logging_mixin.py:190} INFO - [2025-04-10T09:27:45.006+0000] {dag.py:3239} INFO - Sync 2 DAGs
[2025-04-10T09:27:45.025+0000] {logging_mixin.py:190} INFO - [2025-04-10T09:27:45.025+0000] {dag.py:4180} INFO - Setting next_dagrun for example_xcom_args to None, run_after=None
[2025-04-10T09:27:45.029+0000] {logging_mixin.py:190} INFO - [2025-04-10T09:27:45.029+0000] {dag.py:4180} INFO - Setting next_dagrun for example_xcom_args_with_operators to None, run_after=None
[2025-04-10T09:27:45.048+0000] {processor.py:208} INFO - Processing /home/airflow/.local/lib/python3.12/site-packages/airflow/example_dags/example_xcomargs.py took 0.101 seconds
[2025-04-10T09:28:16.558+0000] {processor.py:186} INFO - Started process (PID=2001) to work on /home/airflow/.local/lib/python3.12/site-packages/airflow/example_dags/example_xcomargs.py
[2025-04-10T09:28:16.559+0000] {processor.py:914} INFO - Processing file /home/airflow/.local/lib/python3.12/site-packages/airflow/example_dags/example_xcomargs.py for tasks to queue
[2025-04-10T09:28:16.562+0000] {logging_mixin.py:190} INFO - [2025-04-10T09:28:16.562+0000] {dagbag.py:588} INFO - Filling up the DagBag from /home/airflow/.local/lib/python3.12/site-packages/airflow/example_dags/example_xcomargs.py
[2025-04-10T09:28:16.574+0000] {processor.py:925} INFO - DAG(s) 'example_xcom_args_with_operators', 'example_xcom_args' retrieved from /home/airflow/.local/lib/python3.12/site-packages/airflow/example_dags/example_xcomargs.py
[2025-04-10T09:28:16.600+0000] {logging_mixin.py:190} INFO - [2025-04-10T09:28:16.600+0000] {dag.py:3239} INFO - Sync 2 DAGs
[2025-04-10T09:28:16.617+0000] {logging_mixin.py:190} INFO - [2025-04-10T09:28:16.617+0000] {dag.py:4180} INFO - Setting next_dagrun for example_xcom_args to None, run_after=None
[2025-04-10T09:28:16.621+0000] {logging_mixin.py:190} INFO - [2025-04-10T09:28:16.621+0000] {dag.py:4180} INFO - Setting next_dagrun for example_xcom_args_with_operators to None, run_after=None
[2025-04-10T09:28:16.639+0000] {processor.py:208} INFO - Processing /home/airflow/.local/lib/python3.12/site-packages/airflow/example_dags/example_xcomargs.py took 0.088 seconds
[2025-04-10T09:28:48.120+0000] {processor.py:186} INFO - Started process (PID=2065) to work on /home/airflow/.local/lib/python3.12/site-packages/airflow/example_dags/example_xcomargs.py
[2025-04-10T09:28:48.121+0000] {processor.py:914} INFO - Processing file /home/airflow/.local/lib/python3.12/site-packages/airflow/example_dags/example_xcomargs.py for tasks to queue
[2025-04-10T09:28:48.124+0000] {logging_mixin.py:190} INFO - [2025-04-10T09:28:48.123+0000] {dagbag.py:588} INFO - Filling up the DagBag from /home/airflow/.local/lib/python3.12/site-packages/airflow/example_dags/example_xcomargs.py
[2025-04-10T09:28:48.136+0000] {processor.py:925} INFO - DAG(s) 'example_xcom_args', 'example_xcom_args_with_operators' retrieved from /home/airflow/.local/lib/python3.12/site-packages/airflow/example_dags/example_xcomargs.py
[2025-04-10T09:28:48.162+0000] {logging_mixin.py:190} INFO - [2025-04-10T09:28:48.162+0000] {dag.py:3239} INFO - Sync 2 DAGs
[2025-04-10T09:28:48.178+0000] {logging_mixin.py:190} INFO - [2025-04-10T09:28:48.178+0000] {dag.py:4180} INFO - Setting next_dagrun for example_xcom_args to None, run_after=None
[2025-04-10T09:28:48.183+0000] {logging_mixin.py:190} INFO - [2025-04-10T09:28:48.183+0000] {dag.py:4180} INFO - Setting next_dagrun for example_xcom_args_with_operators to None, run_after=None
[2025-04-10T09:28:48.200+0000] {processor.py:208} INFO - Processing /home/airflow/.local/lib/python3.12/site-packages/airflow/example_dags/example_xcomargs.py took 0.087 seconds
[2025-04-10T09:29:19.177+0000] {processor.py:186} INFO - Started process (PID=2129) to work on /home/airflow/.local/lib/python3.12/site-packages/airflow/example_dags/example_xcomargs.py
[2025-04-10T09:29:19.178+0000] {processor.py:914} INFO - Processing file /home/airflow/.local/lib/python3.12/site-packages/airflow/example_dags/example_xcomargs.py for tasks to queue
[2025-04-10T09:29:19.181+0000] {logging_mixin.py:190} INFO - [2025-04-10T09:29:19.180+0000] {dagbag.py:588} INFO - Filling up the DagBag from /home/airflow/.local/lib/python3.12/site-packages/airflow/example_dags/example_xcomargs.py
[2025-04-10T09:29:19.193+0000] {processor.py:925} INFO - DAG(s) 'example_xcom_args', 'example_xcom_args_with_operators' retrieved from /home/airflow/.local/lib/python3.12/site-packages/airflow/example_dags/example_xcomargs.py
[2025-04-10T09:29:19.222+0000] {logging_mixin.py:190} INFO - [2025-04-10T09:29:19.222+0000] {dag.py:3239} INFO - Sync 2 DAGs
[2025-04-10T09:29:19.239+0000] {logging_mixin.py:190} INFO - [2025-04-10T09:29:19.238+0000] {dag.py:4180} INFO - Setting next_dagrun for example_xcom_args to None, run_after=None
[2025-04-10T09:29:19.243+0000] {logging_mixin.py:190} INFO - [2025-04-10T09:29:19.243+0000] {dag.py:4180} INFO - Setting next_dagrun for example_xcom_args_with_operators to None, run_after=None
[2025-04-10T09:29:19.261+0000] {processor.py:208} INFO - Processing /home/airflow/.local/lib/python3.12/site-packages/airflow/example_dags/example_xcomargs.py took 0.092 seconds
[2025-04-10T09:29:50.303+0000] {processor.py:186} INFO - Started process (PID=2193) to work on /home/airflow/.local/lib/python3.12/site-packages/airflow/example_dags/example_xcomargs.py
[2025-04-10T09:29:50.306+0000] {processor.py:914} INFO - Processing file /home/airflow/.local/lib/python3.12/site-packages/airflow/example_dags/example_xcomargs.py for tasks to queue
[2025-04-10T09:29:50.308+0000] {logging_mixin.py:190} INFO - [2025-04-10T09:29:50.308+0000] {dagbag.py:588} INFO - Filling up the DagBag from /home/airflow/.local/lib/python3.12/site-packages/airflow/example_dags/example_xcomargs.py
[2025-04-10T09:29:50.324+0000] {processor.py:925} INFO - DAG(s) 'example_xcom_args_with_operators', 'example_xcom_args' retrieved from /home/airflow/.local/lib/python3.12/site-packages/airflow/example_dags/example_xcomargs.py
[2025-04-10T09:29:50.352+0000] {logging_mixin.py:190} INFO - [2025-04-10T09:29:50.352+0000] {dag.py:3239} INFO - Sync 2 DAGs
[2025-04-10T09:29:50.369+0000] {logging_mixin.py:190} INFO - [2025-04-10T09:29:50.368+0000] {dag.py:4180} INFO - Setting next_dagrun for example_xcom_args to None, run_after=None
[2025-04-10T09:29:50.374+0000] {logging_mixin.py:190} INFO - [2025-04-10T09:29:50.374+0000] {dag.py:4180} INFO - Setting next_dagrun for example_xcom_args_with_operators to None, run_after=None
[2025-04-10T09:29:50.391+0000] {processor.py:208} INFO - Processing /home/airflow/.local/lib/python3.12/site-packages/airflow/example_dags/example_xcomargs.py took 0.097 seconds
[2025-04-10T09:30:21.636+0000] {processor.py:186} INFO - Started process (PID=2257) to work on /home/airflow/.local/lib/python3.12/site-packages/airflow/example_dags/example_xcomargs.py
[2025-04-10T09:30:21.637+0000] {processor.py:914} INFO - Processing file /home/airflow/.local/lib/python3.12/site-packages/airflow/example_dags/example_xcomargs.py for tasks to queue
[2025-04-10T09:30:21.643+0000] {logging_mixin.py:190} INFO - [2025-04-10T09:30:21.642+0000] {dagbag.py:588} INFO - Filling up the DagBag from /home/airflow/.local/lib/python3.12/site-packages/airflow/example_dags/example_xcomargs.py
[2025-04-10T09:30:21.661+0000] {processor.py:925} INFO - DAG(s) 'example_xcom_args', 'example_xcom_args_with_operators' retrieved from /home/airflow/.local/lib/python3.12/site-packages/airflow/example_dags/example_xcomargs.py
[2025-04-10T09:30:21.700+0000] {logging_mixin.py:190} INFO - [2025-04-10T09:30:21.700+0000] {dag.py:3239} INFO - Sync 2 DAGs
[2025-04-10T09:30:21.720+0000] {logging_mixin.py:190} INFO - [2025-04-10T09:30:21.719+0000] {dag.py:4180} INFO - Setting next_dagrun for example_xcom_args to None, run_after=None
[2025-04-10T09:30:21.726+0000] {logging_mixin.py:190} INFO - [2025-04-10T09:30:21.726+0000] {dag.py:4180} INFO - Setting next_dagrun for example_xcom_args_with_operators to None, run_after=None
[2025-04-10T09:30:21.748+0000] {processor.py:208} INFO - Processing /home/airflow/.local/lib/python3.12/site-packages/airflow/example_dags/example_xcomargs.py took 0.119 seconds
[2025-04-10T09:30:52.891+0000] {processor.py:186} INFO - Started process (PID=2321) to work on /home/airflow/.local/lib/python3.12/site-packages/airflow/example_dags/example_xcomargs.py
[2025-04-10T09:30:52.892+0000] {processor.py:914} INFO - Processing file /home/airflow/.local/lib/python3.12/site-packages/airflow/example_dags/example_xcomargs.py for tasks to queue
[2025-04-10T09:30:52.895+0000] {logging_mixin.py:190} INFO - [2025-04-10T09:30:52.895+0000] {dagbag.py:588} INFO - Filling up the DagBag from /home/airflow/.local/lib/python3.12/site-packages/airflow/example_dags/example_xcomargs.py
[2025-04-10T09:30:52.911+0000] {processor.py:925} INFO - DAG(s) 'example_xcom_args_with_operators', 'example_xcom_args' retrieved from /home/airflow/.local/lib/python3.12/site-packages/airflow/example_dags/example_xcomargs.py
[2025-04-10T09:30:52.941+0000] {logging_mixin.py:190} INFO - [2025-04-10T09:30:52.940+0000] {dag.py:3239} INFO - Sync 2 DAGs
[2025-04-10T09:30:52.958+0000] {logging_mixin.py:190} INFO - [2025-04-10T09:30:52.958+0000] {dag.py:4180} INFO - Setting next_dagrun for example_xcom_args to None, run_after=None
[2025-04-10T09:30:52.962+0000] {logging_mixin.py:190} INFO - [2025-04-10T09:30:52.962+0000] {dag.py:4180} INFO - Setting next_dagrun for example_xcom_args_with_operators to None, run_after=None
[2025-04-10T09:30:52.981+0000] {processor.py:208} INFO - Processing /home/airflow/.local/lib/python3.12/site-packages/airflow/example_dags/example_xcomargs.py took 0.097 seconds
[2025-04-10T09:31:23.632+0000] {processor.py:186} INFO - Started process (PID=2385) to work on /home/airflow/.local/lib/python3.12/site-packages/airflow/example_dags/example_xcomargs.py
[2025-04-10T09:31:23.633+0000] {processor.py:914} INFO - Processing file /home/airflow/.local/lib/python3.12/site-packages/airflow/example_dags/example_xcomargs.py for tasks to queue
[2025-04-10T09:31:23.636+0000] {logging_mixin.py:190} INFO - [2025-04-10T09:31:23.636+0000] {dagbag.py:588} INFO - Filling up the DagBag from /home/airflow/.local/lib/python3.12/site-packages/airflow/example_dags/example_xcomargs.py
[2025-04-10T09:31:23.651+0000] {processor.py:925} INFO - DAG(s) 'example_xcom_args_with_operators', 'example_xcom_args' retrieved from /home/airflow/.local/lib/python3.12/site-packages/airflow/example_dags/example_xcomargs.py
[2025-04-10T09:31:23.680+0000] {logging_mixin.py:190} INFO - [2025-04-10T09:31:23.679+0000] {dag.py:3239} INFO - Sync 2 DAGs
[2025-04-10T09:31:23.699+0000] {logging_mixin.py:190} INFO - [2025-04-10T09:31:23.697+0000] {dag.py:4180} INFO - Setting next_dagrun for example_xcom_args to None, run_after=None
[2025-04-10T09:31:23.704+0000] {logging_mixin.py:190} INFO - [2025-04-10T09:31:23.704+0000] {dag.py:4180} INFO - Setting next_dagrun for example_xcom_args_with_operators to None, run_after=None
[2025-04-10T09:31:23.722+0000] {processor.py:208} INFO - Processing /home/airflow/.local/lib/python3.12/site-packages/airflow/example_dags/example_xcomargs.py took 0.098 seconds
[2025-04-10T09:31:54.687+0000] {processor.py:186} INFO - Started process (PID=2449) to work on /home/airflow/.local/lib/python3.12/site-packages/airflow/example_dags/example_xcomargs.py
[2025-04-10T09:31:54.692+0000] {processor.py:914} INFO - Processing file /home/airflow/.local/lib/python3.12/site-packages/airflow/example_dags/example_xcomargs.py for tasks to queue
[2025-04-10T09:31:54.695+0000] {logging_mixin.py:190} INFO - [2025-04-10T09:31:54.695+0000] {dagbag.py:588} INFO - Filling up the DagBag from /home/airflow/.local/lib/python3.12/site-packages/airflow/example_dags/example_xcomargs.py
[2025-04-10T09:31:54.708+0000] {processor.py:925} INFO - DAG(s) 'example_xcom_args', 'example_xcom_args_with_operators' retrieved from /home/airflow/.local/lib/python3.12/site-packages/airflow/example_dags/example_xcomargs.py
[2025-04-10T09:31:54.735+0000] {logging_mixin.py:190} INFO - [2025-04-10T09:31:54.735+0000] {dag.py:3239} INFO - Sync 2 DAGs
[2025-04-10T09:31:54.752+0000] {logging_mixin.py:190} INFO - [2025-04-10T09:31:54.752+0000] {dag.py:4180} INFO - Setting next_dagrun for example_xcom_args to None, run_after=None
[2025-04-10T09:31:54.759+0000] {logging_mixin.py:190} INFO - [2025-04-10T09:31:54.759+0000] {dag.py:4180} INFO - Setting next_dagrun for example_xcom_args_with_operators to None, run_after=None
[2025-04-10T09:31:54.783+0000] {processor.py:208} INFO - Processing /home/airflow/.local/lib/python3.12/site-packages/airflow/example_dags/example_xcomargs.py took 0.109 seconds
[2025-04-10T09:32:25.444+0000] {processor.py:186} INFO - Started process (PID=2513) to work on /home/airflow/.local/lib/python3.12/site-packages/airflow/example_dags/example_xcomargs.py
[2025-04-10T09:32:25.445+0000] {processor.py:914} INFO - Processing file /home/airflow/.local/lib/python3.12/site-packages/airflow/example_dags/example_xcomargs.py for tasks to queue
[2025-04-10T09:32:25.448+0000] {logging_mixin.py:190} INFO - [2025-04-10T09:32:25.447+0000] {dagbag.py:588} INFO - Filling up the DagBag from /home/airflow/.local/lib/python3.12/site-packages/airflow/example_dags/example_xcomargs.py
[2025-04-10T09:32:25.459+0000] {processor.py:925} INFO - DAG(s) 'example_xcom_args_with_operators', 'example_xcom_args' retrieved from /home/airflow/.local/lib/python3.12/site-packages/airflow/example_dags/example_xcomargs.py
[2025-04-10T09:32:25.485+0000] {logging_mixin.py:190} INFO - [2025-04-10T09:32:25.484+0000] {dag.py:3239} INFO - Sync 2 DAGs
[2025-04-10T09:32:25.500+0000] {logging_mixin.py:190} INFO - [2025-04-10T09:32:25.500+0000] {dag.py:4180} INFO - Setting next_dagrun for example_xcom_args to None, run_after=None
[2025-04-10T09:32:25.505+0000] {logging_mixin.py:190} INFO - [2025-04-10T09:32:25.505+0000] {dag.py:4180} INFO - Setting next_dagrun for example_xcom_args_with_operators to None, run_after=None
[2025-04-10T09:32:25.522+0000] {processor.py:208} INFO - Processing /home/airflow/.local/lib/python3.12/site-packages/airflow/example_dags/example_xcomargs.py took 0.085 seconds
[2025-04-10T09:32:55.677+0000] {processor.py:186} INFO - Started process (PID=2576) to work on /home/airflow/.local/lib/python3.12/site-packages/airflow/example_dags/example_xcomargs.py
[2025-04-10T09:32:55.678+0000] {processor.py:914} INFO - Processing file /home/airflow/.local/lib/python3.12/site-packages/airflow/example_dags/example_xcomargs.py for tasks to queue
[2025-04-10T09:32:55.682+0000] {logging_mixin.py:190} INFO - [2025-04-10T09:32:55.681+0000] {dagbag.py:588} INFO - Filling up the DagBag from /home/airflow/.local/lib/python3.12/site-packages/airflow/example_dags/example_xcomargs.py
[2025-04-10T09:32:55.694+0000] {processor.py:925} INFO - DAG(s) 'example_xcom_args_with_operators', 'example_xcom_args' retrieved from /home/airflow/.local/lib/python3.12/site-packages/airflow/example_dags/example_xcomargs.py
[2025-04-10T09:32:55.720+0000] {logging_mixin.py:190} INFO - [2025-04-10T09:32:55.720+0000] {dag.py:3239} INFO - Sync 2 DAGs
[2025-04-10T09:32:55.737+0000] {logging_mixin.py:190} INFO - [2025-04-10T09:32:55.737+0000] {dag.py:4180} INFO - Setting next_dagrun for example_xcom_args to None, run_after=None
[2025-04-10T09:32:55.742+0000] {logging_mixin.py:190} INFO - [2025-04-10T09:32:55.741+0000] {dag.py:4180} INFO - Setting next_dagrun for example_xcom_args_with_operators to None, run_after=None
[2025-04-10T09:32:55.759+0000] {processor.py:208} INFO - Processing /home/airflow/.local/lib/python3.12/site-packages/airflow/example_dags/example_xcomargs.py took 0.089 seconds
[2025-04-10T09:33:26.242+0000] {processor.py:186} INFO - Started process (PID=2640) to work on /home/airflow/.local/lib/python3.12/site-packages/airflow/example_dags/example_xcomargs.py
[2025-04-10T09:33:26.243+0000] {processor.py:914} INFO - Processing file /home/airflow/.local/lib/python3.12/site-packages/airflow/example_dags/example_xcomargs.py for tasks to queue
[2025-04-10T09:33:26.247+0000] {logging_mixin.py:190} INFO - [2025-04-10T09:33:26.246+0000] {dagbag.py:588} INFO - Filling up the DagBag from /home/airflow/.local/lib/python3.12/site-packages/airflow/example_dags/example_xcomargs.py
[2025-04-10T09:33:26.259+0000] {processor.py:925} INFO - DAG(s) 'example_xcom_args_with_operators', 'example_xcom_args' retrieved from /home/airflow/.local/lib/python3.12/site-packages/airflow/example_dags/example_xcomargs.py
[2025-04-10T09:33:26.284+0000] {logging_mixin.py:190} INFO - [2025-04-10T09:33:26.284+0000] {dag.py:3239} INFO - Sync 2 DAGs
[2025-04-10T09:33:26.300+0000] {logging_mixin.py:190} INFO - [2025-04-10T09:33:26.300+0000] {dag.py:4180} INFO - Setting next_dagrun for example_xcom_args to None, run_after=None
[2025-04-10T09:33:26.305+0000] {logging_mixin.py:190} INFO - [2025-04-10T09:33:26.305+0000] {dag.py:4180} INFO - Setting next_dagrun for example_xcom_args_with_operators to None, run_after=None
[2025-04-10T09:33:26.326+0000] {processor.py:208} INFO - Processing /home/airflow/.local/lib/python3.12/site-packages/airflow/example_dags/example_xcomargs.py took 0.091 seconds
[2025-04-10T09:33:56.402+0000] {processor.py:186} INFO - Started process (PID=2703) to work on /home/airflow/.local/lib/python3.12/site-packages/airflow/example_dags/example_xcomargs.py
[2025-04-10T09:33:56.403+0000] {processor.py:914} INFO - Processing file /home/airflow/.local/lib/python3.12/site-packages/airflow/example_dags/example_xcomargs.py for tasks to queue
[2025-04-10T09:33:56.407+0000] {logging_mixin.py:190} INFO - [2025-04-10T09:33:56.406+0000] {dagbag.py:588} INFO - Filling up the DagBag from /home/airflow/.local/lib/python3.12/site-packages/airflow/example_dags/example_xcomargs.py
[2025-04-10T09:33:56.418+0000] {processor.py:925} INFO - DAG(s) 'example_xcom_args_with_operators', 'example_xcom_args' retrieved from /home/airflow/.local/lib/python3.12/site-packages/airflow/example_dags/example_xcomargs.py
[2025-04-10T09:33:56.442+0000] {logging_mixin.py:190} INFO - [2025-04-10T09:33:56.442+0000] {dag.py:3239} INFO - Sync 2 DAGs
[2025-04-10T09:33:56.458+0000] {logging_mixin.py:190} INFO - [2025-04-10T09:33:56.457+0000] {dag.py:4180} INFO - Setting next_dagrun for example_xcom_args to None, run_after=None
[2025-04-10T09:33:56.462+0000] {logging_mixin.py:190} INFO - [2025-04-10T09:33:56.462+0000] {dag.py:4180} INFO - Setting next_dagrun for example_xcom_args_with_operators to None, run_after=None
[2025-04-10T09:33:56.479+0000] {processor.py:208} INFO - Processing /home/airflow/.local/lib/python3.12/site-packages/airflow/example_dags/example_xcomargs.py took 0.083 seconds
[2025-04-10T09:34:26.634+0000] {processor.py:186} INFO - Started process (PID=2767) to work on /home/airflow/.local/lib/python3.12/site-packages/airflow/example_dags/example_xcomargs.py
[2025-04-10T09:34:26.635+0000] {processor.py:914} INFO - Processing file /home/airflow/.local/lib/python3.12/site-packages/airflow/example_dags/example_xcomargs.py for tasks to queue
[2025-04-10T09:34:26.638+0000] {logging_mixin.py:190} INFO - [2025-04-10T09:34:26.638+0000] {dagbag.py:588} INFO - Filling up the DagBag from /home/airflow/.local/lib/python3.12/site-packages/airflow/example_dags/example_xcomargs.py
[2025-04-10T09:34:26.650+0000] {processor.py:925} INFO - DAG(s) 'example_xcom_args_with_operators', 'example_xcom_args' retrieved from /home/airflow/.local/lib/python3.12/site-packages/airflow/example_dags/example_xcomargs.py
[2025-04-10T09:34:26.676+0000] {logging_mixin.py:190} INFO - [2025-04-10T09:34:26.676+0000] {dag.py:3239} INFO - Sync 2 DAGs
[2025-04-10T09:34:26.692+0000] {logging_mixin.py:190} INFO - [2025-04-10T09:34:26.692+0000] {dag.py:4180} INFO - Setting next_dagrun for example_xcom_args to None, run_after=None
[2025-04-10T09:34:26.697+0000] {logging_mixin.py:190} INFO - [2025-04-10T09:34:26.696+0000] {dag.py:4180} INFO - Setting next_dagrun for example_xcom_args_with_operators to None, run_after=None
[2025-04-10T09:34:26.713+0000] {processor.py:208} INFO - Processing /home/airflow/.local/lib/python3.12/site-packages/airflow/example_dags/example_xcomargs.py took 0.087 seconds
[2025-04-10T09:34:57.762+0000] {processor.py:186} INFO - Started process (PID=2831) to work on /home/airflow/.local/lib/python3.12/site-packages/airflow/example_dags/example_xcomargs.py
[2025-04-10T09:34:57.763+0000] {processor.py:914} INFO - Processing file /home/airflow/.local/lib/python3.12/site-packages/airflow/example_dags/example_xcomargs.py for tasks to queue
[2025-04-10T09:34:57.766+0000] {logging_mixin.py:190} INFO - [2025-04-10T09:34:57.766+0000] {dagbag.py:588} INFO - Filling up the DagBag from /home/airflow/.local/lib/python3.12/site-packages/airflow/example_dags/example_xcomargs.py
[2025-04-10T09:34:57.778+0000] {processor.py:925} INFO - DAG(s) 'example_xcom_args_with_operators', 'example_xcom_args' retrieved from /home/airflow/.local/lib/python3.12/site-packages/airflow/example_dags/example_xcomargs.py
[2025-04-10T09:34:57.804+0000] {logging_mixin.py:190} INFO - [2025-04-10T09:34:57.802+0000] {dag.py:3239} INFO - Sync 2 DAGs
[2025-04-10T09:34:57.822+0000] {logging_mixin.py:190} INFO - [2025-04-10T09:34:57.821+0000] {dag.py:4180} INFO - Setting next_dagrun for example_xcom_args to None, run_after=None
[2025-04-10T09:34:57.826+0000] {logging_mixin.py:190} INFO - [2025-04-10T09:34:57.826+0000] {dag.py:4180} INFO - Setting next_dagrun for example_xcom_args_with_operators to None, run_after=None
[2025-04-10T09:34:57.842+0000] {processor.py:208} INFO - Processing /home/airflow/.local/lib/python3.12/site-packages/airflow/example_dags/example_xcomargs.py took 0.087 seconds
[2025-04-10T09:35:28.722+0000] {processor.py:186} INFO - Started process (PID=2894) to work on /home/airflow/.local/lib/python3.12/site-packages/airflow/example_dags/example_xcomargs.py
[2025-04-10T09:35:28.723+0000] {processor.py:914} INFO - Processing file /home/airflow/.local/lib/python3.12/site-packages/airflow/example_dags/example_xcomargs.py for tasks to queue
[2025-04-10T09:35:28.726+0000] {logging_mixin.py:190} INFO - [2025-04-10T09:35:28.726+0000] {dagbag.py:588} INFO - Filling up the DagBag from /home/airflow/.local/lib/python3.12/site-packages/airflow/example_dags/example_xcomargs.py
[2025-04-10T09:35:28.740+0000] {processor.py:925} INFO - DAG(s) 'example_xcom_args_with_operators', 'example_xcom_args' retrieved from /home/airflow/.local/lib/python3.12/site-packages/airflow/example_dags/example_xcomargs.py
[2025-04-10T09:35:28.768+0000] {logging_mixin.py:190} INFO - [2025-04-10T09:35:28.768+0000] {dag.py:3239} INFO - Sync 2 DAGs
[2025-04-10T09:35:28.784+0000] {logging_mixin.py:190} INFO - [2025-04-10T09:35:28.784+0000] {dag.py:4180} INFO - Setting next_dagrun for example_xcom_args to None, run_after=None
[2025-04-10T09:35:28.789+0000] {logging_mixin.py:190} INFO - [2025-04-10T09:35:28.789+0000] {dag.py:4180} INFO - Setting next_dagrun for example_xcom_args_with_operators to None, run_after=None
[2025-04-10T09:35:28.806+0000] {processor.py:208} INFO - Processing /home/airflow/.local/lib/python3.12/site-packages/airflow/example_dags/example_xcomargs.py took 0.092 seconds
[2025-04-10T09:35:59.671+0000] {processor.py:186} INFO - Started process (PID=2958) to work on /home/airflow/.local/lib/python3.12/site-packages/airflow/example_dags/example_xcomargs.py
[2025-04-10T09:35:59.672+0000] {processor.py:914} INFO - Processing file /home/airflow/.local/lib/python3.12/site-packages/airflow/example_dags/example_xcomargs.py for tasks to queue
[2025-04-10T09:35:59.675+0000] {logging_mixin.py:190} INFO - [2025-04-10T09:35:59.675+0000] {dagbag.py:588} INFO - Filling up the DagBag from /home/airflow/.local/lib/python3.12/site-packages/airflow/example_dags/example_xcomargs.py
[2025-04-10T09:35:59.690+0000] {processor.py:925} INFO - DAG(s) 'example_xcom_args', 'example_xcom_args_with_operators' retrieved from /home/airflow/.local/lib/python3.12/site-packages/airflow/example_dags/example_xcomargs.py
[2025-04-10T09:35:59.716+0000] {logging_mixin.py:190} INFO - [2025-04-10T09:35:59.716+0000] {dag.py:3239} INFO - Sync 2 DAGs
[2025-04-10T09:35:59.735+0000] {logging_mixin.py:190} INFO - [2025-04-10T09:35:59.734+0000] {dag.py:4180} INFO - Setting next_dagrun for example_xcom_args to None, run_after=None
[2025-04-10T09:35:59.739+0000] {logging_mixin.py:190} INFO - [2025-04-10T09:35:59.739+0000] {dag.py:4180} INFO - Setting next_dagrun for example_xcom_args_with_operators to None, run_after=None
[2025-04-10T09:35:59.757+0000] {processor.py:208} INFO - Processing /home/airflow/.local/lib/python3.12/site-packages/airflow/example_dags/example_xcomargs.py took 0.094 seconds
[2025-04-10T09:36:29.882+0000] {processor.py:186} INFO - Started process (PID=3022) to work on /home/airflow/.local/lib/python3.12/site-packages/airflow/example_dags/example_xcomargs.py
[2025-04-10T09:36:29.883+0000] {processor.py:914} INFO - Processing file /home/airflow/.local/lib/python3.12/site-packages/airflow/example_dags/example_xcomargs.py for tasks to queue
[2025-04-10T09:36:29.886+0000] {logging_mixin.py:190} INFO - [2025-04-10T09:36:29.886+0000] {dagbag.py:588} INFO - Filling up the DagBag from /home/airflow/.local/lib/python3.12/site-packages/airflow/example_dags/example_xcomargs.py
[2025-04-10T09:36:29.899+0000] {processor.py:925} INFO - DAG(s) 'example_xcom_args', 'example_xcom_args_with_operators' retrieved from /home/airflow/.local/lib/python3.12/site-packages/airflow/example_dags/example_xcomargs.py
[2025-04-10T09:36:29.928+0000] {logging_mixin.py:190} INFO - [2025-04-10T09:36:29.928+0000] {dag.py:3239} INFO - Sync 2 DAGs
[2025-04-10T09:36:29.944+0000] {logging_mixin.py:190} INFO - [2025-04-10T09:36:29.943+0000] {dag.py:4180} INFO - Setting next_dagrun for example_xcom_args to None, run_after=None
[2025-04-10T09:36:29.948+0000] {logging_mixin.py:190} INFO - [2025-04-10T09:36:29.948+0000] {dag.py:4180} INFO - Setting next_dagrun for example_xcom_args_with_operators to None, run_after=None
[2025-04-10T09:36:29.969+0000] {processor.py:208} INFO - Processing /home/airflow/.local/lib/python3.12/site-packages/airflow/example_dags/example_xcomargs.py took 0.094 seconds
[2025-04-10T09:37:01.007+0000] {processor.py:186} INFO - Started process (PID=3086) to work on /home/airflow/.local/lib/python3.12/site-packages/airflow/example_dags/example_xcomargs.py
[2025-04-10T09:37:01.008+0000] {processor.py:914} INFO - Processing file /home/airflow/.local/lib/python3.12/site-packages/airflow/example_dags/example_xcomargs.py for tasks to queue
[2025-04-10T09:37:01.012+0000] {logging_mixin.py:190} INFO - [2025-04-10T09:37:01.011+0000] {dagbag.py:588} INFO - Filling up the DagBag from /home/airflow/.local/lib/python3.12/site-packages/airflow/example_dags/example_xcomargs.py
[2025-04-10T09:37:01.025+0000] {processor.py:925} INFO - DAG(s) 'example_xcom_args_with_operators', 'example_xcom_args' retrieved from /home/airflow/.local/lib/python3.12/site-packages/airflow/example_dags/example_xcomargs.py
[2025-04-10T09:37:01.052+0000] {logging_mixin.py:190} INFO - [2025-04-10T09:37:01.052+0000] {dag.py:3239} INFO - Sync 2 DAGs
[2025-04-10T09:37:01.276+0000] {logging_mixin.py:190} INFO - [2025-04-10T09:37:01.276+0000] {dag.py:4180} INFO - Setting next_dagrun for example_xcom_args to None, run_after=None
[2025-04-10T09:37:01.282+0000] {logging_mixin.py:190} INFO - [2025-04-10T09:37:01.281+0000] {dag.py:4180} INFO - Setting next_dagrun for example_xcom_args_with_operators to None, run_after=None
[2025-04-10T09:37:01.301+0000] {processor.py:208} INFO - Processing /home/airflow/.local/lib/python3.12/site-packages/airflow/example_dags/example_xcomargs.py took 0.305 seconds
