[2025-04-10T09:12:36.908+0000] {processor.py:186} INFO - Started process (PID=57) to work on /home/airflow/.local/lib/python3.12/site-packages/airflow/example_dags/example_params_ui_tutorial.py
[2025-04-10T09:12:36.910+0000] {processor.py:914} INFO - Processing file /home/airflow/.local/lib/python3.12/site-packages/airflow/example_dags/example_params_ui_tutorial.py for tasks to queue
[2025-04-10T09:12:36.920+0000] {logging_mixin.py:190} INFO - [2025-04-10T09:12:36.920+0000] {dagbag.py:588} INFO - Filling up the DagBag from /home/airflow/.local/lib/python3.12/site-packages/airflow/example_dags/example_params_ui_tutorial.py
[2025-04-10T09:12:36.935+0000] {processor.py:925} INFO - DAG(s) 'example_params_ui_tutorial' retrieved from /home/airflow/.local/lib/python3.12/site-packages/airflow/example_dags/example_params_ui_tutorial.py
[2025-04-10T09:12:37.171+0000] {logging_mixin.py:190} INFO - [2025-04-10T09:12:37.171+0000] {dag.py:3239} INFO - Sync 1 DAGs
[2025-04-10T09:12:37.189+0000] {logging_mixin.py:190} INFO - [2025-04-10T09:12:37.188+0000] {dag.py:4180} INFO - Setting next_dagrun for example_params_ui_tutorial to None, run_after=None
[2025-04-10T09:12:37.223+0000] {processor.py:208} INFO - Processing /home/airflow/.local/lib/python3.12/site-packages/airflow/example_dags/example_params_ui_tutorial.py took 0.323 seconds
[2025-04-10T09:13:07.749+0000] {processor.py:186} INFO - Started process (PID=121) to work on /home/airflow/.local/lib/python3.12/site-packages/airflow/example_dags/example_params_ui_tutorial.py
[2025-04-10T09:13:07.750+0000] {processor.py:914} INFO - Processing file /home/airflow/.local/lib/python3.12/site-packages/airflow/example_dags/example_params_ui_tutorial.py for tasks to queue
[2025-04-10T09:13:07.756+0000] {logging_mixin.py:190} INFO - [2025-04-10T09:13:07.755+0000] {dagbag.py:588} INFO - Filling up the DagBag from /home/airflow/.local/lib/python3.12/site-packages/airflow/example_dags/example_params_ui_tutorial.py
[2025-04-10T09:13:07.773+0000] {processor.py:925} INFO - DAG(s) 'example_params_ui_tutorial' retrieved from /home/airflow/.local/lib/python3.12/site-packages/airflow/example_dags/example_params_ui_tutorial.py
[2025-04-10T09:13:07.829+0000] {logging_mixin.py:190} INFO - [2025-04-10T09:13:07.829+0000] {dag.py:3239} INFO - Sync 1 DAGs
[2025-04-10T09:13:07.847+0000] {logging_mixin.py:190} INFO - [2025-04-10T09:13:07.846+0000] {dag.py:4180} INFO - Setting next_dagrun for example_params_ui_tutorial to None, run_after=None
[2025-04-10T09:13:07.866+0000] {processor.py:208} INFO - Processing /home/airflow/.local/lib/python3.12/site-packages/airflow/example_dags/example_params_ui_tutorial.py took 0.127 seconds
[2025-04-10T09:13:38.598+0000] {processor.py:186} INFO - Started process (PID=185) to work on /home/airflow/.local/lib/python3.12/site-packages/airflow/example_dags/example_params_ui_tutorial.py
[2025-04-10T09:13:38.598+0000] {processor.py:914} INFO - Processing file /home/airflow/.local/lib/python3.12/site-packages/airflow/example_dags/example_params_ui_tutorial.py for tasks to queue
[2025-04-10T09:13:38.601+0000] {logging_mixin.py:190} INFO - [2025-04-10T09:13:38.601+0000] {dagbag.py:588} INFO - Filling up the DagBag from /home/airflow/.local/lib/python3.12/site-packages/airflow/example_dags/example_params_ui_tutorial.py
[2025-04-10T09:13:38.611+0000] {processor.py:925} INFO - DAG(s) 'example_params_ui_tutorial' retrieved from /home/airflow/.local/lib/python3.12/site-packages/airflow/example_dags/example_params_ui_tutorial.py
[2025-04-10T09:13:38.665+0000] {logging_mixin.py:190} INFO - [2025-04-10T09:13:38.664+0000] {dag.py:3239} INFO - Sync 1 DAGs
[2025-04-10T09:13:38.680+0000] {logging_mixin.py:190} INFO - [2025-04-10T09:13:38.680+0000] {dag.py:4180} INFO - Setting next_dagrun for example_params_ui_tutorial to None, run_after=None
[2025-04-10T09:13:38.700+0000] {processor.py:208} INFO - Processing /home/airflow/.local/lib/python3.12/site-packages/airflow/example_dags/example_params_ui_tutorial.py took 0.109 seconds
[2025-04-10T09:14:08.802+0000] {processor.py:186} INFO - Started process (PID=249) to work on /home/airflow/.local/lib/python3.12/site-packages/airflow/example_dags/example_params_ui_tutorial.py
[2025-04-10T09:14:08.804+0000] {processor.py:914} INFO - Processing file /home/airflow/.local/lib/python3.12/site-packages/airflow/example_dags/example_params_ui_tutorial.py for tasks to queue
[2025-04-10T09:14:08.806+0000] {logging_mixin.py:190} INFO - [2025-04-10T09:14:08.806+0000] {dagbag.py:588} INFO - Filling up the DagBag from /home/airflow/.local/lib/python3.12/site-packages/airflow/example_dags/example_params_ui_tutorial.py
[2025-04-10T09:14:08.816+0000] {processor.py:925} INFO - DAG(s) 'example_params_ui_tutorial' retrieved from /home/airflow/.local/lib/python3.12/site-packages/airflow/example_dags/example_params_ui_tutorial.py
[2025-04-10T09:14:08.859+0000] {logging_mixin.py:190} INFO - [2025-04-10T09:14:08.858+0000] {dag.py:3239} INFO - Sync 1 DAGs
[2025-04-10T09:14:08.874+0000] {logging_mixin.py:190} INFO - [2025-04-10T09:14:08.874+0000] {dag.py:4180} INFO - Setting next_dagrun for example_params_ui_tutorial to None, run_after=None
[2025-04-10T09:14:08.892+0000] {processor.py:208} INFO - Processing /home/airflow/.local/lib/python3.12/site-packages/airflow/example_dags/example_params_ui_tutorial.py took 0.096 seconds
[2025-04-10T09:14:38.958+0000] {processor.py:186} INFO - Started process (PID=313) to work on /home/airflow/.local/lib/python3.12/site-packages/airflow/example_dags/example_params_ui_tutorial.py
[2025-04-10T09:14:38.959+0000] {processor.py:914} INFO - Processing file /home/airflow/.local/lib/python3.12/site-packages/airflow/example_dags/example_params_ui_tutorial.py for tasks to queue
[2025-04-10T09:14:38.962+0000] {logging_mixin.py:190} INFO - [2025-04-10T09:14:38.962+0000] {dagbag.py:588} INFO - Filling up the DagBag from /home/airflow/.local/lib/python3.12/site-packages/airflow/example_dags/example_params_ui_tutorial.py
[2025-04-10T09:14:38.974+0000] {processor.py:925} INFO - DAG(s) 'example_params_ui_tutorial' retrieved from /home/airflow/.local/lib/python3.12/site-packages/airflow/example_dags/example_params_ui_tutorial.py
[2025-04-10T09:14:39.016+0000] {logging_mixin.py:190} INFO - [2025-04-10T09:14:39.016+0000] {dag.py:3239} INFO - Sync 1 DAGs
[2025-04-10T09:14:39.031+0000] {logging_mixin.py:190} INFO - [2025-04-10T09:14:39.030+0000] {dag.py:4180} INFO - Setting next_dagrun for example_params_ui_tutorial to None, run_after=None
[2025-04-10T09:14:39.047+0000] {processor.py:208} INFO - Processing /home/airflow/.local/lib/python3.12/site-packages/airflow/example_dags/example_params_ui_tutorial.py took 0.096 seconds
[2025-04-10T09:15:09.200+0000] {processor.py:186} INFO - Started process (PID=377) to work on /home/airflow/.local/lib/python3.12/site-packages/airflow/example_dags/example_params_ui_tutorial.py
[2025-04-10T09:15:09.201+0000] {processor.py:914} INFO - Processing file /home/airflow/.local/lib/python3.12/site-packages/airflow/example_dags/example_params_ui_tutorial.py for tasks to queue
[2025-04-10T09:15:09.204+0000] {logging_mixin.py:190} INFO - [2025-04-10T09:15:09.204+0000] {dagbag.py:588} INFO - Filling up the DagBag from /home/airflow/.local/lib/python3.12/site-packages/airflow/example_dags/example_params_ui_tutorial.py
[2025-04-10T09:15:09.214+0000] {processor.py:925} INFO - DAG(s) 'example_params_ui_tutorial' retrieved from /home/airflow/.local/lib/python3.12/site-packages/airflow/example_dags/example_params_ui_tutorial.py
[2025-04-10T09:15:09.259+0000] {logging_mixin.py:190} INFO - [2025-04-10T09:15:09.258+0000] {dag.py:3239} INFO - Sync 1 DAGs
[2025-04-10T09:15:09.273+0000] {logging_mixin.py:190} INFO - [2025-04-10T09:15:09.273+0000] {dag.py:4180} INFO - Setting next_dagrun for example_params_ui_tutorial to None, run_after=None
[2025-04-10T09:15:09.298+0000] {processor.py:208} INFO - Processing /home/airflow/.local/lib/python3.12/site-packages/airflow/example_dags/example_params_ui_tutorial.py took 0.104 seconds
[2025-04-10T09:15:46.171+0000] {processor.py:186} INFO - Started process (PID=428) to work on /home/airflow/.local/lib/python3.12/site-packages/airflow/example_dags/example_params_ui_tutorial.py
[2025-04-10T09:15:46.172+0000] {processor.py:914} INFO - Processing file /home/airflow/.local/lib/python3.12/site-packages/airflow/example_dags/example_params_ui_tutorial.py for tasks to queue
[2025-04-10T09:15:46.175+0000] {logging_mixin.py:190} INFO - [2025-04-10T09:15:46.175+0000] {dagbag.py:588} INFO - Filling up the DagBag from /home/airflow/.local/lib/python3.12/site-packages/airflow/example_dags/example_params_ui_tutorial.py
[2025-04-10T09:15:46.186+0000] {processor.py:925} INFO - DAG(s) 'example_params_ui_tutorial' retrieved from /home/airflow/.local/lib/python3.12/site-packages/airflow/example_dags/example_params_ui_tutorial.py
[2025-04-10T09:15:46.242+0000] {logging_mixin.py:190} INFO - [2025-04-10T09:15:46.242+0000] {dag.py:3239} INFO - Sync 1 DAGs
[2025-04-10T09:15:46.262+0000] {logging_mixin.py:190} INFO - [2025-04-10T09:15:46.261+0000] {dag.py:4180} INFO - Setting next_dagrun for example_params_ui_tutorial to None, run_after=None
[2025-04-10T09:15:46.288+0000] {processor.py:208} INFO - Processing /home/airflow/.local/lib/python3.12/site-packages/airflow/example_dags/example_params_ui_tutorial.py took 0.124 seconds
[2025-04-10T09:16:16.807+0000] {processor.py:186} INFO - Started process (PID=493) to work on /home/airflow/.local/lib/python3.12/site-packages/airflow/example_dags/example_params_ui_tutorial.py
[2025-04-10T09:16:16.808+0000] {processor.py:914} INFO - Processing file /home/airflow/.local/lib/python3.12/site-packages/airflow/example_dags/example_params_ui_tutorial.py for tasks to queue
[2025-04-10T09:16:16.810+0000] {logging_mixin.py:190} INFO - [2025-04-10T09:16:16.810+0000] {dagbag.py:588} INFO - Filling up the DagBag from /home/airflow/.local/lib/python3.12/site-packages/airflow/example_dags/example_params_ui_tutorial.py
[2025-04-10T09:16:16.823+0000] {processor.py:925} INFO - DAG(s) 'example_params_ui_tutorial' retrieved from /home/airflow/.local/lib/python3.12/site-packages/airflow/example_dags/example_params_ui_tutorial.py
[2025-04-10T09:16:16.868+0000] {logging_mixin.py:190} INFO - [2025-04-10T09:16:16.868+0000] {dag.py:3239} INFO - Sync 1 DAGs
[2025-04-10T09:16:16.884+0000] {logging_mixin.py:190} INFO - [2025-04-10T09:16:16.884+0000] {dag.py:4180} INFO - Setting next_dagrun for example_params_ui_tutorial to None, run_after=None
[2025-04-10T09:16:16.906+0000] {processor.py:208} INFO - Processing /home/airflow/.local/lib/python3.12/site-packages/airflow/example_dags/example_params_ui_tutorial.py took 0.105 seconds
[2025-04-10T09:16:47.501+0000] {processor.py:186} INFO - Started process (PID=551) to work on /home/airflow/.local/lib/python3.12/site-packages/airflow/example_dags/example_params_ui_tutorial.py
[2025-04-10T09:16:47.503+0000] {processor.py:914} INFO - Processing file /home/airflow/.local/lib/python3.12/site-packages/airflow/example_dags/example_params_ui_tutorial.py for tasks to queue
[2025-04-10T09:16:47.505+0000] {logging_mixin.py:190} INFO - [2025-04-10T09:16:47.505+0000] {dagbag.py:588} INFO - Filling up the DagBag from /home/airflow/.local/lib/python3.12/site-packages/airflow/example_dags/example_params_ui_tutorial.py
[2025-04-10T09:16:47.516+0000] {processor.py:925} INFO - DAG(s) 'example_params_ui_tutorial' retrieved from /home/airflow/.local/lib/python3.12/site-packages/airflow/example_dags/example_params_ui_tutorial.py
[2025-04-10T09:16:47.570+0000] {logging_mixin.py:190} INFO - [2025-04-10T09:16:47.570+0000] {dag.py:3239} INFO - Sync 1 DAGs
[2025-04-10T09:16:47.587+0000] {logging_mixin.py:190} INFO - [2025-04-10T09:16:47.587+0000] {dag.py:4180} INFO - Setting next_dagrun for example_params_ui_tutorial to None, run_after=None
[2025-04-10T09:16:47.608+0000] {processor.py:208} INFO - Processing /home/airflow/.local/lib/python3.12/site-packages/airflow/example_dags/example_params_ui_tutorial.py took 0.113 seconds
[2025-04-10T09:17:18.568+0000] {processor.py:186} INFO - Started process (PID=615) to work on /home/airflow/.local/lib/python3.12/site-packages/airflow/example_dags/example_params_ui_tutorial.py
[2025-04-10T09:17:18.569+0000] {processor.py:914} INFO - Processing file /home/airflow/.local/lib/python3.12/site-packages/airflow/example_dags/example_params_ui_tutorial.py for tasks to queue
[2025-04-10T09:17:18.572+0000] {logging_mixin.py:190} INFO - [2025-04-10T09:17:18.572+0000] {dagbag.py:588} INFO - Filling up the DagBag from /home/airflow/.local/lib/python3.12/site-packages/airflow/example_dags/example_params_ui_tutorial.py
[2025-04-10T09:17:18.582+0000] {processor.py:925} INFO - DAG(s) 'example_params_ui_tutorial' retrieved from /home/airflow/.local/lib/python3.12/site-packages/airflow/example_dags/example_params_ui_tutorial.py
[2025-04-10T09:17:18.630+0000] {logging_mixin.py:190} INFO - [2025-04-10T09:17:18.630+0000] {dag.py:3239} INFO - Sync 1 DAGs
[2025-04-10T09:17:18.645+0000] {logging_mixin.py:190} INFO - [2025-04-10T09:17:18.645+0000] {dag.py:4180} INFO - Setting next_dagrun for example_params_ui_tutorial to None, run_after=None
[2025-04-10T09:17:18.668+0000] {processor.py:208} INFO - Processing /home/airflow/.local/lib/python3.12/site-packages/airflow/example_dags/example_params_ui_tutorial.py took 0.106 seconds
[2025-04-10T09:17:49.524+0000] {processor.py:186} INFO - Started process (PID=678) to work on /home/airflow/.local/lib/python3.12/site-packages/airflow/example_dags/example_params_ui_tutorial.py
[2025-04-10T09:17:49.525+0000] {processor.py:914} INFO - Processing file /home/airflow/.local/lib/python3.12/site-packages/airflow/example_dags/example_params_ui_tutorial.py for tasks to queue
[2025-04-10T09:17:49.528+0000] {logging_mixin.py:190} INFO - [2025-04-10T09:17:49.528+0000] {dagbag.py:588} INFO - Filling up the DagBag from /home/airflow/.local/lib/python3.12/site-packages/airflow/example_dags/example_params_ui_tutorial.py
[2025-04-10T09:17:49.539+0000] {processor.py:925} INFO - DAG(s) 'example_params_ui_tutorial' retrieved from /home/airflow/.local/lib/python3.12/site-packages/airflow/example_dags/example_params_ui_tutorial.py
[2025-04-10T09:17:49.588+0000] {logging_mixin.py:190} INFO - [2025-04-10T09:17:49.587+0000] {dag.py:3239} INFO - Sync 1 DAGs
[2025-04-10T09:17:49.603+0000] {logging_mixin.py:190} INFO - [2025-04-10T09:17:49.603+0000] {dag.py:4180} INFO - Setting next_dagrun for example_params_ui_tutorial to None, run_after=None
[2025-04-10T09:17:49.622+0000] {processor.py:208} INFO - Processing /home/airflow/.local/lib/python3.12/site-packages/airflow/example_dags/example_params_ui_tutorial.py took 0.104 seconds
[2025-04-10T09:18:20.654+0000] {processor.py:186} INFO - Started process (PID=742) to work on /home/airflow/.local/lib/python3.12/site-packages/airflow/example_dags/example_params_ui_tutorial.py
[2025-04-10T09:18:20.655+0000] {processor.py:914} INFO - Processing file /home/airflow/.local/lib/python3.12/site-packages/airflow/example_dags/example_params_ui_tutorial.py for tasks to queue
[2025-04-10T09:18:20.658+0000] {logging_mixin.py:190} INFO - [2025-04-10T09:18:20.657+0000] {dagbag.py:588} INFO - Filling up the DagBag from /home/airflow/.local/lib/python3.12/site-packages/airflow/example_dags/example_params_ui_tutorial.py
[2025-04-10T09:18:20.670+0000] {processor.py:925} INFO - DAG(s) 'example_params_ui_tutorial' retrieved from /home/airflow/.local/lib/python3.12/site-packages/airflow/example_dags/example_params_ui_tutorial.py
[2025-04-10T09:18:20.720+0000] {logging_mixin.py:190} INFO - [2025-04-10T09:18:20.720+0000] {dag.py:3239} INFO - Sync 1 DAGs
[2025-04-10T09:18:20.737+0000] {logging_mixin.py:190} INFO - [2025-04-10T09:18:20.736+0000] {dag.py:4180} INFO - Setting next_dagrun for example_params_ui_tutorial to None, run_after=None
[2025-04-10T09:18:20.760+0000] {processor.py:208} INFO - Processing /home/airflow/.local/lib/python3.12/site-packages/airflow/example_dags/example_params_ui_tutorial.py took 0.113 seconds
[2025-04-10T09:18:51.269+0000] {processor.py:186} INFO - Started process (PID=803) to work on /home/airflow/.local/lib/python3.12/site-packages/airflow/example_dags/example_params_ui_tutorial.py
[2025-04-10T09:18:51.270+0000] {processor.py:914} INFO - Processing file /home/airflow/.local/lib/python3.12/site-packages/airflow/example_dags/example_params_ui_tutorial.py for tasks to queue
[2025-04-10T09:18:51.273+0000] {logging_mixin.py:190} INFO - [2025-04-10T09:18:51.273+0000] {dagbag.py:588} INFO - Filling up the DagBag from /home/airflow/.local/lib/python3.12/site-packages/airflow/example_dags/example_params_ui_tutorial.py
[2025-04-10T09:18:51.283+0000] {processor.py:925} INFO - DAG(s) 'example_params_ui_tutorial' retrieved from /home/airflow/.local/lib/python3.12/site-packages/airflow/example_dags/example_params_ui_tutorial.py
[2025-04-10T09:18:51.330+0000] {logging_mixin.py:190} INFO - [2025-04-10T09:18:51.329+0000] {dag.py:3239} INFO - Sync 1 DAGs
[2025-04-10T09:18:51.347+0000] {logging_mixin.py:190} INFO - [2025-04-10T09:18:51.346+0000] {dag.py:4180} INFO - Setting next_dagrun for example_params_ui_tutorial to None, run_after=None
[2025-04-10T09:18:51.367+0000] {processor.py:208} INFO - Processing /home/airflow/.local/lib/python3.12/site-packages/airflow/example_dags/example_params_ui_tutorial.py took 0.104 seconds
[2025-04-10T09:19:22.088+0000] {processor.py:186} INFO - Started process (PID=864) to work on /home/airflow/.local/lib/python3.12/site-packages/airflow/example_dags/example_params_ui_tutorial.py
[2025-04-10T09:19:22.089+0000] {processor.py:914} INFO - Processing file /home/airflow/.local/lib/python3.12/site-packages/airflow/example_dags/example_params_ui_tutorial.py for tasks to queue
[2025-04-10T09:19:22.092+0000] {logging_mixin.py:190} INFO - [2025-04-10T09:19:22.091+0000] {dagbag.py:588} INFO - Filling up the DagBag from /home/airflow/.local/lib/python3.12/site-packages/airflow/example_dags/example_params_ui_tutorial.py
[2025-04-10T09:19:22.103+0000] {processor.py:925} INFO - DAG(s) 'example_params_ui_tutorial' retrieved from /home/airflow/.local/lib/python3.12/site-packages/airflow/example_dags/example_params_ui_tutorial.py
[2025-04-10T09:19:22.152+0000] {logging_mixin.py:190} INFO - [2025-04-10T09:19:22.152+0000] {dag.py:3239} INFO - Sync 1 DAGs
[2025-04-10T09:19:22.168+0000] {logging_mixin.py:190} INFO - [2025-04-10T09:19:22.168+0000] {dag.py:4180} INFO - Setting next_dagrun for example_params_ui_tutorial to None, run_after=None
[2025-04-10T09:19:22.187+0000] {processor.py:208} INFO - Processing /home/airflow/.local/lib/python3.12/site-packages/airflow/example_dags/example_params_ui_tutorial.py took 0.107 seconds
[2025-04-10T09:19:52.629+0000] {processor.py:186} INFO - Started process (PID=927) to work on /home/airflow/.local/lib/python3.12/site-packages/airflow/example_dags/example_params_ui_tutorial.py
[2025-04-10T09:19:52.630+0000] {processor.py:914} INFO - Processing file /home/airflow/.local/lib/python3.12/site-packages/airflow/example_dags/example_params_ui_tutorial.py for tasks to queue
[2025-04-10T09:19:52.633+0000] {logging_mixin.py:190} INFO - [2025-04-10T09:19:52.633+0000] {dagbag.py:588} INFO - Filling up the DagBag from /home/airflow/.local/lib/python3.12/site-packages/airflow/example_dags/example_params_ui_tutorial.py
[2025-04-10T09:19:52.644+0000] {processor.py:925} INFO - DAG(s) 'example_params_ui_tutorial' retrieved from /home/airflow/.local/lib/python3.12/site-packages/airflow/example_dags/example_params_ui_tutorial.py
[2025-04-10T09:19:52.689+0000] {logging_mixin.py:190} INFO - [2025-04-10T09:19:52.689+0000] {dag.py:3239} INFO - Sync 1 DAGs
[2025-04-10T09:19:52.706+0000] {logging_mixin.py:190} INFO - [2025-04-10T09:19:52.705+0000] {dag.py:4180} INFO - Setting next_dagrun for example_params_ui_tutorial to None, run_after=None
[2025-04-10T09:19:52.724+0000] {processor.py:208} INFO - Processing /home/airflow/.local/lib/python3.12/site-packages/airflow/example_dags/example_params_ui_tutorial.py took 0.102 seconds
[2025-04-10T09:20:23.151+0000] {processor.py:186} INFO - Started process (PID=991) to work on /home/airflow/.local/lib/python3.12/site-packages/airflow/example_dags/example_params_ui_tutorial.py
[2025-04-10T09:20:23.152+0000] {processor.py:914} INFO - Processing file /home/airflow/.local/lib/python3.12/site-packages/airflow/example_dags/example_params_ui_tutorial.py for tasks to queue
[2025-04-10T09:20:23.154+0000] {logging_mixin.py:190} INFO - [2025-04-10T09:20:23.154+0000] {dagbag.py:588} INFO - Filling up the DagBag from /home/airflow/.local/lib/python3.12/site-packages/airflow/example_dags/example_params_ui_tutorial.py
[2025-04-10T09:20:23.165+0000] {processor.py:925} INFO - DAG(s) 'example_params_ui_tutorial' retrieved from /home/airflow/.local/lib/python3.12/site-packages/airflow/example_dags/example_params_ui_tutorial.py
[2025-04-10T09:20:23.209+0000] {logging_mixin.py:190} INFO - [2025-04-10T09:20:23.208+0000] {dag.py:3239} INFO - Sync 1 DAGs
[2025-04-10T09:20:23.224+0000] {logging_mixin.py:190} INFO - [2025-04-10T09:20:23.224+0000] {dag.py:4180} INFO - Setting next_dagrun for example_params_ui_tutorial to None, run_after=None
[2025-04-10T09:20:23.243+0000] {processor.py:208} INFO - Processing /home/airflow/.local/lib/python3.12/site-packages/airflow/example_dags/example_params_ui_tutorial.py took 0.099 seconds
[2025-04-10T09:20:53.653+0000] {processor.py:186} INFO - Started process (PID=1055) to work on /home/airflow/.local/lib/python3.12/site-packages/airflow/example_dags/example_params_ui_tutorial.py
[2025-04-10T09:20:53.654+0000] {processor.py:914} INFO - Processing file /home/airflow/.local/lib/python3.12/site-packages/airflow/example_dags/example_params_ui_tutorial.py for tasks to queue
[2025-04-10T09:20:53.657+0000] {logging_mixin.py:190} INFO - [2025-04-10T09:20:53.657+0000] {dagbag.py:588} INFO - Filling up the DagBag from /home/airflow/.local/lib/python3.12/site-packages/airflow/example_dags/example_params_ui_tutorial.py
[2025-04-10T09:20:53.668+0000] {processor.py:925} INFO - DAG(s) 'example_params_ui_tutorial' retrieved from /home/airflow/.local/lib/python3.12/site-packages/airflow/example_dags/example_params_ui_tutorial.py
[2025-04-10T09:20:53.712+0000] {logging_mixin.py:190} INFO - [2025-04-10T09:20:53.712+0000] {dag.py:3239} INFO - Sync 1 DAGs
[2025-04-10T09:20:53.727+0000] {logging_mixin.py:190} INFO - [2025-04-10T09:20:53.727+0000] {dag.py:4180} INFO - Setting next_dagrun for example_params_ui_tutorial to None, run_after=None
[2025-04-10T09:20:53.746+0000] {processor.py:208} INFO - Processing /home/airflow/.local/lib/python3.12/site-packages/airflow/example_dags/example_params_ui_tutorial.py took 0.099 seconds
[2025-04-10T09:21:24.436+0000] {processor.py:186} INFO - Started process (PID=1119) to work on /home/airflow/.local/lib/python3.12/site-packages/airflow/example_dags/example_params_ui_tutorial.py
[2025-04-10T09:21:24.437+0000] {processor.py:914} INFO - Processing file /home/airflow/.local/lib/python3.12/site-packages/airflow/example_dags/example_params_ui_tutorial.py for tasks to queue
[2025-04-10T09:21:24.440+0000] {logging_mixin.py:190} INFO - [2025-04-10T09:21:24.440+0000] {dagbag.py:588} INFO - Filling up the DagBag from /home/airflow/.local/lib/python3.12/site-packages/airflow/example_dags/example_params_ui_tutorial.py
[2025-04-10T09:21:24.450+0000] {processor.py:925} INFO - DAG(s) 'example_params_ui_tutorial' retrieved from /home/airflow/.local/lib/python3.12/site-packages/airflow/example_dags/example_params_ui_tutorial.py
[2025-04-10T09:21:24.495+0000] {logging_mixin.py:190} INFO - [2025-04-10T09:21:24.494+0000] {dag.py:3239} INFO - Sync 1 DAGs
[2025-04-10T09:21:24.509+0000] {logging_mixin.py:190} INFO - [2025-04-10T09:21:24.509+0000] {dag.py:4180} INFO - Setting next_dagrun for example_params_ui_tutorial to None, run_after=None
[2025-04-10T09:21:24.528+0000] {processor.py:208} INFO - Processing /home/airflow/.local/lib/python3.12/site-packages/airflow/example_dags/example_params_ui_tutorial.py took 0.098 seconds
[2025-04-10T09:21:55.115+0000] {processor.py:186} INFO - Started process (PID=1183) to work on /home/airflow/.local/lib/python3.12/site-packages/airflow/example_dags/example_params_ui_tutorial.py
[2025-04-10T09:21:55.116+0000] {processor.py:914} INFO - Processing file /home/airflow/.local/lib/python3.12/site-packages/airflow/example_dags/example_params_ui_tutorial.py for tasks to queue
[2025-04-10T09:21:55.119+0000] {logging_mixin.py:190} INFO - [2025-04-10T09:21:55.118+0000] {dagbag.py:588} INFO - Filling up the DagBag from /home/airflow/.local/lib/python3.12/site-packages/airflow/example_dags/example_params_ui_tutorial.py
[2025-04-10T09:21:55.131+0000] {processor.py:925} INFO - DAG(s) 'example_params_ui_tutorial' retrieved from /home/airflow/.local/lib/python3.12/site-packages/airflow/example_dags/example_params_ui_tutorial.py
[2025-04-10T09:21:55.176+0000] {logging_mixin.py:190} INFO - [2025-04-10T09:21:55.176+0000] {dag.py:3239} INFO - Sync 1 DAGs
[2025-04-10T09:21:55.192+0000] {logging_mixin.py:190} INFO - [2025-04-10T09:21:55.191+0000] {dag.py:4180} INFO - Setting next_dagrun for example_params_ui_tutorial to None, run_after=None
[2025-04-10T09:21:55.213+0000] {processor.py:208} INFO - Processing /home/airflow/.local/lib/python3.12/site-packages/airflow/example_dags/example_params_ui_tutorial.py took 0.105 seconds
[2025-04-10T09:22:25.610+0000] {processor.py:186} INFO - Started process (PID=1247) to work on /home/airflow/.local/lib/python3.12/site-packages/airflow/example_dags/example_params_ui_tutorial.py
[2025-04-10T09:22:25.611+0000] {processor.py:914} INFO - Processing file /home/airflow/.local/lib/python3.12/site-packages/airflow/example_dags/example_params_ui_tutorial.py for tasks to queue
[2025-04-10T09:22:25.613+0000] {logging_mixin.py:190} INFO - [2025-04-10T09:22:25.613+0000] {dagbag.py:588} INFO - Filling up the DagBag from /home/airflow/.local/lib/python3.12/site-packages/airflow/example_dags/example_params_ui_tutorial.py
[2025-04-10T09:22:25.623+0000] {processor.py:925} INFO - DAG(s) 'example_params_ui_tutorial' retrieved from /home/airflow/.local/lib/python3.12/site-packages/airflow/example_dags/example_params_ui_tutorial.py
[2025-04-10T09:22:25.667+0000] {logging_mixin.py:190} INFO - [2025-04-10T09:22:25.667+0000] {dag.py:3239} INFO - Sync 1 DAGs
[2025-04-10T09:22:25.685+0000] {logging_mixin.py:190} INFO - [2025-04-10T09:22:25.684+0000] {dag.py:4180} INFO - Setting next_dagrun for example_params_ui_tutorial to None, run_after=None
[2025-04-10T09:22:25.703+0000] {processor.py:208} INFO - Processing /home/airflow/.local/lib/python3.12/site-packages/airflow/example_dags/example_params_ui_tutorial.py took 0.100 seconds
[2025-04-10T09:22:56.012+0000] {processor.py:186} INFO - Started process (PID=1311) to work on /home/airflow/.local/lib/python3.12/site-packages/airflow/example_dags/example_params_ui_tutorial.py
[2025-04-10T09:22:56.014+0000] {processor.py:914} INFO - Processing file /home/airflow/.local/lib/python3.12/site-packages/airflow/example_dags/example_params_ui_tutorial.py for tasks to queue
[2025-04-10T09:22:56.019+0000] {logging_mixin.py:190} INFO - [2025-04-10T09:22:56.018+0000] {dagbag.py:588} INFO - Filling up the DagBag from /home/airflow/.local/lib/python3.12/site-packages/airflow/example_dags/example_params_ui_tutorial.py
[2025-04-10T09:22:56.034+0000] {processor.py:925} INFO - DAG(s) 'example_params_ui_tutorial' retrieved from /home/airflow/.local/lib/python3.12/site-packages/airflow/example_dags/example_params_ui_tutorial.py
[2025-04-10T09:22:56.090+0000] {logging_mixin.py:190} INFO - [2025-04-10T09:22:56.090+0000] {dag.py:3239} INFO - Sync 1 DAGs
[2025-04-10T09:22:56.113+0000] {logging_mixin.py:190} INFO - [2025-04-10T09:22:56.112+0000] {dag.py:4180} INFO - Setting next_dagrun for example_params_ui_tutorial to None, run_after=None
[2025-04-10T09:22:56.143+0000] {processor.py:208} INFO - Processing /home/airflow/.local/lib/python3.12/site-packages/airflow/example_dags/example_params_ui_tutorial.py took 0.139 seconds
[2025-04-10T09:23:26.391+0000] {processor.py:186} INFO - Started process (PID=1375) to work on /home/airflow/.local/lib/python3.12/site-packages/airflow/example_dags/example_params_ui_tutorial.py
[2025-04-10T09:23:26.392+0000] {processor.py:914} INFO - Processing file /home/airflow/.local/lib/python3.12/site-packages/airflow/example_dags/example_params_ui_tutorial.py for tasks to queue
[2025-04-10T09:23:26.394+0000] {logging_mixin.py:190} INFO - [2025-04-10T09:23:26.394+0000] {dagbag.py:588} INFO - Filling up the DagBag from /home/airflow/.local/lib/python3.12/site-packages/airflow/example_dags/example_params_ui_tutorial.py
[2025-04-10T09:23:26.405+0000] {processor.py:925} INFO - DAG(s) 'example_params_ui_tutorial' retrieved from /home/airflow/.local/lib/python3.12/site-packages/airflow/example_dags/example_params_ui_tutorial.py
[2025-04-10T09:23:26.451+0000] {logging_mixin.py:190} INFO - [2025-04-10T09:23:26.450+0000] {dag.py:3239} INFO - Sync 1 DAGs
[2025-04-10T09:23:26.467+0000] {logging_mixin.py:190} INFO - [2025-04-10T09:23:26.467+0000] {dag.py:4180} INFO - Setting next_dagrun for example_params_ui_tutorial to None, run_after=None
[2025-04-10T09:23:26.489+0000] {processor.py:208} INFO - Processing /home/airflow/.local/lib/python3.12/site-packages/airflow/example_dags/example_params_ui_tutorial.py took 0.106 seconds
[2025-04-10T09:23:56.682+0000] {processor.py:186} INFO - Started process (PID=1439) to work on /home/airflow/.local/lib/python3.12/site-packages/airflow/example_dags/example_params_ui_tutorial.py
[2025-04-10T09:23:56.683+0000] {processor.py:914} INFO - Processing file /home/airflow/.local/lib/python3.12/site-packages/airflow/example_dags/example_params_ui_tutorial.py for tasks to queue
[2025-04-10T09:23:56.686+0000] {logging_mixin.py:190} INFO - [2025-04-10T09:23:56.686+0000] {dagbag.py:588} INFO - Filling up the DagBag from /home/airflow/.local/lib/python3.12/site-packages/airflow/example_dags/example_params_ui_tutorial.py
[2025-04-10T09:23:56.698+0000] {processor.py:925} INFO - DAG(s) 'example_params_ui_tutorial' retrieved from /home/airflow/.local/lib/python3.12/site-packages/airflow/example_dags/example_params_ui_tutorial.py
[2025-04-10T09:23:56.749+0000] {logging_mixin.py:190} INFO - [2025-04-10T09:23:56.749+0000] {dag.py:3239} INFO - Sync 1 DAGs
[2025-04-10T09:23:56.765+0000] {logging_mixin.py:190} INFO - [2025-04-10T09:23:56.765+0000] {dag.py:4180} INFO - Setting next_dagrun for example_params_ui_tutorial to None, run_after=None
[2025-04-10T09:23:56.785+0000] {processor.py:208} INFO - Processing /home/airflow/.local/lib/python3.12/site-packages/airflow/example_dags/example_params_ui_tutorial.py took 0.109 seconds
[2025-04-10T09:24:26.943+0000] {processor.py:186} INFO - Started process (PID=1503) to work on /home/airflow/.local/lib/python3.12/site-packages/airflow/example_dags/example_params_ui_tutorial.py
[2025-04-10T09:24:26.944+0000] {processor.py:914} INFO - Processing file /home/airflow/.local/lib/python3.12/site-packages/airflow/example_dags/example_params_ui_tutorial.py for tasks to queue
[2025-04-10T09:24:26.947+0000] {logging_mixin.py:190} INFO - [2025-04-10T09:24:26.947+0000] {dagbag.py:588} INFO - Filling up the DagBag from /home/airflow/.local/lib/python3.12/site-packages/airflow/example_dags/example_params_ui_tutorial.py
[2025-04-10T09:24:26.958+0000] {processor.py:925} INFO - DAG(s) 'example_params_ui_tutorial' retrieved from /home/airflow/.local/lib/python3.12/site-packages/airflow/example_dags/example_params_ui_tutorial.py
[2025-04-10T09:24:27.003+0000] {logging_mixin.py:190} INFO - [2025-04-10T09:24:27.002+0000] {dag.py:3239} INFO - Sync 1 DAGs
[2025-04-10T09:24:27.019+0000] {logging_mixin.py:190} INFO - [2025-04-10T09:24:27.018+0000] {dag.py:4180} INFO - Setting next_dagrun for example_params_ui_tutorial to None, run_after=None
[2025-04-10T09:24:27.040+0000] {processor.py:208} INFO - Processing /home/airflow/.local/lib/python3.12/site-packages/airflow/example_dags/example_params_ui_tutorial.py took 0.103 seconds
[2025-04-10T09:24:57.699+0000] {processor.py:186} INFO - Started process (PID=1567) to work on /home/airflow/.local/lib/python3.12/site-packages/airflow/example_dags/example_params_ui_tutorial.py
[2025-04-10T09:24:57.700+0000] {processor.py:914} INFO - Processing file /home/airflow/.local/lib/python3.12/site-packages/airflow/example_dags/example_params_ui_tutorial.py for tasks to queue
[2025-04-10T09:24:57.703+0000] {logging_mixin.py:190} INFO - [2025-04-10T09:24:57.702+0000] {dagbag.py:588} INFO - Filling up the DagBag from /home/airflow/.local/lib/python3.12/site-packages/airflow/example_dags/example_params_ui_tutorial.py
[2025-04-10T09:24:57.715+0000] {processor.py:925} INFO - DAG(s) 'example_params_ui_tutorial' retrieved from /home/airflow/.local/lib/python3.12/site-packages/airflow/example_dags/example_params_ui_tutorial.py
[2025-04-10T09:24:57.786+0000] {logging_mixin.py:190} INFO - [2025-04-10T09:24:57.786+0000] {dag.py:3239} INFO - Sync 1 DAGs
[2025-04-10T09:24:57.808+0000] {logging_mixin.py:190} INFO - [2025-04-10T09:24:57.808+0000] {dag.py:4180} INFO - Setting next_dagrun for example_params_ui_tutorial to None, run_after=None
[2025-04-10T09:24:57.830+0000] {processor.py:208} INFO - Processing /home/airflow/.local/lib/python3.12/site-packages/airflow/example_dags/example_params_ui_tutorial.py took 0.138 seconds
[2025-04-10T09:25:28.235+0000] {processor.py:186} INFO - Started process (PID=1631) to work on /home/airflow/.local/lib/python3.12/site-packages/airflow/example_dags/example_params_ui_tutorial.py
[2025-04-10T09:25:28.236+0000] {processor.py:914} INFO - Processing file /home/airflow/.local/lib/python3.12/site-packages/airflow/example_dags/example_params_ui_tutorial.py for tasks to queue
[2025-04-10T09:25:28.239+0000] {logging_mixin.py:190} INFO - [2025-04-10T09:25:28.239+0000] {dagbag.py:588} INFO - Filling up the DagBag from /home/airflow/.local/lib/python3.12/site-packages/airflow/example_dags/example_params_ui_tutorial.py
[2025-04-10T09:25:28.249+0000] {processor.py:925} INFO - DAG(s) 'example_params_ui_tutorial' retrieved from /home/airflow/.local/lib/python3.12/site-packages/airflow/example_dags/example_params_ui_tutorial.py
[2025-04-10T09:25:28.299+0000] {logging_mixin.py:190} INFO - [2025-04-10T09:25:28.299+0000] {dag.py:3239} INFO - Sync 1 DAGs
[2025-04-10T09:25:28.315+0000] {logging_mixin.py:190} INFO - [2025-04-10T09:25:28.315+0000] {dag.py:4180} INFO - Setting next_dagrun for example_params_ui_tutorial to None, run_after=None
[2025-04-10T09:25:28.335+0000] {processor.py:208} INFO - Processing /home/airflow/.local/lib/python3.12/site-packages/airflow/example_dags/example_params_ui_tutorial.py took 0.107 seconds
[2025-04-10T09:25:59.206+0000] {processor.py:186} INFO - Started process (PID=1695) to work on /home/airflow/.local/lib/python3.12/site-packages/airflow/example_dags/example_params_ui_tutorial.py
[2025-04-10T09:25:59.207+0000] {processor.py:914} INFO - Processing file /home/airflow/.local/lib/python3.12/site-packages/airflow/example_dags/example_params_ui_tutorial.py for tasks to queue
[2025-04-10T09:25:59.211+0000] {logging_mixin.py:190} INFO - [2025-04-10T09:25:59.210+0000] {dagbag.py:588} INFO - Filling up the DagBag from /home/airflow/.local/lib/python3.12/site-packages/airflow/example_dags/example_params_ui_tutorial.py
[2025-04-10T09:25:59.222+0000] {processor.py:925} INFO - DAG(s) 'example_params_ui_tutorial' retrieved from /home/airflow/.local/lib/python3.12/site-packages/airflow/example_dags/example_params_ui_tutorial.py
[2025-04-10T09:25:59.267+0000] {logging_mixin.py:190} INFO - [2025-04-10T09:25:59.267+0000] {dag.py:3239} INFO - Sync 1 DAGs
[2025-04-10T09:25:59.283+0000] {logging_mixin.py:190} INFO - [2025-04-10T09:25:59.283+0000] {dag.py:4180} INFO - Setting next_dagrun for example_params_ui_tutorial to None, run_after=None
[2025-04-10T09:25:59.308+0000] {processor.py:208} INFO - Processing /home/airflow/.local/lib/python3.12/site-packages/airflow/example_dags/example_params_ui_tutorial.py took 0.108 seconds
[2025-04-10T09:26:29.523+0000] {processor.py:186} INFO - Started process (PID=1759) to work on /home/airflow/.local/lib/python3.12/site-packages/airflow/example_dags/example_params_ui_tutorial.py
[2025-04-10T09:26:29.525+0000] {processor.py:914} INFO - Processing file /home/airflow/.local/lib/python3.12/site-packages/airflow/example_dags/example_params_ui_tutorial.py for tasks to queue
[2025-04-10T09:26:29.528+0000] {logging_mixin.py:190} INFO - [2025-04-10T09:26:29.527+0000] {dagbag.py:588} INFO - Filling up the DagBag from /home/airflow/.local/lib/python3.12/site-packages/airflow/example_dags/example_params_ui_tutorial.py
[2025-04-10T09:26:29.541+0000] {processor.py:925} INFO - DAG(s) 'example_params_ui_tutorial' retrieved from /home/airflow/.local/lib/python3.12/site-packages/airflow/example_dags/example_params_ui_tutorial.py
[2025-04-10T09:26:29.592+0000] {logging_mixin.py:190} INFO - [2025-04-10T09:26:29.592+0000] {dag.py:3239} INFO - Sync 1 DAGs
[2025-04-10T09:26:29.609+0000] {logging_mixin.py:190} INFO - [2025-04-10T09:26:29.609+0000] {dag.py:4180} INFO - Setting next_dagrun for example_params_ui_tutorial to None, run_after=None
[2025-04-10T09:26:29.642+0000] {processor.py:208} INFO - Processing /home/airflow/.local/lib/python3.12/site-packages/airflow/example_dags/example_params_ui_tutorial.py took 0.127 seconds
[2025-04-10T09:27:00.162+0000] {processor.py:186} INFO - Started process (PID=1823) to work on /home/airflow/.local/lib/python3.12/site-packages/airflow/example_dags/example_params_ui_tutorial.py
[2025-04-10T09:27:00.163+0000] {processor.py:914} INFO - Processing file /home/airflow/.local/lib/python3.12/site-packages/airflow/example_dags/example_params_ui_tutorial.py for tasks to queue
[2025-04-10T09:27:00.166+0000] {logging_mixin.py:190} INFO - [2025-04-10T09:27:00.166+0000] {dagbag.py:588} INFO - Filling up the DagBag from /home/airflow/.local/lib/python3.12/site-packages/airflow/example_dags/example_params_ui_tutorial.py
[2025-04-10T09:27:00.177+0000] {processor.py:925} INFO - DAG(s) 'example_params_ui_tutorial' retrieved from /home/airflow/.local/lib/python3.12/site-packages/airflow/example_dags/example_params_ui_tutorial.py
[2025-04-10T09:27:00.221+0000] {logging_mixin.py:190} INFO - [2025-04-10T09:27:00.221+0000] {dag.py:3239} INFO - Sync 1 DAGs
[2025-04-10T09:27:00.236+0000] {logging_mixin.py:190} INFO - [2025-04-10T09:27:00.236+0000] {dag.py:4180} INFO - Setting next_dagrun for example_params_ui_tutorial to None, run_after=None
[2025-04-10T09:27:00.254+0000] {processor.py:208} INFO - Processing /home/airflow/.local/lib/python3.12/site-packages/airflow/example_dags/example_params_ui_tutorial.py took 0.100 seconds
[2025-04-10T09:27:30.475+0000] {processor.py:186} INFO - Started process (PID=1887) to work on /home/airflow/.local/lib/python3.12/site-packages/airflow/example_dags/example_params_ui_tutorial.py
[2025-04-10T09:27:30.476+0000] {processor.py:914} INFO - Processing file /home/airflow/.local/lib/python3.12/site-packages/airflow/example_dags/example_params_ui_tutorial.py for tasks to queue
[2025-04-10T09:27:30.479+0000] {logging_mixin.py:190} INFO - [2025-04-10T09:27:30.478+0000] {dagbag.py:588} INFO - Filling up the DagBag from /home/airflow/.local/lib/python3.12/site-packages/airflow/example_dags/example_params_ui_tutorial.py
[2025-04-10T09:27:30.490+0000] {processor.py:925} INFO - DAG(s) 'example_params_ui_tutorial' retrieved from /home/airflow/.local/lib/python3.12/site-packages/airflow/example_dags/example_params_ui_tutorial.py
[2025-04-10T09:27:30.536+0000] {logging_mixin.py:190} INFO - [2025-04-10T09:27:30.536+0000] {dag.py:3239} INFO - Sync 1 DAGs
[2025-04-10T09:27:30.552+0000] {logging_mixin.py:190} INFO - [2025-04-10T09:27:30.552+0000] {dag.py:4180} INFO - Setting next_dagrun for example_params_ui_tutorial to None, run_after=None
[2025-04-10T09:27:30.571+0000] {processor.py:208} INFO - Processing /home/airflow/.local/lib/python3.12/site-packages/airflow/example_dags/example_params_ui_tutorial.py took 0.104 seconds
[2025-04-10T09:28:01.114+0000] {processor.py:186} INFO - Started process (PID=1951) to work on /home/airflow/.local/lib/python3.12/site-packages/airflow/example_dags/example_params_ui_tutorial.py
[2025-04-10T09:28:01.115+0000] {processor.py:914} INFO - Processing file /home/airflow/.local/lib/python3.12/site-packages/airflow/example_dags/example_params_ui_tutorial.py for tasks to queue
[2025-04-10T09:28:01.118+0000] {logging_mixin.py:190} INFO - [2025-04-10T09:28:01.118+0000] {dagbag.py:588} INFO - Filling up the DagBag from /home/airflow/.local/lib/python3.12/site-packages/airflow/example_dags/example_params_ui_tutorial.py
[2025-04-10T09:28:01.129+0000] {processor.py:925} INFO - DAG(s) 'example_params_ui_tutorial' retrieved from /home/airflow/.local/lib/python3.12/site-packages/airflow/example_dags/example_params_ui_tutorial.py
[2025-04-10T09:28:01.174+0000] {logging_mixin.py:190} INFO - [2025-04-10T09:28:01.174+0000] {dag.py:3239} INFO - Sync 1 DAGs
[2025-04-10T09:28:01.189+0000] {logging_mixin.py:190} INFO - [2025-04-10T09:28:01.189+0000] {dag.py:4180} INFO - Setting next_dagrun for example_params_ui_tutorial to None, run_after=None
[2025-04-10T09:28:01.212+0000] {processor.py:208} INFO - Processing /home/airflow/.local/lib/python3.12/site-packages/airflow/example_dags/example_params_ui_tutorial.py took 0.105 seconds
[2025-04-10T09:28:31.590+0000] {processor.py:186} INFO - Started process (PID=2015) to work on /home/airflow/.local/lib/python3.12/site-packages/airflow/example_dags/example_params_ui_tutorial.py
[2025-04-10T09:28:31.591+0000] {processor.py:914} INFO - Processing file /home/airflow/.local/lib/python3.12/site-packages/airflow/example_dags/example_params_ui_tutorial.py for tasks to queue
[2025-04-10T09:28:31.594+0000] {logging_mixin.py:190} INFO - [2025-04-10T09:28:31.593+0000] {dagbag.py:588} INFO - Filling up the DagBag from /home/airflow/.local/lib/python3.12/site-packages/airflow/example_dags/example_params_ui_tutorial.py
[2025-04-10T09:28:31.605+0000] {processor.py:925} INFO - DAG(s) 'example_params_ui_tutorial' retrieved from /home/airflow/.local/lib/python3.12/site-packages/airflow/example_dags/example_params_ui_tutorial.py
[2025-04-10T09:28:31.654+0000] {logging_mixin.py:190} INFO - [2025-04-10T09:28:31.654+0000] {dag.py:3239} INFO - Sync 1 DAGs
[2025-04-10T09:28:31.672+0000] {logging_mixin.py:190} INFO - [2025-04-10T09:28:31.671+0000] {dag.py:4180} INFO - Setting next_dagrun for example_params_ui_tutorial to None, run_after=None
[2025-04-10T09:28:31.696+0000] {processor.py:208} INFO - Processing /home/airflow/.local/lib/python3.12/site-packages/airflow/example_dags/example_params_ui_tutorial.py took 0.114 seconds
[2025-04-10T09:29:02.195+0000] {processor.py:186} INFO - Started process (PID=2079) to work on /home/airflow/.local/lib/python3.12/site-packages/airflow/example_dags/example_params_ui_tutorial.py
[2025-04-10T09:29:02.196+0000] {processor.py:914} INFO - Processing file /home/airflow/.local/lib/python3.12/site-packages/airflow/example_dags/example_params_ui_tutorial.py for tasks to queue
[2025-04-10T09:29:02.201+0000] {logging_mixin.py:190} INFO - [2025-04-10T09:29:02.201+0000] {dagbag.py:588} INFO - Filling up the DagBag from /home/airflow/.local/lib/python3.12/site-packages/airflow/example_dags/example_params_ui_tutorial.py
[2025-04-10T09:29:02.221+0000] {processor.py:925} INFO - DAG(s) 'example_params_ui_tutorial' retrieved from /home/airflow/.local/lib/python3.12/site-packages/airflow/example_dags/example_params_ui_tutorial.py
[2025-04-10T09:29:02.285+0000] {logging_mixin.py:190} INFO - [2025-04-10T09:29:02.285+0000] {dag.py:3239} INFO - Sync 1 DAGs
[2025-04-10T09:29:02.305+0000] {logging_mixin.py:190} INFO - [2025-04-10T09:29:02.305+0000] {dag.py:4180} INFO - Setting next_dagrun for example_params_ui_tutorial to None, run_after=None
[2025-04-10T09:29:02.329+0000] {processor.py:208} INFO - Processing /home/airflow/.local/lib/python3.12/site-packages/airflow/example_dags/example_params_ui_tutorial.py took 0.145 seconds
[2025-04-10T09:29:32.545+0000] {processor.py:186} INFO - Started process (PID=2143) to work on /home/airflow/.local/lib/python3.12/site-packages/airflow/example_dags/example_params_ui_tutorial.py
[2025-04-10T09:29:32.546+0000] {processor.py:914} INFO - Processing file /home/airflow/.local/lib/python3.12/site-packages/airflow/example_dags/example_params_ui_tutorial.py for tasks to queue
[2025-04-10T09:29:32.549+0000] {logging_mixin.py:190} INFO - [2025-04-10T09:29:32.549+0000] {dagbag.py:588} INFO - Filling up the DagBag from /home/airflow/.local/lib/python3.12/site-packages/airflow/example_dags/example_params_ui_tutorial.py
[2025-04-10T09:29:32.560+0000] {processor.py:925} INFO - DAG(s) 'example_params_ui_tutorial' retrieved from /home/airflow/.local/lib/python3.12/site-packages/airflow/example_dags/example_params_ui_tutorial.py
[2025-04-10T09:29:32.604+0000] {logging_mixin.py:190} INFO - [2025-04-10T09:29:32.604+0000] {dag.py:3239} INFO - Sync 1 DAGs
[2025-04-10T09:29:32.620+0000] {logging_mixin.py:190} INFO - [2025-04-10T09:29:32.619+0000] {dag.py:4180} INFO - Setting next_dagrun for example_params_ui_tutorial to None, run_after=None
[2025-04-10T09:29:32.638+0000] {processor.py:208} INFO - Processing /home/airflow/.local/lib/python3.12/site-packages/airflow/example_dags/example_params_ui_tutorial.py took 0.101 seconds
[2025-04-10T09:30:02.718+0000] {processor.py:186} INFO - Started process (PID=2207) to work on /home/airflow/.local/lib/python3.12/site-packages/airflow/example_dags/example_params_ui_tutorial.py
[2025-04-10T09:30:02.719+0000] {processor.py:914} INFO - Processing file /home/airflow/.local/lib/python3.12/site-packages/airflow/example_dags/example_params_ui_tutorial.py for tasks to queue
[2025-04-10T09:30:02.723+0000] {logging_mixin.py:190} INFO - [2025-04-10T09:30:02.723+0000] {dagbag.py:588} INFO - Filling up the DagBag from /home/airflow/.local/lib/python3.12/site-packages/airflow/example_dags/example_params_ui_tutorial.py
[2025-04-10T09:30:02.735+0000] {processor.py:925} INFO - DAG(s) 'example_params_ui_tutorial' retrieved from /home/airflow/.local/lib/python3.12/site-packages/airflow/example_dags/example_params_ui_tutorial.py
[2025-04-10T09:30:02.783+0000] {logging_mixin.py:190} INFO - [2025-04-10T09:30:02.783+0000] {dag.py:3239} INFO - Sync 1 DAGs
[2025-04-10T09:30:02.799+0000] {logging_mixin.py:190} INFO - [2025-04-10T09:30:02.799+0000] {dag.py:4180} INFO - Setting next_dagrun for example_params_ui_tutorial to None, run_after=None
[2025-04-10T09:30:02.820+0000] {processor.py:208} INFO - Processing /home/airflow/.local/lib/python3.12/site-packages/airflow/example_dags/example_params_ui_tutorial.py took 0.109 seconds
[2025-04-10T09:30:33.121+0000] {processor.py:186} INFO - Started process (PID=2271) to work on /home/airflow/.local/lib/python3.12/site-packages/airflow/example_dags/example_params_ui_tutorial.py
[2025-04-10T09:30:33.122+0000] {processor.py:914} INFO - Processing file /home/airflow/.local/lib/python3.12/site-packages/airflow/example_dags/example_params_ui_tutorial.py for tasks to queue
[2025-04-10T09:30:33.125+0000] {logging_mixin.py:190} INFO - [2025-04-10T09:30:33.125+0000] {dagbag.py:588} INFO - Filling up the DagBag from /home/airflow/.local/lib/python3.12/site-packages/airflow/example_dags/example_params_ui_tutorial.py
[2025-04-10T09:30:33.136+0000] {processor.py:925} INFO - DAG(s) 'example_params_ui_tutorial' retrieved from /home/airflow/.local/lib/python3.12/site-packages/airflow/example_dags/example_params_ui_tutorial.py
[2025-04-10T09:30:33.185+0000] {logging_mixin.py:190} INFO - [2025-04-10T09:30:33.185+0000] {dag.py:3239} INFO - Sync 1 DAGs
[2025-04-10T09:30:33.200+0000] {logging_mixin.py:190} INFO - [2025-04-10T09:30:33.200+0000] {dag.py:4180} INFO - Setting next_dagrun for example_params_ui_tutorial to None, run_after=None
[2025-04-10T09:30:33.225+0000] {processor.py:208} INFO - Processing /home/airflow/.local/lib/python3.12/site-packages/airflow/example_dags/example_params_ui_tutorial.py took 0.111 seconds
[2025-04-10T09:31:03.482+0000] {processor.py:186} INFO - Started process (PID=2335) to work on /home/airflow/.local/lib/python3.12/site-packages/airflow/example_dags/example_params_ui_tutorial.py
[2025-04-10T09:31:03.483+0000] {processor.py:914} INFO - Processing file /home/airflow/.local/lib/python3.12/site-packages/airflow/example_dags/example_params_ui_tutorial.py for tasks to queue
[2025-04-10T09:31:03.485+0000] {logging_mixin.py:190} INFO - [2025-04-10T09:31:03.485+0000] {dagbag.py:588} INFO - Filling up the DagBag from /home/airflow/.local/lib/python3.12/site-packages/airflow/example_dags/example_params_ui_tutorial.py
[2025-04-10T09:31:03.496+0000] {processor.py:925} INFO - DAG(s) 'example_params_ui_tutorial' retrieved from /home/airflow/.local/lib/python3.12/site-packages/airflow/example_dags/example_params_ui_tutorial.py
[2025-04-10T09:31:03.543+0000] {logging_mixin.py:190} INFO - [2025-04-10T09:31:03.543+0000] {dag.py:3239} INFO - Sync 1 DAGs
[2025-04-10T09:31:03.561+0000] {logging_mixin.py:190} INFO - [2025-04-10T09:31:03.561+0000] {dag.py:4180} INFO - Setting next_dagrun for example_params_ui_tutorial to None, run_after=None
[2025-04-10T09:31:03.592+0000] {processor.py:208} INFO - Processing /home/airflow/.local/lib/python3.12/site-packages/airflow/example_dags/example_params_ui_tutorial.py took 0.117 seconds
[2025-04-10T09:31:33.658+0000] {processor.py:186} INFO - Started process (PID=2399) to work on /home/airflow/.local/lib/python3.12/site-packages/airflow/example_dags/example_params_ui_tutorial.py
[2025-04-10T09:31:33.660+0000] {processor.py:914} INFO - Processing file /home/airflow/.local/lib/python3.12/site-packages/airflow/example_dags/example_params_ui_tutorial.py for tasks to queue
[2025-04-10T09:31:33.663+0000] {logging_mixin.py:190} INFO - [2025-04-10T09:31:33.663+0000] {dagbag.py:588} INFO - Filling up the DagBag from /home/airflow/.local/lib/python3.12/site-packages/airflow/example_dags/example_params_ui_tutorial.py
[2025-04-10T09:31:33.676+0000] {processor.py:925} INFO - DAG(s) 'example_params_ui_tutorial' retrieved from /home/airflow/.local/lib/python3.12/site-packages/airflow/example_dags/example_params_ui_tutorial.py
[2025-04-10T09:31:33.723+0000] {logging_mixin.py:190} INFO - [2025-04-10T09:31:33.723+0000] {dag.py:3239} INFO - Sync 1 DAGs
[2025-04-10T09:31:33.739+0000] {logging_mixin.py:190} INFO - [2025-04-10T09:31:33.739+0000] {dag.py:4180} INFO - Setting next_dagrun for example_params_ui_tutorial to None, run_after=None
[2025-04-10T09:31:33.767+0000] {processor.py:208} INFO - Processing /home/airflow/.local/lib/python3.12/site-packages/airflow/example_dags/example_params_ui_tutorial.py took 0.117 seconds
[2025-04-10T09:32:04.000+0000] {processor.py:186} INFO - Started process (PID=2463) to work on /home/airflow/.local/lib/python3.12/site-packages/airflow/example_dags/example_params_ui_tutorial.py
[2025-04-10T09:32:04.002+0000] {processor.py:914} INFO - Processing file /home/airflow/.local/lib/python3.12/site-packages/airflow/example_dags/example_params_ui_tutorial.py for tasks to queue
[2025-04-10T09:32:04.005+0000] {logging_mixin.py:190} INFO - [2025-04-10T09:32:04.004+0000] {dagbag.py:588} INFO - Filling up the DagBag from /home/airflow/.local/lib/python3.12/site-packages/airflow/example_dags/example_params_ui_tutorial.py
[2025-04-10T09:32:04.015+0000] {processor.py:925} INFO - DAG(s) 'example_params_ui_tutorial' retrieved from /home/airflow/.local/lib/python3.12/site-packages/airflow/example_dags/example_params_ui_tutorial.py
[2025-04-10T09:32:04.061+0000] {logging_mixin.py:190} INFO - [2025-04-10T09:32:04.061+0000] {dag.py:3239} INFO - Sync 1 DAGs
[2025-04-10T09:32:04.076+0000] {logging_mixin.py:190} INFO - [2025-04-10T09:32:04.076+0000] {dag.py:4180} INFO - Setting next_dagrun for example_params_ui_tutorial to None, run_after=None
[2025-04-10T09:32:04.095+0000] {processor.py:208} INFO - Processing /home/airflow/.local/lib/python3.12/site-packages/airflow/example_dags/example_params_ui_tutorial.py took 0.102 seconds
[2025-04-10T09:32:34.542+0000] {processor.py:186} INFO - Started process (PID=2527) to work on /home/airflow/.local/lib/python3.12/site-packages/airflow/example_dags/example_params_ui_tutorial.py
[2025-04-10T09:32:34.543+0000] {processor.py:914} INFO - Processing file /home/airflow/.local/lib/python3.12/site-packages/airflow/example_dags/example_params_ui_tutorial.py for tasks to queue
[2025-04-10T09:32:34.546+0000] {logging_mixin.py:190} INFO - [2025-04-10T09:32:34.546+0000] {dagbag.py:588} INFO - Filling up the DagBag from /home/airflow/.local/lib/python3.12/site-packages/airflow/example_dags/example_params_ui_tutorial.py
[2025-04-10T09:32:34.557+0000] {processor.py:925} INFO - DAG(s) 'example_params_ui_tutorial' retrieved from /home/airflow/.local/lib/python3.12/site-packages/airflow/example_dags/example_params_ui_tutorial.py
[2025-04-10T09:32:34.605+0000] {logging_mixin.py:190} INFO - [2025-04-10T09:32:34.605+0000] {dag.py:3239} INFO - Sync 1 DAGs
[2025-04-10T09:32:34.621+0000] {logging_mixin.py:190} INFO - [2025-04-10T09:32:34.621+0000] {dag.py:4180} INFO - Setting next_dagrun for example_params_ui_tutorial to None, run_after=None
[2025-04-10T09:32:34.642+0000] {processor.py:208} INFO - Processing /home/airflow/.local/lib/python3.12/site-packages/airflow/example_dags/example_params_ui_tutorial.py took 0.107 seconds
[2025-04-10T09:33:04.827+0000] {processor.py:186} INFO - Started process (PID=2591) to work on /home/airflow/.local/lib/python3.12/site-packages/airflow/example_dags/example_params_ui_tutorial.py
[2025-04-10T09:33:04.828+0000] {processor.py:914} INFO - Processing file /home/airflow/.local/lib/python3.12/site-packages/airflow/example_dags/example_params_ui_tutorial.py for tasks to queue
[2025-04-10T09:33:04.831+0000] {logging_mixin.py:190} INFO - [2025-04-10T09:33:04.831+0000] {dagbag.py:588} INFO - Filling up the DagBag from /home/airflow/.local/lib/python3.12/site-packages/airflow/example_dags/example_params_ui_tutorial.py
[2025-04-10T09:33:04.842+0000] {processor.py:925} INFO - DAG(s) 'example_params_ui_tutorial' retrieved from /home/airflow/.local/lib/python3.12/site-packages/airflow/example_dags/example_params_ui_tutorial.py
[2025-04-10T09:33:04.888+0000] {logging_mixin.py:190} INFO - [2025-04-10T09:33:04.887+0000] {dag.py:3239} INFO - Sync 1 DAGs
[2025-04-10T09:33:04.903+0000] {logging_mixin.py:190} INFO - [2025-04-10T09:33:04.903+0000] {dag.py:4180} INFO - Setting next_dagrun for example_params_ui_tutorial to None, run_after=None
[2025-04-10T09:33:04.927+0000] {processor.py:208} INFO - Processing /home/airflow/.local/lib/python3.12/site-packages/airflow/example_dags/example_params_ui_tutorial.py took 0.107 seconds
[2025-04-10T09:33:35.369+0000] {processor.py:186} INFO - Started process (PID=2655) to work on /home/airflow/.local/lib/python3.12/site-packages/airflow/example_dags/example_params_ui_tutorial.py
[2025-04-10T09:33:35.370+0000] {processor.py:914} INFO - Processing file /home/airflow/.local/lib/python3.12/site-packages/airflow/example_dags/example_params_ui_tutorial.py for tasks to queue
[2025-04-10T09:33:35.374+0000] {logging_mixin.py:190} INFO - [2025-04-10T09:33:35.373+0000] {dagbag.py:588} INFO - Filling up the DagBag from /home/airflow/.local/lib/python3.12/site-packages/airflow/example_dags/example_params_ui_tutorial.py
[2025-04-10T09:33:35.385+0000] {processor.py:925} INFO - DAG(s) 'example_params_ui_tutorial' retrieved from /home/airflow/.local/lib/python3.12/site-packages/airflow/example_dags/example_params_ui_tutorial.py
[2025-04-10T09:33:35.433+0000] {logging_mixin.py:190} INFO - [2025-04-10T09:33:35.433+0000] {dag.py:3239} INFO - Sync 1 DAGs
[2025-04-10T09:33:35.450+0000] {logging_mixin.py:190} INFO - [2025-04-10T09:33:35.450+0000] {dag.py:4180} INFO - Setting next_dagrun for example_params_ui_tutorial to None, run_after=None
[2025-04-10T09:33:35.473+0000] {processor.py:208} INFO - Processing /home/airflow/.local/lib/python3.12/site-packages/airflow/example_dags/example_params_ui_tutorial.py took 0.111 seconds
[2025-04-10T09:34:05.807+0000] {processor.py:186} INFO - Started process (PID=2719) to work on /home/airflow/.local/lib/python3.12/site-packages/airflow/example_dags/example_params_ui_tutorial.py
[2025-04-10T09:34:05.808+0000] {processor.py:914} INFO - Processing file /home/airflow/.local/lib/python3.12/site-packages/airflow/example_dags/example_params_ui_tutorial.py for tasks to queue
[2025-04-10T09:34:05.812+0000] {logging_mixin.py:190} INFO - [2025-04-10T09:34:05.811+0000] {dagbag.py:588} INFO - Filling up the DagBag from /home/airflow/.local/lib/python3.12/site-packages/airflow/example_dags/example_params_ui_tutorial.py
[2025-04-10T09:34:05.823+0000] {processor.py:925} INFO - DAG(s) 'example_params_ui_tutorial' retrieved from /home/airflow/.local/lib/python3.12/site-packages/airflow/example_dags/example_params_ui_tutorial.py
[2025-04-10T09:34:05.869+0000] {logging_mixin.py:190} INFO - [2025-04-10T09:34:05.868+0000] {dag.py:3239} INFO - Sync 1 DAGs
[2025-04-10T09:34:05.887+0000] {logging_mixin.py:190} INFO - [2025-04-10T09:34:05.886+0000] {dag.py:4180} INFO - Setting next_dagrun for example_params_ui_tutorial to None, run_after=None
[2025-04-10T09:34:05.907+0000] {processor.py:208} INFO - Processing /home/airflow/.local/lib/python3.12/site-packages/airflow/example_dags/example_params_ui_tutorial.py took 0.107 seconds
[2025-04-10T09:34:36.132+0000] {processor.py:186} INFO - Started process (PID=2783) to work on /home/airflow/.local/lib/python3.12/site-packages/airflow/example_dags/example_params_ui_tutorial.py
[2025-04-10T09:34:36.133+0000] {processor.py:914} INFO - Processing file /home/airflow/.local/lib/python3.12/site-packages/airflow/example_dags/example_params_ui_tutorial.py for tasks to queue
[2025-04-10T09:34:36.136+0000] {logging_mixin.py:190} INFO - [2025-04-10T09:34:36.135+0000] {dagbag.py:588} INFO - Filling up the DagBag from /home/airflow/.local/lib/python3.12/site-packages/airflow/example_dags/example_params_ui_tutorial.py
[2025-04-10T09:34:36.147+0000] {processor.py:925} INFO - DAG(s) 'example_params_ui_tutorial' retrieved from /home/airflow/.local/lib/python3.12/site-packages/airflow/example_dags/example_params_ui_tutorial.py
[2025-04-10T09:34:36.192+0000] {logging_mixin.py:190} INFO - [2025-04-10T09:34:36.192+0000] {dag.py:3239} INFO - Sync 1 DAGs
[2025-04-10T09:34:36.209+0000] {logging_mixin.py:190} INFO - [2025-04-10T09:34:36.208+0000] {dag.py:4180} INFO - Setting next_dagrun for example_params_ui_tutorial to None, run_after=None
[2025-04-10T09:34:36.439+0000] {processor.py:208} INFO - Processing /home/airflow/.local/lib/python3.12/site-packages/airflow/example_dags/example_params_ui_tutorial.py took 0.315 seconds
[2025-04-10T09:35:07.003+0000] {processor.py:186} INFO - Started process (PID=2847) to work on /home/airflow/.local/lib/python3.12/site-packages/airflow/example_dags/example_params_ui_tutorial.py
[2025-04-10T09:35:07.004+0000] {processor.py:914} INFO - Processing file /home/airflow/.local/lib/python3.12/site-packages/airflow/example_dags/example_params_ui_tutorial.py for tasks to queue
[2025-04-10T09:35:07.010+0000] {logging_mixin.py:190} INFO - [2025-04-10T09:35:07.010+0000] {dagbag.py:588} INFO - Filling up the DagBag from /home/airflow/.local/lib/python3.12/site-packages/airflow/example_dags/example_params_ui_tutorial.py
[2025-04-10T09:35:07.025+0000] {processor.py:925} INFO - DAG(s) 'example_params_ui_tutorial' retrieved from /home/airflow/.local/lib/python3.12/site-packages/airflow/example_dags/example_params_ui_tutorial.py
[2025-04-10T09:35:07.092+0000] {logging_mixin.py:190} INFO - [2025-04-10T09:35:07.092+0000] {dag.py:3239} INFO - Sync 1 DAGs
[2025-04-10T09:35:07.113+0000] {logging_mixin.py:190} INFO - [2025-04-10T09:35:07.113+0000] {dag.py:4180} INFO - Setting next_dagrun for example_params_ui_tutorial to None, run_after=None
[2025-04-10T09:35:07.154+0000] {processor.py:208} INFO - Processing /home/airflow/.local/lib/python3.12/site-packages/airflow/example_dags/example_params_ui_tutorial.py took 0.164 seconds
[2025-04-10T09:35:37.717+0000] {processor.py:186} INFO - Started process (PID=2910) to work on /home/airflow/.local/lib/python3.12/site-packages/airflow/example_dags/example_params_ui_tutorial.py
[2025-04-10T09:35:37.718+0000] {processor.py:914} INFO - Processing file /home/airflow/.local/lib/python3.12/site-packages/airflow/example_dags/example_params_ui_tutorial.py for tasks to queue
[2025-04-10T09:35:37.721+0000] {logging_mixin.py:190} INFO - [2025-04-10T09:35:37.721+0000] {dagbag.py:588} INFO - Filling up the DagBag from /home/airflow/.local/lib/python3.12/site-packages/airflow/example_dags/example_params_ui_tutorial.py
[2025-04-10T09:35:37.732+0000] {processor.py:925} INFO - DAG(s) 'example_params_ui_tutorial' retrieved from /home/airflow/.local/lib/python3.12/site-packages/airflow/example_dags/example_params_ui_tutorial.py
[2025-04-10T09:35:37.778+0000] {logging_mixin.py:190} INFO - [2025-04-10T09:35:37.778+0000] {dag.py:3239} INFO - Sync 1 DAGs
[2025-04-10T09:35:37.793+0000] {logging_mixin.py:190} INFO - [2025-04-10T09:35:37.793+0000] {dag.py:4180} INFO - Setting next_dagrun for example_params_ui_tutorial to None, run_after=None
[2025-04-10T09:35:37.816+0000] {processor.py:208} INFO - Processing /home/airflow/.local/lib/python3.12/site-packages/airflow/example_dags/example_params_ui_tutorial.py took 0.106 seconds
[2025-04-10T09:36:08.524+0000] {processor.py:186} INFO - Started process (PID=2974) to work on /home/airflow/.local/lib/python3.12/site-packages/airflow/example_dags/example_params_ui_tutorial.py
[2025-04-10T09:36:08.525+0000] {processor.py:914} INFO - Processing file /home/airflow/.local/lib/python3.12/site-packages/airflow/example_dags/example_params_ui_tutorial.py for tasks to queue
[2025-04-10T09:36:08.529+0000] {logging_mixin.py:190} INFO - [2025-04-10T09:36:08.528+0000] {dagbag.py:588} INFO - Filling up the DagBag from /home/airflow/.local/lib/python3.12/site-packages/airflow/example_dags/example_params_ui_tutorial.py
[2025-04-10T09:36:08.541+0000] {processor.py:925} INFO - DAG(s) 'example_params_ui_tutorial' retrieved from /home/airflow/.local/lib/python3.12/site-packages/airflow/example_dags/example_params_ui_tutorial.py
[2025-04-10T09:36:08.586+0000] {logging_mixin.py:190} INFO - [2025-04-10T09:36:08.586+0000] {dag.py:3239} INFO - Sync 1 DAGs
[2025-04-10T09:36:08.602+0000] {logging_mixin.py:190} INFO - [2025-04-10T09:36:08.602+0000] {dag.py:4180} INFO - Setting next_dagrun for example_params_ui_tutorial to None, run_after=None
[2025-04-10T09:36:08.623+0000] {processor.py:208} INFO - Processing /home/airflow/.local/lib/python3.12/site-packages/airflow/example_dags/example_params_ui_tutorial.py took 0.107 seconds
[2025-04-10T09:36:38.848+0000] {processor.py:186} INFO - Started process (PID=3037) to work on /home/airflow/.local/lib/python3.12/site-packages/airflow/example_dags/example_params_ui_tutorial.py
[2025-04-10T09:36:38.850+0000] {processor.py:914} INFO - Processing file /home/airflow/.local/lib/python3.12/site-packages/airflow/example_dags/example_params_ui_tutorial.py for tasks to queue
[2025-04-10T09:36:38.853+0000] {logging_mixin.py:190} INFO - [2025-04-10T09:36:38.853+0000] {dagbag.py:588} INFO - Filling up the DagBag from /home/airflow/.local/lib/python3.12/site-packages/airflow/example_dags/example_params_ui_tutorial.py
[2025-04-10T09:36:38.864+0000] {processor.py:925} INFO - DAG(s) 'example_params_ui_tutorial' retrieved from /home/airflow/.local/lib/python3.12/site-packages/airflow/example_dags/example_params_ui_tutorial.py
[2025-04-10T09:36:38.918+0000] {logging_mixin.py:190} INFO - [2025-04-10T09:36:38.918+0000] {dag.py:3239} INFO - Sync 1 DAGs
[2025-04-10T09:36:38.938+0000] {logging_mixin.py:190} INFO - [2025-04-10T09:36:38.937+0000] {dag.py:4180} INFO - Setting next_dagrun for example_params_ui_tutorial to None, run_after=None
[2025-04-10T09:36:38.970+0000] {processor.py:208} INFO - Processing /home/airflow/.local/lib/python3.12/site-packages/airflow/example_dags/example_params_ui_tutorial.py took 0.129 seconds
[2025-04-10T09:37:09.983+0000] {processor.py:186} INFO - Started process (PID=3101) to work on /home/airflow/.local/lib/python3.12/site-packages/airflow/example_dags/example_params_ui_tutorial.py
[2025-04-10T09:37:09.985+0000] {processor.py:914} INFO - Processing file /home/airflow/.local/lib/python3.12/site-packages/airflow/example_dags/example_params_ui_tutorial.py for tasks to queue
[2025-04-10T09:37:09.987+0000] {logging_mixin.py:190} INFO - [2025-04-10T09:37:09.987+0000] {dagbag.py:588} INFO - Filling up the DagBag from /home/airflow/.local/lib/python3.12/site-packages/airflow/example_dags/example_params_ui_tutorial.py
[2025-04-10T09:37:09.998+0000] {processor.py:925} INFO - DAG(s) 'example_params_ui_tutorial' retrieved from /home/airflow/.local/lib/python3.12/site-packages/airflow/example_dags/example_params_ui_tutorial.py
[2025-04-10T09:37:10.046+0000] {logging_mixin.py:190} INFO - [2025-04-10T09:37:10.045+0000] {dag.py:3239} INFO - Sync 1 DAGs
[2025-04-10T09:37:10.062+0000] {logging_mixin.py:190} INFO - [2025-04-10T09:37:10.062+0000] {dag.py:4180} INFO - Setting next_dagrun for example_params_ui_tutorial to None, run_after=None
[2025-04-10T09:37:10.083+0000] {processor.py:208} INFO - Processing /home/airflow/.local/lib/python3.12/site-packages/airflow/example_dags/example_params_ui_tutorial.py took 0.107 seconds
