[2025-04-10T09:12:44.307+0000] {processor.py:186} INFO - Started process (PID=111) to work on /home/airflow/.local/lib/python3.12/site-packages/airflow/example_dags/example_dataset_alias.py
[2025-04-10T09:12:44.308+0000] {processor.py:914} INFO - Processing file /home/airflow/.local/lib/python3.12/site-packages/airflow/example_dags/example_dataset_alias.py for tasks to queue
[2025-04-10T09:12:44.311+0000] {logging_mixin.py:190} INFO - [2025-04-10T09:12:44.311+0000] {dagbag.py:588} INFO - Filling up the DagBag from /home/airflow/.local/lib/python3.12/site-packages/airflow/example_dags/example_dataset_alias.py
[2025-04-10T09:12:45.129+0000] {processor.py:925} INFO - DAG(s) 'dataset_s3_bucket_consumer', 'dataset_alias_example_alias_consumer', 'dataset_alias_example_alias_producer', 'dataset_s3_bucket_producer' retrieved from /home/airflow/.local/lib/python3.12/site-packages/airflow/example_dags/example_dataset_alias.py
[2025-04-10T09:12:45.169+0000] {logging_mixin.py:190} INFO - [2025-04-10T09:12:45.169+0000] {dag.py:3239} INFO - Sync 4 DAGs
[2025-04-10T09:12:45.197+0000] {logging_mixin.py:190} INFO - [2025-04-10T09:12:45.197+0000] {dag.py:4180} INFO - Setting next_dagrun for dataset_alias_example_alias_consumer to None, run_after=None
[2025-04-10T09:12:45.201+0000] {logging_mixin.py:190} INFO - [2025-04-10T09:12:45.201+0000] {dag.py:4180} INFO - Setting next_dagrun for dataset_alias_example_alias_producer to None, run_after=None
[2025-04-10T09:12:45.205+0000] {logging_mixin.py:190} INFO - [2025-04-10T09:12:45.205+0000] {dag.py:4180} INFO - Setting next_dagrun for dataset_s3_bucket_consumer to None, run_after=None
[2025-04-10T09:12:45.207+0000] {logging_mixin.py:190} INFO - [2025-04-10T09:12:45.207+0000] {dag.py:4180} INFO - Setting next_dagrun for dataset_s3_bucket_producer to None, run_after=None
[2025-04-10T09:12:45.248+0000] {processor.py:208} INFO - Processing /home/airflow/.local/lib/python3.12/site-packages/airflow/example_dags/example_dataset_alias.py took 0.947 seconds
[2025-04-10T09:13:15.350+0000] {processor.py:186} INFO - Started process (PID=176) to work on /home/airflow/.local/lib/python3.12/site-packages/airflow/example_dags/example_dataset_alias.py
[2025-04-10T09:13:15.351+0000] {processor.py:914} INFO - Processing file /home/airflow/.local/lib/python3.12/site-packages/airflow/example_dags/example_dataset_alias.py for tasks to queue
[2025-04-10T09:13:15.354+0000] {logging_mixin.py:190} INFO - [2025-04-10T09:13:15.353+0000] {dagbag.py:588} INFO - Filling up the DagBag from /home/airflow/.local/lib/python3.12/site-packages/airflow/example_dags/example_dataset_alias.py
[2025-04-10T09:13:16.095+0000] {processor.py:925} INFO - DAG(s) 'dataset_s3_bucket_consumer', 'dataset_s3_bucket_producer', 'dataset_alias_example_alias_consumer', 'dataset_alias_example_alias_producer' retrieved from /home/airflow/.local/lib/python3.12/site-packages/airflow/example_dags/example_dataset_alias.py
[2025-04-10T09:13:16.137+0000] {logging_mixin.py:190} INFO - [2025-04-10T09:13:16.137+0000] {dag.py:3239} INFO - Sync 4 DAGs
[2025-04-10T09:13:16.168+0000] {logging_mixin.py:190} INFO - [2025-04-10T09:13:16.168+0000] {dag.py:4180} INFO - Setting next_dagrun for dataset_alias_example_alias_consumer to None, run_after=None
[2025-04-10T09:13:16.172+0000] {logging_mixin.py:190} INFO - [2025-04-10T09:13:16.171+0000] {dag.py:4180} INFO - Setting next_dagrun for dataset_alias_example_alias_producer to None, run_after=None
[2025-04-10T09:13:16.173+0000] {logging_mixin.py:190} INFO - [2025-04-10T09:13:16.173+0000] {dag.py:4180} INFO - Setting next_dagrun for dataset_s3_bucket_consumer to None, run_after=None
[2025-04-10T09:13:16.175+0000] {logging_mixin.py:190} INFO - [2025-04-10T09:13:16.175+0000] {dag.py:4180} INFO - Setting next_dagrun for dataset_s3_bucket_producer to None, run_after=None
[2025-04-10T09:13:16.199+0000] {processor.py:208} INFO - Processing /home/airflow/.local/lib/python3.12/site-packages/airflow/example_dags/example_dataset_alias.py took 0.857 seconds
[2025-04-10T09:13:46.708+0000] {processor.py:186} INFO - Started process (PID=242) to work on /home/airflow/.local/lib/python3.12/site-packages/airflow/example_dags/example_dataset_alias.py
[2025-04-10T09:13:46.711+0000] {processor.py:914} INFO - Processing file /home/airflow/.local/lib/python3.12/site-packages/airflow/example_dags/example_dataset_alias.py for tasks to queue
[2025-04-10T09:13:46.715+0000] {logging_mixin.py:190} INFO - [2025-04-10T09:13:46.715+0000] {dagbag.py:588} INFO - Filling up the DagBag from /home/airflow/.local/lib/python3.12/site-packages/airflow/example_dags/example_dataset_alias.py
[2025-04-10T09:13:47.344+0000] {processor.py:925} INFO - DAG(s) 'dataset_s3_bucket_producer', 'dataset_s3_bucket_consumer', 'dataset_alias_example_alias_producer', 'dataset_alias_example_alias_consumer' retrieved from /home/airflow/.local/lib/python3.12/site-packages/airflow/example_dags/example_dataset_alias.py
[2025-04-10T09:13:47.365+0000] {logging_mixin.py:190} INFO - [2025-04-10T09:13:47.364+0000] {dag.py:3239} INFO - Sync 4 DAGs
[2025-04-10T09:13:47.388+0000] {logging_mixin.py:190} INFO - [2025-04-10T09:13:47.387+0000] {dag.py:4180} INFO - Setting next_dagrun for dataset_alias_example_alias_consumer to None, run_after=None
[2025-04-10T09:13:47.391+0000] {logging_mixin.py:190} INFO - [2025-04-10T09:13:47.391+0000] {dag.py:4180} INFO - Setting next_dagrun for dataset_alias_example_alias_producer to None, run_after=None
[2025-04-10T09:13:47.394+0000] {logging_mixin.py:190} INFO - [2025-04-10T09:13:47.394+0000] {dag.py:4180} INFO - Setting next_dagrun for dataset_s3_bucket_consumer to None, run_after=None
[2025-04-10T09:13:47.396+0000] {logging_mixin.py:190} INFO - [2025-04-10T09:13:47.396+0000] {dag.py:4180} INFO - Setting next_dagrun for dataset_s3_bucket_producer to None, run_after=None
[2025-04-10T09:13:47.418+0000] {processor.py:208} INFO - Processing /home/airflow/.local/lib/python3.12/site-packages/airflow/example_dags/example_dataset_alias.py took 0.719 seconds
[2025-04-10T09:14:17.593+0000] {processor.py:186} INFO - Started process (PID=310) to work on /home/airflow/.local/lib/python3.12/site-packages/airflow/example_dags/example_dataset_alias.py
[2025-04-10T09:14:17.595+0000] {processor.py:914} INFO - Processing file /home/airflow/.local/lib/python3.12/site-packages/airflow/example_dags/example_dataset_alias.py for tasks to queue
[2025-04-10T09:14:17.597+0000] {logging_mixin.py:190} INFO - [2025-04-10T09:14:17.597+0000] {dagbag.py:588} INFO - Filling up the DagBag from /home/airflow/.local/lib/python3.12/site-packages/airflow/example_dags/example_dataset_alias.py
[2025-04-10T09:14:18.176+0000] {processor.py:925} INFO - DAG(s) 'dataset_s3_bucket_producer', 'dataset_alias_example_alias_producer', 'dataset_s3_bucket_consumer', 'dataset_alias_example_alias_consumer' retrieved from /home/airflow/.local/lib/python3.12/site-packages/airflow/example_dags/example_dataset_alias.py
[2025-04-10T09:14:18.196+0000] {logging_mixin.py:190} INFO - [2025-04-10T09:14:18.196+0000] {dag.py:3239} INFO - Sync 4 DAGs
[2025-04-10T09:14:18.217+0000] {logging_mixin.py:190} INFO - [2025-04-10T09:14:18.217+0000] {dag.py:4180} INFO - Setting next_dagrun for dataset_alias_example_alias_consumer to None, run_after=None
[2025-04-10T09:14:18.220+0000] {logging_mixin.py:190} INFO - [2025-04-10T09:14:18.220+0000] {dag.py:4180} INFO - Setting next_dagrun for dataset_alias_example_alias_producer to None, run_after=None
[2025-04-10T09:14:18.222+0000] {logging_mixin.py:190} INFO - [2025-04-10T09:14:18.221+0000] {dag.py:4180} INFO - Setting next_dagrun for dataset_s3_bucket_consumer to None, run_after=None
[2025-04-10T09:14:18.223+0000] {logging_mixin.py:190} INFO - [2025-04-10T09:14:18.223+0000] {dag.py:4180} INFO - Setting next_dagrun for dataset_s3_bucket_producer to None, run_after=None
[2025-04-10T09:14:18.243+0000] {processor.py:208} INFO - Processing /home/airflow/.local/lib/python3.12/site-packages/airflow/example_dags/example_dataset_alias.py took 0.657 seconds
[2025-04-10T09:14:49.130+0000] {processor.py:186} INFO - Started process (PID=374) to work on /home/airflow/.local/lib/python3.12/site-packages/airflow/example_dags/example_dataset_alias.py
[2025-04-10T09:14:49.131+0000] {processor.py:914} INFO - Processing file /home/airflow/.local/lib/python3.12/site-packages/airflow/example_dags/example_dataset_alias.py for tasks to queue
[2025-04-10T09:14:49.134+0000] {logging_mixin.py:190} INFO - [2025-04-10T09:14:49.134+0000] {dagbag.py:588} INFO - Filling up the DagBag from /home/airflow/.local/lib/python3.12/site-packages/airflow/example_dags/example_dataset_alias.py
[2025-04-10T09:14:49.752+0000] {processor.py:925} INFO - DAG(s) 'dataset_s3_bucket_producer', 'dataset_alias_example_alias_consumer', 'dataset_s3_bucket_consumer', 'dataset_alias_example_alias_producer' retrieved from /home/airflow/.local/lib/python3.12/site-packages/airflow/example_dags/example_dataset_alias.py
[2025-04-10T09:14:49.772+0000] {logging_mixin.py:190} INFO - [2025-04-10T09:14:49.771+0000] {dag.py:3239} INFO - Sync 4 DAGs
[2025-04-10T09:14:49.794+0000] {logging_mixin.py:190} INFO - [2025-04-10T09:14:49.793+0000] {dag.py:4180} INFO - Setting next_dagrun for dataset_alias_example_alias_consumer to None, run_after=None
[2025-04-10T09:14:49.797+0000] {logging_mixin.py:190} INFO - [2025-04-10T09:14:49.797+0000] {dag.py:4180} INFO - Setting next_dagrun for dataset_alias_example_alias_producer to None, run_after=None
[2025-04-10T09:14:49.799+0000] {logging_mixin.py:190} INFO - [2025-04-10T09:14:49.798+0000] {dag.py:4180} INFO - Setting next_dagrun for dataset_s3_bucket_consumer to None, run_after=None
[2025-04-10T09:14:49.800+0000] {logging_mixin.py:190} INFO - [2025-04-10T09:14:49.800+0000] {dag.py:4180} INFO - Setting next_dagrun for dataset_s3_bucket_producer to None, run_after=None
[2025-04-10T09:14:49.820+0000] {processor.py:208} INFO - Processing /home/airflow/.local/lib/python3.12/site-packages/airflow/example_dags/example_dataset_alias.py took 0.697 seconds
[2025-04-10T09:15:48.966+0000] {processor.py:186} INFO - Started process (PID=461) to work on /home/airflow/.local/lib/python3.12/site-packages/airflow/example_dags/example_dataset_alias.py
[2025-04-10T09:15:48.967+0000] {processor.py:914} INFO - Processing file /home/airflow/.local/lib/python3.12/site-packages/airflow/example_dags/example_dataset_alias.py for tasks to queue
[2025-04-10T09:15:48.971+0000] {logging_mixin.py:190} INFO - [2025-04-10T09:15:48.970+0000] {dagbag.py:588} INFO - Filling up the DagBag from /home/airflow/.local/lib/python3.12/site-packages/airflow/example_dags/example_dataset_alias.py
[2025-04-10T09:15:49.782+0000] {processor.py:925} INFO - DAG(s) 'dataset_alias_example_alias_consumer', 'dataset_alias_example_alias_producer', 'dataset_s3_bucket_consumer', 'dataset_s3_bucket_producer' retrieved from /home/airflow/.local/lib/python3.12/site-packages/airflow/example_dags/example_dataset_alias.py
[2025-04-10T09:15:49.812+0000] {logging_mixin.py:190} INFO - [2025-04-10T09:15:49.811+0000] {dag.py:3239} INFO - Sync 4 DAGs
[2025-04-10T09:15:49.841+0000] {logging_mixin.py:190} INFO - [2025-04-10T09:15:49.841+0000] {dag.py:4180} INFO - Setting next_dagrun for dataset_alias_example_alias_consumer to None, run_after=None
[2025-04-10T09:15:49.845+0000] {logging_mixin.py:190} INFO - [2025-04-10T09:15:49.845+0000] {dag.py:4180} INFO - Setting next_dagrun for dataset_alias_example_alias_producer to None, run_after=None
[2025-04-10T09:15:49.849+0000] {logging_mixin.py:190} INFO - [2025-04-10T09:15:49.849+0000] {dag.py:4180} INFO - Setting next_dagrun for dataset_s3_bucket_consumer to None, run_after=None
[2025-04-10T09:15:49.852+0000] {logging_mixin.py:190} INFO - [2025-04-10T09:15:49.852+0000] {dag.py:4180} INFO - Setting next_dagrun for dataset_s3_bucket_producer to None, run_after=None
[2025-04-10T09:15:49.877+0000] {processor.py:208} INFO - Processing /home/airflow/.local/lib/python3.12/site-packages/airflow/example_dags/example_dataset_alias.py took 0.917 seconds
[2025-04-10T09:16:19.966+0000] {processor.py:186} INFO - Started process (PID=526) to work on /home/airflow/.local/lib/python3.12/site-packages/airflow/example_dags/example_dataset_alias.py
[2025-04-10T09:16:19.967+0000] {processor.py:914} INFO - Processing file /home/airflow/.local/lib/python3.12/site-packages/airflow/example_dags/example_dataset_alias.py for tasks to queue
[2025-04-10T09:16:19.971+0000] {logging_mixin.py:190} INFO - [2025-04-10T09:16:19.970+0000] {dagbag.py:588} INFO - Filling up the DagBag from /home/airflow/.local/lib/python3.12/site-packages/airflow/example_dags/example_dataset_alias.py
[2025-04-10T09:16:20.594+0000] {processor.py:925} INFO - DAG(s) 'dataset_alias_example_alias_producer', 'dataset_s3_bucket_producer', 'dataset_s3_bucket_consumer', 'dataset_alias_example_alias_consumer' retrieved from /home/airflow/.local/lib/python3.12/site-packages/airflow/example_dags/example_dataset_alias.py
[2025-04-10T09:16:20.623+0000] {logging_mixin.py:190} INFO - [2025-04-10T09:16:20.622+0000] {dag.py:3239} INFO - Sync 4 DAGs
[2025-04-10T09:16:20.650+0000] {logging_mixin.py:190} INFO - [2025-04-10T09:16:20.650+0000] {dag.py:4180} INFO - Setting next_dagrun for dataset_alias_example_alias_consumer to None, run_after=None
[2025-04-10T09:16:20.654+0000] {logging_mixin.py:190} INFO - [2025-04-10T09:16:20.653+0000] {dag.py:4180} INFO - Setting next_dagrun for dataset_alias_example_alias_producer to None, run_after=None
[2025-04-10T09:16:20.656+0000] {logging_mixin.py:190} INFO - [2025-04-10T09:16:20.655+0000] {dag.py:4180} INFO - Setting next_dagrun for dataset_s3_bucket_consumer to None, run_after=None
[2025-04-10T09:16:20.661+0000] {logging_mixin.py:190} INFO - [2025-04-10T09:16:20.660+0000] {dag.py:4180} INFO - Setting next_dagrun for dataset_s3_bucket_producer to None, run_after=None
[2025-04-10T09:16:20.683+0000] {processor.py:208} INFO - Processing /home/airflow/.local/lib/python3.12/site-packages/airflow/example_dags/example_dataset_alias.py took 0.723 seconds
[2025-04-10T09:16:51.175+0000] {processor.py:186} INFO - Started process (PID=591) to work on /home/airflow/.local/lib/python3.12/site-packages/airflow/example_dags/example_dataset_alias.py
[2025-04-10T09:16:51.176+0000] {processor.py:914} INFO - Processing file /home/airflow/.local/lib/python3.12/site-packages/airflow/example_dags/example_dataset_alias.py for tasks to queue
[2025-04-10T09:16:51.180+0000] {logging_mixin.py:190} INFO - [2025-04-10T09:16:51.179+0000] {dagbag.py:588} INFO - Filling up the DagBag from /home/airflow/.local/lib/python3.12/site-packages/airflow/example_dags/example_dataset_alias.py
[2025-04-10T09:16:51.816+0000] {processor.py:925} INFO - DAG(s) 'dataset_alias_example_alias_producer', 'dataset_alias_example_alias_consumer', 'dataset_s3_bucket_consumer', 'dataset_s3_bucket_producer' retrieved from /home/airflow/.local/lib/python3.12/site-packages/airflow/example_dags/example_dataset_alias.py
[2025-04-10T09:16:51.841+0000] {logging_mixin.py:190} INFO - [2025-04-10T09:16:51.841+0000] {dag.py:3239} INFO - Sync 4 DAGs
[2025-04-10T09:16:51.865+0000] {logging_mixin.py:190} INFO - [2025-04-10T09:16:51.865+0000] {dag.py:4180} INFO - Setting next_dagrun for dataset_alias_example_alias_consumer to None, run_after=None
[2025-04-10T09:16:51.869+0000] {logging_mixin.py:190} INFO - [2025-04-10T09:16:51.868+0000] {dag.py:4180} INFO - Setting next_dagrun for dataset_alias_example_alias_producer to None, run_after=None
[2025-04-10T09:16:51.871+0000] {logging_mixin.py:190} INFO - [2025-04-10T09:16:51.870+0000] {dag.py:4180} INFO - Setting next_dagrun for dataset_s3_bucket_consumer to None, run_after=None
[2025-04-10T09:16:51.873+0000] {logging_mixin.py:190} INFO - [2025-04-10T09:16:51.873+0000] {dag.py:4180} INFO - Setting next_dagrun for dataset_s3_bucket_producer to None, run_after=None
[2025-04-10T09:16:51.895+0000] {processor.py:208} INFO - Processing /home/airflow/.local/lib/python3.12/site-packages/airflow/example_dags/example_dataset_alias.py took 0.727 seconds
[2025-04-10T09:17:22.181+0000] {processor.py:186} INFO - Started process (PID=655) to work on /home/airflow/.local/lib/python3.12/site-packages/airflow/example_dags/example_dataset_alias.py
[2025-04-10T09:17:22.182+0000] {processor.py:914} INFO - Processing file /home/airflow/.local/lib/python3.12/site-packages/airflow/example_dags/example_dataset_alias.py for tasks to queue
[2025-04-10T09:17:22.186+0000] {logging_mixin.py:190} INFO - [2025-04-10T09:17:22.185+0000] {dagbag.py:588} INFO - Filling up the DagBag from /home/airflow/.local/lib/python3.12/site-packages/airflow/example_dags/example_dataset_alias.py
[2025-04-10T09:17:22.807+0000] {processor.py:925} INFO - DAG(s) 'dataset_alias_example_alias_consumer', 'dataset_s3_bucket_consumer', 'dataset_s3_bucket_producer', 'dataset_alias_example_alias_producer' retrieved from /home/airflow/.local/lib/python3.12/site-packages/airflow/example_dags/example_dataset_alias.py
[2025-04-10T09:17:22.831+0000] {logging_mixin.py:190} INFO - [2025-04-10T09:17:22.830+0000] {dag.py:3239} INFO - Sync 4 DAGs
[2025-04-10T09:17:22.857+0000] {logging_mixin.py:190} INFO - [2025-04-10T09:17:22.857+0000] {dag.py:4180} INFO - Setting next_dagrun for dataset_alias_example_alias_consumer to None, run_after=None
[2025-04-10T09:17:22.860+0000] {logging_mixin.py:190} INFO - [2025-04-10T09:17:22.860+0000] {dag.py:4180} INFO - Setting next_dagrun for dataset_alias_example_alias_producer to None, run_after=None
[2025-04-10T09:17:22.863+0000] {logging_mixin.py:190} INFO - [2025-04-10T09:17:22.862+0000] {dag.py:4180} INFO - Setting next_dagrun for dataset_s3_bucket_consumer to None, run_after=None
[2025-04-10T09:17:22.864+0000] {logging_mixin.py:190} INFO - [2025-04-10T09:17:22.864+0000] {dag.py:4180} INFO - Setting next_dagrun for dataset_s3_bucket_producer to None, run_after=None
[2025-04-10T09:17:22.889+0000] {processor.py:208} INFO - Processing /home/airflow/.local/lib/python3.12/site-packages/airflow/example_dags/example_dataset_alias.py took 0.714 seconds
[2025-04-10T09:17:53.275+0000] {processor.py:186} INFO - Started process (PID=719) to work on /home/airflow/.local/lib/python3.12/site-packages/airflow/example_dags/example_dataset_alias.py
[2025-04-10T09:17:53.276+0000] {processor.py:914} INFO - Processing file /home/airflow/.local/lib/python3.12/site-packages/airflow/example_dags/example_dataset_alias.py for tasks to queue
[2025-04-10T09:17:53.279+0000] {logging_mixin.py:190} INFO - [2025-04-10T09:17:53.279+0000] {dagbag.py:588} INFO - Filling up the DagBag from /home/airflow/.local/lib/python3.12/site-packages/airflow/example_dags/example_dataset_alias.py
[2025-04-10T09:17:53.888+0000] {processor.py:925} INFO - DAG(s) 'dataset_s3_bucket_consumer', 'dataset_s3_bucket_producer', 'dataset_alias_example_alias_consumer', 'dataset_alias_example_alias_producer' retrieved from /home/airflow/.local/lib/python3.12/site-packages/airflow/example_dags/example_dataset_alias.py
[2025-04-10T09:17:53.909+0000] {logging_mixin.py:190} INFO - [2025-04-10T09:17:53.909+0000] {dag.py:3239} INFO - Sync 4 DAGs
[2025-04-10T09:17:53.936+0000] {logging_mixin.py:190} INFO - [2025-04-10T09:17:53.936+0000] {dag.py:4180} INFO - Setting next_dagrun for dataset_alias_example_alias_consumer to None, run_after=None
[2025-04-10T09:17:53.940+0000] {logging_mixin.py:190} INFO - [2025-04-10T09:17:53.940+0000] {dag.py:4180} INFO - Setting next_dagrun for dataset_alias_example_alias_producer to None, run_after=None
[2025-04-10T09:17:53.943+0000] {logging_mixin.py:190} INFO - [2025-04-10T09:17:53.943+0000] {dag.py:4180} INFO - Setting next_dagrun for dataset_s3_bucket_consumer to None, run_after=None
[2025-04-10T09:17:53.946+0000] {logging_mixin.py:190} INFO - [2025-04-10T09:17:53.946+0000] {dag.py:4180} INFO - Setting next_dagrun for dataset_s3_bucket_producer to None, run_after=None
[2025-04-10T09:17:53.971+0000] {processor.py:208} INFO - Processing /home/airflow/.local/lib/python3.12/site-packages/airflow/example_dags/example_dataset_alias.py took 0.702 seconds
[2025-04-10T09:18:24.174+0000] {processor.py:186} INFO - Started process (PID=783) to work on /home/airflow/.local/lib/python3.12/site-packages/airflow/example_dags/example_dataset_alias.py
[2025-04-10T09:18:24.175+0000] {processor.py:914} INFO - Processing file /home/airflow/.local/lib/python3.12/site-packages/airflow/example_dags/example_dataset_alias.py for tasks to queue
[2025-04-10T09:18:24.178+0000] {logging_mixin.py:190} INFO - [2025-04-10T09:18:24.178+0000] {dagbag.py:588} INFO - Filling up the DagBag from /home/airflow/.local/lib/python3.12/site-packages/airflow/example_dags/example_dataset_alias.py
[2025-04-10T09:18:24.875+0000] {processor.py:925} INFO - DAG(s) 'dataset_alias_example_alias_consumer', 'dataset_alias_example_alias_producer', 'dataset_s3_bucket_producer', 'dataset_s3_bucket_consumer' retrieved from /home/airflow/.local/lib/python3.12/site-packages/airflow/example_dags/example_dataset_alias.py
[2025-04-10T09:18:24.899+0000] {logging_mixin.py:190} INFO - [2025-04-10T09:18:24.898+0000] {dag.py:3239} INFO - Sync 4 DAGs
[2025-04-10T09:18:24.922+0000] {logging_mixin.py:190} INFO - [2025-04-10T09:18:24.922+0000] {dag.py:4180} INFO - Setting next_dagrun for dataset_alias_example_alias_consumer to None, run_after=None
[2025-04-10T09:18:24.925+0000] {logging_mixin.py:190} INFO - [2025-04-10T09:18:24.925+0000] {dag.py:4180} INFO - Setting next_dagrun for dataset_alias_example_alias_producer to None, run_after=None
[2025-04-10T09:18:24.929+0000] {logging_mixin.py:190} INFO - [2025-04-10T09:18:24.929+0000] {dag.py:4180} INFO - Setting next_dagrun for dataset_s3_bucket_consumer to None, run_after=None
[2025-04-10T09:18:24.931+0000] {logging_mixin.py:190} INFO - [2025-04-10T09:18:24.931+0000] {dag.py:4180} INFO - Setting next_dagrun for dataset_s3_bucket_producer to None, run_after=None
[2025-04-10T09:18:24.956+0000] {processor.py:208} INFO - Processing /home/airflow/.local/lib/python3.12/site-packages/airflow/example_dags/example_dataset_alias.py took 0.789 seconds
[2025-04-10T09:18:55.037+0000] {processor.py:186} INFO - Started process (PID=847) to work on /home/airflow/.local/lib/python3.12/site-packages/airflow/example_dags/example_dataset_alias.py
[2025-04-10T09:18:55.038+0000] {processor.py:914} INFO - Processing file /home/airflow/.local/lib/python3.12/site-packages/airflow/example_dags/example_dataset_alias.py for tasks to queue
[2025-04-10T09:18:55.041+0000] {logging_mixin.py:190} INFO - [2025-04-10T09:18:55.040+0000] {dagbag.py:588} INFO - Filling up the DagBag from /home/airflow/.local/lib/python3.12/site-packages/airflow/example_dags/example_dataset_alias.py
[2025-04-10T09:18:55.651+0000] {processor.py:925} INFO - DAG(s) 'dataset_s3_bucket_producer', 'dataset_alias_example_alias_producer', 'dataset_s3_bucket_consumer', 'dataset_alias_example_alias_consumer' retrieved from /home/airflow/.local/lib/python3.12/site-packages/airflow/example_dags/example_dataset_alias.py
[2025-04-10T09:18:55.676+0000] {logging_mixin.py:190} INFO - [2025-04-10T09:18:55.676+0000] {dag.py:3239} INFO - Sync 4 DAGs
[2025-04-10T09:18:55.700+0000] {logging_mixin.py:190} INFO - [2025-04-10T09:18:55.700+0000] {dag.py:4180} INFO - Setting next_dagrun for dataset_alias_example_alias_consumer to None, run_after=None
[2025-04-10T09:18:55.704+0000] {logging_mixin.py:190} INFO - [2025-04-10T09:18:55.703+0000] {dag.py:4180} INFO - Setting next_dagrun for dataset_alias_example_alias_producer to None, run_after=None
[2025-04-10T09:18:55.706+0000] {logging_mixin.py:190} INFO - [2025-04-10T09:18:55.705+0000] {dag.py:4180} INFO - Setting next_dagrun for dataset_s3_bucket_consumer to None, run_after=None
[2025-04-10T09:18:55.707+0000] {logging_mixin.py:190} INFO - [2025-04-10T09:18:55.707+0000] {dag.py:4180} INFO - Setting next_dagrun for dataset_s3_bucket_producer to None, run_after=None
[2025-04-10T09:18:55.730+0000] {processor.py:208} INFO - Processing /home/airflow/.local/lib/python3.12/site-packages/airflow/example_dags/example_dataset_alias.py took 0.701 seconds
[2025-04-10T09:19:26.589+0000] {processor.py:186} INFO - Started process (PID=911) to work on /home/airflow/.local/lib/python3.12/site-packages/airflow/example_dags/example_dataset_alias.py
[2025-04-10T09:19:26.590+0000] {processor.py:914} INFO - Processing file /home/airflow/.local/lib/python3.12/site-packages/airflow/example_dags/example_dataset_alias.py for tasks to queue
[2025-04-10T09:19:26.594+0000] {logging_mixin.py:190} INFO - [2025-04-10T09:19:26.593+0000] {dagbag.py:588} INFO - Filling up the DagBag from /home/airflow/.local/lib/python3.12/site-packages/airflow/example_dags/example_dataset_alias.py
[2025-04-10T09:19:27.216+0000] {processor.py:925} INFO - DAG(s) 'dataset_alias_example_alias_producer', 'dataset_s3_bucket_producer', 'dataset_alias_example_alias_consumer', 'dataset_s3_bucket_consumer' retrieved from /home/airflow/.local/lib/python3.12/site-packages/airflow/example_dags/example_dataset_alias.py
[2025-04-10T09:19:27.236+0000] {logging_mixin.py:190} INFO - [2025-04-10T09:19:27.236+0000] {dag.py:3239} INFO - Sync 4 DAGs
[2025-04-10T09:19:27.263+0000] {logging_mixin.py:190} INFO - [2025-04-10T09:19:27.263+0000] {dag.py:4180} INFO - Setting next_dagrun for dataset_alias_example_alias_consumer to None, run_after=None
[2025-04-10T09:19:27.267+0000] {logging_mixin.py:190} INFO - [2025-04-10T09:19:27.267+0000] {dag.py:4180} INFO - Setting next_dagrun for dataset_alias_example_alias_producer to None, run_after=None
[2025-04-10T09:19:27.269+0000] {logging_mixin.py:190} INFO - [2025-04-10T09:19:27.269+0000] {dag.py:4180} INFO - Setting next_dagrun for dataset_s3_bucket_consumer to None, run_after=None
[2025-04-10T09:19:27.271+0000] {logging_mixin.py:190} INFO - [2025-04-10T09:19:27.271+0000] {dag.py:4180} INFO - Setting next_dagrun for dataset_s3_bucket_producer to None, run_after=None
[2025-04-10T09:19:27.292+0000] {processor.py:208} INFO - Processing /home/airflow/.local/lib/python3.12/site-packages/airflow/example_dags/example_dataset_alias.py took 0.712 seconds
[2025-04-10T09:19:58.079+0000] {processor.py:186} INFO - Started process (PID=974) to work on /home/airflow/.local/lib/python3.12/site-packages/airflow/example_dags/example_dataset_alias.py
[2025-04-10T09:19:58.080+0000] {processor.py:914} INFO - Processing file /home/airflow/.local/lib/python3.12/site-packages/airflow/example_dags/example_dataset_alias.py for tasks to queue
[2025-04-10T09:19:58.084+0000] {logging_mixin.py:190} INFO - [2025-04-10T09:19:58.084+0000] {dagbag.py:588} INFO - Filling up the DagBag from /home/airflow/.local/lib/python3.12/site-packages/airflow/example_dags/example_dataset_alias.py
[2025-04-10T09:19:58.691+0000] {processor.py:925} INFO - DAG(s) 'dataset_s3_bucket_producer', 'dataset_alias_example_alias_producer', 'dataset_s3_bucket_consumer', 'dataset_alias_example_alias_consumer' retrieved from /home/airflow/.local/lib/python3.12/site-packages/airflow/example_dags/example_dataset_alias.py
[2025-04-10T09:19:58.715+0000] {logging_mixin.py:190} INFO - [2025-04-10T09:19:58.713+0000] {dag.py:3239} INFO - Sync 4 DAGs
[2025-04-10T09:19:58.738+0000] {logging_mixin.py:190} INFO - [2025-04-10T09:19:58.738+0000] {dag.py:4180} INFO - Setting next_dagrun for dataset_alias_example_alias_consumer to None, run_after=None
[2025-04-10T09:19:58.742+0000] {logging_mixin.py:190} INFO - [2025-04-10T09:19:58.742+0000] {dag.py:4180} INFO - Setting next_dagrun for dataset_alias_example_alias_producer to None, run_after=None
[2025-04-10T09:19:58.745+0000] {logging_mixin.py:190} INFO - [2025-04-10T09:19:58.744+0000] {dag.py:4180} INFO - Setting next_dagrun for dataset_s3_bucket_consumer to None, run_after=None
[2025-04-10T09:19:58.747+0000] {logging_mixin.py:190} INFO - [2025-04-10T09:19:58.746+0000] {dag.py:4180} INFO - Setting next_dagrun for dataset_s3_bucket_producer to None, run_after=None
[2025-04-10T09:19:58.768+0000] {processor.py:208} INFO - Processing /home/airflow/.local/lib/python3.12/site-packages/airflow/example_dags/example_dataset_alias.py took 0.697 seconds
[2025-04-10T09:20:29.566+0000] {processor.py:186} INFO - Started process (PID=1038) to work on /home/airflow/.local/lib/python3.12/site-packages/airflow/example_dags/example_dataset_alias.py
[2025-04-10T09:20:29.567+0000] {processor.py:914} INFO - Processing file /home/airflow/.local/lib/python3.12/site-packages/airflow/example_dags/example_dataset_alias.py for tasks to queue
[2025-04-10T09:20:29.571+0000] {logging_mixin.py:190} INFO - [2025-04-10T09:20:29.571+0000] {dagbag.py:588} INFO - Filling up the DagBag from /home/airflow/.local/lib/python3.12/site-packages/airflow/example_dags/example_dataset_alias.py
[2025-04-10T09:20:30.226+0000] {processor.py:925} INFO - DAG(s) 'dataset_alias_example_alias_producer', 'dataset_s3_bucket_consumer', 'dataset_alias_example_alias_consumer', 'dataset_s3_bucket_producer' retrieved from /home/airflow/.local/lib/python3.12/site-packages/airflow/example_dags/example_dataset_alias.py
[2025-04-10T09:20:30.249+0000] {logging_mixin.py:190} INFO - [2025-04-10T09:20:30.248+0000] {dag.py:3239} INFO - Sync 4 DAGs
[2025-04-10T09:20:30.276+0000] {logging_mixin.py:190} INFO - [2025-04-10T09:20:30.275+0000] {dag.py:4180} INFO - Setting next_dagrun for dataset_alias_example_alias_consumer to None, run_after=None
[2025-04-10T09:20:30.280+0000] {logging_mixin.py:190} INFO - [2025-04-10T09:20:30.280+0000] {dag.py:4180} INFO - Setting next_dagrun for dataset_alias_example_alias_producer to None, run_after=None
[2025-04-10T09:20:30.282+0000] {logging_mixin.py:190} INFO - [2025-04-10T09:20:30.282+0000] {dag.py:4180} INFO - Setting next_dagrun for dataset_s3_bucket_consumer to None, run_after=None
[2025-04-10T09:20:30.284+0000] {logging_mixin.py:190} INFO - [2025-04-10T09:20:30.284+0000] {dag.py:4180} INFO - Setting next_dagrun for dataset_s3_bucket_producer to None, run_after=None
[2025-04-10T09:20:30.308+0000] {processor.py:208} INFO - Processing /home/airflow/.local/lib/python3.12/site-packages/airflow/example_dags/example_dataset_alias.py took 0.750 seconds
[2025-04-10T09:21:00.382+0000] {processor.py:186} INFO - Started process (PID=1102) to work on /home/airflow/.local/lib/python3.12/site-packages/airflow/example_dags/example_dataset_alias.py
[2025-04-10T09:21:00.384+0000] {processor.py:914} INFO - Processing file /home/airflow/.local/lib/python3.12/site-packages/airflow/example_dags/example_dataset_alias.py for tasks to queue
[2025-04-10T09:21:00.388+0000] {logging_mixin.py:190} INFO - [2025-04-10T09:21:00.388+0000] {dagbag.py:588} INFO - Filling up the DagBag from /home/airflow/.local/lib/python3.12/site-packages/airflow/example_dags/example_dataset_alias.py
[2025-04-10T09:21:01.023+0000] {processor.py:925} INFO - DAG(s) 'dataset_alias_example_alias_producer', 'dataset_alias_example_alias_consumer', 'dataset_s3_bucket_consumer', 'dataset_s3_bucket_producer' retrieved from /home/airflow/.local/lib/python3.12/site-packages/airflow/example_dags/example_dataset_alias.py
[2025-04-10T09:21:01.047+0000] {logging_mixin.py:190} INFO - [2025-04-10T09:21:01.046+0000] {dag.py:3239} INFO - Sync 4 DAGs
[2025-04-10T09:21:01.073+0000] {logging_mixin.py:190} INFO - [2025-04-10T09:21:01.073+0000] {dag.py:4180} INFO - Setting next_dagrun for dataset_alias_example_alias_consumer to None, run_after=None
[2025-04-10T09:21:01.077+0000] {logging_mixin.py:190} INFO - [2025-04-10T09:21:01.076+0000] {dag.py:4180} INFO - Setting next_dagrun for dataset_alias_example_alias_producer to None, run_after=None
[2025-04-10T09:21:01.078+0000] {logging_mixin.py:190} INFO - [2025-04-10T09:21:01.078+0000] {dag.py:4180} INFO - Setting next_dagrun for dataset_s3_bucket_consumer to None, run_after=None
[2025-04-10T09:21:01.080+0000] {logging_mixin.py:190} INFO - [2025-04-10T09:21:01.080+0000] {dag.py:4180} INFO - Setting next_dagrun for dataset_s3_bucket_producer to None, run_after=None
[2025-04-10T09:21:01.102+0000] {processor.py:208} INFO - Processing /home/airflow/.local/lib/python3.12/site-packages/airflow/example_dags/example_dataset_alias.py took 0.728 seconds
[2025-04-10T09:21:32.061+0000] {processor.py:186} INFO - Started process (PID=1166) to work on /home/airflow/.local/lib/python3.12/site-packages/airflow/example_dags/example_dataset_alias.py
[2025-04-10T09:21:32.062+0000] {processor.py:914} INFO - Processing file /home/airflow/.local/lib/python3.12/site-packages/airflow/example_dags/example_dataset_alias.py for tasks to queue
[2025-04-10T09:21:32.066+0000] {logging_mixin.py:190} INFO - [2025-04-10T09:21:32.065+0000] {dagbag.py:588} INFO - Filling up the DagBag from /home/airflow/.local/lib/python3.12/site-packages/airflow/example_dags/example_dataset_alias.py
[2025-04-10T09:21:32.675+0000] {processor.py:925} INFO - DAG(s) 'dataset_alias_example_alias_producer', 'dataset_alias_example_alias_consumer', 'dataset_s3_bucket_producer', 'dataset_s3_bucket_consumer' retrieved from /home/airflow/.local/lib/python3.12/site-packages/airflow/example_dags/example_dataset_alias.py
[2025-04-10T09:21:32.698+0000] {logging_mixin.py:190} INFO - [2025-04-10T09:21:32.697+0000] {dag.py:3239} INFO - Sync 4 DAGs
[2025-04-10T09:21:32.724+0000] {logging_mixin.py:190} INFO - [2025-04-10T09:21:32.723+0000] {dag.py:4180} INFO - Setting next_dagrun for dataset_alias_example_alias_consumer to None, run_after=None
[2025-04-10T09:21:32.727+0000] {logging_mixin.py:190} INFO - [2025-04-10T09:21:32.727+0000] {dag.py:4180} INFO - Setting next_dagrun for dataset_alias_example_alias_producer to None, run_after=None
[2025-04-10T09:21:32.729+0000] {logging_mixin.py:190} INFO - [2025-04-10T09:21:32.729+0000] {dag.py:4180} INFO - Setting next_dagrun for dataset_s3_bucket_consumer to None, run_after=None
[2025-04-10T09:21:32.731+0000] {logging_mixin.py:190} INFO - [2025-04-10T09:21:32.730+0000] {dag.py:4180} INFO - Setting next_dagrun for dataset_s3_bucket_producer to None, run_after=None
[2025-04-10T09:21:32.757+0000] {processor.py:208} INFO - Processing /home/airflow/.local/lib/python3.12/site-packages/airflow/example_dags/example_dataset_alias.py took 0.703 seconds
[2025-04-10T09:22:03.580+0000] {processor.py:186} INFO - Started process (PID=1230) to work on /home/airflow/.local/lib/python3.12/site-packages/airflow/example_dags/example_dataset_alias.py
[2025-04-10T09:22:03.581+0000] {processor.py:914} INFO - Processing file /home/airflow/.local/lib/python3.12/site-packages/airflow/example_dags/example_dataset_alias.py for tasks to queue
[2025-04-10T09:22:03.583+0000] {logging_mixin.py:190} INFO - [2025-04-10T09:22:03.583+0000] {dagbag.py:588} INFO - Filling up the DagBag from /home/airflow/.local/lib/python3.12/site-packages/airflow/example_dags/example_dataset_alias.py
[2025-04-10T09:22:04.196+0000] {processor.py:925} INFO - DAG(s) 'dataset_s3_bucket_consumer', 'dataset_s3_bucket_producer', 'dataset_alias_example_alias_consumer', 'dataset_alias_example_alias_producer' retrieved from /home/airflow/.local/lib/python3.12/site-packages/airflow/example_dags/example_dataset_alias.py
[2025-04-10T09:22:04.218+0000] {logging_mixin.py:190} INFO - [2025-04-10T09:22:04.217+0000] {dag.py:3239} INFO - Sync 4 DAGs
[2025-04-10T09:22:04.242+0000] {logging_mixin.py:190} INFO - [2025-04-10T09:22:04.241+0000] {dag.py:4180} INFO - Setting next_dagrun for dataset_alias_example_alias_consumer to None, run_after=None
[2025-04-10T09:22:04.247+0000] {logging_mixin.py:190} INFO - [2025-04-10T09:22:04.247+0000] {dag.py:4180} INFO - Setting next_dagrun for dataset_alias_example_alias_producer to None, run_after=None
[2025-04-10T09:22:04.250+0000] {logging_mixin.py:190} INFO - [2025-04-10T09:22:04.250+0000] {dag.py:4180} INFO - Setting next_dagrun for dataset_s3_bucket_consumer to None, run_after=None
[2025-04-10T09:22:04.253+0000] {logging_mixin.py:190} INFO - [2025-04-10T09:22:04.253+0000] {dag.py:4180} INFO - Setting next_dagrun for dataset_s3_bucket_producer to None, run_after=None
[2025-04-10T09:22:04.276+0000] {processor.py:208} INFO - Processing /home/airflow/.local/lib/python3.12/site-packages/airflow/example_dags/example_dataset_alias.py took 0.704 seconds
[2025-04-10T09:22:34.976+0000] {processor.py:186} INFO - Started process (PID=1294) to work on /home/airflow/.local/lib/python3.12/site-packages/airflow/example_dags/example_dataset_alias.py
[2025-04-10T09:22:34.977+0000] {processor.py:914} INFO - Processing file /home/airflow/.local/lib/python3.12/site-packages/airflow/example_dags/example_dataset_alias.py for tasks to queue
[2025-04-10T09:22:34.982+0000] {logging_mixin.py:190} INFO - [2025-04-10T09:22:34.981+0000] {dagbag.py:588} INFO - Filling up the DagBag from /home/airflow/.local/lib/python3.12/site-packages/airflow/example_dags/example_dataset_alias.py
[2025-04-10T09:22:35.595+0000] {processor.py:925} INFO - DAG(s) 'dataset_s3_bucket_consumer', 'dataset_s3_bucket_producer', 'dataset_alias_example_alias_producer', 'dataset_alias_example_alias_consumer' retrieved from /home/airflow/.local/lib/python3.12/site-packages/airflow/example_dags/example_dataset_alias.py
[2025-04-10T09:22:35.620+0000] {logging_mixin.py:190} INFO - [2025-04-10T09:22:35.619+0000] {dag.py:3239} INFO - Sync 4 DAGs
[2025-04-10T09:22:35.643+0000] {logging_mixin.py:190} INFO - [2025-04-10T09:22:35.643+0000] {dag.py:4180} INFO - Setting next_dagrun for dataset_alias_example_alias_consumer to None, run_after=None
[2025-04-10T09:22:35.646+0000] {logging_mixin.py:190} INFO - [2025-04-10T09:22:35.646+0000] {dag.py:4180} INFO - Setting next_dagrun for dataset_alias_example_alias_producer to None, run_after=None
[2025-04-10T09:22:35.648+0000] {logging_mixin.py:190} INFO - [2025-04-10T09:22:35.648+0000] {dag.py:4180} INFO - Setting next_dagrun for dataset_s3_bucket_consumer to None, run_after=None
[2025-04-10T09:22:35.651+0000] {logging_mixin.py:190} INFO - [2025-04-10T09:22:35.651+0000] {dag.py:4180} INFO - Setting next_dagrun for dataset_s3_bucket_producer to None, run_after=None
[2025-04-10T09:22:35.673+0000] {processor.py:208} INFO - Processing /home/airflow/.local/lib/python3.12/site-packages/airflow/example_dags/example_dataset_alias.py took 0.708 seconds
[2025-04-10T09:23:05.901+0000] {processor.py:186} INFO - Started process (PID=1358) to work on /home/airflow/.local/lib/python3.12/site-packages/airflow/example_dags/example_dataset_alias.py
[2025-04-10T09:23:05.904+0000] {processor.py:914} INFO - Processing file /home/airflow/.local/lib/python3.12/site-packages/airflow/example_dags/example_dataset_alias.py for tasks to queue
[2025-04-10T09:23:05.908+0000] {logging_mixin.py:190} INFO - [2025-04-10T09:23:05.908+0000] {dagbag.py:588} INFO - Filling up the DagBag from /home/airflow/.local/lib/python3.12/site-packages/airflow/example_dags/example_dataset_alias.py
[2025-04-10T09:23:06.630+0000] {processor.py:925} INFO - DAG(s) 'dataset_s3_bucket_consumer', 'dataset_alias_example_alias_consumer', 'dataset_alias_example_alias_producer', 'dataset_s3_bucket_producer' retrieved from /home/airflow/.local/lib/python3.12/site-packages/airflow/example_dags/example_dataset_alias.py
[2025-04-10T09:23:06.656+0000] {logging_mixin.py:190} INFO - [2025-04-10T09:23:06.655+0000] {dag.py:3239} INFO - Sync 4 DAGs
[2025-04-10T09:23:06.683+0000] {logging_mixin.py:190} INFO - [2025-04-10T09:23:06.683+0000] {dag.py:4180} INFO - Setting next_dagrun for dataset_alias_example_alias_consumer to None, run_after=None
[2025-04-10T09:23:06.686+0000] {logging_mixin.py:190} INFO - [2025-04-10T09:23:06.686+0000] {dag.py:4180} INFO - Setting next_dagrun for dataset_alias_example_alias_producer to None, run_after=None
[2025-04-10T09:23:06.688+0000] {logging_mixin.py:190} INFO - [2025-04-10T09:23:06.688+0000] {dag.py:4180} INFO - Setting next_dagrun for dataset_s3_bucket_consumer to None, run_after=None
[2025-04-10T09:23:06.690+0000] {logging_mixin.py:190} INFO - [2025-04-10T09:23:06.690+0000] {dag.py:4180} INFO - Setting next_dagrun for dataset_s3_bucket_producer to None, run_after=None
[2025-04-10T09:23:06.713+0000] {processor.py:208} INFO - Processing /home/airflow/.local/lib/python3.12/site-packages/airflow/example_dags/example_dataset_alias.py took 0.821 seconds
[2025-04-10T09:23:37.325+0000] {processor.py:186} INFO - Started process (PID=1422) to work on /home/airflow/.local/lib/python3.12/site-packages/airflow/example_dags/example_dataset_alias.py
[2025-04-10T09:23:37.326+0000] {processor.py:914} INFO - Processing file /home/airflow/.local/lib/python3.12/site-packages/airflow/example_dags/example_dataset_alias.py for tasks to queue
[2025-04-10T09:23:37.330+0000] {logging_mixin.py:190} INFO - [2025-04-10T09:23:37.329+0000] {dagbag.py:588} INFO - Filling up the DagBag from /home/airflow/.local/lib/python3.12/site-packages/airflow/example_dags/example_dataset_alias.py
[2025-04-10T09:23:37.945+0000] {processor.py:925} INFO - DAG(s) 'dataset_s3_bucket_producer', 'dataset_s3_bucket_consumer', 'dataset_alias_example_alias_producer', 'dataset_alias_example_alias_consumer' retrieved from /home/airflow/.local/lib/python3.12/site-packages/airflow/example_dags/example_dataset_alias.py
[2025-04-10T09:23:37.968+0000] {logging_mixin.py:190} INFO - [2025-04-10T09:23:37.967+0000] {dag.py:3239} INFO - Sync 4 DAGs
[2025-04-10T09:23:37.993+0000] {logging_mixin.py:190} INFO - [2025-04-10T09:23:37.993+0000] {dag.py:4180} INFO - Setting next_dagrun for dataset_alias_example_alias_consumer to None, run_after=None
[2025-04-10T09:23:37.997+0000] {logging_mixin.py:190} INFO - [2025-04-10T09:23:37.997+0000] {dag.py:4180} INFO - Setting next_dagrun for dataset_alias_example_alias_producer to None, run_after=None
[2025-04-10T09:23:37.999+0000] {logging_mixin.py:190} INFO - [2025-04-10T09:23:37.999+0000] {dag.py:4180} INFO - Setting next_dagrun for dataset_s3_bucket_consumer to None, run_after=None
[2025-04-10T09:23:38.002+0000] {logging_mixin.py:190} INFO - [2025-04-10T09:23:38.001+0000] {dag.py:4180} INFO - Setting next_dagrun for dataset_s3_bucket_producer to None, run_after=None
[2025-04-10T09:23:38.029+0000] {processor.py:208} INFO - Processing /home/airflow/.local/lib/python3.12/site-packages/airflow/example_dags/example_dataset_alias.py took 0.711 seconds
[2025-04-10T09:24:08.573+0000] {processor.py:186} INFO - Started process (PID=1486) to work on /home/airflow/.local/lib/python3.12/site-packages/airflow/example_dags/example_dataset_alias.py
[2025-04-10T09:24:08.574+0000] {processor.py:914} INFO - Processing file /home/airflow/.local/lib/python3.12/site-packages/airflow/example_dags/example_dataset_alias.py for tasks to queue
[2025-04-10T09:24:08.577+0000] {logging_mixin.py:190} INFO - [2025-04-10T09:24:08.576+0000] {dagbag.py:588} INFO - Filling up the DagBag from /home/airflow/.local/lib/python3.12/site-packages/airflow/example_dags/example_dataset_alias.py
[2025-04-10T09:24:09.196+0000] {processor.py:925} INFO - DAG(s) 'dataset_s3_bucket_producer', 'dataset_alias_example_alias_producer', 'dataset_s3_bucket_consumer', 'dataset_alias_example_alias_consumer' retrieved from /home/airflow/.local/lib/python3.12/site-packages/airflow/example_dags/example_dataset_alias.py
[2025-04-10T09:24:09.217+0000] {logging_mixin.py:190} INFO - [2025-04-10T09:24:09.216+0000] {dag.py:3239} INFO - Sync 4 DAGs
[2025-04-10T09:24:09.242+0000] {logging_mixin.py:190} INFO - [2025-04-10T09:24:09.242+0000] {dag.py:4180} INFO - Setting next_dagrun for dataset_alias_example_alias_consumer to None, run_after=None
[2025-04-10T09:24:09.245+0000] {logging_mixin.py:190} INFO - [2025-04-10T09:24:09.245+0000] {dag.py:4180} INFO - Setting next_dagrun for dataset_alias_example_alias_producer to None, run_after=None
[2025-04-10T09:24:09.247+0000] {logging_mixin.py:190} INFO - [2025-04-10T09:24:09.247+0000] {dag.py:4180} INFO - Setting next_dagrun for dataset_s3_bucket_consumer to None, run_after=None
[2025-04-10T09:24:09.249+0000] {logging_mixin.py:190} INFO - [2025-04-10T09:24:09.249+0000] {dag.py:4180} INFO - Setting next_dagrun for dataset_s3_bucket_producer to None, run_after=None
[2025-04-10T09:24:09.270+0000] {processor.py:208} INFO - Processing /home/airflow/.local/lib/python3.12/site-packages/airflow/example_dags/example_dataset_alias.py took 0.705 seconds
[2025-04-10T09:24:39.351+0000] {processor.py:186} INFO - Started process (PID=1550) to work on /home/airflow/.local/lib/python3.12/site-packages/airflow/example_dags/example_dataset_alias.py
[2025-04-10T09:24:39.352+0000] {processor.py:914} INFO - Processing file /home/airflow/.local/lib/python3.12/site-packages/airflow/example_dags/example_dataset_alias.py for tasks to queue
[2025-04-10T09:24:39.356+0000] {logging_mixin.py:190} INFO - [2025-04-10T09:24:39.355+0000] {dagbag.py:588} INFO - Filling up the DagBag from /home/airflow/.local/lib/python3.12/site-packages/airflow/example_dags/example_dataset_alias.py
[2025-04-10T09:24:40.079+0000] {processor.py:925} INFO - DAG(s) 'dataset_alias_example_alias_producer', 'dataset_s3_bucket_producer', 'dataset_alias_example_alias_consumer', 'dataset_s3_bucket_consumer' retrieved from /home/airflow/.local/lib/python3.12/site-packages/airflow/example_dags/example_dataset_alias.py
[2025-04-10T09:24:40.104+0000] {logging_mixin.py:190} INFO - [2025-04-10T09:24:40.103+0000] {dag.py:3239} INFO - Sync 4 DAGs
[2025-04-10T09:24:40.128+0000] {logging_mixin.py:190} INFO - [2025-04-10T09:24:40.128+0000] {dag.py:4180} INFO - Setting next_dagrun for dataset_alias_example_alias_consumer to None, run_after=None
[2025-04-10T09:24:40.132+0000] {logging_mixin.py:190} INFO - [2025-04-10T09:24:40.132+0000] {dag.py:4180} INFO - Setting next_dagrun for dataset_alias_example_alias_producer to None, run_after=None
[2025-04-10T09:24:40.134+0000] {logging_mixin.py:190} INFO - [2025-04-10T09:24:40.134+0000] {dag.py:4180} INFO - Setting next_dagrun for dataset_s3_bucket_consumer to None, run_after=None
[2025-04-10T09:24:40.136+0000] {logging_mixin.py:190} INFO - [2025-04-10T09:24:40.136+0000] {dag.py:4180} INFO - Setting next_dagrun for dataset_s3_bucket_producer to None, run_after=None
[2025-04-10T09:24:40.160+0000] {processor.py:208} INFO - Processing /home/airflow/.local/lib/python3.12/site-packages/airflow/example_dags/example_dataset_alias.py took 0.817 seconds
[2025-04-10T09:25:10.928+0000] {processor.py:186} INFO - Started process (PID=1614) to work on /home/airflow/.local/lib/python3.12/site-packages/airflow/example_dags/example_dataset_alias.py
[2025-04-10T09:25:10.929+0000] {processor.py:914} INFO - Processing file /home/airflow/.local/lib/python3.12/site-packages/airflow/example_dags/example_dataset_alias.py for tasks to queue
[2025-04-10T09:25:10.933+0000] {logging_mixin.py:190} INFO - [2025-04-10T09:25:10.933+0000] {dagbag.py:588} INFO - Filling up the DagBag from /home/airflow/.local/lib/python3.12/site-packages/airflow/example_dags/example_dataset_alias.py
[2025-04-10T09:25:11.713+0000] {processor.py:925} INFO - DAG(s) 'dataset_s3_bucket_producer', 'dataset_alias_example_alias_producer', 'dataset_alias_example_alias_consumer', 'dataset_s3_bucket_consumer' retrieved from /home/airflow/.local/lib/python3.12/site-packages/airflow/example_dags/example_dataset_alias.py
[2025-04-10T09:25:11.750+0000] {logging_mixin.py:190} INFO - [2025-04-10T09:25:11.749+0000] {dag.py:3239} INFO - Sync 4 DAGs
[2025-04-10T09:25:11.781+0000] {logging_mixin.py:190} INFO - [2025-04-10T09:25:11.781+0000] {dag.py:4180} INFO - Setting next_dagrun for dataset_alias_example_alias_consumer to None, run_after=None
[2025-04-10T09:25:11.785+0000] {logging_mixin.py:190} INFO - [2025-04-10T09:25:11.784+0000] {dag.py:4180} INFO - Setting next_dagrun for dataset_alias_example_alias_producer to None, run_after=None
[2025-04-10T09:25:11.787+0000] {logging_mixin.py:190} INFO - [2025-04-10T09:25:11.787+0000] {dag.py:4180} INFO - Setting next_dagrun for dataset_s3_bucket_consumer to None, run_after=None
[2025-04-10T09:25:11.789+0000] {logging_mixin.py:190} INFO - [2025-04-10T09:25:11.789+0000] {dag.py:4180} INFO - Setting next_dagrun for dataset_s3_bucket_producer to None, run_after=None
[2025-04-10T09:25:11.822+0000] {processor.py:208} INFO - Processing /home/airflow/.local/lib/python3.12/site-packages/airflow/example_dags/example_dataset_alias.py took 0.905 seconds
[2025-04-10T09:25:42.772+0000] {processor.py:186} INFO - Started process (PID=1678) to work on /home/airflow/.local/lib/python3.12/site-packages/airflow/example_dags/example_dataset_alias.py
[2025-04-10T09:25:42.773+0000] {processor.py:914} INFO - Processing file /home/airflow/.local/lib/python3.12/site-packages/airflow/example_dags/example_dataset_alias.py for tasks to queue
[2025-04-10T09:25:42.778+0000] {logging_mixin.py:190} INFO - [2025-04-10T09:25:42.777+0000] {dagbag.py:588} INFO - Filling up the DagBag from /home/airflow/.local/lib/python3.12/site-packages/airflow/example_dags/example_dataset_alias.py
[2025-04-10T09:25:43.477+0000] {processor.py:925} INFO - DAG(s) 'dataset_alias_example_alias_consumer', 'dataset_alias_example_alias_producer', 'dataset_s3_bucket_consumer', 'dataset_s3_bucket_producer' retrieved from /home/airflow/.local/lib/python3.12/site-packages/airflow/example_dags/example_dataset_alias.py
[2025-04-10T09:25:43.508+0000] {logging_mixin.py:190} INFO - [2025-04-10T09:25:43.507+0000] {dag.py:3239} INFO - Sync 4 DAGs
[2025-04-10T09:25:43.538+0000] {logging_mixin.py:190} INFO - [2025-04-10T09:25:43.537+0000] {dag.py:4180} INFO - Setting next_dagrun for dataset_alias_example_alias_consumer to None, run_after=None
[2025-04-10T09:25:43.542+0000] {logging_mixin.py:190} INFO - [2025-04-10T09:25:43.542+0000] {dag.py:4180} INFO - Setting next_dagrun for dataset_alias_example_alias_producer to None, run_after=None
[2025-04-10T09:25:43.544+0000] {logging_mixin.py:190} INFO - [2025-04-10T09:25:43.544+0000] {dag.py:4180} INFO - Setting next_dagrun for dataset_s3_bucket_consumer to None, run_after=None
[2025-04-10T09:25:43.546+0000] {logging_mixin.py:190} INFO - [2025-04-10T09:25:43.546+0000] {dag.py:4180} INFO - Setting next_dagrun for dataset_s3_bucket_producer to None, run_after=None
[2025-04-10T09:25:43.570+0000] {processor.py:208} INFO - Processing /home/airflow/.local/lib/python3.12/site-packages/airflow/example_dags/example_dataset_alias.py took 0.808 seconds
[2025-04-10T09:26:14.118+0000] {processor.py:186} INFO - Started process (PID=1742) to work on /home/airflow/.local/lib/python3.12/site-packages/airflow/example_dags/example_dataset_alias.py
[2025-04-10T09:26:14.119+0000] {processor.py:914} INFO - Processing file /home/airflow/.local/lib/python3.12/site-packages/airflow/example_dags/example_dataset_alias.py for tasks to queue
[2025-04-10T09:26:14.124+0000] {logging_mixin.py:190} INFO - [2025-04-10T09:26:14.123+0000] {dagbag.py:588} INFO - Filling up the DagBag from /home/airflow/.local/lib/python3.12/site-packages/airflow/example_dags/example_dataset_alias.py
[2025-04-10T09:26:14.788+0000] {processor.py:925} INFO - DAG(s) 'dataset_alias_example_alias_consumer', 'dataset_s3_bucket_consumer', 'dataset_s3_bucket_producer', 'dataset_alias_example_alias_producer' retrieved from /home/airflow/.local/lib/python3.12/site-packages/airflow/example_dags/example_dataset_alias.py
[2025-04-10T09:26:14.823+0000] {logging_mixin.py:190} INFO - [2025-04-10T09:26:14.820+0000] {dag.py:3239} INFO - Sync 4 DAGs
[2025-04-10T09:26:14.865+0000] {logging_mixin.py:190} INFO - [2025-04-10T09:26:14.865+0000] {dag.py:4180} INFO - Setting next_dagrun for dataset_alias_example_alias_consumer to None, run_after=None
[2025-04-10T09:26:14.868+0000] {logging_mixin.py:190} INFO - [2025-04-10T09:26:14.868+0000] {dag.py:4180} INFO - Setting next_dagrun for dataset_alias_example_alias_producer to None, run_after=None
[2025-04-10T09:26:14.873+0000] {logging_mixin.py:190} INFO - [2025-04-10T09:26:14.872+0000] {dag.py:4180} INFO - Setting next_dagrun for dataset_s3_bucket_consumer to None, run_after=None
[2025-04-10T09:26:14.877+0000] {logging_mixin.py:190} INFO - [2025-04-10T09:26:14.877+0000] {dag.py:4180} INFO - Setting next_dagrun for dataset_s3_bucket_producer to None, run_after=None
[2025-04-10T09:26:14.910+0000] {processor.py:208} INFO - Processing /home/airflow/.local/lib/python3.12/site-packages/airflow/example_dags/example_dataset_alias.py took 0.802 seconds
[2025-04-10T09:26:45.168+0000] {processor.py:186} INFO - Started process (PID=1806) to work on /home/airflow/.local/lib/python3.12/site-packages/airflow/example_dags/example_dataset_alias.py
[2025-04-10T09:26:45.170+0000] {processor.py:914} INFO - Processing file /home/airflow/.local/lib/python3.12/site-packages/airflow/example_dags/example_dataset_alias.py for tasks to queue
[2025-04-10T09:26:45.174+0000] {logging_mixin.py:190} INFO - [2025-04-10T09:26:45.174+0000] {dagbag.py:588} INFO - Filling up the DagBag from /home/airflow/.local/lib/python3.12/site-packages/airflow/example_dags/example_dataset_alias.py
[2025-04-10T09:26:45.827+0000] {processor.py:925} INFO - DAG(s) 'dataset_s3_bucket_consumer', 'dataset_s3_bucket_producer', 'dataset_alias_example_alias_consumer', 'dataset_alias_example_alias_producer' retrieved from /home/airflow/.local/lib/python3.12/site-packages/airflow/example_dags/example_dataset_alias.py
[2025-04-10T09:26:45.849+0000] {logging_mixin.py:190} INFO - [2025-04-10T09:26:45.849+0000] {dag.py:3239} INFO - Sync 4 DAGs
[2025-04-10T09:26:45.875+0000] {logging_mixin.py:190} INFO - [2025-04-10T09:26:45.875+0000] {dag.py:4180} INFO - Setting next_dagrun for dataset_alias_example_alias_consumer to None, run_after=None
[2025-04-10T09:26:45.878+0000] {logging_mixin.py:190} INFO - [2025-04-10T09:26:45.878+0000] {dag.py:4180} INFO - Setting next_dagrun for dataset_alias_example_alias_producer to None, run_after=None
[2025-04-10T09:26:45.881+0000] {logging_mixin.py:190} INFO - [2025-04-10T09:26:45.881+0000] {dag.py:4180} INFO - Setting next_dagrun for dataset_s3_bucket_consumer to None, run_after=None
[2025-04-10T09:26:45.883+0000] {logging_mixin.py:190} INFO - [2025-04-10T09:26:45.883+0000] {dag.py:4180} INFO - Setting next_dagrun for dataset_s3_bucket_producer to None, run_after=None
[2025-04-10T09:26:45.908+0000] {processor.py:208} INFO - Processing /home/airflow/.local/lib/python3.12/site-packages/airflow/example_dags/example_dataset_alias.py took 0.749 seconds
[2025-04-10T09:27:16.017+0000] {processor.py:186} INFO - Started process (PID=1870) to work on /home/airflow/.local/lib/python3.12/site-packages/airflow/example_dags/example_dataset_alias.py
[2025-04-10T09:27:16.019+0000] {processor.py:914} INFO - Processing file /home/airflow/.local/lib/python3.12/site-packages/airflow/example_dags/example_dataset_alias.py for tasks to queue
[2025-04-10T09:27:16.023+0000] {logging_mixin.py:190} INFO - [2025-04-10T09:27:16.022+0000] {dagbag.py:588} INFO - Filling up the DagBag from /home/airflow/.local/lib/python3.12/site-packages/airflow/example_dags/example_dataset_alias.py
[2025-04-10T09:27:16.730+0000] {processor.py:925} INFO - DAG(s) 'dataset_s3_bucket_producer', 'dataset_s3_bucket_consumer', 'dataset_alias_example_alias_producer', 'dataset_alias_example_alias_consumer' retrieved from /home/airflow/.local/lib/python3.12/site-packages/airflow/example_dags/example_dataset_alias.py
[2025-04-10T09:27:16.755+0000] {logging_mixin.py:190} INFO - [2025-04-10T09:27:16.754+0000] {dag.py:3239} INFO - Sync 4 DAGs
[2025-04-10T09:27:16.780+0000] {logging_mixin.py:190} INFO - [2025-04-10T09:27:16.779+0000] {dag.py:4180} INFO - Setting next_dagrun for dataset_alias_example_alias_consumer to None, run_after=None
[2025-04-10T09:27:16.783+0000] {logging_mixin.py:190} INFO - [2025-04-10T09:27:16.782+0000] {dag.py:4180} INFO - Setting next_dagrun for dataset_alias_example_alias_producer to None, run_after=None
[2025-04-10T09:27:16.786+0000] {logging_mixin.py:190} INFO - [2025-04-10T09:27:16.786+0000] {dag.py:4180} INFO - Setting next_dagrun for dataset_s3_bucket_consumer to None, run_after=None
[2025-04-10T09:27:16.788+0000] {logging_mixin.py:190} INFO - [2025-04-10T09:27:16.788+0000] {dag.py:4180} INFO - Setting next_dagrun for dataset_s3_bucket_producer to None, run_after=None
[2025-04-10T09:27:16.819+0000] {processor.py:208} INFO - Processing /home/airflow/.local/lib/python3.12/site-packages/airflow/example_dags/example_dataset_alias.py took 0.811 seconds
[2025-04-10T09:27:47.140+0000] {processor.py:186} INFO - Started process (PID=1940) to work on /home/airflow/.local/lib/python3.12/site-packages/airflow/example_dags/example_dataset_alias.py
[2025-04-10T09:27:47.141+0000] {processor.py:914} INFO - Processing file /home/airflow/.local/lib/python3.12/site-packages/airflow/example_dags/example_dataset_alias.py for tasks to queue
[2025-04-10T09:27:47.145+0000] {logging_mixin.py:190} INFO - [2025-04-10T09:27:47.144+0000] {dagbag.py:588} INFO - Filling up the DagBag from /home/airflow/.local/lib/python3.12/site-packages/airflow/example_dags/example_dataset_alias.py
[2025-04-10T09:27:47.775+0000] {processor.py:925} INFO - DAG(s) 'dataset_s3_bucket_consumer', 'dataset_s3_bucket_producer', 'dataset_alias_example_alias_consumer', 'dataset_alias_example_alias_producer' retrieved from /home/airflow/.local/lib/python3.12/site-packages/airflow/example_dags/example_dataset_alias.py
[2025-04-10T09:27:47.800+0000] {logging_mixin.py:190} INFO - [2025-04-10T09:27:47.799+0000] {dag.py:3239} INFO - Sync 4 DAGs
[2025-04-10T09:27:47.824+0000] {logging_mixin.py:190} INFO - [2025-04-10T09:27:47.824+0000] {dag.py:4180} INFO - Setting next_dagrun for dataset_alias_example_alias_consumer to None, run_after=None
[2025-04-10T09:27:47.828+0000] {logging_mixin.py:190} INFO - [2025-04-10T09:27:47.827+0000] {dag.py:4180} INFO - Setting next_dagrun for dataset_alias_example_alias_producer to None, run_after=None
[2025-04-10T09:27:47.832+0000] {logging_mixin.py:190} INFO - [2025-04-10T09:27:47.832+0000] {dag.py:4180} INFO - Setting next_dagrun for dataset_s3_bucket_consumer to None, run_after=None
[2025-04-10T09:27:47.833+0000] {logging_mixin.py:190} INFO - [2025-04-10T09:27:47.833+0000] {dag.py:4180} INFO - Setting next_dagrun for dataset_s3_bucket_producer to None, run_after=None
[2025-04-10T09:27:47.863+0000] {processor.py:208} INFO - Processing /home/airflow/.local/lib/python3.12/site-packages/airflow/example_dags/example_dataset_alias.py took 0.732 seconds
[2025-04-10T09:28:18.696+0000] {processor.py:186} INFO - Started process (PID=2004) to work on /home/airflow/.local/lib/python3.12/site-packages/airflow/example_dags/example_dataset_alias.py
[2025-04-10T09:28:18.697+0000] {processor.py:914} INFO - Processing file /home/airflow/.local/lib/python3.12/site-packages/airflow/example_dags/example_dataset_alias.py for tasks to queue
[2025-04-10T09:28:18.701+0000] {logging_mixin.py:190} INFO - [2025-04-10T09:28:18.700+0000] {dagbag.py:588} INFO - Filling up the DagBag from /home/airflow/.local/lib/python3.12/site-packages/airflow/example_dags/example_dataset_alias.py
[2025-04-10T09:28:19.311+0000] {processor.py:925} INFO - DAG(s) 'dataset_s3_bucket_consumer', 'dataset_alias_example_alias_consumer', 'dataset_s3_bucket_producer', 'dataset_alias_example_alias_producer' retrieved from /home/airflow/.local/lib/python3.12/site-packages/airflow/example_dags/example_dataset_alias.py
[2025-04-10T09:28:19.335+0000] {logging_mixin.py:190} INFO - [2025-04-10T09:28:19.334+0000] {dag.py:3239} INFO - Sync 4 DAGs
[2025-04-10T09:28:19.360+0000] {logging_mixin.py:190} INFO - [2025-04-10T09:28:19.360+0000] {dag.py:4180} INFO - Setting next_dagrun for dataset_alias_example_alias_consumer to None, run_after=None
[2025-04-10T09:28:19.364+0000] {logging_mixin.py:190} INFO - [2025-04-10T09:28:19.364+0000] {dag.py:4180} INFO - Setting next_dagrun for dataset_alias_example_alias_producer to None, run_after=None
[2025-04-10T09:28:19.366+0000] {logging_mixin.py:190} INFO - [2025-04-10T09:28:19.366+0000] {dag.py:4180} INFO - Setting next_dagrun for dataset_s3_bucket_consumer to None, run_after=None
[2025-04-10T09:28:19.368+0000] {logging_mixin.py:190} INFO - [2025-04-10T09:28:19.368+0000] {dag.py:4180} INFO - Setting next_dagrun for dataset_s3_bucket_producer to None, run_after=None
[2025-04-10T09:28:19.393+0000] {processor.py:208} INFO - Processing /home/airflow/.local/lib/python3.12/site-packages/airflow/example_dags/example_dataset_alias.py took 0.706 seconds
[2025-04-10T09:28:50.257+0000] {processor.py:186} INFO - Started process (PID=2068) to work on /home/airflow/.local/lib/python3.12/site-packages/airflow/example_dags/example_dataset_alias.py
[2025-04-10T09:28:50.260+0000] {processor.py:914} INFO - Processing file /home/airflow/.local/lib/python3.12/site-packages/airflow/example_dags/example_dataset_alias.py for tasks to queue
[2025-04-10T09:28:50.263+0000] {logging_mixin.py:190} INFO - [2025-04-10T09:28:50.263+0000] {dagbag.py:588} INFO - Filling up the DagBag from /home/airflow/.local/lib/python3.12/site-packages/airflow/example_dags/example_dataset_alias.py
[2025-04-10T09:28:50.874+0000] {processor.py:925} INFO - DAG(s) 'dataset_s3_bucket_consumer', 'dataset_alias_example_alias_producer', 'dataset_alias_example_alias_consumer', 'dataset_s3_bucket_producer' retrieved from /home/airflow/.local/lib/python3.12/site-packages/airflow/example_dags/example_dataset_alias.py
[2025-04-10T09:28:50.898+0000] {logging_mixin.py:190} INFO - [2025-04-10T09:28:50.897+0000] {dag.py:3239} INFO - Sync 4 DAGs
[2025-04-10T09:28:50.921+0000] {logging_mixin.py:190} INFO - [2025-04-10T09:28:50.921+0000] {dag.py:4180} INFO - Setting next_dagrun for dataset_alias_example_alias_consumer to None, run_after=None
[2025-04-10T09:28:50.927+0000] {logging_mixin.py:190} INFO - [2025-04-10T09:28:50.926+0000] {dag.py:4180} INFO - Setting next_dagrun for dataset_alias_example_alias_producer to None, run_after=None
[2025-04-10T09:28:50.928+0000] {logging_mixin.py:190} INFO - [2025-04-10T09:28:50.928+0000] {dag.py:4180} INFO - Setting next_dagrun for dataset_s3_bucket_consumer to None, run_after=None
[2025-04-10T09:28:50.930+0000] {logging_mixin.py:190} INFO - [2025-04-10T09:28:50.930+0000] {dag.py:4180} INFO - Setting next_dagrun for dataset_s3_bucket_producer to None, run_after=None
[2025-04-10T09:28:50.952+0000] {processor.py:208} INFO - Processing /home/airflow/.local/lib/python3.12/site-packages/airflow/example_dags/example_dataset_alias.py took 0.703 seconds
[2025-04-10T09:29:21.353+0000] {processor.py:186} INFO - Started process (PID=2132) to work on /home/airflow/.local/lib/python3.12/site-packages/airflow/example_dags/example_dataset_alias.py
[2025-04-10T09:29:21.354+0000] {processor.py:914} INFO - Processing file /home/airflow/.local/lib/python3.12/site-packages/airflow/example_dags/example_dataset_alias.py for tasks to queue
[2025-04-10T09:29:21.359+0000] {logging_mixin.py:190} INFO - [2025-04-10T09:29:21.359+0000] {dagbag.py:588} INFO - Filling up the DagBag from /home/airflow/.local/lib/python3.12/site-packages/airflow/example_dags/example_dataset_alias.py
[2025-04-10T09:29:22.054+0000] {processor.py:925} INFO - DAG(s) 'dataset_alias_example_alias_producer', 'dataset_alias_example_alias_consumer', 'dataset_s3_bucket_producer', 'dataset_s3_bucket_consumer' retrieved from /home/airflow/.local/lib/python3.12/site-packages/airflow/example_dags/example_dataset_alias.py
[2025-04-10T09:29:22.077+0000] {logging_mixin.py:190} INFO - [2025-04-10T09:29:22.077+0000] {dag.py:3239} INFO - Sync 4 DAGs
[2025-04-10T09:29:22.104+0000] {logging_mixin.py:190} INFO - [2025-04-10T09:29:22.103+0000] {dag.py:4180} INFO - Setting next_dagrun for dataset_alias_example_alias_consumer to None, run_after=None
[2025-04-10T09:29:22.107+0000] {logging_mixin.py:190} INFO - [2025-04-10T09:29:22.107+0000] {dag.py:4180} INFO - Setting next_dagrun for dataset_alias_example_alias_producer to None, run_after=None
[2025-04-10T09:29:22.109+0000] {logging_mixin.py:190} INFO - [2025-04-10T09:29:22.109+0000] {dag.py:4180} INFO - Setting next_dagrun for dataset_s3_bucket_consumer to None, run_after=None
[2025-04-10T09:29:22.111+0000] {logging_mixin.py:190} INFO - [2025-04-10T09:29:22.111+0000] {dag.py:4180} INFO - Setting next_dagrun for dataset_s3_bucket_producer to None, run_after=None
[2025-04-10T09:29:22.134+0000] {processor.py:208} INFO - Processing /home/airflow/.local/lib/python3.12/site-packages/airflow/example_dags/example_dataset_alias.py took 0.790 seconds
[2025-04-10T09:29:52.450+0000] {processor.py:186} INFO - Started process (PID=2196) to work on /home/airflow/.local/lib/python3.12/site-packages/airflow/example_dags/example_dataset_alias.py
[2025-04-10T09:29:52.451+0000] {processor.py:914} INFO - Processing file /home/airflow/.local/lib/python3.12/site-packages/airflow/example_dags/example_dataset_alias.py for tasks to queue
[2025-04-10T09:29:52.455+0000] {logging_mixin.py:190} INFO - [2025-04-10T09:29:52.454+0000] {dagbag.py:588} INFO - Filling up the DagBag from /home/airflow/.local/lib/python3.12/site-packages/airflow/example_dags/example_dataset_alias.py
[2025-04-10T09:29:53.068+0000] {processor.py:925} INFO - DAG(s) 'dataset_alias_example_alias_consumer', 'dataset_alias_example_alias_producer', 'dataset_s3_bucket_consumer', 'dataset_s3_bucket_producer' retrieved from /home/airflow/.local/lib/python3.12/site-packages/airflow/example_dags/example_dataset_alias.py
[2025-04-10T09:29:53.093+0000] {logging_mixin.py:190} INFO - [2025-04-10T09:29:53.092+0000] {dag.py:3239} INFO - Sync 4 DAGs
[2025-04-10T09:29:53.119+0000] {logging_mixin.py:190} INFO - [2025-04-10T09:29:53.119+0000] {dag.py:4180} INFO - Setting next_dagrun for dataset_alias_example_alias_consumer to None, run_after=None
[2025-04-10T09:29:53.123+0000] {logging_mixin.py:190} INFO - [2025-04-10T09:29:53.123+0000] {dag.py:4180} INFO - Setting next_dagrun for dataset_alias_example_alias_producer to None, run_after=None
[2025-04-10T09:29:53.125+0000] {logging_mixin.py:190} INFO - [2025-04-10T09:29:53.125+0000] {dag.py:4180} INFO - Setting next_dagrun for dataset_s3_bucket_consumer to None, run_after=None
[2025-04-10T09:29:53.128+0000] {logging_mixin.py:190} INFO - [2025-04-10T09:29:53.127+0000] {dag.py:4180} INFO - Setting next_dagrun for dataset_s3_bucket_producer to None, run_after=None
[2025-04-10T09:29:53.150+0000] {processor.py:208} INFO - Processing /home/airflow/.local/lib/python3.12/site-packages/airflow/example_dags/example_dataset_alias.py took 0.708 seconds
[2025-04-10T09:30:23.835+0000] {processor.py:186} INFO - Started process (PID=2260) to work on /home/airflow/.local/lib/python3.12/site-packages/airflow/example_dags/example_dataset_alias.py
[2025-04-10T09:30:23.837+0000] {processor.py:914} INFO - Processing file /home/airflow/.local/lib/python3.12/site-packages/airflow/example_dags/example_dataset_alias.py for tasks to queue
[2025-04-10T09:30:23.843+0000] {logging_mixin.py:190} INFO - [2025-04-10T09:30:23.842+0000] {dagbag.py:588} INFO - Filling up the DagBag from /home/airflow/.local/lib/python3.12/site-packages/airflow/example_dags/example_dataset_alias.py
[2025-04-10T09:30:24.471+0000] {processor.py:925} INFO - DAG(s) 'dataset_s3_bucket_consumer', 'dataset_s3_bucket_producer', 'dataset_alias_example_alias_producer', 'dataset_alias_example_alias_consumer' retrieved from /home/airflow/.local/lib/python3.12/site-packages/airflow/example_dags/example_dataset_alias.py
[2025-04-10T09:30:24.508+0000] {logging_mixin.py:190} INFO - [2025-04-10T09:30:24.507+0000] {dag.py:3239} INFO - Sync 4 DAGs
[2025-04-10T09:30:24.534+0000] {logging_mixin.py:190} INFO - [2025-04-10T09:30:24.534+0000] {dag.py:4180} INFO - Setting next_dagrun for dataset_alias_example_alias_consumer to None, run_after=None
[2025-04-10T09:30:24.540+0000] {logging_mixin.py:190} INFO - [2025-04-10T09:30:24.539+0000] {dag.py:4180} INFO - Setting next_dagrun for dataset_alias_example_alias_producer to None, run_after=None
[2025-04-10T09:30:24.542+0000] {logging_mixin.py:190} INFO - [2025-04-10T09:30:24.541+0000] {dag.py:4180} INFO - Setting next_dagrun for dataset_s3_bucket_consumer to None, run_after=None
[2025-04-10T09:30:24.546+0000] {logging_mixin.py:190} INFO - [2025-04-10T09:30:24.545+0000] {dag.py:4180} INFO - Setting next_dagrun for dataset_s3_bucket_producer to None, run_after=None
[2025-04-10T09:30:24.567+0000] {processor.py:208} INFO - Processing /home/airflow/.local/lib/python3.12/site-packages/airflow/example_dags/example_dataset_alias.py took 0.746 seconds
[2025-04-10T09:30:55.066+0000] {processor.py:186} INFO - Started process (PID=2324) to work on /home/airflow/.local/lib/python3.12/site-packages/airflow/example_dags/example_dataset_alias.py
[2025-04-10T09:30:55.068+0000] {processor.py:914} INFO - Processing file /home/airflow/.local/lib/python3.12/site-packages/airflow/example_dags/example_dataset_alias.py for tasks to queue
[2025-04-10T09:30:55.072+0000] {logging_mixin.py:190} INFO - [2025-04-10T09:30:55.071+0000] {dagbag.py:588} INFO - Filling up the DagBag from /home/airflow/.local/lib/python3.12/site-packages/airflow/example_dags/example_dataset_alias.py
[2025-04-10T09:30:55.760+0000] {processor.py:925} INFO - DAG(s) 'dataset_s3_bucket_consumer', 'dataset_alias_example_alias_producer', 'dataset_s3_bucket_producer', 'dataset_alias_example_alias_consumer' retrieved from /home/airflow/.local/lib/python3.12/site-packages/airflow/example_dags/example_dataset_alias.py
[2025-04-10T09:30:55.793+0000] {logging_mixin.py:190} INFO - [2025-04-10T09:30:55.793+0000] {dag.py:3239} INFO - Sync 4 DAGs
[2025-04-10T09:30:55.824+0000] {logging_mixin.py:190} INFO - [2025-04-10T09:30:55.824+0000] {dag.py:4180} INFO - Setting next_dagrun for dataset_alias_example_alias_consumer to None, run_after=None
[2025-04-10T09:30:55.828+0000] {logging_mixin.py:190} INFO - [2025-04-10T09:30:55.828+0000] {dag.py:4180} INFO - Setting next_dagrun for dataset_alias_example_alias_producer to None, run_after=None
[2025-04-10T09:30:55.832+0000] {logging_mixin.py:190} INFO - [2025-04-10T09:30:55.831+0000] {dag.py:4180} INFO - Setting next_dagrun for dataset_s3_bucket_consumer to None, run_after=None
[2025-04-10T09:30:55.837+0000] {logging_mixin.py:190} INFO - [2025-04-10T09:30:55.836+0000] {dag.py:4180} INFO - Setting next_dagrun for dataset_s3_bucket_producer to None, run_after=None
[2025-04-10T09:30:55.870+0000] {processor.py:208} INFO - Processing /home/airflow/.local/lib/python3.12/site-packages/airflow/example_dags/example_dataset_alias.py took 0.815 seconds
[2025-04-10T09:31:26.795+0000] {processor.py:186} INFO - Started process (PID=2388) to work on /home/airflow/.local/lib/python3.12/site-packages/airflow/example_dags/example_dataset_alias.py
[2025-04-10T09:31:26.796+0000] {processor.py:914} INFO - Processing file /home/airflow/.local/lib/python3.12/site-packages/airflow/example_dags/example_dataset_alias.py for tasks to queue
[2025-04-10T09:31:26.800+0000] {logging_mixin.py:190} INFO - [2025-04-10T09:31:26.799+0000] {dagbag.py:588} INFO - Filling up the DagBag from /home/airflow/.local/lib/python3.12/site-packages/airflow/example_dags/example_dataset_alias.py
[2025-04-10T09:31:27.413+0000] {processor.py:925} INFO - DAG(s) 'dataset_alias_example_alias_consumer', 'dataset_s3_bucket_producer', 'dataset_s3_bucket_consumer', 'dataset_alias_example_alias_producer' retrieved from /home/airflow/.local/lib/python3.12/site-packages/airflow/example_dags/example_dataset_alias.py
[2025-04-10T09:31:27.440+0000] {logging_mixin.py:190} INFO - [2025-04-10T09:31:27.439+0000] {dag.py:3239} INFO - Sync 4 DAGs
[2025-04-10T09:31:27.469+0000] {logging_mixin.py:190} INFO - [2025-04-10T09:31:27.469+0000] {dag.py:4180} INFO - Setting next_dagrun for dataset_alias_example_alias_consumer to None, run_after=None
[2025-04-10T09:31:27.473+0000] {logging_mixin.py:190} INFO - [2025-04-10T09:31:27.472+0000] {dag.py:4180} INFO - Setting next_dagrun for dataset_alias_example_alias_producer to None, run_after=None
[2025-04-10T09:31:27.476+0000] {logging_mixin.py:190} INFO - [2025-04-10T09:31:27.476+0000] {dag.py:4180} INFO - Setting next_dagrun for dataset_s3_bucket_consumer to None, run_after=None
[2025-04-10T09:31:27.478+0000] {logging_mixin.py:190} INFO - [2025-04-10T09:31:27.478+0000] {dag.py:4180} INFO - Setting next_dagrun for dataset_s3_bucket_producer to None, run_after=None
[2025-04-10T09:31:27.499+0000] {processor.py:208} INFO - Processing /home/airflow/.local/lib/python3.12/site-packages/airflow/example_dags/example_dataset_alias.py took 0.715 seconds
[2025-04-10T09:31:57.862+0000] {processor.py:186} INFO - Started process (PID=2452) to work on /home/airflow/.local/lib/python3.12/site-packages/airflow/example_dags/example_dataset_alias.py
[2025-04-10T09:31:57.864+0000] {processor.py:914} INFO - Processing file /home/airflow/.local/lib/python3.12/site-packages/airflow/example_dags/example_dataset_alias.py for tasks to queue
[2025-04-10T09:31:57.867+0000] {logging_mixin.py:190} INFO - [2025-04-10T09:31:57.867+0000] {dagbag.py:588} INFO - Filling up the DagBag from /home/airflow/.local/lib/python3.12/site-packages/airflow/example_dags/example_dataset_alias.py
[2025-04-10T09:31:58.469+0000] {processor.py:925} INFO - DAG(s) 'dataset_s3_bucket_consumer', 'dataset_s3_bucket_producer', 'dataset_alias_example_alias_producer', 'dataset_alias_example_alias_consumer' retrieved from /home/airflow/.local/lib/python3.12/site-packages/airflow/example_dags/example_dataset_alias.py
[2025-04-10T09:31:58.491+0000] {logging_mixin.py:190} INFO - [2025-04-10T09:31:58.491+0000] {dag.py:3239} INFO - Sync 4 DAGs
[2025-04-10T09:31:58.517+0000] {logging_mixin.py:190} INFO - [2025-04-10T09:31:58.517+0000] {dag.py:4180} INFO - Setting next_dagrun for dataset_alias_example_alias_consumer to None, run_after=None
[2025-04-10T09:31:58.520+0000] {logging_mixin.py:190} INFO - [2025-04-10T09:31:58.520+0000] {dag.py:4180} INFO - Setting next_dagrun for dataset_alias_example_alias_producer to None, run_after=None
[2025-04-10T09:31:58.523+0000] {logging_mixin.py:190} INFO - [2025-04-10T09:31:58.523+0000] {dag.py:4180} INFO - Setting next_dagrun for dataset_s3_bucket_consumer to None, run_after=None
[2025-04-10T09:31:58.526+0000] {logging_mixin.py:190} INFO - [2025-04-10T09:31:58.525+0000] {dag.py:4180} INFO - Setting next_dagrun for dataset_s3_bucket_producer to None, run_after=None
[2025-04-10T09:31:58.550+0000] {processor.py:208} INFO - Processing /home/airflow/.local/lib/python3.12/site-packages/airflow/example_dags/example_dataset_alias.py took 0.696 seconds
[2025-04-10T09:32:28.735+0000] {processor.py:186} INFO - Started process (PID=2516) to work on /home/airflow/.local/lib/python3.12/site-packages/airflow/example_dags/example_dataset_alias.py
[2025-04-10T09:32:28.737+0000] {processor.py:914} INFO - Processing file /home/airflow/.local/lib/python3.12/site-packages/airflow/example_dags/example_dataset_alias.py for tasks to queue
[2025-04-10T09:32:28.740+0000] {logging_mixin.py:190} INFO - [2025-04-10T09:32:28.739+0000] {dagbag.py:588} INFO - Filling up the DagBag from /home/airflow/.local/lib/python3.12/site-packages/airflow/example_dags/example_dataset_alias.py
[2025-04-10T09:32:29.347+0000] {processor.py:925} INFO - DAG(s) 'dataset_alias_example_alias_consumer', 'dataset_alias_example_alias_producer', 'dataset_s3_bucket_producer', 'dataset_s3_bucket_consumer' retrieved from /home/airflow/.local/lib/python3.12/site-packages/airflow/example_dags/example_dataset_alias.py
[2025-04-10T09:32:29.374+0000] {logging_mixin.py:190} INFO - [2025-04-10T09:32:29.373+0000] {dag.py:3239} INFO - Sync 4 DAGs
[2025-04-10T09:32:29.399+0000] {logging_mixin.py:190} INFO - [2025-04-10T09:32:29.399+0000] {dag.py:4180} INFO - Setting next_dagrun for dataset_alias_example_alias_consumer to None, run_after=None
[2025-04-10T09:32:29.407+0000] {logging_mixin.py:190} INFO - [2025-04-10T09:32:29.407+0000] {dag.py:4180} INFO - Setting next_dagrun for dataset_alias_example_alias_producer to None, run_after=None
[2025-04-10T09:32:29.409+0000] {logging_mixin.py:190} INFO - [2025-04-10T09:32:29.409+0000] {dag.py:4180} INFO - Setting next_dagrun for dataset_s3_bucket_consumer to None, run_after=None
[2025-04-10T09:32:29.412+0000] {logging_mixin.py:190} INFO - [2025-04-10T09:32:29.411+0000] {dag.py:4180} INFO - Setting next_dagrun for dataset_s3_bucket_producer to None, run_after=None
[2025-04-10T09:32:29.437+0000] {processor.py:208} INFO - Processing /home/airflow/.local/lib/python3.12/site-packages/airflow/example_dags/example_dataset_alias.py took 0.709 seconds
[2025-04-10T09:32:59.697+0000] {processor.py:186} INFO - Started process (PID=2580) to work on /home/airflow/.local/lib/python3.12/site-packages/airflow/example_dags/example_dataset_alias.py
[2025-04-10T09:32:59.698+0000] {processor.py:914} INFO - Processing file /home/airflow/.local/lib/python3.12/site-packages/airflow/example_dags/example_dataset_alias.py for tasks to queue
[2025-04-10T09:32:59.700+0000] {logging_mixin.py:190} INFO - [2025-04-10T09:32:59.700+0000] {dagbag.py:588} INFO - Filling up the DagBag from /home/airflow/.local/lib/python3.12/site-packages/airflow/example_dags/example_dataset_alias.py
[2025-04-10T09:33:00.309+0000] {processor.py:925} INFO - DAG(s) 'dataset_s3_bucket_producer', 'dataset_alias_example_alias_producer', 'dataset_s3_bucket_consumer', 'dataset_alias_example_alias_consumer' retrieved from /home/airflow/.local/lib/python3.12/site-packages/airflow/example_dags/example_dataset_alias.py
[2025-04-10T09:33:00.332+0000] {logging_mixin.py:190} INFO - [2025-04-10T09:33:00.332+0000] {dag.py:3239} INFO - Sync 4 DAGs
[2025-04-10T09:33:00.359+0000] {logging_mixin.py:190} INFO - [2025-04-10T09:33:00.359+0000] {dag.py:4180} INFO - Setting next_dagrun for dataset_alias_example_alias_consumer to None, run_after=None
[2025-04-10T09:33:00.362+0000] {logging_mixin.py:190} INFO - [2025-04-10T09:33:00.362+0000] {dag.py:4180} INFO - Setting next_dagrun for dataset_alias_example_alias_producer to None, run_after=None
[2025-04-10T09:33:00.365+0000] {logging_mixin.py:190} INFO - [2025-04-10T09:33:00.365+0000] {dag.py:4180} INFO - Setting next_dagrun for dataset_s3_bucket_consumer to None, run_after=None
[2025-04-10T09:33:00.367+0000] {logging_mixin.py:190} INFO - [2025-04-10T09:33:00.367+0000] {dag.py:4180} INFO - Setting next_dagrun for dataset_s3_bucket_producer to None, run_after=None
[2025-04-10T09:33:00.391+0000] {processor.py:208} INFO - Processing /home/airflow/.local/lib/python3.12/site-packages/airflow/example_dags/example_dataset_alias.py took 0.702 seconds
[2025-04-10T09:33:30.524+0000] {processor.py:186} INFO - Started process (PID=2644) to work on /home/airflow/.local/lib/python3.12/site-packages/airflow/example_dags/example_dataset_alias.py
[2025-04-10T09:33:30.525+0000] {processor.py:914} INFO - Processing file /home/airflow/.local/lib/python3.12/site-packages/airflow/example_dags/example_dataset_alias.py for tasks to queue
[2025-04-10T09:33:30.529+0000] {logging_mixin.py:190} INFO - [2025-04-10T09:33:30.528+0000] {dagbag.py:588} INFO - Filling up the DagBag from /home/airflow/.local/lib/python3.12/site-packages/airflow/example_dags/example_dataset_alias.py
[2025-04-10T09:33:31.146+0000] {processor.py:925} INFO - DAG(s) 'dataset_alias_example_alias_producer', 'dataset_alias_example_alias_consumer', 'dataset_s3_bucket_consumer', 'dataset_s3_bucket_producer' retrieved from /home/airflow/.local/lib/python3.12/site-packages/airflow/example_dags/example_dataset_alias.py
[2025-04-10T09:33:31.169+0000] {logging_mixin.py:190} INFO - [2025-04-10T09:33:31.168+0000] {dag.py:3239} INFO - Sync 4 DAGs
[2025-04-10T09:33:31.192+0000] {logging_mixin.py:190} INFO - [2025-04-10T09:33:31.192+0000] {dag.py:4180} INFO - Setting next_dagrun for dataset_alias_example_alias_consumer to None, run_after=None
[2025-04-10T09:33:31.195+0000] {logging_mixin.py:190} INFO - [2025-04-10T09:33:31.195+0000] {dag.py:4180} INFO - Setting next_dagrun for dataset_alias_example_alias_producer to None, run_after=None
[2025-04-10T09:33:31.197+0000] {logging_mixin.py:190} INFO - [2025-04-10T09:33:31.197+0000] {dag.py:4180} INFO - Setting next_dagrun for dataset_s3_bucket_consumer to None, run_after=None
[2025-04-10T09:33:31.199+0000] {logging_mixin.py:190} INFO - [2025-04-10T09:33:31.199+0000] {dag.py:4180} INFO - Setting next_dagrun for dataset_s3_bucket_producer to None, run_after=None
[2025-04-10T09:33:31.221+0000] {processor.py:208} INFO - Processing /home/airflow/.local/lib/python3.12/site-packages/airflow/example_dags/example_dataset_alias.py took 0.705 seconds
[2025-04-10T09:34:01.665+0000] {processor.py:186} INFO - Started process (PID=2708) to work on /home/airflow/.local/lib/python3.12/site-packages/airflow/example_dags/example_dataset_alias.py
[2025-04-10T09:34:01.666+0000] {processor.py:914} INFO - Processing file /home/airflow/.local/lib/python3.12/site-packages/airflow/example_dags/example_dataset_alias.py for tasks to queue
[2025-04-10T09:34:01.670+0000] {logging_mixin.py:190} INFO - [2025-04-10T09:34:01.669+0000] {dagbag.py:588} INFO - Filling up the DagBag from /home/airflow/.local/lib/python3.12/site-packages/airflow/example_dags/example_dataset_alias.py
[2025-04-10T09:34:02.293+0000] {processor.py:925} INFO - DAG(s) 'dataset_alias_example_alias_consumer', 'dataset_alias_example_alias_producer', 'dataset_s3_bucket_consumer', 'dataset_s3_bucket_producer' retrieved from /home/airflow/.local/lib/python3.12/site-packages/airflow/example_dags/example_dataset_alias.py
[2025-04-10T09:34:02.319+0000] {logging_mixin.py:190} INFO - [2025-04-10T09:34:02.319+0000] {dag.py:3239} INFO - Sync 4 DAGs
[2025-04-10T09:34:02.346+0000] {logging_mixin.py:190} INFO - [2025-04-10T09:34:02.346+0000] {dag.py:4180} INFO - Setting next_dagrun for dataset_alias_example_alias_consumer to None, run_after=None
[2025-04-10T09:34:02.350+0000] {logging_mixin.py:190} INFO - [2025-04-10T09:34:02.349+0000] {dag.py:4180} INFO - Setting next_dagrun for dataset_alias_example_alias_producer to None, run_after=None
[2025-04-10T09:34:02.352+0000] {logging_mixin.py:190} INFO - [2025-04-10T09:34:02.352+0000] {dag.py:4180} INFO - Setting next_dagrun for dataset_s3_bucket_consumer to None, run_after=None
[2025-04-10T09:34:02.354+0000] {logging_mixin.py:190} INFO - [2025-04-10T09:34:02.353+0000] {dag.py:4180} INFO - Setting next_dagrun for dataset_s3_bucket_producer to None, run_after=None
[2025-04-10T09:34:02.376+0000] {processor.py:208} INFO - Processing /home/airflow/.local/lib/python3.12/site-packages/airflow/example_dags/example_dataset_alias.py took 0.719 seconds
[2025-04-10T09:34:32.888+0000] {processor.py:186} INFO - Started process (PID=2772) to work on /home/airflow/.local/lib/python3.12/site-packages/airflow/example_dags/example_dataset_alias.py
[2025-04-10T09:34:32.890+0000] {processor.py:914} INFO - Processing file /home/airflow/.local/lib/python3.12/site-packages/airflow/example_dags/example_dataset_alias.py for tasks to queue
[2025-04-10T09:34:32.893+0000] {logging_mixin.py:190} INFO - [2025-04-10T09:34:32.892+0000] {dagbag.py:588} INFO - Filling up the DagBag from /home/airflow/.local/lib/python3.12/site-packages/airflow/example_dags/example_dataset_alias.py
[2025-04-10T09:34:33.558+0000] {processor.py:925} INFO - DAG(s) 'dataset_s3_bucket_consumer', 'dataset_s3_bucket_producer', 'dataset_alias_example_alias_consumer', 'dataset_alias_example_alias_producer' retrieved from /home/airflow/.local/lib/python3.12/site-packages/airflow/example_dags/example_dataset_alias.py
[2025-04-10T09:34:33.604+0000] {logging_mixin.py:190} INFO - [2025-04-10T09:34:33.604+0000] {dag.py:3239} INFO - Sync 4 DAGs
[2025-04-10T09:34:33.647+0000] {logging_mixin.py:190} INFO - [2025-04-10T09:34:33.646+0000] {dag.py:4180} INFO - Setting next_dagrun for dataset_alias_example_alias_consumer to None, run_after=None
[2025-04-10T09:34:33.652+0000] {logging_mixin.py:190} INFO - [2025-04-10T09:34:33.652+0000] {dag.py:4180} INFO - Setting next_dagrun for dataset_alias_example_alias_producer to None, run_after=None
[2025-04-10T09:34:33.656+0000] {logging_mixin.py:190} INFO - [2025-04-10T09:34:33.655+0000] {dag.py:4180} INFO - Setting next_dagrun for dataset_s3_bucket_consumer to None, run_after=None
[2025-04-10T09:34:33.660+0000] {logging_mixin.py:190} INFO - [2025-04-10T09:34:33.660+0000] {dag.py:4180} INFO - Setting next_dagrun for dataset_s3_bucket_producer to None, run_after=None
[2025-04-10T09:34:33.693+0000] {processor.py:208} INFO - Processing /home/airflow/.local/lib/python3.12/site-packages/airflow/example_dags/example_dataset_alias.py took 0.813 seconds
[2025-04-10T09:35:04.019+0000] {processor.py:186} INFO - Started process (PID=2836) to work on /home/airflow/.local/lib/python3.12/site-packages/airflow/example_dags/example_dataset_alias.py
[2025-04-10T09:35:04.020+0000] {processor.py:914} INFO - Processing file /home/airflow/.local/lib/python3.12/site-packages/airflow/example_dags/example_dataset_alias.py for tasks to queue
[2025-04-10T09:35:04.023+0000] {logging_mixin.py:190} INFO - [2025-04-10T09:35:04.023+0000] {dagbag.py:588} INFO - Filling up the DagBag from /home/airflow/.local/lib/python3.12/site-packages/airflow/example_dags/example_dataset_alias.py
[2025-04-10T09:35:04.661+0000] {processor.py:925} INFO - DAG(s) 'dataset_s3_bucket_producer', 'dataset_alias_example_alias_consumer', 'dataset_alias_example_alias_producer', 'dataset_s3_bucket_consumer' retrieved from /home/airflow/.local/lib/python3.12/site-packages/airflow/example_dags/example_dataset_alias.py
[2025-04-10T09:35:04.690+0000] {logging_mixin.py:190} INFO - [2025-04-10T09:35:04.690+0000] {dag.py:3239} INFO - Sync 4 DAGs
[2025-04-10T09:35:04.719+0000] {logging_mixin.py:190} INFO - [2025-04-10T09:35:04.718+0000] {dag.py:4180} INFO - Setting next_dagrun for dataset_alias_example_alias_consumer to None, run_after=None
[2025-04-10T09:35:04.722+0000] {logging_mixin.py:190} INFO - [2025-04-10T09:35:04.722+0000] {dag.py:4180} INFO - Setting next_dagrun for dataset_alias_example_alias_producer to None, run_after=None
[2025-04-10T09:35:04.725+0000] {logging_mixin.py:190} INFO - [2025-04-10T09:35:04.724+0000] {dag.py:4180} INFO - Setting next_dagrun for dataset_s3_bucket_consumer to None, run_after=None
[2025-04-10T09:35:04.727+0000] {logging_mixin.py:190} INFO - [2025-04-10T09:35:04.727+0000] {dag.py:4180} INFO - Setting next_dagrun for dataset_s3_bucket_producer to None, run_after=None
[2025-04-10T09:35:04.756+0000] {processor.py:208} INFO - Processing /home/airflow/.local/lib/python3.12/site-packages/airflow/example_dags/example_dataset_alias.py took 0.744 seconds
[2025-04-10T09:35:34.916+0000] {processor.py:186} INFO - Started process (PID=2900) to work on /home/airflow/.local/lib/python3.12/site-packages/airflow/example_dags/example_dataset_alias.py
[2025-04-10T09:35:34.918+0000] {processor.py:914} INFO - Processing file /home/airflow/.local/lib/python3.12/site-packages/airflow/example_dags/example_dataset_alias.py for tasks to queue
[2025-04-10T09:35:34.922+0000] {logging_mixin.py:190} INFO - [2025-04-10T09:35:34.922+0000] {dagbag.py:588} INFO - Filling up the DagBag from /home/airflow/.local/lib/python3.12/site-packages/airflow/example_dags/example_dataset_alias.py
[2025-04-10T09:35:35.557+0000] {processor.py:925} INFO - DAG(s) 'dataset_alias_example_alias_producer', 'dataset_s3_bucket_consumer', 'dataset_s3_bucket_producer', 'dataset_alias_example_alias_consumer' retrieved from /home/airflow/.local/lib/python3.12/site-packages/airflow/example_dags/example_dataset_alias.py
[2025-04-10T09:35:35.594+0000] {logging_mixin.py:190} INFO - [2025-04-10T09:35:35.593+0000] {dag.py:3239} INFO - Sync 4 DAGs
[2025-04-10T09:35:35.631+0000] {logging_mixin.py:190} INFO - [2025-04-10T09:35:35.631+0000] {dag.py:4180} INFO - Setting next_dagrun for dataset_alias_example_alias_consumer to None, run_after=None
[2025-04-10T09:35:35.635+0000] {logging_mixin.py:190} INFO - [2025-04-10T09:35:35.634+0000] {dag.py:4180} INFO - Setting next_dagrun for dataset_alias_example_alias_producer to None, run_after=None
[2025-04-10T09:35:35.636+0000] {logging_mixin.py:190} INFO - [2025-04-10T09:35:35.636+0000] {dag.py:4180} INFO - Setting next_dagrun for dataset_s3_bucket_consumer to None, run_after=None
[2025-04-10T09:35:35.638+0000] {logging_mixin.py:190} INFO - [2025-04-10T09:35:35.638+0000] {dag.py:4180} INFO - Setting next_dagrun for dataset_s3_bucket_producer to None, run_after=None
[2025-04-10T09:35:35.673+0000] {processor.py:208} INFO - Processing /home/airflow/.local/lib/python3.12/site-packages/airflow/example_dags/example_dataset_alias.py took 0.766 seconds
[2025-04-10T09:36:05.875+0000] {processor.py:186} INFO - Started process (PID=2966) to work on /home/airflow/.local/lib/python3.12/site-packages/airflow/example_dags/example_dataset_alias.py
[2025-04-10T09:36:05.877+0000] {processor.py:914} INFO - Processing file /home/airflow/.local/lib/python3.12/site-packages/airflow/example_dags/example_dataset_alias.py for tasks to queue
[2025-04-10T09:36:05.881+0000] {logging_mixin.py:190} INFO - [2025-04-10T09:36:05.880+0000] {dagbag.py:588} INFO - Filling up the DagBag from /home/airflow/.local/lib/python3.12/site-packages/airflow/example_dags/example_dataset_alias.py
[2025-04-10T09:36:06.520+0000] {processor.py:925} INFO - DAG(s) 'dataset_alias_example_alias_producer', 'dataset_s3_bucket_consumer', 'dataset_alias_example_alias_consumer', 'dataset_s3_bucket_producer' retrieved from /home/airflow/.local/lib/python3.12/site-packages/airflow/example_dags/example_dataset_alias.py
[2025-04-10T09:36:06.542+0000] {logging_mixin.py:190} INFO - [2025-04-10T09:36:06.541+0000] {dag.py:3239} INFO - Sync 4 DAGs
[2025-04-10T09:36:06.563+0000] {logging_mixin.py:190} INFO - [2025-04-10T09:36:06.563+0000] {dag.py:4180} INFO - Setting next_dagrun for dataset_alias_example_alias_consumer to None, run_after=None
[2025-04-10T09:36:06.566+0000] {logging_mixin.py:190} INFO - [2025-04-10T09:36:06.566+0000] {dag.py:4180} INFO - Setting next_dagrun for dataset_alias_example_alias_producer to None, run_after=None
[2025-04-10T09:36:06.568+0000] {logging_mixin.py:190} INFO - [2025-04-10T09:36:06.568+0000] {dag.py:4180} INFO - Setting next_dagrun for dataset_s3_bucket_consumer to None, run_after=None
[2025-04-10T09:36:06.570+0000] {logging_mixin.py:190} INFO - [2025-04-10T09:36:06.569+0000] {dag.py:4180} INFO - Setting next_dagrun for dataset_s3_bucket_producer to None, run_after=None
[2025-04-10T09:36:06.590+0000] {processor.py:208} INFO - Processing /home/airflow/.local/lib/python3.12/site-packages/airflow/example_dags/example_dataset_alias.py took 0.722 seconds
[2025-04-10T09:36:37.029+0000] {processor.py:186} INFO - Started process (PID=3030) to work on /home/airflow/.local/lib/python3.12/site-packages/airflow/example_dags/example_dataset_alias.py
[2025-04-10T09:36:37.030+0000] {processor.py:914} INFO - Processing file /home/airflow/.local/lib/python3.12/site-packages/airflow/example_dags/example_dataset_alias.py for tasks to queue
[2025-04-10T09:36:37.033+0000] {logging_mixin.py:190} INFO - [2025-04-10T09:36:37.033+0000] {dagbag.py:588} INFO - Filling up the DagBag from /home/airflow/.local/lib/python3.12/site-packages/airflow/example_dags/example_dataset_alias.py
[2025-04-10T09:36:37.626+0000] {processor.py:925} INFO - DAG(s) 'dataset_s3_bucket_producer', 'dataset_s3_bucket_consumer', 'dataset_alias_example_alias_consumer', 'dataset_alias_example_alias_producer' retrieved from /home/airflow/.local/lib/python3.12/site-packages/airflow/example_dags/example_dataset_alias.py
[2025-04-10T09:36:37.648+0000] {logging_mixin.py:190} INFO - [2025-04-10T09:36:37.647+0000] {dag.py:3239} INFO - Sync 4 DAGs
[2025-04-10T09:36:37.671+0000] {logging_mixin.py:190} INFO - [2025-04-10T09:36:37.671+0000] {dag.py:4180} INFO - Setting next_dagrun for dataset_alias_example_alias_consumer to None, run_after=None
[2025-04-10T09:36:37.675+0000] {logging_mixin.py:190} INFO - [2025-04-10T09:36:37.674+0000] {dag.py:4180} INFO - Setting next_dagrun for dataset_alias_example_alias_producer to None, run_after=None
[2025-04-10T09:36:37.677+0000] {logging_mixin.py:190} INFO - [2025-04-10T09:36:37.676+0000] {dag.py:4180} INFO - Setting next_dagrun for dataset_s3_bucket_consumer to None, run_after=None
[2025-04-10T09:36:37.678+0000] {logging_mixin.py:190} INFO - [2025-04-10T09:36:37.678+0000] {dag.py:4180} INFO - Setting next_dagrun for dataset_s3_bucket_producer to None, run_after=None
[2025-04-10T09:36:37.699+0000] {processor.py:208} INFO - Processing /home/airflow/.local/lib/python3.12/site-packages/airflow/example_dags/example_dataset_alias.py took 0.677 seconds
[2025-04-10T09:37:07.962+0000] {processor.py:186} INFO - Started process (PID=3094) to work on /home/airflow/.local/lib/python3.12/site-packages/airflow/example_dags/example_dataset_alias.py
[2025-04-10T09:37:07.963+0000] {processor.py:914} INFO - Processing file /home/airflow/.local/lib/python3.12/site-packages/airflow/example_dags/example_dataset_alias.py for tasks to queue
[2025-04-10T09:37:07.966+0000] {logging_mixin.py:190} INFO - [2025-04-10T09:37:07.966+0000] {dagbag.py:588} INFO - Filling up the DagBag from /home/airflow/.local/lib/python3.12/site-packages/airflow/example_dags/example_dataset_alias.py
[2025-04-10T09:37:08.599+0000] {processor.py:925} INFO - DAG(s) 'dataset_s3_bucket_consumer', 'dataset_alias_example_alias_producer', 'dataset_s3_bucket_producer', 'dataset_alias_example_alias_consumer' retrieved from /home/airflow/.local/lib/python3.12/site-packages/airflow/example_dags/example_dataset_alias.py
[2025-04-10T09:37:08.622+0000] {logging_mixin.py:190} INFO - [2025-04-10T09:37:08.621+0000] {dag.py:3239} INFO - Sync 4 DAGs
[2025-04-10T09:37:08.650+0000] {logging_mixin.py:190} INFO - [2025-04-10T09:37:08.649+0000] {dag.py:4180} INFO - Setting next_dagrun for dataset_alias_example_alias_consumer to None, run_after=None
[2025-04-10T09:37:08.653+0000] {logging_mixin.py:190} INFO - [2025-04-10T09:37:08.653+0000] {dag.py:4180} INFO - Setting next_dagrun for dataset_alias_example_alias_producer to None, run_after=None
[2025-04-10T09:37:08.656+0000] {logging_mixin.py:190} INFO - [2025-04-10T09:37:08.655+0000] {dag.py:4180} INFO - Setting next_dagrun for dataset_s3_bucket_consumer to None, run_after=None
[2025-04-10T09:37:08.659+0000] {logging_mixin.py:190} INFO - [2025-04-10T09:37:08.658+0000] {dag.py:4180} INFO - Setting next_dagrun for dataset_s3_bucket_producer to None, run_after=None
[2025-04-10T09:37:08.682+0000] {processor.py:208} INFO - Processing /home/airflow/.local/lib/python3.12/site-packages/airflow/example_dags/example_dataset_alias.py took 0.728 seconds
