[2025-04-09T10:34:04.026+0000] {local_task_job_runner.py:123} INFO - ::group::Pre task execution logs
[2025-04-09T10:34:04.043+0000] {taskinstance.py:2614} INFO - Dependencies all met for dep_context=non-requeueable deps ti=<TaskInstance: slurm_async_job.submit_slurm manual__2025-04-09T10:34:00.931246+00:00 [queued]>
[2025-04-09T10:34:04.052+0000] {taskinstance.py:2614} INFO - Dependencies all met for dep_context=requeueable deps ti=<TaskInstance: slurm_async_job.submit_slurm manual__2025-04-09T10:34:00.931246+00:00 [queued]>
[2025-04-09T10:34:04.053+0000] {taskinstance.py:2867} INFO - Starting attempt 1 of 1
[2025-04-09T10:34:04.066+0000] {taskinstance.py:2890} INFO - Executing <Task(SubmitAndMonitorSlurmJobOperator): submit_slurm> on 2025-04-09 10:34:00.931246+00:00
[2025-04-09T10:34:04.073+0000] {warnings.py:112} WARNING - /home/***/.local/lib/python3.12/site-packages/***/task/task_runner/standard_task_runner.py:70: DeprecationWarning: This process (pid=700) is multi-threaded, use of fork() may lead to deadlocks in the child.
  pid = os.fork()

[2025-04-09T10:34:04.075+0000] {standard_task_runner.py:72} INFO - Started process 702 to run task
[2025-04-09T10:34:04.076+0000] {standard_task_runner.py:104} INFO - Running: ['***', 'tasks', 'run', 'slurm_async_job', 'submit_slurm', 'manual__2025-04-09T10:34:00.931246+00:00', '--job-id', '51', '--raw', '--subdir', 'DAGS_FOLDER/slurm_test_job.py', '--cfg-path', '/tmp/tmp1v2x_tj0']
[2025-04-09T10:34:04.077+0000] {standard_task_runner.py:105} INFO - Job 51: Subtask submit_slurm
[2025-04-09T10:34:04.125+0000] {task_command.py:467} INFO - Running <TaskInstance: slurm_async_job.submit_slurm manual__2025-04-09T10:34:00.931246+00:00 [running]> on host 3f0a98f0bd17
[2025-04-09T10:34:04.213+0000] {taskinstance.py:3134} INFO - Exporting env vars: AIRFLOW_CTX_DAG_OWNER='***' AIRFLOW_CTX_DAG_ID='slurm_async_job' AIRFLOW_CTX_TASK_ID='submit_slurm' AIRFLOW_CTX_EXECUTION_DATE='2025-04-09T10:34:00.931246+00:00' AIRFLOW_CTX_TRY_NUMBER='1' AIRFLOW_CTX_DAG_RUN_ID='manual__2025-04-09T10:34:00.931246+00:00'
[2025-04-09T10:34:04.214+0000] {logging_mixin.py:190} INFO - Task instance is in running state
[2025-04-09T10:34:04.215+0000] {logging_mixin.py:190} INFO -  Previous state of the Task instance: queued
[2025-04-09T10:34:04.215+0000] {logging_mixin.py:190} INFO - Current task name:submit_slurm state:running start_date:2025-04-09 10:34:04.044158+00:00
[2025-04-09T10:34:04.216+0000] {logging_mixin.py:190} INFO - Dag name:slurm_async_job and current dag run status:running
[2025-04-09T10:34:04.216+0000] {taskinstance.py:732} INFO - ::endgroup::
[2025-04-09T10:34:04.226+0000] {base.py:84} INFO - Retrieving connection 'hpc_ssh'
[2025-04-09T10:34:04.227+0000] {ssh.py:286} WARNING - No Host Key Verification. This won't protect against Man-In-The-Middle attacks
[2025-04-09T10:34:04.311+0000] {transport.py:1944} INFO - Connected (version 2.0, client OpenSSH_8.0)
[2025-04-09T10:34:04.754+0000] {transport.py:1944} INFO - Authentication (password) successful!
[2025-04-09T10:34:06.503+0000] {slurm_operator.py:18} INFO - sbatch output: Submitted batch job 6690

[2025-04-09T10:34:06.508+0000] {crypto.py:82} WARNING - empty cryptography key - values will not be stored encrypted.
[2025-04-09T10:34:06.564+0000] {taskinstance.py:289} INFO - Pausing task as DEFERRED. dag_id=slurm_async_job, task_id=submit_slurm, run_id=manual__2025-04-09T10:34:00.931246+00:00, execution_date=20250409T103400, start_date=20250409T103404
[2025-04-09T10:34:06.566+0000] {taskinstance.py:341} INFO - ::group::Post task execution logs
[2025-04-09T10:34:06.593+0000] {local_task_job_runner.py:260} INFO - Task exited with return code 100 (task deferral)
[2025-04-09T10:34:06.593+0000] {local_task_job_runner.py:245} INFO - ::endgroup::
[2025-04-09T10:36:16.000+0000] {local_task_job_runner.py:123} INFO - ::group::Pre task execution logs
[2025-04-09T10:36:16.017+0000] {taskinstance.py:2614} INFO - Dependencies all met for dep_context=non-requeueable deps ti=<TaskInstance: slurm_async_job.submit_slurm manual__2025-04-09T10:34:00.931246+00:00 [queued]>
[2025-04-09T10:36:16.026+0000] {taskinstance.py:2614} INFO - Dependencies all met for dep_context=requeueable deps ti=<TaskInstance: slurm_async_job.submit_slurm manual__2025-04-09T10:34:00.931246+00:00 [queued]>
[2025-04-09T10:36:16.027+0000] {taskinstance.py:2865} INFO - Resuming after deferral
[2025-04-09T10:36:16.042+0000] {taskinstance.py:2890} INFO - Executing <Task(SubmitAndMonitorSlurmJobOperator): submit_slurm> on 2025-04-09 10:34:00.931246+00:00
[2025-04-09T10:36:16.049+0000] {warnings.py:112} WARNING - /home/***/.local/lib/python3.12/site-packages/***/task/task_runner/standard_task_runner.py:70: DeprecationWarning: This process (pid=734) is multi-threaded, use of fork() may lead to deadlocks in the child.
  pid = os.fork()

[2025-04-09T10:36:16.051+0000] {standard_task_runner.py:72} INFO - Started process 736 to run task
[2025-04-09T10:36:16.052+0000] {standard_task_runner.py:104} INFO - Running: ['***', 'tasks', 'run', 'slurm_async_job', 'submit_slurm', 'manual__2025-04-09T10:34:00.931246+00:00', '--job-id', '52', '--raw', '--subdir', 'DAGS_FOLDER/slurm_test_job.py', '--cfg-path', '/tmp/tmp_mklcdhx']
[2025-04-09T10:36:16.054+0000] {standard_task_runner.py:105} INFO - Job 52: Subtask submit_slurm
[2025-04-09T10:36:16.103+0000] {task_command.py:467} INFO - Running <TaskInstance: slurm_async_job.submit_slurm manual__2025-04-09T10:34:00.931246+00:00 [running]> on host 3f0a98f0bd17
[2025-04-09T10:36:16.177+0000] {logging_mixin.py:190} INFO - Task instance is in running state
[2025-04-09T10:36:16.177+0000] {logging_mixin.py:190} INFO -  Previous state of the Task instance: queued
[2025-04-09T10:36:16.178+0000] {logging_mixin.py:190} INFO - Current task name:submit_slurm state:running start_date:2025-04-09 10:34:04.044158+00:00
[2025-04-09T10:36:16.178+0000] {logging_mixin.py:190} INFO - Dag name:slurm_async_job and current dag run status:running
[2025-04-09T10:36:16.178+0000] {taskinstance.py:732} INFO - ::endgroup::
[2025-04-09T10:36:16.179+0000] {slurm_operator.py:28} INFO - SLURM job completed.
[2025-04-09T10:36:16.190+0000] {taskinstance.py:341} INFO - ::group::Post task execution logs
[2025-04-09T10:36:16.190+0000] {taskinstance.py:353} INFO - Marking task as SUCCESS. dag_id=slurm_async_job, task_id=submit_slurm, run_id=manual__2025-04-09T10:34:00.931246+00:00, execution_date=20250409T103400, start_date=20250409T103404, end_date=20250409T103616
[2025-04-09T10:36:16.214+0000] {logging_mixin.py:190} INFO - Task instance in success state
[2025-04-09T10:36:16.215+0000] {logging_mixin.py:190} INFO -  Previous state of the Task instance: running
[2025-04-09T10:36:16.217+0000] {logging_mixin.py:190} INFO - Dag name:slurm_async_job queued_at:2025-04-09 10:34:00.953912+00:00
[2025-04-09T10:36:16.217+0000] {logging_mixin.py:190} INFO - Task hostname:3f0a98f0bd17 operator:SubmitAndMonitorSlurmJobOperator
[2025-04-09T10:36:16.234+0000] {local_task_job_runner.py:266} INFO - Task exited with return code 0
[2025-04-09T10:36:16.251+0000] {taskinstance.py:3901} INFO - 0 downstream tasks scheduled from follow-on schedule check
[2025-04-09T10:36:16.253+0000] {local_task_job_runner.py:245} INFO - ::endgroup::
