[2025-04-09T10:07:08.610+0000] {local_task_job_runner.py:123} INFO - ::group::Pre task execution logs
[2025-04-09T10:07:08.628+0000] {taskinstance.py:2614} INFO - Dependencies all met for dep_context=non-requeueable deps ti=<TaskInstance: slurm_async_job.submit_slurm manual__2025-04-09T10:07:05.646006+00:00 [queued]>
[2025-04-09T10:07:08.638+0000] {taskinstance.py:2614} INFO - Dependencies all met for dep_context=requeueable deps ti=<TaskInstance: slurm_async_job.submit_slurm manual__2025-04-09T10:07:05.646006+00:00 [queued]>
[2025-04-09T10:07:08.638+0000] {taskinstance.py:2867} INFO - Starting attempt 1 of 1
[2025-04-09T10:07:08.652+0000] {taskinstance.py:2890} INFO - Executing <Task(SubmitAndMonitorSlurmJobOperator): submit_slurm> on 2025-04-09 10:07:05.646006+00:00
[2025-04-09T10:07:08.659+0000] {warnings.py:112} WARNING - /home/***/.local/lib/python3.12/site-packages/***/task/task_runner/standard_task_runner.py:70: DeprecationWarning: This process (pid=323) is multi-threaded, use of fork() may lead to deadlocks in the child.
  pid = os.fork()

[2025-04-09T10:07:08.661+0000] {standard_task_runner.py:72} INFO - Started process 325 to run task
[2025-04-09T10:07:08.662+0000] {standard_task_runner.py:104} INFO - Running: ['***', 'tasks', 'run', 'slurm_async_job', 'submit_slurm', 'manual__2025-04-09T10:07:05.646006+00:00', '--job-id', '42', '--raw', '--subdir', 'DAGS_FOLDER/slurm_test_job.py', '--cfg-path', '/tmp/tmpb9_6nudv']
[2025-04-09T10:07:08.663+0000] {standard_task_runner.py:105} INFO - Job 42: Subtask submit_slurm
[2025-04-09T10:07:08.713+0000] {task_command.py:467} INFO - Running <TaskInstance: slurm_async_job.submit_slurm manual__2025-04-09T10:07:05.646006+00:00 [running]> on host 3f0a98f0bd17
[2025-04-09T10:07:08.795+0000] {taskinstance.py:3134} INFO - Exporting env vars: AIRFLOW_CTX_DAG_OWNER='***' AIRFLOW_CTX_DAG_ID='slurm_async_job' AIRFLOW_CTX_TASK_ID='submit_slurm' AIRFLOW_CTX_EXECUTION_DATE='2025-04-09T10:07:05.646006+00:00' AIRFLOW_CTX_TRY_NUMBER='1' AIRFLOW_CTX_DAG_RUN_ID='manual__2025-04-09T10:07:05.646006+00:00'
[2025-04-09T10:07:08.796+0000] {logging_mixin.py:190} INFO - Task instance is in running state
[2025-04-09T10:07:08.797+0000] {logging_mixin.py:190} INFO -  Previous state of the Task instance: queued
[2025-04-09T10:07:08.797+0000] {logging_mixin.py:190} INFO - Current task name:submit_slurm state:running start_date:2025-04-09 10:07:08.629345+00:00
[2025-04-09T10:07:08.797+0000] {logging_mixin.py:190} INFO - Dag name:slurm_async_job and current dag run status:running
[2025-04-09T10:07:08.798+0000] {taskinstance.py:732} INFO - ::endgroup::
[2025-04-09T10:07:08.807+0000] {base.py:84} INFO - Retrieving connection 'hpc_ssh'
[2025-04-09T10:07:08.808+0000] {ssh.py:286} WARNING - No Host Key Verification. This won't protect against Man-In-The-Middle attacks
[2025-04-09T10:07:08.867+0000] {transport.py:1944} INFO - Connected (version 2.0, client OpenSSH_8.0)
[2025-04-09T10:07:09.246+0000] {transport.py:1944} INFO - Authentication (password) successful!
[2025-04-09T10:07:10.954+0000] {slurm_operator.py:18} INFO - sbatch output: Submitted batch job 6677

[2025-04-09T10:07:10.959+0000] {crypto.py:82} WARNING - empty cryptography key - values will not be stored encrypted.
[2025-04-09T10:07:11.015+0000] {taskinstance.py:289} INFO - Pausing task as DEFERRED. dag_id=slurm_async_job, task_id=submit_slurm, run_id=manual__2025-04-09T10:07:05.646006+00:00, execution_date=20250409T100705, start_date=20250409T100708
[2025-04-09T10:07:11.018+0000] {taskinstance.py:341} INFO - ::group::Post task execution logs
[2025-04-09T10:07:11.057+0000] {local_task_job_runner.py:260} INFO - Task exited with return code 100 (task deferral)
[2025-04-09T10:07:11.057+0000] {local_task_job_runner.py:245} INFO - ::endgroup::
[2025-04-09T10:07:17.203+0000] {local_task_job_runner.py:123} INFO - ::group::Pre task execution logs
[2025-04-09T10:07:17.224+0000] {taskinstance.py:2614} INFO - Dependencies all met for dep_context=non-requeueable deps ti=<TaskInstance: slurm_async_job.submit_slurm manual__2025-04-09T10:07:05.646006+00:00 [queued]>
[2025-04-09T10:07:17.233+0000] {taskinstance.py:2614} INFO - Dependencies all met for dep_context=requeueable deps ti=<TaskInstance: slurm_async_job.submit_slurm manual__2025-04-09T10:07:05.646006+00:00 [queued]>
[2025-04-09T10:07:17.234+0000] {taskinstance.py:2865} INFO - Resuming after deferral
[2025-04-09T10:07:17.251+0000] {taskinstance.py:2890} INFO - Executing <Task(SubmitAndMonitorSlurmJobOperator): submit_slurm> on 2025-04-09 10:07:05.646006+00:00
[2025-04-09T10:07:17.259+0000] {warnings.py:112} WARNING - /home/***/.local/lib/python3.12/site-packages/***/task/task_runner/standard_task_runner.py:70: DeprecationWarning: This process (pid=329) is multi-threaded, use of fork() may lead to deadlocks in the child.
  pid = os.fork()

[2025-04-09T10:07:17.261+0000] {standard_task_runner.py:72} INFO - Started process 331 to run task
[2025-04-09T10:07:17.262+0000] {standard_task_runner.py:104} INFO - Running: ['***', 'tasks', 'run', 'slurm_async_job', 'submit_slurm', 'manual__2025-04-09T10:07:05.646006+00:00', '--job-id', '43', '--raw', '--subdir', 'DAGS_FOLDER/slurm_test_job.py', '--cfg-path', '/tmp/tmphbwzw514']
[2025-04-09T10:07:17.263+0000] {standard_task_runner.py:105} INFO - Job 43: Subtask submit_slurm
[2025-04-09T10:07:17.320+0000] {task_command.py:467} INFO - Running <TaskInstance: slurm_async_job.submit_slurm manual__2025-04-09T10:07:05.646006+00:00 [running]> on host 3f0a98f0bd17
[2025-04-09T10:07:17.394+0000] {logging_mixin.py:190} INFO - Task instance is in running state
[2025-04-09T10:07:17.394+0000] {logging_mixin.py:190} INFO -  Previous state of the Task instance: queued
[2025-04-09T10:07:17.395+0000] {logging_mixin.py:190} INFO - Current task name:submit_slurm state:running start_date:2025-04-09 10:07:08.629345+00:00
[2025-04-09T10:07:17.396+0000] {logging_mixin.py:190} INFO - Dag name:slurm_async_job and current dag run status:running
[2025-04-09T10:07:17.396+0000] {taskinstance.py:732} INFO - ::endgroup::
[2025-04-09T10:07:17.397+0000] {slurm_operator.py:28} INFO - SLURM job completed.
[2025-04-09T10:07:17.408+0000] {taskinstance.py:341} INFO - ::group::Post task execution logs
[2025-04-09T10:07:17.409+0000] {taskinstance.py:353} INFO - Marking task as SUCCESS. dag_id=slurm_async_job, task_id=submit_slurm, run_id=manual__2025-04-09T10:07:05.646006+00:00, execution_date=20250409T100705, start_date=20250409T100708, end_date=20250409T100717
[2025-04-09T10:07:17.434+0000] {logging_mixin.py:190} INFO - Task instance in success state
[2025-04-09T10:07:17.435+0000] {logging_mixin.py:190} INFO -  Previous state of the Task instance: running
[2025-04-09T10:07:17.435+0000] {logging_mixin.py:190} INFO - Dag name:slurm_async_job queued_at:2025-04-09 10:07:05.662115+00:00
[2025-04-09T10:07:17.436+0000] {logging_mixin.py:190} INFO - Task hostname:3f0a98f0bd17 operator:SubmitAndMonitorSlurmJobOperator
[2025-04-09T10:07:17.483+0000] {local_task_job_runner.py:266} INFO - Task exited with return code 0
[2025-04-09T10:07:17.503+0000] {taskinstance.py:3901} INFO - 0 downstream tasks scheduled from follow-on schedule check
[2025-04-09T10:07:17.505+0000] {local_task_job_runner.py:245} INFO - ::endgroup::
