[2025-05-22T07:18:49.517+0000] {processor.py:186} INFO - Started process (PID=109) to work on /home/airflow/.local/lib/python3.12/site-packages/airflow/example_dags/tutorial.py
[2025-05-22T07:18:49.518+0000] {processor.py:914} INFO - Processing file /home/airflow/.local/lib/python3.12/site-packages/airflow/example_dags/tutorial.py for tasks to queue
[2025-05-22T07:18:49.521+0000] {logging_mixin.py:190} INFO - [2025-05-22T07:18:49.521+0000] {dagbag.py:588} INFO - Filling up the DagBag from /home/airflow/.local/lib/python3.12/site-packages/airflow/example_dags/tutorial.py
[2025-05-22T07:18:49.530+0000] {processor.py:925} INFO - DAG(s) 'tutorial' retrieved from /home/airflow/.local/lib/python3.12/site-packages/airflow/example_dags/tutorial.py
[2025-05-22T07:18:49.553+0000] {logging_mixin.py:190} INFO - [2025-05-22T07:18:49.553+0000] {dag.py:3239} INFO - Sync 1 DAGs
[2025-05-22T07:18:49.576+0000] {logging_mixin.py:190} INFO - [2025-05-22T07:18:49.576+0000] {dag.py:4180} INFO - Setting next_dagrun for tutorial to 2025-05-21 00:00:00+00:00, run_after=2025-05-22 00:00:00+00:00
[2025-05-22T07:18:49.600+0000] {processor.py:208} INFO - Processing /home/airflow/.local/lib/python3.12/site-packages/airflow/example_dags/tutorial.py took 0.089 seconds
[2025-05-22T07:19:21.211+0000] {processor.py:186} INFO - Started process (PID=177) to work on /home/airflow/.local/lib/python3.12/site-packages/airflow/example_dags/tutorial.py
[2025-05-22T07:19:21.213+0000] {processor.py:914} INFO - Processing file /home/airflow/.local/lib/python3.12/site-packages/airflow/example_dags/tutorial.py for tasks to queue
[2025-05-22T07:19:21.216+0000] {logging_mixin.py:190} INFO - [2025-05-22T07:19:21.216+0000] {dagbag.py:588} INFO - Filling up the DagBag from /home/airflow/.local/lib/python3.12/site-packages/airflow/example_dags/tutorial.py
[2025-05-22T07:19:21.228+0000] {processor.py:925} INFO - DAG(s) 'tutorial' retrieved from /home/airflow/.local/lib/python3.12/site-packages/airflow/example_dags/tutorial.py
[2025-05-22T07:19:21.253+0000] {logging_mixin.py:190} INFO - [2025-05-22T07:19:21.253+0000] {dag.py:3239} INFO - Sync 1 DAGs
[2025-05-22T07:19:21.281+0000] {logging_mixin.py:190} INFO - [2025-05-22T07:19:21.281+0000] {dag.py:4180} INFO - Setting next_dagrun for tutorial to 2025-05-21 00:00:00+00:00, run_after=2025-05-22 00:00:00+00:00
[2025-05-22T07:19:21.299+0000] {processor.py:208} INFO - Processing /home/airflow/.local/lib/python3.12/site-packages/airflow/example_dags/tutorial.py took 0.095 seconds
[2025-05-22T07:19:52.047+0000] {processor.py:186} INFO - Started process (PID=245) to work on /home/airflow/.local/lib/python3.12/site-packages/airflow/example_dags/tutorial.py
[2025-05-22T07:19:52.049+0000] {processor.py:914} INFO - Processing file /home/airflow/.local/lib/python3.12/site-packages/airflow/example_dags/tutorial.py for tasks to queue
[2025-05-22T07:19:52.051+0000] {logging_mixin.py:190} INFO - [2025-05-22T07:19:52.051+0000] {dagbag.py:588} INFO - Filling up the DagBag from /home/airflow/.local/lib/python3.12/site-packages/airflow/example_dags/tutorial.py
[2025-05-22T07:19:52.060+0000] {processor.py:925} INFO - DAG(s) 'tutorial' retrieved from /home/airflow/.local/lib/python3.12/site-packages/airflow/example_dags/tutorial.py
[2025-05-22T07:19:52.081+0000] {logging_mixin.py:190} INFO - [2025-05-22T07:19:52.081+0000] {dag.py:3239} INFO - Sync 1 DAGs
[2025-05-22T07:19:52.106+0000] {logging_mixin.py:190} INFO - [2025-05-22T07:19:52.106+0000] {dag.py:4180} INFO - Setting next_dagrun for tutorial to 2025-05-21 00:00:00+00:00, run_after=2025-05-22 00:00:00+00:00
[2025-05-22T07:19:52.125+0000] {processor.py:208} INFO - Processing /home/airflow/.local/lib/python3.12/site-packages/airflow/example_dags/tutorial.py took 0.084 seconds
[2025-05-22T07:20:22.867+0000] {processor.py:186} INFO - Started process (PID=313) to work on /home/airflow/.local/lib/python3.12/site-packages/airflow/example_dags/tutorial.py
[2025-05-22T07:20:22.868+0000] {processor.py:914} INFO - Processing file /home/airflow/.local/lib/python3.12/site-packages/airflow/example_dags/tutorial.py for tasks to queue
[2025-05-22T07:20:22.871+0000] {logging_mixin.py:190} INFO - [2025-05-22T07:20:22.871+0000] {dagbag.py:588} INFO - Filling up the DagBag from /home/airflow/.local/lib/python3.12/site-packages/airflow/example_dags/tutorial.py
[2025-05-22T07:20:22.881+0000] {processor.py:925} INFO - DAG(s) 'tutorial' retrieved from /home/airflow/.local/lib/python3.12/site-packages/airflow/example_dags/tutorial.py
[2025-05-22T07:20:22.901+0000] {logging_mixin.py:190} INFO - [2025-05-22T07:20:22.901+0000] {dag.py:3239} INFO - Sync 1 DAGs
[2025-05-22T07:20:22.928+0000] {logging_mixin.py:190} INFO - [2025-05-22T07:20:22.928+0000] {dag.py:4180} INFO - Setting next_dagrun for tutorial to 2025-05-21 00:00:00+00:00, run_after=2025-05-22 00:00:00+00:00
[2025-05-22T07:20:22.947+0000] {processor.py:208} INFO - Processing /home/airflow/.local/lib/python3.12/site-packages/airflow/example_dags/tutorial.py took 0.086 seconds
[2025-05-22T07:20:54.245+0000] {processor.py:186} INFO - Started process (PID=381) to work on /home/airflow/.local/lib/python3.12/site-packages/airflow/example_dags/tutorial.py
[2025-05-22T07:20:54.246+0000] {processor.py:914} INFO - Processing file /home/airflow/.local/lib/python3.12/site-packages/airflow/example_dags/tutorial.py for tasks to queue
[2025-05-22T07:20:54.249+0000] {logging_mixin.py:190} INFO - [2025-05-22T07:20:54.249+0000] {dagbag.py:588} INFO - Filling up the DagBag from /home/airflow/.local/lib/python3.12/site-packages/airflow/example_dags/tutorial.py
[2025-05-22T07:20:54.258+0000] {processor.py:925} INFO - DAG(s) 'tutorial' retrieved from /home/airflow/.local/lib/python3.12/site-packages/airflow/example_dags/tutorial.py
[2025-05-22T07:20:54.285+0000] {logging_mixin.py:190} INFO - [2025-05-22T07:20:54.285+0000] {dag.py:3239} INFO - Sync 1 DAGs
[2025-05-22T07:20:54.309+0000] {logging_mixin.py:190} INFO - [2025-05-22T07:20:54.309+0000] {dag.py:4180} INFO - Setting next_dagrun for tutorial to 2025-05-21 00:00:00+00:00, run_after=2025-05-22 00:00:00+00:00
[2025-05-22T07:20:54.330+0000] {processor.py:208} INFO - Processing /home/airflow/.local/lib/python3.12/site-packages/airflow/example_dags/tutorial.py took 0.091 seconds
[2025-05-22T07:21:25.332+0000] {processor.py:186} INFO - Started process (PID=449) to work on /home/airflow/.local/lib/python3.12/site-packages/airflow/example_dags/tutorial.py
[2025-05-22T07:21:25.333+0000] {processor.py:914} INFO - Processing file /home/airflow/.local/lib/python3.12/site-packages/airflow/example_dags/tutorial.py for tasks to queue
[2025-05-22T07:21:25.335+0000] {logging_mixin.py:190} INFO - [2025-05-22T07:21:25.335+0000] {dagbag.py:588} INFO - Filling up the DagBag from /home/airflow/.local/lib/python3.12/site-packages/airflow/example_dags/tutorial.py
[2025-05-22T07:21:25.344+0000] {processor.py:925} INFO - DAG(s) 'tutorial' retrieved from /home/airflow/.local/lib/python3.12/site-packages/airflow/example_dags/tutorial.py
[2025-05-22T07:21:25.364+0000] {logging_mixin.py:190} INFO - [2025-05-22T07:21:25.364+0000] {dag.py:3239} INFO - Sync 1 DAGs
[2025-05-22T07:21:25.390+0000] {logging_mixin.py:190} INFO - [2025-05-22T07:21:25.390+0000] {dag.py:4180} INFO - Setting next_dagrun for tutorial to 2025-05-21 00:00:00+00:00, run_after=2025-05-22 00:00:00+00:00
[2025-05-22T07:21:25.408+0000] {processor.py:208} INFO - Processing /home/airflow/.local/lib/python3.12/site-packages/airflow/example_dags/tutorial.py took 0.083 seconds
[2025-05-22T07:21:56.557+0000] {processor.py:186} INFO - Started process (PID=517) to work on /home/airflow/.local/lib/python3.12/site-packages/airflow/example_dags/tutorial.py
[2025-05-22T07:21:56.558+0000] {processor.py:914} INFO - Processing file /home/airflow/.local/lib/python3.12/site-packages/airflow/example_dags/tutorial.py for tasks to queue
[2025-05-22T07:21:56.561+0000] {logging_mixin.py:190} INFO - [2025-05-22T07:21:56.560+0000] {dagbag.py:588} INFO - Filling up the DagBag from /home/airflow/.local/lib/python3.12/site-packages/airflow/example_dags/tutorial.py
[2025-05-22T07:21:56.570+0000] {processor.py:925} INFO - DAG(s) 'tutorial' retrieved from /home/airflow/.local/lib/python3.12/site-packages/airflow/example_dags/tutorial.py
[2025-05-22T07:21:56.590+0000] {logging_mixin.py:190} INFO - [2025-05-22T07:21:56.589+0000] {dag.py:3239} INFO - Sync 1 DAGs
[2025-05-22T07:21:56.613+0000] {logging_mixin.py:190} INFO - [2025-05-22T07:21:56.612+0000] {dag.py:4180} INFO - Setting next_dagrun for tutorial to 2025-05-21 00:00:00+00:00, run_after=2025-05-22 00:00:00+00:00
[2025-05-22T07:21:56.631+0000] {processor.py:208} INFO - Processing /home/airflow/.local/lib/python3.12/site-packages/airflow/example_dags/tutorial.py took 0.080 seconds
[2025-05-22T07:22:27.086+0000] {processor.py:186} INFO - Started process (PID=585) to work on /home/airflow/.local/lib/python3.12/site-packages/airflow/example_dags/tutorial.py
[2025-05-22T07:22:27.087+0000] {processor.py:914} INFO - Processing file /home/airflow/.local/lib/python3.12/site-packages/airflow/example_dags/tutorial.py for tasks to queue
[2025-05-22T07:22:27.090+0000] {logging_mixin.py:190} INFO - [2025-05-22T07:22:27.090+0000] {dagbag.py:588} INFO - Filling up the DagBag from /home/airflow/.local/lib/python3.12/site-packages/airflow/example_dags/tutorial.py
[2025-05-22T07:22:27.101+0000] {processor.py:925} INFO - DAG(s) 'tutorial' retrieved from /home/airflow/.local/lib/python3.12/site-packages/airflow/example_dags/tutorial.py
[2025-05-22T07:22:27.122+0000] {logging_mixin.py:190} INFO - [2025-05-22T07:22:27.122+0000] {dag.py:3239} INFO - Sync 1 DAGs
[2025-05-22T07:22:27.148+0000] {logging_mixin.py:190} INFO - [2025-05-22T07:22:27.148+0000] {dag.py:4180} INFO - Setting next_dagrun for tutorial to 2025-05-21 00:00:00+00:00, run_after=2025-05-22 00:00:00+00:00
[2025-05-22T07:22:27.169+0000] {processor.py:208} INFO - Processing /home/airflow/.local/lib/python3.12/site-packages/airflow/example_dags/tutorial.py took 0.090 seconds
[2025-05-22T07:22:58.353+0000] {processor.py:186} INFO - Started process (PID=653) to work on /home/airflow/.local/lib/python3.12/site-packages/airflow/example_dags/tutorial.py
[2025-05-22T07:22:58.354+0000] {processor.py:914} INFO - Processing file /home/airflow/.local/lib/python3.12/site-packages/airflow/example_dags/tutorial.py for tasks to queue
[2025-05-22T07:22:58.357+0000] {logging_mixin.py:190} INFO - [2025-05-22T07:22:58.356+0000] {dagbag.py:588} INFO - Filling up the DagBag from /home/airflow/.local/lib/python3.12/site-packages/airflow/example_dags/tutorial.py
[2025-05-22T07:22:58.366+0000] {processor.py:925} INFO - DAG(s) 'tutorial' retrieved from /home/airflow/.local/lib/python3.12/site-packages/airflow/example_dags/tutorial.py
[2025-05-22T07:22:58.390+0000] {logging_mixin.py:190} INFO - [2025-05-22T07:22:58.389+0000] {dag.py:3239} INFO - Sync 1 DAGs
[2025-05-22T07:22:58.413+0000] {logging_mixin.py:190} INFO - [2025-05-22T07:22:58.413+0000] {dag.py:4180} INFO - Setting next_dagrun for tutorial to 2025-05-21 00:00:00+00:00, run_after=2025-05-22 00:00:00+00:00
[2025-05-22T07:22:58.432+0000] {processor.py:208} INFO - Processing /home/airflow/.local/lib/python3.12/site-packages/airflow/example_dags/tutorial.py took 0.085 seconds
[2025-05-22T07:23:29.622+0000] {processor.py:186} INFO - Started process (PID=721) to work on /home/airflow/.local/lib/python3.12/site-packages/airflow/example_dags/tutorial.py
[2025-05-22T07:23:29.623+0000] {processor.py:914} INFO - Processing file /home/airflow/.local/lib/python3.12/site-packages/airflow/example_dags/tutorial.py for tasks to queue
[2025-05-22T07:23:29.625+0000] {logging_mixin.py:190} INFO - [2025-05-22T07:23:29.625+0000] {dagbag.py:588} INFO - Filling up the DagBag from /home/airflow/.local/lib/python3.12/site-packages/airflow/example_dags/tutorial.py
[2025-05-22T07:23:29.635+0000] {processor.py:925} INFO - DAG(s) 'tutorial' retrieved from /home/airflow/.local/lib/python3.12/site-packages/airflow/example_dags/tutorial.py
[2025-05-22T07:23:29.655+0000] {logging_mixin.py:190} INFO - [2025-05-22T07:23:29.654+0000] {dag.py:3239} INFO - Sync 1 DAGs
[2025-05-22T07:23:29.678+0000] {logging_mixin.py:190} INFO - [2025-05-22T07:23:29.678+0000] {dag.py:4180} INFO - Setting next_dagrun for tutorial to 2025-05-21 00:00:00+00:00, run_after=2025-05-22 00:00:00+00:00
[2025-05-22T07:23:29.696+0000] {processor.py:208} INFO - Processing /home/airflow/.local/lib/python3.12/site-packages/airflow/example_dags/tutorial.py took 0.081 seconds
[2025-05-22T07:24:00.807+0000] {processor.py:186} INFO - Started process (PID=789) to work on /home/airflow/.local/lib/python3.12/site-packages/airflow/example_dags/tutorial.py
[2025-05-22T07:24:00.808+0000] {processor.py:914} INFO - Processing file /home/airflow/.local/lib/python3.12/site-packages/airflow/example_dags/tutorial.py for tasks to queue
[2025-05-22T07:24:00.811+0000] {logging_mixin.py:190} INFO - [2025-05-22T07:24:00.810+0000] {dagbag.py:588} INFO - Filling up the DagBag from /home/airflow/.local/lib/python3.12/site-packages/airflow/example_dags/tutorial.py
[2025-05-22T07:24:00.820+0000] {processor.py:925} INFO - DAG(s) 'tutorial' retrieved from /home/airflow/.local/lib/python3.12/site-packages/airflow/example_dags/tutorial.py
[2025-05-22T07:24:00.842+0000] {logging_mixin.py:190} INFO - [2025-05-22T07:24:00.841+0000] {dag.py:3239} INFO - Sync 1 DAGs
[2025-05-22T07:24:00.865+0000] {logging_mixin.py:190} INFO - [2025-05-22T07:24:00.865+0000] {dag.py:4180} INFO - Setting next_dagrun for tutorial to 2025-05-21 00:00:00+00:00, run_after=2025-05-22 00:00:00+00:00
[2025-05-22T07:24:00.883+0000] {processor.py:208} INFO - Processing /home/airflow/.local/lib/python3.12/site-packages/airflow/example_dags/tutorial.py took 0.082 seconds
[2025-05-22T07:24:32.156+0000] {processor.py:186} INFO - Started process (PID=857) to work on /home/airflow/.local/lib/python3.12/site-packages/airflow/example_dags/tutorial.py
[2025-05-22T07:24:32.157+0000] {processor.py:914} INFO - Processing file /home/airflow/.local/lib/python3.12/site-packages/airflow/example_dags/tutorial.py for tasks to queue
[2025-05-22T07:24:32.160+0000] {logging_mixin.py:190} INFO - [2025-05-22T07:24:32.160+0000] {dagbag.py:588} INFO - Filling up the DagBag from /home/airflow/.local/lib/python3.12/site-packages/airflow/example_dags/tutorial.py
[2025-05-22T07:24:32.170+0000] {processor.py:925} INFO - DAG(s) 'tutorial' retrieved from /home/airflow/.local/lib/python3.12/site-packages/airflow/example_dags/tutorial.py
[2025-05-22T07:24:32.190+0000] {logging_mixin.py:190} INFO - [2025-05-22T07:24:32.189+0000] {dag.py:3239} INFO - Sync 1 DAGs
[2025-05-22T07:24:32.214+0000] {logging_mixin.py:190} INFO - [2025-05-22T07:24:32.214+0000] {dag.py:4180} INFO - Setting next_dagrun for tutorial to 2025-05-21 00:00:00+00:00, run_after=2025-05-22 00:00:00+00:00
[2025-05-22T07:24:32.235+0000] {processor.py:208} INFO - Processing /home/airflow/.local/lib/python3.12/site-packages/airflow/example_dags/tutorial.py took 0.085 seconds
[2025-05-22T07:25:03.613+0000] {processor.py:186} INFO - Started process (PID=925) to work on /home/airflow/.local/lib/python3.12/site-packages/airflow/example_dags/tutorial.py
[2025-05-22T07:25:03.614+0000] {processor.py:914} INFO - Processing file /home/airflow/.local/lib/python3.12/site-packages/airflow/example_dags/tutorial.py for tasks to queue
[2025-05-22T07:25:03.617+0000] {logging_mixin.py:190} INFO - [2025-05-22T07:25:03.617+0000] {dagbag.py:588} INFO - Filling up the DagBag from /home/airflow/.local/lib/python3.12/site-packages/airflow/example_dags/tutorial.py
[2025-05-22T07:25:03.627+0000] {processor.py:925} INFO - DAG(s) 'tutorial' retrieved from /home/airflow/.local/lib/python3.12/site-packages/airflow/example_dags/tutorial.py
[2025-05-22T07:25:03.647+0000] {logging_mixin.py:190} INFO - [2025-05-22T07:25:03.647+0000] {dag.py:3239} INFO - Sync 1 DAGs
[2025-05-22T07:25:03.671+0000] {logging_mixin.py:190} INFO - [2025-05-22T07:25:03.671+0000] {dag.py:4180} INFO - Setting next_dagrun for tutorial to 2025-05-21 00:00:00+00:00, run_after=2025-05-22 00:00:00+00:00
[2025-05-22T07:25:03.693+0000] {processor.py:208} INFO - Processing /home/airflow/.local/lib/python3.12/site-packages/airflow/example_dags/tutorial.py took 0.086 seconds
[2025-05-22T07:25:34.857+0000] {processor.py:186} INFO - Started process (PID=993) to work on /home/airflow/.local/lib/python3.12/site-packages/airflow/example_dags/tutorial.py
[2025-05-22T07:25:34.858+0000] {processor.py:914} INFO - Processing file /home/airflow/.local/lib/python3.12/site-packages/airflow/example_dags/tutorial.py for tasks to queue
[2025-05-22T07:25:34.861+0000] {logging_mixin.py:190} INFO - [2025-05-22T07:25:34.861+0000] {dagbag.py:588} INFO - Filling up the DagBag from /home/airflow/.local/lib/python3.12/site-packages/airflow/example_dags/tutorial.py
[2025-05-22T07:25:34.871+0000] {processor.py:925} INFO - DAG(s) 'tutorial' retrieved from /home/airflow/.local/lib/python3.12/site-packages/airflow/example_dags/tutorial.py
[2025-05-22T07:25:34.895+0000] {logging_mixin.py:190} INFO - [2025-05-22T07:25:34.895+0000] {dag.py:3239} INFO - Sync 1 DAGs
[2025-05-22T07:25:34.922+0000] {logging_mixin.py:190} INFO - [2025-05-22T07:25:34.922+0000] {dag.py:4180} INFO - Setting next_dagrun for tutorial to 2025-05-21 00:00:00+00:00, run_after=2025-05-22 00:00:00+00:00
[2025-05-22T07:25:34.941+0000] {processor.py:208} INFO - Processing /home/airflow/.local/lib/python3.12/site-packages/airflow/example_dags/tutorial.py took 0.090 seconds
[2025-05-22T07:26:06.048+0000] {processor.py:186} INFO - Started process (PID=1067) to work on /home/airflow/.local/lib/python3.12/site-packages/airflow/example_dags/tutorial.py
[2025-05-22T07:26:06.049+0000] {processor.py:914} INFO - Processing file /home/airflow/.local/lib/python3.12/site-packages/airflow/example_dags/tutorial.py for tasks to queue
[2025-05-22T07:26:06.051+0000] {logging_mixin.py:190} INFO - [2025-05-22T07:26:06.051+0000] {dagbag.py:588} INFO - Filling up the DagBag from /home/airflow/.local/lib/python3.12/site-packages/airflow/example_dags/tutorial.py
[2025-05-22T07:26:06.060+0000] {processor.py:925} INFO - DAG(s) 'tutorial' retrieved from /home/airflow/.local/lib/python3.12/site-packages/airflow/example_dags/tutorial.py
[2025-05-22T07:26:06.080+0000] {logging_mixin.py:190} INFO - [2025-05-22T07:26:06.080+0000] {dag.py:3239} INFO - Sync 1 DAGs
[2025-05-22T07:26:06.105+0000] {logging_mixin.py:190} INFO - [2025-05-22T07:26:06.104+0000] {dag.py:4180} INFO - Setting next_dagrun for tutorial to 2025-05-21 00:00:00+00:00, run_after=2025-05-22 00:00:00+00:00
[2025-05-22T07:26:06.123+0000] {processor.py:208} INFO - Processing /home/airflow/.local/lib/python3.12/site-packages/airflow/example_dags/tutorial.py took 0.082 seconds
[2025-05-22T07:26:37.277+0000] {processor.py:186} INFO - Started process (PID=1134) to work on /home/airflow/.local/lib/python3.12/site-packages/airflow/example_dags/tutorial.py
[2025-05-22T07:26:37.278+0000] {processor.py:914} INFO - Processing file /home/airflow/.local/lib/python3.12/site-packages/airflow/example_dags/tutorial.py for tasks to queue
[2025-05-22T07:26:37.281+0000] {logging_mixin.py:190} INFO - [2025-05-22T07:26:37.280+0000] {dagbag.py:588} INFO - Filling up the DagBag from /home/airflow/.local/lib/python3.12/site-packages/airflow/example_dags/tutorial.py
[2025-05-22T07:26:37.290+0000] {processor.py:925} INFO - DAG(s) 'tutorial' retrieved from /home/airflow/.local/lib/python3.12/site-packages/airflow/example_dags/tutorial.py
[2025-05-22T07:26:37.311+0000] {logging_mixin.py:190} INFO - [2025-05-22T07:26:37.311+0000] {dag.py:3239} INFO - Sync 1 DAGs
[2025-05-22T07:26:37.336+0000] {logging_mixin.py:190} INFO - [2025-05-22T07:26:37.336+0000] {dag.py:4180} INFO - Setting next_dagrun for tutorial to 2025-05-21 00:00:00+00:00, run_after=2025-05-22 00:00:00+00:00
[2025-05-22T07:26:37.354+0000] {processor.py:208} INFO - Processing /home/airflow/.local/lib/python3.12/site-packages/airflow/example_dags/tutorial.py took 0.083 seconds
[2025-05-22T07:27:08.545+0000] {processor.py:186} INFO - Started process (PID=1202) to work on /home/airflow/.local/lib/python3.12/site-packages/airflow/example_dags/tutorial.py
[2025-05-22T07:27:08.546+0000] {processor.py:914} INFO - Processing file /home/airflow/.local/lib/python3.12/site-packages/airflow/example_dags/tutorial.py for tasks to queue
[2025-05-22T07:27:08.549+0000] {logging_mixin.py:190} INFO - [2025-05-22T07:27:08.549+0000] {dagbag.py:588} INFO - Filling up the DagBag from /home/airflow/.local/lib/python3.12/site-packages/airflow/example_dags/tutorial.py
[2025-05-22T07:27:08.560+0000] {processor.py:925} INFO - DAG(s) 'tutorial' retrieved from /home/airflow/.local/lib/python3.12/site-packages/airflow/example_dags/tutorial.py
[2025-05-22T07:27:08.580+0000] {logging_mixin.py:190} INFO - [2025-05-22T07:27:08.579+0000] {dag.py:3239} INFO - Sync 1 DAGs
[2025-05-22T07:27:08.603+0000] {logging_mixin.py:190} INFO - [2025-05-22T07:27:08.603+0000] {dag.py:4180} INFO - Setting next_dagrun for tutorial to 2025-05-21 00:00:00+00:00, run_after=2025-05-22 00:00:00+00:00
[2025-05-22T07:27:08.622+0000] {processor.py:208} INFO - Processing /home/airflow/.local/lib/python3.12/site-packages/airflow/example_dags/tutorial.py took 0.083 seconds
[2025-05-22T07:27:39.816+0000] {processor.py:186} INFO - Started process (PID=1270) to work on /home/airflow/.local/lib/python3.12/site-packages/airflow/example_dags/tutorial.py
[2025-05-22T07:27:39.817+0000] {processor.py:914} INFO - Processing file /home/airflow/.local/lib/python3.12/site-packages/airflow/example_dags/tutorial.py for tasks to queue
[2025-05-22T07:27:39.820+0000] {logging_mixin.py:190} INFO - [2025-05-22T07:27:39.819+0000] {dagbag.py:588} INFO - Filling up the DagBag from /home/airflow/.local/lib/python3.12/site-packages/airflow/example_dags/tutorial.py
[2025-05-22T07:27:39.829+0000] {processor.py:925} INFO - DAG(s) 'tutorial' retrieved from /home/airflow/.local/lib/python3.12/site-packages/airflow/example_dags/tutorial.py
[2025-05-22T07:27:39.849+0000] {logging_mixin.py:190} INFO - [2025-05-22T07:27:39.848+0000] {dag.py:3239} INFO - Sync 1 DAGs
[2025-05-22T07:27:39.876+0000] {logging_mixin.py:190} INFO - [2025-05-22T07:27:39.875+0000] {dag.py:4180} INFO - Setting next_dagrun for tutorial to 2025-05-21 00:00:00+00:00, run_after=2025-05-22 00:00:00+00:00
[2025-05-22T07:27:39.894+0000] {processor.py:208} INFO - Processing /home/airflow/.local/lib/python3.12/site-packages/airflow/example_dags/tutorial.py took 0.084 seconds
[2025-05-22T07:28:11.506+0000] {processor.py:186} INFO - Started process (PID=1338) to work on /home/airflow/.local/lib/python3.12/site-packages/airflow/example_dags/tutorial.py
[2025-05-22T07:28:11.508+0000] {processor.py:914} INFO - Processing file /home/airflow/.local/lib/python3.12/site-packages/airflow/example_dags/tutorial.py for tasks to queue
[2025-05-22T07:28:11.510+0000] {logging_mixin.py:190} INFO - [2025-05-22T07:28:11.510+0000] {dagbag.py:588} INFO - Filling up the DagBag from /home/airflow/.local/lib/python3.12/site-packages/airflow/example_dags/tutorial.py
[2025-05-22T07:28:11.519+0000] {processor.py:925} INFO - DAG(s) 'tutorial' retrieved from /home/airflow/.local/lib/python3.12/site-packages/airflow/example_dags/tutorial.py
[2025-05-22T07:28:11.538+0000] {logging_mixin.py:190} INFO - [2025-05-22T07:28:11.538+0000] {dag.py:3239} INFO - Sync 1 DAGs
[2025-05-22T07:28:11.561+0000] {logging_mixin.py:190} INFO - [2025-05-22T07:28:11.561+0000] {dag.py:4180} INFO - Setting next_dagrun for tutorial to 2025-05-21 00:00:00+00:00, run_after=2025-05-22 00:00:00+00:00
[2025-05-22T07:28:11.577+0000] {processor.py:208} INFO - Processing /home/airflow/.local/lib/python3.12/site-packages/airflow/example_dags/tutorial.py took 0.077 seconds
[2025-05-22T07:28:42.785+0000] {processor.py:186} INFO - Started process (PID=1406) to work on /home/airflow/.local/lib/python3.12/site-packages/airflow/example_dags/tutorial.py
[2025-05-22T07:28:42.786+0000] {processor.py:914} INFO - Processing file /home/airflow/.local/lib/python3.12/site-packages/airflow/example_dags/tutorial.py for tasks to queue
[2025-05-22T07:28:42.788+0000] {logging_mixin.py:190} INFO - [2025-05-22T07:28:42.788+0000] {dagbag.py:588} INFO - Filling up the DagBag from /home/airflow/.local/lib/python3.12/site-packages/airflow/example_dags/tutorial.py
[2025-05-22T07:28:42.797+0000] {processor.py:925} INFO - DAG(s) 'tutorial' retrieved from /home/airflow/.local/lib/python3.12/site-packages/airflow/example_dags/tutorial.py
[2025-05-22T07:28:42.818+0000] {logging_mixin.py:190} INFO - [2025-05-22T07:28:42.818+0000] {dag.py:3239} INFO - Sync 1 DAGs
[2025-05-22T07:28:42.844+0000] {logging_mixin.py:190} INFO - [2025-05-22T07:28:42.844+0000] {dag.py:4180} INFO - Setting next_dagrun for tutorial to 2025-05-21 00:00:00+00:00, run_after=2025-05-22 00:00:00+00:00
[2025-05-22T07:28:42.863+0000] {processor.py:208} INFO - Processing /home/airflow/.local/lib/python3.12/site-packages/airflow/example_dags/tutorial.py took 0.084 seconds
[2025-05-22T07:29:13.928+0000] {processor.py:186} INFO - Started process (PID=1474) to work on /home/airflow/.local/lib/python3.12/site-packages/airflow/example_dags/tutorial.py
[2025-05-22T07:29:13.929+0000] {processor.py:914} INFO - Processing file /home/airflow/.local/lib/python3.12/site-packages/airflow/example_dags/tutorial.py for tasks to queue
[2025-05-22T07:29:13.931+0000] {logging_mixin.py:190} INFO - [2025-05-22T07:29:13.931+0000] {dagbag.py:588} INFO - Filling up the DagBag from /home/airflow/.local/lib/python3.12/site-packages/airflow/example_dags/tutorial.py
[2025-05-22T07:29:13.940+0000] {processor.py:925} INFO - DAG(s) 'tutorial' retrieved from /home/airflow/.local/lib/python3.12/site-packages/airflow/example_dags/tutorial.py
[2025-05-22T07:29:13.962+0000] {logging_mixin.py:190} INFO - [2025-05-22T07:29:13.961+0000] {dag.py:3239} INFO - Sync 1 DAGs
[2025-05-22T07:29:13.986+0000] {logging_mixin.py:190} INFO - [2025-05-22T07:29:13.986+0000] {dag.py:4180} INFO - Setting next_dagrun for tutorial to 2025-05-21 00:00:00+00:00, run_after=2025-05-22 00:00:00+00:00
[2025-05-22T07:29:14.005+0000] {processor.py:208} INFO - Processing /home/airflow/.local/lib/python3.12/site-packages/airflow/example_dags/tutorial.py took 0.084 seconds
[2025-05-22T07:29:45.510+0000] {processor.py:186} INFO - Started process (PID=1542) to work on /home/airflow/.local/lib/python3.12/site-packages/airflow/example_dags/tutorial.py
[2025-05-22T07:29:45.511+0000] {processor.py:914} INFO - Processing file /home/airflow/.local/lib/python3.12/site-packages/airflow/example_dags/tutorial.py for tasks to queue
[2025-05-22T07:29:45.514+0000] {logging_mixin.py:190} INFO - [2025-05-22T07:29:45.513+0000] {dagbag.py:588} INFO - Filling up the DagBag from /home/airflow/.local/lib/python3.12/site-packages/airflow/example_dags/tutorial.py
[2025-05-22T07:29:45.523+0000] {processor.py:925} INFO - DAG(s) 'tutorial' retrieved from /home/airflow/.local/lib/python3.12/site-packages/airflow/example_dags/tutorial.py
[2025-05-22T07:29:45.546+0000] {logging_mixin.py:190} INFO - [2025-05-22T07:29:45.546+0000] {dag.py:3239} INFO - Sync 1 DAGs
[2025-05-22T07:29:45.571+0000] {logging_mixin.py:190} INFO - [2025-05-22T07:29:45.571+0000] {dag.py:4180} INFO - Setting next_dagrun for tutorial to 2025-05-21 00:00:00+00:00, run_after=2025-05-22 00:00:00+00:00
[2025-05-22T07:29:45.590+0000] {processor.py:208} INFO - Processing /home/airflow/.local/lib/python3.12/site-packages/airflow/example_dags/tutorial.py took 0.086 seconds
[2025-05-22T07:30:17.072+0000] {processor.py:186} INFO - Started process (PID=1610) to work on /home/airflow/.local/lib/python3.12/site-packages/airflow/example_dags/tutorial.py
[2025-05-22T07:30:17.073+0000] {processor.py:914} INFO - Processing file /home/airflow/.local/lib/python3.12/site-packages/airflow/example_dags/tutorial.py for tasks to queue
[2025-05-22T07:30:17.075+0000] {logging_mixin.py:190} INFO - [2025-05-22T07:30:17.075+0000] {dagbag.py:588} INFO - Filling up the DagBag from /home/airflow/.local/lib/python3.12/site-packages/airflow/example_dags/tutorial.py
[2025-05-22T07:30:17.084+0000] {processor.py:925} INFO - DAG(s) 'tutorial' retrieved from /home/airflow/.local/lib/python3.12/site-packages/airflow/example_dags/tutorial.py
[2025-05-22T07:30:17.107+0000] {logging_mixin.py:190} INFO - [2025-05-22T07:30:17.107+0000] {dag.py:3239} INFO - Sync 1 DAGs
[2025-05-22T07:30:17.133+0000] {logging_mixin.py:190} INFO - [2025-05-22T07:30:17.133+0000] {dag.py:4180} INFO - Setting next_dagrun for tutorial to 2025-05-21 00:00:00+00:00, run_after=2025-05-22 00:00:00+00:00
[2025-05-22T07:30:17.153+0000] {processor.py:208} INFO - Processing /home/airflow/.local/lib/python3.12/site-packages/airflow/example_dags/tutorial.py took 0.087 seconds
[2025-05-22T07:35:46.609+0000] {processor.py:186} INFO - Started process (PID=119) to work on /home/airflow/.local/lib/python3.12/site-packages/airflow/example_dags/tutorial.py
[2025-05-22T07:35:46.610+0000] {processor.py:914} INFO - Processing file /home/airflow/.local/lib/python3.12/site-packages/airflow/example_dags/tutorial.py for tasks to queue
[2025-05-22T07:35:46.613+0000] {logging_mixin.py:190} INFO - [2025-05-22T07:35:46.612+0000] {dagbag.py:588} INFO - Filling up the DagBag from /home/airflow/.local/lib/python3.12/site-packages/airflow/example_dags/tutorial.py
[2025-05-22T07:35:46.623+0000] {processor.py:925} INFO - DAG(s) 'tutorial' retrieved from /home/airflow/.local/lib/python3.12/site-packages/airflow/example_dags/tutorial.py
[2025-05-22T07:35:46.685+0000] {logging_mixin.py:190} INFO - [2025-05-22T07:35:46.684+0000] {override.py:1912} INFO - Created Permission View: can delete on DAG:tutorial
[2025-05-22T07:35:46.701+0000] {logging_mixin.py:190} INFO - [2025-05-22T07:35:46.701+0000] {override.py:1912} INFO - Created Permission View: can edit on DAG:tutorial
[2025-05-22T07:35:46.714+0000] {logging_mixin.py:190} INFO - [2025-05-22T07:35:46.714+0000] {override.py:1912} INFO - Created Permission View: can read on DAG:tutorial
[2025-05-22T07:35:46.723+0000] {logging_mixin.py:190} INFO - [2025-05-22T07:35:46.723+0000] {override.py:1912} INFO - Created Permission View: can delete on DAG Run:tutorial
[2025-05-22T07:35:46.731+0000] {logging_mixin.py:190} INFO - [2025-05-22T07:35:46.730+0000] {override.py:1912} INFO - Created Permission View: can create on DAG Run:tutorial
[2025-05-22T07:35:46.740+0000] {logging_mixin.py:190} INFO - [2025-05-22T07:35:46.740+0000] {override.py:1912} INFO - Created Permission View: menu access on DAG Run:tutorial
[2025-05-22T07:35:46.750+0000] {logging_mixin.py:190} INFO - [2025-05-22T07:35:46.750+0000] {override.py:1912} INFO - Created Permission View: can read on DAG Run:tutorial
[2025-05-22T07:35:46.751+0000] {logging_mixin.py:190} INFO - [2025-05-22T07:35:46.751+0000] {dag.py:3239} INFO - Sync 1 DAGs
[2025-05-22T07:35:46.764+0000] {logging_mixin.py:190} INFO - [2025-05-22T07:35:46.764+0000] {dag.py:3262} INFO - Creating ORM DAG for tutorial
[2025-05-22T07:35:46.776+0000] {logging_mixin.py:190} INFO - [2025-05-22T07:35:46.775+0000] {dag.py:4180} INFO - Setting next_dagrun for tutorial to 2025-05-21 00:00:00+00:00, run_after=2025-05-22 00:00:00+00:00
[2025-05-22T07:35:46.796+0000] {processor.py:208} INFO - Processing /home/airflow/.local/lib/python3.12/site-packages/airflow/example_dags/tutorial.py took 0.194 seconds
[2025-05-22T07:36:17.187+0000] {processor.py:186} INFO - Started process (PID=187) to work on /home/airflow/.local/lib/python3.12/site-packages/airflow/example_dags/tutorial.py
[2025-05-22T07:36:17.188+0000] {processor.py:914} INFO - Processing file /home/airflow/.local/lib/python3.12/site-packages/airflow/example_dags/tutorial.py for tasks to queue
[2025-05-22T07:36:17.190+0000] {logging_mixin.py:190} INFO - [2025-05-22T07:36:17.190+0000] {dagbag.py:588} INFO - Filling up the DagBag from /home/airflow/.local/lib/python3.12/site-packages/airflow/example_dags/tutorial.py
[2025-05-22T07:36:17.200+0000] {processor.py:925} INFO - DAG(s) 'tutorial' retrieved from /home/airflow/.local/lib/python3.12/site-packages/airflow/example_dags/tutorial.py
[2025-05-22T07:36:17.223+0000] {logging_mixin.py:190} INFO - [2025-05-22T07:36:17.223+0000] {dag.py:3239} INFO - Sync 1 DAGs
[2025-05-22T07:36:17.247+0000] {logging_mixin.py:190} INFO - [2025-05-22T07:36:17.247+0000] {dag.py:4180} INFO - Setting next_dagrun for tutorial to 2025-05-21 00:00:00+00:00, run_after=2025-05-22 00:00:00+00:00
[2025-05-22T07:36:17.265+0000] {processor.py:208} INFO - Processing /home/airflow/.local/lib/python3.12/site-packages/airflow/example_dags/tutorial.py took 0.086 seconds
[2025-05-22T07:36:47.997+0000] {processor.py:186} INFO - Started process (PID=255) to work on /home/airflow/.local/lib/python3.12/site-packages/airflow/example_dags/tutorial.py
[2025-05-22T07:36:47.998+0000] {processor.py:914} INFO - Processing file /home/airflow/.local/lib/python3.12/site-packages/airflow/example_dags/tutorial.py for tasks to queue
[2025-05-22T07:36:48.001+0000] {logging_mixin.py:190} INFO - [2025-05-22T07:36:48.000+0000] {dagbag.py:588} INFO - Filling up the DagBag from /home/airflow/.local/lib/python3.12/site-packages/airflow/example_dags/tutorial.py
[2025-05-22T07:36:48.010+0000] {processor.py:925} INFO - DAG(s) 'tutorial' retrieved from /home/airflow/.local/lib/python3.12/site-packages/airflow/example_dags/tutorial.py
[2025-05-22T07:36:48.032+0000] {logging_mixin.py:190} INFO - [2025-05-22T07:36:48.032+0000] {dag.py:3239} INFO - Sync 1 DAGs
[2025-05-22T07:36:48.061+0000] {logging_mixin.py:190} INFO - [2025-05-22T07:36:48.061+0000] {dag.py:4180} INFO - Setting next_dagrun for tutorial to 2025-05-21 00:00:00+00:00, run_after=2025-05-22 00:00:00+00:00
[2025-05-22T07:36:48.082+0000] {processor.py:208} INFO - Processing /home/airflow/.local/lib/python3.12/site-packages/airflow/example_dags/tutorial.py took 0.092 seconds
[2025-05-22T07:37:18.666+0000] {processor.py:186} INFO - Started process (PID=322) to work on /home/airflow/.local/lib/python3.12/site-packages/airflow/example_dags/tutorial.py
[2025-05-22T07:37:18.667+0000] {processor.py:914} INFO - Processing file /home/airflow/.local/lib/python3.12/site-packages/airflow/example_dags/tutorial.py for tasks to queue
[2025-05-22T07:37:18.670+0000] {logging_mixin.py:190} INFO - [2025-05-22T07:37:18.670+0000] {dagbag.py:588} INFO - Filling up the DagBag from /home/airflow/.local/lib/python3.12/site-packages/airflow/example_dags/tutorial.py
[2025-05-22T07:37:18.680+0000] {processor.py:925} INFO - DAG(s) 'tutorial' retrieved from /home/airflow/.local/lib/python3.12/site-packages/airflow/example_dags/tutorial.py
[2025-05-22T07:37:18.704+0000] {logging_mixin.py:190} INFO - [2025-05-22T07:37:18.704+0000] {dag.py:3239} INFO - Sync 1 DAGs
[2025-05-22T07:37:18.729+0000] {logging_mixin.py:190} INFO - [2025-05-22T07:37:18.729+0000] {dag.py:4180} INFO - Setting next_dagrun for tutorial to 2025-05-21 00:00:00+00:00, run_after=2025-05-22 00:00:00+00:00
[2025-05-22T07:37:18.755+0000] {processor.py:208} INFO - Processing /home/airflow/.local/lib/python3.12/site-packages/airflow/example_dags/tutorial.py took 0.096 seconds
[2025-05-22T07:37:49.102+0000] {processor.py:186} INFO - Started process (PID=390) to work on /home/airflow/.local/lib/python3.12/site-packages/airflow/example_dags/tutorial.py
[2025-05-22T07:37:49.103+0000] {processor.py:914} INFO - Processing file /home/airflow/.local/lib/python3.12/site-packages/airflow/example_dags/tutorial.py for tasks to queue
[2025-05-22T07:37:49.106+0000] {logging_mixin.py:190} INFO - [2025-05-22T07:37:49.106+0000] {dagbag.py:588} INFO - Filling up the DagBag from /home/airflow/.local/lib/python3.12/site-packages/airflow/example_dags/tutorial.py
[2025-05-22T07:37:49.115+0000] {processor.py:925} INFO - DAG(s) 'tutorial' retrieved from /home/airflow/.local/lib/python3.12/site-packages/airflow/example_dags/tutorial.py
[2025-05-22T07:37:49.136+0000] {logging_mixin.py:190} INFO - [2025-05-22T07:37:49.135+0000] {dag.py:3239} INFO - Sync 1 DAGs
[2025-05-22T07:37:49.159+0000] {logging_mixin.py:190} INFO - [2025-05-22T07:37:49.159+0000] {dag.py:4180} INFO - Setting next_dagrun for tutorial to 2025-05-21 00:00:00+00:00, run_after=2025-05-22 00:00:00+00:00
[2025-05-22T07:37:49.180+0000] {processor.py:208} INFO - Processing /home/airflow/.local/lib/python3.12/site-packages/airflow/example_dags/tutorial.py took 0.084 seconds
[2025-05-22T07:38:19.233+0000] {processor.py:186} INFO - Started process (PID=457) to work on /home/airflow/.local/lib/python3.12/site-packages/airflow/example_dags/tutorial.py
[2025-05-22T07:38:19.234+0000] {processor.py:914} INFO - Processing file /home/airflow/.local/lib/python3.12/site-packages/airflow/example_dags/tutorial.py for tasks to queue
[2025-05-22T07:38:19.237+0000] {logging_mixin.py:190} INFO - [2025-05-22T07:38:19.237+0000] {dagbag.py:588} INFO - Filling up the DagBag from /home/airflow/.local/lib/python3.12/site-packages/airflow/example_dags/tutorial.py
[2025-05-22T07:38:19.246+0000] {processor.py:925} INFO - DAG(s) 'tutorial' retrieved from /home/airflow/.local/lib/python3.12/site-packages/airflow/example_dags/tutorial.py
[2025-05-22T07:38:19.266+0000] {logging_mixin.py:190} INFO - [2025-05-22T07:38:19.266+0000] {dag.py:3239} INFO - Sync 1 DAGs
[2025-05-22T07:38:19.289+0000] {logging_mixin.py:190} INFO - [2025-05-22T07:38:19.289+0000] {dag.py:4180} INFO - Setting next_dagrun for tutorial to 2025-05-21 00:00:00+00:00, run_after=2025-05-22 00:00:00+00:00
[2025-05-22T07:38:19.308+0000] {processor.py:208} INFO - Processing /home/airflow/.local/lib/python3.12/site-packages/airflow/example_dags/tutorial.py took 0.082 seconds
[2025-05-22T07:38:50.296+0000] {processor.py:186} INFO - Started process (PID=524) to work on /home/airflow/.local/lib/python3.12/site-packages/airflow/example_dags/tutorial.py
[2025-05-22T07:38:50.297+0000] {processor.py:914} INFO - Processing file /home/airflow/.local/lib/python3.12/site-packages/airflow/example_dags/tutorial.py for tasks to queue
[2025-05-22T07:38:50.300+0000] {logging_mixin.py:190} INFO - [2025-05-22T07:38:50.299+0000] {dagbag.py:588} INFO - Filling up the DagBag from /home/airflow/.local/lib/python3.12/site-packages/airflow/example_dags/tutorial.py
[2025-05-22T07:38:50.310+0000] {processor.py:925} INFO - DAG(s) 'tutorial' retrieved from /home/airflow/.local/lib/python3.12/site-packages/airflow/example_dags/tutorial.py
[2025-05-22T07:38:50.332+0000] {logging_mixin.py:190} INFO - [2025-05-22T07:38:50.332+0000] {dag.py:3239} INFO - Sync 1 DAGs
[2025-05-22T07:38:50.358+0000] {logging_mixin.py:190} INFO - [2025-05-22T07:38:50.358+0000] {dag.py:4180} INFO - Setting next_dagrun for tutorial to 2025-05-21 00:00:00+00:00, run_after=2025-05-22 00:00:00+00:00
[2025-05-22T07:38:50.378+0000] {processor.py:208} INFO - Processing /home/airflow/.local/lib/python3.12/site-packages/airflow/example_dags/tutorial.py took 0.089 seconds
[2025-05-22T07:39:21.254+0000] {processor.py:186} INFO - Started process (PID=592) to work on /home/airflow/.local/lib/python3.12/site-packages/airflow/example_dags/tutorial.py
[2025-05-22T07:39:21.255+0000] {processor.py:914} INFO - Processing file /home/airflow/.local/lib/python3.12/site-packages/airflow/example_dags/tutorial.py for tasks to queue
[2025-05-22T07:39:21.258+0000] {logging_mixin.py:190} INFO - [2025-05-22T07:39:21.258+0000] {dagbag.py:588} INFO - Filling up the DagBag from /home/airflow/.local/lib/python3.12/site-packages/airflow/example_dags/tutorial.py
[2025-05-22T07:39:21.269+0000] {processor.py:925} INFO - DAG(s) 'tutorial' retrieved from /home/airflow/.local/lib/python3.12/site-packages/airflow/example_dags/tutorial.py
[2025-05-22T07:39:21.292+0000] {logging_mixin.py:190} INFO - [2025-05-22T07:39:21.292+0000] {dag.py:3239} INFO - Sync 1 DAGs
[2025-05-22T07:39:21.318+0000] {logging_mixin.py:190} INFO - [2025-05-22T07:39:21.317+0000] {dag.py:4180} INFO - Setting next_dagrun for tutorial to 2025-05-21 00:00:00+00:00, run_after=2025-05-22 00:00:00+00:00
[2025-05-22T07:39:21.338+0000] {processor.py:208} INFO - Processing /home/airflow/.local/lib/python3.12/site-packages/airflow/example_dags/tutorial.py took 0.092 seconds
[2025-05-22T07:39:52.225+0000] {processor.py:186} INFO - Started process (PID=660) to work on /home/airflow/.local/lib/python3.12/site-packages/airflow/example_dags/tutorial.py
[2025-05-22T07:39:52.226+0000] {processor.py:914} INFO - Processing file /home/airflow/.local/lib/python3.12/site-packages/airflow/example_dags/tutorial.py for tasks to queue
[2025-05-22T07:39:52.229+0000] {logging_mixin.py:190} INFO - [2025-05-22T07:39:52.229+0000] {dagbag.py:588} INFO - Filling up the DagBag from /home/airflow/.local/lib/python3.12/site-packages/airflow/example_dags/tutorial.py
[2025-05-22T07:39:52.238+0000] {processor.py:925} INFO - DAG(s) 'tutorial' retrieved from /home/airflow/.local/lib/python3.12/site-packages/airflow/example_dags/tutorial.py
[2025-05-22T07:39:52.260+0000] {logging_mixin.py:190} INFO - [2025-05-22T07:39:52.260+0000] {dag.py:3239} INFO - Sync 1 DAGs
[2025-05-22T07:39:52.285+0000] {logging_mixin.py:190} INFO - [2025-05-22T07:39:52.285+0000] {dag.py:4180} INFO - Setting next_dagrun for tutorial to 2025-05-21 00:00:00+00:00, run_after=2025-05-22 00:00:00+00:00
[2025-05-22T07:39:52.306+0000] {processor.py:208} INFO - Processing /home/airflow/.local/lib/python3.12/site-packages/airflow/example_dags/tutorial.py took 0.088 seconds
[2025-05-22T07:40:22.687+0000] {processor.py:186} INFO - Started process (PID=727) to work on /home/airflow/.local/lib/python3.12/site-packages/airflow/example_dags/tutorial.py
[2025-05-22T07:40:22.688+0000] {processor.py:914} INFO - Processing file /home/airflow/.local/lib/python3.12/site-packages/airflow/example_dags/tutorial.py for tasks to queue
[2025-05-22T07:40:22.692+0000] {logging_mixin.py:190} INFO - [2025-05-22T07:40:22.692+0000] {dagbag.py:588} INFO - Filling up the DagBag from /home/airflow/.local/lib/python3.12/site-packages/airflow/example_dags/tutorial.py
[2025-05-22T07:40:22.702+0000] {processor.py:925} INFO - DAG(s) 'tutorial' retrieved from /home/airflow/.local/lib/python3.12/site-packages/airflow/example_dags/tutorial.py
[2025-05-22T07:40:22.730+0000] {logging_mixin.py:190} INFO - [2025-05-22T07:40:22.730+0000] {dag.py:3239} INFO - Sync 1 DAGs
[2025-05-22T07:40:22.768+0000] {logging_mixin.py:190} INFO - [2025-05-22T07:40:22.767+0000] {dag.py:4180} INFO - Setting next_dagrun for tutorial to 2025-05-21 00:00:00+00:00, run_after=2025-05-22 00:00:00+00:00
[2025-05-22T07:40:22.793+0000] {processor.py:208} INFO - Processing /home/airflow/.local/lib/python3.12/site-packages/airflow/example_dags/tutorial.py took 0.113 seconds
[2025-05-22T07:40:53.210+0000] {processor.py:186} INFO - Started process (PID=795) to work on /home/airflow/.local/lib/python3.12/site-packages/airflow/example_dags/tutorial.py
[2025-05-22T07:40:53.211+0000] {processor.py:914} INFO - Processing file /home/airflow/.local/lib/python3.12/site-packages/airflow/example_dags/tutorial.py for tasks to queue
[2025-05-22T07:40:53.214+0000] {logging_mixin.py:190} INFO - [2025-05-22T07:40:53.213+0000] {dagbag.py:588} INFO - Filling up the DagBag from /home/airflow/.local/lib/python3.12/site-packages/airflow/example_dags/tutorial.py
[2025-05-22T07:40:53.227+0000] {processor.py:925} INFO - DAG(s) 'tutorial' retrieved from /home/airflow/.local/lib/python3.12/site-packages/airflow/example_dags/tutorial.py
[2025-05-22T07:40:53.257+0000] {logging_mixin.py:190} INFO - [2025-05-22T07:40:53.257+0000] {dag.py:3239} INFO - Sync 1 DAGs
[2025-05-22T07:40:53.286+0000] {logging_mixin.py:190} INFO - [2025-05-22T07:40:53.285+0000] {dag.py:4180} INFO - Setting next_dagrun for tutorial to 2025-05-21 00:00:00+00:00, run_after=2025-05-22 00:00:00+00:00
[2025-05-22T07:40:53.309+0000] {processor.py:208} INFO - Processing /home/airflow/.local/lib/python3.12/site-packages/airflow/example_dags/tutorial.py took 0.106 seconds
[2025-05-22T07:41:23.820+0000] {processor.py:186} INFO - Started process (PID=862) to work on /home/airflow/.local/lib/python3.12/site-packages/airflow/example_dags/tutorial.py
[2025-05-22T07:41:23.821+0000] {processor.py:914} INFO - Processing file /home/airflow/.local/lib/python3.12/site-packages/airflow/example_dags/tutorial.py for tasks to queue
[2025-05-22T07:41:23.823+0000] {logging_mixin.py:190} INFO - [2025-05-22T07:41:23.823+0000] {dagbag.py:588} INFO - Filling up the DagBag from /home/airflow/.local/lib/python3.12/site-packages/airflow/example_dags/tutorial.py
[2025-05-22T07:41:23.832+0000] {processor.py:925} INFO - DAG(s) 'tutorial' retrieved from /home/airflow/.local/lib/python3.12/site-packages/airflow/example_dags/tutorial.py
[2025-05-22T07:41:23.853+0000] {logging_mixin.py:190} INFO - [2025-05-22T07:41:23.852+0000] {dag.py:3239} INFO - Sync 1 DAGs
[2025-05-22T07:41:23.877+0000] {logging_mixin.py:190} INFO - [2025-05-22T07:41:23.877+0000] {dag.py:4180} INFO - Setting next_dagrun for tutorial to 2025-05-21 00:00:00+00:00, run_after=2025-05-22 00:00:00+00:00
[2025-05-22T07:41:23.896+0000] {processor.py:208} INFO - Processing /home/airflow/.local/lib/python3.12/site-packages/airflow/example_dags/tutorial.py took 0.082 seconds
[2025-05-22T07:41:54.540+0000] {processor.py:186} INFO - Started process (PID=930) to work on /home/airflow/.local/lib/python3.12/site-packages/airflow/example_dags/tutorial.py
[2025-05-22T07:41:54.541+0000] {processor.py:914} INFO - Processing file /home/airflow/.local/lib/python3.12/site-packages/airflow/example_dags/tutorial.py for tasks to queue
[2025-05-22T07:41:54.544+0000] {logging_mixin.py:190} INFO - [2025-05-22T07:41:54.544+0000] {dagbag.py:588} INFO - Filling up the DagBag from /home/airflow/.local/lib/python3.12/site-packages/airflow/example_dags/tutorial.py
[2025-05-22T07:41:54.553+0000] {processor.py:925} INFO - DAG(s) 'tutorial' retrieved from /home/airflow/.local/lib/python3.12/site-packages/airflow/example_dags/tutorial.py
[2025-05-22T07:41:54.577+0000] {logging_mixin.py:190} INFO - [2025-05-22T07:41:54.577+0000] {dag.py:3239} INFO - Sync 1 DAGs
[2025-05-22T07:41:54.600+0000] {logging_mixin.py:190} INFO - [2025-05-22T07:41:54.600+0000] {dag.py:4180} INFO - Setting next_dagrun for tutorial to 2025-05-21 00:00:00+00:00, run_after=2025-05-22 00:00:00+00:00
[2025-05-22T07:41:54.619+0000] {processor.py:208} INFO - Processing /home/airflow/.local/lib/python3.12/site-packages/airflow/example_dags/tutorial.py took 0.086 seconds
[2025-05-22T07:42:25.496+0000] {processor.py:186} INFO - Started process (PID=998) to work on /home/airflow/.local/lib/python3.12/site-packages/airflow/example_dags/tutorial.py
[2025-05-22T07:42:25.496+0000] {processor.py:914} INFO - Processing file /home/airflow/.local/lib/python3.12/site-packages/airflow/example_dags/tutorial.py for tasks to queue
[2025-05-22T07:42:25.499+0000] {logging_mixin.py:190} INFO - [2025-05-22T07:42:25.499+0000] {dagbag.py:588} INFO - Filling up the DagBag from /home/airflow/.local/lib/python3.12/site-packages/airflow/example_dags/tutorial.py
[2025-05-22T07:42:25.508+0000] {processor.py:925} INFO - DAG(s) 'tutorial' retrieved from /home/airflow/.local/lib/python3.12/site-packages/airflow/example_dags/tutorial.py
[2025-05-22T07:42:25.529+0000] {logging_mixin.py:190} INFO - [2025-05-22T07:42:25.528+0000] {dag.py:3239} INFO - Sync 1 DAGs
[2025-05-22T07:42:25.553+0000] {logging_mixin.py:190} INFO - [2025-05-22T07:42:25.552+0000] {dag.py:4180} INFO - Setting next_dagrun for tutorial to 2025-05-21 00:00:00+00:00, run_after=2025-05-22 00:00:00+00:00
[2025-05-22T07:42:25.578+0000] {processor.py:208} INFO - Processing /home/airflow/.local/lib/python3.12/site-packages/airflow/example_dags/tutorial.py took 0.089 seconds
[2025-05-22T07:42:56.107+0000] {processor.py:186} INFO - Started process (PID=1066) to work on /home/airflow/.local/lib/python3.12/site-packages/airflow/example_dags/tutorial.py
[2025-05-22T07:42:56.112+0000] {processor.py:914} INFO - Processing file /home/airflow/.local/lib/python3.12/site-packages/airflow/example_dags/tutorial.py for tasks to queue
[2025-05-22T07:42:56.116+0000] {logging_mixin.py:190} INFO - [2025-05-22T07:42:56.115+0000] {dagbag.py:588} INFO - Filling up the DagBag from /home/airflow/.local/lib/python3.12/site-packages/airflow/example_dags/tutorial.py
[2025-05-22T07:42:56.135+0000] {processor.py:925} INFO - DAG(s) 'tutorial' retrieved from /home/airflow/.local/lib/python3.12/site-packages/airflow/example_dags/tutorial.py
[2025-05-22T07:42:56.189+0000] {logging_mixin.py:190} INFO - [2025-05-22T07:42:56.188+0000] {dag.py:3239} INFO - Sync 1 DAGs
[2025-05-22T07:42:56.224+0000] {logging_mixin.py:190} INFO - [2025-05-22T07:42:56.224+0000] {dag.py:4180} INFO - Setting next_dagrun for tutorial to 2025-05-21 00:00:00+00:00, run_after=2025-05-22 00:00:00+00:00
[2025-05-22T07:42:56.252+0000] {processor.py:208} INFO - Processing /home/airflow/.local/lib/python3.12/site-packages/airflow/example_dags/tutorial.py took 0.156 seconds
[2025-05-22T07:43:26.431+0000] {processor.py:186} INFO - Started process (PID=1134) to work on /home/airflow/.local/lib/python3.12/site-packages/airflow/example_dags/tutorial.py
[2025-05-22T07:43:26.433+0000] {processor.py:914} INFO - Processing file /home/airflow/.local/lib/python3.12/site-packages/airflow/example_dags/tutorial.py for tasks to queue
[2025-05-22T07:43:26.436+0000] {logging_mixin.py:190} INFO - [2025-05-22T07:43:26.435+0000] {dagbag.py:588} INFO - Filling up the DagBag from /home/airflow/.local/lib/python3.12/site-packages/airflow/example_dags/tutorial.py
[2025-05-22T07:43:26.445+0000] {processor.py:925} INFO - DAG(s) 'tutorial' retrieved from /home/airflow/.local/lib/python3.12/site-packages/airflow/example_dags/tutorial.py
[2025-05-22T07:43:26.465+0000] {logging_mixin.py:190} INFO - [2025-05-22T07:43:26.465+0000] {dag.py:3239} INFO - Sync 1 DAGs
[2025-05-22T07:43:26.491+0000] {logging_mixin.py:190} INFO - [2025-05-22T07:43:26.491+0000] {dag.py:4180} INFO - Setting next_dagrun for tutorial to 2025-05-21 00:00:00+00:00, run_after=2025-05-22 00:00:00+00:00
[2025-05-22T07:43:26.509+0000] {processor.py:208} INFO - Processing /home/airflow/.local/lib/python3.12/site-packages/airflow/example_dags/tutorial.py took 0.085 seconds
[2025-05-22T07:43:57.254+0000] {processor.py:186} INFO - Started process (PID=1202) to work on /home/airflow/.local/lib/python3.12/site-packages/airflow/example_dags/tutorial.py
[2025-05-22T07:43:57.255+0000] {processor.py:914} INFO - Processing file /home/airflow/.local/lib/python3.12/site-packages/airflow/example_dags/tutorial.py for tasks to queue
[2025-05-22T07:43:57.258+0000] {logging_mixin.py:190} INFO - [2025-05-22T07:43:57.258+0000] {dagbag.py:588} INFO - Filling up the DagBag from /home/airflow/.local/lib/python3.12/site-packages/airflow/example_dags/tutorial.py
[2025-05-22T07:43:57.267+0000] {processor.py:925} INFO - DAG(s) 'tutorial' retrieved from /home/airflow/.local/lib/python3.12/site-packages/airflow/example_dags/tutorial.py
[2025-05-22T07:43:57.287+0000] {logging_mixin.py:190} INFO - [2025-05-22T07:43:57.287+0000] {dag.py:3239} INFO - Sync 1 DAGs
[2025-05-22T07:43:57.312+0000] {logging_mixin.py:190} INFO - [2025-05-22T07:43:57.311+0000] {dag.py:4180} INFO - Setting next_dagrun for tutorial to 2025-05-21 00:00:00+00:00, run_after=2025-05-22 00:00:00+00:00
[2025-05-22T07:43:57.331+0000] {processor.py:208} INFO - Processing /home/airflow/.local/lib/python3.12/site-packages/airflow/example_dags/tutorial.py took 0.083 seconds
[2025-05-22T07:44:27.645+0000] {processor.py:186} INFO - Started process (PID=1270) to work on /home/airflow/.local/lib/python3.12/site-packages/airflow/example_dags/tutorial.py
[2025-05-22T07:44:27.646+0000] {processor.py:914} INFO - Processing file /home/airflow/.local/lib/python3.12/site-packages/airflow/example_dags/tutorial.py for tasks to queue
[2025-05-22T07:44:27.649+0000] {logging_mixin.py:190} INFO - [2025-05-22T07:44:27.648+0000] {dagbag.py:588} INFO - Filling up the DagBag from /home/airflow/.local/lib/python3.12/site-packages/airflow/example_dags/tutorial.py
[2025-05-22T07:44:27.658+0000] {processor.py:925} INFO - DAG(s) 'tutorial' retrieved from /home/airflow/.local/lib/python3.12/site-packages/airflow/example_dags/tutorial.py
[2025-05-22T07:44:27.685+0000] {logging_mixin.py:190} INFO - [2025-05-22T07:44:27.685+0000] {dag.py:3239} INFO - Sync 1 DAGs
[2025-05-22T07:44:27.711+0000] {logging_mixin.py:190} INFO - [2025-05-22T07:44:27.711+0000] {dag.py:4180} INFO - Setting next_dagrun for tutorial to 2025-05-21 00:00:00+00:00, run_after=2025-05-22 00:00:00+00:00
[2025-05-22T07:44:27.729+0000] {processor.py:208} INFO - Processing /home/airflow/.local/lib/python3.12/site-packages/airflow/example_dags/tutorial.py took 0.093 seconds
[2025-05-22T07:44:58.444+0000] {processor.py:186} INFO - Started process (PID=1338) to work on /home/airflow/.local/lib/python3.12/site-packages/airflow/example_dags/tutorial.py
[2025-05-22T07:44:58.445+0000] {processor.py:914} INFO - Processing file /home/airflow/.local/lib/python3.12/site-packages/airflow/example_dags/tutorial.py for tasks to queue
[2025-05-22T07:44:58.448+0000] {logging_mixin.py:190} INFO - [2025-05-22T07:44:58.447+0000] {dagbag.py:588} INFO - Filling up the DagBag from /home/airflow/.local/lib/python3.12/site-packages/airflow/example_dags/tutorial.py
[2025-05-22T07:44:58.457+0000] {processor.py:925} INFO - DAG(s) 'tutorial' retrieved from /home/airflow/.local/lib/python3.12/site-packages/airflow/example_dags/tutorial.py
[2025-05-22T07:44:58.477+0000] {logging_mixin.py:190} INFO - [2025-05-22T07:44:58.477+0000] {dag.py:3239} INFO - Sync 1 DAGs
[2025-05-22T07:44:58.503+0000] {logging_mixin.py:190} INFO - [2025-05-22T07:44:58.503+0000] {dag.py:4180} INFO - Setting next_dagrun for tutorial to 2025-05-21 00:00:00+00:00, run_after=2025-05-22 00:00:00+00:00
[2025-05-22T07:44:58.523+0000] {processor.py:208} INFO - Processing /home/airflow/.local/lib/python3.12/site-packages/airflow/example_dags/tutorial.py took 0.086 seconds
[2025-05-22T07:45:28.814+0000] {processor.py:186} INFO - Started process (PID=1405) to work on /home/airflow/.local/lib/python3.12/site-packages/airflow/example_dags/tutorial.py
[2025-05-22T07:45:28.815+0000] {processor.py:914} INFO - Processing file /home/airflow/.local/lib/python3.12/site-packages/airflow/example_dags/tutorial.py for tasks to queue
[2025-05-22T07:45:28.818+0000] {logging_mixin.py:190} INFO - [2025-05-22T07:45:28.818+0000] {dagbag.py:588} INFO - Filling up the DagBag from /home/airflow/.local/lib/python3.12/site-packages/airflow/example_dags/tutorial.py
[2025-05-22T07:45:28.828+0000] {processor.py:925} INFO - DAG(s) 'tutorial' retrieved from /home/airflow/.local/lib/python3.12/site-packages/airflow/example_dags/tutorial.py
[2025-05-22T07:45:28.852+0000] {logging_mixin.py:190} INFO - [2025-05-22T07:45:28.852+0000] {dag.py:3239} INFO - Sync 1 DAGs
[2025-05-22T07:45:28.877+0000] {logging_mixin.py:190} INFO - [2025-05-22T07:45:28.877+0000] {dag.py:4180} INFO - Setting next_dagrun for tutorial to 2025-05-21 00:00:00+00:00, run_after=2025-05-22 00:00:00+00:00
[2025-05-22T07:45:28.896+0000] {processor.py:208} INFO - Processing /home/airflow/.local/lib/python3.12/site-packages/airflow/example_dags/tutorial.py took 0.089 seconds
[2025-05-22T07:45:59.738+0000] {processor.py:186} INFO - Started process (PID=1473) to work on /home/airflow/.local/lib/python3.12/site-packages/airflow/example_dags/tutorial.py
[2025-05-22T07:45:59.739+0000] {processor.py:914} INFO - Processing file /home/airflow/.local/lib/python3.12/site-packages/airflow/example_dags/tutorial.py for tasks to queue
[2025-05-22T07:45:59.742+0000] {logging_mixin.py:190} INFO - [2025-05-22T07:45:59.742+0000] {dagbag.py:588} INFO - Filling up the DagBag from /home/airflow/.local/lib/python3.12/site-packages/airflow/example_dags/tutorial.py
[2025-05-22T07:45:59.753+0000] {processor.py:925} INFO - DAG(s) 'tutorial' retrieved from /home/airflow/.local/lib/python3.12/site-packages/airflow/example_dags/tutorial.py
[2025-05-22T07:45:59.774+0000] {logging_mixin.py:190} INFO - [2025-05-22T07:45:59.774+0000] {dag.py:3239} INFO - Sync 1 DAGs
[2025-05-22T07:45:59.801+0000] {logging_mixin.py:190} INFO - [2025-05-22T07:45:59.801+0000] {dag.py:4180} INFO - Setting next_dagrun for tutorial to 2025-05-21 00:00:00+00:00, run_after=2025-05-22 00:00:00+00:00
[2025-05-22T07:45:59.820+0000] {processor.py:208} INFO - Processing /home/airflow/.local/lib/python3.12/site-packages/airflow/example_dags/tutorial.py took 0.089 seconds
[2025-05-22T07:46:30.666+0000] {processor.py:186} INFO - Started process (PID=1541) to work on /home/airflow/.local/lib/python3.12/site-packages/airflow/example_dags/tutorial.py
[2025-05-22T07:46:30.667+0000] {processor.py:914} INFO - Processing file /home/airflow/.local/lib/python3.12/site-packages/airflow/example_dags/tutorial.py for tasks to queue
[2025-05-22T07:46:30.669+0000] {logging_mixin.py:190} INFO - [2025-05-22T07:46:30.669+0000] {dagbag.py:588} INFO - Filling up the DagBag from /home/airflow/.local/lib/python3.12/site-packages/airflow/example_dags/tutorial.py
[2025-05-22T07:46:30.679+0000] {processor.py:925} INFO - DAG(s) 'tutorial' retrieved from /home/airflow/.local/lib/python3.12/site-packages/airflow/example_dags/tutorial.py
[2025-05-22T07:46:30.699+0000] {logging_mixin.py:190} INFO - [2025-05-22T07:46:30.699+0000] {dag.py:3239} INFO - Sync 1 DAGs
[2025-05-22T07:46:30.726+0000] {logging_mixin.py:190} INFO - [2025-05-22T07:46:30.726+0000] {dag.py:4180} INFO - Setting next_dagrun for tutorial to 2025-05-21 00:00:00+00:00, run_after=2025-05-22 00:00:00+00:00
[2025-05-22T07:46:30.745+0000] {processor.py:208} INFO - Processing /home/airflow/.local/lib/python3.12/site-packages/airflow/example_dags/tutorial.py took 0.086 seconds
[2025-05-22T07:47:01.407+0000] {processor.py:186} INFO - Started process (PID=1609) to work on /home/airflow/.local/lib/python3.12/site-packages/airflow/example_dags/tutorial.py
[2025-05-22T07:47:01.408+0000] {processor.py:914} INFO - Processing file /home/airflow/.local/lib/python3.12/site-packages/airflow/example_dags/tutorial.py for tasks to queue
[2025-05-22T07:47:01.411+0000] {logging_mixin.py:190} INFO - [2025-05-22T07:47:01.411+0000] {dagbag.py:588} INFO - Filling up the DagBag from /home/airflow/.local/lib/python3.12/site-packages/airflow/example_dags/tutorial.py
[2025-05-22T07:47:01.420+0000] {processor.py:925} INFO - DAG(s) 'tutorial' retrieved from /home/airflow/.local/lib/python3.12/site-packages/airflow/example_dags/tutorial.py
[2025-05-22T07:47:01.441+0000] {logging_mixin.py:190} INFO - [2025-05-22T07:47:01.441+0000] {dag.py:3239} INFO - Sync 1 DAGs
[2025-05-22T07:47:01.467+0000] {logging_mixin.py:190} INFO - [2025-05-22T07:47:01.467+0000] {dag.py:4180} INFO - Setting next_dagrun for tutorial to 2025-05-21 00:00:00+00:00, run_after=2025-05-22 00:00:00+00:00
[2025-05-22T07:47:01.487+0000] {processor.py:208} INFO - Processing /home/airflow/.local/lib/python3.12/site-packages/airflow/example_dags/tutorial.py took 0.086 seconds
[2025-05-22T07:47:32.153+0000] {processor.py:186} INFO - Started process (PID=1677) to work on /home/airflow/.local/lib/python3.12/site-packages/airflow/example_dags/tutorial.py
[2025-05-22T07:47:32.154+0000] {processor.py:914} INFO - Processing file /home/airflow/.local/lib/python3.12/site-packages/airflow/example_dags/tutorial.py for tasks to queue
[2025-05-22T07:47:32.157+0000] {logging_mixin.py:190} INFO - [2025-05-22T07:47:32.156+0000] {dagbag.py:588} INFO - Filling up the DagBag from /home/airflow/.local/lib/python3.12/site-packages/airflow/example_dags/tutorial.py
[2025-05-22T07:47:32.166+0000] {processor.py:925} INFO - DAG(s) 'tutorial' retrieved from /home/airflow/.local/lib/python3.12/site-packages/airflow/example_dags/tutorial.py
[2025-05-22T07:47:32.187+0000] {logging_mixin.py:190} INFO - [2025-05-22T07:47:32.187+0000] {dag.py:3239} INFO - Sync 1 DAGs
[2025-05-22T07:47:32.211+0000] {logging_mixin.py:190} INFO - [2025-05-22T07:47:32.211+0000] {dag.py:4180} INFO - Setting next_dagrun for tutorial to 2025-05-21 00:00:00+00:00, run_after=2025-05-22 00:00:00+00:00
[2025-05-22T07:47:32.229+0000] {processor.py:208} INFO - Processing /home/airflow/.local/lib/python3.12/site-packages/airflow/example_dags/tutorial.py took 0.083 seconds
[2025-05-22T07:48:02.507+0000] {processor.py:186} INFO - Started process (PID=1745) to work on /home/airflow/.local/lib/python3.12/site-packages/airflow/example_dags/tutorial.py
[2025-05-22T07:48:02.508+0000] {processor.py:914} INFO - Processing file /home/airflow/.local/lib/python3.12/site-packages/airflow/example_dags/tutorial.py for tasks to queue
[2025-05-22T07:48:02.510+0000] {logging_mixin.py:190} INFO - [2025-05-22T07:48:02.510+0000] {dagbag.py:588} INFO - Filling up the DagBag from /home/airflow/.local/lib/python3.12/site-packages/airflow/example_dags/tutorial.py
[2025-05-22T07:48:02.520+0000] {processor.py:925} INFO - DAG(s) 'tutorial' retrieved from /home/airflow/.local/lib/python3.12/site-packages/airflow/example_dags/tutorial.py
[2025-05-22T07:48:02.545+0000] {logging_mixin.py:190} INFO - [2025-05-22T07:48:02.545+0000] {dag.py:3239} INFO - Sync 1 DAGs
[2025-05-22T07:48:02.569+0000] {logging_mixin.py:190} INFO - [2025-05-22T07:48:02.569+0000] {dag.py:4180} INFO - Setting next_dagrun for tutorial to 2025-05-21 00:00:00+00:00, run_after=2025-05-22 00:00:00+00:00
[2025-05-22T07:48:02.588+0000] {processor.py:208} INFO - Processing /home/airflow/.local/lib/python3.12/site-packages/airflow/example_dags/tutorial.py took 0.088 seconds
[2025-05-22T07:48:33.231+0000] {processor.py:186} INFO - Started process (PID=1813) to work on /home/airflow/.local/lib/python3.12/site-packages/airflow/example_dags/tutorial.py
[2025-05-22T07:48:33.232+0000] {processor.py:914} INFO - Processing file /home/airflow/.local/lib/python3.12/site-packages/airflow/example_dags/tutorial.py for tasks to queue
[2025-05-22T07:48:33.234+0000] {logging_mixin.py:190} INFO - [2025-05-22T07:48:33.234+0000] {dagbag.py:588} INFO - Filling up the DagBag from /home/airflow/.local/lib/python3.12/site-packages/airflow/example_dags/tutorial.py
[2025-05-22T07:48:33.243+0000] {processor.py:925} INFO - DAG(s) 'tutorial' retrieved from /home/airflow/.local/lib/python3.12/site-packages/airflow/example_dags/tutorial.py
[2025-05-22T07:48:33.265+0000] {logging_mixin.py:190} INFO - [2025-05-22T07:48:33.265+0000] {dag.py:3239} INFO - Sync 1 DAGs
[2025-05-22T07:48:33.293+0000] {logging_mixin.py:190} INFO - [2025-05-22T07:48:33.293+0000] {dag.py:4180} INFO - Setting next_dagrun for tutorial to 2025-05-21 00:00:00+00:00, run_after=2025-05-22 00:00:00+00:00
[2025-05-22T07:48:33.321+0000] {processor.py:208} INFO - Processing /home/airflow/.local/lib/python3.12/site-packages/airflow/example_dags/tutorial.py took 0.097 seconds
[2025-05-22T07:49:04.020+0000] {processor.py:186} INFO - Started process (PID=1881) to work on /home/airflow/.local/lib/python3.12/site-packages/airflow/example_dags/tutorial.py
[2025-05-22T07:49:04.021+0000] {processor.py:914} INFO - Processing file /home/airflow/.local/lib/python3.12/site-packages/airflow/example_dags/tutorial.py for tasks to queue
[2025-05-22T07:49:04.023+0000] {logging_mixin.py:190} INFO - [2025-05-22T07:49:04.023+0000] {dagbag.py:588} INFO - Filling up the DagBag from /home/airflow/.local/lib/python3.12/site-packages/airflow/example_dags/tutorial.py
[2025-05-22T07:49:04.032+0000] {processor.py:925} INFO - DAG(s) 'tutorial' retrieved from /home/airflow/.local/lib/python3.12/site-packages/airflow/example_dags/tutorial.py
[2025-05-22T07:49:04.053+0000] {logging_mixin.py:190} INFO - [2025-05-22T07:49:04.052+0000] {dag.py:3239} INFO - Sync 1 DAGs
[2025-05-22T07:49:04.076+0000] {logging_mixin.py:190} INFO - [2025-05-22T07:49:04.076+0000] {dag.py:4180} INFO - Setting next_dagrun for tutorial to 2025-05-21 00:00:00+00:00, run_after=2025-05-22 00:00:00+00:00
[2025-05-22T07:49:04.096+0000] {processor.py:208} INFO - Processing /home/airflow/.local/lib/python3.12/site-packages/airflow/example_dags/tutorial.py took 0.083 seconds
[2025-05-22T07:49:34.307+0000] {processor.py:186} INFO - Started process (PID=1949) to work on /home/airflow/.local/lib/python3.12/site-packages/airflow/example_dags/tutorial.py
[2025-05-22T07:49:34.309+0000] {processor.py:914} INFO - Processing file /home/airflow/.local/lib/python3.12/site-packages/airflow/example_dags/tutorial.py for tasks to queue
[2025-05-22T07:49:34.312+0000] {logging_mixin.py:190} INFO - [2025-05-22T07:49:34.312+0000] {dagbag.py:588} INFO - Filling up the DagBag from /home/airflow/.local/lib/python3.12/site-packages/airflow/example_dags/tutorial.py
[2025-05-22T07:49:34.322+0000] {processor.py:925} INFO - DAG(s) 'tutorial' retrieved from /home/airflow/.local/lib/python3.12/site-packages/airflow/example_dags/tutorial.py
[2025-05-22T07:49:34.348+0000] {logging_mixin.py:190} INFO - [2025-05-22T07:49:34.348+0000] {dag.py:3239} INFO - Sync 1 DAGs
[2025-05-22T07:49:34.374+0000] {logging_mixin.py:190} INFO - [2025-05-22T07:49:34.374+0000] {dag.py:4180} INFO - Setting next_dagrun for tutorial to 2025-05-21 00:00:00+00:00, run_after=2025-05-22 00:00:00+00:00
[2025-05-22T07:49:34.395+0000] {processor.py:208} INFO - Processing /home/airflow/.local/lib/python3.12/site-packages/airflow/example_dags/tutorial.py took 0.097 seconds
[2025-05-22T07:50:04.435+0000] {processor.py:186} INFO - Started process (PID=2016) to work on /home/airflow/.local/lib/python3.12/site-packages/airflow/example_dags/tutorial.py
[2025-05-22T07:50:04.436+0000] {processor.py:914} INFO - Processing file /home/airflow/.local/lib/python3.12/site-packages/airflow/example_dags/tutorial.py for tasks to queue
[2025-05-22T07:50:04.439+0000] {logging_mixin.py:190} INFO - [2025-05-22T07:50:04.438+0000] {dagbag.py:588} INFO - Filling up the DagBag from /home/airflow/.local/lib/python3.12/site-packages/airflow/example_dags/tutorial.py
[2025-05-22T07:50:04.448+0000] {processor.py:925} INFO - DAG(s) 'tutorial' retrieved from /home/airflow/.local/lib/python3.12/site-packages/airflow/example_dags/tutorial.py
[2025-05-22T07:50:04.469+0000] {logging_mixin.py:190} INFO - [2025-05-22T07:50:04.468+0000] {dag.py:3239} INFO - Sync 1 DAGs
[2025-05-22T07:50:04.493+0000] {logging_mixin.py:190} INFO - [2025-05-22T07:50:04.493+0000] {dag.py:4180} INFO - Setting next_dagrun for tutorial to 2025-05-21 00:00:00+00:00, run_after=2025-05-22 00:00:00+00:00
[2025-05-22T07:50:04.513+0000] {processor.py:208} INFO - Processing /home/airflow/.local/lib/python3.12/site-packages/airflow/example_dags/tutorial.py took 0.085 seconds
[2025-05-22T07:50:34.857+0000] {processor.py:186} INFO - Started process (PID=2085) to work on /home/airflow/.local/lib/python3.12/site-packages/airflow/example_dags/tutorial.py
[2025-05-22T07:50:34.859+0000] {processor.py:914} INFO - Processing file /home/airflow/.local/lib/python3.12/site-packages/airflow/example_dags/tutorial.py for tasks to queue
[2025-05-22T07:50:34.863+0000] {logging_mixin.py:190} INFO - [2025-05-22T07:50:34.862+0000] {dagbag.py:588} INFO - Filling up the DagBag from /home/airflow/.local/lib/python3.12/site-packages/airflow/example_dags/tutorial.py
[2025-05-22T07:50:34.875+0000] {processor.py:925} INFO - DAG(s) 'tutorial' retrieved from /home/airflow/.local/lib/python3.12/site-packages/airflow/example_dags/tutorial.py
[2025-05-22T07:50:34.898+0000] {logging_mixin.py:190} INFO - [2025-05-22T07:50:34.898+0000] {dag.py:3239} INFO - Sync 1 DAGs
[2025-05-22T07:50:34.922+0000] {logging_mixin.py:190} INFO - [2025-05-22T07:50:34.922+0000] {dag.py:4180} INFO - Setting next_dagrun for tutorial to 2025-05-21 00:00:00+00:00, run_after=2025-05-22 00:00:00+00:00
[2025-05-22T07:50:34.941+0000] {processor.py:208} INFO - Processing /home/airflow/.local/lib/python3.12/site-packages/airflow/example_dags/tutorial.py took 0.091 seconds
[2025-05-22T07:51:05.699+0000] {processor.py:186} INFO - Started process (PID=2153) to work on /home/airflow/.local/lib/python3.12/site-packages/airflow/example_dags/tutorial.py
[2025-05-22T07:51:05.700+0000] {processor.py:914} INFO - Processing file /home/airflow/.local/lib/python3.12/site-packages/airflow/example_dags/tutorial.py for tasks to queue
[2025-05-22T07:51:05.703+0000] {logging_mixin.py:190} INFO - [2025-05-22T07:51:05.702+0000] {dagbag.py:588} INFO - Filling up the DagBag from /home/airflow/.local/lib/python3.12/site-packages/airflow/example_dags/tutorial.py
[2025-05-22T07:51:05.711+0000] {processor.py:925} INFO - DAG(s) 'tutorial' retrieved from /home/airflow/.local/lib/python3.12/site-packages/airflow/example_dags/tutorial.py
[2025-05-22T07:51:05.734+0000] {logging_mixin.py:190} INFO - [2025-05-22T07:51:05.733+0000] {dag.py:3239} INFO - Sync 1 DAGs
[2025-05-22T07:51:05.757+0000] {logging_mixin.py:190} INFO - [2025-05-22T07:51:05.757+0000] {dag.py:4180} INFO - Setting next_dagrun for tutorial to 2025-05-21 00:00:00+00:00, run_after=2025-05-22 00:00:00+00:00
[2025-05-22T07:51:05.778+0000] {processor.py:208} INFO - Processing /home/airflow/.local/lib/python3.12/site-packages/airflow/example_dags/tutorial.py took 0.086 seconds
[2025-05-22T07:51:35.991+0000] {processor.py:186} INFO - Started process (PID=2221) to work on /home/airflow/.local/lib/python3.12/site-packages/airflow/example_dags/tutorial.py
[2025-05-22T07:51:35.991+0000] {processor.py:914} INFO - Processing file /home/airflow/.local/lib/python3.12/site-packages/airflow/example_dags/tutorial.py for tasks to queue
[2025-05-22T07:51:35.994+0000] {logging_mixin.py:190} INFO - [2025-05-22T07:51:35.994+0000] {dagbag.py:588} INFO - Filling up the DagBag from /home/airflow/.local/lib/python3.12/site-packages/airflow/example_dags/tutorial.py
[2025-05-22T07:51:36.003+0000] {processor.py:925} INFO - DAG(s) 'tutorial' retrieved from /home/airflow/.local/lib/python3.12/site-packages/airflow/example_dags/tutorial.py
[2025-05-22T07:51:36.027+0000] {logging_mixin.py:190} INFO - [2025-05-22T07:51:36.027+0000] {dag.py:3239} INFO - Sync 1 DAGs
[2025-05-22T07:51:36.051+0000] {logging_mixin.py:190} INFO - [2025-05-22T07:51:36.051+0000] {dag.py:4180} INFO - Setting next_dagrun for tutorial to 2025-05-21 00:00:00+00:00, run_after=2025-05-22 00:00:00+00:00
[2025-05-22T07:51:36.075+0000] {processor.py:208} INFO - Processing /home/airflow/.local/lib/python3.12/site-packages/airflow/example_dags/tutorial.py took 0.091 seconds
[2025-05-22T07:52:06.307+0000] {processor.py:186} INFO - Started process (PID=2289) to work on /home/airflow/.local/lib/python3.12/site-packages/airflow/example_dags/tutorial.py
[2025-05-22T07:52:06.308+0000] {processor.py:914} INFO - Processing file /home/airflow/.local/lib/python3.12/site-packages/airflow/example_dags/tutorial.py for tasks to queue
[2025-05-22T07:52:06.313+0000] {logging_mixin.py:190} INFO - [2025-05-22T07:52:06.312+0000] {dagbag.py:588} INFO - Filling up the DagBag from /home/airflow/.local/lib/python3.12/site-packages/airflow/example_dags/tutorial.py
[2025-05-22T07:52:06.325+0000] {processor.py:925} INFO - DAG(s) 'tutorial' retrieved from /home/airflow/.local/lib/python3.12/site-packages/airflow/example_dags/tutorial.py
[2025-05-22T07:52:06.351+0000] {logging_mixin.py:190} INFO - [2025-05-22T07:52:06.351+0000] {dag.py:3239} INFO - Sync 1 DAGs
[2025-05-22T07:52:06.377+0000] {logging_mixin.py:190} INFO - [2025-05-22T07:52:06.377+0000] {dag.py:4180} INFO - Setting next_dagrun for tutorial to 2025-05-21 00:00:00+00:00, run_after=2025-05-22 00:00:00+00:00
[2025-05-22T07:52:06.406+0000] {processor.py:208} INFO - Processing /home/airflow/.local/lib/python3.12/site-packages/airflow/example_dags/tutorial.py took 0.108 seconds
[2025-05-22T07:52:36.719+0000] {processor.py:186} INFO - Started process (PID=2357) to work on /home/airflow/.local/lib/python3.12/site-packages/airflow/example_dags/tutorial.py
[2025-05-22T07:52:36.720+0000] {processor.py:914} INFO - Processing file /home/airflow/.local/lib/python3.12/site-packages/airflow/example_dags/tutorial.py for tasks to queue
[2025-05-22T07:52:36.723+0000] {logging_mixin.py:190} INFO - [2025-05-22T07:52:36.722+0000] {dagbag.py:588} INFO - Filling up the DagBag from /home/airflow/.local/lib/python3.12/site-packages/airflow/example_dags/tutorial.py
[2025-05-22T07:52:36.733+0000] {processor.py:925} INFO - DAG(s) 'tutorial' retrieved from /home/airflow/.local/lib/python3.12/site-packages/airflow/example_dags/tutorial.py
[2025-05-22T07:52:36.761+0000] {logging_mixin.py:190} INFO - [2025-05-22T07:52:36.761+0000] {dag.py:3239} INFO - Sync 1 DAGs
[2025-05-22T07:52:36.786+0000] {logging_mixin.py:190} INFO - [2025-05-22T07:52:36.785+0000] {dag.py:4180} INFO - Setting next_dagrun for tutorial to 2025-05-21 00:00:00+00:00, run_after=2025-05-22 00:00:00+00:00
[2025-05-22T07:52:36.805+0000] {processor.py:208} INFO - Processing /home/airflow/.local/lib/python3.12/site-packages/airflow/example_dags/tutorial.py took 0.094 seconds
[2025-05-22T07:53:07.056+0000] {processor.py:186} INFO - Started process (PID=2425) to work on /home/airflow/.local/lib/python3.12/site-packages/airflow/example_dags/tutorial.py
[2025-05-22T07:53:07.058+0000] {processor.py:914} INFO - Processing file /home/airflow/.local/lib/python3.12/site-packages/airflow/example_dags/tutorial.py for tasks to queue
[2025-05-22T07:53:07.060+0000] {logging_mixin.py:190} INFO - [2025-05-22T07:53:07.060+0000] {dagbag.py:588} INFO - Filling up the DagBag from /home/airflow/.local/lib/python3.12/site-packages/airflow/example_dags/tutorial.py
[2025-05-22T07:53:07.069+0000] {processor.py:925} INFO - DAG(s) 'tutorial' retrieved from /home/airflow/.local/lib/python3.12/site-packages/airflow/example_dags/tutorial.py
[2025-05-22T07:53:07.090+0000] {logging_mixin.py:190} INFO - [2025-05-22T07:53:07.089+0000] {dag.py:3239} INFO - Sync 1 DAGs
[2025-05-22T07:53:07.113+0000] {logging_mixin.py:190} INFO - [2025-05-22T07:53:07.112+0000] {dag.py:4180} INFO - Setting next_dagrun for tutorial to 2025-05-21 00:00:00+00:00, run_after=2025-05-22 00:00:00+00:00
[2025-05-22T07:53:07.133+0000] {processor.py:208} INFO - Processing /home/airflow/.local/lib/python3.12/site-packages/airflow/example_dags/tutorial.py took 0.083 seconds
[2025-05-22T07:53:37.281+0000] {processor.py:186} INFO - Started process (PID=2493) to work on /home/airflow/.local/lib/python3.12/site-packages/airflow/example_dags/tutorial.py
[2025-05-22T07:53:37.282+0000] {processor.py:914} INFO - Processing file /home/airflow/.local/lib/python3.12/site-packages/airflow/example_dags/tutorial.py for tasks to queue
[2025-05-22T07:53:37.285+0000] {logging_mixin.py:190} INFO - [2025-05-22T07:53:37.285+0000] {dagbag.py:588} INFO - Filling up the DagBag from /home/airflow/.local/lib/python3.12/site-packages/airflow/example_dags/tutorial.py
[2025-05-22T07:53:37.294+0000] {processor.py:925} INFO - DAG(s) 'tutorial' retrieved from /home/airflow/.local/lib/python3.12/site-packages/airflow/example_dags/tutorial.py
[2025-05-22T07:53:37.315+0000] {logging_mixin.py:190} INFO - [2025-05-22T07:53:37.315+0000] {dag.py:3239} INFO - Sync 1 DAGs
[2025-05-22T07:53:37.338+0000] {logging_mixin.py:190} INFO - [2025-05-22T07:53:37.338+0000] {dag.py:4180} INFO - Setting next_dagrun for tutorial to 2025-05-21 00:00:00+00:00, run_after=2025-05-22 00:00:00+00:00
[2025-05-22T07:53:37.358+0000] {processor.py:208} INFO - Processing /home/airflow/.local/lib/python3.12/site-packages/airflow/example_dags/tutorial.py took 0.084 seconds
[2025-05-22T07:54:07.668+0000] {processor.py:186} INFO - Started process (PID=2561) to work on /home/airflow/.local/lib/python3.12/site-packages/airflow/example_dags/tutorial.py
[2025-05-22T07:54:07.669+0000] {processor.py:914} INFO - Processing file /home/airflow/.local/lib/python3.12/site-packages/airflow/example_dags/tutorial.py for tasks to queue
[2025-05-22T07:54:07.671+0000] {logging_mixin.py:190} INFO - [2025-05-22T07:54:07.671+0000] {dagbag.py:588} INFO - Filling up the DagBag from /home/airflow/.local/lib/python3.12/site-packages/airflow/example_dags/tutorial.py
[2025-05-22T07:54:07.680+0000] {processor.py:925} INFO - DAG(s) 'tutorial' retrieved from /home/airflow/.local/lib/python3.12/site-packages/airflow/example_dags/tutorial.py
[2025-05-22T07:54:07.704+0000] {logging_mixin.py:190} INFO - [2025-05-22T07:54:07.704+0000] {dag.py:3239} INFO - Sync 1 DAGs
[2025-05-22T07:54:07.732+0000] {logging_mixin.py:190} INFO - [2025-05-22T07:54:07.732+0000] {dag.py:4180} INFO - Setting next_dagrun for tutorial to 2025-05-21 00:00:00+00:00, run_after=2025-05-22 00:00:00+00:00
[2025-05-22T07:54:07.753+0000] {processor.py:208} INFO - Processing /home/airflow/.local/lib/python3.12/site-packages/airflow/example_dags/tutorial.py took 0.091 seconds
[2025-05-22T07:54:38.138+0000] {processor.py:186} INFO - Started process (PID=2629) to work on /home/airflow/.local/lib/python3.12/site-packages/airflow/example_dags/tutorial.py
[2025-05-22T07:54:38.139+0000] {processor.py:914} INFO - Processing file /home/airflow/.local/lib/python3.12/site-packages/airflow/example_dags/tutorial.py for tasks to queue
[2025-05-22T07:54:38.142+0000] {logging_mixin.py:190} INFO - [2025-05-22T07:54:38.141+0000] {dagbag.py:588} INFO - Filling up the DagBag from /home/airflow/.local/lib/python3.12/site-packages/airflow/example_dags/tutorial.py
[2025-05-22T07:54:38.151+0000] {processor.py:925} INFO - DAG(s) 'tutorial' retrieved from /home/airflow/.local/lib/python3.12/site-packages/airflow/example_dags/tutorial.py
[2025-05-22T07:54:38.181+0000] {logging_mixin.py:190} INFO - [2025-05-22T07:54:38.181+0000] {dag.py:3239} INFO - Sync 1 DAGs
[2025-05-22T07:54:38.210+0000] {logging_mixin.py:190} INFO - [2025-05-22T07:54:38.209+0000] {dag.py:4180} INFO - Setting next_dagrun for tutorial to 2025-05-21 00:00:00+00:00, run_after=2025-05-22 00:00:00+00:00
[2025-05-22T07:54:38.233+0000] {processor.py:208} INFO - Processing /home/airflow/.local/lib/python3.12/site-packages/airflow/example_dags/tutorial.py took 0.102 seconds
[2025-05-22T07:55:08.953+0000] {processor.py:186} INFO - Started process (PID=2696) to work on /home/airflow/.local/lib/python3.12/site-packages/airflow/example_dags/tutorial.py
[2025-05-22T07:55:08.955+0000] {processor.py:914} INFO - Processing file /home/airflow/.local/lib/python3.12/site-packages/airflow/example_dags/tutorial.py for tasks to queue
[2025-05-22T07:55:08.957+0000] {logging_mixin.py:190} INFO - [2025-05-22T07:55:08.957+0000] {dagbag.py:588} INFO - Filling up the DagBag from /home/airflow/.local/lib/python3.12/site-packages/airflow/example_dags/tutorial.py
[2025-05-22T07:55:08.970+0000] {processor.py:925} INFO - DAG(s) 'tutorial' retrieved from /home/airflow/.local/lib/python3.12/site-packages/airflow/example_dags/tutorial.py
[2025-05-22T07:55:08.993+0000] {logging_mixin.py:190} INFO - [2025-05-22T07:55:08.993+0000] {dag.py:3239} INFO - Sync 1 DAGs
[2025-05-22T07:55:09.023+0000] {logging_mixin.py:190} INFO - [2025-05-22T07:55:09.023+0000] {dag.py:4180} INFO - Setting next_dagrun for tutorial to 2025-05-21 00:00:00+00:00, run_after=2025-05-22 00:00:00+00:00
[2025-05-22T07:55:09.048+0000] {processor.py:208} INFO - Processing /home/airflow/.local/lib/python3.12/site-packages/airflow/example_dags/tutorial.py took 0.101 seconds
[2025-05-22T07:55:40.278+0000] {processor.py:186} INFO - Started process (PID=2764) to work on /home/airflow/.local/lib/python3.12/site-packages/airflow/example_dags/tutorial.py
[2025-05-22T07:55:40.280+0000] {processor.py:914} INFO - Processing file /home/airflow/.local/lib/python3.12/site-packages/airflow/example_dags/tutorial.py for tasks to queue
[2025-05-22T07:55:40.283+0000] {logging_mixin.py:190} INFO - [2025-05-22T07:55:40.282+0000] {dagbag.py:588} INFO - Filling up the DagBag from /home/airflow/.local/lib/python3.12/site-packages/airflow/example_dags/tutorial.py
[2025-05-22T07:55:40.293+0000] {processor.py:925} INFO - DAG(s) 'tutorial' retrieved from /home/airflow/.local/lib/python3.12/site-packages/airflow/example_dags/tutorial.py
[2025-05-22T07:55:40.316+0000] {logging_mixin.py:190} INFO - [2025-05-22T07:55:40.315+0000] {dag.py:3239} INFO - Sync 1 DAGs
[2025-05-22T07:55:40.520+0000] {logging_mixin.py:190} INFO - [2025-05-22T07:55:40.519+0000] {dag.py:4180} INFO - Setting next_dagrun for tutorial to 2025-05-21 00:00:00+00:00, run_after=2025-05-22 00:00:00+00:00
[2025-05-22T07:55:40.538+0000] {processor.py:208} INFO - Processing /home/airflow/.local/lib/python3.12/site-packages/airflow/example_dags/tutorial.py took 0.267 seconds
[2025-05-22T07:56:10.595+0000] {processor.py:186} INFO - Started process (PID=2832) to work on /home/airflow/.local/lib/python3.12/site-packages/airflow/example_dags/tutorial.py
[2025-05-22T07:56:10.600+0000] {processor.py:914} INFO - Processing file /home/airflow/.local/lib/python3.12/site-packages/airflow/example_dags/tutorial.py for tasks to queue
[2025-05-22T07:56:10.603+0000] {logging_mixin.py:190} INFO - [2025-05-22T07:56:10.602+0000] {dagbag.py:588} INFO - Filling up the DagBag from /home/airflow/.local/lib/python3.12/site-packages/airflow/example_dags/tutorial.py
[2025-05-22T07:56:10.613+0000] {processor.py:925} INFO - DAG(s) 'tutorial' retrieved from /home/airflow/.local/lib/python3.12/site-packages/airflow/example_dags/tutorial.py
[2025-05-22T07:56:10.636+0000] {logging_mixin.py:190} INFO - [2025-05-22T07:56:10.635+0000] {dag.py:3239} INFO - Sync 1 DAGs
[2025-05-22T07:56:10.661+0000] {logging_mixin.py:190} INFO - [2025-05-22T07:56:10.661+0000] {dag.py:4180} INFO - Setting next_dagrun for tutorial to 2025-05-21 00:00:00+00:00, run_after=2025-05-22 00:00:00+00:00
[2025-05-22T07:56:10.864+0000] {processor.py:208} INFO - Processing /home/airflow/.local/lib/python3.12/site-packages/airflow/example_dags/tutorial.py took 0.276 seconds
[2025-05-22T07:56:41.766+0000] {processor.py:186} INFO - Started process (PID=2900) to work on /home/airflow/.local/lib/python3.12/site-packages/airflow/example_dags/tutorial.py
[2025-05-22T07:56:41.767+0000] {processor.py:914} INFO - Processing file /home/airflow/.local/lib/python3.12/site-packages/airflow/example_dags/tutorial.py for tasks to queue
[2025-05-22T07:56:41.770+0000] {logging_mixin.py:190} INFO - [2025-05-22T07:56:41.769+0000] {dagbag.py:588} INFO - Filling up the DagBag from /home/airflow/.local/lib/python3.12/site-packages/airflow/example_dags/tutorial.py
[2025-05-22T07:56:41.779+0000] {processor.py:925} INFO - DAG(s) 'tutorial' retrieved from /home/airflow/.local/lib/python3.12/site-packages/airflow/example_dags/tutorial.py
[2025-05-22T07:56:41.802+0000] {logging_mixin.py:190} INFO - [2025-05-22T07:56:41.802+0000] {dag.py:3239} INFO - Sync 1 DAGs
[2025-05-22T07:56:41.826+0000] {logging_mixin.py:190} INFO - [2025-05-22T07:56:41.826+0000] {dag.py:4180} INFO - Setting next_dagrun for tutorial to 2025-05-21 00:00:00+00:00, run_after=2025-05-22 00:00:00+00:00
[2025-05-22T07:56:41.848+0000] {processor.py:208} INFO - Processing /home/airflow/.local/lib/python3.12/site-packages/airflow/example_dags/tutorial.py took 0.089 seconds
[2025-05-22T07:57:12.271+0000] {processor.py:186} INFO - Started process (PID=2968) to work on /home/airflow/.local/lib/python3.12/site-packages/airflow/example_dags/tutorial.py
[2025-05-22T07:57:12.273+0000] {processor.py:914} INFO - Processing file /home/airflow/.local/lib/python3.12/site-packages/airflow/example_dags/tutorial.py for tasks to queue
[2025-05-22T07:57:12.276+0000] {logging_mixin.py:190} INFO - [2025-05-22T07:57:12.275+0000] {dagbag.py:588} INFO - Filling up the DagBag from /home/airflow/.local/lib/python3.12/site-packages/airflow/example_dags/tutorial.py
[2025-05-22T07:57:12.287+0000] {processor.py:925} INFO - DAG(s) 'tutorial' retrieved from /home/airflow/.local/lib/python3.12/site-packages/airflow/example_dags/tutorial.py
[2025-05-22T07:57:12.316+0000] {logging_mixin.py:190} INFO - [2025-05-22T07:57:12.315+0000] {dag.py:3239} INFO - Sync 1 DAGs
[2025-05-22T07:57:12.342+0000] {logging_mixin.py:190} INFO - [2025-05-22T07:57:12.341+0000] {dag.py:4180} INFO - Setting next_dagrun for tutorial to 2025-05-21 00:00:00+00:00, run_after=2025-05-22 00:00:00+00:00
[2025-05-22T07:57:12.365+0000] {processor.py:208} INFO - Processing /home/airflow/.local/lib/python3.12/site-packages/airflow/example_dags/tutorial.py took 0.102 seconds
[2025-05-22T07:57:43.224+0000] {processor.py:186} INFO - Started process (PID=3036) to work on /home/airflow/.local/lib/python3.12/site-packages/airflow/example_dags/tutorial.py
[2025-05-22T07:57:43.225+0000] {processor.py:914} INFO - Processing file /home/airflow/.local/lib/python3.12/site-packages/airflow/example_dags/tutorial.py for tasks to queue
[2025-05-22T07:57:43.228+0000] {logging_mixin.py:190} INFO - [2025-05-22T07:57:43.228+0000] {dagbag.py:588} INFO - Filling up the DagBag from /home/airflow/.local/lib/python3.12/site-packages/airflow/example_dags/tutorial.py
[2025-05-22T07:57:43.237+0000] {processor.py:925} INFO - DAG(s) 'tutorial' retrieved from /home/airflow/.local/lib/python3.12/site-packages/airflow/example_dags/tutorial.py
[2025-05-22T07:57:43.500+0000] {logging_mixin.py:190} INFO - [2025-05-22T07:57:43.499+0000] {dag.py:3239} INFO - Sync 1 DAGs
[2025-05-22T07:57:43.539+0000] {logging_mixin.py:190} INFO - [2025-05-22T07:57:43.538+0000] {dag.py:4180} INFO - Setting next_dagrun for tutorial to 2025-05-21 00:00:00+00:00, run_after=2025-05-22 00:00:00+00:00
[2025-05-22T07:57:43.563+0000] {processor.py:208} INFO - Processing /home/airflow/.local/lib/python3.12/site-packages/airflow/example_dags/tutorial.py took 0.345 seconds
[2025-05-22T07:58:14.216+0000] {processor.py:186} INFO - Started process (PID=3110) to work on /home/airflow/.local/lib/python3.12/site-packages/airflow/example_dags/tutorial.py
[2025-05-22T07:58:14.218+0000] {processor.py:914} INFO - Processing file /home/airflow/.local/lib/python3.12/site-packages/airflow/example_dags/tutorial.py for tasks to queue
[2025-05-22T07:58:14.221+0000] {logging_mixin.py:190} INFO - [2025-05-22T07:58:14.221+0000] {dagbag.py:588} INFO - Filling up the DagBag from /home/airflow/.local/lib/python3.12/site-packages/airflow/example_dags/tutorial.py
[2025-05-22T07:58:14.233+0000] {processor.py:925} INFO - DAG(s) 'tutorial' retrieved from /home/airflow/.local/lib/python3.12/site-packages/airflow/example_dags/tutorial.py
[2025-05-22T07:58:14.256+0000] {logging_mixin.py:190} INFO - [2025-05-22T07:58:14.255+0000] {dag.py:3239} INFO - Sync 1 DAGs
[2025-05-22T07:58:14.466+0000] {logging_mixin.py:190} INFO - [2025-05-22T07:58:14.466+0000] {dag.py:4180} INFO - Setting next_dagrun for tutorial to 2025-05-21 00:00:00+00:00, run_after=2025-05-22 00:00:00+00:00
[2025-05-22T07:58:14.508+0000] {processor.py:208} INFO - Processing /home/airflow/.local/lib/python3.12/site-packages/airflow/example_dags/tutorial.py took 0.300 seconds
[2025-05-22T07:58:45.199+0000] {processor.py:186} INFO - Started process (PID=3178) to work on /home/airflow/.local/lib/python3.12/site-packages/airflow/example_dags/tutorial.py
[2025-05-22T07:58:45.200+0000] {processor.py:914} INFO - Processing file /home/airflow/.local/lib/python3.12/site-packages/airflow/example_dags/tutorial.py for tasks to queue
[2025-05-22T07:58:45.204+0000] {logging_mixin.py:190} INFO - [2025-05-22T07:58:45.203+0000] {dagbag.py:588} INFO - Filling up the DagBag from /home/airflow/.local/lib/python3.12/site-packages/airflow/example_dags/tutorial.py
[2025-05-22T07:58:45.213+0000] {processor.py:925} INFO - DAG(s) 'tutorial' retrieved from /home/airflow/.local/lib/python3.12/site-packages/airflow/example_dags/tutorial.py
[2025-05-22T07:58:45.237+0000] {logging_mixin.py:190} INFO - [2025-05-22T07:58:45.237+0000] {dag.py:3239} INFO - Sync 1 DAGs
[2025-05-22T07:58:45.264+0000] {logging_mixin.py:190} INFO - [2025-05-22T07:58:45.264+0000] {dag.py:4180} INFO - Setting next_dagrun for tutorial to 2025-05-21 00:00:00+00:00, run_after=2025-05-22 00:00:00+00:00
[2025-05-22T07:58:45.289+0000] {processor.py:208} INFO - Processing /home/airflow/.local/lib/python3.12/site-packages/airflow/example_dags/tutorial.py took 0.097 seconds
[2025-05-22T07:59:15.700+0000] {processor.py:186} INFO - Started process (PID=3246) to work on /home/airflow/.local/lib/python3.12/site-packages/airflow/example_dags/tutorial.py
[2025-05-22T07:59:15.707+0000] {processor.py:914} INFO - Processing file /home/airflow/.local/lib/python3.12/site-packages/airflow/example_dags/tutorial.py for tasks to queue
[2025-05-22T07:59:15.715+0000] {logging_mixin.py:190} INFO - [2025-05-22T07:59:15.714+0000] {dagbag.py:588} INFO - Filling up the DagBag from /home/airflow/.local/lib/python3.12/site-packages/airflow/example_dags/tutorial.py
[2025-05-22T07:59:15.728+0000] {processor.py:925} INFO - DAG(s) 'tutorial' retrieved from /home/airflow/.local/lib/python3.12/site-packages/airflow/example_dags/tutorial.py
[2025-05-22T07:59:15.795+0000] {logging_mixin.py:190} INFO - [2025-05-22T07:59:15.791+0000] {dag.py:3239} INFO - Sync 1 DAGs
[2025-05-22T07:59:15.835+0000] {logging_mixin.py:190} INFO - [2025-05-22T07:59:15.834+0000] {dag.py:4180} INFO - Setting next_dagrun for tutorial to 2025-05-21 00:00:00+00:00, run_after=2025-05-22 00:00:00+00:00
[2025-05-22T07:59:15.889+0000] {processor.py:208} INFO - Processing /home/airflow/.local/lib/python3.12/site-packages/airflow/example_dags/tutorial.py took 0.199 seconds
[2025-05-22T07:59:46.199+0000] {processor.py:186} INFO - Started process (PID=3314) to work on /home/airflow/.local/lib/python3.12/site-packages/airflow/example_dags/tutorial.py
[2025-05-22T07:59:46.200+0000] {processor.py:914} INFO - Processing file /home/airflow/.local/lib/python3.12/site-packages/airflow/example_dags/tutorial.py for tasks to queue
[2025-05-22T07:59:46.203+0000] {logging_mixin.py:190} INFO - [2025-05-22T07:59:46.203+0000] {dagbag.py:588} INFO - Filling up the DagBag from /home/airflow/.local/lib/python3.12/site-packages/airflow/example_dags/tutorial.py
[2025-05-22T07:59:46.213+0000] {processor.py:925} INFO - DAG(s) 'tutorial' retrieved from /home/airflow/.local/lib/python3.12/site-packages/airflow/example_dags/tutorial.py
[2025-05-22T07:59:46.233+0000] {logging_mixin.py:190} INFO - [2025-05-22T07:59:46.233+0000] {dag.py:3239} INFO - Sync 1 DAGs
[2025-05-22T07:59:46.268+0000] {logging_mixin.py:190} INFO - [2025-05-22T07:59:46.267+0000] {dag.py:4180} INFO - Setting next_dagrun for tutorial to 2025-05-21 00:00:00+00:00, run_after=2025-05-22 00:00:00+00:00
[2025-05-22T07:59:46.290+0000] {processor.py:208} INFO - Processing /home/airflow/.local/lib/python3.12/site-packages/airflow/example_dags/tutorial.py took 0.099 seconds
[2025-05-22T08:00:16.774+0000] {processor.py:186} INFO - Started process (PID=3382) to work on /home/airflow/.local/lib/python3.12/site-packages/airflow/example_dags/tutorial.py
[2025-05-22T08:00:16.775+0000] {processor.py:914} INFO - Processing file /home/airflow/.local/lib/python3.12/site-packages/airflow/example_dags/tutorial.py for tasks to queue
[2025-05-22T08:00:16.779+0000] {logging_mixin.py:190} INFO - [2025-05-22T08:00:16.778+0000] {dagbag.py:588} INFO - Filling up the DagBag from /home/airflow/.local/lib/python3.12/site-packages/airflow/example_dags/tutorial.py
[2025-05-22T08:00:16.788+0000] {processor.py:925} INFO - DAG(s) 'tutorial' retrieved from /home/airflow/.local/lib/python3.12/site-packages/airflow/example_dags/tutorial.py
[2025-05-22T08:00:16.809+0000] {logging_mixin.py:190} INFO - [2025-05-22T08:00:16.809+0000] {dag.py:3239} INFO - Sync 1 DAGs
[2025-05-22T08:00:16.834+0000] {logging_mixin.py:190} INFO - [2025-05-22T08:00:16.834+0000] {dag.py:4180} INFO - Setting next_dagrun for tutorial to 2025-05-21 00:00:00+00:00, run_after=2025-05-22 00:00:00+00:00
[2025-05-22T08:00:16.853+0000] {processor.py:208} INFO - Processing /home/airflow/.local/lib/python3.12/site-packages/airflow/example_dags/tutorial.py took 0.086 seconds
[2025-05-22T08:00:47.594+0000] {processor.py:186} INFO - Started process (PID=3450) to work on /home/airflow/.local/lib/python3.12/site-packages/airflow/example_dags/tutorial.py
[2025-05-22T08:00:47.595+0000] {processor.py:914} INFO - Processing file /home/airflow/.local/lib/python3.12/site-packages/airflow/example_dags/tutorial.py for tasks to queue
[2025-05-22T08:00:47.597+0000] {logging_mixin.py:190} INFO - [2025-05-22T08:00:47.597+0000] {dagbag.py:588} INFO - Filling up the DagBag from /home/airflow/.local/lib/python3.12/site-packages/airflow/example_dags/tutorial.py
[2025-05-22T08:00:47.607+0000] {processor.py:925} INFO - DAG(s) 'tutorial' retrieved from /home/airflow/.local/lib/python3.12/site-packages/airflow/example_dags/tutorial.py
[2025-05-22T08:00:47.630+0000] {logging_mixin.py:190} INFO - [2025-05-22T08:00:47.630+0000] {dag.py:3239} INFO - Sync 1 DAGs
[2025-05-22T08:00:47.659+0000] {logging_mixin.py:190} INFO - [2025-05-22T08:00:47.658+0000] {dag.py:4180} INFO - Setting next_dagrun for tutorial to 2025-05-21 00:00:00+00:00, run_after=2025-05-22 00:00:00+00:00
[2025-05-22T08:00:47.680+0000] {processor.py:208} INFO - Processing /home/airflow/.local/lib/python3.12/site-packages/airflow/example_dags/tutorial.py took 0.094 seconds
[2025-05-22T08:01:18.349+0000] {processor.py:186} INFO - Started process (PID=3518) to work on /home/airflow/.local/lib/python3.12/site-packages/airflow/example_dags/tutorial.py
[2025-05-22T08:01:18.350+0000] {processor.py:914} INFO - Processing file /home/airflow/.local/lib/python3.12/site-packages/airflow/example_dags/tutorial.py for tasks to queue
[2025-05-22T08:01:18.353+0000] {logging_mixin.py:190} INFO - [2025-05-22T08:01:18.353+0000] {dagbag.py:588} INFO - Filling up the DagBag from /home/airflow/.local/lib/python3.12/site-packages/airflow/example_dags/tutorial.py
[2025-05-22T08:01:18.363+0000] {processor.py:925} INFO - DAG(s) 'tutorial' retrieved from /home/airflow/.local/lib/python3.12/site-packages/airflow/example_dags/tutorial.py
[2025-05-22T08:01:18.384+0000] {logging_mixin.py:190} INFO - [2025-05-22T08:01:18.383+0000] {dag.py:3239} INFO - Sync 1 DAGs
[2025-05-22T08:01:18.412+0000] {logging_mixin.py:190} INFO - [2025-05-22T08:01:18.412+0000] {dag.py:4180} INFO - Setting next_dagrun for tutorial to 2025-05-21 00:00:00+00:00, run_after=2025-05-22 00:00:00+00:00
[2025-05-22T08:01:18.436+0000] {processor.py:208} INFO - Processing /home/airflow/.local/lib/python3.12/site-packages/airflow/example_dags/tutorial.py took 0.094 seconds
[2025-05-22T08:01:48.569+0000] {processor.py:186} INFO - Started process (PID=3586) to work on /home/airflow/.local/lib/python3.12/site-packages/airflow/example_dags/tutorial.py
[2025-05-22T08:01:48.570+0000] {processor.py:914} INFO - Processing file /home/airflow/.local/lib/python3.12/site-packages/airflow/example_dags/tutorial.py for tasks to queue
[2025-05-22T08:01:48.573+0000] {logging_mixin.py:190} INFO - [2025-05-22T08:01:48.572+0000] {dagbag.py:588} INFO - Filling up the DagBag from /home/airflow/.local/lib/python3.12/site-packages/airflow/example_dags/tutorial.py
[2025-05-22T08:01:48.582+0000] {processor.py:925} INFO - DAG(s) 'tutorial' retrieved from /home/airflow/.local/lib/python3.12/site-packages/airflow/example_dags/tutorial.py
[2025-05-22T08:01:48.604+0000] {logging_mixin.py:190} INFO - [2025-05-22T08:01:48.604+0000] {dag.py:3239} INFO - Sync 1 DAGs
[2025-05-22T08:01:48.631+0000] {logging_mixin.py:190} INFO - [2025-05-22T08:01:48.631+0000] {dag.py:4180} INFO - Setting next_dagrun for tutorial to 2025-05-21 00:00:00+00:00, run_after=2025-05-22 00:00:00+00:00
[2025-05-22T08:01:48.658+0000] {processor.py:208} INFO - Processing /home/airflow/.local/lib/python3.12/site-packages/airflow/example_dags/tutorial.py took 0.099 seconds
