[2025-05-22T07:18:49.161+0000] {processor.py:186} INFO - Started process (PID=103) to work on /home/airflow/.local/lib/python3.12/site-packages/airflow/example_dags/tutorial_dag.py
[2025-05-22T07:18:49.163+0000] {processor.py:914} INFO - Processing file /home/airflow/.local/lib/python3.12/site-packages/airflow/example_dags/tutorial_dag.py for tasks to queue
[2025-05-22T07:18:49.167+0000] {logging_mixin.py:190} INFO - [2025-05-22T07:18:49.166+0000] {dagbag.py:588} INFO - Filling up the DagBag from /home/airflow/.local/lib/python3.12/site-packages/airflow/example_dags/tutorial_dag.py
[2025-05-22T07:18:49.178+0000] {processor.py:925} INFO - DAG(s) 'tutorial_dag' retrieved from /home/airflow/.local/lib/python3.12/site-packages/airflow/example_dags/tutorial_dag.py
[2025-05-22T07:18:49.202+0000] {logging_mixin.py:190} INFO - [2025-05-22T07:18:49.202+0000] {dag.py:3239} INFO - Sync 1 DAGs
[2025-05-22T07:18:49.220+0000] {logging_mixin.py:190} INFO - [2025-05-22T07:18:49.220+0000] {dag.py:4180} INFO - Setting next_dagrun for tutorial_dag to None, run_after=None
[2025-05-22T07:18:49.247+0000] {processor.py:208} INFO - Processing /home/airflow/.local/lib/python3.12/site-packages/airflow/example_dags/tutorial_dag.py took 0.093 seconds
[2025-05-22T07:19:20.863+0000] {processor.py:186} INFO - Started process (PID=171) to work on /home/airflow/.local/lib/python3.12/site-packages/airflow/example_dags/tutorial_dag.py
[2025-05-22T07:19:20.864+0000] {processor.py:914} INFO - Processing file /home/airflow/.local/lib/python3.12/site-packages/airflow/example_dags/tutorial_dag.py for tasks to queue
[2025-05-22T07:19:20.867+0000] {logging_mixin.py:190} INFO - [2025-05-22T07:19:20.867+0000] {dagbag.py:588} INFO - Filling up the DagBag from /home/airflow/.local/lib/python3.12/site-packages/airflow/example_dags/tutorial_dag.py
[2025-05-22T07:19:20.879+0000] {processor.py:925} INFO - DAG(s) 'tutorial_dag' retrieved from /home/airflow/.local/lib/python3.12/site-packages/airflow/example_dags/tutorial_dag.py
[2025-05-22T07:19:20.906+0000] {logging_mixin.py:190} INFO - [2025-05-22T07:19:20.906+0000] {dag.py:3239} INFO - Sync 1 DAGs
[2025-05-22T07:19:20.922+0000] {logging_mixin.py:190} INFO - [2025-05-22T07:19:20.921+0000] {dag.py:4180} INFO - Setting next_dagrun for tutorial_dag to None, run_after=None
[2025-05-22T07:19:20.943+0000] {processor.py:208} INFO - Processing /home/airflow/.local/lib/python3.12/site-packages/airflow/example_dags/tutorial_dag.py took 0.087 seconds
[2025-05-22T07:19:51.702+0000] {processor.py:186} INFO - Started process (PID=239) to work on /home/airflow/.local/lib/python3.12/site-packages/airflow/example_dags/tutorial_dag.py
[2025-05-22T07:19:51.703+0000] {processor.py:914} INFO - Processing file /home/airflow/.local/lib/python3.12/site-packages/airflow/example_dags/tutorial_dag.py for tasks to queue
[2025-05-22T07:19:51.706+0000] {logging_mixin.py:190} INFO - [2025-05-22T07:19:51.706+0000] {dagbag.py:588} INFO - Filling up the DagBag from /home/airflow/.local/lib/python3.12/site-packages/airflow/example_dags/tutorial_dag.py
[2025-05-22T07:19:51.719+0000] {processor.py:925} INFO - DAG(s) 'tutorial_dag' retrieved from /home/airflow/.local/lib/python3.12/site-packages/airflow/example_dags/tutorial_dag.py
[2025-05-22T07:19:51.738+0000] {logging_mixin.py:190} INFO - [2025-05-22T07:19:51.738+0000] {dag.py:3239} INFO - Sync 1 DAGs
[2025-05-22T07:19:51.755+0000] {logging_mixin.py:190} INFO - [2025-05-22T07:19:51.755+0000] {dag.py:4180} INFO - Setting next_dagrun for tutorial_dag to None, run_after=None
[2025-05-22T07:19:51.776+0000] {processor.py:208} INFO - Processing /home/airflow/.local/lib/python3.12/site-packages/airflow/example_dags/tutorial_dag.py took 0.080 seconds
[2025-05-22T07:20:22.538+0000] {processor.py:186} INFO - Started process (PID=307) to work on /home/airflow/.local/lib/python3.12/site-packages/airflow/example_dags/tutorial_dag.py
[2025-05-22T07:20:22.539+0000] {processor.py:914} INFO - Processing file /home/airflow/.local/lib/python3.12/site-packages/airflow/example_dags/tutorial_dag.py for tasks to queue
[2025-05-22T07:20:22.542+0000] {logging_mixin.py:190} INFO - [2025-05-22T07:20:22.542+0000] {dagbag.py:588} INFO - Filling up the DagBag from /home/airflow/.local/lib/python3.12/site-packages/airflow/example_dags/tutorial_dag.py
[2025-05-22T07:20:22.555+0000] {processor.py:925} INFO - DAG(s) 'tutorial_dag' retrieved from /home/airflow/.local/lib/python3.12/site-packages/airflow/example_dags/tutorial_dag.py
[2025-05-22T07:20:22.575+0000] {logging_mixin.py:190} INFO - [2025-05-22T07:20:22.575+0000] {dag.py:3239} INFO - Sync 1 DAGs
[2025-05-22T07:20:22.593+0000] {logging_mixin.py:190} INFO - [2025-05-22T07:20:22.593+0000] {dag.py:4180} INFO - Setting next_dagrun for tutorial_dag to None, run_after=None
[2025-05-22T07:20:22.616+0000] {processor.py:208} INFO - Processing /home/airflow/.local/lib/python3.12/site-packages/airflow/example_dags/tutorial_dag.py took 0.084 seconds
[2025-05-22T07:20:53.924+0000] {processor.py:186} INFO - Started process (PID=375) to work on /home/airflow/.local/lib/python3.12/site-packages/airflow/example_dags/tutorial_dag.py
[2025-05-22T07:20:53.925+0000] {processor.py:914} INFO - Processing file /home/airflow/.local/lib/python3.12/site-packages/airflow/example_dags/tutorial_dag.py for tasks to queue
[2025-05-22T07:20:53.930+0000] {logging_mixin.py:190} INFO - [2025-05-22T07:20:53.930+0000] {dagbag.py:588} INFO - Filling up the DagBag from /home/airflow/.local/lib/python3.12/site-packages/airflow/example_dags/tutorial_dag.py
[2025-05-22T07:20:53.940+0000] {processor.py:925} INFO - DAG(s) 'tutorial_dag' retrieved from /home/airflow/.local/lib/python3.12/site-packages/airflow/example_dags/tutorial_dag.py
[2025-05-22T07:20:53.966+0000] {logging_mixin.py:190} INFO - [2025-05-22T07:20:53.965+0000] {dag.py:3239} INFO - Sync 1 DAGs
[2025-05-22T07:20:53.980+0000] {logging_mixin.py:190} INFO - [2025-05-22T07:20:53.980+0000] {dag.py:4180} INFO - Setting next_dagrun for tutorial_dag to None, run_after=None
[2025-05-22T07:20:53.999+0000] {processor.py:208} INFO - Processing /home/airflow/.local/lib/python3.12/site-packages/airflow/example_dags/tutorial_dag.py took 0.081 seconds
[2025-05-22T07:21:25.006+0000] {processor.py:186} INFO - Started process (PID=443) to work on /home/airflow/.local/lib/python3.12/site-packages/airflow/example_dags/tutorial_dag.py
[2025-05-22T07:21:25.007+0000] {processor.py:914} INFO - Processing file /home/airflow/.local/lib/python3.12/site-packages/airflow/example_dags/tutorial_dag.py for tasks to queue
[2025-05-22T07:21:25.010+0000] {logging_mixin.py:190} INFO - [2025-05-22T07:21:25.010+0000] {dagbag.py:588} INFO - Filling up the DagBag from /home/airflow/.local/lib/python3.12/site-packages/airflow/example_dags/tutorial_dag.py
[2025-05-22T07:21:25.019+0000] {processor.py:925} INFO - DAG(s) 'tutorial_dag' retrieved from /home/airflow/.local/lib/python3.12/site-packages/airflow/example_dags/tutorial_dag.py
[2025-05-22T07:21:25.041+0000] {logging_mixin.py:190} INFO - [2025-05-22T07:21:25.040+0000] {dag.py:3239} INFO - Sync 1 DAGs
[2025-05-22T07:21:25.055+0000] {logging_mixin.py:190} INFO - [2025-05-22T07:21:25.055+0000] {dag.py:4180} INFO - Setting next_dagrun for tutorial_dag to None, run_after=None
[2025-05-22T07:21:25.074+0000] {processor.py:208} INFO - Processing /home/airflow/.local/lib/python3.12/site-packages/airflow/example_dags/tutorial_dag.py took 0.074 seconds
[2025-05-22T07:21:56.138+0000] {processor.py:186} INFO - Started process (PID=511) to work on /home/airflow/.local/lib/python3.12/site-packages/airflow/example_dags/tutorial_dag.py
[2025-05-22T07:21:56.139+0000] {processor.py:914} INFO - Processing file /home/airflow/.local/lib/python3.12/site-packages/airflow/example_dags/tutorial_dag.py for tasks to queue
[2025-05-22T07:21:56.144+0000] {logging_mixin.py:190} INFO - [2025-05-22T07:21:56.144+0000] {dagbag.py:588} INFO - Filling up the DagBag from /home/airflow/.local/lib/python3.12/site-packages/airflow/example_dags/tutorial_dag.py
[2025-05-22T07:21:56.153+0000] {processor.py:925} INFO - DAG(s) 'tutorial_dag' retrieved from /home/airflow/.local/lib/python3.12/site-packages/airflow/example_dags/tutorial_dag.py
[2025-05-22T07:21:56.172+0000] {logging_mixin.py:190} INFO - [2025-05-22T07:21:56.171+0000] {dag.py:3239} INFO - Sync 1 DAGs
[2025-05-22T07:21:56.188+0000] {logging_mixin.py:190} INFO - [2025-05-22T07:21:56.188+0000] {dag.py:4180} INFO - Setting next_dagrun for tutorial_dag to None, run_after=None
[2025-05-22T07:21:56.206+0000] {processor.py:208} INFO - Processing /home/airflow/.local/lib/python3.12/site-packages/airflow/example_dags/tutorial_dag.py took 0.075 seconds
[2025-05-22T07:22:26.371+0000] {processor.py:186} INFO - Started process (PID=578) to work on /home/airflow/.local/lib/python3.12/site-packages/airflow/example_dags/tutorial_dag.py
[2025-05-22T07:22:26.372+0000] {processor.py:914} INFO - Processing file /home/airflow/.local/lib/python3.12/site-packages/airflow/example_dags/tutorial_dag.py for tasks to queue
[2025-05-22T07:22:26.375+0000] {logging_mixin.py:190} INFO - [2025-05-22T07:22:26.375+0000] {dagbag.py:588} INFO - Filling up the DagBag from /home/airflow/.local/lib/python3.12/site-packages/airflow/example_dags/tutorial_dag.py
[2025-05-22T07:22:26.384+0000] {processor.py:925} INFO - DAG(s) 'tutorial_dag' retrieved from /home/airflow/.local/lib/python3.12/site-packages/airflow/example_dags/tutorial_dag.py
[2025-05-22T07:22:26.409+0000] {logging_mixin.py:190} INFO - [2025-05-22T07:22:26.409+0000] {dag.py:3239} INFO - Sync 1 DAGs
[2025-05-22T07:22:26.426+0000] {logging_mixin.py:190} INFO - [2025-05-22T07:22:26.426+0000] {dag.py:4180} INFO - Setting next_dagrun for tutorial_dag to None, run_after=None
[2025-05-22T07:22:26.446+0000] {processor.py:208} INFO - Processing /home/airflow/.local/lib/python3.12/site-packages/airflow/example_dags/tutorial_dag.py took 0.081 seconds
[2025-05-22T07:22:57.872+0000] {processor.py:186} INFO - Started process (PID=647) to work on /home/airflow/.local/lib/python3.12/site-packages/airflow/example_dags/tutorial_dag.py
[2025-05-22T07:22:57.873+0000] {processor.py:914} INFO - Processing file /home/airflow/.local/lib/python3.12/site-packages/airflow/example_dags/tutorial_dag.py for tasks to queue
[2025-05-22T07:22:57.876+0000] {logging_mixin.py:190} INFO - [2025-05-22T07:22:57.875+0000] {dagbag.py:588} INFO - Filling up the DagBag from /home/airflow/.local/lib/python3.12/site-packages/airflow/example_dags/tutorial_dag.py
[2025-05-22T07:22:57.884+0000] {processor.py:925} INFO - DAG(s) 'tutorial_dag' retrieved from /home/airflow/.local/lib/python3.12/site-packages/airflow/example_dags/tutorial_dag.py
[2025-05-22T07:22:57.904+0000] {logging_mixin.py:190} INFO - [2025-05-22T07:22:57.903+0000] {dag.py:3239} INFO - Sync 1 DAGs
[2025-05-22T07:22:57.918+0000] {logging_mixin.py:190} INFO - [2025-05-22T07:22:57.918+0000] {dag.py:4180} INFO - Setting next_dagrun for tutorial_dag to None, run_after=None
[2025-05-22T07:22:57.937+0000] {processor.py:208} INFO - Processing /home/airflow/.local/lib/python3.12/site-packages/airflow/example_dags/tutorial_dag.py took 0.071 seconds
[2025-05-22T07:23:29.169+0000] {processor.py:186} INFO - Started process (PID=715) to work on /home/airflow/.local/lib/python3.12/site-packages/airflow/example_dags/tutorial_dag.py
[2025-05-22T07:23:29.170+0000] {processor.py:914} INFO - Processing file /home/airflow/.local/lib/python3.12/site-packages/airflow/example_dags/tutorial_dag.py for tasks to queue
[2025-05-22T07:23:29.173+0000] {logging_mixin.py:190} INFO - [2025-05-22T07:23:29.173+0000] {dagbag.py:588} INFO - Filling up the DagBag from /home/airflow/.local/lib/python3.12/site-packages/airflow/example_dags/tutorial_dag.py
[2025-05-22T07:23:29.182+0000] {processor.py:925} INFO - DAG(s) 'tutorial_dag' retrieved from /home/airflow/.local/lib/python3.12/site-packages/airflow/example_dags/tutorial_dag.py
[2025-05-22T07:23:29.202+0000] {logging_mixin.py:190} INFO - [2025-05-22T07:23:29.201+0000] {dag.py:3239} INFO - Sync 1 DAGs
[2025-05-22T07:23:29.216+0000] {logging_mixin.py:190} INFO - [2025-05-22T07:23:29.216+0000] {dag.py:4180} INFO - Setting next_dagrun for tutorial_dag to None, run_after=None
[2025-05-22T07:23:29.234+0000] {processor.py:208} INFO - Processing /home/airflow/.local/lib/python3.12/site-packages/airflow/example_dags/tutorial_dag.py took 0.071 seconds
[2025-05-22T07:24:00.383+0000] {processor.py:186} INFO - Started process (PID=783) to work on /home/airflow/.local/lib/python3.12/site-packages/airflow/example_dags/tutorial_dag.py
[2025-05-22T07:24:00.384+0000] {processor.py:914} INFO - Processing file /home/airflow/.local/lib/python3.12/site-packages/airflow/example_dags/tutorial_dag.py for tasks to queue
[2025-05-22T07:24:00.386+0000] {logging_mixin.py:190} INFO - [2025-05-22T07:24:00.386+0000] {dagbag.py:588} INFO - Filling up the DagBag from /home/airflow/.local/lib/python3.12/site-packages/airflow/example_dags/tutorial_dag.py
[2025-05-22T07:24:00.394+0000] {processor.py:925} INFO - DAG(s) 'tutorial_dag' retrieved from /home/airflow/.local/lib/python3.12/site-packages/airflow/example_dags/tutorial_dag.py
[2025-05-22T07:24:00.413+0000] {logging_mixin.py:190} INFO - [2025-05-22T07:24:00.413+0000] {dag.py:3239} INFO - Sync 1 DAGs
[2025-05-22T07:24:00.428+0000] {logging_mixin.py:190} INFO - [2025-05-22T07:24:00.428+0000] {dag.py:4180} INFO - Setting next_dagrun for tutorial_dag to None, run_after=None
[2025-05-22T07:24:00.447+0000] {processor.py:208} INFO - Processing /home/airflow/.local/lib/python3.12/site-packages/airflow/example_dags/tutorial_dag.py took 0.071 seconds
[2025-05-22T07:24:31.708+0000] {processor.py:186} INFO - Started process (PID=851) to work on /home/airflow/.local/lib/python3.12/site-packages/airflow/example_dags/tutorial_dag.py
[2025-05-22T07:24:31.710+0000] {processor.py:914} INFO - Processing file /home/airflow/.local/lib/python3.12/site-packages/airflow/example_dags/tutorial_dag.py for tasks to queue
[2025-05-22T07:24:31.712+0000] {logging_mixin.py:190} INFO - [2025-05-22T07:24:31.712+0000] {dagbag.py:588} INFO - Filling up the DagBag from /home/airflow/.local/lib/python3.12/site-packages/airflow/example_dags/tutorial_dag.py
[2025-05-22T07:24:31.720+0000] {processor.py:925} INFO - DAG(s) 'tutorial_dag' retrieved from /home/airflow/.local/lib/python3.12/site-packages/airflow/example_dags/tutorial_dag.py
[2025-05-22T07:24:31.740+0000] {logging_mixin.py:190} INFO - [2025-05-22T07:24:31.740+0000] {dag.py:3239} INFO - Sync 1 DAGs
[2025-05-22T07:24:31.756+0000] {logging_mixin.py:190} INFO - [2025-05-22T07:24:31.756+0000] {dag.py:4180} INFO - Setting next_dagrun for tutorial_dag to None, run_after=None
[2025-05-22T07:24:31.775+0000] {processor.py:208} INFO - Processing /home/airflow/.local/lib/python3.12/site-packages/airflow/example_dags/tutorial_dag.py took 0.073 seconds
[2025-05-22T07:25:03.109+0000] {processor.py:186} INFO - Started process (PID=919) to work on /home/airflow/.local/lib/python3.12/site-packages/airflow/example_dags/tutorial_dag.py
[2025-05-22T07:25:03.110+0000] {processor.py:914} INFO - Processing file /home/airflow/.local/lib/python3.12/site-packages/airflow/example_dags/tutorial_dag.py for tasks to queue
[2025-05-22T07:25:03.113+0000] {logging_mixin.py:190} INFO - [2025-05-22T07:25:03.113+0000] {dagbag.py:588} INFO - Filling up the DagBag from /home/airflow/.local/lib/python3.12/site-packages/airflow/example_dags/tutorial_dag.py
[2025-05-22T07:25:03.123+0000] {processor.py:925} INFO - DAG(s) 'tutorial_dag' retrieved from /home/airflow/.local/lib/python3.12/site-packages/airflow/example_dags/tutorial_dag.py
[2025-05-22T07:25:03.152+0000] {logging_mixin.py:190} INFO - [2025-05-22T07:25:03.152+0000] {dag.py:3239} INFO - Sync 1 DAGs
[2025-05-22T07:25:03.169+0000] {logging_mixin.py:190} INFO - [2025-05-22T07:25:03.168+0000] {dag.py:4180} INFO - Setting next_dagrun for tutorial_dag to None, run_after=None
[2025-05-22T07:25:03.198+0000] {processor.py:208} INFO - Processing /home/airflow/.local/lib/python3.12/site-packages/airflow/example_dags/tutorial_dag.py took 0.100 seconds
[2025-05-22T07:25:34.380+0000] {processor.py:186} INFO - Started process (PID=987) to work on /home/airflow/.local/lib/python3.12/site-packages/airflow/example_dags/tutorial_dag.py
[2025-05-22T07:25:34.381+0000] {processor.py:914} INFO - Processing file /home/airflow/.local/lib/python3.12/site-packages/airflow/example_dags/tutorial_dag.py for tasks to queue
[2025-05-22T07:25:34.385+0000] {logging_mixin.py:190} INFO - [2025-05-22T07:25:34.384+0000] {dagbag.py:588} INFO - Filling up the DagBag from /home/airflow/.local/lib/python3.12/site-packages/airflow/example_dags/tutorial_dag.py
[2025-05-22T07:25:34.393+0000] {processor.py:925} INFO - DAG(s) 'tutorial_dag' retrieved from /home/airflow/.local/lib/python3.12/site-packages/airflow/example_dags/tutorial_dag.py
[2025-05-22T07:25:34.413+0000] {logging_mixin.py:190} INFO - [2025-05-22T07:25:34.412+0000] {dag.py:3239} INFO - Sync 1 DAGs
[2025-05-22T07:25:34.427+0000] {logging_mixin.py:190} INFO - [2025-05-22T07:25:34.427+0000] {dag.py:4180} INFO - Setting next_dagrun for tutorial_dag to None, run_after=None
[2025-05-22T07:25:34.445+0000] {processor.py:208} INFO - Processing /home/airflow/.local/lib/python3.12/site-packages/airflow/example_dags/tutorial_dag.py took 0.072 seconds
[2025-05-22T07:26:05.639+0000] {processor.py:186} INFO - Started process (PID=1061) to work on /home/airflow/.local/lib/python3.12/site-packages/airflow/example_dags/tutorial_dag.py
[2025-05-22T07:26:05.641+0000] {processor.py:914} INFO - Processing file /home/airflow/.local/lib/python3.12/site-packages/airflow/example_dags/tutorial_dag.py for tasks to queue
[2025-05-22T07:26:05.644+0000] {logging_mixin.py:190} INFO - [2025-05-22T07:26:05.643+0000] {dagbag.py:588} INFO - Filling up the DagBag from /home/airflow/.local/lib/python3.12/site-packages/airflow/example_dags/tutorial_dag.py
[2025-05-22T07:26:05.653+0000] {processor.py:925} INFO - DAG(s) 'tutorial_dag' retrieved from /home/airflow/.local/lib/python3.12/site-packages/airflow/example_dags/tutorial_dag.py
[2025-05-22T07:26:05.676+0000] {logging_mixin.py:190} INFO - [2025-05-22T07:26:05.676+0000] {dag.py:3239} INFO - Sync 1 DAGs
[2025-05-22T07:26:05.694+0000] {logging_mixin.py:190} INFO - [2025-05-22T07:26:05.694+0000] {dag.py:4180} INFO - Setting next_dagrun for tutorial_dag to None, run_after=None
[2025-05-22T07:26:05.720+0000] {processor.py:208} INFO - Processing /home/airflow/.local/lib/python3.12/site-packages/airflow/example_dags/tutorial_dag.py took 0.094 seconds
[2025-05-22T07:26:36.863+0000] {processor.py:186} INFO - Started process (PID=1128) to work on /home/airflow/.local/lib/python3.12/site-packages/airflow/example_dags/tutorial_dag.py
[2025-05-22T07:26:36.864+0000] {processor.py:914} INFO - Processing file /home/airflow/.local/lib/python3.12/site-packages/airflow/example_dags/tutorial_dag.py for tasks to queue
[2025-05-22T07:26:36.867+0000] {logging_mixin.py:190} INFO - [2025-05-22T07:26:36.866+0000] {dagbag.py:588} INFO - Filling up the DagBag from /home/airflow/.local/lib/python3.12/site-packages/airflow/example_dags/tutorial_dag.py
[2025-05-22T07:26:36.876+0000] {processor.py:925} INFO - DAG(s) 'tutorial_dag' retrieved from /home/airflow/.local/lib/python3.12/site-packages/airflow/example_dags/tutorial_dag.py
[2025-05-22T07:26:36.896+0000] {logging_mixin.py:190} INFO - [2025-05-22T07:26:36.896+0000] {dag.py:3239} INFO - Sync 1 DAGs
[2025-05-22T07:26:36.910+0000] {logging_mixin.py:190} INFO - [2025-05-22T07:26:36.910+0000] {dag.py:4180} INFO - Setting next_dagrun for tutorial_dag to None, run_after=None
[2025-05-22T07:26:36.928+0000] {processor.py:208} INFO - Processing /home/airflow/.local/lib/python3.12/site-packages/airflow/example_dags/tutorial_dag.py took 0.071 seconds
[2025-05-22T07:27:08.121+0000] {processor.py:186} INFO - Started process (PID=1196) to work on /home/airflow/.local/lib/python3.12/site-packages/airflow/example_dags/tutorial_dag.py
[2025-05-22T07:27:08.122+0000] {processor.py:914} INFO - Processing file /home/airflow/.local/lib/python3.12/site-packages/airflow/example_dags/tutorial_dag.py for tasks to queue
[2025-05-22T07:27:08.125+0000] {logging_mixin.py:190} INFO - [2025-05-22T07:27:08.124+0000] {dagbag.py:588} INFO - Filling up the DagBag from /home/airflow/.local/lib/python3.12/site-packages/airflow/example_dags/tutorial_dag.py
[2025-05-22T07:27:08.135+0000] {processor.py:925} INFO - DAG(s) 'tutorial_dag' retrieved from /home/airflow/.local/lib/python3.12/site-packages/airflow/example_dags/tutorial_dag.py
[2025-05-22T07:27:08.154+0000] {logging_mixin.py:190} INFO - [2025-05-22T07:27:08.154+0000] {dag.py:3239} INFO - Sync 1 DAGs
[2025-05-22T07:27:08.169+0000] {logging_mixin.py:190} INFO - [2025-05-22T07:27:08.169+0000] {dag.py:4180} INFO - Setting next_dagrun for tutorial_dag to None, run_after=None
[2025-05-22T07:27:08.186+0000] {processor.py:208} INFO - Processing /home/airflow/.local/lib/python3.12/site-packages/airflow/example_dags/tutorial_dag.py took 0.072 seconds
[2025-05-22T07:27:39.358+0000] {processor.py:186} INFO - Started process (PID=1264) to work on /home/airflow/.local/lib/python3.12/site-packages/airflow/example_dags/tutorial_dag.py
[2025-05-22T07:27:39.360+0000] {processor.py:914} INFO - Processing file /home/airflow/.local/lib/python3.12/site-packages/airflow/example_dags/tutorial_dag.py for tasks to queue
[2025-05-22T07:27:39.362+0000] {logging_mixin.py:190} INFO - [2025-05-22T07:27:39.362+0000] {dagbag.py:588} INFO - Filling up the DagBag from /home/airflow/.local/lib/python3.12/site-packages/airflow/example_dags/tutorial_dag.py
[2025-05-22T07:27:39.370+0000] {processor.py:925} INFO - DAG(s) 'tutorial_dag' retrieved from /home/airflow/.local/lib/python3.12/site-packages/airflow/example_dags/tutorial_dag.py
[2025-05-22T07:27:39.390+0000] {logging_mixin.py:190} INFO - [2025-05-22T07:27:39.390+0000] {dag.py:3239} INFO - Sync 1 DAGs
[2025-05-22T07:27:39.406+0000] {logging_mixin.py:190} INFO - [2025-05-22T07:27:39.406+0000] {dag.py:4180} INFO - Setting next_dagrun for tutorial_dag to None, run_after=None
[2025-05-22T07:27:39.425+0000] {processor.py:208} INFO - Processing /home/airflow/.local/lib/python3.12/site-packages/airflow/example_dags/tutorial_dag.py took 0.072 seconds
[2025-05-22T07:28:10.866+0000] {processor.py:186} INFO - Started process (PID=1332) to work on /home/airflow/.local/lib/python3.12/site-packages/airflow/example_dags/tutorial_dag.py
[2025-05-22T07:28:10.867+0000] {processor.py:914} INFO - Processing file /home/airflow/.local/lib/python3.12/site-packages/airflow/example_dags/tutorial_dag.py for tasks to queue
[2025-05-22T07:28:10.870+0000] {logging_mixin.py:190} INFO - [2025-05-22T07:28:10.870+0000] {dagbag.py:588} INFO - Filling up the DagBag from /home/airflow/.local/lib/python3.12/site-packages/airflow/example_dags/tutorial_dag.py
[2025-05-22T07:28:10.878+0000] {processor.py:925} INFO - DAG(s) 'tutorial_dag' retrieved from /home/airflow/.local/lib/python3.12/site-packages/airflow/example_dags/tutorial_dag.py
[2025-05-22T07:28:10.898+0000] {logging_mixin.py:190} INFO - [2025-05-22T07:28:10.898+0000] {dag.py:3239} INFO - Sync 1 DAGs
[2025-05-22T07:28:10.912+0000] {logging_mixin.py:190} INFO - [2025-05-22T07:28:10.912+0000] {dag.py:4180} INFO - Setting next_dagrun for tutorial_dag to None, run_after=None
[2025-05-22T07:28:10.931+0000] {processor.py:208} INFO - Processing /home/airflow/.local/lib/python3.12/site-packages/airflow/example_dags/tutorial_dag.py took 0.071 seconds
[2025-05-22T07:28:42.327+0000] {processor.py:186} INFO - Started process (PID=1400) to work on /home/airflow/.local/lib/python3.12/site-packages/airflow/example_dags/tutorial_dag.py
[2025-05-22T07:28:42.328+0000] {processor.py:914} INFO - Processing file /home/airflow/.local/lib/python3.12/site-packages/airflow/example_dags/tutorial_dag.py for tasks to queue
[2025-05-22T07:28:42.331+0000] {logging_mixin.py:190} INFO - [2025-05-22T07:28:42.330+0000] {dagbag.py:588} INFO - Filling up the DagBag from /home/airflow/.local/lib/python3.12/site-packages/airflow/example_dags/tutorial_dag.py
[2025-05-22T07:28:42.339+0000] {processor.py:925} INFO - DAG(s) 'tutorial_dag' retrieved from /home/airflow/.local/lib/python3.12/site-packages/airflow/example_dags/tutorial_dag.py
[2025-05-22T07:28:42.358+0000] {logging_mixin.py:190} INFO - [2025-05-22T07:28:42.358+0000] {dag.py:3239} INFO - Sync 1 DAGs
[2025-05-22T07:28:42.372+0000] {logging_mixin.py:190} INFO - [2025-05-22T07:28:42.372+0000] {dag.py:4180} INFO - Setting next_dagrun for tutorial_dag to None, run_after=None
[2025-05-22T07:28:42.390+0000] {processor.py:208} INFO - Processing /home/airflow/.local/lib/python3.12/site-packages/airflow/example_dags/tutorial_dag.py took 0.069 seconds
[2025-05-22T07:29:13.542+0000] {processor.py:186} INFO - Started process (PID=1468) to work on /home/airflow/.local/lib/python3.12/site-packages/airflow/example_dags/tutorial_dag.py
[2025-05-22T07:29:13.544+0000] {processor.py:914} INFO - Processing file /home/airflow/.local/lib/python3.12/site-packages/airflow/example_dags/tutorial_dag.py for tasks to queue
[2025-05-22T07:29:13.547+0000] {logging_mixin.py:190} INFO - [2025-05-22T07:29:13.546+0000] {dagbag.py:588} INFO - Filling up the DagBag from /home/airflow/.local/lib/python3.12/site-packages/airflow/example_dags/tutorial_dag.py
[2025-05-22T07:29:13.556+0000] {processor.py:925} INFO - DAG(s) 'tutorial_dag' retrieved from /home/airflow/.local/lib/python3.12/site-packages/airflow/example_dags/tutorial_dag.py
[2025-05-22T07:29:13.577+0000] {logging_mixin.py:190} INFO - [2025-05-22T07:29:13.577+0000] {dag.py:3239} INFO - Sync 1 DAGs
[2025-05-22T07:29:13.592+0000] {logging_mixin.py:190} INFO - [2025-05-22T07:29:13.592+0000] {dag.py:4180} INFO - Setting next_dagrun for tutorial_dag to None, run_after=None
[2025-05-22T07:29:13.611+0000] {processor.py:208} INFO - Processing /home/airflow/.local/lib/python3.12/site-packages/airflow/example_dags/tutorial_dag.py took 0.076 seconds
[2025-05-22T07:29:44.923+0000] {processor.py:186} INFO - Started process (PID=1536) to work on /home/airflow/.local/lib/python3.12/site-packages/airflow/example_dags/tutorial_dag.py
[2025-05-22T07:29:44.924+0000] {processor.py:914} INFO - Processing file /home/airflow/.local/lib/python3.12/site-packages/airflow/example_dags/tutorial_dag.py for tasks to queue
[2025-05-22T07:29:44.927+0000] {logging_mixin.py:190} INFO - [2025-05-22T07:29:44.927+0000] {dagbag.py:588} INFO - Filling up the DagBag from /home/airflow/.local/lib/python3.12/site-packages/airflow/example_dags/tutorial_dag.py
[2025-05-22T07:29:44.935+0000] {processor.py:925} INFO - DAG(s) 'tutorial_dag' retrieved from /home/airflow/.local/lib/python3.12/site-packages/airflow/example_dags/tutorial_dag.py
[2025-05-22T07:29:44.954+0000] {logging_mixin.py:190} INFO - [2025-05-22T07:29:44.953+0000] {dag.py:3239} INFO - Sync 1 DAGs
[2025-05-22T07:29:44.968+0000] {logging_mixin.py:190} INFO - [2025-05-22T07:29:44.968+0000] {dag.py:4180} INFO - Setting next_dagrun for tutorial_dag to None, run_after=None
[2025-05-22T07:29:44.989+0000] {processor.py:208} INFO - Processing /home/airflow/.local/lib/python3.12/site-packages/airflow/example_dags/tutorial_dag.py took 0.071 seconds
[2025-05-22T07:30:16.417+0000] {processor.py:186} INFO - Started process (PID=1604) to work on /home/airflow/.local/lib/python3.12/site-packages/airflow/example_dags/tutorial_dag.py
[2025-05-22T07:30:16.418+0000] {processor.py:914} INFO - Processing file /home/airflow/.local/lib/python3.12/site-packages/airflow/example_dags/tutorial_dag.py for tasks to queue
[2025-05-22T07:30:16.420+0000] {logging_mixin.py:190} INFO - [2025-05-22T07:30:16.420+0000] {dagbag.py:588} INFO - Filling up the DagBag from /home/airflow/.local/lib/python3.12/site-packages/airflow/example_dags/tutorial_dag.py
[2025-05-22T07:30:16.429+0000] {processor.py:925} INFO - DAG(s) 'tutorial_dag' retrieved from /home/airflow/.local/lib/python3.12/site-packages/airflow/example_dags/tutorial_dag.py
[2025-05-22T07:30:16.447+0000] {logging_mixin.py:190} INFO - [2025-05-22T07:30:16.447+0000] {dag.py:3239} INFO - Sync 1 DAGs
[2025-05-22T07:30:16.462+0000] {logging_mixin.py:190} INFO - [2025-05-22T07:30:16.462+0000] {dag.py:4180} INFO - Setting next_dagrun for tutorial_dag to None, run_after=None
[2025-05-22T07:30:16.480+0000] {processor.py:208} INFO - Processing /home/airflow/.local/lib/python3.12/site-packages/airflow/example_dags/tutorial_dag.py took 0.069 seconds
[2025-05-22T07:35:45.916+0000] {processor.py:186} INFO - Started process (PID=113) to work on /home/airflow/.local/lib/python3.12/site-packages/airflow/example_dags/tutorial_dag.py
[2025-05-22T07:35:45.918+0000] {processor.py:914} INFO - Processing file /home/airflow/.local/lib/python3.12/site-packages/airflow/example_dags/tutorial_dag.py for tasks to queue
[2025-05-22T07:35:45.920+0000] {logging_mixin.py:190} INFO - [2025-05-22T07:35:45.920+0000] {dagbag.py:588} INFO - Filling up the DagBag from /home/airflow/.local/lib/python3.12/site-packages/airflow/example_dags/tutorial_dag.py
[2025-05-22T07:35:45.930+0000] {processor.py:925} INFO - DAG(s) 'tutorial_dag' retrieved from /home/airflow/.local/lib/python3.12/site-packages/airflow/example_dags/tutorial_dag.py
[2025-05-22T07:35:45.994+0000] {logging_mixin.py:190} INFO - [2025-05-22T07:35:45.993+0000] {override.py:1912} INFO - Created Permission View: can delete on DAG:tutorial_dag
[2025-05-22T07:35:46.006+0000] {logging_mixin.py:190} INFO - [2025-05-22T07:35:46.006+0000] {override.py:1912} INFO - Created Permission View: can edit on DAG:tutorial_dag
[2025-05-22T07:35:46.016+0000] {logging_mixin.py:190} INFO - [2025-05-22T07:35:46.016+0000] {override.py:1912} INFO - Created Permission View: can read on DAG:tutorial_dag
[2025-05-22T07:35:46.027+0000] {logging_mixin.py:190} INFO - [2025-05-22T07:35:46.027+0000] {override.py:1912} INFO - Created Permission View: can delete on DAG Run:tutorial_dag
[2025-05-22T07:35:46.040+0000] {logging_mixin.py:190} INFO - [2025-05-22T07:35:46.040+0000] {override.py:1912} INFO - Created Permission View: can create on DAG Run:tutorial_dag
[2025-05-22T07:35:46.051+0000] {logging_mixin.py:190} INFO - [2025-05-22T07:35:46.051+0000] {override.py:1912} INFO - Created Permission View: menu access on DAG Run:tutorial_dag
[2025-05-22T07:35:46.063+0000] {logging_mixin.py:190} INFO - [2025-05-22T07:35:46.063+0000] {override.py:1912} INFO - Created Permission View: can read on DAG Run:tutorial_dag
[2025-05-22T07:35:46.064+0000] {logging_mixin.py:190} INFO - [2025-05-22T07:35:46.064+0000] {dag.py:3239} INFO - Sync 1 DAGs
[2025-05-22T07:35:46.081+0000] {logging_mixin.py:190} INFO - [2025-05-22T07:35:46.081+0000] {dag.py:3262} INFO - Creating ORM DAG for tutorial_dag
[2025-05-22T07:35:46.083+0000] {logging_mixin.py:190} INFO - [2025-05-22T07:35:46.083+0000] {dag.py:4180} INFO - Setting next_dagrun for tutorial_dag to None, run_after=None
[2025-05-22T07:35:46.102+0000] {processor.py:208} INFO - Processing /home/airflow/.local/lib/python3.12/site-packages/airflow/example_dags/tutorial_dag.py took 0.193 seconds
[2025-05-22T07:36:16.772+0000] {processor.py:186} INFO - Started process (PID=181) to work on /home/airflow/.local/lib/python3.12/site-packages/airflow/example_dags/tutorial_dag.py
[2025-05-22T07:36:16.773+0000] {processor.py:914} INFO - Processing file /home/airflow/.local/lib/python3.12/site-packages/airflow/example_dags/tutorial_dag.py for tasks to queue
[2025-05-22T07:36:16.776+0000] {logging_mixin.py:190} INFO - [2025-05-22T07:36:16.775+0000] {dagbag.py:588} INFO - Filling up the DagBag from /home/airflow/.local/lib/python3.12/site-packages/airflow/example_dags/tutorial_dag.py
[2025-05-22T07:36:16.784+0000] {processor.py:925} INFO - DAG(s) 'tutorial_dag' retrieved from /home/airflow/.local/lib/python3.12/site-packages/airflow/example_dags/tutorial_dag.py
[2025-05-22T07:36:16.803+0000] {logging_mixin.py:190} INFO - [2025-05-22T07:36:16.803+0000] {dag.py:3239} INFO - Sync 1 DAGs
[2025-05-22T07:36:16.817+0000] {logging_mixin.py:190} INFO - [2025-05-22T07:36:16.817+0000] {dag.py:4180} INFO - Setting next_dagrun for tutorial_dag to None, run_after=None
[2025-05-22T07:36:16.836+0000] {processor.py:208} INFO - Processing /home/airflow/.local/lib/python3.12/site-packages/airflow/example_dags/tutorial_dag.py took 0.070 seconds
[2025-05-22T07:36:47.668+0000] {processor.py:186} INFO - Started process (PID=249) to work on /home/airflow/.local/lib/python3.12/site-packages/airflow/example_dags/tutorial_dag.py
[2025-05-22T07:36:47.669+0000] {processor.py:914} INFO - Processing file /home/airflow/.local/lib/python3.12/site-packages/airflow/example_dags/tutorial_dag.py for tasks to queue
[2025-05-22T07:36:47.672+0000] {logging_mixin.py:190} INFO - [2025-05-22T07:36:47.672+0000] {dagbag.py:588} INFO - Filling up the DagBag from /home/airflow/.local/lib/python3.12/site-packages/airflow/example_dags/tutorial_dag.py
[2025-05-22T07:36:47.680+0000] {processor.py:925} INFO - DAG(s) 'tutorial_dag' retrieved from /home/airflow/.local/lib/python3.12/site-packages/airflow/example_dags/tutorial_dag.py
[2025-05-22T07:36:47.699+0000] {logging_mixin.py:190} INFO - [2025-05-22T07:36:47.699+0000] {dag.py:3239} INFO - Sync 1 DAGs
[2025-05-22T07:36:47.713+0000] {logging_mixin.py:190} INFO - [2025-05-22T07:36:47.713+0000] {dag.py:4180} INFO - Setting next_dagrun for tutorial_dag to None, run_after=None
[2025-05-22T07:36:47.730+0000] {processor.py:208} INFO - Processing /home/airflow/.local/lib/python3.12/site-packages/airflow/example_dags/tutorial_dag.py took 0.068 seconds
[2025-05-22T07:37:18.059+0000] {processor.py:186} INFO - Started process (PID=316) to work on /home/airflow/.local/lib/python3.12/site-packages/airflow/example_dags/tutorial_dag.py
[2025-05-22T07:37:18.060+0000] {processor.py:914} INFO - Processing file /home/airflow/.local/lib/python3.12/site-packages/airflow/example_dags/tutorial_dag.py for tasks to queue
[2025-05-22T07:37:18.063+0000] {logging_mixin.py:190} INFO - [2025-05-22T07:37:18.063+0000] {dagbag.py:588} INFO - Filling up the DagBag from /home/airflow/.local/lib/python3.12/site-packages/airflow/example_dags/tutorial_dag.py
[2025-05-22T07:37:18.071+0000] {processor.py:925} INFO - DAG(s) 'tutorial_dag' retrieved from /home/airflow/.local/lib/python3.12/site-packages/airflow/example_dags/tutorial_dag.py
[2025-05-22T07:37:18.092+0000] {logging_mixin.py:190} INFO - [2025-05-22T07:37:18.092+0000] {dag.py:3239} INFO - Sync 1 DAGs
[2025-05-22T07:37:18.107+0000] {logging_mixin.py:190} INFO - [2025-05-22T07:37:18.107+0000] {dag.py:4180} INFO - Setting next_dagrun for tutorial_dag to None, run_after=None
[2025-05-22T07:37:18.133+0000] {processor.py:208} INFO - Processing /home/airflow/.local/lib/python3.12/site-packages/airflow/example_dags/tutorial_dag.py took 0.080 seconds
[2025-05-22T07:37:48.467+0000] {processor.py:186} INFO - Started process (PID=383) to work on /home/airflow/.local/lib/python3.12/site-packages/airflow/example_dags/tutorial_dag.py
[2025-05-22T07:37:48.468+0000] {processor.py:914} INFO - Processing file /home/airflow/.local/lib/python3.12/site-packages/airflow/example_dags/tutorial_dag.py for tasks to queue
[2025-05-22T07:37:48.470+0000] {logging_mixin.py:190} INFO - [2025-05-22T07:37:48.470+0000] {dagbag.py:588} INFO - Filling up the DagBag from /home/airflow/.local/lib/python3.12/site-packages/airflow/example_dags/tutorial_dag.py
[2025-05-22T07:37:48.479+0000] {processor.py:925} INFO - DAG(s) 'tutorial_dag' retrieved from /home/airflow/.local/lib/python3.12/site-packages/airflow/example_dags/tutorial_dag.py
[2025-05-22T07:37:48.501+0000] {logging_mixin.py:190} INFO - [2025-05-22T07:37:48.501+0000] {dag.py:3239} INFO - Sync 1 DAGs
[2025-05-22T07:37:48.516+0000] {logging_mixin.py:190} INFO - [2025-05-22T07:37:48.515+0000] {dag.py:4180} INFO - Setting next_dagrun for tutorial_dag to None, run_after=None
[2025-05-22T07:37:48.537+0000] {processor.py:208} INFO - Processing /home/airflow/.local/lib/python3.12/site-packages/airflow/example_dags/tutorial_dag.py took 0.076 seconds
[2025-05-22T07:38:18.703+0000] {processor.py:186} INFO - Started process (PID=451) to work on /home/airflow/.local/lib/python3.12/site-packages/airflow/example_dags/tutorial_dag.py
[2025-05-22T07:38:18.704+0000] {processor.py:914} INFO - Processing file /home/airflow/.local/lib/python3.12/site-packages/airflow/example_dags/tutorial_dag.py for tasks to queue
[2025-05-22T07:38:18.707+0000] {logging_mixin.py:190} INFO - [2025-05-22T07:38:18.706+0000] {dagbag.py:588} INFO - Filling up the DagBag from /home/airflow/.local/lib/python3.12/site-packages/airflow/example_dags/tutorial_dag.py
[2025-05-22T07:38:18.715+0000] {processor.py:925} INFO - DAG(s) 'tutorial_dag' retrieved from /home/airflow/.local/lib/python3.12/site-packages/airflow/example_dags/tutorial_dag.py
[2025-05-22T07:38:18.736+0000] {logging_mixin.py:190} INFO - [2025-05-22T07:38:18.736+0000] {dag.py:3239} INFO - Sync 1 DAGs
[2025-05-22T07:38:18.752+0000] {logging_mixin.py:190} INFO - [2025-05-22T07:38:18.751+0000] {dag.py:4180} INFO - Setting next_dagrun for tutorial_dag to None, run_after=None
[2025-05-22T07:38:18.772+0000] {processor.py:208} INFO - Processing /home/airflow/.local/lib/python3.12/site-packages/airflow/example_dags/tutorial_dag.py took 0.076 seconds
[2025-05-22T07:38:49.657+0000] {processor.py:186} INFO - Started process (PID=518) to work on /home/airflow/.local/lib/python3.12/site-packages/airflow/example_dags/tutorial_dag.py
[2025-05-22T07:38:49.658+0000] {processor.py:914} INFO - Processing file /home/airflow/.local/lib/python3.12/site-packages/airflow/example_dags/tutorial_dag.py for tasks to queue
[2025-05-22T07:38:49.660+0000] {logging_mixin.py:190} INFO - [2025-05-22T07:38:49.660+0000] {dagbag.py:588} INFO - Filling up the DagBag from /home/airflow/.local/lib/python3.12/site-packages/airflow/example_dags/tutorial_dag.py
[2025-05-22T07:38:49.668+0000] {processor.py:925} INFO - DAG(s) 'tutorial_dag' retrieved from /home/airflow/.local/lib/python3.12/site-packages/airflow/example_dags/tutorial_dag.py
[2025-05-22T07:38:49.689+0000] {logging_mixin.py:190} INFO - [2025-05-22T07:38:49.688+0000] {dag.py:3239} INFO - Sync 1 DAGs
[2025-05-22T07:38:49.703+0000] {logging_mixin.py:190} INFO - [2025-05-22T07:38:49.703+0000] {dag.py:4180} INFO - Setting next_dagrun for tutorial_dag to None, run_after=None
[2025-05-22T07:38:49.725+0000] {processor.py:208} INFO - Processing /home/airflow/.local/lib/python3.12/site-packages/airflow/example_dags/tutorial_dag.py took 0.075 seconds
[2025-05-22T07:39:20.531+0000] {processor.py:186} INFO - Started process (PID=585) to work on /home/airflow/.local/lib/python3.12/site-packages/airflow/example_dags/tutorial_dag.py
[2025-05-22T07:39:20.532+0000] {processor.py:914} INFO - Processing file /home/airflow/.local/lib/python3.12/site-packages/airflow/example_dags/tutorial_dag.py for tasks to queue
[2025-05-22T07:39:20.537+0000] {logging_mixin.py:190} INFO - [2025-05-22T07:39:20.537+0000] {dagbag.py:588} INFO - Filling up the DagBag from /home/airflow/.local/lib/python3.12/site-packages/airflow/example_dags/tutorial_dag.py
[2025-05-22T07:39:20.546+0000] {processor.py:925} INFO - DAG(s) 'tutorial_dag' retrieved from /home/airflow/.local/lib/python3.12/site-packages/airflow/example_dags/tutorial_dag.py
[2025-05-22T07:39:20.567+0000] {logging_mixin.py:190} INFO - [2025-05-22T07:39:20.566+0000] {dag.py:3239} INFO - Sync 1 DAGs
[2025-05-22T07:39:20.584+0000] {logging_mixin.py:190} INFO - [2025-05-22T07:39:20.584+0000] {dag.py:4180} INFO - Setting next_dagrun for tutorial_dag to None, run_after=None
[2025-05-22T07:39:20.603+0000] {processor.py:208} INFO - Processing /home/airflow/.local/lib/python3.12/site-packages/airflow/example_dags/tutorial_dag.py took 0.078 seconds
[2025-05-22T07:39:51.523+0000] {processor.py:186} INFO - Started process (PID=653) to work on /home/airflow/.local/lib/python3.12/site-packages/airflow/example_dags/tutorial_dag.py
[2025-05-22T07:39:51.525+0000] {processor.py:914} INFO - Processing file /home/airflow/.local/lib/python3.12/site-packages/airflow/example_dags/tutorial_dag.py for tasks to queue
[2025-05-22T07:39:51.529+0000] {logging_mixin.py:190} INFO - [2025-05-22T07:39:51.528+0000] {dagbag.py:588} INFO - Filling up the DagBag from /home/airflow/.local/lib/python3.12/site-packages/airflow/example_dags/tutorial_dag.py
[2025-05-22T07:39:51.537+0000] {processor.py:925} INFO - DAG(s) 'tutorial_dag' retrieved from /home/airflow/.local/lib/python3.12/site-packages/airflow/example_dags/tutorial_dag.py
[2025-05-22T07:39:51.557+0000] {logging_mixin.py:190} INFO - [2025-05-22T07:39:51.557+0000] {dag.py:3239} INFO - Sync 1 DAGs
[2025-05-22T07:39:51.575+0000] {logging_mixin.py:190} INFO - [2025-05-22T07:39:51.575+0000] {dag.py:4180} INFO - Setting next_dagrun for tutorial_dag to None, run_after=None
[2025-05-22T07:39:51.595+0000] {processor.py:208} INFO - Processing /home/airflow/.local/lib/python3.12/site-packages/airflow/example_dags/tutorial_dag.py took 0.079 seconds
[2025-05-22T07:40:21.900+0000] {processor.py:186} INFO - Started process (PID=720) to work on /home/airflow/.local/lib/python3.12/site-packages/airflow/example_dags/tutorial_dag.py
[2025-05-22T07:40:21.902+0000] {processor.py:914} INFO - Processing file /home/airflow/.local/lib/python3.12/site-packages/airflow/example_dags/tutorial_dag.py for tasks to queue
[2025-05-22T07:40:21.906+0000] {logging_mixin.py:190} INFO - [2025-05-22T07:40:21.906+0000] {dagbag.py:588} INFO - Filling up the DagBag from /home/airflow/.local/lib/python3.12/site-packages/airflow/example_dags/tutorial_dag.py
[2025-05-22T07:40:21.915+0000] {processor.py:925} INFO - DAG(s) 'tutorial_dag' retrieved from /home/airflow/.local/lib/python3.12/site-packages/airflow/example_dags/tutorial_dag.py
[2025-05-22T07:40:21.940+0000] {logging_mixin.py:190} INFO - [2025-05-22T07:40:21.940+0000] {dag.py:3239} INFO - Sync 1 DAGs
[2025-05-22T07:40:21.955+0000] {logging_mixin.py:190} INFO - [2025-05-22T07:40:21.955+0000] {dag.py:4180} INFO - Setting next_dagrun for tutorial_dag to None, run_after=None
[2025-05-22T07:40:21.974+0000] {processor.py:208} INFO - Processing /home/airflow/.local/lib/python3.12/site-packages/airflow/example_dags/tutorial_dag.py took 0.080 seconds
[2025-05-22T07:40:52.751+0000] {processor.py:186} INFO - Started process (PID=788) to work on /home/airflow/.local/lib/python3.12/site-packages/airflow/example_dags/tutorial_dag.py
[2025-05-22T07:40:52.752+0000] {processor.py:914} INFO - Processing file /home/airflow/.local/lib/python3.12/site-packages/airflow/example_dags/tutorial_dag.py for tasks to queue
[2025-05-22T07:40:52.755+0000] {logging_mixin.py:190} INFO - [2025-05-22T07:40:52.754+0000] {dagbag.py:588} INFO - Filling up the DagBag from /home/airflow/.local/lib/python3.12/site-packages/airflow/example_dags/tutorial_dag.py
[2025-05-22T07:40:52.763+0000] {processor.py:925} INFO - DAG(s) 'tutorial_dag' retrieved from /home/airflow/.local/lib/python3.12/site-packages/airflow/example_dags/tutorial_dag.py
[2025-05-22T07:40:52.784+0000] {logging_mixin.py:190} INFO - [2025-05-22T07:40:52.784+0000] {dag.py:3239} INFO - Sync 1 DAGs
[2025-05-22T07:40:52.799+0000] {logging_mixin.py:190} INFO - [2025-05-22T07:40:52.799+0000] {dag.py:4180} INFO - Setting next_dagrun for tutorial_dag to None, run_after=None
[2025-05-22T07:40:52.819+0000] {processor.py:208} INFO - Processing /home/airflow/.local/lib/python3.12/site-packages/airflow/example_dags/tutorial_dag.py took 0.075 seconds
[2025-05-22T07:41:23.455+0000] {processor.py:186} INFO - Started process (PID=856) to work on /home/airflow/.local/lib/python3.12/site-packages/airflow/example_dags/tutorial_dag.py
[2025-05-22T07:41:23.459+0000] {processor.py:914} INFO - Processing file /home/airflow/.local/lib/python3.12/site-packages/airflow/example_dags/tutorial_dag.py for tasks to queue
[2025-05-22T07:41:23.463+0000] {logging_mixin.py:190} INFO - [2025-05-22T07:41:23.462+0000] {dagbag.py:588} INFO - Filling up the DagBag from /home/airflow/.local/lib/python3.12/site-packages/airflow/example_dags/tutorial_dag.py
[2025-05-22T07:41:23.473+0000] {processor.py:925} INFO - DAG(s) 'tutorial_dag' retrieved from /home/airflow/.local/lib/python3.12/site-packages/airflow/example_dags/tutorial_dag.py
[2025-05-22T07:41:23.505+0000] {logging_mixin.py:190} INFO - [2025-05-22T07:41:23.505+0000] {dag.py:3239} INFO - Sync 1 DAGs
[2025-05-22T07:41:23.523+0000] {logging_mixin.py:190} INFO - [2025-05-22T07:41:23.523+0000] {dag.py:4180} INFO - Setting next_dagrun for tutorial_dag to None, run_after=None
[2025-05-22T07:41:23.554+0000] {processor.py:208} INFO - Processing /home/airflow/.local/lib/python3.12/site-packages/airflow/example_dags/tutorial_dag.py took 0.105 seconds
[2025-05-22T07:41:54.213+0000] {processor.py:186} INFO - Started process (PID=924) to work on /home/airflow/.local/lib/python3.12/site-packages/airflow/example_dags/tutorial_dag.py
[2025-05-22T07:41:54.214+0000] {processor.py:914} INFO - Processing file /home/airflow/.local/lib/python3.12/site-packages/airflow/example_dags/tutorial_dag.py for tasks to queue
[2025-05-22T07:41:54.217+0000] {logging_mixin.py:190} INFO - [2025-05-22T07:41:54.217+0000] {dagbag.py:588} INFO - Filling up the DagBag from /home/airflow/.local/lib/python3.12/site-packages/airflow/example_dags/tutorial_dag.py
[2025-05-22T07:41:54.225+0000] {processor.py:925} INFO - DAG(s) 'tutorial_dag' retrieved from /home/airflow/.local/lib/python3.12/site-packages/airflow/example_dags/tutorial_dag.py
[2025-05-22T07:41:54.245+0000] {logging_mixin.py:190} INFO - [2025-05-22T07:41:54.245+0000] {dag.py:3239} INFO - Sync 1 DAGs
[2025-05-22T07:41:54.260+0000] {logging_mixin.py:190} INFO - [2025-05-22T07:41:54.260+0000] {dag.py:4180} INFO - Setting next_dagrun for tutorial_dag to None, run_after=None
[2025-05-22T07:41:54.280+0000] {processor.py:208} INFO - Processing /home/airflow/.local/lib/python3.12/site-packages/airflow/example_dags/tutorial_dag.py took 0.073 seconds
[2025-05-22T07:42:25.168+0000] {processor.py:186} INFO - Started process (PID=992) to work on /home/airflow/.local/lib/python3.12/site-packages/airflow/example_dags/tutorial_dag.py
[2025-05-22T07:42:25.170+0000] {processor.py:914} INFO - Processing file /home/airflow/.local/lib/python3.12/site-packages/airflow/example_dags/tutorial_dag.py for tasks to queue
[2025-05-22T07:42:25.173+0000] {logging_mixin.py:190} INFO - [2025-05-22T07:42:25.172+0000] {dagbag.py:588} INFO - Filling up the DagBag from /home/airflow/.local/lib/python3.12/site-packages/airflow/example_dags/tutorial_dag.py
[2025-05-22T07:42:25.181+0000] {processor.py:925} INFO - DAG(s) 'tutorial_dag' retrieved from /home/airflow/.local/lib/python3.12/site-packages/airflow/example_dags/tutorial_dag.py
[2025-05-22T07:42:25.201+0000] {logging_mixin.py:190} INFO - [2025-05-22T07:42:25.200+0000] {dag.py:3239} INFO - Sync 1 DAGs
[2025-05-22T07:42:25.216+0000] {logging_mixin.py:190} INFO - [2025-05-22T07:42:25.216+0000] {dag.py:4180} INFO - Setting next_dagrun for tutorial_dag to None, run_after=None
[2025-05-22T07:42:25.236+0000] {processor.py:208} INFO - Processing /home/airflow/.local/lib/python3.12/site-packages/airflow/example_dags/tutorial_dag.py took 0.074 seconds
[2025-05-22T07:42:55.694+0000] {processor.py:186} INFO - Started process (PID=1060) to work on /home/airflow/.local/lib/python3.12/site-packages/airflow/example_dags/tutorial_dag.py
[2025-05-22T07:42:55.696+0000] {processor.py:914} INFO - Processing file /home/airflow/.local/lib/python3.12/site-packages/airflow/example_dags/tutorial_dag.py for tasks to queue
[2025-05-22T07:42:55.699+0000] {logging_mixin.py:190} INFO - [2025-05-22T07:42:55.699+0000] {dagbag.py:588} INFO - Filling up the DagBag from /home/airflow/.local/lib/python3.12/site-packages/airflow/example_dags/tutorial_dag.py
[2025-05-22T07:42:55.709+0000] {processor.py:925} INFO - DAG(s) 'tutorial_dag' retrieved from /home/airflow/.local/lib/python3.12/site-packages/airflow/example_dags/tutorial_dag.py
[2025-05-22T07:42:55.734+0000] {logging_mixin.py:190} INFO - [2025-05-22T07:42:55.734+0000] {dag.py:3239} INFO - Sync 1 DAGs
[2025-05-22T07:42:55.753+0000] {logging_mixin.py:190} INFO - [2025-05-22T07:42:55.753+0000] {dag.py:4180} INFO - Setting next_dagrun for tutorial_dag to None, run_after=None
[2025-05-22T07:42:55.779+0000] {processor.py:208} INFO - Processing /home/airflow/.local/lib/python3.12/site-packages/airflow/example_dags/tutorial_dag.py took 0.094 seconds
[2025-05-22T07:43:26.055+0000] {processor.py:186} INFO - Started process (PID=1128) to work on /home/airflow/.local/lib/python3.12/site-packages/airflow/example_dags/tutorial_dag.py
[2025-05-22T07:43:26.056+0000] {processor.py:914} INFO - Processing file /home/airflow/.local/lib/python3.12/site-packages/airflow/example_dags/tutorial_dag.py for tasks to queue
[2025-05-22T07:43:26.059+0000] {logging_mixin.py:190} INFO - [2025-05-22T07:43:26.059+0000] {dagbag.py:588} INFO - Filling up the DagBag from /home/airflow/.local/lib/python3.12/site-packages/airflow/example_dags/tutorial_dag.py
[2025-05-22T07:43:26.070+0000] {processor.py:925} INFO - DAG(s) 'tutorial_dag' retrieved from /home/airflow/.local/lib/python3.12/site-packages/airflow/example_dags/tutorial_dag.py
[2025-05-22T07:43:26.100+0000] {logging_mixin.py:190} INFO - [2025-05-22T07:43:26.100+0000] {dag.py:3239} INFO - Sync 1 DAGs
[2025-05-22T07:43:26.118+0000] {logging_mixin.py:190} INFO - [2025-05-22T07:43:26.117+0000] {dag.py:4180} INFO - Setting next_dagrun for tutorial_dag to None, run_after=None
[2025-05-22T07:43:26.156+0000] {processor.py:208} INFO - Processing /home/airflow/.local/lib/python3.12/site-packages/airflow/example_dags/tutorial_dag.py took 0.108 seconds
[2025-05-22T07:43:56.931+0000] {processor.py:186} INFO - Started process (PID=1196) to work on /home/airflow/.local/lib/python3.12/site-packages/airflow/example_dags/tutorial_dag.py
[2025-05-22T07:43:56.932+0000] {processor.py:914} INFO - Processing file /home/airflow/.local/lib/python3.12/site-packages/airflow/example_dags/tutorial_dag.py for tasks to queue
[2025-05-22T07:43:56.934+0000] {logging_mixin.py:190} INFO - [2025-05-22T07:43:56.934+0000] {dagbag.py:588} INFO - Filling up the DagBag from /home/airflow/.local/lib/python3.12/site-packages/airflow/example_dags/tutorial_dag.py
[2025-05-22T07:43:56.943+0000] {processor.py:925} INFO - DAG(s) 'tutorial_dag' retrieved from /home/airflow/.local/lib/python3.12/site-packages/airflow/example_dags/tutorial_dag.py
[2025-05-22T07:43:56.963+0000] {logging_mixin.py:190} INFO - [2025-05-22T07:43:56.963+0000] {dag.py:3239} INFO - Sync 1 DAGs
[2025-05-22T07:43:56.978+0000] {logging_mixin.py:190} INFO - [2025-05-22T07:43:56.978+0000] {dag.py:4180} INFO - Setting next_dagrun for tutorial_dag to None, run_after=None
[2025-05-22T07:43:56.996+0000] {processor.py:208} INFO - Processing /home/airflow/.local/lib/python3.12/site-packages/airflow/example_dags/tutorial_dag.py took 0.072 seconds
[2025-05-22T07:44:27.314+0000] {processor.py:186} INFO - Started process (PID=1264) to work on /home/airflow/.local/lib/python3.12/site-packages/airflow/example_dags/tutorial_dag.py
[2025-05-22T07:44:27.315+0000] {processor.py:914} INFO - Processing file /home/airflow/.local/lib/python3.12/site-packages/airflow/example_dags/tutorial_dag.py for tasks to queue
[2025-05-22T07:44:27.318+0000] {logging_mixin.py:190} INFO - [2025-05-22T07:44:27.317+0000] {dagbag.py:588} INFO - Filling up the DagBag from /home/airflow/.local/lib/python3.12/site-packages/airflow/example_dags/tutorial_dag.py
[2025-05-22T07:44:27.327+0000] {processor.py:925} INFO - DAG(s) 'tutorial_dag' retrieved from /home/airflow/.local/lib/python3.12/site-packages/airflow/example_dags/tutorial_dag.py
[2025-05-22T07:44:27.347+0000] {logging_mixin.py:190} INFO - [2025-05-22T07:44:27.347+0000] {dag.py:3239} INFO - Sync 1 DAGs
[2025-05-22T07:44:27.362+0000] {logging_mixin.py:190} INFO - [2025-05-22T07:44:27.362+0000] {dag.py:4180} INFO - Setting next_dagrun for tutorial_dag to None, run_after=None
[2025-05-22T07:44:27.383+0000] {processor.py:208} INFO - Processing /home/airflow/.local/lib/python3.12/site-packages/airflow/example_dags/tutorial_dag.py took 0.076 seconds
[2025-05-22T07:44:58.109+0000] {processor.py:186} INFO - Started process (PID=1332) to work on /home/airflow/.local/lib/python3.12/site-packages/airflow/example_dags/tutorial_dag.py
[2025-05-22T07:44:58.110+0000] {processor.py:914} INFO - Processing file /home/airflow/.local/lib/python3.12/site-packages/airflow/example_dags/tutorial_dag.py for tasks to queue
[2025-05-22T07:44:58.113+0000] {logging_mixin.py:190} INFO - [2025-05-22T07:44:58.113+0000] {dagbag.py:588} INFO - Filling up the DagBag from /home/airflow/.local/lib/python3.12/site-packages/airflow/example_dags/tutorial_dag.py
[2025-05-22T07:44:58.123+0000] {processor.py:925} INFO - DAG(s) 'tutorial_dag' retrieved from /home/airflow/.local/lib/python3.12/site-packages/airflow/example_dags/tutorial_dag.py
[2025-05-22T07:44:58.144+0000] {logging_mixin.py:190} INFO - [2025-05-22T07:44:58.143+0000] {dag.py:3239} INFO - Sync 1 DAGs
[2025-05-22T07:44:58.159+0000] {logging_mixin.py:190} INFO - [2025-05-22T07:44:58.159+0000] {dag.py:4180} INFO - Setting next_dagrun for tutorial_dag to None, run_after=None
[2025-05-22T07:44:58.181+0000] {processor.py:208} INFO - Processing /home/airflow/.local/lib/python3.12/site-packages/airflow/example_dags/tutorial_dag.py took 0.080 seconds
[2025-05-22T07:45:28.482+0000] {processor.py:186} INFO - Started process (PID=1399) to work on /home/airflow/.local/lib/python3.12/site-packages/airflow/example_dags/tutorial_dag.py
[2025-05-22T07:45:28.484+0000] {processor.py:914} INFO - Processing file /home/airflow/.local/lib/python3.12/site-packages/airflow/example_dags/tutorial_dag.py for tasks to queue
[2025-05-22T07:45:28.487+0000] {logging_mixin.py:190} INFO - [2025-05-22T07:45:28.486+0000] {dagbag.py:588} INFO - Filling up the DagBag from /home/airflow/.local/lib/python3.12/site-packages/airflow/example_dags/tutorial_dag.py
[2025-05-22T07:45:28.496+0000] {processor.py:925} INFO - DAG(s) 'tutorial_dag' retrieved from /home/airflow/.local/lib/python3.12/site-packages/airflow/example_dags/tutorial_dag.py
[2025-05-22T07:45:28.518+0000] {logging_mixin.py:190} INFO - [2025-05-22T07:45:28.518+0000] {dag.py:3239} INFO - Sync 1 DAGs
[2025-05-22T07:45:28.534+0000] {logging_mixin.py:190} INFO - [2025-05-22T07:45:28.534+0000] {dag.py:4180} INFO - Setting next_dagrun for tutorial_dag to None, run_after=None
[2025-05-22T07:45:28.555+0000] {processor.py:208} INFO - Processing /home/airflow/.local/lib/python3.12/site-packages/airflow/example_dags/tutorial_dag.py took 0.080 seconds
[2025-05-22T07:45:59.373+0000] {processor.py:186} INFO - Started process (PID=1467) to work on /home/airflow/.local/lib/python3.12/site-packages/airflow/example_dags/tutorial_dag.py
[2025-05-22T07:45:59.374+0000] {processor.py:914} INFO - Processing file /home/airflow/.local/lib/python3.12/site-packages/airflow/example_dags/tutorial_dag.py for tasks to queue
[2025-05-22T07:45:59.377+0000] {logging_mixin.py:190} INFO - [2025-05-22T07:45:59.376+0000] {dagbag.py:588} INFO - Filling up the DagBag from /home/airflow/.local/lib/python3.12/site-packages/airflow/example_dags/tutorial_dag.py
[2025-05-22T07:45:59.386+0000] {processor.py:925} INFO - DAG(s) 'tutorial_dag' retrieved from /home/airflow/.local/lib/python3.12/site-packages/airflow/example_dags/tutorial_dag.py
[2025-05-22T07:45:59.412+0000] {logging_mixin.py:190} INFO - [2025-05-22T07:45:59.412+0000] {dag.py:3239} INFO - Sync 1 DAGs
[2025-05-22T07:45:59.428+0000] {logging_mixin.py:190} INFO - [2025-05-22T07:45:59.427+0000] {dag.py:4180} INFO - Setting next_dagrun for tutorial_dag to None, run_after=None
[2025-05-22T07:45:59.449+0000] {processor.py:208} INFO - Processing /home/airflow/.local/lib/python3.12/site-packages/airflow/example_dags/tutorial_dag.py took 0.082 seconds
[2025-05-22T07:46:30.326+0000] {processor.py:186} INFO - Started process (PID=1535) to work on /home/airflow/.local/lib/python3.12/site-packages/airflow/example_dags/tutorial_dag.py
[2025-05-22T07:46:30.328+0000] {processor.py:914} INFO - Processing file /home/airflow/.local/lib/python3.12/site-packages/airflow/example_dags/tutorial_dag.py for tasks to queue
[2025-05-22T07:46:30.331+0000] {logging_mixin.py:190} INFO - [2025-05-22T07:46:30.331+0000] {dagbag.py:588} INFO - Filling up the DagBag from /home/airflow/.local/lib/python3.12/site-packages/airflow/example_dags/tutorial_dag.py
[2025-05-22T07:46:30.340+0000] {processor.py:925} INFO - DAG(s) 'tutorial_dag' retrieved from /home/airflow/.local/lib/python3.12/site-packages/airflow/example_dags/tutorial_dag.py
[2025-05-22T07:46:30.365+0000] {logging_mixin.py:190} INFO - [2025-05-22T07:46:30.364+0000] {dag.py:3239} INFO - Sync 1 DAGs
[2025-05-22T07:46:30.380+0000] {logging_mixin.py:190} INFO - [2025-05-22T07:46:30.380+0000] {dag.py:4180} INFO - Setting next_dagrun for tutorial_dag to None, run_after=None
[2025-05-22T07:46:30.402+0000] {processor.py:208} INFO - Processing /home/airflow/.local/lib/python3.12/site-packages/airflow/example_dags/tutorial_dag.py took 0.083 seconds
[2025-05-22T07:47:01.071+0000] {processor.py:186} INFO - Started process (PID=1603) to work on /home/airflow/.local/lib/python3.12/site-packages/airflow/example_dags/tutorial_dag.py
[2025-05-22T07:47:01.073+0000] {processor.py:914} INFO - Processing file /home/airflow/.local/lib/python3.12/site-packages/airflow/example_dags/tutorial_dag.py for tasks to queue
[2025-05-22T07:47:01.076+0000] {logging_mixin.py:190} INFO - [2025-05-22T07:47:01.075+0000] {dagbag.py:588} INFO - Filling up the DagBag from /home/airflow/.local/lib/python3.12/site-packages/airflow/example_dags/tutorial_dag.py
[2025-05-22T07:47:01.085+0000] {processor.py:925} INFO - DAG(s) 'tutorial_dag' retrieved from /home/airflow/.local/lib/python3.12/site-packages/airflow/example_dags/tutorial_dag.py
[2025-05-22T07:47:01.108+0000] {logging_mixin.py:190} INFO - [2025-05-22T07:47:01.108+0000] {dag.py:3239} INFO - Sync 1 DAGs
[2025-05-22T07:47:01.123+0000] {logging_mixin.py:190} INFO - [2025-05-22T07:47:01.123+0000] {dag.py:4180} INFO - Setting next_dagrun for tutorial_dag to None, run_after=None
[2025-05-22T07:47:01.144+0000] {processor.py:208} INFO - Processing /home/airflow/.local/lib/python3.12/site-packages/airflow/example_dags/tutorial_dag.py took 0.079 seconds
[2025-05-22T07:47:31.822+0000] {processor.py:186} INFO - Started process (PID=1671) to work on /home/airflow/.local/lib/python3.12/site-packages/airflow/example_dags/tutorial_dag.py
[2025-05-22T07:47:31.823+0000] {processor.py:914} INFO - Processing file /home/airflow/.local/lib/python3.12/site-packages/airflow/example_dags/tutorial_dag.py for tasks to queue
[2025-05-22T07:47:31.825+0000] {logging_mixin.py:190} INFO - [2025-05-22T07:47:31.825+0000] {dagbag.py:588} INFO - Filling up the DagBag from /home/airflow/.local/lib/python3.12/site-packages/airflow/example_dags/tutorial_dag.py
[2025-05-22T07:47:31.834+0000] {processor.py:925} INFO - DAG(s) 'tutorial_dag' retrieved from /home/airflow/.local/lib/python3.12/site-packages/airflow/example_dags/tutorial_dag.py
[2025-05-22T07:47:31.854+0000] {logging_mixin.py:190} INFO - [2025-05-22T07:47:31.854+0000] {dag.py:3239} INFO - Sync 1 DAGs
[2025-05-22T07:47:31.869+0000] {logging_mixin.py:190} INFO - [2025-05-22T07:47:31.869+0000] {dag.py:4180} INFO - Setting next_dagrun for tutorial_dag to None, run_after=None
[2025-05-22T07:47:31.887+0000] {processor.py:208} INFO - Processing /home/airflow/.local/lib/python3.12/site-packages/airflow/example_dags/tutorial_dag.py took 0.073 seconds
[2025-05-22T07:48:02.183+0000] {processor.py:186} INFO - Started process (PID=1739) to work on /home/airflow/.local/lib/python3.12/site-packages/airflow/example_dags/tutorial_dag.py
[2025-05-22T07:48:02.184+0000] {processor.py:914} INFO - Processing file /home/airflow/.local/lib/python3.12/site-packages/airflow/example_dags/tutorial_dag.py for tasks to queue
[2025-05-22T07:48:02.187+0000] {logging_mixin.py:190} INFO - [2025-05-22T07:48:02.187+0000] {dagbag.py:588} INFO - Filling up the DagBag from /home/airflow/.local/lib/python3.12/site-packages/airflow/example_dags/tutorial_dag.py
[2025-05-22T07:48:02.196+0000] {processor.py:925} INFO - DAG(s) 'tutorial_dag' retrieved from /home/airflow/.local/lib/python3.12/site-packages/airflow/example_dags/tutorial_dag.py
[2025-05-22T07:48:02.217+0000] {logging_mixin.py:190} INFO - [2025-05-22T07:48:02.216+0000] {dag.py:3239} INFO - Sync 1 DAGs
[2025-05-22T07:48:02.232+0000] {logging_mixin.py:190} INFO - [2025-05-22T07:48:02.231+0000] {dag.py:4180} INFO - Setting next_dagrun for tutorial_dag to None, run_after=None
[2025-05-22T07:48:02.253+0000] {processor.py:208} INFO - Processing /home/airflow/.local/lib/python3.12/site-packages/airflow/example_dags/tutorial_dag.py took 0.078 seconds
[2025-05-22T07:48:32.909+0000] {processor.py:186} INFO - Started process (PID=1807) to work on /home/airflow/.local/lib/python3.12/site-packages/airflow/example_dags/tutorial_dag.py
[2025-05-22T07:48:32.911+0000] {processor.py:914} INFO - Processing file /home/airflow/.local/lib/python3.12/site-packages/airflow/example_dags/tutorial_dag.py for tasks to queue
[2025-05-22T07:48:32.913+0000] {logging_mixin.py:190} INFO - [2025-05-22T07:48:32.913+0000] {dagbag.py:588} INFO - Filling up the DagBag from /home/airflow/.local/lib/python3.12/site-packages/airflow/example_dags/tutorial_dag.py
[2025-05-22T07:48:32.922+0000] {processor.py:925} INFO - DAG(s) 'tutorial_dag' retrieved from /home/airflow/.local/lib/python3.12/site-packages/airflow/example_dags/tutorial_dag.py
[2025-05-22T07:48:32.942+0000] {logging_mixin.py:190} INFO - [2025-05-22T07:48:32.942+0000] {dag.py:3239} INFO - Sync 1 DAGs
[2025-05-22T07:48:32.957+0000] {logging_mixin.py:190} INFO - [2025-05-22T07:48:32.957+0000] {dag.py:4180} INFO - Setting next_dagrun for tutorial_dag to None, run_after=None
[2025-05-22T07:48:32.976+0000] {processor.py:208} INFO - Processing /home/airflow/.local/lib/python3.12/site-packages/airflow/example_dags/tutorial_dag.py took 0.074 seconds
[2025-05-22T07:49:03.695+0000] {processor.py:186} INFO - Started process (PID=1875) to work on /home/airflow/.local/lib/python3.12/site-packages/airflow/example_dags/tutorial_dag.py
[2025-05-22T07:49:03.696+0000] {processor.py:914} INFO - Processing file /home/airflow/.local/lib/python3.12/site-packages/airflow/example_dags/tutorial_dag.py for tasks to queue
[2025-05-22T07:49:03.699+0000] {logging_mixin.py:190} INFO - [2025-05-22T07:49:03.699+0000] {dagbag.py:588} INFO - Filling up the DagBag from /home/airflow/.local/lib/python3.12/site-packages/airflow/example_dags/tutorial_dag.py
[2025-05-22T07:49:03.707+0000] {processor.py:925} INFO - DAG(s) 'tutorial_dag' retrieved from /home/airflow/.local/lib/python3.12/site-packages/airflow/example_dags/tutorial_dag.py
[2025-05-22T07:49:03.728+0000] {logging_mixin.py:190} INFO - [2025-05-22T07:49:03.727+0000] {dag.py:3239} INFO - Sync 1 DAGs
[2025-05-22T07:49:03.743+0000] {logging_mixin.py:190} INFO - [2025-05-22T07:49:03.742+0000] {dag.py:4180} INFO - Setting next_dagrun for tutorial_dag to None, run_after=None
[2025-05-22T07:49:03.762+0000] {processor.py:208} INFO - Processing /home/airflow/.local/lib/python3.12/site-packages/airflow/example_dags/tutorial_dag.py took 0.074 seconds
[2025-05-22T07:49:33.849+0000] {processor.py:186} INFO - Started process (PID=1943) to work on /home/airflow/.local/lib/python3.12/site-packages/airflow/example_dags/tutorial_dag.py
[2025-05-22T07:49:33.850+0000] {processor.py:914} INFO - Processing file /home/airflow/.local/lib/python3.12/site-packages/airflow/example_dags/tutorial_dag.py for tasks to queue
[2025-05-22T07:49:33.853+0000] {logging_mixin.py:190} INFO - [2025-05-22T07:49:33.853+0000] {dagbag.py:588} INFO - Filling up the DagBag from /home/airflow/.local/lib/python3.12/site-packages/airflow/example_dags/tutorial_dag.py
[2025-05-22T07:49:33.861+0000] {processor.py:925} INFO - DAG(s) 'tutorial_dag' retrieved from /home/airflow/.local/lib/python3.12/site-packages/airflow/example_dags/tutorial_dag.py
[2025-05-22T07:49:33.888+0000] {logging_mixin.py:190} INFO - [2025-05-22T07:49:33.888+0000] {dag.py:3239} INFO - Sync 1 DAGs
[2025-05-22T07:49:33.905+0000] {logging_mixin.py:190} INFO - [2025-05-22T07:49:33.905+0000] {dag.py:4180} INFO - Setting next_dagrun for tutorial_dag to None, run_after=None
[2025-05-22T07:49:33.925+0000] {processor.py:208} INFO - Processing /home/airflow/.local/lib/python3.12/site-packages/airflow/example_dags/tutorial_dag.py took 0.083 seconds
[2025-05-22T07:50:04.138+0000] {processor.py:186} INFO - Started process (PID=2011) to work on /home/airflow/.local/lib/python3.12/site-packages/airflow/example_dags/tutorial_dag.py
[2025-05-22T07:50:04.139+0000] {processor.py:914} INFO - Processing file /home/airflow/.local/lib/python3.12/site-packages/airflow/example_dags/tutorial_dag.py for tasks to queue
[2025-05-22T07:50:04.142+0000] {logging_mixin.py:190} INFO - [2025-05-22T07:50:04.141+0000] {dagbag.py:588} INFO - Filling up the DagBag from /home/airflow/.local/lib/python3.12/site-packages/airflow/example_dags/tutorial_dag.py
[2025-05-22T07:50:04.150+0000] {processor.py:925} INFO - DAG(s) 'tutorial_dag' retrieved from /home/airflow/.local/lib/python3.12/site-packages/airflow/example_dags/tutorial_dag.py
[2025-05-22T07:50:04.175+0000] {logging_mixin.py:190} INFO - [2025-05-22T07:50:04.175+0000] {dag.py:3239} INFO - Sync 1 DAGs
[2025-05-22T07:50:04.191+0000] {logging_mixin.py:190} INFO - [2025-05-22T07:50:04.191+0000] {dag.py:4180} INFO - Setting next_dagrun for tutorial_dag to None, run_after=None
[2025-05-22T07:50:04.210+0000] {processor.py:208} INFO - Processing /home/airflow/.local/lib/python3.12/site-packages/airflow/example_dags/tutorial_dag.py took 0.078 seconds
[2025-05-22T07:50:34.414+0000] {processor.py:186} INFO - Started process (PID=2079) to work on /home/airflow/.local/lib/python3.12/site-packages/airflow/example_dags/tutorial_dag.py
[2025-05-22T07:50:34.415+0000] {processor.py:914} INFO - Processing file /home/airflow/.local/lib/python3.12/site-packages/airflow/example_dags/tutorial_dag.py for tasks to queue
[2025-05-22T07:50:34.418+0000] {logging_mixin.py:190} INFO - [2025-05-22T07:50:34.418+0000] {dagbag.py:588} INFO - Filling up the DagBag from /home/airflow/.local/lib/python3.12/site-packages/airflow/example_dags/tutorial_dag.py
[2025-05-22T07:50:34.430+0000] {processor.py:925} INFO - DAG(s) 'tutorial_dag' retrieved from /home/airflow/.local/lib/python3.12/site-packages/airflow/example_dags/tutorial_dag.py
[2025-05-22T07:50:34.450+0000] {logging_mixin.py:190} INFO - [2025-05-22T07:50:34.450+0000] {dag.py:3239} INFO - Sync 1 DAGs
[2025-05-22T07:50:34.466+0000] {logging_mixin.py:190} INFO - [2025-05-22T07:50:34.466+0000] {dag.py:4180} INFO - Setting next_dagrun for tutorial_dag to None, run_after=None
[2025-05-22T07:50:34.488+0000] {processor.py:208} INFO - Processing /home/airflow/.local/lib/python3.12/site-packages/airflow/example_dags/tutorial_dag.py took 0.081 seconds
[2025-05-22T07:51:05.346+0000] {processor.py:186} INFO - Started process (PID=2147) to work on /home/airflow/.local/lib/python3.12/site-packages/airflow/example_dags/tutorial_dag.py
[2025-05-22T07:51:05.347+0000] {processor.py:914} INFO - Processing file /home/airflow/.local/lib/python3.12/site-packages/airflow/example_dags/tutorial_dag.py for tasks to queue
[2025-05-22T07:51:05.350+0000] {logging_mixin.py:190} INFO - [2025-05-22T07:51:05.350+0000] {dagbag.py:588} INFO - Filling up the DagBag from /home/airflow/.local/lib/python3.12/site-packages/airflow/example_dags/tutorial_dag.py
[2025-05-22T07:51:05.359+0000] {processor.py:925} INFO - DAG(s) 'tutorial_dag' retrieved from /home/airflow/.local/lib/python3.12/site-packages/airflow/example_dags/tutorial_dag.py
[2025-05-22T07:51:05.381+0000] {logging_mixin.py:190} INFO - [2025-05-22T07:51:05.380+0000] {dag.py:3239} INFO - Sync 1 DAGs
[2025-05-22T07:51:05.396+0000] {logging_mixin.py:190} INFO - [2025-05-22T07:51:05.396+0000] {dag.py:4180} INFO - Setting next_dagrun for tutorial_dag to None, run_after=None
[2025-05-22T07:51:05.414+0000] {processor.py:208} INFO - Processing /home/airflow/.local/lib/python3.12/site-packages/airflow/example_dags/tutorial_dag.py took 0.074 seconds
[2025-05-22T07:51:35.663+0000] {processor.py:186} INFO - Started process (PID=2215) to work on /home/airflow/.local/lib/python3.12/site-packages/airflow/example_dags/tutorial_dag.py
[2025-05-22T07:51:35.664+0000] {processor.py:914} INFO - Processing file /home/airflow/.local/lib/python3.12/site-packages/airflow/example_dags/tutorial_dag.py for tasks to queue
[2025-05-22T07:51:35.669+0000] {logging_mixin.py:190} INFO - [2025-05-22T07:51:35.669+0000] {dagbag.py:588} INFO - Filling up the DagBag from /home/airflow/.local/lib/python3.12/site-packages/airflow/example_dags/tutorial_dag.py
[2025-05-22T07:51:35.680+0000] {processor.py:925} INFO - DAG(s) 'tutorial_dag' retrieved from /home/airflow/.local/lib/python3.12/site-packages/airflow/example_dags/tutorial_dag.py
[2025-05-22T07:51:35.699+0000] {logging_mixin.py:190} INFO - [2025-05-22T07:51:35.699+0000] {dag.py:3239} INFO - Sync 1 DAGs
[2025-05-22T07:51:35.714+0000] {logging_mixin.py:190} INFO - [2025-05-22T07:51:35.714+0000] {dag.py:4180} INFO - Setting next_dagrun for tutorial_dag to None, run_after=None
[2025-05-22T07:51:35.737+0000] {processor.py:208} INFO - Processing /home/airflow/.local/lib/python3.12/site-packages/airflow/example_dags/tutorial_dag.py took 0.080 seconds
[2025-05-22T07:52:05.793+0000] {processor.py:186} INFO - Started process (PID=2283) to work on /home/airflow/.local/lib/python3.12/site-packages/airflow/example_dags/tutorial_dag.py
[2025-05-22T07:52:05.794+0000] {processor.py:914} INFO - Processing file /home/airflow/.local/lib/python3.12/site-packages/airflow/example_dags/tutorial_dag.py for tasks to queue
[2025-05-22T07:52:05.797+0000] {logging_mixin.py:190} INFO - [2025-05-22T07:52:05.796+0000] {dagbag.py:588} INFO - Filling up the DagBag from /home/airflow/.local/lib/python3.12/site-packages/airflow/example_dags/tutorial_dag.py
[2025-05-22T07:52:05.806+0000] {processor.py:925} INFO - DAG(s) 'tutorial_dag' retrieved from /home/airflow/.local/lib/python3.12/site-packages/airflow/example_dags/tutorial_dag.py
[2025-05-22T07:52:05.828+0000] {logging_mixin.py:190} INFO - [2025-05-22T07:52:05.828+0000] {dag.py:3239} INFO - Sync 1 DAGs
[2025-05-22T07:52:05.844+0000] {logging_mixin.py:190} INFO - [2025-05-22T07:52:05.844+0000] {dag.py:4180} INFO - Setting next_dagrun for tutorial_dag to None, run_after=None
[2025-05-22T07:52:05.866+0000] {processor.py:208} INFO - Processing /home/airflow/.local/lib/python3.12/site-packages/airflow/example_dags/tutorial_dag.py took 0.080 seconds
[2025-05-22T07:52:36.278+0000] {processor.py:186} INFO - Started process (PID=2351) to work on /home/airflow/.local/lib/python3.12/site-packages/airflow/example_dags/tutorial_dag.py
[2025-05-22T07:52:36.280+0000] {processor.py:914} INFO - Processing file /home/airflow/.local/lib/python3.12/site-packages/airflow/example_dags/tutorial_dag.py for tasks to queue
[2025-05-22T07:52:36.283+0000] {logging_mixin.py:190} INFO - [2025-05-22T07:52:36.282+0000] {dagbag.py:588} INFO - Filling up the DagBag from /home/airflow/.local/lib/python3.12/site-packages/airflow/example_dags/tutorial_dag.py
[2025-05-22T07:52:36.292+0000] {processor.py:925} INFO - DAG(s) 'tutorial_dag' retrieved from /home/airflow/.local/lib/python3.12/site-packages/airflow/example_dags/tutorial_dag.py
[2025-05-22T07:52:36.320+0000] {logging_mixin.py:190} INFO - [2025-05-22T07:52:36.319+0000] {dag.py:3239} INFO - Sync 1 DAGs
[2025-05-22T07:52:36.335+0000] {logging_mixin.py:190} INFO - [2025-05-22T07:52:36.335+0000] {dag.py:4180} INFO - Setting next_dagrun for tutorial_dag to None, run_after=None
[2025-05-22T07:52:36.356+0000] {processor.py:208} INFO - Processing /home/airflow/.local/lib/python3.12/site-packages/airflow/example_dags/tutorial_dag.py took 0.087 seconds
[2025-05-22T07:53:06.716+0000] {processor.py:186} INFO - Started process (PID=2419) to work on /home/airflow/.local/lib/python3.12/site-packages/airflow/example_dags/tutorial_dag.py
[2025-05-22T07:53:06.717+0000] {processor.py:914} INFO - Processing file /home/airflow/.local/lib/python3.12/site-packages/airflow/example_dags/tutorial_dag.py for tasks to queue
[2025-05-22T07:53:06.720+0000] {logging_mixin.py:190} INFO - [2025-05-22T07:53:06.720+0000] {dagbag.py:588} INFO - Filling up the DagBag from /home/airflow/.local/lib/python3.12/site-packages/airflow/example_dags/tutorial_dag.py
[2025-05-22T07:53:06.728+0000] {processor.py:925} INFO - DAG(s) 'tutorial_dag' retrieved from /home/airflow/.local/lib/python3.12/site-packages/airflow/example_dags/tutorial_dag.py
[2025-05-22T07:53:06.748+0000] {logging_mixin.py:190} INFO - [2025-05-22T07:53:06.748+0000] {dag.py:3239} INFO - Sync 1 DAGs
[2025-05-22T07:53:06.763+0000] {logging_mixin.py:190} INFO - [2025-05-22T07:53:06.763+0000] {dag.py:4180} INFO - Setting next_dagrun for tutorial_dag to None, run_after=None
[2025-05-22T07:53:06.783+0000] {processor.py:208} INFO - Processing /home/airflow/.local/lib/python3.12/site-packages/airflow/example_dags/tutorial_dag.py took 0.074 seconds
[2025-05-22T07:53:36.942+0000] {processor.py:186} INFO - Started process (PID=2487) to work on /home/airflow/.local/lib/python3.12/site-packages/airflow/example_dags/tutorial_dag.py
[2025-05-22T07:53:36.943+0000] {processor.py:914} INFO - Processing file /home/airflow/.local/lib/python3.12/site-packages/airflow/example_dags/tutorial_dag.py for tasks to queue
[2025-05-22T07:53:36.946+0000] {logging_mixin.py:190} INFO - [2025-05-22T07:53:36.946+0000] {dagbag.py:588} INFO - Filling up the DagBag from /home/airflow/.local/lib/python3.12/site-packages/airflow/example_dags/tutorial_dag.py
[2025-05-22T07:53:36.955+0000] {processor.py:925} INFO - DAG(s) 'tutorial_dag' retrieved from /home/airflow/.local/lib/python3.12/site-packages/airflow/example_dags/tutorial_dag.py
[2025-05-22T07:53:36.983+0000] {logging_mixin.py:190} INFO - [2025-05-22T07:53:36.982+0000] {dag.py:3239} INFO - Sync 1 DAGs
[2025-05-22T07:53:37.004+0000] {logging_mixin.py:190} INFO - [2025-05-22T07:53:37.003+0000] {dag.py:4180} INFO - Setting next_dagrun for tutorial_dag to None, run_after=None
[2025-05-22T07:53:37.024+0000] {processor.py:208} INFO - Processing /home/airflow/.local/lib/python3.12/site-packages/airflow/example_dags/tutorial_dag.py took 0.089 seconds
[2025-05-22T07:54:07.333+0000] {processor.py:186} INFO - Started process (PID=2555) to work on /home/airflow/.local/lib/python3.12/site-packages/airflow/example_dags/tutorial_dag.py
[2025-05-22T07:54:07.335+0000] {processor.py:914} INFO - Processing file /home/airflow/.local/lib/python3.12/site-packages/airflow/example_dags/tutorial_dag.py for tasks to queue
[2025-05-22T07:54:07.337+0000] {logging_mixin.py:190} INFO - [2025-05-22T07:54:07.337+0000] {dagbag.py:588} INFO - Filling up the DagBag from /home/airflow/.local/lib/python3.12/site-packages/airflow/example_dags/tutorial_dag.py
[2025-05-22T07:54:07.347+0000] {processor.py:925} INFO - DAG(s) 'tutorial_dag' retrieved from /home/airflow/.local/lib/python3.12/site-packages/airflow/example_dags/tutorial_dag.py
[2025-05-22T07:54:07.372+0000] {logging_mixin.py:190} INFO - [2025-05-22T07:54:07.372+0000] {dag.py:3239} INFO - Sync 1 DAGs
[2025-05-22T07:54:07.389+0000] {logging_mixin.py:190} INFO - [2025-05-22T07:54:07.389+0000] {dag.py:4180} INFO - Setting next_dagrun for tutorial_dag to None, run_after=None
[2025-05-22T07:54:07.411+0000] {processor.py:208} INFO - Processing /home/airflow/.local/lib/python3.12/site-packages/airflow/example_dags/tutorial_dag.py took 0.086 seconds
[2025-05-22T07:54:37.760+0000] {processor.py:186} INFO - Started process (PID=2623) to work on /home/airflow/.local/lib/python3.12/site-packages/airflow/example_dags/tutorial_dag.py
[2025-05-22T07:54:37.761+0000] {processor.py:914} INFO - Processing file /home/airflow/.local/lib/python3.12/site-packages/airflow/example_dags/tutorial_dag.py for tasks to queue
[2025-05-22T07:54:37.764+0000] {logging_mixin.py:190} INFO - [2025-05-22T07:54:37.763+0000] {dagbag.py:588} INFO - Filling up the DagBag from /home/airflow/.local/lib/python3.12/site-packages/airflow/example_dags/tutorial_dag.py
[2025-05-22T07:54:37.775+0000] {processor.py:925} INFO - DAG(s) 'tutorial_dag' retrieved from /home/airflow/.local/lib/python3.12/site-packages/airflow/example_dags/tutorial_dag.py
[2025-05-22T07:54:37.797+0000] {logging_mixin.py:190} INFO - [2025-05-22T07:54:37.796+0000] {dag.py:3239} INFO - Sync 1 DAGs
[2025-05-22T07:54:37.816+0000] {logging_mixin.py:190} INFO - [2025-05-22T07:54:37.816+0000] {dag.py:4180} INFO - Setting next_dagrun for tutorial_dag to None, run_after=None
[2025-05-22T07:54:37.842+0000] {processor.py:208} INFO - Processing /home/airflow/.local/lib/python3.12/site-packages/airflow/example_dags/tutorial_dag.py took 0.089 seconds
[2025-05-22T07:55:08.557+0000] {processor.py:186} INFO - Started process (PID=2690) to work on /home/airflow/.local/lib/python3.12/site-packages/airflow/example_dags/tutorial_dag.py
[2025-05-22T07:55:08.558+0000] {processor.py:914} INFO - Processing file /home/airflow/.local/lib/python3.12/site-packages/airflow/example_dags/tutorial_dag.py for tasks to queue
[2025-05-22T07:55:08.561+0000] {logging_mixin.py:190} INFO - [2025-05-22T07:55:08.561+0000] {dagbag.py:588} INFO - Filling up the DagBag from /home/airflow/.local/lib/python3.12/site-packages/airflow/example_dags/tutorial_dag.py
[2025-05-22T07:55:08.572+0000] {processor.py:925} INFO - DAG(s) 'tutorial_dag' retrieved from /home/airflow/.local/lib/python3.12/site-packages/airflow/example_dags/tutorial_dag.py
[2025-05-22T07:55:08.598+0000] {logging_mixin.py:190} INFO - [2025-05-22T07:55:08.598+0000] {dag.py:3239} INFO - Sync 1 DAGs
[2025-05-22T07:55:08.616+0000] {logging_mixin.py:190} INFO - [2025-05-22T07:55:08.616+0000] {dag.py:4180} INFO - Setting next_dagrun for tutorial_dag to None, run_after=None
[2025-05-22T07:55:08.648+0000] {processor.py:208} INFO - Processing /home/airflow/.local/lib/python3.12/site-packages/airflow/example_dags/tutorial_dag.py took 0.098 seconds
[2025-05-22T07:55:39.379+0000] {processor.py:186} INFO - Started process (PID=2758) to work on /home/airflow/.local/lib/python3.12/site-packages/airflow/example_dags/tutorial_dag.py
[2025-05-22T07:55:39.380+0000] {processor.py:914} INFO - Processing file /home/airflow/.local/lib/python3.12/site-packages/airflow/example_dags/tutorial_dag.py for tasks to queue
[2025-05-22T07:55:39.383+0000] {logging_mixin.py:190} INFO - [2025-05-22T07:55:39.383+0000] {dagbag.py:588} INFO - Filling up the DagBag from /home/airflow/.local/lib/python3.12/site-packages/airflow/example_dags/tutorial_dag.py
[2025-05-22T07:55:39.392+0000] {processor.py:925} INFO - DAG(s) 'tutorial_dag' retrieved from /home/airflow/.local/lib/python3.12/site-packages/airflow/example_dags/tutorial_dag.py
[2025-05-22T07:55:39.412+0000] {logging_mixin.py:190} INFO - [2025-05-22T07:55:39.412+0000] {dag.py:3239} INFO - Sync 1 DAGs
[2025-05-22T07:55:39.428+0000] {logging_mixin.py:190} INFO - [2025-05-22T07:55:39.428+0000] {dag.py:4180} INFO - Setting next_dagrun for tutorial_dag to None, run_after=None
[2025-05-22T07:55:39.625+0000] {processor.py:208} INFO - Processing /home/airflow/.local/lib/python3.12/site-packages/airflow/example_dags/tutorial_dag.py took 0.252 seconds
[2025-05-22T07:56:09.826+0000] {processor.py:186} INFO - Started process (PID=2826) to work on /home/airflow/.local/lib/python3.12/site-packages/airflow/example_dags/tutorial_dag.py
[2025-05-22T07:56:09.827+0000] {processor.py:914} INFO - Processing file /home/airflow/.local/lib/python3.12/site-packages/airflow/example_dags/tutorial_dag.py for tasks to queue
[2025-05-22T07:56:09.829+0000] {logging_mixin.py:190} INFO - [2025-05-22T07:56:09.829+0000] {dagbag.py:588} INFO - Filling up the DagBag from /home/airflow/.local/lib/python3.12/site-packages/airflow/example_dags/tutorial_dag.py
[2025-05-22T07:56:09.838+0000] {processor.py:925} INFO - DAG(s) 'tutorial_dag' retrieved from /home/airflow/.local/lib/python3.12/site-packages/airflow/example_dags/tutorial_dag.py
[2025-05-22T07:56:09.860+0000] {logging_mixin.py:190} INFO - [2025-05-22T07:56:09.860+0000] {dag.py:3239} INFO - Sync 1 DAGs
[2025-05-22T07:56:09.877+0000] {logging_mixin.py:190} INFO - [2025-05-22T07:56:09.877+0000] {dag.py:4180} INFO - Setting next_dagrun for tutorial_dag to None, run_after=None
[2025-05-22T07:56:09.897+0000] {processor.py:208} INFO - Processing /home/airflow/.local/lib/python3.12/site-packages/airflow/example_dags/tutorial_dag.py took 0.078 seconds
[2025-05-22T07:56:40.456+0000] {processor.py:186} INFO - Started process (PID=2894) to work on /home/airflow/.local/lib/python3.12/site-packages/airflow/example_dags/tutorial_dag.py
[2025-05-22T07:56:40.457+0000] {processor.py:914} INFO - Processing file /home/airflow/.local/lib/python3.12/site-packages/airflow/example_dags/tutorial_dag.py for tasks to queue
[2025-05-22T07:56:40.460+0000] {logging_mixin.py:190} INFO - [2025-05-22T07:56:40.460+0000] {dagbag.py:588} INFO - Filling up the DagBag from /home/airflow/.local/lib/python3.12/site-packages/airflow/example_dags/tutorial_dag.py
[2025-05-22T07:56:40.468+0000] {processor.py:925} INFO - DAG(s) 'tutorial_dag' retrieved from /home/airflow/.local/lib/python3.12/site-packages/airflow/example_dags/tutorial_dag.py
[2025-05-22T07:56:40.488+0000] {logging_mixin.py:190} INFO - [2025-05-22T07:56:40.487+0000] {dag.py:3239} INFO - Sync 1 DAGs
[2025-05-22T07:56:40.503+0000] {logging_mixin.py:190} INFO - [2025-05-22T07:56:40.502+0000] {dag.py:4180} INFO - Setting next_dagrun for tutorial_dag to None, run_after=None
[2025-05-22T07:56:40.526+0000] {processor.py:208} INFO - Processing /home/airflow/.local/lib/python3.12/site-packages/airflow/example_dags/tutorial_dag.py took 0.077 seconds
[2025-05-22T07:57:10.933+0000] {processor.py:186} INFO - Started process (PID=2962) to work on /home/airflow/.local/lib/python3.12/site-packages/airflow/example_dags/tutorial_dag.py
[2025-05-22T07:57:10.934+0000] {processor.py:914} INFO - Processing file /home/airflow/.local/lib/python3.12/site-packages/airflow/example_dags/tutorial_dag.py for tasks to queue
[2025-05-22T07:57:10.937+0000] {logging_mixin.py:190} INFO - [2025-05-22T07:57:10.937+0000] {dagbag.py:588} INFO - Filling up the DagBag from /home/airflow/.local/lib/python3.12/site-packages/airflow/example_dags/tutorial_dag.py
[2025-05-22T07:57:10.946+0000] {processor.py:925} INFO - DAG(s) 'tutorial_dag' retrieved from /home/airflow/.local/lib/python3.12/site-packages/airflow/example_dags/tutorial_dag.py
[2025-05-22T07:57:10.967+0000] {logging_mixin.py:190} INFO - [2025-05-22T07:57:10.967+0000] {dag.py:3239} INFO - Sync 1 DAGs
[2025-05-22T07:57:10.982+0000] {logging_mixin.py:190} INFO - [2025-05-22T07:57:10.982+0000] {dag.py:4180} INFO - Setting next_dagrun for tutorial_dag to None, run_after=None
[2025-05-22T07:57:11.001+0000] {processor.py:208} INFO - Processing /home/airflow/.local/lib/python3.12/site-packages/airflow/example_dags/tutorial_dag.py took 0.075 seconds
[2025-05-22T07:57:42.336+0000] {processor.py:186} INFO - Started process (PID=3030) to work on /home/airflow/.local/lib/python3.12/site-packages/airflow/example_dags/tutorial_dag.py
[2025-05-22T07:57:42.339+0000] {processor.py:914} INFO - Processing file /home/airflow/.local/lib/python3.12/site-packages/airflow/example_dags/tutorial_dag.py for tasks to queue
[2025-05-22T07:57:42.342+0000] {logging_mixin.py:190} INFO - [2025-05-22T07:57:42.342+0000] {dagbag.py:588} INFO - Filling up the DagBag from /home/airflow/.local/lib/python3.12/site-packages/airflow/example_dags/tutorial_dag.py
[2025-05-22T07:57:42.350+0000] {processor.py:925} INFO - DAG(s) 'tutorial_dag' retrieved from /home/airflow/.local/lib/python3.12/site-packages/airflow/example_dags/tutorial_dag.py
[2025-05-22T07:57:42.374+0000] {logging_mixin.py:190} INFO - [2025-05-22T07:57:42.374+0000] {dag.py:3239} INFO - Sync 1 DAGs
[2025-05-22T07:57:42.581+0000] {logging_mixin.py:190} INFO - [2025-05-22T07:57:42.581+0000] {dag.py:4180} INFO - Setting next_dagrun for tutorial_dag to None, run_after=None
[2025-05-22T07:57:42.604+0000] {processor.py:208} INFO - Processing /home/airflow/.local/lib/python3.12/site-packages/airflow/example_dags/tutorial_dag.py took 0.274 seconds
[2025-05-22T07:58:12.972+0000] {processor.py:186} INFO - Started process (PID=3098) to work on /home/airflow/.local/lib/python3.12/site-packages/airflow/example_dags/tutorial_dag.py
[2025-05-22T07:58:12.973+0000] {processor.py:914} INFO - Processing file /home/airflow/.local/lib/python3.12/site-packages/airflow/example_dags/tutorial_dag.py for tasks to queue
[2025-05-22T07:58:12.976+0000] {logging_mixin.py:190} INFO - [2025-05-22T07:58:12.975+0000] {dagbag.py:588} INFO - Filling up the DagBag from /home/airflow/.local/lib/python3.12/site-packages/airflow/example_dags/tutorial_dag.py
[2025-05-22T07:58:12.985+0000] {processor.py:925} INFO - DAG(s) 'tutorial_dag' retrieved from /home/airflow/.local/lib/python3.12/site-packages/airflow/example_dags/tutorial_dag.py
[2025-05-22T07:58:13.008+0000] {logging_mixin.py:190} INFO - [2025-05-22T07:58:13.007+0000] {dag.py:3239} INFO - Sync 1 DAGs
[2025-05-22T07:58:13.220+0000] {logging_mixin.py:190} INFO - [2025-05-22T07:58:13.220+0000] {dag.py:4180} INFO - Setting next_dagrun for tutorial_dag to None, run_after=None
[2025-05-22T07:58:13.241+0000] {processor.py:208} INFO - Processing /home/airflow/.local/lib/python3.12/site-packages/airflow/example_dags/tutorial_dag.py took 0.276 seconds
[2025-05-22T07:58:43.792+0000] {processor.py:186} INFO - Started process (PID=3172) to work on /home/airflow/.local/lib/python3.12/site-packages/airflow/example_dags/tutorial_dag.py
[2025-05-22T07:58:43.794+0000] {processor.py:914} INFO - Processing file /home/airflow/.local/lib/python3.12/site-packages/airflow/example_dags/tutorial_dag.py for tasks to queue
[2025-05-22T07:58:43.800+0000] {logging_mixin.py:190} INFO - [2025-05-22T07:58:43.799+0000] {dagbag.py:588} INFO - Filling up the DagBag from /home/airflow/.local/lib/python3.12/site-packages/airflow/example_dags/tutorial_dag.py
[2025-05-22T07:58:43.809+0000] {processor.py:925} INFO - DAG(s) 'tutorial_dag' retrieved from /home/airflow/.local/lib/python3.12/site-packages/airflow/example_dags/tutorial_dag.py
[2025-05-22T07:58:43.829+0000] {logging_mixin.py:190} INFO - [2025-05-22T07:58:43.829+0000] {dag.py:3239} INFO - Sync 1 DAGs
[2025-05-22T07:58:43.846+0000] {logging_mixin.py:190} INFO - [2025-05-22T07:58:43.845+0000] {dag.py:4180} INFO - Setting next_dagrun for tutorial_dag to None, run_after=None
[2025-05-22T07:58:43.866+0000] {processor.py:208} INFO - Processing /home/airflow/.local/lib/python3.12/site-packages/airflow/example_dags/tutorial_dag.py took 0.080 seconds
[2025-05-22T07:59:14.237+0000] {processor.py:186} INFO - Started process (PID=3240) to work on /home/airflow/.local/lib/python3.12/site-packages/airflow/example_dags/tutorial_dag.py
[2025-05-22T07:59:14.239+0000] {processor.py:914} INFO - Processing file /home/airflow/.local/lib/python3.12/site-packages/airflow/example_dags/tutorial_dag.py for tasks to queue
[2025-05-22T07:59:14.243+0000] {logging_mixin.py:190} INFO - [2025-05-22T07:59:14.242+0000] {dagbag.py:588} INFO - Filling up the DagBag from /home/airflow/.local/lib/python3.12/site-packages/airflow/example_dags/tutorial_dag.py
[2025-05-22T07:59:14.257+0000] {processor.py:925} INFO - DAG(s) 'tutorial_dag' retrieved from /home/airflow/.local/lib/python3.12/site-packages/airflow/example_dags/tutorial_dag.py
[2025-05-22T07:59:14.282+0000] {logging_mixin.py:190} INFO - [2025-05-22T07:59:14.282+0000] {dag.py:3239} INFO - Sync 1 DAGs
[2025-05-22T07:59:14.298+0000] {logging_mixin.py:190} INFO - [2025-05-22T07:59:14.297+0000] {dag.py:4180} INFO - Setting next_dagrun for tutorial_dag to None, run_after=None
[2025-05-22T07:59:14.321+0000] {processor.py:208} INFO - Processing /home/airflow/.local/lib/python3.12/site-packages/airflow/example_dags/tutorial_dag.py took 0.092 seconds
[2025-05-22T07:59:44.831+0000] {processor.py:186} INFO - Started process (PID=3308) to work on /home/airflow/.local/lib/python3.12/site-packages/airflow/example_dags/tutorial_dag.py
[2025-05-22T07:59:44.832+0000] {processor.py:914} INFO - Processing file /home/airflow/.local/lib/python3.12/site-packages/airflow/example_dags/tutorial_dag.py for tasks to queue
[2025-05-22T07:59:44.835+0000] {logging_mixin.py:190} INFO - [2025-05-22T07:59:44.835+0000] {dagbag.py:588} INFO - Filling up the DagBag from /home/airflow/.local/lib/python3.12/site-packages/airflow/example_dags/tutorial_dag.py
[2025-05-22T07:59:44.844+0000] {processor.py:925} INFO - DAG(s) 'tutorial_dag' retrieved from /home/airflow/.local/lib/python3.12/site-packages/airflow/example_dags/tutorial_dag.py
[2025-05-22T07:59:44.866+0000] {logging_mixin.py:190} INFO - [2025-05-22T07:59:44.866+0000] {dag.py:3239} INFO - Sync 1 DAGs
[2025-05-22T07:59:44.881+0000] {logging_mixin.py:190} INFO - [2025-05-22T07:59:44.880+0000] {dag.py:4180} INFO - Setting next_dagrun for tutorial_dag to None, run_after=None
[2025-05-22T07:59:44.899+0000] {processor.py:208} INFO - Processing /home/airflow/.local/lib/python3.12/site-packages/airflow/example_dags/tutorial_dag.py took 0.075 seconds
[2025-05-22T08:00:15.386+0000] {processor.py:186} INFO - Started process (PID=3376) to work on /home/airflow/.local/lib/python3.12/site-packages/airflow/example_dags/tutorial_dag.py
[2025-05-22T08:00:15.387+0000] {processor.py:914} INFO - Processing file /home/airflow/.local/lib/python3.12/site-packages/airflow/example_dags/tutorial_dag.py for tasks to queue
[2025-05-22T08:00:15.389+0000] {logging_mixin.py:190} INFO - [2025-05-22T08:00:15.389+0000] {dagbag.py:588} INFO - Filling up the DagBag from /home/airflow/.local/lib/python3.12/site-packages/airflow/example_dags/tutorial_dag.py
[2025-05-22T08:00:15.400+0000] {processor.py:925} INFO - DAG(s) 'tutorial_dag' retrieved from /home/airflow/.local/lib/python3.12/site-packages/airflow/example_dags/tutorial_dag.py
[2025-05-22T08:00:15.422+0000] {logging_mixin.py:190} INFO - [2025-05-22T08:00:15.422+0000] {dag.py:3239} INFO - Sync 1 DAGs
[2025-05-22T08:00:15.437+0000] {logging_mixin.py:190} INFO - [2025-05-22T08:00:15.437+0000] {dag.py:4180} INFO - Setting next_dagrun for tutorial_dag to None, run_after=None
[2025-05-22T08:00:15.463+0000] {processor.py:208} INFO - Processing /home/airflow/.local/lib/python3.12/site-packages/airflow/example_dags/tutorial_dag.py took 0.084 seconds
[2025-05-22T08:00:46.224+0000] {processor.py:186} INFO - Started process (PID=3444) to work on /home/airflow/.local/lib/python3.12/site-packages/airflow/example_dags/tutorial_dag.py
[2025-05-22T08:00:46.225+0000] {processor.py:914} INFO - Processing file /home/airflow/.local/lib/python3.12/site-packages/airflow/example_dags/tutorial_dag.py for tasks to queue
[2025-05-22T08:00:46.228+0000] {logging_mixin.py:190} INFO - [2025-05-22T08:00:46.228+0000] {dagbag.py:588} INFO - Filling up the DagBag from /home/airflow/.local/lib/python3.12/site-packages/airflow/example_dags/tutorial_dag.py
[2025-05-22T08:00:46.237+0000] {processor.py:925} INFO - DAG(s) 'tutorial_dag' retrieved from /home/airflow/.local/lib/python3.12/site-packages/airflow/example_dags/tutorial_dag.py
[2025-05-22T08:00:46.257+0000] {logging_mixin.py:190} INFO - [2025-05-22T08:00:46.257+0000] {dag.py:3239} INFO - Sync 1 DAGs
[2025-05-22T08:00:46.274+0000] {logging_mixin.py:190} INFO - [2025-05-22T08:00:46.274+0000] {dag.py:4180} INFO - Setting next_dagrun for tutorial_dag to None, run_after=None
[2025-05-22T08:00:46.297+0000] {processor.py:208} INFO - Processing /home/airflow/.local/lib/python3.12/site-packages/airflow/example_dags/tutorial_dag.py took 0.080 seconds
[2025-05-22T08:01:16.979+0000] {processor.py:186} INFO - Started process (PID=3512) to work on /home/airflow/.local/lib/python3.12/site-packages/airflow/example_dags/tutorial_dag.py
[2025-05-22T08:01:16.980+0000] {processor.py:914} INFO - Processing file /home/airflow/.local/lib/python3.12/site-packages/airflow/example_dags/tutorial_dag.py for tasks to queue
[2025-05-22T08:01:16.983+0000] {logging_mixin.py:190} INFO - [2025-05-22T08:01:16.983+0000] {dagbag.py:588} INFO - Filling up the DagBag from /home/airflow/.local/lib/python3.12/site-packages/airflow/example_dags/tutorial_dag.py
[2025-05-22T08:01:16.992+0000] {processor.py:925} INFO - DAG(s) 'tutorial_dag' retrieved from /home/airflow/.local/lib/python3.12/site-packages/airflow/example_dags/tutorial_dag.py
[2025-05-22T08:01:17.012+0000] {logging_mixin.py:190} INFO - [2025-05-22T08:01:17.012+0000] {dag.py:3239} INFO - Sync 1 DAGs
[2025-05-22T08:01:17.027+0000] {logging_mixin.py:190} INFO - [2025-05-22T08:01:17.027+0000] {dag.py:4180} INFO - Setting next_dagrun for tutorial_dag to None, run_after=None
[2025-05-22T08:01:17.046+0000] {processor.py:208} INFO - Processing /home/airflow/.local/lib/python3.12/site-packages/airflow/example_dags/tutorial_dag.py took 0.074 seconds
[2025-05-22T08:01:47.196+0000] {processor.py:186} INFO - Started process (PID=3580) to work on /home/airflow/.local/lib/python3.12/site-packages/airflow/example_dags/tutorial_dag.py
[2025-05-22T08:01:47.197+0000] {processor.py:914} INFO - Processing file /home/airflow/.local/lib/python3.12/site-packages/airflow/example_dags/tutorial_dag.py for tasks to queue
[2025-05-22T08:01:47.203+0000] {logging_mixin.py:190} INFO - [2025-05-22T08:01:47.202+0000] {dagbag.py:588} INFO - Filling up the DagBag from /home/airflow/.local/lib/python3.12/site-packages/airflow/example_dags/tutorial_dag.py
[2025-05-22T08:01:47.214+0000] {processor.py:925} INFO - DAG(s) 'tutorial_dag' retrieved from /home/airflow/.local/lib/python3.12/site-packages/airflow/example_dags/tutorial_dag.py
[2025-05-22T08:01:47.250+0000] {logging_mixin.py:190} INFO - [2025-05-22T08:01:47.250+0000] {dag.py:3239} INFO - Sync 1 DAGs
[2025-05-22T08:01:47.268+0000] {logging_mixin.py:190} INFO - [2025-05-22T08:01:47.267+0000] {dag.py:4180} INFO - Setting next_dagrun for tutorial_dag to None, run_after=None
[2025-05-22T08:01:47.293+0000] {processor.py:208} INFO - Processing /home/airflow/.local/lib/python3.12/site-packages/airflow/example_dags/tutorial_dag.py took 0.104 seconds
