[2025-06-19T10:20:36.299+0000] {local_task_job_runner.py:123} INFO - ::group::Pre task execution logs
[2025-06-19T10:20:36.318+0000] {taskinstance.py:2614} INFO - Dependencies all met for dep_context=non-requeueable deps ti=<TaskInstance: git_clone_and_scp_hello_world.git_clone manual__2025-06-19T10:20:33.663125+00:00 [queued]>
[2025-06-19T10:20:36.328+0000] {taskinstance.py:2614} INFO - Dependencies all met for dep_context=requeueable deps ti=<TaskInstance: git_clone_and_scp_hello_world.git_clone manual__2025-06-19T10:20:33.663125+00:00 [queued]>
[2025-06-19T10:20:36.329+0000] {taskinstance.py:2867} INFO - Starting attempt 1 of 1
[2025-06-19T10:20:36.342+0000] {taskinstance.py:2890} INFO - Executing <Task(BashOperator): git_clone> on 2025-06-19 10:20:33.663125+00:00
[2025-06-19T10:20:36.350+0000] {warnings.py:112} WARNING - /home/***/.local/lib/python3.12/site-packages/***/task/task_runner/standard_task_runner.py:70: DeprecationWarning: This process (pid=1585) is multi-threaded, use of fork() may lead to deadlocks in the child.
  pid = os.fork()

[2025-06-19T10:20:36.352+0000] {standard_task_runner.py:72} INFO - Started process 1592 to run task
[2025-06-19T10:20:36.352+0000] {standard_task_runner.py:104} INFO - Running: ['***', 'tasks', 'run', 'git_clone_and_scp_hello_world', 'git_clone', 'manual__2025-06-19T10:20:33.663125+00:00', '--job-id', '346', '--raw', '--subdir', 'DAGS_FOLDER/test.py', '--cfg-path', '/tmp/tmp35z8yaxk']
[2025-06-19T10:20:36.354+0000] {standard_task_runner.py:105} INFO - Job 346: Subtask git_clone
[2025-06-19T10:20:36.403+0000] {task_command.py:467} INFO - Running <TaskInstance: git_clone_and_scp_hello_world.git_clone manual__2025-06-19T10:20:33.663125+00:00 [running]> on host 9406efa7f156
[2025-06-19T10:20:36.486+0000] {taskinstance.py:3134} INFO - Exporting env vars: AIRFLOW_CTX_DAG_OWNER='***' AIRFLOW_CTX_DAG_ID='git_clone_and_scp_hello_world' AIRFLOW_CTX_TASK_ID='git_clone' AIRFLOW_CTX_EXECUTION_DATE='2025-06-19T10:20:33.663125+00:00' AIRFLOW_CTX_TRY_NUMBER='1' AIRFLOW_CTX_DAG_RUN_ID='manual__2025-06-19T10:20:33.663125+00:00'
[2025-06-19T10:20:36.487+0000] {logging_mixin.py:190} INFO - Task instance is in running state
[2025-06-19T10:20:36.488+0000] {logging_mixin.py:190} INFO -  Previous state of the Task instance: queued
[2025-06-19T10:20:36.488+0000] {logging_mixin.py:190} INFO - Current task name:git_clone state:running start_date:2025-06-19 10:20:36.319295+00:00
[2025-06-19T10:20:36.488+0000] {logging_mixin.py:190} INFO - Dag name:git_clone_and_scp_hello_world and current dag run status:running
[2025-06-19T10:20:36.489+0000] {taskinstance.py:732} INFO - ::endgroup::
[2025-06-19T10:20:36.490+0000] {subprocess.py:78} INFO - Tmp dir root location: /tmp
[2025-06-19T10:20:36.491+0000] {subprocess.py:88} INFO - Running command: ['/usr/bin/bash', '-c', 'git clone https://github.com/motri/hello-world /tmp/repo/']
[2025-06-19T10:20:36.505+0000] {subprocess.py:99} INFO - Output:
[2025-06-19T10:20:36.512+0000] {subprocess.py:106} INFO - Cloning into '/tmp/repo'...
[2025-06-19T10:20:37.420+0000] {subprocess.py:110} INFO - Command exited with return code 0
[2025-06-19T10:20:37.461+0000] {taskinstance.py:341} INFO - ::group::Post task execution logs
[2025-06-19T10:20:37.462+0000] {taskinstance.py:353} INFO - Marking task as SUCCESS. dag_id=git_clone_and_scp_hello_world, task_id=git_clone, run_id=manual__2025-06-19T10:20:33.663125+00:00, execution_date=20250619T102033, start_date=20250619T102036, end_date=20250619T102037
[2025-06-19T10:20:37.500+0000] {logging_mixin.py:190} INFO - Task instance in success state
[2025-06-19T10:20:37.501+0000] {logging_mixin.py:190} INFO -  Previous state of the Task instance: running
[2025-06-19T10:20:37.501+0000] {logging_mixin.py:190} INFO - Dag name:git_clone_and_scp_hello_world queued_at:2025-06-19 10:20:33.680595+00:00
[2025-06-19T10:20:37.502+0000] {logging_mixin.py:190} INFO - Task hostname:9406efa7f156 operator:BashOperator
[2025-06-19T10:20:37.557+0000] {local_task_job_runner.py:266} INFO - Task exited with return code 0
[2025-06-19T10:20:37.624+0000] {taskinstance.py:3901} INFO - 1 downstream tasks scheduled from follow-on schedule check
[2025-06-19T10:20:37.627+0000] {local_task_job_runner.py:245} INFO - ::endgroup::
