[2025-06-11T07:41:39.658+0000] {base.py:84} INFO - Retrieving connection 'hpc_ssh'
[2025-06-11T07:41:39.660+0000] {ssh.py:286} WARNING - No Host Key Verification. This won't protect against Man-In-The-Middle attacks
[2025-06-11T07:41:41.801+0000] {slurm_trigger.py:37} INFO - [SLURM Trigger] sacct output:
State 
---------- 
   PENDING
[2025-06-11T07:41:41.801+0000] {triggerer_job_runner.py:631} INFO - Trigger slurm_async_job/manual__2025-06-11T07:41:34.353800+00:00/submit_slurm/-1/1 (ID 177) fired: TriggerEvent<{'job_id': '17443', 'status': 'PENDING', 'final': False}>
[2025-06-11T07:41:45.810+0000] {base.py:84} INFO - Retrieving connection 'hpc_ssh'
[2025-06-11T07:41:45.810+0000] {ssh.py:286} WARNING - No Host Key Verification. This won't protect against Man-In-The-Middle attacks
[2025-06-11T07:41:47.896+0000] {slurm_trigger.py:37} INFO - [SLURM Trigger] sacct output:
State 
---------- 
   PENDING
[2025-06-11T07:41:47.896+0000] {triggerer_job_runner.py:631} INFO - Trigger slurm_async_job/manual__2025-06-11T07:41:34.353800+00:00/submit_slurm/-1/1 (ID 178) fired: TriggerEvent<{'job_id': '17443', 'status': 'PENDING', 'final': False}>
[2025-06-11T07:41:51.905+0000] {base.py:84} INFO - Retrieving connection 'hpc_ssh'
[2025-06-11T07:41:51.905+0000] {ssh.py:286} WARNING - No Host Key Verification. This won't protect against Man-In-The-Middle attacks
[2025-06-11T07:41:54.052+0000] {slurm_trigger.py:37} INFO - [SLURM Trigger] sacct output:
State 
---------- 
   PENDING
[2025-06-11T07:41:54.052+0000] {triggerer_job_runner.py:631} INFO - Trigger slurm_async_job/manual__2025-06-11T07:41:34.353800+00:00/submit_slurm/-1/1 (ID 179) fired: TriggerEvent<{'job_id': '17443', 'status': 'PENDING', 'final': False}>
[2025-06-11T07:41:57.061+0000] {base.py:84} INFO - Retrieving connection 'hpc_ssh'
[2025-06-11T07:41:57.061+0000] {ssh.py:286} WARNING - No Host Key Verification. This won't protect against Man-In-The-Middle attacks
[2025-06-11T07:41:59.157+0000] {slurm_trigger.py:37} INFO - [SLURM Trigger] sacct output:
State 
---------- 
   PENDING
[2025-06-11T07:41:59.157+0000] {triggerer_job_runner.py:631} INFO - Trigger slurm_async_job/manual__2025-06-11T07:41:34.353800+00:00/submit_slurm/-1/1 (ID 180) fired: TriggerEvent<{'job_id': '17443', 'status': 'PENDING', 'final': False}>
[2025-06-11T07:42:02.169+0000] {base.py:84} INFO - Retrieving connection 'hpc_ssh'
[2025-06-11T07:42:02.169+0000] {ssh.py:286} WARNING - No Host Key Verification. This won't protect against Man-In-The-Middle attacks
[2025-06-11T07:42:04.266+0000] {slurm_trigger.py:37} INFO - [SLURM Trigger] sacct output:
State 
---------- 
   PENDING
[2025-06-11T07:42:04.267+0000] {triggerer_job_runner.py:631} INFO - Trigger slurm_async_job/manual__2025-06-11T07:41:34.353800+00:00/submit_slurm/-1/1 (ID 181) fired: TriggerEvent<{'job_id': '17443', 'status': 'PENDING', 'final': False}>
[2025-06-11T07:42:07.274+0000] {base.py:84} INFO - Retrieving connection 'hpc_ssh'
[2025-06-11T07:42:07.274+0000] {ssh.py:286} WARNING - No Host Key Verification. This won't protect against Man-In-The-Middle attacks
[2025-06-11T07:42:09.377+0000] {slurm_trigger.py:37} INFO - [SLURM Trigger] sacct output:
State 
---------- 
   PENDING
[2025-06-11T07:42:09.377+0000] {triggerer_job_runner.py:631} INFO - Trigger slurm_async_job/manual__2025-06-11T07:41:34.353800+00:00/submit_slurm/-1/1 (ID 182) fired: TriggerEvent<{'job_id': '17443', 'status': 'PENDING', 'final': False}>
[2025-06-11T07:42:12.390+0000] {base.py:84} INFO - Retrieving connection 'hpc_ssh'
[2025-06-11T07:42:12.390+0000] {ssh.py:286} WARNING - No Host Key Verification. This won't protect against Man-In-The-Middle attacks
[2025-06-11T07:42:14.492+0000] {slurm_trigger.py:37} INFO - [SLURM Trigger] sacct output:
State 
---------- 
   PENDING
[2025-06-11T07:42:14.492+0000] {triggerer_job_runner.py:631} INFO - Trigger slurm_async_job/manual__2025-06-11T07:41:34.353800+00:00/submit_slurm/-1/1 (ID 183) fired: TriggerEvent<{'job_id': '17443', 'status': 'PENDING', 'final': False}>
[2025-06-11T07:42:17.504+0000] {base.py:84} INFO - Retrieving connection 'hpc_ssh'
[2025-06-11T07:42:17.505+0000] {ssh.py:286} WARNING - No Host Key Verification. This won't protect against Man-In-The-Middle attacks
[2025-06-11T07:42:19.593+0000] {slurm_trigger.py:37} INFO - [SLURM Trigger] sacct output:
State 
---------- 
   RUNNING 
   RUNNING 
   RUNNING 
   RUNNING
[2025-06-11T07:42:19.593+0000] {triggerer_job_runner.py:631} INFO - Trigger slurm_async_job/manual__2025-06-11T07:41:34.353800+00:00/submit_slurm/-1/1 (ID 184) fired: TriggerEvent<{'job_id': '17443', 'status': 'RUNNING', 'final': False}>
[2025-06-11T07:42:23.602+0000] {base.py:84} INFO - Retrieving connection 'hpc_ssh'
[2025-06-11T07:42:23.603+0000] {ssh.py:286} WARNING - No Host Key Verification. This won't protect against Man-In-The-Middle attacks
[2025-06-11T07:42:25.790+0000] {slurm_trigger.py:37} INFO - [SLURM Trigger] sacct output:
State 
---------- 
   RUNNING 
   RUNNING 
   RUNNING 
   RUNNING
[2025-06-11T07:42:25.790+0000] {triggerer_job_runner.py:631} INFO - Trigger slurm_async_job/manual__2025-06-11T07:41:34.353800+00:00/submit_slurm/-1/1 (ID 185) fired: TriggerEvent<{'job_id': '17443', 'status': 'RUNNING', 'final': False}>
[2025-06-11T07:42:28.797+0000] {base.py:84} INFO - Retrieving connection 'hpc_ssh'
[2025-06-11T07:42:28.797+0000] {ssh.py:286} WARNING - No Host Key Verification. This won't protect against Man-In-The-Middle attacks
[2025-06-11T07:42:31.105+0000] {slurm_trigger.py:37} INFO - [SLURM Trigger] sacct output:
State 
---------- 
   RUNNING 
   RUNNING 
   RUNNING 
   RUNNING
[2025-06-11T07:42:31.105+0000] {triggerer_job_runner.py:631} INFO - Trigger slurm_async_job/manual__2025-06-11T07:41:34.353800+00:00/submit_slurm/-1/1 (ID 186) fired: TriggerEvent<{'job_id': '17443', 'status': 'RUNNING', 'final': False}>
[2025-06-11T07:42:34.111+0000] {base.py:84} INFO - Retrieving connection 'hpc_ssh'
[2025-06-11T07:42:34.112+0000] {ssh.py:286} WARNING - No Host Key Verification. This won't protect against Man-In-The-Middle attacks
[2025-06-11T07:42:36.259+0000] {slurm_trigger.py:37} INFO - [SLURM Trigger] sacct output:
State 
---------- 
   RUNNING 
   RUNNING 
   RUNNING 
   RUNNING
[2025-06-11T07:42:36.260+0000] {triggerer_job_runner.py:631} INFO - Trigger slurm_async_job/manual__2025-06-11T07:41:34.353800+00:00/submit_slurm/-1/1 (ID 187) fired: TriggerEvent<{'job_id': '17443', 'status': 'RUNNING', 'final': False}>
[2025-06-11T07:42:40.270+0000] {base.py:84} INFO - Retrieving connection 'hpc_ssh'
[2025-06-11T07:42:40.270+0000] {ssh.py:286} WARNING - No Host Key Verification. This won't protect against Man-In-The-Middle attacks
[2025-06-11T07:42:42.601+0000] {slurm_trigger.py:37} INFO - [SLURM Trigger] sacct output:
State 
---------- 
   RUNNING 
   RUNNING 
   RUNNING 
   RUNNING
[2025-06-11T07:42:42.601+0000] {triggerer_job_runner.py:631} INFO - Trigger slurm_async_job/manual__2025-06-11T07:41:34.353800+00:00/submit_slurm/-1/1 (ID 188) fired: TriggerEvent<{'job_id': '17443', 'status': 'RUNNING', 'final': False}>
[2025-06-11T07:42:46.611+0000] {base.py:84} INFO - Retrieving connection 'hpc_ssh'
[2025-06-11T07:42:46.612+0000] {ssh.py:286} WARNING - No Host Key Verification. This won't protect against Man-In-The-Middle attacks
[2025-06-11T07:42:48.991+0000] {slurm_trigger.py:37} INFO - [SLURM Trigger] sacct output:
State 
---------- 
   RUNNING 
   RUNNING 
   RUNNING 
   RUNNING
[2025-06-11T07:42:48.991+0000] {triggerer_job_runner.py:631} INFO - Trigger slurm_async_job/manual__2025-06-11T07:41:34.353800+00:00/submit_slurm/-1/1 (ID 189) fired: TriggerEvent<{'job_id': '17443', 'status': 'RUNNING', 'final': False}>
[2025-06-11T07:42:53.004+0000] {base.py:84} INFO - Retrieving connection 'hpc_ssh'
[2025-06-11T07:42:53.005+0000] {ssh.py:286} WARNING - No Host Key Verification. This won't protect against Man-In-The-Middle attacks
[2025-06-11T07:42:55.363+0000] {slurm_trigger.py:37} INFO - [SLURM Trigger] sacct output:
State 
---------- 
   RUNNING 
   RUNNING 
   RUNNING 
   RUNNING
[2025-06-11T07:42:55.363+0000] {triggerer_job_runner.py:631} INFO - Trigger slurm_async_job/manual__2025-06-11T07:41:34.353800+00:00/submit_slurm/-1/1 (ID 190) fired: TriggerEvent<{'job_id': '17443', 'status': 'RUNNING', 'final': False}>
[2025-06-11T07:42:59.371+0000] {base.py:84} INFO - Retrieving connection 'hpc_ssh'
[2025-06-11T07:42:59.372+0000] {ssh.py:286} WARNING - No Host Key Verification. This won't protect against Man-In-The-Middle attacks
[2025-06-11T07:43:01.812+0000] {slurm_trigger.py:37} INFO - [SLURM Trigger] sacct output:
State 
---------- 
   RUNNING 
   RUNNING 
   RUNNING 
   RUNNING
[2025-06-11T07:43:01.812+0000] {triggerer_job_runner.py:631} INFO - Trigger slurm_async_job/manual__2025-06-11T07:41:34.353800+00:00/submit_slurm/-1/1 (ID 191) fired: TriggerEvent<{'job_id': '17443', 'status': 'RUNNING', 'final': False}>
[2025-06-11T07:43:05.827+0000] {base.py:84} INFO - Retrieving connection 'hpc_ssh'
[2025-06-11T07:43:05.829+0000] {ssh.py:286} WARNING - No Host Key Verification. This won't protect against Man-In-The-Middle attacks
[2025-06-11T07:43:08.260+0000] {slurm_trigger.py:37} INFO - [SLURM Trigger] sacct output:
State 
---------- 
   RUNNING 
   RUNNING 
   RUNNING 
   RUNNING
[2025-06-11T07:43:08.260+0000] {triggerer_job_runner.py:631} INFO - Trigger slurm_async_job/manual__2025-06-11T07:41:34.353800+00:00/submit_slurm/-1/1 (ID 192) fired: TriggerEvent<{'job_id': '17443', 'status': 'RUNNING', 'final': False}>
[2025-06-11T07:43:13.274+0000] {base.py:84} INFO - Retrieving connection 'hpc_ssh'
[2025-06-11T07:43:13.275+0000] {ssh.py:286} WARNING - No Host Key Verification. This won't protect against Man-In-The-Middle attacks
[2025-06-11T07:43:15.722+0000] {slurm_trigger.py:37} INFO - [SLURM Trigger] sacct output:
State 
---------- 
   RUNNING 
   RUNNING 
   RUNNING 
   RUNNING
[2025-06-11T07:43:15.722+0000] {triggerer_job_runner.py:631} INFO - Trigger slurm_async_job/manual__2025-06-11T07:41:34.353800+00:00/submit_slurm/-1/1 (ID 193) fired: TriggerEvent<{'job_id': '17443', 'status': 'RUNNING', 'final': False}>
[2025-06-11T07:43:19.737+0000] {base.py:84} INFO - Retrieving connection 'hpc_ssh'
[2025-06-11T07:43:19.737+0000] {ssh.py:286} WARNING - No Host Key Verification. This won't protect against Man-In-The-Middle attacks
[2025-06-11T07:43:22.125+0000] {slurm_trigger.py:37} INFO - [SLURM Trigger] sacct output:
State 
---------- 
   RUNNING 
   RUNNING 
   RUNNING 
   RUNNING
[2025-06-11T07:43:22.125+0000] {triggerer_job_runner.py:631} INFO - Trigger slurm_async_job/manual__2025-06-11T07:41:34.353800+00:00/submit_slurm/-1/1 (ID 194) fired: TriggerEvent<{'job_id': '17443', 'status': 'RUNNING', 'final': False}>
[2025-06-11T07:43:26.136+0000] {base.py:84} INFO - Retrieving connection 'hpc_ssh'
[2025-06-11T07:43:26.136+0000] {ssh.py:286} WARNING - No Host Key Verification. This won't protect against Man-In-The-Middle attacks
[2025-06-11T07:43:28.517+0000] {slurm_trigger.py:37} INFO - [SLURM Trigger] sacct output:
State 
---------- 
   RUNNING 
   RUNNING 
   RUNNING 
   RUNNING
[2025-06-11T07:43:28.517+0000] {triggerer_job_runner.py:631} INFO - Trigger slurm_async_job/manual__2025-06-11T07:41:34.353800+00:00/submit_slurm/-1/1 (ID 195) fired: TriggerEvent<{'job_id': '17443', 'status': 'RUNNING', 'final': False}>
[2025-06-11T07:43:32.526+0000] {base.py:84} INFO - Retrieving connection 'hpc_ssh'
[2025-06-11T07:43:32.526+0000] {ssh.py:286} WARNING - No Host Key Verification. This won't protect against Man-In-The-Middle attacks
[2025-06-11T07:43:34.928+0000] {slurm_trigger.py:37} INFO - [SLURM Trigger] sacct output:
State 
---------- 
   RUNNING 
   RUNNING 
   RUNNING 
   RUNNING
[2025-06-11T07:43:34.928+0000] {triggerer_job_runner.py:631} INFO - Trigger slurm_async_job/manual__2025-06-11T07:41:34.353800+00:00/submit_slurm/-1/1 (ID 196) fired: TriggerEvent<{'job_id': '17443', 'status': 'RUNNING', 'final': False}>
[2025-06-11T07:43:38.943+0000] {base.py:84} INFO - Retrieving connection 'hpc_ssh'
[2025-06-11T07:43:38.945+0000] {ssh.py:286} WARNING - No Host Key Verification. This won't protect against Man-In-The-Middle attacks
[2025-06-11T07:43:41.324+0000] {slurm_trigger.py:37} INFO - [SLURM Trigger] sacct output:
State 
---------- 
   RUNNING 
   RUNNING 
   RUNNING 
   RUNNING
[2025-06-11T07:43:41.324+0000] {triggerer_job_runner.py:631} INFO - Trigger slurm_async_job/manual__2025-06-11T07:41:34.353800+00:00/submit_slurm/-1/1 (ID 197) fired: TriggerEvent<{'job_id': '17443', 'status': 'RUNNING', 'final': False}>
[2025-06-11T07:43:45.339+0000] {base.py:84} INFO - Retrieving connection 'hpc_ssh'
[2025-06-11T07:43:45.340+0000] {ssh.py:286} WARNING - No Host Key Verification. This won't protect against Man-In-The-Middle attacks
[2025-06-11T07:43:47.687+0000] {slurm_trigger.py:37} INFO - [SLURM Trigger] sacct output:
State 
---------- 
   RUNNING 
   RUNNING 
   RUNNING 
   RUNNING
[2025-06-11T07:43:47.687+0000] {triggerer_job_runner.py:631} INFO - Trigger slurm_async_job/manual__2025-06-11T07:41:34.353800+00:00/submit_slurm/-1/1 (ID 198) fired: TriggerEvent<{'job_id': '17443', 'status': 'RUNNING', 'final': False}>
[2025-06-11T07:43:51.697+0000] {base.py:84} INFO - Retrieving connection 'hpc_ssh'
[2025-06-11T07:43:51.697+0000] {ssh.py:286} WARNING - No Host Key Verification. This won't protect against Man-In-The-Middle attacks
[2025-06-11T07:43:54.014+0000] {slurm_trigger.py:37} INFO - [SLURM Trigger] sacct output:
State 
---------- 
   RUNNING 
   RUNNING 
   RUNNING 
   RUNNING
[2025-06-11T07:43:54.015+0000] {triggerer_job_runner.py:631} INFO - Trigger slurm_async_job/manual__2025-06-11T07:41:34.353800+00:00/submit_slurm/-1/1 (ID 199) fired: TriggerEvent<{'job_id': '17443', 'status': 'RUNNING', 'final': False}>
[2025-06-11T07:43:58.023+0000] {base.py:84} INFO - Retrieving connection 'hpc_ssh'
[2025-06-11T07:43:58.024+0000] {ssh.py:286} WARNING - No Host Key Verification. This won't protect against Man-In-The-Middle attacks
[2025-06-11T07:44:00.381+0000] {slurm_trigger.py:37} INFO - [SLURM Trigger] sacct output:
State 
---------- 
   RUNNING 
   RUNNING 
   RUNNING 
   RUNNING
[2025-06-11T07:44:00.381+0000] {triggerer_job_runner.py:631} INFO - Trigger slurm_async_job/manual__2025-06-11T07:41:34.353800+00:00/submit_slurm/-1/1 (ID 200) fired: TriggerEvent<{'job_id': '17443', 'status': 'RUNNING', 'final': False}>
[2025-06-11T07:44:04.395+0000] {base.py:84} INFO - Retrieving connection 'hpc_ssh'
[2025-06-11T07:44:04.396+0000] {ssh.py:286} WARNING - No Host Key Verification. This won't protect against Man-In-The-Middle attacks
[2025-06-11T07:44:06.766+0000] {slurm_trigger.py:37} INFO - [SLURM Trigger] sacct output:
State 
---------- 
   RUNNING 
   RUNNING 
   RUNNING 
   RUNNING
[2025-06-11T07:44:06.766+0000] {triggerer_job_runner.py:631} INFO - Trigger slurm_async_job/manual__2025-06-11T07:41:34.353800+00:00/submit_slurm/-1/1 (ID 201) fired: TriggerEvent<{'job_id': '17443', 'status': 'RUNNING', 'final': False}>
[2025-06-11T07:44:10.776+0000] {base.py:84} INFO - Retrieving connection 'hpc_ssh'
[2025-06-11T07:44:10.778+0000] {ssh.py:286} WARNING - No Host Key Verification. This won't protect against Man-In-The-Middle attacks
[2025-06-11T07:44:13.140+0000] {slurm_trigger.py:37} INFO - [SLURM Trigger] sacct output:
State 
---------- 
   RUNNING 
   RUNNING 
   RUNNING 
   RUNNING
[2025-06-11T07:44:13.141+0000] {triggerer_job_runner.py:631} INFO - Trigger slurm_async_job/manual__2025-06-11T07:41:34.353800+00:00/submit_slurm/-1/1 (ID 202) fired: TriggerEvent<{'job_id': '17443', 'status': 'RUNNING', 'final': False}>
[2025-06-11T07:44:17.160+0000] {base.py:84} INFO - Retrieving connection 'hpc_ssh'
[2025-06-11T07:44:17.161+0000] {ssh.py:286} WARNING - No Host Key Verification. This won't protect against Man-In-The-Middle attacks
[2025-06-11T07:44:19.550+0000] {slurm_trigger.py:37} INFO - [SLURM Trigger] sacct output:
State 
---------- 
 COMPLETED 
 COMPLETED 
 COMPLETED 
 COMPLETED
[2025-06-11T07:44:19.550+0000] {triggerer_job_runner.py:631} INFO - Trigger slurm_async_job/manual__2025-06-11T07:41:34.353800+00:00/submit_slurm/-1/1 (ID 203) fired: TriggerEvent<{'job_id': '17443', 'status': 'COMPLETED', 'final': True}>
