[2025-06-23T00:35:49.430+0000] {processor.py:186} INFO - Started process (PID=28561) to work on /opt/airflow/dags/_step1_transfer_20250527T114617.py
[2025-06-23T00:35:49.430+0000] {processor.py:914} INFO - Processing file /opt/airflow/dags/_step1_transfer_20250527T114617.py for tasks to queue
[2025-06-23T00:35:49.431+0000] {logging_mixin.py:190} INFO - [2025-06-23T00:35:49.431+0000] {dagbag.py:588} INFO - Filling up the DagBag from /opt/airflow/dags/_step1_transfer_20250527T114617.py
[2025-06-23T00:35:49.434+0000] {processor.py:925} INFO - DAG(s) '_step1_transfer_20250527T114617' retrieved from /opt/airflow/dags/_step1_transfer_20250527T114617.py
[2025-06-23T00:35:49.441+0000] {logging_mixin.py:190} INFO - [2025-06-23T00:35:49.441+0000] {dag.py:3239} INFO - Sync 1 DAGs
[2025-06-23T00:35:49.446+0000] {logging_mixin.py:190} INFO - [2025-06-23T00:35:49.446+0000] {dag.py:4180} INFO - Setting next_dagrun for _step1_transfer_20250527T114617 to None, run_after=None
[2025-06-23T00:35:49.452+0000] {processor.py:208} INFO - Processing /opt/airflow/dags/_step1_transfer_20250527T114617.py took 0.024 seconds
[2025-06-23T01:36:41.080+0000] {processor.py:186} INFO - Started process (PID=28639) to work on /opt/airflow/dags/_step1_transfer_20250527T114617.py
[2025-06-23T01:36:41.081+0000] {processor.py:914} INFO - Processing file /opt/airflow/dags/_step1_transfer_20250527T114617.py for tasks to queue
[2025-06-23T01:36:41.081+0000] {logging_mixin.py:190} INFO - [2025-06-23T01:36:41.081+0000] {dagbag.py:588} INFO - Filling up the DagBag from /opt/airflow/dags/_step1_transfer_20250527T114617.py
[2025-06-23T01:36:41.085+0000] {processor.py:925} INFO - DAG(s) '_step1_transfer_20250527T114617' retrieved from /opt/airflow/dags/_step1_transfer_20250527T114617.py
[2025-06-23T01:36:41.092+0000] {logging_mixin.py:190} INFO - [2025-06-23T01:36:41.092+0000] {dag.py:3239} INFO - Sync 1 DAGs
[2025-06-23T01:36:41.098+0000] {logging_mixin.py:190} INFO - [2025-06-23T01:36:41.098+0000] {dag.py:4180} INFO - Setting next_dagrun for _step1_transfer_20250527T114617 to None, run_after=None
[2025-06-23T01:36:41.103+0000] {processor.py:208} INFO - Processing /opt/airflow/dags/_step1_transfer_20250527T114617.py took 0.025 seconds
[2025-06-23T01:37:11.170+0000] {processor.py:186} INFO - Started process (PID=28717) to work on /opt/airflow/dags/_step1_transfer_20250527T114617.py
[2025-06-23T01:37:11.171+0000] {processor.py:914} INFO - Processing file /opt/airflow/dags/_step1_transfer_20250527T114617.py for tasks to queue
[2025-06-23T01:37:11.171+0000] {logging_mixin.py:190} INFO - [2025-06-23T01:37:11.171+0000] {dagbag.py:588} INFO - Filling up the DagBag from /opt/airflow/dags/_step1_transfer_20250527T114617.py
[2025-06-23T01:37:11.175+0000] {processor.py:925} INFO - DAG(s) '_step1_transfer_20250527T114617' retrieved from /opt/airflow/dags/_step1_transfer_20250527T114617.py
[2025-06-23T01:37:11.182+0000] {logging_mixin.py:190} INFO - [2025-06-23T01:37:11.182+0000] {dag.py:3239} INFO - Sync 1 DAGs
[2025-06-23T01:37:11.188+0000] {logging_mixin.py:190} INFO - [2025-06-23T01:37:11.188+0000] {dag.py:4180} INFO - Setting next_dagrun for _step1_transfer_20250527T114617 to None, run_after=None
[2025-06-23T01:37:11.194+0000] {processor.py:208} INFO - Processing /opt/airflow/dags/_step1_transfer_20250527T114617.py took 0.026 seconds
[2025-06-23T02:28:28.317+0000] {processor.py:186} INFO - Started process (PID=28795) to work on /opt/airflow/dags/_step1_transfer_20250527T114617.py
[2025-06-23T02:28:28.317+0000] {processor.py:914} INFO - Processing file /opt/airflow/dags/_step1_transfer_20250527T114617.py for tasks to queue
[2025-06-23T02:28:28.318+0000] {logging_mixin.py:190} INFO - [2025-06-23T02:28:28.318+0000] {dagbag.py:588} INFO - Filling up the DagBag from /opt/airflow/dags/_step1_transfer_20250527T114617.py
[2025-06-23T02:28:28.325+0000] {processor.py:925} INFO - DAG(s) '_step1_transfer_20250527T114617' retrieved from /opt/airflow/dags/_step1_transfer_20250527T114617.py
[2025-06-23T02:28:28.339+0000] {logging_mixin.py:190} INFO - [2025-06-23T02:28:28.339+0000] {dag.py:3239} INFO - Sync 1 DAGs
[2025-06-23T02:28:28.346+0000] {logging_mixin.py:190} INFO - [2025-06-23T02:28:28.346+0000] {dag.py:4180} INFO - Setting next_dagrun for _step1_transfer_20250527T114617 to None, run_after=None
[2025-06-23T02:28:28.355+0000] {processor.py:208} INFO - Processing /opt/airflow/dags/_step1_transfer_20250527T114617.py took 0.043 seconds
[2025-06-23T02:38:08.582+0000] {processor.py:186} INFO - Started process (PID=28873) to work on /opt/airflow/dags/_step1_transfer_20250527T114617.py
[2025-06-23T02:38:08.583+0000] {processor.py:914} INFO - Processing file /opt/airflow/dags/_step1_transfer_20250527T114617.py for tasks to queue
[2025-06-23T02:38:08.583+0000] {logging_mixin.py:190} INFO - [2025-06-23T02:38:08.583+0000] {dagbag.py:588} INFO - Filling up the DagBag from /opt/airflow/dags/_step1_transfer_20250527T114617.py
[2025-06-23T02:38:08.591+0000] {processor.py:925} INFO - DAG(s) '_step1_transfer_20250527T114617' retrieved from /opt/airflow/dags/_step1_transfer_20250527T114617.py
[2025-06-23T02:38:08.603+0000] {logging_mixin.py:190} INFO - [2025-06-23T02:38:08.603+0000] {dag.py:3239} INFO - Sync 1 DAGs
[2025-06-23T02:38:08.609+0000] {logging_mixin.py:190} INFO - [2025-06-23T02:38:08.609+0000] {dag.py:4180} INFO - Setting next_dagrun for _step1_transfer_20250527T114617 to None, run_after=None
[2025-06-23T02:38:08.617+0000] {processor.py:208} INFO - Processing /opt/airflow/dags/_step1_transfer_20250527T114617.py took 0.037 seconds
[2025-06-23T03:10:45.244+0000] {processor.py:186} INFO - Started process (PID=28951) to work on /opt/airflow/dags/_step1_transfer_20250527T114617.py
[2025-06-23T03:10:45.244+0000] {processor.py:914} INFO - Processing file /opt/airflow/dags/_step1_transfer_20250527T114617.py for tasks to queue
[2025-06-23T03:10:45.246+0000] {logging_mixin.py:190} INFO - [2025-06-23T03:10:45.245+0000] {dagbag.py:588} INFO - Filling up the DagBag from /opt/airflow/dags/_step1_transfer_20250527T114617.py
[2025-06-23T03:10:45.259+0000] {processor.py:925} INFO - DAG(s) '_step1_transfer_20250527T114617' retrieved from /opt/airflow/dags/_step1_transfer_20250527T114617.py
[2025-06-23T03:10:45.274+0000] {logging_mixin.py:190} INFO - [2025-06-23T03:10:45.274+0000] {dag.py:3239} INFO - Sync 1 DAGs
[2025-06-23T03:10:45.284+0000] {logging_mixin.py:190} INFO - [2025-06-23T03:10:45.284+0000] {dag.py:4180} INFO - Setting next_dagrun for _step1_transfer_20250527T114617 to None, run_after=None
[2025-06-23T03:10:45.298+0000] {processor.py:208} INFO - Processing /opt/airflow/dags/_step1_transfer_20250527T114617.py took 0.058 seconds
[2025-06-23T03:38:53.864+0000] {processor.py:186} INFO - Started process (PID=29029) to work on /opt/airflow/dags/_step1_transfer_20250527T114617.py
[2025-06-23T03:38:53.864+0000] {processor.py:914} INFO - Processing file /opt/airflow/dags/_step1_transfer_20250527T114617.py for tasks to queue
[2025-06-23T03:38:53.865+0000] {logging_mixin.py:190} INFO - [2025-06-23T03:38:53.865+0000] {dagbag.py:588} INFO - Filling up the DagBag from /opt/airflow/dags/_step1_transfer_20250527T114617.py
[2025-06-23T03:38:53.870+0000] {processor.py:925} INFO - DAG(s) '_step1_transfer_20250527T114617' retrieved from /opt/airflow/dags/_step1_transfer_20250527T114617.py
[2025-06-23T03:38:53.880+0000] {logging_mixin.py:190} INFO - [2025-06-23T03:38:53.880+0000] {dag.py:3239} INFO - Sync 1 DAGs
[2025-06-23T03:38:53.891+0000] {logging_mixin.py:190} INFO - [2025-06-23T03:38:53.891+0000] {dag.py:4180} INFO - Setting next_dagrun for _step1_transfer_20250527T114617 to None, run_after=None
[2025-06-23T03:38:53.901+0000] {processor.py:208} INFO - Processing /opt/airflow/dags/_step1_transfer_20250527T114617.py took 0.040 seconds
[2025-06-23T04:39:46.400+0000] {processor.py:186} INFO - Started process (PID=29107) to work on /opt/airflow/dags/_step1_transfer_20250527T114617.py
[2025-06-23T04:39:46.401+0000] {processor.py:914} INFO - Processing file /opt/airflow/dags/_step1_transfer_20250527T114617.py for tasks to queue
[2025-06-23T04:39:46.401+0000] {logging_mixin.py:190} INFO - [2025-06-23T04:39:46.401+0000] {dagbag.py:588} INFO - Filling up the DagBag from /opt/airflow/dags/_step1_transfer_20250527T114617.py
[2025-06-23T04:39:46.405+0000] {processor.py:925} INFO - DAG(s) '_step1_transfer_20250527T114617' retrieved from /opt/airflow/dags/_step1_transfer_20250527T114617.py
[2025-06-23T04:39:46.413+0000] {logging_mixin.py:190} INFO - [2025-06-23T04:39:46.412+0000] {dag.py:3239} INFO - Sync 1 DAGs
[2025-06-23T04:39:46.418+0000] {logging_mixin.py:190} INFO - [2025-06-23T04:39:46.418+0000] {dag.py:4180} INFO - Setting next_dagrun for _step1_transfer_20250527T114617 to None, run_after=None
[2025-06-23T04:39:46.427+0000] {processor.py:208} INFO - Processing /opt/airflow/dags/_step1_transfer_20250527T114617.py took 0.030 seconds
[2025-06-23T05:32:38.917+0000] {processor.py:186} INFO - Started process (PID=29185) to work on /opt/airflow/dags/_step1_transfer_20250527T114617.py
[2025-06-23T05:32:38.918+0000] {processor.py:914} INFO - Processing file /opt/airflow/dags/_step1_transfer_20250527T114617.py for tasks to queue
[2025-06-23T05:32:38.921+0000] {logging_mixin.py:190} INFO - [2025-06-23T05:32:38.921+0000] {dagbag.py:588} INFO - Filling up the DagBag from /opt/airflow/dags/_step1_transfer_20250527T114617.py
[2025-06-23T05:32:38.944+0000] {processor.py:925} INFO - DAG(s) '_step1_transfer_20250527T114617' retrieved from /opt/airflow/dags/_step1_transfer_20250527T114617.py
[2025-06-23T05:32:38.962+0000] {logging_mixin.py:190} INFO - [2025-06-23T05:32:38.962+0000] {dag.py:3239} INFO - Sync 1 DAGs
[2025-06-23T05:32:38.979+0000] {logging_mixin.py:190} INFO - [2025-06-23T05:32:38.979+0000] {dag.py:4180} INFO - Setting next_dagrun for _step1_transfer_20250527T114617 to None, run_after=None
[2025-06-23T05:32:38.995+0000] {processor.py:208} INFO - Processing /opt/airflow/dags/_step1_transfer_20250527T114617.py took 0.089 seconds
[2025-06-23T05:33:09.111+0000] {processor.py:186} INFO - Started process (PID=29263) to work on /opt/airflow/dags/_step1_transfer_20250527T114617.py
[2025-06-23T05:33:09.112+0000] {processor.py:914} INFO - Processing file /opt/airflow/dags/_step1_transfer_20250527T114617.py for tasks to queue
[2025-06-23T05:33:09.112+0000] {logging_mixin.py:190} INFO - [2025-06-23T05:33:09.112+0000] {dagbag.py:588} INFO - Filling up the DagBag from /opt/airflow/dags/_step1_transfer_20250527T114617.py
[2025-06-23T05:33:09.117+0000] {processor.py:925} INFO - DAG(s) '_step1_transfer_20250527T114617' retrieved from /opt/airflow/dags/_step1_transfer_20250527T114617.py
[2025-06-23T05:33:09.131+0000] {logging_mixin.py:190} INFO - [2025-06-23T05:33:09.131+0000] {dag.py:3239} INFO - Sync 1 DAGs
[2025-06-23T05:33:09.140+0000] {logging_mixin.py:190} INFO - [2025-06-23T05:33:09.140+0000] {dag.py:4180} INFO - Setting next_dagrun for _step1_transfer_20250527T114617 to None, run_after=None
[2025-06-23T05:33:09.151+0000] {processor.py:208} INFO - Processing /opt/airflow/dags/_step1_transfer_20250527T114617.py took 0.046 seconds
[2025-06-23T05:33:39.613+0000] {processor.py:186} INFO - Started process (PID=29341) to work on /opt/airflow/dags/_step1_transfer_20250527T114617.py
[2025-06-23T05:33:39.614+0000] {processor.py:914} INFO - Processing file /opt/airflow/dags/_step1_transfer_20250527T114617.py for tasks to queue
[2025-06-23T05:33:39.615+0000] {logging_mixin.py:190} INFO - [2025-06-23T05:33:39.614+0000] {dagbag.py:588} INFO - Filling up the DagBag from /opt/airflow/dags/_step1_transfer_20250527T114617.py
[2025-06-23T05:33:39.619+0000] {processor.py:925} INFO - DAG(s) '_step1_transfer_20250527T114617' retrieved from /opt/airflow/dags/_step1_transfer_20250527T114617.py
[2025-06-23T05:33:39.631+0000] {logging_mixin.py:190} INFO - [2025-06-23T05:33:39.631+0000] {dag.py:3239} INFO - Sync 1 DAGs
[2025-06-23T05:33:39.637+0000] {logging_mixin.py:190} INFO - [2025-06-23T05:33:39.636+0000] {dag.py:4180} INFO - Setting next_dagrun for _step1_transfer_20250527T114617 to None, run_after=None
[2025-06-23T05:33:39.645+0000] {processor.py:208} INFO - Processing /opt/airflow/dags/_step1_transfer_20250527T114617.py took 0.034 seconds
[2025-06-23T05:34:11.704+0000] {processor.py:186} INFO - Started process (PID=29419) to work on /opt/airflow/dags/_step1_transfer_20250527T114617.py
[2025-06-23T05:34:11.739+0000] {processor.py:914} INFO - Processing file /opt/airflow/dags/_step1_transfer_20250527T114617.py for tasks to queue
[2025-06-23T05:34:11.744+0000] {logging_mixin.py:190} INFO - [2025-06-23T05:34:11.742+0000] {dagbag.py:588} INFO - Filling up the DagBag from /opt/airflow/dags/_step1_transfer_20250527T114617.py
[2025-06-23T05:34:11.792+0000] {processor.py:925} INFO - DAG(s) '_step1_transfer_20250527T114617' retrieved from /opt/airflow/dags/_step1_transfer_20250527T114617.py
[2025-06-23T05:34:11.840+0000] {logging_mixin.py:190} INFO - [2025-06-23T05:34:11.839+0000] {dag.py:3239} INFO - Sync 1 DAGs
[2025-06-23T05:34:11.889+0000] {logging_mixin.py:190} INFO - [2025-06-23T05:34:11.888+0000] {dag.py:4180} INFO - Setting next_dagrun for _step1_transfer_20250527T114617 to None, run_after=None
[2025-06-23T05:34:11.950+0000] {processor.py:208} INFO - Processing /opt/airflow/dags/_step1_transfer_20250527T114617.py took 0.263 seconds
[2025-06-23T05:34:43.300+0000] {processor.py:186} INFO - Started process (PID=29497) to work on /opt/airflow/dags/_step1_transfer_20250527T114617.py
[2025-06-23T05:34:43.367+0000] {processor.py:914} INFO - Processing file /opt/airflow/dags/_step1_transfer_20250527T114617.py for tasks to queue
[2025-06-23T05:34:43.369+0000] {logging_mixin.py:190} INFO - [2025-06-23T05:34:43.368+0000] {dagbag.py:588} INFO - Filling up the DagBag from /opt/airflow/dags/_step1_transfer_20250527T114617.py
[2025-06-23T05:34:43.436+0000] {processor.py:925} INFO - DAG(s) '_step1_transfer_20250527T114617' retrieved from /opt/airflow/dags/_step1_transfer_20250527T114617.py
[2025-06-23T05:34:43.478+0000] {logging_mixin.py:190} INFO - [2025-06-23T05:34:43.477+0000] {dag.py:3239} INFO - Sync 1 DAGs
[2025-06-23T05:34:43.513+0000] {logging_mixin.py:190} INFO - [2025-06-23T05:34:43.513+0000] {dag.py:4180} INFO - Setting next_dagrun for _step1_transfer_20250527T114617 to None, run_after=None
[2025-06-23T05:34:43.552+0000] {processor.py:208} INFO - Processing /opt/airflow/dags/_step1_transfer_20250527T114617.py took 0.267 seconds
[2025-06-23T05:35:15.463+0000] {processor.py:186} INFO - Started process (PID=29575) to work on /opt/airflow/dags/_step1_transfer_20250527T114617.py
[2025-06-23T05:35:15.521+0000] {processor.py:914} INFO - Processing file /opt/airflow/dags/_step1_transfer_20250527T114617.py for tasks to queue
[2025-06-23T05:35:15.524+0000] {logging_mixin.py:190} INFO - [2025-06-23T05:35:15.524+0000] {dagbag.py:588} INFO - Filling up the DagBag from /opt/airflow/dags/_step1_transfer_20250527T114617.py
[2025-06-23T05:35:15.586+0000] {processor.py:925} INFO - DAG(s) '_step1_transfer_20250527T114617' retrieved from /opt/airflow/dags/_step1_transfer_20250527T114617.py
[2025-06-23T05:35:15.650+0000] {logging_mixin.py:190} INFO - [2025-06-23T05:35:15.649+0000] {dag.py:3239} INFO - Sync 1 DAGs
[2025-06-23T05:35:15.715+0000] {logging_mixin.py:190} INFO - [2025-06-23T05:35:15.714+0000] {dag.py:4180} INFO - Setting next_dagrun for _step1_transfer_20250527T114617 to None, run_after=None
[2025-06-23T05:35:15.776+0000] {processor.py:208} INFO - Processing /opt/airflow/dags/_step1_transfer_20250527T114617.py took 0.345 seconds
[2025-06-23T05:35:46.714+0000] {processor.py:186} INFO - Started process (PID=29653) to work on /opt/airflow/dags/_step1_transfer_20250527T114617.py
[2025-06-23T05:35:46.715+0000] {processor.py:914} INFO - Processing file /opt/airflow/dags/_step1_transfer_20250527T114617.py for tasks to queue
[2025-06-23T05:35:46.715+0000] {logging_mixin.py:190} INFO - [2025-06-23T05:35:46.715+0000] {dagbag.py:588} INFO - Filling up the DagBag from /opt/airflow/dags/_step1_transfer_20250527T114617.py
[2025-06-23T05:35:46.723+0000] {processor.py:925} INFO - DAG(s) '_step1_transfer_20250527T114617' retrieved from /opt/airflow/dags/_step1_transfer_20250527T114617.py
[2025-06-23T05:35:46.740+0000] {logging_mixin.py:190} INFO - [2025-06-23T05:35:46.740+0000] {dag.py:3239} INFO - Sync 1 DAGs
[2025-06-23T05:35:46.747+0000] {logging_mixin.py:190} INFO - [2025-06-23T05:35:46.747+0000] {dag.py:4180} INFO - Setting next_dagrun for _step1_transfer_20250527T114617 to None, run_after=None
[2025-06-23T05:35:46.759+0000] {processor.py:208} INFO - Processing /opt/airflow/dags/_step1_transfer_20250527T114617.py took 0.048 seconds
[2025-06-23T05:36:17.128+0000] {processor.py:186} INFO - Started process (PID=29731) to work on /opt/airflow/dags/_step1_transfer_20250527T114617.py
[2025-06-23T05:36:17.129+0000] {processor.py:914} INFO - Processing file /opt/airflow/dags/_step1_transfer_20250527T114617.py for tasks to queue
[2025-06-23T05:36:17.130+0000] {logging_mixin.py:190} INFO - [2025-06-23T05:36:17.130+0000] {dagbag.py:588} INFO - Filling up the DagBag from /opt/airflow/dags/_step1_transfer_20250527T114617.py
[2025-06-23T05:36:17.144+0000] {processor.py:925} INFO - DAG(s) '_step1_transfer_20250527T114617' retrieved from /opt/airflow/dags/_step1_transfer_20250527T114617.py
[2025-06-23T05:36:17.161+0000] {logging_mixin.py:190} INFO - [2025-06-23T05:36:17.161+0000] {dag.py:3239} INFO - Sync 1 DAGs
[2025-06-23T05:36:17.170+0000] {logging_mixin.py:190} INFO - [2025-06-23T05:36:17.169+0000] {dag.py:4180} INFO - Setting next_dagrun for _step1_transfer_20250527T114617 to None, run_after=None
[2025-06-23T05:36:17.180+0000] {processor.py:208} INFO - Processing /opt/airflow/dags/_step1_transfer_20250527T114617.py took 0.058 seconds
[2025-06-23T05:36:47.332+0000] {processor.py:186} INFO - Started process (PID=29809) to work on /opt/airflow/dags/_step1_transfer_20250527T114617.py
[2025-06-23T05:36:47.332+0000] {processor.py:914} INFO - Processing file /opt/airflow/dags/_step1_transfer_20250527T114617.py for tasks to queue
[2025-06-23T05:36:47.334+0000] {logging_mixin.py:190} INFO - [2025-06-23T05:36:47.334+0000] {dagbag.py:588} INFO - Filling up the DagBag from /opt/airflow/dags/_step1_transfer_20250527T114617.py
[2025-06-23T05:36:47.348+0000] {processor.py:925} INFO - DAG(s) '_step1_transfer_20250527T114617' retrieved from /opt/airflow/dags/_step1_transfer_20250527T114617.py
[2025-06-23T05:36:47.363+0000] {logging_mixin.py:190} INFO - [2025-06-23T05:36:47.362+0000] {dag.py:3239} INFO - Sync 1 DAGs
[2025-06-23T05:36:47.373+0000] {logging_mixin.py:190} INFO - [2025-06-23T05:36:47.373+0000] {dag.py:4180} INFO - Setting next_dagrun for _step1_transfer_20250527T114617 to None, run_after=None
[2025-06-23T05:36:47.386+0000] {processor.py:208} INFO - Processing /opt/airflow/dags/_step1_transfer_20250527T114617.py took 0.060 seconds
[2025-06-23T05:37:17.739+0000] {processor.py:186} INFO - Started process (PID=29887) to work on /opt/airflow/dags/_step1_transfer_20250527T114617.py
[2025-06-23T05:37:17.740+0000] {processor.py:914} INFO - Processing file /opt/airflow/dags/_step1_transfer_20250527T114617.py for tasks to queue
[2025-06-23T05:37:17.742+0000] {logging_mixin.py:190} INFO - [2025-06-23T05:37:17.742+0000] {dagbag.py:588} INFO - Filling up the DagBag from /opt/airflow/dags/_step1_transfer_20250527T114617.py
[2025-06-23T05:37:17.755+0000] {processor.py:925} INFO - DAG(s) '_step1_transfer_20250527T114617' retrieved from /opt/airflow/dags/_step1_transfer_20250527T114617.py
[2025-06-23T05:37:17.770+0000] {logging_mixin.py:190} INFO - [2025-06-23T05:37:17.770+0000] {dag.py:3239} INFO - Sync 1 DAGs
[2025-06-23T05:37:17.778+0000] {logging_mixin.py:190} INFO - [2025-06-23T05:37:17.777+0000] {dag.py:4180} INFO - Setting next_dagrun for _step1_transfer_20250527T114617 to None, run_after=None
[2025-06-23T05:37:17.790+0000] {processor.py:208} INFO - Processing /opt/airflow/dags/_step1_transfer_20250527T114617.py took 0.055 seconds
[2025-06-23T05:37:48.781+0000] {processor.py:186} INFO - Started process (PID=29965) to work on /opt/airflow/dags/_step1_transfer_20250527T114617.py
[2025-06-23T05:37:48.782+0000] {processor.py:914} INFO - Processing file /opt/airflow/dags/_step1_transfer_20250527T114617.py for tasks to queue
[2025-06-23T05:37:48.783+0000] {logging_mixin.py:190} INFO - [2025-06-23T05:37:48.783+0000] {dagbag.py:588} INFO - Filling up the DagBag from /opt/airflow/dags/_step1_transfer_20250527T114617.py
[2025-06-23T05:37:48.790+0000] {processor.py:925} INFO - DAG(s) '_step1_transfer_20250527T114617' retrieved from /opt/airflow/dags/_step1_transfer_20250527T114617.py
[2025-06-23T05:37:48.801+0000] {logging_mixin.py:190} INFO - [2025-06-23T05:37:48.801+0000] {dag.py:3239} INFO - Sync 1 DAGs
[2025-06-23T05:37:48.811+0000] {logging_mixin.py:190} INFO - [2025-06-23T05:37:48.811+0000] {dag.py:4180} INFO - Setting next_dagrun for _step1_transfer_20250527T114617 to None, run_after=None
[2025-06-23T05:37:48.823+0000] {processor.py:208} INFO - Processing /opt/airflow/dags/_step1_transfer_20250527T114617.py took 0.046 seconds
[2025-06-23T05:38:19.211+0000] {processor.py:186} INFO - Started process (PID=30043) to work on /opt/airflow/dags/_step1_transfer_20250527T114617.py
[2025-06-23T05:38:19.212+0000] {processor.py:914} INFO - Processing file /opt/airflow/dags/_step1_transfer_20250527T114617.py for tasks to queue
[2025-06-23T05:38:19.213+0000] {logging_mixin.py:190} INFO - [2025-06-23T05:38:19.213+0000] {dagbag.py:588} INFO - Filling up the DagBag from /opt/airflow/dags/_step1_transfer_20250527T114617.py
[2025-06-23T05:38:19.227+0000] {processor.py:925} INFO - DAG(s) '_step1_transfer_20250527T114617' retrieved from /opt/airflow/dags/_step1_transfer_20250527T114617.py
[2025-06-23T05:38:19.246+0000] {logging_mixin.py:190} INFO - [2025-06-23T05:38:19.246+0000] {dag.py:3239} INFO - Sync 1 DAGs
[2025-06-23T05:38:19.256+0000] {logging_mixin.py:190} INFO - [2025-06-23T05:38:19.256+0000] {dag.py:4180} INFO - Setting next_dagrun for _step1_transfer_20250527T114617 to None, run_after=None
[2025-06-23T05:38:19.271+0000] {processor.py:208} INFO - Processing /opt/airflow/dags/_step1_transfer_20250527T114617.py took 0.067 seconds
[2025-06-23T05:38:49.423+0000] {processor.py:186} INFO - Started process (PID=30121) to work on /opt/airflow/dags/_step1_transfer_20250527T114617.py
[2025-06-23T05:38:49.424+0000] {processor.py:914} INFO - Processing file /opt/airflow/dags/_step1_transfer_20250527T114617.py for tasks to queue
[2025-06-23T05:38:49.425+0000] {logging_mixin.py:190} INFO - [2025-06-23T05:38:49.425+0000] {dagbag.py:588} INFO - Filling up the DagBag from /opt/airflow/dags/_step1_transfer_20250527T114617.py
[2025-06-23T05:38:49.437+0000] {processor.py:925} INFO - DAG(s) '_step1_transfer_20250527T114617' retrieved from /opt/airflow/dags/_step1_transfer_20250527T114617.py
[2025-06-23T05:38:49.452+0000] {logging_mixin.py:190} INFO - [2025-06-23T05:38:49.452+0000] {dag.py:3239} INFO - Sync 1 DAGs
[2025-06-23T05:38:49.461+0000] {logging_mixin.py:190} INFO - [2025-06-23T05:38:49.461+0000] {dag.py:4180} INFO - Setting next_dagrun for _step1_transfer_20250527T114617 to None, run_after=None
[2025-06-23T05:38:49.473+0000] {processor.py:208} INFO - Processing /opt/airflow/dags/_step1_transfer_20250527T114617.py took 0.055 seconds
[2025-06-23T05:39:19.586+0000] {processor.py:186} INFO - Started process (PID=30199) to work on /opt/airflow/dags/_step1_transfer_20250527T114617.py
[2025-06-23T05:39:19.588+0000] {processor.py:914} INFO - Processing file /opt/airflow/dags/_step1_transfer_20250527T114617.py for tasks to queue
[2025-06-23T05:39:19.590+0000] {logging_mixin.py:190} INFO - [2025-06-23T05:39:19.589+0000] {dagbag.py:588} INFO - Filling up the DagBag from /opt/airflow/dags/_step1_transfer_20250527T114617.py
[2025-06-23T05:39:19.607+0000] {processor.py:925} INFO - DAG(s) '_step1_transfer_20250527T114617' retrieved from /opt/airflow/dags/_step1_transfer_20250527T114617.py
[2025-06-23T05:39:19.626+0000] {logging_mixin.py:190} INFO - [2025-06-23T05:39:19.626+0000] {dag.py:3239} INFO - Sync 1 DAGs
[2025-06-23T05:39:19.642+0000] {logging_mixin.py:190} INFO - [2025-06-23T05:39:19.642+0000] {dag.py:4180} INFO - Setting next_dagrun for _step1_transfer_20250527T114617 to None, run_after=None
[2025-06-23T05:39:19.656+0000] {processor.py:208} INFO - Processing /opt/airflow/dags/_step1_transfer_20250527T114617.py took 0.078 seconds
[2025-06-23T06:25:47.107+0000] {processor.py:186} INFO - Started process (PID=30252) to work on /opt/airflow/dags/_step1_transfer_20250527T114617.py
[2025-06-23T06:25:47.111+0000] {processor.py:914} INFO - Processing file /opt/airflow/dags/_step1_transfer_20250527T114617.py for tasks to queue
[2025-06-23T06:25:47.111+0000] {logging_mixin.py:190} INFO - [2025-06-23T06:25:47.111+0000] {dagbag.py:588} INFO - Filling up the DagBag from /opt/airflow/dags/_step1_transfer_20250527T114617.py
[2025-06-23T06:25:47.117+0000] {processor.py:925} INFO - DAG(s) '_step1_transfer_20250527T114617' retrieved from /opt/airflow/dags/_step1_transfer_20250527T114617.py
[2025-06-23T06:25:47.130+0000] {logging_mixin.py:190} INFO - [2025-06-23T06:25:47.130+0000] {dag.py:3239} INFO - Sync 1 DAGs
[2025-06-23T06:25:47.142+0000] {logging_mixin.py:190} INFO - [2025-06-23T06:25:47.142+0000] {dag.py:4180} INFO - Setting next_dagrun for _step1_transfer_20250527T114617 to None, run_after=None
[2025-06-23T06:25:47.157+0000] {processor.py:208} INFO - Processing /opt/airflow/dags/_step1_transfer_20250527T114617.py took 0.061 seconds
[2025-06-23T06:27:11.675+0000] {processor.py:186} INFO - Started process (PID=30330) to work on /opt/airflow/dags/_step1_transfer_20250527T114617.py
[2025-06-23T06:27:11.677+0000] {processor.py:914} INFO - Processing file /opt/airflow/dags/_step1_transfer_20250527T114617.py for tasks to queue
[2025-06-23T06:27:11.678+0000] {logging_mixin.py:190} INFO - [2025-06-23T06:27:11.677+0000] {dagbag.py:588} INFO - Filling up the DagBag from /opt/airflow/dags/_step1_transfer_20250527T114617.py
[2025-06-23T06:27:11.682+0000] {processor.py:925} INFO - DAG(s) '_step1_transfer_20250527T114617' retrieved from /opt/airflow/dags/_step1_transfer_20250527T114617.py
[2025-06-23T06:27:11.693+0000] {logging_mixin.py:190} INFO - [2025-06-23T06:27:11.693+0000] {dag.py:3239} INFO - Sync 1 DAGs
[2025-06-23T06:27:11.704+0000] {logging_mixin.py:190} INFO - [2025-06-23T06:27:11.704+0000] {dag.py:4180} INFO - Setting next_dagrun for _step1_transfer_20250527T114617 to None, run_after=None
[2025-06-23T06:27:11.715+0000] {processor.py:208} INFO - Processing /opt/airflow/dags/_step1_transfer_20250527T114617.py took 0.043 seconds
[2025-06-23T06:34:07.796+0000] {processor.py:186} INFO - Started process (PID=30408) to work on /opt/airflow/dags/_step1_transfer_20250527T114617.py
[2025-06-23T06:34:07.798+0000] {processor.py:914} INFO - Processing file /opt/airflow/dags/_step1_transfer_20250527T114617.py for tasks to queue
[2025-06-23T06:34:07.798+0000] {logging_mixin.py:190} INFO - [2025-06-23T06:34:07.798+0000] {dagbag.py:588} INFO - Filling up the DagBag from /opt/airflow/dags/_step1_transfer_20250527T114617.py
[2025-06-23T06:34:07.803+0000] {processor.py:925} INFO - DAG(s) '_step1_transfer_20250527T114617' retrieved from /opt/airflow/dags/_step1_transfer_20250527T114617.py
[2025-06-23T06:34:07.814+0000] {logging_mixin.py:190} INFO - [2025-06-23T06:34:07.814+0000] {dag.py:3239} INFO - Sync 1 DAGs
[2025-06-23T06:34:07.821+0000] {logging_mixin.py:190} INFO - [2025-06-23T06:34:07.821+0000] {dag.py:4180} INFO - Setting next_dagrun for _step1_transfer_20250527T114617 to None, run_after=None
[2025-06-23T06:34:07.832+0000] {processor.py:208} INFO - Processing /opt/airflow/dags/_step1_transfer_20250527T114617.py took 0.038 seconds
[2025-06-23T06:35:36.912+0000] {processor.py:186} INFO - Started process (PID=30486) to work on /opt/airflow/dags/_step1_transfer_20250527T114617.py
[2025-06-23T06:35:36.912+0000] {processor.py:914} INFO - Processing file /opt/airflow/dags/_step1_transfer_20250527T114617.py for tasks to queue
[2025-06-23T06:35:36.913+0000] {logging_mixin.py:190} INFO - [2025-06-23T06:35:36.912+0000] {dagbag.py:588} INFO - Filling up the DagBag from /opt/airflow/dags/_step1_transfer_20250527T114617.py
[2025-06-23T06:35:36.918+0000] {processor.py:925} INFO - DAG(s) '_step1_transfer_20250527T114617' retrieved from /opt/airflow/dags/_step1_transfer_20250527T114617.py
[2025-06-23T06:35:36.927+0000] {logging_mixin.py:190} INFO - [2025-06-23T06:35:36.927+0000] {dag.py:3239} INFO - Sync 1 DAGs
[2025-06-23T06:35:36.935+0000] {logging_mixin.py:190} INFO - [2025-06-23T06:35:36.935+0000] {dag.py:4180} INFO - Setting next_dagrun for _step1_transfer_20250527T114617 to None, run_after=None
[2025-06-23T06:35:36.944+0000] {processor.py:208} INFO - Processing /opt/airflow/dags/_step1_transfer_20250527T114617.py took 0.034 seconds
[2025-06-23T06:36:36.166+0000] {processor.py:186} INFO - Started process (PID=30564) to work on /opt/airflow/dags/_step1_transfer_20250527T114617.py
[2025-06-23T06:36:36.167+0000] {processor.py:914} INFO - Processing file /opt/airflow/dags/_step1_transfer_20250527T114617.py for tasks to queue
[2025-06-23T06:36:36.167+0000] {logging_mixin.py:190} INFO - [2025-06-23T06:36:36.167+0000] {dagbag.py:588} INFO - Filling up the DagBag from /opt/airflow/dags/_step1_transfer_20250527T114617.py
[2025-06-23T06:36:36.174+0000] {processor.py:925} INFO - DAG(s) '_step1_transfer_20250527T114617' retrieved from /opt/airflow/dags/_step1_transfer_20250527T114617.py
[2025-06-23T06:36:36.183+0000] {logging_mixin.py:190} INFO - [2025-06-23T06:36:36.182+0000] {dag.py:3239} INFO - Sync 1 DAGs
[2025-06-23T06:36:36.188+0000] {logging_mixin.py:190} INFO - [2025-06-23T06:36:36.188+0000] {dag.py:4180} INFO - Setting next_dagrun for _step1_transfer_20250527T114617 to None, run_after=None
[2025-06-23T06:36:36.197+0000] {processor.py:208} INFO - Processing /opt/airflow/dags/_step1_transfer_20250527T114617.py took 0.033 seconds
[2025-06-23T07:13:28.727+0000] {processor.py:186} INFO - Started process (PID=30642) to work on /opt/airflow/dags/_step1_transfer_20250527T114617.py
[2025-06-23T07:13:28.727+0000] {processor.py:914} INFO - Processing file /opt/airflow/dags/_step1_transfer_20250527T114617.py for tasks to queue
[2025-06-23T07:13:28.728+0000] {logging_mixin.py:190} INFO - [2025-06-23T07:13:28.728+0000] {dagbag.py:588} INFO - Filling up the DagBag from /opt/airflow/dags/_step1_transfer_20250527T114617.py
[2025-06-23T07:13:28.734+0000] {processor.py:925} INFO - DAG(s) '_step1_transfer_20250527T114617' retrieved from /opt/airflow/dags/_step1_transfer_20250527T114617.py
[2025-06-23T07:13:28.742+0000] {logging_mixin.py:190} INFO - [2025-06-23T07:13:28.742+0000] {dag.py:3239} INFO - Sync 1 DAGs
[2025-06-23T07:13:28.748+0000] {logging_mixin.py:190} INFO - [2025-06-23T07:13:28.748+0000] {dag.py:4180} INFO - Setting next_dagrun for _step1_transfer_20250527T114617 to None, run_after=None
[2025-06-23T07:13:28.757+0000] {processor.py:208} INFO - Processing /opt/airflow/dags/_step1_transfer_20250527T114617.py took 0.033 seconds
