[2025-06-23T00:35:49.555+0000] {processor.py:186} INFO - Started process (PID=28565) to work on /opt/airflow/dags/file_transfer.py
[2025-06-23T00:35:49.556+0000] {processor.py:914} INFO - Processing file /opt/airflow/dags/file_transfer.py for tasks to queue
[2025-06-23T00:35:49.556+0000] {logging_mixin.py:190} INFO - [2025-06-23T00:35:49.556+0000] {dagbag.py:588} INFO - Filling up the DagBag from /opt/airflow/dags/file_transfer.py
[2025-06-23T00:35:49.601+0000] {processor.py:925} INFO - DAG(s) 'minio_to_hpc_transfer' retrieved from /opt/airflow/dags/file_transfer.py
[2025-06-23T00:35:49.610+0000] {logging_mixin.py:190} INFO - [2025-06-23T00:35:49.610+0000] {dag.py:3239} INFO - Sync 1 DAGs
[2025-06-23T00:35:49.616+0000] {logging_mixin.py:190} INFO - [2025-06-23T00:35:49.616+0000] {dag.py:4180} INFO - Setting next_dagrun for minio_to_hpc_transfer to None, run_after=None
[2025-06-23T00:35:49.629+0000] {processor.py:208} INFO - Processing /opt/airflow/dags/file_transfer.py took 0.077 seconds
[2025-06-23T01:36:41.216+0000] {processor.py:186} INFO - Started process (PID=28643) to work on /opt/airflow/dags/file_transfer.py
[2025-06-23T01:36:41.217+0000] {processor.py:914} INFO - Processing file /opt/airflow/dags/file_transfer.py for tasks to queue
[2025-06-23T01:36:41.217+0000] {logging_mixin.py:190} INFO - [2025-06-23T01:36:41.217+0000] {dagbag.py:588} INFO - Filling up the DagBag from /opt/airflow/dags/file_transfer.py
[2025-06-23T01:36:41.266+0000] {processor.py:925} INFO - DAG(s) 'minio_to_hpc_transfer' retrieved from /opt/airflow/dags/file_transfer.py
[2025-06-23T01:36:41.275+0000] {logging_mixin.py:190} INFO - [2025-06-23T01:36:41.275+0000] {dag.py:3239} INFO - Sync 1 DAGs
[2025-06-23T01:36:41.281+0000] {logging_mixin.py:190} INFO - [2025-06-23T01:36:41.281+0000] {dag.py:4180} INFO - Setting next_dagrun for minio_to_hpc_transfer to None, run_after=None
[2025-06-23T01:36:41.291+0000] {processor.py:208} INFO - Processing /opt/airflow/dags/file_transfer.py took 0.078 seconds
[2025-06-23T01:37:11.341+0000] {processor.py:186} INFO - Started process (PID=28722) to work on /opt/airflow/dags/file_transfer.py
[2025-06-23T01:37:11.341+0000] {processor.py:914} INFO - Processing file /opt/airflow/dags/file_transfer.py for tasks to queue
[2025-06-23T01:37:11.342+0000] {logging_mixin.py:190} INFO - [2025-06-23T01:37:11.342+0000] {dagbag.py:588} INFO - Filling up the DagBag from /opt/airflow/dags/file_transfer.py
[2025-06-23T01:37:11.388+0000] {processor.py:925} INFO - DAG(s) 'minio_to_hpc_transfer' retrieved from /opt/airflow/dags/file_transfer.py
[2025-06-23T01:37:11.398+0000] {logging_mixin.py:190} INFO - [2025-06-23T01:37:11.398+0000] {dag.py:3239} INFO - Sync 1 DAGs
[2025-06-23T01:37:11.404+0000] {logging_mixin.py:190} INFO - [2025-06-23T01:37:11.404+0000] {dag.py:4180} INFO - Setting next_dagrun for minio_to_hpc_transfer to None, run_after=None
[2025-06-23T01:37:11.411+0000] {processor.py:208} INFO - Processing /opt/airflow/dags/file_transfer.py took 0.073 seconds
[2025-06-23T02:28:28.471+0000] {processor.py:186} INFO - Started process (PID=28799) to work on /opt/airflow/dags/file_transfer.py
[2025-06-23T02:28:28.472+0000] {processor.py:914} INFO - Processing file /opt/airflow/dags/file_transfer.py for tasks to queue
[2025-06-23T02:28:28.473+0000] {logging_mixin.py:190} INFO - [2025-06-23T02:28:28.473+0000] {dagbag.py:588} INFO - Filling up the DagBag from /opt/airflow/dags/file_transfer.py
[2025-06-23T02:28:28.554+0000] {processor.py:925} INFO - DAG(s) 'minio_to_hpc_transfer' retrieved from /opt/airflow/dags/file_transfer.py
[2025-06-23T02:28:28.563+0000] {logging_mixin.py:190} INFO - [2025-06-23T02:28:28.563+0000] {dag.py:3239} INFO - Sync 1 DAGs
[2025-06-23T02:28:28.570+0000] {logging_mixin.py:190} INFO - [2025-06-23T02:28:28.570+0000] {dag.py:4180} INFO - Setting next_dagrun for minio_to_hpc_transfer to None, run_after=None
[2025-06-23T02:28:28.585+0000] {processor.py:208} INFO - Processing /opt/airflow/dags/file_transfer.py took 0.117 seconds
[2025-06-23T02:38:08.683+0000] {processor.py:186} INFO - Started process (PID=28877) to work on /opt/airflow/dags/file_transfer.py
[2025-06-23T02:38:08.687+0000] {processor.py:914} INFO - Processing file /opt/airflow/dags/file_transfer.py for tasks to queue
[2025-06-23T02:38:08.687+0000] {logging_mixin.py:190} INFO - [2025-06-23T02:38:08.687+0000] {dagbag.py:588} INFO - Filling up the DagBag from /opt/airflow/dags/file_transfer.py
[2025-06-23T02:38:08.732+0000] {processor.py:925} INFO - DAG(s) 'minio_to_hpc_transfer' retrieved from /opt/airflow/dags/file_transfer.py
[2025-06-23T02:38:08.739+0000] {logging_mixin.py:190} INFO - [2025-06-23T02:38:08.739+0000] {dag.py:3239} INFO - Sync 1 DAGs
[2025-06-23T02:38:08.745+0000] {logging_mixin.py:190} INFO - [2025-06-23T02:38:08.744+0000] {dag.py:4180} INFO - Setting next_dagrun for minio_to_hpc_transfer to None, run_after=None
[2025-06-23T02:38:08.753+0000] {processor.py:208} INFO - Processing /opt/airflow/dags/file_transfer.py took 0.072 seconds
[2025-06-23T03:10:45.386+0000] {processor.py:186} INFO - Started process (PID=28955) to work on /opt/airflow/dags/file_transfer.py
[2025-06-23T03:10:45.387+0000] {processor.py:914} INFO - Processing file /opt/airflow/dags/file_transfer.py for tasks to queue
[2025-06-23T03:10:45.389+0000] {logging_mixin.py:190} INFO - [2025-06-23T03:10:45.389+0000] {dagbag.py:588} INFO - Filling up the DagBag from /opt/airflow/dags/file_transfer.py
[2025-06-23T03:10:45.457+0000] {processor.py:925} INFO - DAG(s) 'minio_to_hpc_transfer' retrieved from /opt/airflow/dags/file_transfer.py
[2025-06-23T03:10:45.467+0000] {logging_mixin.py:190} INFO - [2025-06-23T03:10:45.467+0000] {dag.py:3239} INFO - Sync 1 DAGs
[2025-06-23T03:10:45.476+0000] {logging_mixin.py:190} INFO - [2025-06-23T03:10:45.476+0000] {dag.py:4180} INFO - Setting next_dagrun for minio_to_hpc_transfer to None, run_after=None
[2025-06-23T03:10:45.492+0000] {processor.py:208} INFO - Processing /opt/airflow/dags/file_transfer.py took 0.109 seconds
[2025-06-23T03:38:53.996+0000] {processor.py:186} INFO - Started process (PID=29033) to work on /opt/airflow/dags/file_transfer.py
[2025-06-23T03:38:53.996+0000] {processor.py:914} INFO - Processing file /opt/airflow/dags/file_transfer.py for tasks to queue
[2025-06-23T03:38:53.997+0000] {logging_mixin.py:190} INFO - [2025-06-23T03:38:53.997+0000] {dagbag.py:588} INFO - Filling up the DagBag from /opt/airflow/dags/file_transfer.py
[2025-06-23T03:38:54.048+0000] {processor.py:925} INFO - DAG(s) 'minio_to_hpc_transfer' retrieved from /opt/airflow/dags/file_transfer.py
[2025-06-23T03:38:54.056+0000] {logging_mixin.py:190} INFO - [2025-06-23T03:38:54.056+0000] {dag.py:3239} INFO - Sync 1 DAGs
[2025-06-23T03:38:54.062+0000] {logging_mixin.py:190} INFO - [2025-06-23T03:38:54.062+0000] {dag.py:4180} INFO - Setting next_dagrun for minio_to_hpc_transfer to None, run_after=None
[2025-06-23T03:38:54.068+0000] {processor.py:208} INFO - Processing /opt/airflow/dags/file_transfer.py took 0.075 seconds
[2025-06-23T04:39:46.501+0000] {processor.py:186} INFO - Started process (PID=29111) to work on /opt/airflow/dags/file_transfer.py
[2025-06-23T04:39:46.502+0000] {processor.py:914} INFO - Processing file /opt/airflow/dags/file_transfer.py for tasks to queue
[2025-06-23T04:39:46.502+0000] {logging_mixin.py:190} INFO - [2025-06-23T04:39:46.502+0000] {dagbag.py:588} INFO - Filling up the DagBag from /opt/airflow/dags/file_transfer.py
[2025-06-23T04:39:46.545+0000] {processor.py:925} INFO - DAG(s) 'minio_to_hpc_transfer' retrieved from /opt/airflow/dags/file_transfer.py
[2025-06-23T04:39:46.552+0000] {logging_mixin.py:190} INFO - [2025-06-23T04:39:46.552+0000] {dag.py:3239} INFO - Sync 1 DAGs
[2025-06-23T04:39:46.558+0000] {logging_mixin.py:190} INFO - [2025-06-23T04:39:46.558+0000] {dag.py:4180} INFO - Setting next_dagrun for minio_to_hpc_transfer to None, run_after=None
[2025-06-23T04:39:46.569+0000] {processor.py:208} INFO - Processing /opt/airflow/dags/file_transfer.py took 0.070 seconds
[2025-06-23T05:32:39.092+0000] {processor.py:186} INFO - Started process (PID=29189) to work on /opt/airflow/dags/file_transfer.py
[2025-06-23T05:32:39.093+0000] {processor.py:914} INFO - Processing file /opt/airflow/dags/file_transfer.py for tasks to queue
[2025-06-23T05:32:39.095+0000] {logging_mixin.py:190} INFO - [2025-06-23T05:32:39.095+0000] {dagbag.py:588} INFO - Filling up the DagBag from /opt/airflow/dags/file_transfer.py
[2025-06-23T05:32:39.158+0000] {processor.py:925} INFO - DAG(s) 'minio_to_hpc_transfer' retrieved from /opt/airflow/dags/file_transfer.py
[2025-06-23T05:32:39.175+0000] {logging_mixin.py:190} INFO - [2025-06-23T05:32:39.175+0000] {dag.py:3239} INFO - Sync 1 DAGs
[2025-06-23T05:32:39.186+0000] {logging_mixin.py:190} INFO - [2025-06-23T05:32:39.186+0000] {dag.py:4180} INFO - Setting next_dagrun for minio_to_hpc_transfer to None, run_after=None
[2025-06-23T05:32:39.201+0000] {processor.py:208} INFO - Processing /opt/airflow/dags/file_transfer.py took 0.113 seconds
[2025-06-23T05:33:09.293+0000] {processor.py:186} INFO - Started process (PID=29267) to work on /opt/airflow/dags/file_transfer.py
[2025-06-23T05:33:09.294+0000] {processor.py:914} INFO - Processing file /opt/airflow/dags/file_transfer.py for tasks to queue
[2025-06-23T05:33:09.294+0000] {logging_mixin.py:190} INFO - [2025-06-23T05:33:09.294+0000] {dagbag.py:588} INFO - Filling up the DagBag from /opt/airflow/dags/file_transfer.py
[2025-06-23T05:33:09.350+0000] {processor.py:925} INFO - DAG(s) 'minio_to_hpc_transfer' retrieved from /opt/airflow/dags/file_transfer.py
[2025-06-23T05:33:09.359+0000] {logging_mixin.py:190} INFO - [2025-06-23T05:33:09.359+0000] {dag.py:3239} INFO - Sync 1 DAGs
[2025-06-23T05:33:09.365+0000] {logging_mixin.py:190} INFO - [2025-06-23T05:33:09.365+0000] {dag.py:4180} INFO - Setting next_dagrun for minio_to_hpc_transfer to None, run_after=None
[2025-06-23T05:33:09.375+0000] {processor.py:208} INFO - Processing /opt/airflow/dags/file_transfer.py took 0.085 seconds
[2025-06-23T05:33:39.751+0000] {processor.py:186} INFO - Started process (PID=29345) to work on /opt/airflow/dags/file_transfer.py
[2025-06-23T05:33:39.752+0000] {processor.py:914} INFO - Processing file /opt/airflow/dags/file_transfer.py for tasks to queue
[2025-06-23T05:33:39.753+0000] {logging_mixin.py:190} INFO - [2025-06-23T05:33:39.753+0000] {dagbag.py:588} INFO - Filling up the DagBag from /opt/airflow/dags/file_transfer.py
[2025-06-23T05:33:39.799+0000] {processor.py:925} INFO - DAG(s) 'minio_to_hpc_transfer' retrieved from /opt/airflow/dags/file_transfer.py
[2025-06-23T05:33:39.807+0000] {logging_mixin.py:190} INFO - [2025-06-23T05:33:39.807+0000] {dag.py:3239} INFO - Sync 1 DAGs
[2025-06-23T05:33:39.817+0000] {logging_mixin.py:190} INFO - [2025-06-23T05:33:39.817+0000] {dag.py:4180} INFO - Setting next_dagrun for minio_to_hpc_transfer to None, run_after=None
[2025-06-23T05:33:39.829+0000] {processor.py:208} INFO - Processing /opt/airflow/dags/file_transfer.py took 0.081 seconds
[2025-06-23T05:34:12.493+0000] {processor.py:186} INFO - Started process (PID=29423) to work on /opt/airflow/dags/file_transfer.py
[2025-06-23T05:34:12.527+0000] {processor.py:914} INFO - Processing file /opt/airflow/dags/file_transfer.py for tasks to queue
[2025-06-23T05:34:12.529+0000] {logging_mixin.py:190} INFO - [2025-06-23T05:34:12.528+0000] {dagbag.py:588} INFO - Filling up the DagBag from /opt/airflow/dags/file_transfer.py
[2025-06-23T05:34:12.687+0000] {processor.py:925} INFO - DAG(s) 'minio_to_hpc_transfer' retrieved from /opt/airflow/dags/file_transfer.py
[2025-06-23T05:34:12.726+0000] {logging_mixin.py:190} INFO - [2025-06-23T05:34:12.725+0000] {dag.py:3239} INFO - Sync 1 DAGs
[2025-06-23T05:34:12.745+0000] {logging_mixin.py:190} INFO - [2025-06-23T05:34:12.745+0000] {dag.py:4180} INFO - Setting next_dagrun for minio_to_hpc_transfer to None, run_after=None
[2025-06-23T05:34:12.769+0000] {processor.py:208} INFO - Processing /opt/airflow/dags/file_transfer.py took 0.305 seconds
[2025-06-23T05:34:43.942+0000] {processor.py:186} INFO - Started process (PID=29501) to work on /opt/airflow/dags/file_transfer.py
[2025-06-23T05:34:43.945+0000] {processor.py:914} INFO - Processing file /opt/airflow/dags/file_transfer.py for tasks to queue
[2025-06-23T05:34:43.952+0000] {logging_mixin.py:190} INFO - [2025-06-23T05:34:43.951+0000] {dagbag.py:588} INFO - Filling up the DagBag from /opt/airflow/dags/file_transfer.py
[2025-06-23T05:34:44.267+0000] {processor.py:925} INFO - DAG(s) 'minio_to_hpc_transfer' retrieved from /opt/airflow/dags/file_transfer.py
[2025-06-23T05:34:44.358+0000] {logging_mixin.py:190} INFO - [2025-06-23T05:34:44.357+0000] {dag.py:3239} INFO - Sync 1 DAGs
[2025-06-23T05:34:44.387+0000] {logging_mixin.py:190} INFO - [2025-06-23T05:34:44.386+0000] {dag.py:4180} INFO - Setting next_dagrun for minio_to_hpc_transfer to None, run_after=None
[2025-06-23T05:34:44.452+0000] {processor.py:208} INFO - Processing /opt/airflow/dags/file_transfer.py took 0.525 seconds
[2025-06-23T05:35:16.796+0000] {processor.py:186} INFO - Started process (PID=29579) to work on /opt/airflow/dags/file_transfer.py
[2025-06-23T05:35:16.864+0000] {processor.py:914} INFO - Processing file /opt/airflow/dags/file_transfer.py for tasks to queue
[2025-06-23T05:35:16.870+0000] {logging_mixin.py:190} INFO - [2025-06-23T05:35:16.869+0000] {dagbag.py:588} INFO - Filling up the DagBag from /opt/airflow/dags/file_transfer.py
[2025-06-23T05:35:17.207+0000] {processor.py:925} INFO - DAG(s) 'minio_to_hpc_transfer' retrieved from /opt/airflow/dags/file_transfer.py
[2025-06-23T05:35:17.281+0000] {logging_mixin.py:190} INFO - [2025-06-23T05:35:17.265+0000] {dag.py:3239} INFO - Sync 1 DAGs
[2025-06-23T05:35:17.366+0000] {logging_mixin.py:190} INFO - [2025-06-23T05:35:17.365+0000] {dag.py:4180} INFO - Setting next_dagrun for minio_to_hpc_transfer to None, run_after=None
[2025-06-23T05:35:17.418+0000] {processor.py:208} INFO - Processing /opt/airflow/dags/file_transfer.py took 0.640 seconds
[2025-06-23T05:35:47.853+0000] {processor.py:186} INFO - Started process (PID=29657) to work on /opt/airflow/dags/file_transfer.py
[2025-06-23T05:35:47.854+0000] {processor.py:914} INFO - Processing file /opt/airflow/dags/file_transfer.py for tasks to queue
[2025-06-23T05:35:47.855+0000] {logging_mixin.py:190} INFO - [2025-06-23T05:35:47.854+0000] {dagbag.py:588} INFO - Filling up the DagBag from /opt/airflow/dags/file_transfer.py
[2025-06-23T05:35:47.898+0000] {processor.py:925} INFO - DAG(s) 'minio_to_hpc_transfer' retrieved from /opt/airflow/dags/file_transfer.py
[2025-06-23T05:35:47.910+0000] {logging_mixin.py:190} INFO - [2025-06-23T05:35:47.910+0000] {dag.py:3239} INFO - Sync 1 DAGs
[2025-06-23T05:35:47.918+0000] {logging_mixin.py:190} INFO - [2025-06-23T05:35:47.917+0000] {dag.py:4180} INFO - Setting next_dagrun for minio_to_hpc_transfer to None, run_after=None
[2025-06-23T05:35:47.926+0000] {processor.py:208} INFO - Processing /opt/airflow/dags/file_transfer.py took 0.077 seconds
[2025-06-23T05:36:18.337+0000] {processor.py:186} INFO - Started process (PID=29735) to work on /opt/airflow/dags/file_transfer.py
[2025-06-23T05:36:18.339+0000] {processor.py:914} INFO - Processing file /opt/airflow/dags/file_transfer.py for tasks to queue
[2025-06-23T05:36:18.340+0000] {logging_mixin.py:190} INFO - [2025-06-23T05:36:18.340+0000] {dagbag.py:588} INFO - Filling up the DagBag from /opt/airflow/dags/file_transfer.py
[2025-06-23T05:36:18.382+0000] {processor.py:925} INFO - DAG(s) 'minio_to_hpc_transfer' retrieved from /opt/airflow/dags/file_transfer.py
[2025-06-23T05:36:18.392+0000] {logging_mixin.py:190} INFO - [2025-06-23T05:36:18.392+0000] {dag.py:3239} INFO - Sync 1 DAGs
[2025-06-23T05:36:18.400+0000] {logging_mixin.py:190} INFO - [2025-06-23T05:36:18.400+0000] {dag.py:4180} INFO - Setting next_dagrun for minio_to_hpc_transfer to None, run_after=None
[2025-06-23T05:36:18.412+0000] {processor.py:208} INFO - Processing /opt/airflow/dags/file_transfer.py took 0.078 seconds
[2025-06-23T05:36:48.557+0000] {processor.py:186} INFO - Started process (PID=29813) to work on /opt/airflow/dags/file_transfer.py
[2025-06-23T05:36:48.558+0000] {processor.py:914} INFO - Processing file /opt/airflow/dags/file_transfer.py for tasks to queue
[2025-06-23T05:36:48.559+0000] {logging_mixin.py:190} INFO - [2025-06-23T05:36:48.559+0000] {dagbag.py:588} INFO - Filling up the DagBag from /opt/airflow/dags/file_transfer.py
[2025-06-23T05:36:48.609+0000] {processor.py:925} INFO - DAG(s) 'minio_to_hpc_transfer' retrieved from /opt/airflow/dags/file_transfer.py
[2025-06-23T05:36:48.621+0000] {logging_mixin.py:190} INFO - [2025-06-23T05:36:48.621+0000] {dag.py:3239} INFO - Sync 1 DAGs
[2025-06-23T05:36:48.627+0000] {logging_mixin.py:190} INFO - [2025-06-23T05:36:48.627+0000] {dag.py:4180} INFO - Setting next_dagrun for minio_to_hpc_transfer to None, run_after=None
[2025-06-23T05:36:48.634+0000] {processor.py:208} INFO - Processing /opt/airflow/dags/file_transfer.py took 0.083 seconds
[2025-06-23T05:37:18.933+0000] {processor.py:186} INFO - Started process (PID=29891) to work on /opt/airflow/dags/file_transfer.py
[2025-06-23T05:37:18.934+0000] {processor.py:914} INFO - Processing file /opt/airflow/dags/file_transfer.py for tasks to queue
[2025-06-23T05:37:18.936+0000] {logging_mixin.py:190} INFO - [2025-06-23T05:37:18.936+0000] {dagbag.py:588} INFO - Filling up the DagBag from /opt/airflow/dags/file_transfer.py
[2025-06-23T05:37:18.978+0000] {processor.py:925} INFO - DAG(s) 'minio_to_hpc_transfer' retrieved from /opt/airflow/dags/file_transfer.py
[2025-06-23T05:37:18.986+0000] {logging_mixin.py:190} INFO - [2025-06-23T05:37:18.986+0000] {dag.py:3239} INFO - Sync 1 DAGs
[2025-06-23T05:37:18.993+0000] {logging_mixin.py:190} INFO - [2025-06-23T05:37:18.993+0000] {dag.py:4180} INFO - Setting next_dagrun for minio_to_hpc_transfer to None, run_after=None
[2025-06-23T05:37:19.005+0000] {processor.py:208} INFO - Processing /opt/airflow/dags/file_transfer.py took 0.077 seconds
[2025-06-23T05:37:49.915+0000] {processor.py:186} INFO - Started process (PID=29969) to work on /opt/airflow/dags/file_transfer.py
[2025-06-23T05:37:49.919+0000] {processor.py:914} INFO - Processing file /opt/airflow/dags/file_transfer.py for tasks to queue
[2025-06-23T05:37:49.920+0000] {logging_mixin.py:190} INFO - [2025-06-23T05:37:49.919+0000] {dagbag.py:588} INFO - Filling up the DagBag from /opt/airflow/dags/file_transfer.py
[2025-06-23T05:37:49.960+0000] {processor.py:925} INFO - DAG(s) 'minio_to_hpc_transfer' retrieved from /opt/airflow/dags/file_transfer.py
[2025-06-23T05:37:49.968+0000] {logging_mixin.py:190} INFO - [2025-06-23T05:37:49.968+0000] {dag.py:3239} INFO - Sync 1 DAGs
[2025-06-23T05:37:49.975+0000] {logging_mixin.py:190} INFO - [2025-06-23T05:37:49.975+0000] {dag.py:4180} INFO - Setting next_dagrun for minio_to_hpc_transfer to None, run_after=None
[2025-06-23T05:37:49.990+0000] {processor.py:208} INFO - Processing /opt/airflow/dags/file_transfer.py took 0.080 seconds
[2025-06-23T05:38:20.465+0000] {processor.py:186} INFO - Started process (PID=30047) to work on /opt/airflow/dags/file_transfer.py
[2025-06-23T05:38:20.467+0000] {processor.py:914} INFO - Processing file /opt/airflow/dags/file_transfer.py for tasks to queue
[2025-06-23T05:38:20.468+0000] {logging_mixin.py:190} INFO - [2025-06-23T05:38:20.467+0000] {dagbag.py:588} INFO - Filling up the DagBag from /opt/airflow/dags/file_transfer.py
[2025-06-23T05:38:20.521+0000] {processor.py:925} INFO - DAG(s) 'minio_to_hpc_transfer' retrieved from /opt/airflow/dags/file_transfer.py
[2025-06-23T05:38:20.537+0000] {logging_mixin.py:190} INFO - [2025-06-23T05:38:20.536+0000] {dag.py:3239} INFO - Sync 1 DAGs
[2025-06-23T05:38:20.548+0000] {logging_mixin.py:190} INFO - [2025-06-23T05:38:20.547+0000] {dag.py:4180} INFO - Setting next_dagrun for minio_to_hpc_transfer to None, run_after=None
[2025-06-23T05:38:20.559+0000] {processor.py:208} INFO - Processing /opt/airflow/dags/file_transfer.py took 0.100 seconds
[2025-06-23T05:38:50.614+0000] {processor.py:186} INFO - Started process (PID=30126) to work on /opt/airflow/dags/file_transfer.py
[2025-06-23T05:38:50.615+0000] {processor.py:914} INFO - Processing file /opt/airflow/dags/file_transfer.py for tasks to queue
[2025-06-23T05:38:50.615+0000] {logging_mixin.py:190} INFO - [2025-06-23T05:38:50.615+0000] {dagbag.py:588} INFO - Filling up the DagBag from /opt/airflow/dags/file_transfer.py
[2025-06-23T05:38:50.651+0000] {processor.py:925} INFO - DAG(s) 'minio_to_hpc_transfer' retrieved from /opt/airflow/dags/file_transfer.py
[2025-06-23T05:38:50.662+0000] {logging_mixin.py:190} INFO - [2025-06-23T05:38:50.662+0000] {dag.py:3239} INFO - Sync 1 DAGs
[2025-06-23T05:38:50.669+0000] {logging_mixin.py:190} INFO - [2025-06-23T05:38:50.668+0000] {dag.py:4180} INFO - Setting next_dagrun for minio_to_hpc_transfer to None, run_after=None
[2025-06-23T05:38:50.676+0000] {processor.py:208} INFO - Processing /opt/airflow/dags/file_transfer.py took 0.066 seconds
[2025-06-23T05:39:20.807+0000] {processor.py:186} INFO - Started process (PID=30203) to work on /opt/airflow/dags/file_transfer.py
[2025-06-23T05:39:20.809+0000] {processor.py:914} INFO - Processing file /opt/airflow/dags/file_transfer.py for tasks to queue
[2025-06-23T05:39:20.811+0000] {logging_mixin.py:190} INFO - [2025-06-23T05:39:20.810+0000] {dagbag.py:588} INFO - Filling up the DagBag from /opt/airflow/dags/file_transfer.py
[2025-06-23T05:39:20.867+0000] {processor.py:925} INFO - DAG(s) 'minio_to_hpc_transfer' retrieved from /opt/airflow/dags/file_transfer.py
[2025-06-23T05:39:20.892+0000] {logging_mixin.py:190} INFO - [2025-06-23T05:39:20.892+0000] {dag.py:3239} INFO - Sync 1 DAGs
[2025-06-23T05:39:20.901+0000] {logging_mixin.py:190} INFO - [2025-06-23T05:39:20.901+0000] {dag.py:4180} INFO - Setting next_dagrun for minio_to_hpc_transfer to None, run_after=None
[2025-06-23T05:39:20.924+0000] {processor.py:208} INFO - Processing /opt/airflow/dags/file_transfer.py took 0.120 seconds
[2025-06-23T06:25:47.272+0000] {processor.py:186} INFO - Started process (PID=30256) to work on /opt/airflow/dags/file_transfer.py
[2025-06-23T06:25:47.273+0000] {processor.py:914} INFO - Processing file /opt/airflow/dags/file_transfer.py for tasks to queue
[2025-06-23T06:25:47.274+0000] {logging_mixin.py:190} INFO - [2025-06-23T06:25:47.273+0000] {dagbag.py:588} INFO - Filling up the DagBag from /opt/airflow/dags/file_transfer.py
[2025-06-23T06:25:47.372+0000] {processor.py:925} INFO - DAG(s) 'minio_to_hpc_transfer' retrieved from /opt/airflow/dags/file_transfer.py
[2025-06-23T06:25:47.401+0000] {logging_mixin.py:190} INFO - [2025-06-23T06:25:47.401+0000] {dag.py:3239} INFO - Sync 1 DAGs
[2025-06-23T06:25:47.425+0000] {logging_mixin.py:190} INFO - [2025-06-23T06:25:47.425+0000] {dag.py:4180} INFO - Setting next_dagrun for minio_to_hpc_transfer to None, run_after=None
[2025-06-23T06:25:47.438+0000] {processor.py:208} INFO - Processing /opt/airflow/dags/file_transfer.py took 0.171 seconds
[2025-06-23T06:27:11.798+0000] {processor.py:186} INFO - Started process (PID=30334) to work on /opt/airflow/dags/file_transfer.py
[2025-06-23T06:27:11.799+0000] {processor.py:914} INFO - Processing file /opt/airflow/dags/file_transfer.py for tasks to queue
[2025-06-23T06:27:11.800+0000] {logging_mixin.py:190} INFO - [2025-06-23T06:27:11.800+0000] {dagbag.py:588} INFO - Filling up the DagBag from /opt/airflow/dags/file_transfer.py
[2025-06-23T06:27:11.855+0000] {processor.py:925} INFO - DAG(s) 'minio_to_hpc_transfer' retrieved from /opt/airflow/dags/file_transfer.py
[2025-06-23T06:27:11.869+0000] {logging_mixin.py:190} INFO - [2025-06-23T06:27:11.869+0000] {dag.py:3239} INFO - Sync 1 DAGs
[2025-06-23T06:27:11.878+0000] {logging_mixin.py:190} INFO - [2025-06-23T06:27:11.877+0000] {dag.py:4180} INFO - Setting next_dagrun for minio_to_hpc_transfer to None, run_after=None
[2025-06-23T06:27:11.885+0000] {processor.py:208} INFO - Processing /opt/airflow/dags/file_transfer.py took 0.090 seconds
[2025-06-23T06:34:07.936+0000] {processor.py:186} INFO - Started process (PID=30412) to work on /opt/airflow/dags/file_transfer.py
[2025-06-23T06:34:07.937+0000] {processor.py:914} INFO - Processing file /opt/airflow/dags/file_transfer.py for tasks to queue
[2025-06-23T06:34:07.937+0000] {logging_mixin.py:190} INFO - [2025-06-23T06:34:07.937+0000] {dagbag.py:588} INFO - Filling up the DagBag from /opt/airflow/dags/file_transfer.py
[2025-06-23T06:34:07.977+0000] {processor.py:925} INFO - DAG(s) 'minio_to_hpc_transfer' retrieved from /opt/airflow/dags/file_transfer.py
[2025-06-23T06:34:07.985+0000] {logging_mixin.py:190} INFO - [2025-06-23T06:34:07.984+0000] {dag.py:3239} INFO - Sync 1 DAGs
[2025-06-23T06:34:07.990+0000] {logging_mixin.py:190} INFO - [2025-06-23T06:34:07.990+0000] {dag.py:4180} INFO - Setting next_dagrun for minio_to_hpc_transfer to None, run_after=None
[2025-06-23T06:34:07.996+0000] {processor.py:208} INFO - Processing /opt/airflow/dags/file_transfer.py took 0.063 seconds
[2025-06-23T06:35:37.035+0000] {processor.py:186} INFO - Started process (PID=30490) to work on /opt/airflow/dags/file_transfer.py
[2025-06-23T06:35:37.036+0000] {processor.py:914} INFO - Processing file /opt/airflow/dags/file_transfer.py for tasks to queue
[2025-06-23T06:35:37.036+0000] {logging_mixin.py:190} INFO - [2025-06-23T06:35:37.036+0000] {dagbag.py:588} INFO - Filling up the DagBag from /opt/airflow/dags/file_transfer.py
[2025-06-23T06:35:37.074+0000] {processor.py:925} INFO - DAG(s) 'minio_to_hpc_transfer' retrieved from /opt/airflow/dags/file_transfer.py
[2025-06-23T06:35:37.081+0000] {logging_mixin.py:190} INFO - [2025-06-23T06:35:37.081+0000] {dag.py:3239} INFO - Sync 1 DAGs
[2025-06-23T06:35:37.086+0000] {logging_mixin.py:190} INFO - [2025-06-23T06:35:37.086+0000] {dag.py:4180} INFO - Setting next_dagrun for minio_to_hpc_transfer to None, run_after=None
[2025-06-23T06:35:37.092+0000] {processor.py:208} INFO - Processing /opt/airflow/dags/file_transfer.py took 0.060 seconds
[2025-06-23T06:36:36.300+0000] {processor.py:186} INFO - Started process (PID=30568) to work on /opt/airflow/dags/file_transfer.py
[2025-06-23T06:36:36.300+0000] {processor.py:914} INFO - Processing file /opt/airflow/dags/file_transfer.py for tasks to queue
[2025-06-23T06:36:36.300+0000] {logging_mixin.py:190} INFO - [2025-06-23T06:36:36.300+0000] {dagbag.py:588} INFO - Filling up the DagBag from /opt/airflow/dags/file_transfer.py
[2025-06-23T06:36:36.328+0000] {processor.py:925} INFO - DAG(s) 'minio_to_hpc_transfer' retrieved from /opt/airflow/dags/file_transfer.py
[2025-06-23T06:36:36.336+0000] {logging_mixin.py:190} INFO - [2025-06-23T06:36:36.336+0000] {dag.py:3239} INFO - Sync 1 DAGs
[2025-06-23T06:36:36.341+0000] {logging_mixin.py:190} INFO - [2025-06-23T06:36:36.341+0000] {dag.py:4180} INFO - Setting next_dagrun for minio_to_hpc_transfer to None, run_after=None
[2025-06-23T06:36:36.348+0000] {processor.py:208} INFO - Processing /opt/airflow/dags/file_transfer.py took 0.051 seconds
[2025-06-23T07:13:28.860+0000] {processor.py:186} INFO - Started process (PID=30646) to work on /opt/airflow/dags/file_transfer.py
[2025-06-23T07:13:28.861+0000] {processor.py:914} INFO - Processing file /opt/airflow/dags/file_transfer.py for tasks to queue
[2025-06-23T07:13:28.861+0000] {logging_mixin.py:190} INFO - [2025-06-23T07:13:28.861+0000] {dagbag.py:588} INFO - Filling up the DagBag from /opt/airflow/dags/file_transfer.py
[2025-06-23T07:13:28.902+0000] {processor.py:925} INFO - DAG(s) 'minio_to_hpc_transfer' retrieved from /opt/airflow/dags/file_transfer.py
[2025-06-23T07:13:28.911+0000] {logging_mixin.py:190} INFO - [2025-06-23T07:13:28.911+0000] {dag.py:3239} INFO - Sync 1 DAGs
[2025-06-23T07:13:28.917+0000] {logging_mixin.py:190} INFO - [2025-06-23T07:13:28.917+0000] {dag.py:4180} INFO - Setting next_dagrun for minio_to_hpc_transfer to None, run_after=None
[2025-06-23T07:13:28.922+0000] {processor.py:208} INFO - Processing /opt/airflow/dags/file_transfer.py took 0.066 seconds
