[2025-06-23T00:35:49.512+0000] {processor.py:186} INFO - Started process (PID=28564) to work on /opt/airflow/dags/slurm_20250426_162629.py
[2025-06-23T00:35:49.513+0000] {processor.py:914} INFO - Processing file /opt/airflow/dags/slurm_20250426_162629.py for tasks to queue
[2025-06-23T00:35:49.513+0000] {logging_mixin.py:190} INFO - [2025-06-23T00:35:49.513+0000] {dagbag.py:588} INFO - Filling up the DagBag from /opt/airflow/dags/slurm_20250426_162629.py
[2025-06-23T00:35:49.517+0000] {processor.py:925} INFO - DAG(s) 'slurm_20250426_162629' retrieved from /opt/airflow/dags/slurm_20250426_162629.py
[2025-06-23T00:35:49.525+0000] {logging_mixin.py:190} INFO - [2025-06-23T00:35:49.525+0000] {dag.py:3239} INFO - Sync 1 DAGs
[2025-06-23T00:35:49.533+0000] {logging_mixin.py:190} INFO - [2025-06-23T00:35:49.533+0000] {dag.py:4180} INFO - Setting next_dagrun for slurm_20250426_162629 to 2025-04-26 00:00:00+00:00, run_after=2025-04-26 00:00:00+00:00
[2025-06-23T00:35:49.539+0000] {processor.py:208} INFO - Processing /opt/airflow/dags/slurm_20250426_162629.py took 0.029 seconds
[2025-06-23T01:36:41.171+0000] {processor.py:186} INFO - Started process (PID=28642) to work on /opt/airflow/dags/slurm_20250426_162629.py
[2025-06-23T01:36:41.171+0000] {processor.py:914} INFO - Processing file /opt/airflow/dags/slurm_20250426_162629.py for tasks to queue
[2025-06-23T01:36:41.172+0000] {logging_mixin.py:190} INFO - [2025-06-23T01:36:41.172+0000] {dagbag.py:588} INFO - Filling up the DagBag from /opt/airflow/dags/slurm_20250426_162629.py
[2025-06-23T01:36:41.176+0000] {processor.py:925} INFO - DAG(s) 'slurm_20250426_162629' retrieved from /opt/airflow/dags/slurm_20250426_162629.py
[2025-06-23T01:36:41.184+0000] {logging_mixin.py:190} INFO - [2025-06-23T01:36:41.184+0000] {dag.py:3239} INFO - Sync 1 DAGs
[2025-06-23T01:36:41.193+0000] {logging_mixin.py:190} INFO - [2025-06-23T01:36:41.193+0000] {dag.py:4180} INFO - Setting next_dagrun for slurm_20250426_162629 to 2025-04-26 00:00:00+00:00, run_after=2025-04-26 00:00:00+00:00
[2025-06-23T01:36:41.199+0000] {processor.py:208} INFO - Processing /opt/airflow/dags/slurm_20250426_162629.py took 0.031 seconds
[2025-06-23T01:37:11.263+0000] {processor.py:186} INFO - Started process (PID=28720) to work on /opt/airflow/dags/slurm_20250426_162629.py
[2025-06-23T01:37:11.264+0000] {processor.py:914} INFO - Processing file /opt/airflow/dags/slurm_20250426_162629.py for tasks to queue
[2025-06-23T01:37:11.264+0000] {logging_mixin.py:190} INFO - [2025-06-23T01:37:11.264+0000] {dagbag.py:588} INFO - Filling up the DagBag from /opt/airflow/dags/slurm_20250426_162629.py
[2025-06-23T01:37:11.269+0000] {processor.py:925} INFO - DAG(s) 'slurm_20250426_162629' retrieved from /opt/airflow/dags/slurm_20250426_162629.py
[2025-06-23T01:37:11.277+0000] {logging_mixin.py:190} INFO - [2025-06-23T01:37:11.277+0000] {dag.py:3239} INFO - Sync 1 DAGs
[2025-06-23T01:37:11.287+0000] {logging_mixin.py:190} INFO - [2025-06-23T01:37:11.287+0000] {dag.py:4180} INFO - Setting next_dagrun for slurm_20250426_162629 to 2025-04-26 00:00:00+00:00, run_after=2025-04-26 00:00:00+00:00
[2025-06-23T01:37:11.293+0000] {processor.py:208} INFO - Processing /opt/airflow/dags/slurm_20250426_162629.py took 0.033 seconds
[2025-06-23T02:28:28.417+0000] {processor.py:186} INFO - Started process (PID=28798) to work on /opt/airflow/dags/slurm_20250426_162629.py
[2025-06-23T02:28:28.418+0000] {processor.py:914} INFO - Processing file /opt/airflow/dags/slurm_20250426_162629.py for tasks to queue
[2025-06-23T02:28:28.418+0000] {logging_mixin.py:190} INFO - [2025-06-23T02:28:28.418+0000] {dagbag.py:588} INFO - Filling up the DagBag from /opt/airflow/dags/slurm_20250426_162629.py
[2025-06-23T02:28:28.424+0000] {processor.py:925} INFO - DAG(s) 'slurm_20250426_162629' retrieved from /opt/airflow/dags/slurm_20250426_162629.py
[2025-06-23T02:28:28.436+0000] {logging_mixin.py:190} INFO - [2025-06-23T02:28:28.436+0000] {dag.py:3239} INFO - Sync 1 DAGs
[2025-06-23T02:28:28.456+0000] {logging_mixin.py:190} INFO - [2025-06-23T02:28:28.456+0000] {dag.py:4180} INFO - Setting next_dagrun for slurm_20250426_162629 to 2025-04-26 00:00:00+00:00, run_after=2025-04-26 00:00:00+00:00
[2025-06-23T02:28:28.467+0000] {processor.py:208} INFO - Processing /opt/airflow/dags/slurm_20250426_162629.py took 0.055 seconds
[2025-06-23T02:38:08.669+0000] {processor.py:186} INFO - Started process (PID=28876) to work on /opt/airflow/dags/slurm_20250426_162629.py
[2025-06-23T02:38:08.670+0000] {processor.py:914} INFO - Processing file /opt/airflow/dags/slurm_20250426_162629.py for tasks to queue
[2025-06-23T02:38:08.671+0000] {logging_mixin.py:190} INFO - [2025-06-23T02:38:08.671+0000] {dagbag.py:588} INFO - Filling up the DagBag from /opt/airflow/dags/slurm_20250426_162629.py
[2025-06-23T02:38:08.675+0000] {processor.py:925} INFO - DAG(s) 'slurm_20250426_162629' retrieved from /opt/airflow/dags/slurm_20250426_162629.py
[2025-06-23T02:38:08.683+0000] {logging_mixin.py:190} INFO - [2025-06-23T02:38:08.682+0000] {dag.py:3239} INFO - Sync 1 DAGs
[2025-06-23T02:38:08.692+0000] {logging_mixin.py:190} INFO - [2025-06-23T02:38:08.692+0000] {dag.py:4180} INFO - Setting next_dagrun for slurm_20250426_162629 to 2025-04-26 00:00:00+00:00, run_after=2025-04-26 00:00:00+00:00
[2025-06-23T02:38:08.704+0000] {processor.py:208} INFO - Processing /opt/airflow/dags/slurm_20250426_162629.py took 0.038 seconds
[2025-06-23T03:10:45.378+0000] {processor.py:186} INFO - Started process (PID=28954) to work on /opt/airflow/dags/slurm_20250426_162629.py
[2025-06-23T03:10:45.381+0000] {processor.py:914} INFO - Processing file /opt/airflow/dags/slurm_20250426_162629.py for tasks to queue
[2025-06-23T03:10:45.382+0000] {logging_mixin.py:190} INFO - [2025-06-23T03:10:45.382+0000] {dagbag.py:588} INFO - Filling up the DagBag from /opt/airflow/dags/slurm_20250426_162629.py
[2025-06-23T03:10:45.387+0000] {processor.py:925} INFO - DAG(s) 'slurm_20250426_162629' retrieved from /opt/airflow/dags/slurm_20250426_162629.py
[2025-06-23T03:10:45.403+0000] {logging_mixin.py:190} INFO - [2025-06-23T03:10:45.403+0000] {dag.py:3239} INFO - Sync 1 DAGs
[2025-06-23T03:10:45.418+0000] {logging_mixin.py:190} INFO - [2025-06-23T03:10:45.418+0000] {dag.py:4180} INFO - Setting next_dagrun for slurm_20250426_162629 to 2025-04-26 00:00:00+00:00, run_after=2025-04-26 00:00:00+00:00
[2025-06-23T03:10:45.451+0000] {processor.py:208} INFO - Processing /opt/airflow/dags/slurm_20250426_162629.py took 0.076 seconds
[2025-06-23T03:38:53.949+0000] {processor.py:186} INFO - Started process (PID=29032) to work on /opt/airflow/dags/slurm_20250426_162629.py
[2025-06-23T03:38:53.949+0000] {processor.py:914} INFO - Processing file /opt/airflow/dags/slurm_20250426_162629.py for tasks to queue
[2025-06-23T03:38:53.950+0000] {logging_mixin.py:190} INFO - [2025-06-23T03:38:53.950+0000] {dagbag.py:588} INFO - Filling up the DagBag from /opt/airflow/dags/slurm_20250426_162629.py
[2025-06-23T03:38:53.955+0000] {processor.py:925} INFO - DAG(s) 'slurm_20250426_162629' retrieved from /opt/airflow/dags/slurm_20250426_162629.py
[2025-06-23T03:38:53.965+0000] {logging_mixin.py:190} INFO - [2025-06-23T03:38:53.965+0000] {dag.py:3239} INFO - Sync 1 DAGs
[2025-06-23T03:38:53.974+0000] {logging_mixin.py:190} INFO - [2025-06-23T03:38:53.974+0000] {dag.py:4180} INFO - Setting next_dagrun for slurm_20250426_162629 to 2025-04-26 00:00:00+00:00, run_after=2025-04-26 00:00:00+00:00
[2025-06-23T03:38:53.982+0000] {processor.py:208} INFO - Processing /opt/airflow/dags/slurm_20250426_162629.py took 0.036 seconds
[2025-06-23T04:39:46.468+0000] {processor.py:186} INFO - Started process (PID=29110) to work on /opt/airflow/dags/slurm_20250426_162629.py
[2025-06-23T04:39:46.469+0000] {processor.py:914} INFO - Processing file /opt/airflow/dags/slurm_20250426_162629.py for tasks to queue
[2025-06-23T04:39:46.469+0000] {logging_mixin.py:190} INFO - [2025-06-23T04:39:46.469+0000] {dagbag.py:588} INFO - Filling up the DagBag from /opt/airflow/dags/slurm_20250426_162629.py
[2025-06-23T04:39:46.473+0000] {processor.py:925} INFO - DAG(s) 'slurm_20250426_162629' retrieved from /opt/airflow/dags/slurm_20250426_162629.py
[2025-06-23T04:39:46.484+0000] {logging_mixin.py:190} INFO - [2025-06-23T04:39:46.484+0000] {dag.py:3239} INFO - Sync 1 DAGs
[2025-06-23T04:39:46.492+0000] {logging_mixin.py:190} INFO - [2025-06-23T04:39:46.492+0000] {dag.py:4180} INFO - Setting next_dagrun for slurm_20250426_162629 to 2025-04-26 00:00:00+00:00, run_after=2025-04-26 00:00:00+00:00
[2025-06-23T04:39:46.499+0000] {processor.py:208} INFO - Processing /opt/airflow/dags/slurm_20250426_162629.py took 0.033 seconds
[2025-06-23T05:32:39.082+0000] {processor.py:186} INFO - Started process (PID=29188) to work on /opt/airflow/dags/slurm_20250426_162629.py
[2025-06-23T05:32:39.086+0000] {processor.py:914} INFO - Processing file /opt/airflow/dags/slurm_20250426_162629.py for tasks to queue
[2025-06-23T05:32:39.087+0000] {logging_mixin.py:190} INFO - [2025-06-23T05:32:39.087+0000] {dagbag.py:588} INFO - Filling up the DagBag from /opt/airflow/dags/slurm_20250426_162629.py
[2025-06-23T05:32:39.093+0000] {processor.py:925} INFO - DAG(s) 'slurm_20250426_162629' retrieved from /opt/airflow/dags/slurm_20250426_162629.py
[2025-06-23T05:32:39.115+0000] {logging_mixin.py:190} INFO - [2025-06-23T05:32:39.115+0000] {dag.py:3239} INFO - Sync 1 DAGs
[2025-06-23T05:32:39.128+0000] {logging_mixin.py:190} INFO - [2025-06-23T05:32:39.128+0000] {dag.py:4180} INFO - Setting next_dagrun for slurm_20250426_162629 to 2025-04-26 00:00:00+00:00, run_after=2025-04-26 00:00:00+00:00
[2025-06-23T05:32:39.138+0000] {processor.py:208} INFO - Processing /opt/airflow/dags/slurm_20250426_162629.py took 0.060 seconds
[2025-06-23T05:33:09.244+0000] {processor.py:186} INFO - Started process (PID=29266) to work on /opt/airflow/dags/slurm_20250426_162629.py
[2025-06-23T05:33:09.244+0000] {processor.py:914} INFO - Processing file /opt/airflow/dags/slurm_20250426_162629.py for tasks to queue
[2025-06-23T05:33:09.245+0000] {logging_mixin.py:190} INFO - [2025-06-23T05:33:09.245+0000] {dagbag.py:588} INFO - Filling up the DagBag from /opt/airflow/dags/slurm_20250426_162629.py
[2025-06-23T05:33:09.249+0000] {processor.py:925} INFO - DAG(s) 'slurm_20250426_162629' retrieved from /opt/airflow/dags/slurm_20250426_162629.py
[2025-06-23T05:33:09.259+0000] {logging_mixin.py:190} INFO - [2025-06-23T05:33:09.259+0000] {dag.py:3239} INFO - Sync 1 DAGs
[2025-06-23T05:33:09.269+0000] {logging_mixin.py:190} INFO - [2025-06-23T05:33:09.269+0000] {dag.py:4180} INFO - Setting next_dagrun for slurm_20250426_162629 to 2025-04-26 00:00:00+00:00, run_after=2025-04-26 00:00:00+00:00
[2025-06-23T05:33:09.278+0000] {processor.py:208} INFO - Processing /opt/airflow/dags/slurm_20250426_162629.py took 0.037 seconds
[2025-06-23T05:33:39.700+0000] {processor.py:186} INFO - Started process (PID=29344) to work on /opt/airflow/dags/slurm_20250426_162629.py
[2025-06-23T05:33:39.701+0000] {processor.py:914} INFO - Processing file /opt/airflow/dags/slurm_20250426_162629.py for tasks to queue
[2025-06-23T05:33:39.702+0000] {logging_mixin.py:190} INFO - [2025-06-23T05:33:39.701+0000] {dagbag.py:588} INFO - Filling up the DagBag from /opt/airflow/dags/slurm_20250426_162629.py
[2025-06-23T05:33:39.707+0000] {processor.py:925} INFO - DAG(s) 'slurm_20250426_162629' retrieved from /opt/airflow/dags/slurm_20250426_162629.py
[2025-06-23T05:33:39.717+0000] {logging_mixin.py:190} INFO - [2025-06-23T05:33:39.717+0000] {dag.py:3239} INFO - Sync 1 DAGs
[2025-06-23T05:33:39.726+0000] {logging_mixin.py:190} INFO - [2025-06-23T05:33:39.726+0000] {dag.py:4180} INFO - Setting next_dagrun for slurm_20250426_162629 to 2025-04-26 00:00:00+00:00, run_after=2025-04-26 00:00:00+00:00
[2025-06-23T05:33:39.737+0000] {processor.py:208} INFO - Processing /opt/airflow/dags/slurm_20250426_162629.py took 0.039 seconds
[2025-06-23T05:34:12.209+0000] {processor.py:186} INFO - Started process (PID=29422) to work on /opt/airflow/dags/slurm_20250426_162629.py
[2025-06-23T05:34:12.215+0000] {processor.py:914} INFO - Processing file /opt/airflow/dags/slurm_20250426_162629.py for tasks to queue
[2025-06-23T05:34:12.219+0000] {logging_mixin.py:190} INFO - [2025-06-23T05:34:12.218+0000] {dagbag.py:588} INFO - Filling up the DagBag from /opt/airflow/dags/slurm_20250426_162629.py
[2025-06-23T05:34:12.271+0000] {processor.py:925} INFO - DAG(s) 'slurm_20250426_162629' retrieved from /opt/airflow/dags/slurm_20250426_162629.py
[2025-06-23T05:34:12.331+0000] {logging_mixin.py:190} INFO - [2025-06-23T05:34:12.330+0000] {dag.py:3239} INFO - Sync 1 DAGs
[2025-06-23T05:34:12.404+0000] {logging_mixin.py:190} INFO - [2025-06-23T05:34:12.404+0000] {dag.py:4180} INFO - Setting next_dagrun for slurm_20250426_162629 to 2025-04-26 00:00:00+00:00, run_after=2025-04-26 00:00:00+00:00
[2025-06-23T05:34:12.498+0000] {processor.py:208} INFO - Processing /opt/airflow/dags/slurm_20250426_162629.py took 0.302 seconds
[2025-06-23T05:34:43.927+0000] {processor.py:186} INFO - Started process (PID=29500) to work on /opt/airflow/dags/slurm_20250426_162629.py
[2025-06-23T05:34:43.928+0000] {processor.py:914} INFO - Processing file /opt/airflow/dags/slurm_20250426_162629.py for tasks to queue
[2025-06-23T05:34:43.932+0000] {logging_mixin.py:190} INFO - [2025-06-23T05:34:43.931+0000] {dagbag.py:588} INFO - Filling up the DagBag from /opt/airflow/dags/slurm_20250426_162629.py
[2025-06-23T05:34:43.953+0000] {processor.py:925} INFO - DAG(s) 'slurm_20250426_162629' retrieved from /opt/airflow/dags/slurm_20250426_162629.py
[2025-06-23T05:34:44.009+0000] {logging_mixin.py:190} INFO - [2025-06-23T05:34:44.009+0000] {dag.py:3239} INFO - Sync 1 DAGs
[2025-06-23T05:34:44.068+0000] {logging_mixin.py:190} INFO - [2025-06-23T05:34:44.068+0000] {dag.py:4180} INFO - Setting next_dagrun for slurm_20250426_162629 to 2025-04-26 00:00:00+00:00, run_after=2025-04-26 00:00:00+00:00
[2025-06-23T05:34:44.121+0000] {processor.py:208} INFO - Processing /opt/airflow/dags/slurm_20250426_162629.py took 0.209 seconds
[2025-06-23T05:35:16.419+0000] {processor.py:186} INFO - Started process (PID=29578) to work on /opt/airflow/dags/slurm_20250426_162629.py
[2025-06-23T05:35:16.452+0000] {processor.py:914} INFO - Processing file /opt/airflow/dags/slurm_20250426_162629.py for tasks to queue
[2025-06-23T05:35:16.455+0000] {logging_mixin.py:190} INFO - [2025-06-23T05:35:16.454+0000] {dagbag.py:588} INFO - Filling up the DagBag from /opt/airflow/dags/slurm_20250426_162629.py
[2025-06-23T05:35:16.474+0000] {processor.py:925} INFO - DAG(s) 'slurm_20250426_162629' retrieved from /opt/airflow/dags/slurm_20250426_162629.py
[2025-06-23T05:35:16.525+0000] {logging_mixin.py:190} INFO - [2025-06-23T05:35:16.524+0000] {dag.py:3239} INFO - Sync 1 DAGs
[2025-06-23T05:35:16.578+0000] {logging_mixin.py:190} INFO - [2025-06-23T05:35:16.578+0000] {dag.py:4180} INFO - Setting next_dagrun for slurm_20250426_162629 to 2025-04-26 00:00:00+00:00, run_after=2025-04-26 00:00:00+00:00
[2025-06-23T05:35:16.624+0000] {processor.py:208} INFO - Processing /opt/airflow/dags/slurm_20250426_162629.py took 0.218 seconds
[2025-06-23T05:35:46.820+0000] {processor.py:186} INFO - Started process (PID=29656) to work on /opt/airflow/dags/slurm_20250426_162629.py
[2025-06-23T05:35:46.821+0000] {processor.py:914} INFO - Processing file /opt/airflow/dags/slurm_20250426_162629.py for tasks to queue
[2025-06-23T05:35:46.822+0000] {logging_mixin.py:190} INFO - [2025-06-23T05:35:46.822+0000] {dagbag.py:588} INFO - Filling up the DagBag from /opt/airflow/dags/slurm_20250426_162629.py
[2025-06-23T05:35:46.827+0000] {processor.py:925} INFO - DAG(s) 'slurm_20250426_162629' retrieved from /opt/airflow/dags/slurm_20250426_162629.py
[2025-06-23T05:35:46.839+0000] {logging_mixin.py:190} INFO - [2025-06-23T05:35:46.838+0000] {dag.py:3239} INFO - Sync 1 DAGs
[2025-06-23T05:35:46.855+0000] {logging_mixin.py:190} INFO - [2025-06-23T05:35:46.855+0000] {dag.py:4180} INFO - Setting next_dagrun for slurm_20250426_162629 to 2025-04-26 00:00:00+00:00, run_after=2025-04-26 00:00:00+00:00
[2025-06-23T05:35:46.865+0000] {processor.py:208} INFO - Processing /opt/airflow/dags/slurm_20250426_162629.py took 0.047 seconds
[2025-06-23T05:36:17.264+0000] {processor.py:186} INFO - Started process (PID=29734) to work on /opt/airflow/dags/slurm_20250426_162629.py
[2025-06-23T05:36:17.266+0000] {processor.py:914} INFO - Processing file /opt/airflow/dags/slurm_20250426_162629.py for tasks to queue
[2025-06-23T05:36:17.266+0000] {logging_mixin.py:190} INFO - [2025-06-23T05:36:17.266+0000] {dagbag.py:588} INFO - Filling up the DagBag from /opt/airflow/dags/slurm_20250426_162629.py
[2025-06-23T05:36:17.273+0000] {processor.py:925} INFO - DAG(s) 'slurm_20250426_162629' retrieved from /opt/airflow/dags/slurm_20250426_162629.py
[2025-06-23T05:36:17.287+0000] {logging_mixin.py:190} INFO - [2025-06-23T05:36:17.287+0000] {dag.py:3239} INFO - Sync 1 DAGs
[2025-06-23T05:36:17.302+0000] {logging_mixin.py:190} INFO - [2025-06-23T05:36:17.302+0000] {dag.py:4180} INFO - Setting next_dagrun for slurm_20250426_162629 to 2025-04-26 00:00:00+00:00, run_after=2025-04-26 00:00:00+00:00
[2025-06-23T05:36:17.314+0000] {processor.py:208} INFO - Processing /opt/airflow/dags/slurm_20250426_162629.py took 0.053 seconds
[2025-06-23T05:36:47.462+0000] {processor.py:186} INFO - Started process (PID=29812) to work on /opt/airflow/dags/slurm_20250426_162629.py
[2025-06-23T05:36:47.463+0000] {processor.py:914} INFO - Processing file /opt/airflow/dags/slurm_20250426_162629.py for tasks to queue
[2025-06-23T05:36:47.464+0000] {logging_mixin.py:190} INFO - [2025-06-23T05:36:47.464+0000] {dagbag.py:588} INFO - Filling up the DagBag from /opt/airflow/dags/slurm_20250426_162629.py
[2025-06-23T05:36:47.476+0000] {processor.py:925} INFO - DAG(s) 'slurm_20250426_162629' retrieved from /opt/airflow/dags/slurm_20250426_162629.py
[2025-06-23T05:36:47.497+0000] {logging_mixin.py:190} INFO - [2025-06-23T05:36:47.497+0000] {dag.py:3239} INFO - Sync 1 DAGs
[2025-06-23T05:36:47.509+0000] {logging_mixin.py:190} INFO - [2025-06-23T05:36:47.509+0000] {dag.py:4180} INFO - Setting next_dagrun for slurm_20250426_162629 to 2025-04-26 00:00:00+00:00, run_after=2025-04-26 00:00:00+00:00
[2025-06-23T05:36:47.520+0000] {processor.py:208} INFO - Processing /opt/airflow/dags/slurm_20250426_162629.py took 0.061 seconds
[2025-06-23T05:37:17.862+0000] {processor.py:186} INFO - Started process (PID=29890) to work on /opt/airflow/dags/slurm_20250426_162629.py
[2025-06-23T05:37:17.863+0000] {processor.py:914} INFO - Processing file /opt/airflow/dags/slurm_20250426_162629.py for tasks to queue
[2025-06-23T05:37:17.863+0000] {logging_mixin.py:190} INFO - [2025-06-23T05:37:17.863+0000] {dagbag.py:588} INFO - Filling up the DagBag from /opt/airflow/dags/slurm_20250426_162629.py
[2025-06-23T05:37:17.870+0000] {processor.py:925} INFO - DAG(s) 'slurm_20250426_162629' retrieved from /opt/airflow/dags/slurm_20250426_162629.py
[2025-06-23T05:37:17.880+0000] {logging_mixin.py:190} INFO - [2025-06-23T05:37:17.880+0000] {dag.py:3239} INFO - Sync 1 DAGs
[2025-06-23T05:37:17.893+0000] {logging_mixin.py:190} INFO - [2025-06-23T05:37:17.893+0000] {dag.py:4180} INFO - Setting next_dagrun for slurm_20250426_162629 to 2025-04-26 00:00:00+00:00, run_after=2025-04-26 00:00:00+00:00
[2025-06-23T05:37:17.904+0000] {processor.py:208} INFO - Processing /opt/airflow/dags/slurm_20250426_162629.py took 0.045 seconds
[2025-06-23T05:37:48.879+0000] {processor.py:186} INFO - Started process (PID=29968) to work on /opt/airflow/dags/slurm_20250426_162629.py
[2025-06-23T05:37:48.879+0000] {processor.py:914} INFO - Processing file /opt/airflow/dags/slurm_20250426_162629.py for tasks to queue
[2025-06-23T05:37:48.880+0000] {logging_mixin.py:190} INFO - [2025-06-23T05:37:48.879+0000] {dagbag.py:588} INFO - Filling up the DagBag from /opt/airflow/dags/slurm_20250426_162629.py
[2025-06-23T05:37:48.884+0000] {processor.py:925} INFO - DAG(s) 'slurm_20250426_162629' retrieved from /opt/airflow/dags/slurm_20250426_162629.py
[2025-06-23T05:37:48.895+0000] {logging_mixin.py:190} INFO - [2025-06-23T05:37:48.895+0000] {dag.py:3239} INFO - Sync 1 DAGs
[2025-06-23T05:37:48.905+0000] {logging_mixin.py:190} INFO - [2025-06-23T05:37:48.905+0000] {dag.py:4180} INFO - Setting next_dagrun for slurm_20250426_162629 to 2025-04-26 00:00:00+00:00, run_after=2025-04-26 00:00:00+00:00
[2025-06-23T05:37:48.914+0000] {processor.py:208} INFO - Processing /opt/airflow/dags/slurm_20250426_162629.py took 0.038 seconds
[2025-06-23T05:38:19.368+0000] {processor.py:186} INFO - Started process (PID=30046) to work on /opt/airflow/dags/slurm_20250426_162629.py
[2025-06-23T05:38:19.369+0000] {processor.py:914} INFO - Processing file /opt/airflow/dags/slurm_20250426_162629.py for tasks to queue
[2025-06-23T05:38:19.370+0000] {logging_mixin.py:190} INFO - [2025-06-23T05:38:19.369+0000] {dagbag.py:588} INFO - Filling up the DagBag from /opt/airflow/dags/slurm_20250426_162629.py
[2025-06-23T05:38:19.381+0000] {processor.py:925} INFO - DAG(s) 'slurm_20250426_162629' retrieved from /opt/airflow/dags/slurm_20250426_162629.py
[2025-06-23T05:38:19.400+0000] {logging_mixin.py:190} INFO - [2025-06-23T05:38:19.400+0000] {dag.py:3239} INFO - Sync 1 DAGs
[2025-06-23T05:38:19.413+0000] {logging_mixin.py:190} INFO - [2025-06-23T05:38:19.413+0000] {dag.py:4180} INFO - Setting next_dagrun for slurm_20250426_162629 to 2025-04-26 00:00:00+00:00, run_after=2025-04-26 00:00:00+00:00
[2025-06-23T05:38:19.429+0000] {processor.py:208} INFO - Processing /opt/airflow/dags/slurm_20250426_162629.py took 0.065 seconds
[2025-06-23T05:38:49.546+0000] {processor.py:186} INFO - Started process (PID=30124) to work on /opt/airflow/dags/slurm_20250426_162629.py
[2025-06-23T05:38:49.547+0000] {processor.py:914} INFO - Processing file /opt/airflow/dags/slurm_20250426_162629.py for tasks to queue
[2025-06-23T05:38:49.548+0000] {logging_mixin.py:190} INFO - [2025-06-23T05:38:49.548+0000] {dagbag.py:588} INFO - Filling up the DagBag from /opt/airflow/dags/slurm_20250426_162629.py
[2025-06-23T05:38:49.553+0000] {processor.py:925} INFO - DAG(s) 'slurm_20250426_162629' retrieved from /opt/airflow/dags/slurm_20250426_162629.py
[2025-06-23T05:38:49.566+0000] {logging_mixin.py:190} INFO - [2025-06-23T05:38:49.564+0000] {dag.py:3239} INFO - Sync 1 DAGs
[2025-06-23T05:38:49.580+0000] {logging_mixin.py:190} INFO - [2025-06-23T05:38:49.580+0000] {dag.py:4180} INFO - Setting next_dagrun for slurm_20250426_162629 to 2025-04-26 00:00:00+00:00, run_after=2025-04-26 00:00:00+00:00
[2025-06-23T05:38:49.590+0000] {processor.py:208} INFO - Processing /opt/airflow/dags/slurm_20250426_162629.py took 0.046 seconds
[2025-06-23T05:39:19.728+0000] {processor.py:186} INFO - Started process (PID=30202) to work on /opt/airflow/dags/slurm_20250426_162629.py
[2025-06-23T05:39:19.728+0000] {processor.py:914} INFO - Processing file /opt/airflow/dags/slurm_20250426_162629.py for tasks to queue
[2025-06-23T05:39:19.730+0000] {logging_mixin.py:190} INFO - [2025-06-23T05:39:19.729+0000] {dagbag.py:588} INFO - Filling up the DagBag from /opt/airflow/dags/slurm_20250426_162629.py
[2025-06-23T05:39:19.740+0000] {processor.py:925} INFO - DAG(s) 'slurm_20250426_162629' retrieved from /opt/airflow/dags/slurm_20250426_162629.py
[2025-06-23T05:39:19.754+0000] {logging_mixin.py:190} INFO - [2025-06-23T05:39:19.754+0000] {dag.py:3239} INFO - Sync 1 DAGs
[2025-06-23T05:39:19.764+0000] {logging_mixin.py:190} INFO - [2025-06-23T05:39:19.764+0000] {dag.py:4180} INFO - Setting next_dagrun for slurm_20250426_162629 to 2025-04-26 00:00:00+00:00, run_after=2025-04-26 00:00:00+00:00
[2025-06-23T05:39:19.773+0000] {processor.py:208} INFO - Processing /opt/airflow/dags/slurm_20250426_162629.py took 0.049 seconds
[2025-06-23T06:25:47.214+0000] {processor.py:186} INFO - Started process (PID=30255) to work on /opt/airflow/dags/slurm_20250426_162629.py
[2025-06-23T06:25:47.215+0000] {processor.py:914} INFO - Processing file /opt/airflow/dags/slurm_20250426_162629.py for tasks to queue
[2025-06-23T06:25:47.217+0000] {logging_mixin.py:190} INFO - [2025-06-23T06:25:47.216+0000] {dagbag.py:588} INFO - Filling up the DagBag from /opt/airflow/dags/slurm_20250426_162629.py
[2025-06-23T06:25:47.228+0000] {processor.py:925} INFO - DAG(s) 'slurm_20250426_162629' retrieved from /opt/airflow/dags/slurm_20250426_162629.py
[2025-06-23T06:25:47.252+0000] {logging_mixin.py:190} INFO - [2025-06-23T06:25:47.252+0000] {dag.py:3239} INFO - Sync 1 DAGs
[2025-06-23T06:25:47.266+0000] {logging_mixin.py:190} INFO - [2025-06-23T06:25:47.266+0000] {dag.py:4180} INFO - Setting next_dagrun for slurm_20250426_162629 to 2025-04-26 00:00:00+00:00, run_after=2025-04-26 00:00:00+00:00
[2025-06-23T06:25:47.276+0000] {processor.py:208} INFO - Processing /opt/airflow/dags/slurm_20250426_162629.py took 0.069 seconds
[2025-06-23T06:27:11.770+0000] {processor.py:186} INFO - Started process (PID=30333) to work on /opt/airflow/dags/slurm_20250426_162629.py
[2025-06-23T06:27:11.771+0000] {processor.py:914} INFO - Processing file /opt/airflow/dags/slurm_20250426_162629.py for tasks to queue
[2025-06-23T06:27:11.773+0000] {logging_mixin.py:190} INFO - [2025-06-23T06:27:11.773+0000] {dagbag.py:588} INFO - Filling up the DagBag from /opt/airflow/dags/slurm_20250426_162629.py
[2025-06-23T06:27:11.779+0000] {processor.py:925} INFO - DAG(s) 'slurm_20250426_162629' retrieved from /opt/airflow/dags/slurm_20250426_162629.py
[2025-06-23T06:27:11.790+0000] {logging_mixin.py:190} INFO - [2025-06-23T06:27:11.790+0000] {dag.py:3239} INFO - Sync 1 DAGs
[2025-06-23T06:27:11.801+0000] {logging_mixin.py:190} INFO - [2025-06-23T06:27:11.801+0000] {dag.py:4180} INFO - Setting next_dagrun for slurm_20250426_162629 to 2025-04-26 00:00:00+00:00, run_after=2025-04-26 00:00:00+00:00
[2025-06-23T06:27:11.810+0000] {processor.py:208} INFO - Processing /opt/airflow/dags/slurm_20250426_162629.py took 0.044 seconds
[2025-06-23T06:34:07.887+0000] {processor.py:186} INFO - Started process (PID=30411) to work on /opt/airflow/dags/slurm_20250426_162629.py
[2025-06-23T06:34:07.888+0000] {processor.py:914} INFO - Processing file /opt/airflow/dags/slurm_20250426_162629.py for tasks to queue
[2025-06-23T06:34:07.888+0000] {logging_mixin.py:190} INFO - [2025-06-23T06:34:07.888+0000] {dagbag.py:588} INFO - Filling up the DagBag from /opt/airflow/dags/slurm_20250426_162629.py
[2025-06-23T06:34:07.893+0000] {processor.py:925} INFO - DAG(s) 'slurm_20250426_162629' retrieved from /opt/airflow/dags/slurm_20250426_162629.py
[2025-06-23T06:34:07.903+0000] {logging_mixin.py:190} INFO - [2025-06-23T06:34:07.902+0000] {dag.py:3239} INFO - Sync 1 DAGs
[2025-06-23T06:34:07.912+0000] {logging_mixin.py:190} INFO - [2025-06-23T06:34:07.912+0000] {dag.py:4180} INFO - Setting next_dagrun for slurm_20250426_162629 to 2025-04-26 00:00:00+00:00, run_after=2025-04-26 00:00:00+00:00
[2025-06-23T06:34:07.921+0000] {processor.py:208} INFO - Processing /opt/airflow/dags/slurm_20250426_162629.py took 0.037 seconds
[2025-06-23T06:35:36.990+0000] {processor.py:186} INFO - Started process (PID=30489) to work on /opt/airflow/dags/slurm_20250426_162629.py
[2025-06-23T06:35:36.991+0000] {processor.py:914} INFO - Processing file /opt/airflow/dags/slurm_20250426_162629.py for tasks to queue
[2025-06-23T06:35:36.991+0000] {logging_mixin.py:190} INFO - [2025-06-23T06:35:36.991+0000] {dagbag.py:588} INFO - Filling up the DagBag from /opt/airflow/dags/slurm_20250426_162629.py
[2025-06-23T06:35:36.999+0000] {processor.py:925} INFO - DAG(s) 'slurm_20250426_162629' retrieved from /opt/airflow/dags/slurm_20250426_162629.py
[2025-06-23T06:35:37.010+0000] {logging_mixin.py:190} INFO - [2025-06-23T06:35:37.010+0000] {dag.py:3239} INFO - Sync 1 DAGs
[2025-06-23T06:35:37.019+0000] {logging_mixin.py:190} INFO - [2025-06-23T06:35:37.019+0000] {dag.py:4180} INFO - Setting next_dagrun for slurm_20250426_162629 to 2025-04-26 00:00:00+00:00, run_after=2025-04-26 00:00:00+00:00
[2025-06-23T06:35:37.027+0000] {processor.py:208} INFO - Processing /opt/airflow/dags/slurm_20250426_162629.py took 0.039 seconds
[2025-06-23T06:36:36.256+0000] {processor.py:186} INFO - Started process (PID=30567) to work on /opt/airflow/dags/slurm_20250426_162629.py
[2025-06-23T06:36:36.257+0000] {processor.py:914} INFO - Processing file /opt/airflow/dags/slurm_20250426_162629.py for tasks to queue
[2025-06-23T06:36:36.257+0000] {logging_mixin.py:190} INFO - [2025-06-23T06:36:36.257+0000] {dagbag.py:588} INFO - Filling up the DagBag from /opt/airflow/dags/slurm_20250426_162629.py
[2025-06-23T06:36:36.263+0000] {processor.py:925} INFO - DAG(s) 'slurm_20250426_162629' retrieved from /opt/airflow/dags/slurm_20250426_162629.py
[2025-06-23T06:36:36.272+0000] {logging_mixin.py:190} INFO - [2025-06-23T06:36:36.272+0000] {dag.py:3239} INFO - Sync 1 DAGs
[2025-06-23T06:36:36.280+0000] {logging_mixin.py:190} INFO - [2025-06-23T06:36:36.280+0000] {dag.py:4180} INFO - Setting next_dagrun for slurm_20250426_162629 to 2025-04-26 00:00:00+00:00, run_after=2025-04-26 00:00:00+00:00
[2025-06-23T06:36:36.290+0000] {processor.py:208} INFO - Processing /opt/airflow/dags/slurm_20250426_162629.py took 0.036 seconds
[2025-06-23T07:13:28.810+0000] {processor.py:186} INFO - Started process (PID=30645) to work on /opt/airflow/dags/slurm_20250426_162629.py
[2025-06-23T07:13:28.811+0000] {processor.py:914} INFO - Processing file /opt/airflow/dags/slurm_20250426_162629.py for tasks to queue
[2025-06-23T07:13:28.812+0000] {logging_mixin.py:190} INFO - [2025-06-23T07:13:28.812+0000] {dagbag.py:588} INFO - Filling up the DagBag from /opt/airflow/dags/slurm_20250426_162629.py
[2025-06-23T07:13:28.820+0000] {processor.py:925} INFO - DAG(s) 'slurm_20250426_162629' retrieved from /opt/airflow/dags/slurm_20250426_162629.py
[2025-06-23T07:13:28.829+0000] {logging_mixin.py:190} INFO - [2025-06-23T07:13:28.829+0000] {dag.py:3239} INFO - Sync 1 DAGs
[2025-06-23T07:13:28.841+0000] {logging_mixin.py:190} INFO - [2025-06-23T07:13:28.841+0000] {dag.py:4180} INFO - Setting next_dagrun for slurm_20250426_162629 to 2025-04-26 00:00:00+00:00, run_after=2025-04-26 00:00:00+00:00
[2025-06-23T07:13:28.849+0000] {processor.py:208} INFO - Processing /opt/airflow/dags/slurm_20250426_162629.py took 0.042 seconds
