[2025-04-14T10:00:32.109+0000] {local_task_job_runner.py:123} INFO - ::group::Pre task execution logs
[2025-04-14T10:00:32.128+0000] {taskinstance.py:2614} INFO - Dependencies all met for dep_context=non-requeueable deps ti=<TaskInstance: slurm_async_job.submit_slurm manual__2025-04-14T10:00:25.384054+00:00 [queued]>
[2025-04-14T10:00:32.138+0000] {taskinstance.py:2614} INFO - Dependencies all met for dep_context=requeueable deps ti=<TaskInstance: slurm_async_job.submit_slurm manual__2025-04-14T10:00:25.384054+00:00 [queued]>
[2025-04-14T10:00:32.139+0000] {taskinstance.py:2867} INFO - Starting attempt 1 of 1
[2025-04-14T10:00:32.154+0000] {taskinstance.py:2890} INFO - Executing <Task(SubmitAndMonitorSlurmJobOperator): submit_slurm> on 2025-04-14 10:00:25.384054+00:00
[2025-04-14T10:00:32.161+0000] {warnings.py:112} WARNING - /home/***/.local/lib/python3.12/site-packages/***/task/task_runner/standard_task_runner.py:70: DeprecationWarning: This process (pid=65) is multi-threaded, use of fork() may lead to deadlocks in the child.
  pid = os.fork()

[2025-04-14T10:00:32.164+0000] {standard_task_runner.py:72} INFO - Started process 67 to run task
[2025-04-14T10:00:32.164+0000] {standard_task_runner.py:104} INFO - Running: ['***', 'tasks', 'run', 'slurm_async_job', 'submit_slurm', 'manual__2025-04-14T10:00:25.384054+00:00', '--job-id', '80', '--raw', '--subdir', 'DAGS_FOLDER/slurm_test_job.py', '--cfg-path', '/tmp/tmp3u7f5r2_']
[2025-04-14T10:00:32.166+0000] {standard_task_runner.py:105} INFO - Job 80: Subtask submit_slurm
[2025-04-14T10:00:32.226+0000] {task_command.py:467} INFO - Running <TaskInstance: slurm_async_job.submit_slurm manual__2025-04-14T10:00:25.384054+00:00 [running]> on host 12ed31dc74a9
[2025-04-14T10:00:32.329+0000] {taskinstance.py:3134} INFO - Exporting env vars: AIRFLOW_CTX_DAG_OWNER='***' AIRFLOW_CTX_DAG_ID='slurm_async_job' AIRFLOW_CTX_TASK_ID='submit_slurm' AIRFLOW_CTX_EXECUTION_DATE='2025-04-14T10:00:25.384054+00:00' AIRFLOW_CTX_TRY_NUMBER='1' AIRFLOW_CTX_DAG_RUN_ID='manual__2025-04-14T10:00:25.384054+00:00'
[2025-04-14T10:00:32.330+0000] {logging_mixin.py:190} INFO - Task instance is in running state
[2025-04-14T10:00:32.331+0000] {logging_mixin.py:190} INFO -  Previous state of the Task instance: queued
[2025-04-14T10:00:32.331+0000] {logging_mixin.py:190} INFO - Current task name:submit_slurm state:running start_date:2025-04-14 10:00:32.129319+00:00
[2025-04-14T10:00:32.332+0000] {logging_mixin.py:190} INFO - Dag name:slurm_async_job and current dag run status:running
[2025-04-14T10:00:32.332+0000] {taskinstance.py:732} INFO - ::endgroup::
[2025-04-14T10:00:32.342+0000] {base.py:84} INFO - Retrieving connection 'hpc_ssh'
[2025-04-14T10:00:32.343+0000] {ssh.py:286} WARNING - No Host Key Verification. This won't protect against Man-In-The-Middle attacks
[2025-04-14T10:00:32.401+0000] {transport.py:1944} INFO - Connected (version 2.0, client OpenSSH_8.0)
[2025-04-14T10:00:33.023+0000] {transport.py:1944} INFO - Authentication (password) successful!
[2025-04-14T10:00:37.878+0000] {slurm_operator.py:19} INFO - sbatch output: Submitted batch job 7478

[2025-04-14T10:00:37.882+0000] {crypto.py:82} WARNING - empty cryptography key - values will not be stored encrypted.
[2025-04-14T10:00:37.899+0000] {taskinstance.py:289} INFO - Pausing task as DEFERRED. dag_id=slurm_async_job, task_id=submit_slurm, run_id=manual__2025-04-14T10:00:25.384054+00:00, execution_date=20250414T100025, start_date=20250414T100032
[2025-04-14T10:00:37.901+0000] {taskinstance.py:341} INFO - ::group::Post task execution logs
[2025-04-14T10:00:37.936+0000] {local_task_job_runner.py:260} INFO - Task exited with return code 100 (task deferral)
[2025-04-14T10:00:37.936+0000] {local_task_job_runner.py:245} INFO - ::endgroup::
[2025-04-14T10:02:47.803+0000] {local_task_job_runner.py:123} INFO - ::group::Pre task execution logs
[2025-04-14T10:02:47.820+0000] {taskinstance.py:2614} INFO - Dependencies all met for dep_context=non-requeueable deps ti=<TaskInstance: slurm_async_job.submit_slurm manual__2025-04-14T10:00:25.384054+00:00 [queued]>
[2025-04-14T10:02:47.829+0000] {taskinstance.py:2614} INFO - Dependencies all met for dep_context=requeueable deps ti=<TaskInstance: slurm_async_job.submit_slurm manual__2025-04-14T10:00:25.384054+00:00 [queued]>
[2025-04-14T10:02:47.830+0000] {taskinstance.py:2865} INFO - Resuming after deferral
[2025-04-14T10:02:47.844+0000] {taskinstance.py:2890} INFO - Executing <Task(SubmitAndMonitorSlurmJobOperator): submit_slurm> on 2025-04-14 10:00:25.384054+00:00
[2025-04-14T10:02:47.851+0000] {warnings.py:112} WARNING - /home/***/.local/lib/python3.12/site-packages/***/task/task_runner/standard_task_runner.py:70: DeprecationWarning: This process (pid=99) is multi-threaded, use of fork() may lead to deadlocks in the child.
  pid = os.fork()

[2025-04-14T10:02:47.854+0000] {standard_task_runner.py:104} INFO - Running: ['***', 'tasks', 'run', 'slurm_async_job', 'submit_slurm', 'manual__2025-04-14T10:00:25.384054+00:00', '--job-id', '81', '--raw', '--subdir', 'DAGS_FOLDER/slurm_test_job.py', '--cfg-path', '/tmp/tmp56seto17']
[2025-04-14T10:02:47.855+0000] {standard_task_runner.py:72} INFO - Started process 101 to run task
[2025-04-14T10:02:47.856+0000] {standard_task_runner.py:105} INFO - Job 81: Subtask submit_slurm
[2025-04-14T10:02:47.905+0000] {task_command.py:467} INFO - Running <TaskInstance: slurm_async_job.submit_slurm manual__2025-04-14T10:00:25.384054+00:00 [running]> on host 12ed31dc74a9
[2025-04-14T10:02:47.978+0000] {logging_mixin.py:190} INFO - Task instance is in running state
[2025-04-14T10:02:47.979+0000] {logging_mixin.py:190} INFO -  Previous state of the Task instance: queued
[2025-04-14T10:02:47.980+0000] {logging_mixin.py:190} INFO - Current task name:submit_slurm state:running start_date:2025-04-14 10:00:32.129319+00:00
[2025-04-14T10:02:47.980+0000] {logging_mixin.py:190} INFO - Dag name:slurm_async_job and current dag run status:running
[2025-04-14T10:02:47.981+0000] {taskinstance.py:732} INFO - ::endgroup::
[2025-04-14T10:02:47.982+0000] {slurm_operator.py:29} INFO - SLURM job completed.
[2025-04-14T10:02:47.993+0000] {taskinstance.py:341} INFO - ::group::Post task execution logs
[2025-04-14T10:02:47.994+0000] {taskinstance.py:353} INFO - Marking task as SUCCESS. dag_id=slurm_async_job, task_id=submit_slurm, run_id=manual__2025-04-14T10:00:25.384054+00:00, execution_date=20250414T100025, start_date=20250414T100032, end_date=20250414T100247
[2025-04-14T10:02:48.020+0000] {logging_mixin.py:190} INFO - Task instance in success state
[2025-04-14T10:02:48.022+0000] {logging_mixin.py:190} INFO -  Previous state of the Task instance: running
[2025-04-14T10:02:48.023+0000] {logging_mixin.py:190} INFO - Dag name:slurm_async_job queued_at:2025-04-14 10:00:25.401085+00:00
[2025-04-14T10:02:48.023+0000] {logging_mixin.py:190} INFO - Task hostname:12ed31dc74a9 operator:SubmitAndMonitorSlurmJobOperator
[2025-04-14T10:02:48.041+0000] {local_task_job_runner.py:266} INFO - Task exited with return code 0
[2025-04-14T10:02:48.061+0000] {taskinstance.py:3901} INFO - 0 downstream tasks scheduled from follow-on schedule check
[2025-04-14T10:02:48.063+0000] {local_task_job_runner.py:245} INFO - ::endgroup::
