[2025-06-10T07:29:11.956+0000] {base.py:84} INFO - Retrieving connection 'hpc_ssh'
[2025-06-10T07:29:11.957+0000] {ssh.py:286} WARNING - No Host Key Verification. This won't protect against Man-In-The-Middle attacks
[2025-06-10T07:29:14.263+0000] {slurm_trigger.py:35} INFO - [SLURM 17153] sacct output: PENDING
[2025-06-10T07:29:14.263+0000] {triggerer_job_runner.py:631} INFO - Trigger slurm_async_job/manual__2025-06-10T07:29:04.134346+00:00/submit_slurm/-1/1 (ID 4) fired: TriggerEvent<{'job_id': '17153', 'status': 'PENDING', 'final': False}>
[2025-06-10T07:29:19.282+0000] {base.py:84} INFO - Retrieving connection 'hpc_ssh'
[2025-06-10T07:29:19.282+0000] {ssh.py:286} WARNING - No Host Key Verification. This won't protect against Man-In-The-Middle attacks
[2025-06-10T07:29:21.403+0000] {slurm_trigger.py:35} INFO - [SLURM 17153] sacct output: PENDING
[2025-06-10T07:29:21.403+0000] {triggerer_job_runner.py:631} INFO - Trigger slurm_async_job/manual__2025-06-10T07:29:04.134346+00:00/submit_slurm/-1/1 (ID 5) fired: TriggerEvent<{'job_id': '17153', 'status': 'PENDING', 'final': False}>
[2025-06-10T07:29:27.416+0000] {base.py:84} INFO - Retrieving connection 'hpc_ssh'
[2025-06-10T07:29:27.417+0000] {ssh.py:286} WARNING - No Host Key Verification. This won't protect against Man-In-The-Middle attacks
[2025-06-10T07:29:29.565+0000] {slurm_trigger.py:35} INFO - [SLURM 17153] sacct output: PENDING
[2025-06-10T07:29:29.565+0000] {triggerer_job_runner.py:631} INFO - Trigger slurm_async_job/manual__2025-06-10T07:29:04.134346+00:00/submit_slurm/-1/1 (ID 6) fired: TriggerEvent<{'job_id': '17153', 'status': 'PENDING', 'final': False}>
[2025-06-10T07:29:35.581+0000] {base.py:84} INFO - Retrieving connection 'hpc_ssh'
[2025-06-10T07:29:35.582+0000] {ssh.py:286} WARNING - No Host Key Verification. This won't protect against Man-In-The-Middle attacks
[2025-06-10T07:29:37.703+0000] {slurm_trigger.py:35} INFO - [SLURM 17153] sacct output: PENDING
[2025-06-10T07:29:37.704+0000] {triggerer_job_runner.py:631} INFO - Trigger slurm_async_job/manual__2025-06-10T07:29:04.134346+00:00/submit_slurm/-1/1 (ID 7) fired: TriggerEvent<{'job_id': '17153', 'status': 'PENDING', 'final': False}>
[2025-06-10T07:29:41.717+0000] {base.py:84} INFO - Retrieving connection 'hpc_ssh'
[2025-06-10T07:29:41.717+0000] {ssh.py:286} WARNING - No Host Key Verification. This won't protect against Man-In-The-Middle attacks
[2025-06-10T07:29:43.871+0000] {slurm_trigger.py:35} INFO - [SLURM 17153] sacct output: PENDING
[2025-06-10T07:29:43.871+0000] {triggerer_job_runner.py:631} INFO - Trigger slurm_async_job/manual__2025-06-10T07:29:04.134346+00:00/submit_slurm/-1/1 (ID 8) fired: TriggerEvent<{'job_id': '17153', 'status': 'PENDING', 'final': False}>
[2025-06-10T07:29:47.884+0000] {base.py:84} INFO - Retrieving connection 'hpc_ssh'
[2025-06-10T07:29:47.887+0000] {ssh.py:286} WARNING - No Host Key Verification. This won't protect against Man-In-The-Middle attacks
[2025-06-10T07:29:50.084+0000] {slurm_trigger.py:35} INFO - [SLURM 17153] sacct output: PENDING
[2025-06-10T07:29:50.085+0000] {triggerer_job_runner.py:631} INFO - Trigger slurm_async_job/manual__2025-06-10T07:29:04.134346+00:00/submit_slurm/-1/1 (ID 9) fired: TriggerEvent<{'job_id': '17153', 'status': 'PENDING', 'final': False}>
[2025-06-10T07:29:55.097+0000] {base.py:84} INFO - Retrieving connection 'hpc_ssh'
[2025-06-10T07:29:55.097+0000] {ssh.py:286} WARNING - No Host Key Verification. This won't protect against Man-In-The-Middle attacks
[2025-06-10T07:29:57.279+0000] {slurm_trigger.py:35} INFO - [SLURM 17153] sacct output: RUNNING 
   RUNNING 
   RUNNING
[2025-06-10T07:29:57.279+0000] {triggerer_job_runner.py:631} INFO - Trigger slurm_async_job/manual__2025-06-10T07:29:04.134346+00:00/submit_slurm/-1/1 (ID 10) fired: TriggerEvent<{'job_id': '17153', 'status': 'RUNNING', 'final': False}>
[2025-06-10T07:30:01.288+0000] {base.py:84} INFO - Retrieving connection 'hpc_ssh'
[2025-06-10T07:30:01.288+0000] {ssh.py:286} WARNING - No Host Key Verification. This won't protect against Man-In-The-Middle attacks
[2025-06-10T07:30:03.481+0000] {slurm_trigger.py:35} INFO - [SLURM 17153] sacct output: RUNNING 
   RUNNING 
   RUNNING 
   RUNNING
[2025-06-10T07:30:03.481+0000] {triggerer_job_runner.py:631} INFO - Trigger slurm_async_job/manual__2025-06-10T07:29:04.134346+00:00/submit_slurm/-1/1 (ID 11) fired: TriggerEvent<{'job_id': '17153', 'status': 'RUNNING', 'final': False}>
[2025-06-10T07:30:07.498+0000] {base.py:84} INFO - Retrieving connection 'hpc_ssh'
[2025-06-10T07:30:07.498+0000] {ssh.py:286} WARNING - No Host Key Verification. This won't protect against Man-In-The-Middle attacks
[2025-06-10T07:30:09.627+0000] {slurm_trigger.py:35} INFO - [SLURM 17153] sacct output: RUNNING 
   RUNNING 
   RUNNING 
   RUNNING
[2025-06-10T07:30:09.627+0000] {triggerer_job_runner.py:631} INFO - Trigger slurm_async_job/manual__2025-06-10T07:29:04.134346+00:00/submit_slurm/-1/1 (ID 12) fired: TriggerEvent<{'job_id': '17153', 'status': 'RUNNING', 'final': False}>
[2025-06-10T07:30:13.641+0000] {base.py:84} INFO - Retrieving connection 'hpc_ssh'
[2025-06-10T07:30:13.642+0000] {ssh.py:286} WARNING - No Host Key Verification. This won't protect against Man-In-The-Middle attacks
[2025-06-10T07:30:15.812+0000] {slurm_trigger.py:35} INFO - [SLURM 17153] sacct output: RUNNING 
   RUNNING 
   RUNNING 
   RUNNING
[2025-06-10T07:30:15.812+0000] {triggerer_job_runner.py:631} INFO - Trigger slurm_async_job/manual__2025-06-10T07:29:04.134346+00:00/submit_slurm/-1/1 (ID 13) fired: TriggerEvent<{'job_id': '17153', 'status': 'RUNNING', 'final': False}>
[2025-06-10T07:30:19.825+0000] {base.py:84} INFO - Retrieving connection 'hpc_ssh'
[2025-06-10T07:30:19.825+0000] {ssh.py:286} WARNING - No Host Key Verification. This won't protect against Man-In-The-Middle attacks
[2025-06-10T07:30:21.970+0000] {slurm_trigger.py:35} INFO - [SLURM 17153] sacct output: RUNNING 
   RUNNING 
   RUNNING 
   RUNNING
[2025-06-10T07:30:21.970+0000] {triggerer_job_runner.py:631} INFO - Trigger slurm_async_job/manual__2025-06-10T07:29:04.134346+00:00/submit_slurm/-1/1 (ID 14) fired: TriggerEvent<{'job_id': '17153', 'status': 'RUNNING', 'final': False}>
[2025-06-10T07:30:25.985+0000] {base.py:84} INFO - Retrieving connection 'hpc_ssh'
[2025-06-10T07:30:25.985+0000] {ssh.py:286} WARNING - No Host Key Verification. This won't protect against Man-In-The-Middle attacks
[2025-06-10T07:30:28.105+0000] {slurm_trigger.py:35} INFO - [SLURM 17153] sacct output: RUNNING 
   RUNNING 
   RUNNING 
   RUNNING
[2025-06-10T07:30:28.105+0000] {triggerer_job_runner.py:631} INFO - Trigger slurm_async_job/manual__2025-06-10T07:29:04.134346+00:00/submit_slurm/-1/1 (ID 15) fired: TriggerEvent<{'job_id': '17153', 'status': 'RUNNING', 'final': False}>
[2025-06-10T07:30:32.116+0000] {base.py:84} INFO - Retrieving connection 'hpc_ssh'
[2025-06-10T07:30:32.116+0000] {ssh.py:286} WARNING - No Host Key Verification. This won't protect against Man-In-The-Middle attacks
[2025-06-10T07:30:34.255+0000] {slurm_trigger.py:35} INFO - [SLURM 17153] sacct output: RUNNING 
   RUNNING 
   RUNNING 
   RUNNING
[2025-06-10T07:30:34.255+0000] {triggerer_job_runner.py:631} INFO - Trigger slurm_async_job/manual__2025-06-10T07:29:04.134346+00:00/submit_slurm/-1/1 (ID 16) fired: TriggerEvent<{'job_id': '17153', 'status': 'RUNNING', 'final': False}>
[2025-06-10T07:30:38.269+0000] {base.py:84} INFO - Retrieving connection 'hpc_ssh'
[2025-06-10T07:30:38.270+0000] {ssh.py:286} WARNING - No Host Key Verification. This won't protect against Man-In-The-Middle attacks
[2025-06-10T07:30:40.396+0000] {slurm_trigger.py:35} INFO - [SLURM 17153] sacct output: RUNNING 
   RUNNING 
   RUNNING 
   RUNNING
[2025-06-10T07:30:40.396+0000] {triggerer_job_runner.py:631} INFO - Trigger slurm_async_job/manual__2025-06-10T07:29:04.134346+00:00/submit_slurm/-1/1 (ID 17) fired: TriggerEvent<{'job_id': '17153', 'status': 'RUNNING', 'final': False}>
[2025-06-10T07:30:44.410+0000] {base.py:84} INFO - Retrieving connection 'hpc_ssh'
[2025-06-10T07:30:44.411+0000] {ssh.py:286} WARNING - No Host Key Verification. This won't protect against Man-In-The-Middle attacks
[2025-06-10T07:30:46.530+0000] {slurm_trigger.py:35} INFO - [SLURM 17153] sacct output: RUNNING 
   RUNNING 
   RUNNING 
   RUNNING
[2025-06-10T07:30:46.530+0000] {triggerer_job_runner.py:631} INFO - Trigger slurm_async_job/manual__2025-06-10T07:29:04.134346+00:00/submit_slurm/-1/1 (ID 18) fired: TriggerEvent<{'job_id': '17153', 'status': 'RUNNING', 'final': False}>
[2025-06-10T07:30:50.546+0000] {base.py:84} INFO - Retrieving connection 'hpc_ssh'
[2025-06-10T07:30:50.547+0000] {ssh.py:286} WARNING - No Host Key Verification. This won't protect against Man-In-The-Middle attacks
[2025-06-10T07:30:52.642+0000] {slurm_trigger.py:35} INFO - [SLURM 17153] sacct output: RUNNING 
   RUNNING 
   RUNNING 
   RUNNING
[2025-06-10T07:30:52.642+0000] {triggerer_job_runner.py:631} INFO - Trigger slurm_async_job/manual__2025-06-10T07:29:04.134346+00:00/submit_slurm/-1/1 (ID 19) fired: TriggerEvent<{'job_id': '17153', 'status': 'RUNNING', 'final': False}>
[2025-06-10T07:30:56.656+0000] {base.py:84} INFO - Retrieving connection 'hpc_ssh'
[2025-06-10T07:30:56.656+0000] {ssh.py:286} WARNING - No Host Key Verification. This won't protect against Man-In-The-Middle attacks
[2025-06-10T07:30:58.776+0000] {slurm_trigger.py:35} INFO - [SLURM 17153] sacct output: RUNNING 
   RUNNING 
   RUNNING 
   RUNNING
[2025-06-10T07:30:58.776+0000] {triggerer_job_runner.py:631} INFO - Trigger slurm_async_job/manual__2025-06-10T07:29:04.134346+00:00/submit_slurm/-1/1 (ID 20) fired: TriggerEvent<{'job_id': '17153', 'status': 'RUNNING', 'final': False}>
[2025-06-10T07:31:02.789+0000] {base.py:84} INFO - Retrieving connection 'hpc_ssh'
[2025-06-10T07:31:02.790+0000] {ssh.py:286} WARNING - No Host Key Verification. This won't protect against Man-In-The-Middle attacks
[2025-06-10T07:31:04.892+0000] {slurm_trigger.py:35} INFO - [SLURM 17153] sacct output: RUNNING 
   RUNNING 
   RUNNING 
   RUNNING
[2025-06-10T07:31:04.893+0000] {triggerer_job_runner.py:631} INFO - Trigger slurm_async_job/manual__2025-06-10T07:29:04.134346+00:00/submit_slurm/-1/1 (ID 21) fired: TriggerEvent<{'job_id': '17153', 'status': 'RUNNING', 'final': False}>
[2025-06-10T07:31:08.902+0000] {base.py:84} INFO - Retrieving connection 'hpc_ssh'
[2025-06-10T07:31:08.903+0000] {ssh.py:286} WARNING - No Host Key Verification. This won't protect against Man-In-The-Middle attacks
[2025-06-10T07:31:11.072+0000] {slurm_trigger.py:35} INFO - [SLURM 17153] sacct output: RUNNING 
   RUNNING 
   RUNNING 
   RUNNING
[2025-06-10T07:31:11.073+0000] {triggerer_job_runner.py:631} INFO - Trigger slurm_async_job/manual__2025-06-10T07:29:04.134346+00:00/submit_slurm/-1/1 (ID 22) fired: TriggerEvent<{'job_id': '17153', 'status': 'RUNNING', 'final': False}>
[2025-06-10T07:31:15.086+0000] {base.py:84} INFO - Retrieving connection 'hpc_ssh'
[2025-06-10T07:31:15.086+0000] {ssh.py:286} WARNING - No Host Key Verification. This won't protect against Man-In-The-Middle attacks
[2025-06-10T07:31:17.222+0000] {slurm_trigger.py:35} INFO - [SLURM 17153] sacct output: RUNNING 
   RUNNING 
   RUNNING 
   RUNNING
[2025-06-10T07:31:17.222+0000] {triggerer_job_runner.py:631} INFO - Trigger slurm_async_job/manual__2025-06-10T07:29:04.134346+00:00/submit_slurm/-1/1 (ID 23) fired: TriggerEvent<{'job_id': '17153', 'status': 'RUNNING', 'final': False}>
[2025-06-10T07:31:21.237+0000] {base.py:84} INFO - Retrieving connection 'hpc_ssh'
[2025-06-10T07:31:21.238+0000] {ssh.py:286} WARNING - No Host Key Verification. This won't protect against Man-In-The-Middle attacks
[2025-06-10T07:31:23.433+0000] {slurm_trigger.py:35} INFO - [SLURM 17153] sacct output: RUNNING 
   RUNNING 
   RUNNING 
   RUNNING
[2025-06-10T07:31:23.433+0000] {triggerer_job_runner.py:631} INFO - Trigger slurm_async_job/manual__2025-06-10T07:29:04.134346+00:00/submit_slurm/-1/1 (ID 24) fired: TriggerEvent<{'job_id': '17153', 'status': 'RUNNING', 'final': False}>
[2025-06-10T07:31:26.446+0000] {base.py:84} INFO - Retrieving connection 'hpc_ssh'
[2025-06-10T07:31:26.447+0000] {ssh.py:286} WARNING - No Host Key Verification. This won't protect against Man-In-The-Middle attacks
[2025-06-10T07:31:28.681+0000] {slurm_trigger.py:35} INFO - [SLURM 17153] sacct output: RUNNING 
   RUNNING 
   RUNNING 
   RUNNING
[2025-06-10T07:31:28.682+0000] {triggerer_job_runner.py:631} INFO - Trigger slurm_async_job/manual__2025-06-10T07:29:04.134346+00:00/submit_slurm/-1/1 (ID 25) fired: TriggerEvent<{'job_id': '17153', 'status': 'RUNNING', 'final': False}>
[2025-06-10T07:31:31.691+0000] {base.py:84} INFO - Retrieving connection 'hpc_ssh'
[2025-06-10T07:31:31.692+0000] {ssh.py:286} WARNING - No Host Key Verification. This won't protect against Man-In-The-Middle attacks
[2025-06-10T07:31:33.873+0000] {slurm_trigger.py:35} INFO - [SLURM 17153] sacct output: RUNNING 
   RUNNING 
   RUNNING 
   RUNNING
[2025-06-10T07:31:33.873+0000] {triggerer_job_runner.py:631} INFO - Trigger slurm_async_job/manual__2025-06-10T07:29:04.134346+00:00/submit_slurm/-1/1 (ID 26) fired: TriggerEvent<{'job_id': '17153', 'status': 'RUNNING', 'final': False}>
[2025-06-10T07:31:37.883+0000] {base.py:84} INFO - Retrieving connection 'hpc_ssh'
[2025-06-10T07:31:37.883+0000] {ssh.py:286} WARNING - No Host Key Verification. This won't protect against Man-In-The-Middle attacks
[2025-06-10T07:31:40.028+0000] {slurm_trigger.py:35} INFO - [SLURM 17153] sacct output: RUNNING 
   RUNNING 
   RUNNING 
   RUNNING
[2025-06-10T07:31:40.029+0000] {triggerer_job_runner.py:631} INFO - Trigger slurm_async_job/manual__2025-06-10T07:29:04.134346+00:00/submit_slurm/-1/1 (ID 27) fired: TriggerEvent<{'job_id': '17153', 'status': 'RUNNING', 'final': False}>
[2025-06-10T07:31:44.045+0000] {base.py:84} INFO - Retrieving connection 'hpc_ssh'
[2025-06-10T07:31:44.046+0000] {ssh.py:286} WARNING - No Host Key Verification. This won't protect against Man-In-The-Middle attacks
[2025-06-10T07:31:46.169+0000] {slurm_trigger.py:35} INFO - [SLURM 17153] sacct output: RUNNING 
   RUNNING 
   RUNNING 
   RUNNING
[2025-06-10T07:31:46.170+0000] {triggerer_job_runner.py:631} INFO - Trigger slurm_async_job/manual__2025-06-10T07:29:04.134346+00:00/submit_slurm/-1/1 (ID 28) fired: TriggerEvent<{'job_id': '17153', 'status': 'RUNNING', 'final': False}>
[2025-06-10T07:31:49.184+0000] {base.py:84} INFO - Retrieving connection 'hpc_ssh'
[2025-06-10T07:31:49.185+0000] {ssh.py:286} WARNING - No Host Key Verification. This won't protect against Man-In-The-Middle attacks
[2025-06-10T07:31:51.325+0000] {slurm_trigger.py:35} INFO - [SLURM 17153] sacct output: RUNNING 
   RUNNING 
   RUNNING 
   RUNNING
[2025-06-10T07:31:51.325+0000] {triggerer_job_runner.py:631} INFO - Trigger slurm_async_job/manual__2025-06-10T07:29:04.134346+00:00/submit_slurm/-1/1 (ID 29) fired: TriggerEvent<{'job_id': '17153', 'status': 'RUNNING', 'final': False}>
[2025-06-10T07:31:55.340+0000] {base.py:84} INFO - Retrieving connection 'hpc_ssh'
[2025-06-10T07:31:55.341+0000] {ssh.py:286} WARNING - No Host Key Verification. This won't protect against Man-In-The-Middle attacks
[2025-06-10T07:31:57.441+0000] {slurm_trigger.py:35} INFO - [SLURM 17153] sacct output: RUNNING 
   RUNNING 
   RUNNING 
   RUNNING
[2025-06-10T07:31:57.441+0000] {triggerer_job_runner.py:631} INFO - Trigger slurm_async_job/manual__2025-06-10T07:29:04.134346+00:00/submit_slurm/-1/1 (ID 30) fired: TriggerEvent<{'job_id': '17153', 'status': 'RUNNING', 'final': False}>
[2025-06-10T07:32:01.455+0000] {base.py:84} INFO - Retrieving connection 'hpc_ssh'
[2025-06-10T07:32:01.456+0000] {ssh.py:286} WARNING - No Host Key Verification. This won't protect against Man-In-The-Middle attacks
[2025-06-10T07:32:03.604+0000] {slurm_trigger.py:35} INFO - [SLURM 17153] sacct output: COMPLETED 
 COMPLETED 
 COMPLETED 
 COMPLETED
[2025-06-10T07:32:03.604+0000] {triggerer_job_runner.py:631} INFO - Trigger slurm_async_job/manual__2025-06-10T07:29:04.134346+00:00/submit_slurm/-1/1 (ID 31) fired: TriggerEvent<{'job_id': '17153', 'status': 'COMPLETED', 'final': True}>
