[2025-06-10T08:42:54.452+0000] {local_task_job_runner.py:123} INFO - ::group::Pre task execution logs
[2025-06-10T08:42:54.452+0000] {local_task_job_runner.py:123} INFO - ::group::Pre task execution logs
[2025-06-10T08:42:54.482+0000] {taskinstance.py:2614} INFO - Dependencies all met for dep_context=non-requeueable deps ti=<TaskInstance: slurm_async_job.submit_slurm manual__2025-06-10T08:23:15.020152+00:00 [queued]>
[2025-06-10T08:42:54.494+0000] {taskinstance.py:2614} INFO - Dependencies all met for dep_context=requeueable deps ti=<TaskInstance: slurm_async_job.submit_slurm manual__2025-06-10T08:23:15.020152+00:00 [queued]>
[2025-06-10T08:42:54.495+0000] {taskinstance.py:2867} INFO - Starting attempt 1 of 1
[2025-06-10T08:42:54.520+0000] {taskinstance.py:2890} INFO - Executing <Task(SubmitAndMonitorSlurmJobOperator): submit_slurm> on 2025-06-10 08:23:15.020152+00:00
[2025-06-10T08:42:54.522+0000] {taskinstance.py:2604} INFO - Dependencies not met for <TaskInstance: slurm_async_job.submit_slurm manual__2025-06-10T08:23:15.020152+00:00 [running]>, dependency 'Task Instance Not Running' FAILED: Task is in the running state
[2025-06-10T08:42:54.534+0000] {taskinstance.py:2604} INFO - Dependencies not met for <TaskInstance: slurm_async_job.submit_slurm manual__2025-06-10T08:23:15.020152+00:00 [running]>, dependency 'Task Instance State' FAILED: Task is in the 'running' state.
[2025-06-10T08:42:54.535+0000] {standard_task_runner.py:104} INFO - Running: ['***', 'tasks', 'run', 'slurm_async_job', 'submit_slurm', 'manual__2025-06-10T08:23:15.020152+00:00', '--job-id', '220', '--raw', '--subdir', 'DAGS_FOLDER/slurm_test_job.py', '--cfg-path', '/tmp/tmpzmkdo8mk']
[2025-06-10T08:42:54.539+0000] {standard_task_runner.py:105} INFO - Job 220: Subtask submit_slurm
[2025-06-10T08:42:54.536+0000] {warnings.py:112} WARNING - /home/***/.local/lib/python3.12/site-packages/***/task/task_runner/standard_task_runner.py:70: DeprecationWarning: This process (pid=59) is multi-threaded, use of fork() may lead to deadlocks in the child.
  pid = os.fork()

[2025-06-10T08:42:54.543+0000] {standard_task_runner.py:72} INFO - Started process 68 to run task
[2025-06-10T08:42:54.562+0000] {local_task_job_runner.py:166} INFO - Task is not able to be run
[2025-06-10T08:42:54.869+0000] {task_command.py:467} INFO - Running <TaskInstance: slurm_async_job.submit_slurm manual__2025-06-10T08:23:15.020152+00:00 [running]> on host 9406efa7f156
[2025-06-10T08:42:54.956+0000] {taskinstance.py:3134} INFO - Exporting env vars: AIRFLOW_CTX_DAG_OWNER='***' AIRFLOW_CTX_DAG_ID='slurm_async_job' AIRFLOW_CTX_TASK_ID='submit_slurm' AIRFLOW_CTX_EXECUTION_DATE='2025-06-10T08:23:15.020152+00:00' AIRFLOW_CTX_TRY_NUMBER='1' AIRFLOW_CTX_DAG_RUN_ID='manual__2025-06-10T08:23:15.020152+00:00'
[2025-06-10T08:42:54.957+0000] {logging_mixin.py:190} INFO - Task instance is in running state
[2025-06-10T08:42:54.957+0000] {logging_mixin.py:190} INFO -  Previous state of the Task instance: queued
[2025-06-10T08:42:54.958+0000] {logging_mixin.py:190} INFO - Current task name:submit_slurm state:running start_date:2025-06-10 08:42:54.483134+00:00
[2025-06-10T08:42:54.959+0000] {logging_mixin.py:190} INFO - Dag name:slurm_async_job and current dag run status:running
[2025-06-10T08:42:54.960+0000] {taskinstance.py:732} INFO - ::endgroup::
[2025-06-10T08:42:54.969+0000] {base.py:84} INFO - Retrieving connection 'hpc_ssh'
[2025-06-10T08:42:54.970+0000] {ssh.py:286} WARNING - No Host Key Verification. This won't protect against Man-In-The-Middle attacks
[2025-06-10T08:42:55.030+0000] {transport.py:1944} INFO - Connected (version 2.0, client OpenSSH_8.0)
[2025-06-10T08:42:55.408+0000] {transport.py:1944} INFO - Authentication (password) successful!
[2025-06-10T08:43:01.076+0000] {slurm_operator.py:32} INFO - Submitted SLURM job 17187: Submitted batch job 17187
[2025-06-10T08:43:01.098+0000] {crypto.py:82} WARNING - empty cryptography key - values will not be stored encrypted.
[2025-06-10T08:43:01.123+0000] {taskinstance.py:289} INFO - Pausing task as DEFERRED. dag_id=slurm_async_job, task_id=submit_slurm, run_id=manual__2025-06-10T08:23:15.020152+00:00, execution_date=20250610T082315, start_date=20250610T084254
[2025-06-10T08:43:01.127+0000] {taskinstance.py:341} INFO - ::group::Post task execution logs
[2025-06-10T08:43:01.153+0000] {local_task_job_runner.py:260} INFO - Task exited with return code 100 (task deferral)
[2025-06-10T08:43:01.154+0000] {local_task_job_runner.py:245} INFO - ::endgroup::
[2025-06-10T08:43:06.856+0000] {local_task_job_runner.py:123} INFO - ::group::Pre task execution logs
[2025-06-10T08:43:06.878+0000] {taskinstance.py:2614} INFO - Dependencies all met for dep_context=non-requeueable deps ti=<TaskInstance: slurm_async_job.submit_slurm manual__2025-06-10T08:23:15.020152+00:00 [queued]>
[2025-06-10T08:43:06.892+0000] {taskinstance.py:2614} INFO - Dependencies all met for dep_context=requeueable deps ti=<TaskInstance: slurm_async_job.submit_slurm manual__2025-06-10T08:23:15.020152+00:00 [queued]>
[2025-06-10T08:43:06.894+0000] {taskinstance.py:2865} INFO - Resuming after deferral
[2025-06-10T08:43:06.922+0000] {taskinstance.py:2890} INFO - Executing <Task(SubmitAndMonitorSlurmJobOperator): submit_slurm> on 2025-06-10 08:23:15.020152+00:00
[2025-06-10T08:43:06.933+0000] {warnings.py:112} WARNING - /home/***/.local/lib/python3.12/site-packages/***/task/task_runner/standard_task_runner.py:70: DeprecationWarning: This process (pid=72) is multi-threaded, use of fork() may lead to deadlocks in the child.
  pid = os.fork()

[2025-06-10T08:43:06.935+0000] {standard_task_runner.py:72} INFO - Started process 74 to run task
[2025-06-10T08:43:06.937+0000] {standard_task_runner.py:104} INFO - Running: ['***', 'tasks', 'run', 'slurm_async_job', 'submit_slurm', 'manual__2025-06-10T08:23:15.020152+00:00', '--job-id', '222', '--raw', '--subdir', 'DAGS_FOLDER/slurm_test_job.py', '--cfg-path', '/tmp/tmp72ld_pus']
[2025-06-10T08:43:06.939+0000] {standard_task_runner.py:105} INFO - Job 222: Subtask submit_slurm
[2025-06-10T08:43:07.014+0000] {task_command.py:467} INFO - Running <TaskInstance: slurm_async_job.submit_slurm manual__2025-06-10T08:23:15.020152+00:00 [running]> on host 9406efa7f156
[2025-06-10T08:43:07.102+0000] {logging_mixin.py:190} INFO - Task instance is in running state
[2025-06-10T08:43:07.104+0000] {logging_mixin.py:190} INFO -  Previous state of the Task instance: queued
[2025-06-10T08:43:07.104+0000] {logging_mixin.py:190} INFO - Current task name:submit_slurm state:running start_date:2025-06-10 08:42:54.483134+00:00
[2025-06-10T08:43:07.105+0000] {logging_mixin.py:190} INFO - Dag name:slurm_async_job and current dag run status:running
[2025-06-10T08:43:07.106+0000] {taskinstance.py:732} INFO - ::endgroup::
[2025-06-10T08:43:07.125+0000] {crypto.py:82} WARNING - empty cryptography key - values will not be stored encrypted.
[2025-06-10T08:43:07.141+0000] {taskinstance.py:289} INFO - Pausing task as DEFERRED. dag_id=slurm_async_job, task_id=submit_slurm, run_id=manual__2025-06-10T08:23:15.020152+00:00, execution_date=20250610T082315, start_date=20250610T084254
[2025-06-10T08:43:07.142+0000] {taskinstance.py:341} INFO - ::group::Post task execution logs
[2025-06-10T08:43:07.167+0000] {local_task_job_runner.py:260} INFO - Task exited with return code 100 (task deferral)
[2025-06-10T08:43:07.168+0000] {local_task_job_runner.py:245} INFO - ::endgroup::
[2025-06-10T08:43:13.437+0000] {local_task_job_runner.py:123} INFO - ::group::Pre task execution logs
[2025-06-10T08:43:13.455+0000] {taskinstance.py:2614} INFO - Dependencies all met for dep_context=non-requeueable deps ti=<TaskInstance: slurm_async_job.submit_slurm manual__2025-06-10T08:23:15.020152+00:00 [queued]>
[2025-06-10T08:43:13.467+0000] {taskinstance.py:2614} INFO - Dependencies all met for dep_context=requeueable deps ti=<TaskInstance: slurm_async_job.submit_slurm manual__2025-06-10T08:23:15.020152+00:00 [queued]>
[2025-06-10T08:43:13.467+0000] {taskinstance.py:2865} INFO - Resuming after deferral
[2025-06-10T08:43:13.485+0000] {taskinstance.py:2890} INFO - Executing <Task(SubmitAndMonitorSlurmJobOperator): submit_slurm> on 2025-06-10 08:23:15.020152+00:00
[2025-06-10T08:43:13.495+0000] {warnings.py:112} WARNING - /home/***/.local/lib/python3.12/site-packages/***/task/task_runner/standard_task_runner.py:70: DeprecationWarning: This process (pid=76) is multi-threaded, use of fork() may lead to deadlocks in the child.
  pid = os.fork()

[2025-06-10T08:43:13.497+0000] {standard_task_runner.py:72} INFO - Started process 78 to run task
[2025-06-10T08:43:13.499+0000] {standard_task_runner.py:104} INFO - Running: ['***', 'tasks', 'run', 'slurm_async_job', 'submit_slurm', 'manual__2025-06-10T08:23:15.020152+00:00', '--job-id', '223', '--raw', '--subdir', 'DAGS_FOLDER/slurm_test_job.py', '--cfg-path', '/tmp/tmp1u2w1x8v']
[2025-06-10T08:43:13.502+0000] {standard_task_runner.py:105} INFO - Job 223: Subtask submit_slurm
[2025-06-10T08:43:13.552+0000] {task_command.py:467} INFO - Running <TaskInstance: slurm_async_job.submit_slurm manual__2025-06-10T08:23:15.020152+00:00 [running]> on host 9406efa7f156
[2025-06-10T08:43:13.627+0000] {logging_mixin.py:190} INFO - Task instance is in running state
[2025-06-10T08:43:13.628+0000] {logging_mixin.py:190} INFO -  Previous state of the Task instance: queued
[2025-06-10T08:43:13.629+0000] {logging_mixin.py:190} INFO - Current task name:submit_slurm state:running start_date:2025-06-10 08:42:54.483134+00:00
[2025-06-10T08:43:13.630+0000] {logging_mixin.py:190} INFO - Dag name:slurm_async_job and current dag run status:running
[2025-06-10T08:43:13.630+0000] {taskinstance.py:732} INFO - ::endgroup::
[2025-06-10T08:43:13.649+0000] {crypto.py:82} WARNING - empty cryptography key - values will not be stored encrypted.
[2025-06-10T08:43:13.664+0000] {taskinstance.py:289} INFO - Pausing task as DEFERRED. dag_id=slurm_async_job, task_id=submit_slurm, run_id=manual__2025-06-10T08:23:15.020152+00:00, execution_date=20250610T082315, start_date=20250610T084254
[2025-06-10T08:43:13.665+0000] {taskinstance.py:341} INFO - ::group::Post task execution logs
[2025-06-10T08:43:13.681+0000] {local_task_job_runner.py:260} INFO - Task exited with return code 100 (task deferral)
[2025-06-10T08:43:13.682+0000] {local_task_job_runner.py:245} INFO - ::endgroup::
[2025-06-10T08:43:18.926+0000] {local_task_job_runner.py:123} INFO - ::group::Pre task execution logs
[2025-06-10T08:43:18.942+0000] {taskinstance.py:2614} INFO - Dependencies all met for dep_context=non-requeueable deps ti=<TaskInstance: slurm_async_job.submit_slurm manual__2025-06-10T08:23:15.020152+00:00 [queued]>
[2025-06-10T08:43:18.951+0000] {taskinstance.py:2614} INFO - Dependencies all met for dep_context=requeueable deps ti=<TaskInstance: slurm_async_job.submit_slurm manual__2025-06-10T08:23:15.020152+00:00 [queued]>
[2025-06-10T08:43:18.951+0000] {taskinstance.py:2865} INFO - Resuming after deferral
[2025-06-10T08:43:18.966+0000] {taskinstance.py:2890} INFO - Executing <Task(SubmitAndMonitorSlurmJobOperator): submit_slurm> on 2025-06-10 08:23:15.020152+00:00
[2025-06-10T08:43:18.974+0000] {warnings.py:112} WARNING - /home/***/.local/lib/python3.12/site-packages/***/task/task_runner/standard_task_runner.py:70: DeprecationWarning: This process (pid=80) is multi-threaded, use of fork() may lead to deadlocks in the child.
  pid = os.fork()

[2025-06-10T08:43:18.976+0000] {standard_task_runner.py:72} INFO - Started process 82 to run task
[2025-06-10T08:43:18.977+0000] {standard_task_runner.py:104} INFO - Running: ['***', 'tasks', 'run', 'slurm_async_job', 'submit_slurm', 'manual__2025-06-10T08:23:15.020152+00:00', '--job-id', '224', '--raw', '--subdir', 'DAGS_FOLDER/slurm_test_job.py', '--cfg-path', '/tmp/tmpba51ez50']
[2025-06-10T08:43:18.978+0000] {standard_task_runner.py:105} INFO - Job 224: Subtask submit_slurm
[2025-06-10T08:43:19.033+0000] {task_command.py:467} INFO - Running <TaskInstance: slurm_async_job.submit_slurm manual__2025-06-10T08:23:15.020152+00:00 [running]> on host 9406efa7f156
[2025-06-10T08:43:19.111+0000] {logging_mixin.py:190} INFO - Task instance is in running state
[2025-06-10T08:43:19.113+0000] {logging_mixin.py:190} INFO -  Previous state of the Task instance: queued
[2025-06-10T08:43:19.114+0000] {logging_mixin.py:190} INFO - Current task name:submit_slurm state:running start_date:2025-06-10 08:42:54.483134+00:00
[2025-06-10T08:43:19.115+0000] {logging_mixin.py:190} INFO - Dag name:slurm_async_job and current dag run status:running
[2025-06-10T08:43:19.116+0000] {taskinstance.py:732} INFO - ::endgroup::
[2025-06-10T08:43:19.145+0000] {crypto.py:82} WARNING - empty cryptography key - values will not be stored encrypted.
[2025-06-10T08:43:19.166+0000] {taskinstance.py:289} INFO - Pausing task as DEFERRED. dag_id=slurm_async_job, task_id=submit_slurm, run_id=manual__2025-06-10T08:23:15.020152+00:00, execution_date=20250610T082315, start_date=20250610T084254
[2025-06-10T08:43:19.169+0000] {taskinstance.py:341} INFO - ::group::Post task execution logs
[2025-06-10T08:43:19.201+0000] {local_task_job_runner.py:260} INFO - Task exited with return code 100 (task deferral)
[2025-06-10T08:43:19.202+0000] {local_task_job_runner.py:245} INFO - ::endgroup::
[2025-06-10T08:43:24.607+0000] {local_task_job_runner.py:123} INFO - ::group::Pre task execution logs
[2025-06-10T08:43:24.623+0000] {taskinstance.py:2614} INFO - Dependencies all met for dep_context=non-requeueable deps ti=<TaskInstance: slurm_async_job.submit_slurm manual__2025-06-10T08:23:15.020152+00:00 [queued]>
[2025-06-10T08:43:24.633+0000] {taskinstance.py:2614} INFO - Dependencies all met for dep_context=requeueable deps ti=<TaskInstance: slurm_async_job.submit_slurm manual__2025-06-10T08:23:15.020152+00:00 [queued]>
[2025-06-10T08:43:24.634+0000] {taskinstance.py:2865} INFO - Resuming after deferral
[2025-06-10T08:43:24.650+0000] {taskinstance.py:2890} INFO - Executing <Task(SubmitAndMonitorSlurmJobOperator): submit_slurm> on 2025-06-10 08:23:15.020152+00:00
[2025-06-10T08:43:24.660+0000] {warnings.py:112} WARNING - /home/***/.local/lib/python3.12/site-packages/***/task/task_runner/standard_task_runner.py:70: DeprecationWarning: This process (pid=84) is multi-threaded, use of fork() may lead to deadlocks in the child.
  pid = os.fork()

[2025-06-10T08:43:24.662+0000] {standard_task_runner.py:72} INFO - Started process 86 to run task
[2025-06-10T08:43:24.663+0000] {standard_task_runner.py:104} INFO - Running: ['***', 'tasks', 'run', 'slurm_async_job', 'submit_slurm', 'manual__2025-06-10T08:23:15.020152+00:00', '--job-id', '225', '--raw', '--subdir', 'DAGS_FOLDER/slurm_test_job.py', '--cfg-path', '/tmp/tmpe3sb554e']
[2025-06-10T08:43:24.664+0000] {standard_task_runner.py:105} INFO - Job 225: Subtask submit_slurm
[2025-06-10T08:43:24.720+0000] {task_command.py:467} INFO - Running <TaskInstance: slurm_async_job.submit_slurm manual__2025-06-10T08:23:15.020152+00:00 [running]> on host 9406efa7f156
[2025-06-10T08:43:24.805+0000] {logging_mixin.py:190} INFO - Task instance is in running state
[2025-06-10T08:43:24.807+0000] {logging_mixin.py:190} INFO -  Previous state of the Task instance: queued
[2025-06-10T08:43:24.807+0000] {logging_mixin.py:190} INFO - Current task name:submit_slurm state:running start_date:2025-06-10 08:42:54.483134+00:00
[2025-06-10T08:43:24.807+0000] {logging_mixin.py:190} INFO - Dag name:slurm_async_job and current dag run status:running
[2025-06-10T08:43:24.808+0000] {taskinstance.py:732} INFO - ::endgroup::
[2025-06-10T08:43:24.823+0000] {crypto.py:82} WARNING - empty cryptography key - values will not be stored encrypted.
[2025-06-10T08:43:24.838+0000] {taskinstance.py:289} INFO - Pausing task as DEFERRED. dag_id=slurm_async_job, task_id=submit_slurm, run_id=manual__2025-06-10T08:23:15.020152+00:00, execution_date=20250610T082315, start_date=20250610T084254
[2025-06-10T08:43:24.839+0000] {taskinstance.py:341} INFO - ::group::Post task execution logs
[2025-06-10T08:43:24.886+0000] {local_task_job_runner.py:260} INFO - Task exited with return code 100 (task deferral)
[2025-06-10T08:43:24.889+0000] {local_task_job_runner.py:245} INFO - ::endgroup::
[2025-06-10T08:43:30.384+0000] {local_task_job_runner.py:123} INFO - ::group::Pre task execution logs
[2025-06-10T08:43:30.403+0000] {taskinstance.py:2614} INFO - Dependencies all met for dep_context=non-requeueable deps ti=<TaskInstance: slurm_async_job.submit_slurm manual__2025-06-10T08:23:15.020152+00:00 [queued]>
[2025-06-10T08:43:30.413+0000] {taskinstance.py:2614} INFO - Dependencies all met for dep_context=requeueable deps ti=<TaskInstance: slurm_async_job.submit_slurm manual__2025-06-10T08:23:15.020152+00:00 [queued]>
[2025-06-10T08:43:30.414+0000] {taskinstance.py:2865} INFO - Resuming after deferral
[2025-06-10T08:43:30.435+0000] {taskinstance.py:2890} INFO - Executing <Task(SubmitAndMonitorSlurmJobOperator): submit_slurm> on 2025-06-10 08:23:15.020152+00:00
[2025-06-10T08:43:30.443+0000] {warnings.py:112} WARNING - /home/***/.local/lib/python3.12/site-packages/***/task/task_runner/standard_task_runner.py:70: DeprecationWarning: This process (pid=95) is multi-threaded, use of fork() may lead to deadlocks in the child.
  pid = os.fork()

[2025-06-10T08:43:30.445+0000] {standard_task_runner.py:72} INFO - Started process 97 to run task
[2025-06-10T08:43:30.449+0000] {standard_task_runner.py:104} INFO - Running: ['***', 'tasks', 'run', 'slurm_async_job', 'submit_slurm', 'manual__2025-06-10T08:23:15.020152+00:00', '--job-id', '226', '--raw', '--subdir', 'DAGS_FOLDER/slurm_test_job.py', '--cfg-path', '/tmp/tmp0_s2o80w']
[2025-06-10T08:43:30.452+0000] {standard_task_runner.py:105} INFO - Job 226: Subtask submit_slurm
[2025-06-10T08:43:30.544+0000] {task_command.py:467} INFO - Running <TaskInstance: slurm_async_job.submit_slurm manual__2025-06-10T08:23:15.020152+00:00 [running]> on host 9406efa7f156
[2025-06-10T08:43:30.656+0000] {logging_mixin.py:190} INFO - Task instance is in running state
[2025-06-10T08:43:30.657+0000] {logging_mixin.py:190} INFO -  Previous state of the Task instance: queued
[2025-06-10T08:43:30.658+0000] {logging_mixin.py:190} INFO - Current task name:submit_slurm state:running start_date:2025-06-10 08:42:54.483134+00:00
[2025-06-10T08:43:30.660+0000] {logging_mixin.py:190} INFO - Dag name:slurm_async_job and current dag run status:running
[2025-06-10T08:43:30.660+0000] {taskinstance.py:732} INFO - ::endgroup::
[2025-06-10T08:43:30.683+0000] {crypto.py:82} WARNING - empty cryptography key - values will not be stored encrypted.
[2025-06-10T08:43:30.709+0000] {taskinstance.py:289} INFO - Pausing task as DEFERRED. dag_id=slurm_async_job, task_id=submit_slurm, run_id=manual__2025-06-10T08:23:15.020152+00:00, execution_date=20250610T082315, start_date=20250610T084254
[2025-06-10T08:43:30.710+0000] {taskinstance.py:341} INFO - ::group::Post task execution logs
[2025-06-10T08:43:30.754+0000] {local_task_job_runner.py:260} INFO - Task exited with return code 100 (task deferral)
[2025-06-10T08:43:30.755+0000] {local_task_job_runner.py:245} INFO - ::endgroup::
[2025-06-10T08:43:36.673+0000] {local_task_job_runner.py:123} INFO - ::group::Pre task execution logs
[2025-06-10T08:43:36.694+0000] {taskinstance.py:2614} INFO - Dependencies all met for dep_context=non-requeueable deps ti=<TaskInstance: slurm_async_job.submit_slurm manual__2025-06-10T08:23:15.020152+00:00 [queued]>
[2025-06-10T08:43:36.706+0000] {taskinstance.py:2614} INFO - Dependencies all met for dep_context=requeueable deps ti=<TaskInstance: slurm_async_job.submit_slurm manual__2025-06-10T08:23:15.020152+00:00 [queued]>
[2025-06-10T08:43:36.706+0000] {taskinstance.py:2865} INFO - Resuming after deferral
[2025-06-10T08:43:36.725+0000] {taskinstance.py:2890} INFO - Executing <Task(SubmitAndMonitorSlurmJobOperator): submit_slurm> on 2025-06-10 08:23:15.020152+00:00
[2025-06-10T08:43:36.734+0000] {warnings.py:112} WARNING - /home/***/.local/lib/python3.12/site-packages/***/task/task_runner/standard_task_runner.py:70: DeprecationWarning: This process (pid=99) is multi-threaded, use of fork() may lead to deadlocks in the child.
  pid = os.fork()

[2025-06-10T08:43:36.737+0000] {standard_task_runner.py:72} INFO - Started process 101 to run task
[2025-06-10T08:43:36.737+0000] {standard_task_runner.py:104} INFO - Running: ['***', 'tasks', 'run', 'slurm_async_job', 'submit_slurm', 'manual__2025-06-10T08:23:15.020152+00:00', '--job-id', '227', '--raw', '--subdir', 'DAGS_FOLDER/slurm_test_job.py', '--cfg-path', '/tmp/tmp52ewc6bt']
[2025-06-10T08:43:36.741+0000] {standard_task_runner.py:105} INFO - Job 227: Subtask submit_slurm
[2025-06-10T08:43:36.798+0000] {task_command.py:467} INFO - Running <TaskInstance: slurm_async_job.submit_slurm manual__2025-06-10T08:23:15.020152+00:00 [running]> on host 9406efa7f156
[2025-06-10T08:43:36.884+0000] {logging_mixin.py:190} INFO - Task instance is in running state
[2025-06-10T08:43:36.885+0000] {logging_mixin.py:190} INFO -  Previous state of the Task instance: queued
[2025-06-10T08:43:36.886+0000] {logging_mixin.py:190} INFO - Current task name:submit_slurm state:running start_date:2025-06-10 08:42:54.483134+00:00
[2025-06-10T08:43:36.887+0000] {logging_mixin.py:190} INFO - Dag name:slurm_async_job and current dag run status:running
[2025-06-10T08:43:36.887+0000] {taskinstance.py:732} INFO - ::endgroup::
[2025-06-10T08:43:36.906+0000] {crypto.py:82} WARNING - empty cryptography key - values will not be stored encrypted.
[2025-06-10T08:43:36.923+0000] {taskinstance.py:289} INFO - Pausing task as DEFERRED. dag_id=slurm_async_job, task_id=submit_slurm, run_id=manual__2025-06-10T08:23:15.020152+00:00, execution_date=20250610T082315, start_date=20250610T084254
[2025-06-10T08:43:36.926+0000] {taskinstance.py:341} INFO - ::group::Post task execution logs
[2025-06-10T08:43:36.962+0000] {local_task_job_runner.py:260} INFO - Task exited with return code 100 (task deferral)
[2025-06-10T08:43:36.963+0000] {local_task_job_runner.py:245} INFO - ::endgroup::
[2025-06-10T08:43:42.190+0000] {local_task_job_runner.py:123} INFO - ::group::Pre task execution logs
[2025-06-10T08:43:42.209+0000] {taskinstance.py:2614} INFO - Dependencies all met for dep_context=non-requeueable deps ti=<TaskInstance: slurm_async_job.submit_slurm manual__2025-06-10T08:23:15.020152+00:00 [queued]>
[2025-06-10T08:43:42.220+0000] {taskinstance.py:2614} INFO - Dependencies all met for dep_context=requeueable deps ti=<TaskInstance: slurm_async_job.submit_slurm manual__2025-06-10T08:23:15.020152+00:00 [queued]>
[2025-06-10T08:43:42.220+0000] {taskinstance.py:2865} INFO - Resuming after deferral
[2025-06-10T08:43:42.237+0000] {taskinstance.py:2890} INFO - Executing <Task(SubmitAndMonitorSlurmJobOperator): submit_slurm> on 2025-06-10 08:23:15.020152+00:00
[2025-06-10T08:43:42.245+0000] {warnings.py:112} WARNING - /home/***/.local/lib/python3.12/site-packages/***/task/task_runner/standard_task_runner.py:70: DeprecationWarning: This process (pid=103) is multi-threaded, use of fork() may lead to deadlocks in the child.
  pid = os.fork()

[2025-06-10T08:43:42.247+0000] {standard_task_runner.py:72} INFO - Started process 105 to run task
[2025-06-10T08:43:42.248+0000] {standard_task_runner.py:104} INFO - Running: ['***', 'tasks', 'run', 'slurm_async_job', 'submit_slurm', 'manual__2025-06-10T08:23:15.020152+00:00', '--job-id', '228', '--raw', '--subdir', 'DAGS_FOLDER/slurm_test_job.py', '--cfg-path', '/tmp/tmpvuwgc38u']
[2025-06-10T08:43:42.250+0000] {standard_task_runner.py:105} INFO - Job 228: Subtask submit_slurm
[2025-06-10T08:43:42.303+0000] {task_command.py:467} INFO - Running <TaskInstance: slurm_async_job.submit_slurm manual__2025-06-10T08:23:15.020152+00:00 [running]> on host 9406efa7f156
[2025-06-10T08:43:42.409+0000] {logging_mixin.py:190} INFO - Task instance is in running state
[2025-06-10T08:43:42.410+0000] {logging_mixin.py:190} INFO -  Previous state of the Task instance: queued
[2025-06-10T08:43:42.411+0000] {logging_mixin.py:190} INFO - Current task name:submit_slurm state:running start_date:2025-06-10 08:42:54.483134+00:00
[2025-06-10T08:43:42.412+0000] {logging_mixin.py:190} INFO - Dag name:slurm_async_job and current dag run status:running
[2025-06-10T08:43:42.413+0000] {taskinstance.py:732} INFO - ::endgroup::
[2025-06-10T08:43:42.435+0000] {crypto.py:82} WARNING - empty cryptography key - values will not be stored encrypted.
[2025-06-10T08:43:42.455+0000] {taskinstance.py:289} INFO - Pausing task as DEFERRED. dag_id=slurm_async_job, task_id=submit_slurm, run_id=manual__2025-06-10T08:23:15.020152+00:00, execution_date=20250610T082315, start_date=20250610T084254
[2025-06-10T08:43:42.456+0000] {taskinstance.py:341} INFO - ::group::Post task execution logs
[2025-06-10T08:43:42.510+0000] {local_task_job_runner.py:260} INFO - Task exited with return code 100 (task deferral)
[2025-06-10T08:43:42.513+0000] {local_task_job_runner.py:245} INFO - ::endgroup::
[2025-06-10T08:43:49.340+0000] {local_task_job_runner.py:123} INFO - ::group::Pre task execution logs
[2025-06-10T08:43:49.359+0000] {taskinstance.py:2614} INFO - Dependencies all met for dep_context=non-requeueable deps ti=<TaskInstance: slurm_async_job.submit_slurm manual__2025-06-10T08:23:15.020152+00:00 [queued]>
[2025-06-10T08:43:49.370+0000] {taskinstance.py:2614} INFO - Dependencies all met for dep_context=requeueable deps ti=<TaskInstance: slurm_async_job.submit_slurm manual__2025-06-10T08:23:15.020152+00:00 [queued]>
[2025-06-10T08:43:49.371+0000] {taskinstance.py:2865} INFO - Resuming after deferral
[2025-06-10T08:43:49.392+0000] {taskinstance.py:2890} INFO - Executing <Task(SubmitAndMonitorSlurmJobOperator): submit_slurm> on 2025-06-10 08:23:15.020152+00:00
[2025-06-10T08:43:49.412+0000] {warnings.py:112} WARNING - /home/***/.local/lib/python3.12/site-packages/***/task/task_runner/standard_task_runner.py:70: DeprecationWarning: This process (pid=107) is multi-threaded, use of fork() may lead to deadlocks in the child.
  pid = os.fork()

[2025-06-10T08:43:49.418+0000] {standard_task_runner.py:72} INFO - Started process 109 to run task
[2025-06-10T08:43:49.418+0000] {standard_task_runner.py:104} INFO - Running: ['***', 'tasks', 'run', 'slurm_async_job', 'submit_slurm', 'manual__2025-06-10T08:23:15.020152+00:00', '--job-id', '229', '--raw', '--subdir', 'DAGS_FOLDER/slurm_test_job.py', '--cfg-path', '/tmp/tmpgk_drmb0']
[2025-06-10T08:43:49.420+0000] {standard_task_runner.py:105} INFO - Job 229: Subtask submit_slurm
[2025-06-10T08:43:49.473+0000] {task_command.py:467} INFO - Running <TaskInstance: slurm_async_job.submit_slurm manual__2025-06-10T08:23:15.020152+00:00 [running]> on host 9406efa7f156
[2025-06-10T08:43:49.549+0000] {logging_mixin.py:190} INFO - Task instance is in running state
[2025-06-10T08:43:49.550+0000] {logging_mixin.py:190} INFO -  Previous state of the Task instance: queued
[2025-06-10T08:43:49.551+0000] {logging_mixin.py:190} INFO - Current task name:submit_slurm state:running start_date:2025-06-10 08:42:54.483134+00:00
[2025-06-10T08:43:49.551+0000] {logging_mixin.py:190} INFO - Dag name:slurm_async_job and current dag run status:running
[2025-06-10T08:43:49.552+0000] {taskinstance.py:732} INFO - ::endgroup::
[2025-06-10T08:43:49.567+0000] {crypto.py:82} WARNING - empty cryptography key - values will not be stored encrypted.
[2025-06-10T08:43:49.582+0000] {taskinstance.py:289} INFO - Pausing task as DEFERRED. dag_id=slurm_async_job, task_id=submit_slurm, run_id=manual__2025-06-10T08:23:15.020152+00:00, execution_date=20250610T082315, start_date=20250610T084254
[2025-06-10T08:43:49.583+0000] {taskinstance.py:341} INFO - ::group::Post task execution logs
[2025-06-10T08:43:49.603+0000] {local_task_job_runner.py:260} INFO - Task exited with return code 100 (task deferral)
[2025-06-10T08:43:49.604+0000] {local_task_job_runner.py:245} INFO - ::endgroup::
[2025-06-10T08:43:55.970+0000] {local_task_job_runner.py:123} INFO - ::group::Pre task execution logs
[2025-06-10T08:43:55.988+0000] {taskinstance.py:2614} INFO - Dependencies all met for dep_context=non-requeueable deps ti=<TaskInstance: slurm_async_job.submit_slurm manual__2025-06-10T08:23:15.020152+00:00 [queued]>
[2025-06-10T08:43:55.996+0000] {taskinstance.py:2614} INFO - Dependencies all met for dep_context=requeueable deps ti=<TaskInstance: slurm_async_job.submit_slurm manual__2025-06-10T08:23:15.020152+00:00 [queued]>
[2025-06-10T08:43:55.997+0000] {taskinstance.py:2865} INFO - Resuming after deferral
[2025-06-10T08:43:56.012+0000] {taskinstance.py:2890} INFO - Executing <Task(SubmitAndMonitorSlurmJobOperator): submit_slurm> on 2025-06-10 08:23:15.020152+00:00
[2025-06-10T08:43:56.020+0000] {warnings.py:112} WARNING - /home/***/.local/lib/python3.12/site-packages/***/task/task_runner/standard_task_runner.py:70: DeprecationWarning: This process (pid=111) is multi-threaded, use of fork() may lead to deadlocks in the child.
  pid = os.fork()

[2025-06-10T08:43:56.022+0000] {standard_task_runner.py:72} INFO - Started process 113 to run task
[2025-06-10T08:43:56.022+0000] {standard_task_runner.py:104} INFO - Running: ['***', 'tasks', 'run', 'slurm_async_job', 'submit_slurm', 'manual__2025-06-10T08:23:15.020152+00:00', '--job-id', '230', '--raw', '--subdir', 'DAGS_FOLDER/slurm_test_job.py', '--cfg-path', '/tmp/tmpamynd_ij']
[2025-06-10T08:43:56.024+0000] {standard_task_runner.py:105} INFO - Job 230: Subtask submit_slurm
[2025-06-10T08:43:56.071+0000] {task_command.py:467} INFO - Running <TaskInstance: slurm_async_job.submit_slurm manual__2025-06-10T08:23:15.020152+00:00 [running]> on host 9406efa7f156
[2025-06-10T08:43:56.142+0000] {logging_mixin.py:190} INFO - Task instance is in running state
[2025-06-10T08:43:56.143+0000] {logging_mixin.py:190} INFO -  Previous state of the Task instance: queued
[2025-06-10T08:43:56.144+0000] {logging_mixin.py:190} INFO - Current task name:submit_slurm state:running start_date:2025-06-10 08:42:54.483134+00:00
[2025-06-10T08:43:56.144+0000] {logging_mixin.py:190} INFO - Dag name:slurm_async_job and current dag run status:running
[2025-06-10T08:43:56.144+0000] {taskinstance.py:732} INFO - ::endgroup::
[2025-06-10T08:43:56.161+0000] {crypto.py:82} WARNING - empty cryptography key - values will not be stored encrypted.
[2025-06-10T08:43:56.176+0000] {taskinstance.py:289} INFO - Pausing task as DEFERRED. dag_id=slurm_async_job, task_id=submit_slurm, run_id=manual__2025-06-10T08:23:15.020152+00:00, execution_date=20250610T082315, start_date=20250610T084254
[2025-06-10T08:43:56.176+0000] {taskinstance.py:341} INFO - ::group::Post task execution logs
[2025-06-10T08:43:56.203+0000] {local_task_job_runner.py:260} INFO - Task exited with return code 100 (task deferral)
[2025-06-10T08:43:56.204+0000] {local_task_job_runner.py:245} INFO - ::endgroup::
[2025-06-10T08:44:02.465+0000] {local_task_job_runner.py:123} INFO - ::group::Pre task execution logs
[2025-06-10T08:44:02.497+0000] {taskinstance.py:2614} INFO - Dependencies all met for dep_context=non-requeueable deps ti=<TaskInstance: slurm_async_job.submit_slurm manual__2025-06-10T08:23:15.020152+00:00 [queued]>
[2025-06-10T08:44:02.519+0000] {taskinstance.py:2614} INFO - Dependencies all met for dep_context=requeueable deps ti=<TaskInstance: slurm_async_job.submit_slurm manual__2025-06-10T08:23:15.020152+00:00 [queued]>
[2025-06-10T08:44:02.521+0000] {taskinstance.py:2865} INFO - Resuming after deferral
[2025-06-10T08:44:02.552+0000] {taskinstance.py:2890} INFO - Executing <Task(SubmitAndMonitorSlurmJobOperator): submit_slurm> on 2025-06-10 08:23:15.020152+00:00
[2025-06-10T08:44:02.568+0000] {warnings.py:112} WARNING - /home/***/.local/lib/python3.12/site-packages/***/task/task_runner/standard_task_runner.py:70: DeprecationWarning: This process (pid=121) is multi-threaded, use of fork() may lead to deadlocks in the child.
  pid = os.fork()

[2025-06-10T08:44:02.572+0000] {standard_task_runner.py:72} INFO - Started process 123 to run task
[2025-06-10T08:44:02.573+0000] {standard_task_runner.py:104} INFO - Running: ['***', 'tasks', 'run', 'slurm_async_job', 'submit_slurm', 'manual__2025-06-10T08:23:15.020152+00:00', '--job-id', '231', '--raw', '--subdir', 'DAGS_FOLDER/slurm_test_job.py', '--cfg-path', '/tmp/tmp48o569p7']
[2025-06-10T08:44:02.586+0000] {standard_task_runner.py:105} INFO - Job 231: Subtask submit_slurm
[2025-06-10T08:44:02.660+0000] {task_command.py:467} INFO - Running <TaskInstance: slurm_async_job.submit_slurm manual__2025-06-10T08:23:15.020152+00:00 [running]> on host 9406efa7f156
[2025-06-10T08:44:02.756+0000] {logging_mixin.py:190} INFO - Task instance is in running state
[2025-06-10T08:44:02.757+0000] {logging_mixin.py:190} INFO -  Previous state of the Task instance: queued
[2025-06-10T08:44:02.758+0000] {logging_mixin.py:190} INFO - Current task name:submit_slurm state:running start_date:2025-06-10 08:42:54.483134+00:00
[2025-06-10T08:44:02.758+0000] {logging_mixin.py:190} INFO - Dag name:slurm_async_job and current dag run status:running
[2025-06-10T08:44:02.761+0000] {taskinstance.py:732} INFO - ::endgroup::
[2025-06-10T08:44:02.778+0000] {crypto.py:82} WARNING - empty cryptography key - values will not be stored encrypted.
[2025-06-10T08:44:02.796+0000] {taskinstance.py:289} INFO - Pausing task as DEFERRED. dag_id=slurm_async_job, task_id=submit_slurm, run_id=manual__2025-06-10T08:23:15.020152+00:00, execution_date=20250610T082315, start_date=20250610T084254
[2025-06-10T08:44:02.798+0000] {taskinstance.py:341} INFO - ::group::Post task execution logs
[2025-06-10T08:44:02.840+0000] {local_task_job_runner.py:260} INFO - Task exited with return code 100 (task deferral)
[2025-06-10T08:44:02.841+0000] {local_task_job_runner.py:245} INFO - ::endgroup::
[2025-06-10T08:44:09.183+0000] {local_task_job_runner.py:123} INFO - ::group::Pre task execution logs
[2025-06-10T08:44:09.201+0000] {taskinstance.py:2614} INFO - Dependencies all met for dep_context=non-requeueable deps ti=<TaskInstance: slurm_async_job.submit_slurm manual__2025-06-10T08:23:15.020152+00:00 [queued]>
[2025-06-10T08:44:09.211+0000] {taskinstance.py:2614} INFO - Dependencies all met for dep_context=requeueable deps ti=<TaskInstance: slurm_async_job.submit_slurm manual__2025-06-10T08:23:15.020152+00:00 [queued]>
[2025-06-10T08:44:09.211+0000] {taskinstance.py:2865} INFO - Resuming after deferral
[2025-06-10T08:44:09.227+0000] {taskinstance.py:2890} INFO - Executing <Task(SubmitAndMonitorSlurmJobOperator): submit_slurm> on 2025-06-10 08:23:15.020152+00:00
[2025-06-10T08:44:09.234+0000] {warnings.py:112} WARNING - /home/***/.local/lib/python3.12/site-packages/***/task/task_runner/standard_task_runner.py:70: DeprecationWarning: This process (pid=125) is multi-threaded, use of fork() may lead to deadlocks in the child.
  pid = os.fork()

[2025-06-10T08:44:09.236+0000] {standard_task_runner.py:72} INFO - Started process 127 to run task
[2025-06-10T08:44:09.237+0000] {standard_task_runner.py:104} INFO - Running: ['***', 'tasks', 'run', 'slurm_async_job', 'submit_slurm', 'manual__2025-06-10T08:23:15.020152+00:00', '--job-id', '232', '--raw', '--subdir', 'DAGS_FOLDER/slurm_test_job.py', '--cfg-path', '/tmp/tmpzemn282r']
[2025-06-10T08:44:09.239+0000] {standard_task_runner.py:105} INFO - Job 232: Subtask submit_slurm
[2025-06-10T08:44:09.285+0000] {task_command.py:467} INFO - Running <TaskInstance: slurm_async_job.submit_slurm manual__2025-06-10T08:23:15.020152+00:00 [running]> on host 9406efa7f156
[2025-06-10T08:44:09.362+0000] {logging_mixin.py:190} INFO - Task instance is in running state
[2025-06-10T08:44:09.363+0000] {logging_mixin.py:190} INFO -  Previous state of the Task instance: queued
[2025-06-10T08:44:09.364+0000] {logging_mixin.py:190} INFO - Current task name:submit_slurm state:running start_date:2025-06-10 08:42:54.483134+00:00
[2025-06-10T08:44:09.364+0000] {logging_mixin.py:190} INFO - Dag name:slurm_async_job and current dag run status:running
[2025-06-10T08:44:09.365+0000] {taskinstance.py:732} INFO - ::endgroup::
[2025-06-10T08:44:09.386+0000] {crypto.py:82} WARNING - empty cryptography key - values will not be stored encrypted.
[2025-06-10T08:44:09.408+0000] {taskinstance.py:289} INFO - Pausing task as DEFERRED. dag_id=slurm_async_job, task_id=submit_slurm, run_id=manual__2025-06-10T08:23:15.020152+00:00, execution_date=20250610T082315, start_date=20250610T084254
[2025-06-10T08:44:09.409+0000] {taskinstance.py:341} INFO - ::group::Post task execution logs
[2025-06-10T08:44:09.420+0000] {local_task_job_runner.py:260} INFO - Task exited with return code 100 (task deferral)
[2025-06-10T08:44:09.420+0000] {local_task_job_runner.py:245} INFO - ::endgroup::
[2025-06-10T08:44:16.332+0000] {local_task_job_runner.py:123} INFO - ::group::Pre task execution logs
[2025-06-10T08:44:16.351+0000] {taskinstance.py:2614} INFO - Dependencies all met for dep_context=non-requeueable deps ti=<TaskInstance: slurm_async_job.submit_slurm manual__2025-06-10T08:23:15.020152+00:00 [queued]>
[2025-06-10T08:44:16.360+0000] {taskinstance.py:2614} INFO - Dependencies all met for dep_context=requeueable deps ti=<TaskInstance: slurm_async_job.submit_slurm manual__2025-06-10T08:23:15.020152+00:00 [queued]>
[2025-06-10T08:44:16.361+0000] {taskinstance.py:2865} INFO - Resuming after deferral
[2025-06-10T08:44:16.378+0000] {taskinstance.py:2890} INFO - Executing <Task(SubmitAndMonitorSlurmJobOperator): submit_slurm> on 2025-06-10 08:23:15.020152+00:00
[2025-06-10T08:44:16.386+0000] {warnings.py:112} WARNING - /home/***/.local/lib/python3.12/site-packages/***/task/task_runner/standard_task_runner.py:70: DeprecationWarning: This process (pid=129) is multi-threaded, use of fork() may lead to deadlocks in the child.
  pid = os.fork()

[2025-06-10T08:44:16.388+0000] {standard_task_runner.py:72} INFO - Started process 131 to run task
[2025-06-10T08:44:16.389+0000] {standard_task_runner.py:104} INFO - Running: ['***', 'tasks', 'run', 'slurm_async_job', 'submit_slurm', 'manual__2025-06-10T08:23:15.020152+00:00', '--job-id', '233', '--raw', '--subdir', 'DAGS_FOLDER/slurm_test_job.py', '--cfg-path', '/tmp/tmpl8yx11i3']
[2025-06-10T08:44:16.391+0000] {standard_task_runner.py:105} INFO - Job 233: Subtask submit_slurm
[2025-06-10T08:44:16.441+0000] {task_command.py:467} INFO - Running <TaskInstance: slurm_async_job.submit_slurm manual__2025-06-10T08:23:15.020152+00:00 [running]> on host 9406efa7f156
[2025-06-10T08:44:16.518+0000] {logging_mixin.py:190} INFO - Task instance is in running state
[2025-06-10T08:44:16.519+0000] {logging_mixin.py:190} INFO -  Previous state of the Task instance: queued
[2025-06-10T08:44:16.519+0000] {logging_mixin.py:190} INFO - Current task name:submit_slurm state:running start_date:2025-06-10 08:42:54.483134+00:00
[2025-06-10T08:44:16.520+0000] {logging_mixin.py:190} INFO - Dag name:slurm_async_job and current dag run status:running
[2025-06-10T08:44:16.521+0000] {taskinstance.py:732} INFO - ::endgroup::
[2025-06-10T08:44:16.538+0000] {crypto.py:82} WARNING - empty cryptography key - values will not be stored encrypted.
[2025-06-10T08:44:16.558+0000] {taskinstance.py:289} INFO - Pausing task as DEFERRED. dag_id=slurm_async_job, task_id=submit_slurm, run_id=manual__2025-06-10T08:23:15.020152+00:00, execution_date=20250610T082315, start_date=20250610T084254
[2025-06-10T08:44:16.560+0000] {taskinstance.py:341} INFO - ::group::Post task execution logs
[2025-06-10T08:44:16.614+0000] {local_task_job_runner.py:260} INFO - Task exited with return code 100 (task deferral)
[2025-06-10T08:44:16.614+0000] {local_task_job_runner.py:245} INFO - ::endgroup::
[2025-06-10T08:44:21.797+0000] {local_task_job_runner.py:123} INFO - ::group::Pre task execution logs
[2025-06-10T08:44:21.814+0000] {taskinstance.py:2614} INFO - Dependencies all met for dep_context=non-requeueable deps ti=<TaskInstance: slurm_async_job.submit_slurm manual__2025-06-10T08:23:15.020152+00:00 [queued]>
[2025-06-10T08:44:21.822+0000] {taskinstance.py:2614} INFO - Dependencies all met for dep_context=requeueable deps ti=<TaskInstance: slurm_async_job.submit_slurm manual__2025-06-10T08:23:15.020152+00:00 [queued]>
[2025-06-10T08:44:21.823+0000] {taskinstance.py:2865} INFO - Resuming after deferral
[2025-06-10T08:44:21.839+0000] {taskinstance.py:2890} INFO - Executing <Task(SubmitAndMonitorSlurmJobOperator): submit_slurm> on 2025-06-10 08:23:15.020152+00:00
[2025-06-10T08:44:21.848+0000] {warnings.py:112} WARNING - /home/***/.local/lib/python3.12/site-packages/***/task/task_runner/standard_task_runner.py:70: DeprecationWarning: This process (pid=133) is multi-threaded, use of fork() may lead to deadlocks in the child.
  pid = os.fork()

[2025-06-10T08:44:21.850+0000] {standard_task_runner.py:72} INFO - Started process 135 to run task
[2025-06-10T08:44:21.851+0000] {standard_task_runner.py:104} INFO - Running: ['***', 'tasks', 'run', 'slurm_async_job', 'submit_slurm', 'manual__2025-06-10T08:23:15.020152+00:00', '--job-id', '234', '--raw', '--subdir', 'DAGS_FOLDER/slurm_test_job.py', '--cfg-path', '/tmp/tmpq6m8zeyg']
[2025-06-10T08:44:21.853+0000] {standard_task_runner.py:105} INFO - Job 234: Subtask submit_slurm
[2025-06-10T08:44:21.901+0000] {task_command.py:467} INFO - Running <TaskInstance: slurm_async_job.submit_slurm manual__2025-06-10T08:23:15.020152+00:00 [running]> on host 9406efa7f156
[2025-06-10T08:44:21.973+0000] {logging_mixin.py:190} INFO - Task instance is in running state
[2025-06-10T08:44:21.974+0000] {logging_mixin.py:190} INFO -  Previous state of the Task instance: queued
[2025-06-10T08:44:21.975+0000] {logging_mixin.py:190} INFO - Current task name:submit_slurm state:running start_date:2025-06-10 08:42:54.483134+00:00
[2025-06-10T08:44:21.975+0000] {logging_mixin.py:190} INFO - Dag name:slurm_async_job and current dag run status:running
[2025-06-10T08:44:21.976+0000] {taskinstance.py:732} INFO - ::endgroup::
[2025-06-10T08:44:21.991+0000] {crypto.py:82} WARNING - empty cryptography key - values will not be stored encrypted.
[2025-06-10T08:44:22.007+0000] {taskinstance.py:289} INFO - Pausing task as DEFERRED. dag_id=slurm_async_job, task_id=submit_slurm, run_id=manual__2025-06-10T08:23:15.020152+00:00, execution_date=20250610T082315, start_date=20250610T084254
[2025-06-10T08:44:22.008+0000] {taskinstance.py:341} INFO - ::group::Post task execution logs
[2025-06-10T08:44:22.035+0000] {local_task_job_runner.py:260} INFO - Task exited with return code 100 (task deferral)
[2025-06-10T08:44:22.036+0000] {local_task_job_runner.py:245} INFO - ::endgroup::
[2025-06-10T08:44:27.430+0000] {local_task_job_runner.py:123} INFO - ::group::Pre task execution logs
[2025-06-10T08:44:27.447+0000] {taskinstance.py:2614} INFO - Dependencies all met for dep_context=non-requeueable deps ti=<TaskInstance: slurm_async_job.submit_slurm manual__2025-06-10T08:23:15.020152+00:00 [queued]>
[2025-06-10T08:44:27.456+0000] {taskinstance.py:2614} INFO - Dependencies all met for dep_context=requeueable deps ti=<TaskInstance: slurm_async_job.submit_slurm manual__2025-06-10T08:23:15.020152+00:00 [queued]>
[2025-06-10T08:44:27.457+0000] {taskinstance.py:2865} INFO - Resuming after deferral
[2025-06-10T08:44:27.474+0000] {taskinstance.py:2890} INFO - Executing <Task(SubmitAndMonitorSlurmJobOperator): submit_slurm> on 2025-06-10 08:23:15.020152+00:00
[2025-06-10T08:44:27.481+0000] {warnings.py:112} WARNING - /home/***/.local/lib/python3.12/site-packages/***/task/task_runner/standard_task_runner.py:70: DeprecationWarning: This process (pid=137) is multi-threaded, use of fork() may lead to deadlocks in the child.
  pid = os.fork()

[2025-06-10T08:44:27.483+0000] {standard_task_runner.py:72} INFO - Started process 139 to run task
[2025-06-10T08:44:27.484+0000] {standard_task_runner.py:104} INFO - Running: ['***', 'tasks', 'run', 'slurm_async_job', 'submit_slurm', 'manual__2025-06-10T08:23:15.020152+00:00', '--job-id', '235', '--raw', '--subdir', 'DAGS_FOLDER/slurm_test_job.py', '--cfg-path', '/tmp/tmpyci62vic']
[2025-06-10T08:44:27.486+0000] {standard_task_runner.py:105} INFO - Job 235: Subtask submit_slurm
[2025-06-10T08:44:27.534+0000] {task_command.py:467} INFO - Running <TaskInstance: slurm_async_job.submit_slurm manual__2025-06-10T08:23:15.020152+00:00 [running]> on host 9406efa7f156
[2025-06-10T08:44:27.606+0000] {logging_mixin.py:190} INFO - Task instance is in running state
[2025-06-10T08:44:27.607+0000] {logging_mixin.py:190} INFO -  Previous state of the Task instance: queued
[2025-06-10T08:44:27.608+0000] {logging_mixin.py:190} INFO - Current task name:submit_slurm state:running start_date:2025-06-10 08:42:54.483134+00:00
[2025-06-10T08:44:27.608+0000] {logging_mixin.py:190} INFO - Dag name:slurm_async_job and current dag run status:running
[2025-06-10T08:44:27.608+0000] {taskinstance.py:732} INFO - ::endgroup::
[2025-06-10T08:44:27.623+0000] {crypto.py:82} WARNING - empty cryptography key - values will not be stored encrypted.
[2025-06-10T08:44:27.638+0000] {taskinstance.py:289} INFO - Pausing task as DEFERRED. dag_id=slurm_async_job, task_id=submit_slurm, run_id=manual__2025-06-10T08:23:15.020152+00:00, execution_date=20250610T082315, start_date=20250610T084254
[2025-06-10T08:44:27.639+0000] {taskinstance.py:341} INFO - ::group::Post task execution logs
[2025-06-10T08:44:27.666+0000] {local_task_job_runner.py:260} INFO - Task exited with return code 100 (task deferral)
[2025-06-10T08:44:27.667+0000] {local_task_job_runner.py:245} INFO - ::endgroup::
[2025-06-10T08:44:33.156+0000] {local_task_job_runner.py:123} INFO - ::group::Pre task execution logs
[2025-06-10T08:44:33.172+0000] {taskinstance.py:2614} INFO - Dependencies all met for dep_context=non-requeueable deps ti=<TaskInstance: slurm_async_job.submit_slurm manual__2025-06-10T08:23:15.020152+00:00 [queued]>
[2025-06-10T08:44:33.181+0000] {taskinstance.py:2614} INFO - Dependencies all met for dep_context=requeueable deps ti=<TaskInstance: slurm_async_job.submit_slurm manual__2025-06-10T08:23:15.020152+00:00 [queued]>
[2025-06-10T08:44:33.181+0000] {taskinstance.py:2865} INFO - Resuming after deferral
[2025-06-10T08:44:33.196+0000] {taskinstance.py:2890} INFO - Executing <Task(SubmitAndMonitorSlurmJobOperator): submit_slurm> on 2025-06-10 08:23:15.020152+00:00
[2025-06-10T08:44:33.203+0000] {warnings.py:112} WARNING - /home/***/.local/lib/python3.12/site-packages/***/task/task_runner/standard_task_runner.py:70: DeprecationWarning: This process (pid=141) is multi-threaded, use of fork() may lead to deadlocks in the child.
  pid = os.fork()

[2025-06-10T08:44:33.205+0000] {standard_task_runner.py:72} INFO - Started process 143 to run task
[2025-06-10T08:44:33.205+0000] {standard_task_runner.py:104} INFO - Running: ['***', 'tasks', 'run', 'slurm_async_job', 'submit_slurm', 'manual__2025-06-10T08:23:15.020152+00:00', '--job-id', '236', '--raw', '--subdir', 'DAGS_FOLDER/slurm_test_job.py', '--cfg-path', '/tmp/tmp83uh7phf']
[2025-06-10T08:44:33.207+0000] {standard_task_runner.py:105} INFO - Job 236: Subtask submit_slurm
[2025-06-10T08:44:33.253+0000] {task_command.py:467} INFO - Running <TaskInstance: slurm_async_job.submit_slurm manual__2025-06-10T08:23:15.020152+00:00 [running]> on host 9406efa7f156
[2025-06-10T08:44:33.327+0000] {logging_mixin.py:190} INFO - Task instance is in running state
[2025-06-10T08:44:33.328+0000] {logging_mixin.py:190} INFO -  Previous state of the Task instance: queued
[2025-06-10T08:44:33.328+0000] {logging_mixin.py:190} INFO - Current task name:submit_slurm state:running start_date:2025-06-10 08:42:54.483134+00:00
[2025-06-10T08:44:33.329+0000] {logging_mixin.py:190} INFO - Dag name:slurm_async_job and current dag run status:running
[2025-06-10T08:44:33.330+0000] {taskinstance.py:732} INFO - ::endgroup::
[2025-06-10T08:44:33.345+0000] {crypto.py:82} WARNING - empty cryptography key - values will not be stored encrypted.
[2025-06-10T08:44:33.359+0000] {taskinstance.py:289} INFO - Pausing task as DEFERRED. dag_id=slurm_async_job, task_id=submit_slurm, run_id=manual__2025-06-10T08:23:15.020152+00:00, execution_date=20250610T082315, start_date=20250610T084254
[2025-06-10T08:44:33.362+0000] {taskinstance.py:341} INFO - ::group::Post task execution logs
[2025-06-10T08:44:33.389+0000] {local_task_job_runner.py:260} INFO - Task exited with return code 100 (task deferral)
[2025-06-10T08:44:33.391+0000] {local_task_job_runner.py:245} INFO - ::endgroup::
[2025-06-10T08:44:40.819+0000] {local_task_job_runner.py:123} INFO - ::group::Pre task execution logs
[2025-06-10T08:44:40.836+0000] {taskinstance.py:2614} INFO - Dependencies all met for dep_context=non-requeueable deps ti=<TaskInstance: slurm_async_job.submit_slurm manual__2025-06-10T08:23:15.020152+00:00 [queued]>
[2025-06-10T08:44:40.848+0000] {taskinstance.py:2614} INFO - Dependencies all met for dep_context=requeueable deps ti=<TaskInstance: slurm_async_job.submit_slurm manual__2025-06-10T08:23:15.020152+00:00 [queued]>
[2025-06-10T08:44:40.849+0000] {taskinstance.py:2865} INFO - Resuming after deferral
[2025-06-10T08:44:40.874+0000] {taskinstance.py:2890} INFO - Executing <Task(SubmitAndMonitorSlurmJobOperator): submit_slurm> on 2025-06-10 08:23:15.020152+00:00
[2025-06-10T08:44:40.887+0000] {warnings.py:112} WARNING - /home/***/.local/lib/python3.12/site-packages/***/task/task_runner/standard_task_runner.py:70: DeprecationWarning: This process (pid=152) is multi-threaded, use of fork() may lead to deadlocks in the child.
  pid = os.fork()

[2025-06-10T08:44:40.890+0000] {standard_task_runner.py:72} INFO - Started process 154 to run task
[2025-06-10T08:44:40.890+0000] {standard_task_runner.py:104} INFO - Running: ['***', 'tasks', 'run', 'slurm_async_job', 'submit_slurm', 'manual__2025-06-10T08:23:15.020152+00:00', '--job-id', '237', '--raw', '--subdir', 'DAGS_FOLDER/slurm_test_job.py', '--cfg-path', '/tmp/tmpnf6wynvf']
[2025-06-10T08:44:40.892+0000] {standard_task_runner.py:105} INFO - Job 237: Subtask submit_slurm
[2025-06-10T08:44:40.968+0000] {task_command.py:467} INFO - Running <TaskInstance: slurm_async_job.submit_slurm manual__2025-06-10T08:23:15.020152+00:00 [running]> on host 9406efa7f156
[2025-06-10T08:44:41.060+0000] {logging_mixin.py:190} INFO - Task instance is in running state
[2025-06-10T08:44:41.061+0000] {logging_mixin.py:190} INFO -  Previous state of the Task instance: queued
[2025-06-10T08:44:41.062+0000] {logging_mixin.py:190} INFO - Current task name:submit_slurm state:running start_date:2025-06-10 08:42:54.483134+00:00
[2025-06-10T08:44:41.063+0000] {logging_mixin.py:190} INFO - Dag name:slurm_async_job and current dag run status:running
[2025-06-10T08:44:41.064+0000] {taskinstance.py:732} INFO - ::endgroup::
[2025-06-10T08:44:41.083+0000] {crypto.py:82} WARNING - empty cryptography key - values will not be stored encrypted.
[2025-06-10T08:44:41.100+0000] {taskinstance.py:289} INFO - Pausing task as DEFERRED. dag_id=slurm_async_job, task_id=submit_slurm, run_id=manual__2025-06-10T08:23:15.020152+00:00, execution_date=20250610T082315, start_date=20250610T084254
[2025-06-10T08:44:41.101+0000] {taskinstance.py:341} INFO - ::group::Post task execution logs
[2025-06-10T08:44:41.116+0000] {local_task_job_runner.py:260} INFO - Task exited with return code 100 (task deferral)
[2025-06-10T08:44:41.117+0000] {local_task_job_runner.py:245} INFO - ::endgroup::
[2025-06-10T08:44:53.412+0000] {local_task_job_runner.py:123} INFO - ::group::Pre task execution logs
[2025-06-10T08:44:53.429+0000] {taskinstance.py:2614} INFO - Dependencies all met for dep_context=non-requeueable deps ti=<TaskInstance: slurm_async_job.submit_slurm manual__2025-06-10T08:23:15.020152+00:00 [queued]>
[2025-06-10T08:44:53.438+0000] {taskinstance.py:2614} INFO - Dependencies all met for dep_context=requeueable deps ti=<TaskInstance: slurm_async_job.submit_slurm manual__2025-06-10T08:23:15.020152+00:00 [queued]>
[2025-06-10T08:44:53.439+0000] {taskinstance.py:2865} INFO - Resuming after deferral
[2025-06-10T08:44:53.454+0000] {taskinstance.py:2890} INFO - Executing <Task(SubmitAndMonitorSlurmJobOperator): submit_slurm> on 2025-06-10 08:23:15.020152+00:00
[2025-06-10T08:44:53.463+0000] {warnings.py:112} WARNING - /home/***/.local/lib/python3.12/site-packages/***/task/task_runner/standard_task_runner.py:70: DeprecationWarning: This process (pid=156) is multi-threaded, use of fork() may lead to deadlocks in the child.
  pid = os.fork()

[2025-06-10T08:44:53.465+0000] {standard_task_runner.py:72} INFO - Started process 158 to run task
[2025-06-10T08:44:53.465+0000] {standard_task_runner.py:104} INFO - Running: ['***', 'tasks', 'run', 'slurm_async_job', 'submit_slurm', 'manual__2025-06-10T08:23:15.020152+00:00', '--job-id', '238', '--raw', '--subdir', 'DAGS_FOLDER/slurm_test_job.py', '--cfg-path', '/tmp/tmpxn1_hhmw']
[2025-06-10T08:44:53.467+0000] {standard_task_runner.py:105} INFO - Job 238: Subtask submit_slurm
[2025-06-10T08:44:53.514+0000] {task_command.py:467} INFO - Running <TaskInstance: slurm_async_job.submit_slurm manual__2025-06-10T08:23:15.020152+00:00 [running]> on host 9406efa7f156
[2025-06-10T08:44:53.588+0000] {logging_mixin.py:190} INFO - Task instance is in running state
[2025-06-10T08:44:53.589+0000] {logging_mixin.py:190} INFO -  Previous state of the Task instance: queued
[2025-06-10T08:44:53.589+0000] {logging_mixin.py:190} INFO - Current task name:submit_slurm state:running start_date:2025-06-10 08:42:54.483134+00:00
[2025-06-10T08:44:53.590+0000] {logging_mixin.py:190} INFO - Dag name:slurm_async_job and current dag run status:running
[2025-06-10T08:44:53.590+0000] {taskinstance.py:732} INFO - ::endgroup::
[2025-06-10T08:44:53.607+0000] {crypto.py:82} WARNING - empty cryptography key - values will not be stored encrypted.
[2025-06-10T08:44:53.622+0000] {taskinstance.py:289} INFO - Pausing task as DEFERRED. dag_id=slurm_async_job, task_id=submit_slurm, run_id=manual__2025-06-10T08:23:15.020152+00:00, execution_date=20250610T082315, start_date=20250610T084254
[2025-06-10T08:44:53.624+0000] {taskinstance.py:341} INFO - ::group::Post task execution logs
[2025-06-10T08:44:53.651+0000] {local_task_job_runner.py:260} INFO - Task exited with return code 100 (task deferral)
[2025-06-10T08:44:53.652+0000] {local_task_job_runner.py:245} INFO - ::endgroup::
[2025-06-10T08:44:59.694+0000] {local_task_job_runner.py:123} INFO - ::group::Pre task execution logs
[2025-06-10T08:44:59.715+0000] {taskinstance.py:2614} INFO - Dependencies all met for dep_context=non-requeueable deps ti=<TaskInstance: slurm_async_job.submit_slurm manual__2025-06-10T08:23:15.020152+00:00 [queued]>
[2025-06-10T08:44:59.723+0000] {taskinstance.py:2614} INFO - Dependencies all met for dep_context=requeueable deps ti=<TaskInstance: slurm_async_job.submit_slurm manual__2025-06-10T08:23:15.020152+00:00 [queued]>
[2025-06-10T08:44:59.723+0000] {taskinstance.py:2865} INFO - Resuming after deferral
[2025-06-10T08:44:59.741+0000] {taskinstance.py:2890} INFO - Executing <Task(SubmitAndMonitorSlurmJobOperator): submit_slurm> on 2025-06-10 08:23:15.020152+00:00
[2025-06-10T08:44:59.749+0000] {warnings.py:112} WARNING - /home/***/.local/lib/python3.12/site-packages/***/task/task_runner/standard_task_runner.py:70: DeprecationWarning: This process (pid=160) is multi-threaded, use of fork() may lead to deadlocks in the child.
  pid = os.fork()

[2025-06-10T08:44:59.750+0000] {standard_task_runner.py:72} INFO - Started process 162 to run task
[2025-06-10T08:44:59.751+0000] {standard_task_runner.py:104} INFO - Running: ['***', 'tasks', 'run', 'slurm_async_job', 'submit_slurm', 'manual__2025-06-10T08:23:15.020152+00:00', '--job-id', '239', '--raw', '--subdir', 'DAGS_FOLDER/slurm_test_job.py', '--cfg-path', '/tmp/tmpzryv4glm']
[2025-06-10T08:44:59.753+0000] {standard_task_runner.py:105} INFO - Job 239: Subtask submit_slurm
[2025-06-10T08:44:59.799+0000] {task_command.py:467} INFO - Running <TaskInstance: slurm_async_job.submit_slurm manual__2025-06-10T08:23:15.020152+00:00 [running]> on host 9406efa7f156
[2025-06-10T08:44:59.873+0000] {logging_mixin.py:190} INFO - Task instance is in running state
[2025-06-10T08:44:59.873+0000] {logging_mixin.py:190} INFO -  Previous state of the Task instance: queued
[2025-06-10T08:44:59.874+0000] {logging_mixin.py:190} INFO - Current task name:submit_slurm state:running start_date:2025-06-10 08:42:54.483134+00:00
[2025-06-10T08:44:59.874+0000] {logging_mixin.py:190} INFO - Dag name:slurm_async_job and current dag run status:running
[2025-06-10T08:44:59.875+0000] {taskinstance.py:732} INFO - ::endgroup::
[2025-06-10T08:44:59.890+0000] {crypto.py:82} WARNING - empty cryptography key - values will not be stored encrypted.
[2025-06-10T08:44:59.907+0000] {taskinstance.py:289} INFO - Pausing task as DEFERRED. dag_id=slurm_async_job, task_id=submit_slurm, run_id=manual__2025-06-10T08:23:15.020152+00:00, execution_date=20250610T082315, start_date=20250610T084254
[2025-06-10T08:44:59.907+0000] {taskinstance.py:341} INFO - ::group::Post task execution logs
[2025-06-10T08:44:59.932+0000] {local_task_job_runner.py:260} INFO - Task exited with return code 100 (task deferral)
[2025-06-10T08:44:59.933+0000] {local_task_job_runner.py:245} INFO - ::endgroup::
[2025-06-10T08:45:04.786+0000] {local_task_job_runner.py:123} INFO - ::group::Pre task execution logs
[2025-06-10T08:45:04.806+0000] {taskinstance.py:2614} INFO - Dependencies all met for dep_context=non-requeueable deps ti=<TaskInstance: slurm_async_job.submit_slurm manual__2025-06-10T08:23:15.020152+00:00 [queued]>
[2025-06-10T08:45:04.815+0000] {taskinstance.py:2614} INFO - Dependencies all met for dep_context=requeueable deps ti=<TaskInstance: slurm_async_job.submit_slurm manual__2025-06-10T08:23:15.020152+00:00 [queued]>
[2025-06-10T08:45:04.816+0000] {taskinstance.py:2865} INFO - Resuming after deferral
[2025-06-10T08:45:04.833+0000] {taskinstance.py:2890} INFO - Executing <Task(SubmitAndMonitorSlurmJobOperator): submit_slurm> on 2025-06-10 08:23:15.020152+00:00
[2025-06-10T08:45:04.840+0000] {warnings.py:112} WARNING - /home/***/.local/lib/python3.12/site-packages/***/task/task_runner/standard_task_runner.py:70: DeprecationWarning: This process (pid=164) is multi-threaded, use of fork() may lead to deadlocks in the child.
  pid = os.fork()

[2025-06-10T08:45:04.843+0000] {standard_task_runner.py:104} INFO - Running: ['***', 'tasks', 'run', 'slurm_async_job', 'submit_slurm', 'manual__2025-06-10T08:23:15.020152+00:00', '--job-id', '240', '--raw', '--subdir', 'DAGS_FOLDER/slurm_test_job.py', '--cfg-path', '/tmp/tmpu0lt3ru1']
[2025-06-10T08:45:04.844+0000] {standard_task_runner.py:72} INFO - Started process 166 to run task
[2025-06-10T08:45:04.845+0000] {standard_task_runner.py:105} INFO - Job 240: Subtask submit_slurm
[2025-06-10T08:45:04.894+0000] {task_command.py:467} INFO - Running <TaskInstance: slurm_async_job.submit_slurm manual__2025-06-10T08:23:15.020152+00:00 [running]> on host 9406efa7f156
[2025-06-10T08:45:04.968+0000] {logging_mixin.py:190} INFO - Task instance is in running state
[2025-06-10T08:45:04.969+0000] {logging_mixin.py:190} INFO -  Previous state of the Task instance: queued
[2025-06-10T08:45:04.969+0000] {logging_mixin.py:190} INFO - Current task name:submit_slurm state:running start_date:2025-06-10 08:42:54.483134+00:00
[2025-06-10T08:45:04.970+0000] {logging_mixin.py:190} INFO - Dag name:slurm_async_job and current dag run status:running
[2025-06-10T08:45:04.970+0000] {taskinstance.py:732} INFO - ::endgroup::
[2025-06-10T08:45:04.986+0000] {crypto.py:82} WARNING - empty cryptography key - values will not be stored encrypted.
[2025-06-10T08:45:05.002+0000] {taskinstance.py:289} INFO - Pausing task as DEFERRED. dag_id=slurm_async_job, task_id=submit_slurm, run_id=manual__2025-06-10T08:23:15.020152+00:00, execution_date=20250610T082315, start_date=20250610T084254
[2025-06-10T08:45:05.002+0000] {taskinstance.py:341} INFO - ::group::Post task execution logs
[2025-06-10T08:45:05.029+0000] {local_task_job_runner.py:260} INFO - Task exited with return code 100 (task deferral)
[2025-06-10T08:45:05.030+0000] {local_task_job_runner.py:245} INFO - ::endgroup::
[2025-06-10T08:45:10.922+0000] {local_task_job_runner.py:123} INFO - ::group::Pre task execution logs
[2025-06-10T08:45:10.940+0000] {taskinstance.py:2614} INFO - Dependencies all met for dep_context=non-requeueable deps ti=<TaskInstance: slurm_async_job.submit_slurm manual__2025-06-10T08:23:15.020152+00:00 [queued]>
[2025-06-10T08:45:10.949+0000] {taskinstance.py:2614} INFO - Dependencies all met for dep_context=requeueable deps ti=<TaskInstance: slurm_async_job.submit_slurm manual__2025-06-10T08:23:15.020152+00:00 [queued]>
[2025-06-10T08:45:10.949+0000] {taskinstance.py:2865} INFO - Resuming after deferral
[2025-06-10T08:45:10.964+0000] {taskinstance.py:2890} INFO - Executing <Task(SubmitAndMonitorSlurmJobOperator): submit_slurm> on 2025-06-10 08:23:15.020152+00:00
[2025-06-10T08:45:10.971+0000] {warnings.py:112} WARNING - /home/***/.local/lib/python3.12/site-packages/***/task/task_runner/standard_task_runner.py:70: DeprecationWarning: This process (pid=175) is multi-threaded, use of fork() may lead to deadlocks in the child.
  pid = os.fork()

[2025-06-10T08:45:10.973+0000] {standard_task_runner.py:72} INFO - Started process 177 to run task
[2025-06-10T08:45:10.974+0000] {standard_task_runner.py:104} INFO - Running: ['***', 'tasks', 'run', 'slurm_async_job', 'submit_slurm', 'manual__2025-06-10T08:23:15.020152+00:00', '--job-id', '241', '--raw', '--subdir', 'DAGS_FOLDER/slurm_test_job.py', '--cfg-path', '/tmp/tmpeqck7_54']
[2025-06-10T08:45:10.976+0000] {standard_task_runner.py:105} INFO - Job 241: Subtask submit_slurm
[2025-06-10T08:45:11.025+0000] {task_command.py:467} INFO - Running <TaskInstance: slurm_async_job.submit_slurm manual__2025-06-10T08:23:15.020152+00:00 [running]> on host 9406efa7f156
[2025-06-10T08:45:11.096+0000] {logging_mixin.py:190} INFO - Task instance is in running state
[2025-06-10T08:45:11.096+0000] {logging_mixin.py:190} INFO -  Previous state of the Task instance: queued
[2025-06-10T08:45:11.097+0000] {logging_mixin.py:190} INFO - Current task name:submit_slurm state:running start_date:2025-06-10 08:42:54.483134+00:00
[2025-06-10T08:45:11.097+0000] {logging_mixin.py:190} INFO - Dag name:slurm_async_job and current dag run status:running
[2025-06-10T08:45:11.098+0000] {taskinstance.py:732} INFO - ::endgroup::
[2025-06-10T08:45:11.113+0000] {crypto.py:82} WARNING - empty cryptography key - values will not be stored encrypted.
[2025-06-10T08:45:11.129+0000] {taskinstance.py:289} INFO - Pausing task as DEFERRED. dag_id=slurm_async_job, task_id=submit_slurm, run_id=manual__2025-06-10T08:23:15.020152+00:00, execution_date=20250610T082315, start_date=20250610T084254
[2025-06-10T08:45:11.130+0000] {taskinstance.py:341} INFO - ::group::Post task execution logs
[2025-06-10T08:45:11.159+0000] {local_task_job_runner.py:260} INFO - Task exited with return code 100 (task deferral)
[2025-06-10T08:45:11.160+0000] {local_task_job_runner.py:245} INFO - ::endgroup::
[2025-06-10T08:45:18.225+0000] {local_task_job_runner.py:123} INFO - ::group::Pre task execution logs
[2025-06-10T08:45:18.254+0000] {taskinstance.py:2614} INFO - Dependencies all met for dep_context=non-requeueable deps ti=<TaskInstance: slurm_async_job.submit_slurm manual__2025-06-10T08:23:15.020152+00:00 [queued]>
[2025-06-10T08:45:18.270+0000] {taskinstance.py:2614} INFO - Dependencies all met for dep_context=requeueable deps ti=<TaskInstance: slurm_async_job.submit_slurm manual__2025-06-10T08:23:15.020152+00:00 [queued]>
[2025-06-10T08:45:18.271+0000] {taskinstance.py:2865} INFO - Resuming after deferral
[2025-06-10T08:45:18.297+0000] {taskinstance.py:2890} INFO - Executing <Task(SubmitAndMonitorSlurmJobOperator): submit_slurm> on 2025-06-10 08:23:15.020152+00:00
[2025-06-10T08:45:18.307+0000] {warnings.py:112} WARNING - /home/***/.local/lib/python3.12/site-packages/***/task/task_runner/standard_task_runner.py:70: DeprecationWarning: This process (pid=179) is multi-threaded, use of fork() may lead to deadlocks in the child.
  pid = os.fork()

[2025-06-10T08:45:18.310+0000] {standard_task_runner.py:72} INFO - Started process 181 to run task
[2025-06-10T08:45:18.313+0000] {standard_task_runner.py:104} INFO - Running: ['***', 'tasks', 'run', 'slurm_async_job', 'submit_slurm', 'manual__2025-06-10T08:23:15.020152+00:00', '--job-id', '242', '--raw', '--subdir', 'DAGS_FOLDER/slurm_test_job.py', '--cfg-path', '/tmp/tmp7in5bdtd']
[2025-06-10T08:45:18.315+0000] {standard_task_runner.py:105} INFO - Job 242: Subtask submit_slurm
[2025-06-10T08:45:18.384+0000] {task_command.py:467} INFO - Running <TaskInstance: slurm_async_job.submit_slurm manual__2025-06-10T08:23:15.020152+00:00 [running]> on host 9406efa7f156
[2025-06-10T08:45:18.477+0000] {logging_mixin.py:190} INFO - Task instance is in running state
[2025-06-10T08:45:18.478+0000] {logging_mixin.py:190} INFO -  Previous state of the Task instance: queued
[2025-06-10T08:45:18.480+0000] {logging_mixin.py:190} INFO - Current task name:submit_slurm state:running start_date:2025-06-10 08:42:54.483134+00:00
[2025-06-10T08:45:18.481+0000] {logging_mixin.py:190} INFO - Dag name:slurm_async_job and current dag run status:running
[2025-06-10T08:45:18.482+0000] {taskinstance.py:732} INFO - ::endgroup::
[2025-06-10T08:45:18.506+0000] {crypto.py:82} WARNING - empty cryptography key - values will not be stored encrypted.
[2025-06-10T08:45:18.527+0000] {taskinstance.py:289} INFO - Pausing task as DEFERRED. dag_id=slurm_async_job, task_id=submit_slurm, run_id=manual__2025-06-10T08:23:15.020152+00:00, execution_date=20250610T082315, start_date=20250610T084254
[2025-06-10T08:45:18.529+0000] {taskinstance.py:341} INFO - ::group::Post task execution logs
[2025-06-10T08:45:18.578+0000] {local_task_job_runner.py:260} INFO - Task exited with return code 100 (task deferral)
[2025-06-10T08:45:18.580+0000] {local_task_job_runner.py:245} INFO - ::endgroup::
[2025-06-10T08:45:25.146+0000] {local_task_job_runner.py:123} INFO - ::group::Pre task execution logs
[2025-06-10T08:45:25.164+0000] {taskinstance.py:2614} INFO - Dependencies all met for dep_context=non-requeueable deps ti=<TaskInstance: slurm_async_job.submit_slurm manual__2025-06-10T08:23:15.020152+00:00 [queued]>
[2025-06-10T08:45:25.173+0000] {taskinstance.py:2614} INFO - Dependencies all met for dep_context=requeueable deps ti=<TaskInstance: slurm_async_job.submit_slurm manual__2025-06-10T08:23:15.020152+00:00 [queued]>
[2025-06-10T08:45:25.173+0000] {taskinstance.py:2865} INFO - Resuming after deferral
[2025-06-10T08:45:25.188+0000] {taskinstance.py:2890} INFO - Executing <Task(SubmitAndMonitorSlurmJobOperator): submit_slurm> on 2025-06-10 08:23:15.020152+00:00
[2025-06-10T08:45:25.196+0000] {warnings.py:112} WARNING - /home/***/.local/lib/python3.12/site-packages/***/task/task_runner/standard_task_runner.py:70: DeprecationWarning: This process (pid=183) is multi-threaded, use of fork() may lead to deadlocks in the child.
  pid = os.fork()

[2025-06-10T08:45:25.198+0000] {standard_task_runner.py:72} INFO - Started process 185 to run task
[2025-06-10T08:45:25.198+0000] {standard_task_runner.py:104} INFO - Running: ['***', 'tasks', 'run', 'slurm_async_job', 'submit_slurm', 'manual__2025-06-10T08:23:15.020152+00:00', '--job-id', '243', '--raw', '--subdir', 'DAGS_FOLDER/slurm_test_job.py', '--cfg-path', '/tmp/tmp8gqrzqev']
[2025-06-10T08:45:25.200+0000] {standard_task_runner.py:105} INFO - Job 243: Subtask submit_slurm
[2025-06-10T08:45:25.253+0000] {task_command.py:467} INFO - Running <TaskInstance: slurm_async_job.submit_slurm manual__2025-06-10T08:23:15.020152+00:00 [running]> on host 9406efa7f156
[2025-06-10T08:45:25.325+0000] {logging_mixin.py:190} INFO - Task instance is in running state
[2025-06-10T08:45:25.326+0000] {logging_mixin.py:190} INFO -  Previous state of the Task instance: queued
[2025-06-10T08:45:25.327+0000] {logging_mixin.py:190} INFO - Current task name:submit_slurm state:running start_date:2025-06-10 08:42:54.483134+00:00
[2025-06-10T08:45:25.327+0000] {logging_mixin.py:190} INFO - Dag name:slurm_async_job and current dag run status:running
[2025-06-10T08:45:25.328+0000] {taskinstance.py:732} INFO - ::endgroup::
[2025-06-10T08:45:25.344+0000] {crypto.py:82} WARNING - empty cryptography key - values will not be stored encrypted.
[2025-06-10T08:45:25.358+0000] {taskinstance.py:289} INFO - Pausing task as DEFERRED. dag_id=slurm_async_job, task_id=submit_slurm, run_id=manual__2025-06-10T08:23:15.020152+00:00, execution_date=20250610T082315, start_date=20250610T084254
[2025-06-10T08:45:25.360+0000] {taskinstance.py:341} INFO - ::group::Post task execution logs
[2025-06-10T08:45:25.379+0000] {local_task_job_runner.py:260} INFO - Task exited with return code 100 (task deferral)
[2025-06-10T08:45:25.380+0000] {local_task_job_runner.py:245} INFO - ::endgroup::
[2025-06-10T08:45:31.199+0000] {local_task_job_runner.py:123} INFO - ::group::Pre task execution logs
[2025-06-10T08:45:31.219+0000] {taskinstance.py:2614} INFO - Dependencies all met for dep_context=non-requeueable deps ti=<TaskInstance: slurm_async_job.submit_slurm manual__2025-06-10T08:23:15.020152+00:00 [queued]>
[2025-06-10T08:45:31.226+0000] {taskinstance.py:2614} INFO - Dependencies all met for dep_context=requeueable deps ti=<TaskInstance: slurm_async_job.submit_slurm manual__2025-06-10T08:23:15.020152+00:00 [queued]>
[2025-06-10T08:45:31.227+0000] {taskinstance.py:2865} INFO - Resuming after deferral
[2025-06-10T08:45:31.241+0000] {taskinstance.py:2890} INFO - Executing <Task(SubmitAndMonitorSlurmJobOperator): submit_slurm> on 2025-06-10 08:23:15.020152+00:00
[2025-06-10T08:45:31.249+0000] {warnings.py:112} WARNING - /home/***/.local/lib/python3.12/site-packages/***/task/task_runner/standard_task_runner.py:70: DeprecationWarning: This process (pid=187) is multi-threaded, use of fork() may lead to deadlocks in the child.
  pid = os.fork()

[2025-06-10T08:45:31.251+0000] {standard_task_runner.py:72} INFO - Started process 189 to run task
[2025-06-10T08:45:31.252+0000] {standard_task_runner.py:104} INFO - Running: ['***', 'tasks', 'run', 'slurm_async_job', 'submit_slurm', 'manual__2025-06-10T08:23:15.020152+00:00', '--job-id', '244', '--raw', '--subdir', 'DAGS_FOLDER/slurm_test_job.py', '--cfg-path', '/tmp/tmp8r9cyx71']
[2025-06-10T08:45:31.254+0000] {standard_task_runner.py:105} INFO - Job 244: Subtask submit_slurm
[2025-06-10T08:45:31.302+0000] {task_command.py:467} INFO - Running <TaskInstance: slurm_async_job.submit_slurm manual__2025-06-10T08:23:15.020152+00:00 [running]> on host 9406efa7f156
[2025-06-10T08:45:31.374+0000] {logging_mixin.py:190} INFO - Task instance is in running state
[2025-06-10T08:45:31.374+0000] {logging_mixin.py:190} INFO -  Previous state of the Task instance: queued
[2025-06-10T08:45:31.375+0000] {logging_mixin.py:190} INFO - Current task name:submit_slurm state:running start_date:2025-06-10 08:42:54.483134+00:00
[2025-06-10T08:45:31.375+0000] {logging_mixin.py:190} INFO - Dag name:slurm_async_job and current dag run status:running
[2025-06-10T08:45:31.375+0000] {taskinstance.py:732} INFO - ::endgroup::
[2025-06-10T08:45:31.391+0000] {crypto.py:82} WARNING - empty cryptography key - values will not be stored encrypted.
[2025-06-10T08:45:31.405+0000] {taskinstance.py:289} INFO - Pausing task as DEFERRED. dag_id=slurm_async_job, task_id=submit_slurm, run_id=manual__2025-06-10T08:23:15.020152+00:00, execution_date=20250610T082315, start_date=20250610T084254
[2025-06-10T08:45:31.406+0000] {taskinstance.py:341} INFO - ::group::Post task execution logs
[2025-06-10T08:45:31.435+0000] {local_task_job_runner.py:260} INFO - Task exited with return code 100 (task deferral)
[2025-06-10T08:45:31.436+0000] {local_task_job_runner.py:245} INFO - ::endgroup::
[2025-06-10T08:45:37.366+0000] {local_task_job_runner.py:123} INFO - ::group::Pre task execution logs
[2025-06-10T08:45:37.387+0000] {taskinstance.py:2614} INFO - Dependencies all met for dep_context=non-requeueable deps ti=<TaskInstance: slurm_async_job.submit_slurm manual__2025-06-10T08:23:15.020152+00:00 [queued]>
[2025-06-10T08:45:37.399+0000] {taskinstance.py:2614} INFO - Dependencies all met for dep_context=requeueable deps ti=<TaskInstance: slurm_async_job.submit_slurm manual__2025-06-10T08:23:15.020152+00:00 [queued]>
[2025-06-10T08:45:37.400+0000] {taskinstance.py:2865} INFO - Resuming after deferral
[2025-06-10T08:45:37.419+0000] {taskinstance.py:2890} INFO - Executing <Task(SubmitAndMonitorSlurmJobOperator): submit_slurm> on 2025-06-10 08:23:15.020152+00:00
[2025-06-10T08:45:37.429+0000] {warnings.py:112} WARNING - /home/***/.local/lib/python3.12/site-packages/***/task/task_runner/standard_task_runner.py:70: DeprecationWarning: This process (pid=191) is multi-threaded, use of fork() may lead to deadlocks in the child.
  pid = os.fork()

[2025-06-10T08:45:37.431+0000] {standard_task_runner.py:72} INFO - Started process 193 to run task
[2025-06-10T08:45:37.432+0000] {standard_task_runner.py:104} INFO - Running: ['***', 'tasks', 'run', 'slurm_async_job', 'submit_slurm', 'manual__2025-06-10T08:23:15.020152+00:00', '--job-id', '245', '--raw', '--subdir', 'DAGS_FOLDER/slurm_test_job.py', '--cfg-path', '/tmp/tmp68phgg1j']
[2025-06-10T08:45:37.435+0000] {standard_task_runner.py:105} INFO - Job 245: Subtask submit_slurm
[2025-06-10T08:45:37.491+0000] {task_command.py:467} INFO - Running <TaskInstance: slurm_async_job.submit_slurm manual__2025-06-10T08:23:15.020152+00:00 [running]> on host 9406efa7f156
[2025-06-10T08:45:37.574+0000] {logging_mixin.py:190} INFO - Task instance is in running state
[2025-06-10T08:45:37.575+0000] {logging_mixin.py:190} INFO -  Previous state of the Task instance: queued
[2025-06-10T08:45:37.576+0000] {logging_mixin.py:190} INFO - Current task name:submit_slurm state:running start_date:2025-06-10 08:42:54.483134+00:00
[2025-06-10T08:45:37.576+0000] {logging_mixin.py:190} INFO - Dag name:slurm_async_job and current dag run status:running
[2025-06-10T08:45:37.577+0000] {taskinstance.py:732} INFO - ::endgroup::
[2025-06-10T08:45:37.594+0000] {crypto.py:82} WARNING - empty cryptography key - values will not be stored encrypted.
[2025-06-10T08:45:37.610+0000] {taskinstance.py:289} INFO - Pausing task as DEFERRED. dag_id=slurm_async_job, task_id=submit_slurm, run_id=manual__2025-06-10T08:23:15.020152+00:00, execution_date=20250610T082315, start_date=20250610T084254
[2025-06-10T08:45:37.611+0000] {taskinstance.py:341} INFO - ::group::Post task execution logs
[2025-06-10T08:45:37.657+0000] {local_task_job_runner.py:260} INFO - Task exited with return code 100 (task deferral)
[2025-06-10T08:45:37.658+0000] {local_task_job_runner.py:245} INFO - ::endgroup::
[2025-06-10T08:45:44.316+0000] {local_task_job_runner.py:123} INFO - ::group::Pre task execution logs
[2025-06-10T08:45:44.333+0000] {taskinstance.py:2614} INFO - Dependencies all met for dep_context=non-requeueable deps ti=<TaskInstance: slurm_async_job.submit_slurm manual__2025-06-10T08:23:15.020152+00:00 [queued]>
[2025-06-10T08:45:44.342+0000] {taskinstance.py:2614} INFO - Dependencies all met for dep_context=requeueable deps ti=<TaskInstance: slurm_async_job.submit_slurm manual__2025-06-10T08:23:15.020152+00:00 [queued]>
[2025-06-10T08:45:44.342+0000] {taskinstance.py:2865} INFO - Resuming after deferral
[2025-06-10T08:45:44.357+0000] {taskinstance.py:2890} INFO - Executing <Task(SubmitAndMonitorSlurmJobOperator): submit_slurm> on 2025-06-10 08:23:15.020152+00:00
[2025-06-10T08:45:44.364+0000] {warnings.py:112} WARNING - /home/***/.local/lib/python3.12/site-packages/***/task/task_runner/standard_task_runner.py:70: DeprecationWarning: This process (pid=202) is multi-threaded, use of fork() may lead to deadlocks in the child.
  pid = os.fork()

[2025-06-10T08:45:44.366+0000] {standard_task_runner.py:72} INFO - Started process 204 to run task
[2025-06-10T08:45:44.367+0000] {standard_task_runner.py:104} INFO - Running: ['***', 'tasks', 'run', 'slurm_async_job', 'submit_slurm', 'manual__2025-06-10T08:23:15.020152+00:00', '--job-id', '246', '--raw', '--subdir', 'DAGS_FOLDER/slurm_test_job.py', '--cfg-path', '/tmp/tmpso4dwn5u']
[2025-06-10T08:45:44.368+0000] {standard_task_runner.py:105} INFO - Job 246: Subtask submit_slurm
[2025-06-10T08:45:44.416+0000] {task_command.py:467} INFO - Running <TaskInstance: slurm_async_job.submit_slurm manual__2025-06-10T08:23:15.020152+00:00 [running]> on host 9406efa7f156
[2025-06-10T08:45:44.489+0000] {logging_mixin.py:190} INFO - Task instance is in running state
[2025-06-10T08:45:44.489+0000] {logging_mixin.py:190} INFO -  Previous state of the Task instance: queued
[2025-06-10T08:45:44.490+0000] {logging_mixin.py:190} INFO - Current task name:submit_slurm state:running start_date:2025-06-10 08:42:54.483134+00:00
[2025-06-10T08:45:44.490+0000] {logging_mixin.py:190} INFO - Dag name:slurm_async_job and current dag run status:running
[2025-06-10T08:45:44.491+0000] {taskinstance.py:732} INFO - ::endgroup::
[2025-06-10T08:45:44.507+0000] {crypto.py:82} WARNING - empty cryptography key - values will not be stored encrypted.
[2025-06-10T08:45:44.523+0000] {taskinstance.py:289} INFO - Pausing task as DEFERRED. dag_id=slurm_async_job, task_id=submit_slurm, run_id=manual__2025-06-10T08:23:15.020152+00:00, execution_date=20250610T082315, start_date=20250610T084254
[2025-06-10T08:45:44.524+0000] {taskinstance.py:341} INFO - ::group::Post task execution logs
[2025-06-10T08:45:44.547+0000] {local_task_job_runner.py:260} INFO - Task exited with return code 100 (task deferral)
[2025-06-10T08:45:44.548+0000] {local_task_job_runner.py:245} INFO - ::endgroup::
[2025-06-10T08:45:50.648+0000] {local_task_job_runner.py:123} INFO - ::group::Pre task execution logs
[2025-06-10T08:45:50.687+0000] {taskinstance.py:2614} INFO - Dependencies all met for dep_context=non-requeueable deps ti=<TaskInstance: slurm_async_job.submit_slurm manual__2025-06-10T08:23:15.020152+00:00 [queued]>
[2025-06-10T08:45:50.713+0000] {taskinstance.py:2614} INFO - Dependencies all met for dep_context=requeueable deps ti=<TaskInstance: slurm_async_job.submit_slurm manual__2025-06-10T08:23:15.020152+00:00 [queued]>
[2025-06-10T08:45:50.714+0000] {taskinstance.py:2865} INFO - Resuming after deferral
[2025-06-10T08:45:50.761+0000] {taskinstance.py:2890} INFO - Executing <Task(SubmitAndMonitorSlurmJobOperator): submit_slurm> on 2025-06-10 08:23:15.020152+00:00
[2025-06-10T08:45:50.779+0000] {warnings.py:112} WARNING - /home/***/.local/lib/python3.12/site-packages/***/task/task_runner/standard_task_runner.py:70: DeprecationWarning: This process (pid=206) is multi-threaded, use of fork() may lead to deadlocks in the child.
  pid = os.fork()

[2025-06-10T08:45:50.784+0000] {standard_task_runner.py:72} INFO - Started process 208 to run task
[2025-06-10T08:45:50.797+0000] {standard_task_runner.py:104} INFO - Running: ['***', 'tasks', 'run', 'slurm_async_job', 'submit_slurm', 'manual__2025-06-10T08:23:15.020152+00:00', '--job-id', '247', '--raw', '--subdir', 'DAGS_FOLDER/slurm_test_job.py', '--cfg-path', '/tmp/tmpn26m_xie']
[2025-06-10T08:45:50.802+0000] {standard_task_runner.py:105} INFO - Job 247: Subtask submit_slurm
[2025-06-10T08:45:50.925+0000] {task_command.py:467} INFO - Running <TaskInstance: slurm_async_job.submit_slurm manual__2025-06-10T08:23:15.020152+00:00 [running]> on host 9406efa7f156
[2025-06-10T08:45:51.017+0000] {logging_mixin.py:190} INFO - Task instance is in running state
[2025-06-10T08:45:51.018+0000] {logging_mixin.py:190} INFO -  Previous state of the Task instance: queued
[2025-06-10T08:45:51.018+0000] {logging_mixin.py:190} INFO - Current task name:submit_slurm state:running start_date:2025-06-10 08:42:54.483134+00:00
[2025-06-10T08:45:51.019+0000] {logging_mixin.py:190} INFO - Dag name:slurm_async_job and current dag run status:running
[2025-06-10T08:45:51.019+0000] {taskinstance.py:732} INFO - ::endgroup::
[2025-06-10T08:45:51.035+0000] {crypto.py:82} WARNING - empty cryptography key - values will not be stored encrypted.
[2025-06-10T08:45:51.051+0000] {taskinstance.py:289} INFO - Pausing task as DEFERRED. dag_id=slurm_async_job, task_id=submit_slurm, run_id=manual__2025-06-10T08:23:15.020152+00:00, execution_date=20250610T082315, start_date=20250610T084254
[2025-06-10T08:45:51.052+0000] {taskinstance.py:341} INFO - ::group::Post task execution logs
[2025-06-10T08:45:51.068+0000] {local_task_job_runner.py:260} INFO - Task exited with return code 100 (task deferral)
[2025-06-10T08:45:51.069+0000] {local_task_job_runner.py:245} INFO - ::endgroup::
[2025-06-10T08:45:57.684+0000] {local_task_job_runner.py:123} INFO - ::group::Pre task execution logs
[2025-06-10T08:45:57.702+0000] {taskinstance.py:2614} INFO - Dependencies all met for dep_context=non-requeueable deps ti=<TaskInstance: slurm_async_job.submit_slurm manual__2025-06-10T08:23:15.020152+00:00 [queued]>
[2025-06-10T08:45:57.715+0000] {taskinstance.py:2614} INFO - Dependencies all met for dep_context=requeueable deps ti=<TaskInstance: slurm_async_job.submit_slurm manual__2025-06-10T08:23:15.020152+00:00 [queued]>
[2025-06-10T08:45:57.716+0000] {taskinstance.py:2865} INFO - Resuming after deferral
[2025-06-10T08:45:57.736+0000] {taskinstance.py:2890} INFO - Executing <Task(SubmitAndMonitorSlurmJobOperator): submit_slurm> on 2025-06-10 08:23:15.020152+00:00
[2025-06-10T08:45:57.746+0000] {warnings.py:112} WARNING - /home/***/.local/lib/python3.12/site-packages/***/task/task_runner/standard_task_runner.py:70: DeprecationWarning: This process (pid=210) is multi-threaded, use of fork() may lead to deadlocks in the child.
  pid = os.fork()

[2025-06-10T08:45:57.748+0000] {standard_task_runner.py:72} INFO - Started process 212 to run task
[2025-06-10T08:45:57.750+0000] {standard_task_runner.py:104} INFO - Running: ['***', 'tasks', 'run', 'slurm_async_job', 'submit_slurm', 'manual__2025-06-10T08:23:15.020152+00:00', '--job-id', '248', '--raw', '--subdir', 'DAGS_FOLDER/slurm_test_job.py', '--cfg-path', '/tmp/tmp2p_ieo6v']
[2025-06-10T08:45:57.753+0000] {standard_task_runner.py:105} INFO - Job 248: Subtask submit_slurm
[2025-06-10T08:45:57.815+0000] {task_command.py:467} INFO - Running <TaskInstance: slurm_async_job.submit_slurm manual__2025-06-10T08:23:15.020152+00:00 [running]> on host 9406efa7f156
[2025-06-10T08:45:57.903+0000] {logging_mixin.py:190} INFO - Task instance is in running state
[2025-06-10T08:45:57.903+0000] {logging_mixin.py:190} INFO -  Previous state of the Task instance: queued
[2025-06-10T08:45:57.904+0000] {logging_mixin.py:190} INFO - Current task name:submit_slurm state:running start_date:2025-06-10 08:42:54.483134+00:00
[2025-06-10T08:45:57.905+0000] {logging_mixin.py:190} INFO - Dag name:slurm_async_job and current dag run status:running
[2025-06-10T08:45:57.906+0000] {taskinstance.py:732} INFO - ::endgroup::
[2025-06-10T08:45:57.926+0000] {crypto.py:82} WARNING - empty cryptography key - values will not be stored encrypted.
[2025-06-10T08:45:57.946+0000] {taskinstance.py:289} INFO - Pausing task as DEFERRED. dag_id=slurm_async_job, task_id=submit_slurm, run_id=manual__2025-06-10T08:23:15.020152+00:00, execution_date=20250610T082315, start_date=20250610T084254
[2025-06-10T08:45:57.947+0000] {taskinstance.py:341} INFO - ::group::Post task execution logs
[2025-06-10T08:45:57.975+0000] {local_task_job_runner.py:260} INFO - Task exited with return code 100 (task deferral)
[2025-06-10T08:45:57.976+0000] {local_task_job_runner.py:245} INFO - ::endgroup::
[2025-06-10T08:46:04.634+0000] {local_task_job_runner.py:123} INFO - ::group::Pre task execution logs
[2025-06-10T08:46:04.651+0000] {taskinstance.py:2614} INFO - Dependencies all met for dep_context=non-requeueable deps ti=<TaskInstance: slurm_async_job.submit_slurm manual__2025-06-10T08:23:15.020152+00:00 [queued]>
[2025-06-10T08:46:04.659+0000] {taskinstance.py:2614} INFO - Dependencies all met for dep_context=requeueable deps ti=<TaskInstance: slurm_async_job.submit_slurm manual__2025-06-10T08:23:15.020152+00:00 [queued]>
[2025-06-10T08:46:04.659+0000] {taskinstance.py:2865} INFO - Resuming after deferral
[2025-06-10T08:46:04.674+0000] {taskinstance.py:2890} INFO - Executing <Task(SubmitAndMonitorSlurmJobOperator): submit_slurm> on 2025-06-10 08:23:15.020152+00:00
[2025-06-10T08:46:04.681+0000] {warnings.py:112} WARNING - /home/***/.local/lib/python3.12/site-packages/***/task/task_runner/standard_task_runner.py:70: DeprecationWarning: This process (pid=214) is multi-threaded, use of fork() may lead to deadlocks in the child.
  pid = os.fork()

[2025-06-10T08:46:04.683+0000] {standard_task_runner.py:72} INFO - Started process 216 to run task
[2025-06-10T08:46:04.683+0000] {standard_task_runner.py:104} INFO - Running: ['***', 'tasks', 'run', 'slurm_async_job', 'submit_slurm', 'manual__2025-06-10T08:23:15.020152+00:00', '--job-id', '249', '--raw', '--subdir', 'DAGS_FOLDER/slurm_test_job.py', '--cfg-path', '/tmp/tmpgmmo6fvk']
[2025-06-10T08:46:04.685+0000] {standard_task_runner.py:105} INFO - Job 249: Subtask submit_slurm
[2025-06-10T08:46:04.732+0000] {task_command.py:467} INFO - Running <TaskInstance: slurm_async_job.submit_slurm manual__2025-06-10T08:23:15.020152+00:00 [running]> on host 9406efa7f156
[2025-06-10T08:46:04.807+0000] {logging_mixin.py:190} INFO - Task instance is in running state
[2025-06-10T08:46:04.808+0000] {logging_mixin.py:190} INFO -  Previous state of the Task instance: queued
[2025-06-10T08:46:04.809+0000] {logging_mixin.py:190} INFO - Current task name:submit_slurm state:running start_date:2025-06-10 08:42:54.483134+00:00
[2025-06-10T08:46:04.809+0000] {logging_mixin.py:190} INFO - Dag name:slurm_async_job and current dag run status:running
[2025-06-10T08:46:04.810+0000] {taskinstance.py:732} INFO - ::endgroup::
[2025-06-10T08:46:04.825+0000] {crypto.py:82} WARNING - empty cryptography key - values will not be stored encrypted.
[2025-06-10T08:46:04.839+0000] {taskinstance.py:289} INFO - Pausing task as DEFERRED. dag_id=slurm_async_job, task_id=submit_slurm, run_id=manual__2025-06-10T08:23:15.020152+00:00, execution_date=20250610T082315, start_date=20250610T084254
[2025-06-10T08:46:04.840+0000] {taskinstance.py:341} INFO - ::group::Post task execution logs
[2025-06-10T08:46:04.867+0000] {local_task_job_runner.py:260} INFO - Task exited with return code 100 (task deferral)
[2025-06-10T08:46:04.868+0000] {local_task_job_runner.py:245} INFO - ::endgroup::
[2025-06-10T08:46:10.749+0000] {local_task_job_runner.py:123} INFO - ::group::Pre task execution logs
[2025-06-10T08:46:10.779+0000] {taskinstance.py:2614} INFO - Dependencies all met for dep_context=non-requeueable deps ti=<TaskInstance: slurm_async_job.submit_slurm manual__2025-06-10T08:23:15.020152+00:00 [queued]>
[2025-06-10T08:46:10.787+0000] {taskinstance.py:2614} INFO - Dependencies all met for dep_context=requeueable deps ti=<TaskInstance: slurm_async_job.submit_slurm manual__2025-06-10T08:23:15.020152+00:00 [queued]>
[2025-06-10T08:46:10.788+0000] {taskinstance.py:2865} INFO - Resuming after deferral
[2025-06-10T08:46:10.807+0000] {taskinstance.py:2890} INFO - Executing <Task(SubmitAndMonitorSlurmJobOperator): submit_slurm> on 2025-06-10 08:23:15.020152+00:00
[2025-06-10T08:46:10.817+0000] {warnings.py:112} WARNING - /home/***/.local/lib/python3.12/site-packages/***/task/task_runner/standard_task_runner.py:70: DeprecationWarning: This process (pid=218) is multi-threaded, use of fork() may lead to deadlocks in the child.
  pid = os.fork()

[2025-06-10T08:46:10.819+0000] {standard_task_runner.py:104} INFO - Running: ['***', 'tasks', 'run', 'slurm_async_job', 'submit_slurm', 'manual__2025-06-10T08:23:15.020152+00:00', '--job-id', '250', '--raw', '--subdir', 'DAGS_FOLDER/slurm_test_job.py', '--cfg-path', '/tmp/tmpizyzq84i']
[2025-06-10T08:46:10.820+0000] {standard_task_runner.py:72} INFO - Started process 220 to run task
[2025-06-10T08:46:10.821+0000] {standard_task_runner.py:105} INFO - Job 250: Subtask submit_slurm
[2025-06-10T08:46:10.868+0000] {task_command.py:467} INFO - Running <TaskInstance: slurm_async_job.submit_slurm manual__2025-06-10T08:23:15.020152+00:00 [running]> on host 9406efa7f156
[2025-06-10T08:46:10.937+0000] {logging_mixin.py:190} INFO - Task instance is in running state
[2025-06-10T08:46:10.937+0000] {logging_mixin.py:190} INFO -  Previous state of the Task instance: queued
[2025-06-10T08:46:10.938+0000] {logging_mixin.py:190} INFO - Current task name:submit_slurm state:running start_date:2025-06-10 08:42:54.483134+00:00
[2025-06-10T08:46:10.938+0000] {logging_mixin.py:190} INFO - Dag name:slurm_async_job and current dag run status:running
[2025-06-10T08:46:10.939+0000] {taskinstance.py:732} INFO - ::endgroup::
[2025-06-10T08:46:10.953+0000] {slurm_operator.py:66} INFO - SLURM job 17187 COMPLETED
[2025-06-10T08:46:10.972+0000] {taskinstance.py:341} INFO - ::group::Post task execution logs
[2025-06-10T08:46:10.973+0000] {taskinstance.py:353} INFO - Marking task as SUCCESS. dag_id=slurm_async_job, task_id=submit_slurm, run_id=manual__2025-06-10T08:23:15.020152+00:00, execution_date=20250610T082315, start_date=20250610T084254, end_date=20250610T084610
[2025-06-10T08:46:10.995+0000] {logging_mixin.py:190} INFO - Task instance in success state
[2025-06-10T08:46:10.996+0000] {logging_mixin.py:190} INFO -  Previous state of the Task instance: running
[2025-06-10T08:46:10.996+0000] {logging_mixin.py:190} INFO - Dag name:slurm_async_job queued_at:2025-06-10 08:23:15.031243+00:00
[2025-06-10T08:46:10.997+0000] {logging_mixin.py:190} INFO - Task hostname:9406efa7f156 operator:SubmitAndMonitorSlurmJobOperator
[2025-06-10T08:46:11.046+0000] {local_task_job_runner.py:266} INFO - Task exited with return code 0
[2025-06-10T08:46:11.086+0000] {taskinstance.py:3901} INFO - 0 downstream tasks scheduled from follow-on schedule check
[2025-06-10T08:46:11.090+0000] {local_task_job_runner.py:245} INFO - ::endgroup::
