[2025-06-23T00:35:50.032+0000] {processor.py:186} INFO - Started process (PID=28579) to work on /home/airflow/.local/lib/python3.12/site-packages/airflow/example_dags/example_subdag_operator.py
[2025-06-23T00:35:50.034+0000] {processor.py:914} INFO - Processing file /home/airflow/.local/lib/python3.12/site-packages/airflow/example_dags/example_subdag_operator.py for tasks to queue
[2025-06-23T00:35:50.034+0000] {logging_mixin.py:190} INFO - [2025-06-23T00:35:50.034+0000] {dagbag.py:588} INFO - Filling up the DagBag from /home/airflow/.local/lib/python3.12/site-packages/airflow/example_dags/example_subdag_operator.py
[2025-06-23T00:35:50.046+0000] {processor.py:925} INFO - DAG(s) 'example_subdag_operator.section-1', 'example_subdag_operator.section-2', 'example_subdag_operator' retrieved from /home/airflow/.local/lib/python3.12/site-packages/airflow/example_dags/example_subdag_operator.py
[2025-06-23T00:35:50.051+0000] {logging_mixin.py:190} INFO - [2025-06-23T00:35:50.051+0000] {dag.py:3239} INFO - Sync 3 DAGs
[2025-06-23T00:35:50.060+0000] {logging_mixin.py:190} INFO - [2025-06-23T00:35:50.060+0000] {dag.py:4180} INFO - Setting next_dagrun for example_subdag_operator to 2022-01-01 00:00:00+00:00, run_after=2022-01-01 00:00:00+00:00
[2025-06-23T00:35:50.062+0000] {logging_mixin.py:190} INFO - [2025-06-23T00:35:50.062+0000] {dag.py:4180} INFO - Setting next_dagrun for example_subdag_operator.section-1 to None, run_after=None
[2025-06-23T00:35:50.062+0000] {logging_mixin.py:190} INFO - [2025-06-23T00:35:50.062+0000] {dag.py:4180} INFO - Setting next_dagrun for example_subdag_operator.section-2 to None, run_after=None
[2025-06-23T00:35:50.065+0000] {logging_mixin.py:190} INFO - [2025-06-23T00:35:50.065+0000] {dag.py:3239} INFO - Sync 2 DAGs
[2025-06-23T00:35:50.066+0000] {logging_mixin.py:190} INFO - [2025-06-23T00:35:50.066+0000] {dag.py:4180} INFO - Setting next_dagrun for example_subdag_operator.section-1 to None, run_after=None
[2025-06-23T00:35:50.067+0000] {logging_mixin.py:190} INFO - [2025-06-23T00:35:50.067+0000] {dag.py:4180} INFO - Setting next_dagrun for example_subdag_operator.section-2 to None, run_after=None
[2025-06-23T00:35:50.071+0000] {processor.py:208} INFO - Processing /home/airflow/.local/lib/python3.12/site-packages/airflow/example_dags/example_subdag_operator.py took 0.042 seconds
[2025-06-23T01:36:41.724+0000] {processor.py:186} INFO - Started process (PID=28657) to work on /home/airflow/.local/lib/python3.12/site-packages/airflow/example_dags/example_subdag_operator.py
[2025-06-23T01:36:41.725+0000] {processor.py:914} INFO - Processing file /home/airflow/.local/lib/python3.12/site-packages/airflow/example_dags/example_subdag_operator.py for tasks to queue
[2025-06-23T01:36:41.726+0000] {logging_mixin.py:190} INFO - [2025-06-23T01:36:41.726+0000] {dagbag.py:588} INFO - Filling up the DagBag from /home/airflow/.local/lib/python3.12/site-packages/airflow/example_dags/example_subdag_operator.py
[2025-06-23T01:36:41.746+0000] {processor.py:925} INFO - DAG(s) 'example_subdag_operator.section-1', 'example_subdag_operator.section-2', 'example_subdag_operator' retrieved from /home/airflow/.local/lib/python3.12/site-packages/airflow/example_dags/example_subdag_operator.py
[2025-06-23T01:36:41.754+0000] {logging_mixin.py:190} INFO - [2025-06-23T01:36:41.754+0000] {dag.py:3239} INFO - Sync 3 DAGs
[2025-06-23T01:36:41.769+0000] {logging_mixin.py:190} INFO - [2025-06-23T01:36:41.769+0000] {dag.py:4180} INFO - Setting next_dagrun for example_subdag_operator to 2022-01-01 00:00:00+00:00, run_after=2022-01-01 00:00:00+00:00
[2025-06-23T01:36:41.770+0000] {logging_mixin.py:190} INFO - [2025-06-23T01:36:41.770+0000] {dag.py:4180} INFO - Setting next_dagrun for example_subdag_operator.section-1 to None, run_after=None
[2025-06-23T01:36:41.771+0000] {logging_mixin.py:190} INFO - [2025-06-23T01:36:41.771+0000] {dag.py:4180} INFO - Setting next_dagrun for example_subdag_operator.section-2 to None, run_after=None
[2025-06-23T01:36:41.774+0000] {logging_mixin.py:190} INFO - [2025-06-23T01:36:41.774+0000] {dag.py:3239} INFO - Sync 2 DAGs
[2025-06-23T01:36:41.776+0000] {logging_mixin.py:190} INFO - [2025-06-23T01:36:41.776+0000] {dag.py:4180} INFO - Setting next_dagrun for example_subdag_operator.section-1 to None, run_after=None
[2025-06-23T01:36:41.776+0000] {logging_mixin.py:190} INFO - [2025-06-23T01:36:41.776+0000] {dag.py:4180} INFO - Setting next_dagrun for example_subdag_operator.section-2 to None, run_after=None
[2025-06-23T01:36:41.780+0000] {processor.py:208} INFO - Processing /home/airflow/.local/lib/python3.12/site-packages/airflow/example_dags/example_subdag_operator.py took 0.059 seconds
[2025-06-23T01:37:11.880+0000] {processor.py:186} INFO - Started process (PID=28734) to work on /home/airflow/.local/lib/python3.12/site-packages/airflow/example_dags/example_subdag_operator.py
[2025-06-23T01:37:11.886+0000] {processor.py:914} INFO - Processing file /home/airflow/.local/lib/python3.12/site-packages/airflow/example_dags/example_subdag_operator.py for tasks to queue
[2025-06-23T01:37:11.887+0000] {logging_mixin.py:190} INFO - [2025-06-23T01:37:11.887+0000] {dagbag.py:588} INFO - Filling up the DagBag from /home/airflow/.local/lib/python3.12/site-packages/airflow/example_dags/example_subdag_operator.py
[2025-06-23T01:37:11.907+0000] {processor.py:925} INFO - DAG(s) 'example_subdag_operator.section-1', 'example_subdag_operator.section-2', 'example_subdag_operator' retrieved from /home/airflow/.local/lib/python3.12/site-packages/airflow/example_dags/example_subdag_operator.py
[2025-06-23T01:37:11.917+0000] {logging_mixin.py:190} INFO - [2025-06-23T01:37:11.917+0000] {dag.py:3239} INFO - Sync 3 DAGs
[2025-06-23T01:37:11.930+0000] {logging_mixin.py:190} INFO - [2025-06-23T01:37:11.930+0000] {dag.py:4180} INFO - Setting next_dagrun for example_subdag_operator to 2022-01-01 00:00:00+00:00, run_after=2022-01-01 00:00:00+00:00
[2025-06-23T01:37:11.932+0000] {logging_mixin.py:190} INFO - [2025-06-23T01:37:11.932+0000] {dag.py:4180} INFO - Setting next_dagrun for example_subdag_operator.section-1 to None, run_after=None
[2025-06-23T01:37:11.933+0000] {logging_mixin.py:190} INFO - [2025-06-23T01:37:11.933+0000] {dag.py:4180} INFO - Setting next_dagrun for example_subdag_operator.section-2 to None, run_after=None
[2025-06-23T01:37:11.937+0000] {logging_mixin.py:190} INFO - [2025-06-23T01:37:11.937+0000] {dag.py:3239} INFO - Sync 2 DAGs
[2025-06-23T01:37:11.941+0000] {logging_mixin.py:190} INFO - [2025-06-23T01:37:11.941+0000] {dag.py:4180} INFO - Setting next_dagrun for example_subdag_operator.section-1 to None, run_after=None
[2025-06-23T01:37:11.942+0000] {logging_mixin.py:190} INFO - [2025-06-23T01:37:11.942+0000] {dag.py:4180} INFO - Setting next_dagrun for example_subdag_operator.section-2 to None, run_after=None
[2025-06-23T01:37:11.950+0000] {processor.py:208} INFO - Processing /home/airflow/.local/lib/python3.12/site-packages/airflow/example_dags/example_subdag_operator.py took 0.074 seconds
[2025-06-23T02:28:29.038+0000] {processor.py:186} INFO - Started process (PID=28813) to work on /home/airflow/.local/lib/python3.12/site-packages/airflow/example_dags/example_subdag_operator.py
[2025-06-23T02:28:29.039+0000] {processor.py:914} INFO - Processing file /home/airflow/.local/lib/python3.12/site-packages/airflow/example_dags/example_subdag_operator.py for tasks to queue
[2025-06-23T02:28:29.040+0000] {logging_mixin.py:190} INFO - [2025-06-23T02:28:29.040+0000] {dagbag.py:588} INFO - Filling up the DagBag from /home/airflow/.local/lib/python3.12/site-packages/airflow/example_dags/example_subdag_operator.py
[2025-06-23T02:28:29.058+0000] {processor.py:925} INFO - DAG(s) 'example_subdag_operator.section-1', 'example_subdag_operator.section-2', 'example_subdag_operator' retrieved from /home/airflow/.local/lib/python3.12/site-packages/airflow/example_dags/example_subdag_operator.py
[2025-06-23T02:28:29.065+0000] {logging_mixin.py:190} INFO - [2025-06-23T02:28:29.065+0000] {dag.py:3239} INFO - Sync 3 DAGs
[2025-06-23T02:28:29.075+0000] {logging_mixin.py:190} INFO - [2025-06-23T02:28:29.075+0000] {dag.py:4180} INFO - Setting next_dagrun for example_subdag_operator to 2022-01-01 00:00:00+00:00, run_after=2022-01-01 00:00:00+00:00
[2025-06-23T02:28:29.077+0000] {logging_mixin.py:190} INFO - [2025-06-23T02:28:29.077+0000] {dag.py:4180} INFO - Setting next_dagrun for example_subdag_operator.section-1 to None, run_after=None
[2025-06-23T02:28:29.078+0000] {logging_mixin.py:190} INFO - [2025-06-23T02:28:29.077+0000] {dag.py:4180} INFO - Setting next_dagrun for example_subdag_operator.section-2 to None, run_after=None
[2025-06-23T02:28:29.081+0000] {logging_mixin.py:190} INFO - [2025-06-23T02:28:29.081+0000] {dag.py:3239} INFO - Sync 2 DAGs
[2025-06-23T02:28:29.083+0000] {logging_mixin.py:190} INFO - [2025-06-23T02:28:29.083+0000] {dag.py:4180} INFO - Setting next_dagrun for example_subdag_operator.section-1 to None, run_after=None
[2025-06-23T02:28:29.083+0000] {logging_mixin.py:190} INFO - [2025-06-23T02:28:29.083+0000] {dag.py:4180} INFO - Setting next_dagrun for example_subdag_operator.section-2 to None, run_after=None
[2025-06-23T02:28:29.088+0000] {processor.py:208} INFO - Processing /home/airflow/.local/lib/python3.12/site-packages/airflow/example_dags/example_subdag_operator.py took 0.052 seconds
[2025-06-23T02:38:09.183+0000] {processor.py:186} INFO - Started process (PID=28891) to work on /home/airflow/.local/lib/python3.12/site-packages/airflow/example_dags/example_subdag_operator.py
[2025-06-23T02:38:09.186+0000] {processor.py:914} INFO - Processing file /home/airflow/.local/lib/python3.12/site-packages/airflow/example_dags/example_subdag_operator.py for tasks to queue
[2025-06-23T02:38:09.186+0000] {logging_mixin.py:190} INFO - [2025-06-23T02:38:09.186+0000] {dagbag.py:588} INFO - Filling up the DagBag from /home/airflow/.local/lib/python3.12/site-packages/airflow/example_dags/example_subdag_operator.py
[2025-06-23T02:38:09.204+0000] {processor.py:925} INFO - DAG(s) 'example_subdag_operator.section-1', 'example_subdag_operator.section-2', 'example_subdag_operator' retrieved from /home/airflow/.local/lib/python3.12/site-packages/airflow/example_dags/example_subdag_operator.py
[2025-06-23T02:38:09.214+0000] {logging_mixin.py:190} INFO - [2025-06-23T02:38:09.214+0000] {dag.py:3239} INFO - Sync 3 DAGs
[2025-06-23T02:38:09.228+0000] {logging_mixin.py:190} INFO - [2025-06-23T02:38:09.228+0000] {dag.py:4180} INFO - Setting next_dagrun for example_subdag_operator to 2022-01-01 00:00:00+00:00, run_after=2022-01-01 00:00:00+00:00
[2025-06-23T02:38:09.230+0000] {logging_mixin.py:190} INFO - [2025-06-23T02:38:09.230+0000] {dag.py:4180} INFO - Setting next_dagrun for example_subdag_operator.section-1 to None, run_after=None
[2025-06-23T02:38:09.230+0000] {logging_mixin.py:190} INFO - [2025-06-23T02:38:09.230+0000] {dag.py:4180} INFO - Setting next_dagrun for example_subdag_operator.section-2 to None, run_after=None
[2025-06-23T02:38:09.233+0000] {logging_mixin.py:190} INFO - [2025-06-23T02:38:09.233+0000] {dag.py:3239} INFO - Sync 2 DAGs
[2025-06-23T02:38:09.235+0000] {logging_mixin.py:190} INFO - [2025-06-23T02:38:09.235+0000] {dag.py:4180} INFO - Setting next_dagrun for example_subdag_operator.section-1 to None, run_after=None
[2025-06-23T02:38:09.236+0000] {logging_mixin.py:190} INFO - [2025-06-23T02:38:09.236+0000] {dag.py:4180} INFO - Setting next_dagrun for example_subdag_operator.section-2 to None, run_after=None
[2025-06-23T02:38:09.241+0000] {processor.py:208} INFO - Processing /home/airflow/.local/lib/python3.12/site-packages/airflow/example_dags/example_subdag_operator.py took 0.060 seconds
[2025-06-23T03:10:46.055+0000] {processor.py:186} INFO - Started process (PID=28969) to work on /home/airflow/.local/lib/python3.12/site-packages/airflow/example_dags/example_subdag_operator.py
[2025-06-23T03:10:46.057+0000] {processor.py:914} INFO - Processing file /home/airflow/.local/lib/python3.12/site-packages/airflow/example_dags/example_subdag_operator.py for tasks to queue
[2025-06-23T03:10:46.058+0000] {logging_mixin.py:190} INFO - [2025-06-23T03:10:46.058+0000] {dagbag.py:588} INFO - Filling up the DagBag from /home/airflow/.local/lib/python3.12/site-packages/airflow/example_dags/example_subdag_operator.py
[2025-06-23T03:10:46.079+0000] {processor.py:925} INFO - DAG(s) 'example_subdag_operator.section-1', 'example_subdag_operator.section-2', 'example_subdag_operator' retrieved from /home/airflow/.local/lib/python3.12/site-packages/airflow/example_dags/example_subdag_operator.py
[2025-06-23T03:10:46.088+0000] {logging_mixin.py:190} INFO - [2025-06-23T03:10:46.088+0000] {dag.py:3239} INFO - Sync 3 DAGs
[2025-06-23T03:10:46.102+0000] {logging_mixin.py:190} INFO - [2025-06-23T03:10:46.101+0000] {dag.py:4180} INFO - Setting next_dagrun for example_subdag_operator to 2022-01-01 00:00:00+00:00, run_after=2022-01-01 00:00:00+00:00
[2025-06-23T03:10:46.103+0000] {logging_mixin.py:190} INFO - [2025-06-23T03:10:46.103+0000] {dag.py:4180} INFO - Setting next_dagrun for example_subdag_operator.section-1 to None, run_after=None
[2025-06-23T03:10:46.104+0000] {logging_mixin.py:190} INFO - [2025-06-23T03:10:46.104+0000] {dag.py:4180} INFO - Setting next_dagrun for example_subdag_operator.section-2 to None, run_after=None
[2025-06-23T03:10:46.108+0000] {logging_mixin.py:190} INFO - [2025-06-23T03:10:46.108+0000] {dag.py:3239} INFO - Sync 2 DAGs
[2025-06-23T03:10:46.111+0000] {logging_mixin.py:190} INFO - [2025-06-23T03:10:46.111+0000] {dag.py:4180} INFO - Setting next_dagrun for example_subdag_operator.section-1 to None, run_after=None
[2025-06-23T03:10:46.111+0000] {logging_mixin.py:190} INFO - [2025-06-23T03:10:46.111+0000] {dag.py:4180} INFO - Setting next_dagrun for example_subdag_operator.section-2 to None, run_after=None
[2025-06-23T03:10:46.116+0000] {processor.py:208} INFO - Processing /home/airflow/.local/lib/python3.12/site-packages/airflow/example_dags/example_subdag_operator.py took 0.065 seconds
[2025-06-23T03:38:54.547+0000] {processor.py:186} INFO - Started process (PID=29047) to work on /home/airflow/.local/lib/python3.12/site-packages/airflow/example_dags/example_subdag_operator.py
[2025-06-23T03:38:54.548+0000] {processor.py:914} INFO - Processing file /home/airflow/.local/lib/python3.12/site-packages/airflow/example_dags/example_subdag_operator.py for tasks to queue
[2025-06-23T03:38:54.548+0000] {logging_mixin.py:190} INFO - [2025-06-23T03:38:54.548+0000] {dagbag.py:588} INFO - Filling up the DagBag from /home/airflow/.local/lib/python3.12/site-packages/airflow/example_dags/example_subdag_operator.py
[2025-06-23T03:38:54.561+0000] {processor.py:925} INFO - DAG(s) 'example_subdag_operator.section-1', 'example_subdag_operator.section-2', 'example_subdag_operator' retrieved from /home/airflow/.local/lib/python3.12/site-packages/airflow/example_dags/example_subdag_operator.py
[2025-06-23T03:38:54.569+0000] {logging_mixin.py:190} INFO - [2025-06-23T03:38:54.569+0000] {dag.py:3239} INFO - Sync 3 DAGs
[2025-06-23T03:38:54.578+0000] {logging_mixin.py:190} INFO - [2025-06-23T03:38:54.578+0000] {dag.py:4180} INFO - Setting next_dagrun for example_subdag_operator to 2022-01-01 00:00:00+00:00, run_after=2022-01-01 00:00:00+00:00
[2025-06-23T03:38:54.581+0000] {logging_mixin.py:190} INFO - [2025-06-23T03:38:54.581+0000] {dag.py:4180} INFO - Setting next_dagrun for example_subdag_operator.section-1 to None, run_after=None
[2025-06-23T03:38:54.583+0000] {logging_mixin.py:190} INFO - [2025-06-23T03:38:54.583+0000] {dag.py:4180} INFO - Setting next_dagrun for example_subdag_operator.section-2 to None, run_after=None
[2025-06-23T03:38:54.586+0000] {logging_mixin.py:190} INFO - [2025-06-23T03:38:54.586+0000] {dag.py:3239} INFO - Sync 2 DAGs
[2025-06-23T03:38:54.592+0000] {logging_mixin.py:190} INFO - [2025-06-23T03:38:54.592+0000] {dag.py:4180} INFO - Setting next_dagrun for example_subdag_operator.section-1 to None, run_after=None
[2025-06-23T03:38:54.592+0000] {logging_mixin.py:190} INFO - [2025-06-23T03:38:54.592+0000] {dag.py:4180} INFO - Setting next_dagrun for example_subdag_operator.section-2 to None, run_after=None
[2025-06-23T03:38:54.602+0000] {processor.py:208} INFO - Processing /home/airflow/.local/lib/python3.12/site-packages/airflow/example_dags/example_subdag_operator.py took 0.058 seconds
[2025-06-23T04:39:46.959+0000] {processor.py:186} INFO - Started process (PID=29125) to work on /home/airflow/.local/lib/python3.12/site-packages/airflow/example_dags/example_subdag_operator.py
[2025-06-23T04:39:46.960+0000] {processor.py:914} INFO - Processing file /home/airflow/.local/lib/python3.12/site-packages/airflow/example_dags/example_subdag_operator.py for tasks to queue
[2025-06-23T04:39:46.960+0000] {logging_mixin.py:190} INFO - [2025-06-23T04:39:46.960+0000] {dagbag.py:588} INFO - Filling up the DagBag from /home/airflow/.local/lib/python3.12/site-packages/airflow/example_dags/example_subdag_operator.py
[2025-06-23T04:39:46.972+0000] {processor.py:925} INFO - DAG(s) 'example_subdag_operator.section-1', 'example_subdag_operator.section-2', 'example_subdag_operator' retrieved from /home/airflow/.local/lib/python3.12/site-packages/airflow/example_dags/example_subdag_operator.py
[2025-06-23T04:39:46.978+0000] {logging_mixin.py:190} INFO - [2025-06-23T04:39:46.978+0000] {dag.py:3239} INFO - Sync 3 DAGs
[2025-06-23T04:39:46.988+0000] {logging_mixin.py:190} INFO - [2025-06-23T04:39:46.988+0000] {dag.py:4180} INFO - Setting next_dagrun for example_subdag_operator to 2022-01-01 00:00:00+00:00, run_after=2022-01-01 00:00:00+00:00
[2025-06-23T04:39:46.989+0000] {logging_mixin.py:190} INFO - [2025-06-23T04:39:46.989+0000] {dag.py:4180} INFO - Setting next_dagrun for example_subdag_operator.section-1 to None, run_after=None
[2025-06-23T04:39:46.990+0000] {logging_mixin.py:190} INFO - [2025-06-23T04:39:46.990+0000] {dag.py:4180} INFO - Setting next_dagrun for example_subdag_operator.section-2 to None, run_after=None
[2025-06-23T04:39:46.993+0000] {logging_mixin.py:190} INFO - [2025-06-23T04:39:46.992+0000] {dag.py:3239} INFO - Sync 2 DAGs
[2025-06-23T04:39:46.994+0000] {logging_mixin.py:190} INFO - [2025-06-23T04:39:46.994+0000] {dag.py:4180} INFO - Setting next_dagrun for example_subdag_operator.section-1 to None, run_after=None
[2025-06-23T04:39:46.995+0000] {logging_mixin.py:190} INFO - [2025-06-23T04:39:46.995+0000] {dag.py:4180} INFO - Setting next_dagrun for example_subdag_operator.section-2 to None, run_after=None
[2025-06-23T04:39:46.999+0000] {processor.py:208} INFO - Processing /home/airflow/.local/lib/python3.12/site-packages/airflow/example_dags/example_subdag_operator.py took 0.042 seconds
[2025-06-23T05:32:40.223+0000] {processor.py:186} INFO - Started process (PID=29203) to work on /home/airflow/.local/lib/python3.12/site-packages/airflow/example_dags/example_subdag_operator.py
[2025-06-23T05:32:40.224+0000] {processor.py:914} INFO - Processing file /home/airflow/.local/lib/python3.12/site-packages/airflow/example_dags/example_subdag_operator.py for tasks to queue
[2025-06-23T05:32:40.228+0000] {logging_mixin.py:190} INFO - [2025-06-23T05:32:40.227+0000] {dagbag.py:588} INFO - Filling up the DagBag from /home/airflow/.local/lib/python3.12/site-packages/airflow/example_dags/example_subdag_operator.py
[2025-06-23T05:32:40.287+0000] {processor.py:925} INFO - DAG(s) 'example_subdag_operator.section-1', 'example_subdag_operator.section-2', 'example_subdag_operator' retrieved from /home/airflow/.local/lib/python3.12/site-packages/airflow/example_dags/example_subdag_operator.py
[2025-06-23T05:32:40.307+0000] {logging_mixin.py:190} INFO - [2025-06-23T05:32:40.306+0000] {dag.py:3239} INFO - Sync 3 DAGs
[2025-06-23T05:32:40.340+0000] {logging_mixin.py:190} INFO - [2025-06-23T05:32:40.340+0000] {dag.py:4180} INFO - Setting next_dagrun for example_subdag_operator to 2022-01-01 00:00:00+00:00, run_after=2022-01-01 00:00:00+00:00
[2025-06-23T05:32:40.346+0000] {logging_mixin.py:190} INFO - [2025-06-23T05:32:40.346+0000] {dag.py:4180} INFO - Setting next_dagrun for example_subdag_operator.section-1 to None, run_after=None
[2025-06-23T05:32:40.349+0000] {logging_mixin.py:190} INFO - [2025-06-23T05:32:40.349+0000] {dag.py:4180} INFO - Setting next_dagrun for example_subdag_operator.section-2 to None, run_after=None
[2025-06-23T05:32:40.358+0000] {logging_mixin.py:190} INFO - [2025-06-23T05:32:40.357+0000] {dag.py:3239} INFO - Sync 2 DAGs
[2025-06-23T05:32:40.373+0000] {logging_mixin.py:190} INFO - [2025-06-23T05:32:40.372+0000] {dag.py:4180} INFO - Setting next_dagrun for example_subdag_operator.section-1 to None, run_after=None
[2025-06-23T05:32:40.391+0000] {logging_mixin.py:190} INFO - [2025-06-23T05:32:40.391+0000] {dag.py:4180} INFO - Setting next_dagrun for example_subdag_operator.section-2 to None, run_after=None
[2025-06-23T05:32:40.415+0000] {processor.py:208} INFO - Processing /home/airflow/.local/lib/python3.12/site-packages/airflow/example_dags/example_subdag_operator.py took 0.212 seconds
[2025-06-23T05:33:10.862+0000] {processor.py:186} INFO - Started process (PID=29280) to work on /home/airflow/.local/lib/python3.12/site-packages/airflow/example_dags/example_subdag_operator.py
[2025-06-23T05:33:10.863+0000] {processor.py:914} INFO - Processing file /home/airflow/.local/lib/python3.12/site-packages/airflow/example_dags/example_subdag_operator.py for tasks to queue
[2025-06-23T05:33:10.864+0000] {logging_mixin.py:190} INFO - [2025-06-23T05:33:10.864+0000] {dagbag.py:588} INFO - Filling up the DagBag from /home/airflow/.local/lib/python3.12/site-packages/airflow/example_dags/example_subdag_operator.py
[2025-06-23T05:33:10.884+0000] {processor.py:925} INFO - DAG(s) 'example_subdag_operator.section-1', 'example_subdag_operator.section-2', 'example_subdag_operator' retrieved from /home/airflow/.local/lib/python3.12/site-packages/airflow/example_dags/example_subdag_operator.py
[2025-06-23T05:33:10.891+0000] {logging_mixin.py:190} INFO - [2025-06-23T05:33:10.891+0000] {dag.py:3239} INFO - Sync 3 DAGs
[2025-06-23T05:33:10.901+0000] {logging_mixin.py:190} INFO - [2025-06-23T05:33:10.901+0000] {dag.py:4180} INFO - Setting next_dagrun for example_subdag_operator to 2022-01-01 00:00:00+00:00, run_after=2022-01-01 00:00:00+00:00
[2025-06-23T05:33:10.903+0000] {logging_mixin.py:190} INFO - [2025-06-23T05:33:10.903+0000] {dag.py:4180} INFO - Setting next_dagrun for example_subdag_operator.section-1 to None, run_after=None
[2025-06-23T05:33:10.904+0000] {logging_mixin.py:190} INFO - [2025-06-23T05:33:10.904+0000] {dag.py:4180} INFO - Setting next_dagrun for example_subdag_operator.section-2 to None, run_after=None
[2025-06-23T05:33:10.908+0000] {logging_mixin.py:190} INFO - [2025-06-23T05:33:10.907+0000] {dag.py:3239} INFO - Sync 2 DAGs
[2025-06-23T05:33:10.910+0000] {logging_mixin.py:190} INFO - [2025-06-23T05:33:10.910+0000] {dag.py:4180} INFO - Setting next_dagrun for example_subdag_operator.section-1 to None, run_after=None
[2025-06-23T05:33:10.911+0000] {logging_mixin.py:190} INFO - [2025-06-23T05:33:10.911+0000] {dag.py:4180} INFO - Setting next_dagrun for example_subdag_operator.section-2 to None, run_after=None
[2025-06-23T05:33:10.922+0000] {processor.py:208} INFO - Processing /home/airflow/.local/lib/python3.12/site-packages/airflow/example_dags/example_subdag_operator.py took 0.063 seconds
[2025-06-23T05:33:41.190+0000] {processor.py:186} INFO - Started process (PID=29358) to work on /home/airflow/.local/lib/python3.12/site-packages/airflow/example_dags/example_subdag_operator.py
[2025-06-23T05:33:41.191+0000] {processor.py:914} INFO - Processing file /home/airflow/.local/lib/python3.12/site-packages/airflow/example_dags/example_subdag_operator.py for tasks to queue
[2025-06-23T05:33:41.192+0000] {logging_mixin.py:190} INFO - [2025-06-23T05:33:41.192+0000] {dagbag.py:588} INFO - Filling up the DagBag from /home/airflow/.local/lib/python3.12/site-packages/airflow/example_dags/example_subdag_operator.py
[2025-06-23T05:33:41.210+0000] {processor.py:925} INFO - DAG(s) 'example_subdag_operator.section-1', 'example_subdag_operator.section-2', 'example_subdag_operator' retrieved from /home/airflow/.local/lib/python3.12/site-packages/airflow/example_dags/example_subdag_operator.py
[2025-06-23T05:33:41.216+0000] {logging_mixin.py:190} INFO - [2025-06-23T05:33:41.216+0000] {dag.py:3239} INFO - Sync 3 DAGs
[2025-06-23T05:33:41.227+0000] {logging_mixin.py:190} INFO - [2025-06-23T05:33:41.226+0000] {dag.py:4180} INFO - Setting next_dagrun for example_subdag_operator to 2022-01-01 00:00:00+00:00, run_after=2022-01-01 00:00:00+00:00
[2025-06-23T05:33:41.230+0000] {logging_mixin.py:190} INFO - [2025-06-23T05:33:41.230+0000] {dag.py:4180} INFO - Setting next_dagrun for example_subdag_operator.section-1 to None, run_after=None
[2025-06-23T05:33:41.231+0000] {logging_mixin.py:190} INFO - [2025-06-23T05:33:41.230+0000] {dag.py:4180} INFO - Setting next_dagrun for example_subdag_operator.section-2 to None, run_after=None
[2025-06-23T05:33:41.233+0000] {logging_mixin.py:190} INFO - [2025-06-23T05:33:41.233+0000] {dag.py:3239} INFO - Sync 2 DAGs
[2025-06-23T05:33:41.236+0000] {logging_mixin.py:190} INFO - [2025-06-23T05:33:41.235+0000] {dag.py:4180} INFO - Setting next_dagrun for example_subdag_operator.section-1 to None, run_after=None
[2025-06-23T05:33:41.236+0000] {logging_mixin.py:190} INFO - [2025-06-23T05:33:41.236+0000] {dag.py:4180} INFO - Setting next_dagrun for example_subdag_operator.section-2 to None, run_after=None
[2025-06-23T05:33:41.240+0000] {processor.py:208} INFO - Processing /home/airflow/.local/lib/python3.12/site-packages/airflow/example_dags/example_subdag_operator.py took 0.052 seconds
[2025-06-23T05:34:15.335+0000] {processor.py:186} INFO - Started process (PID=29436) to work on /home/airflow/.local/lib/python3.12/site-packages/airflow/example_dags/example_subdag_operator.py
[2025-06-23T05:34:15.358+0000] {processor.py:914} INFO - Processing file /home/airflow/.local/lib/python3.12/site-packages/airflow/example_dags/example_subdag_operator.py for tasks to queue
[2025-06-23T05:34:15.366+0000] {logging_mixin.py:190} INFO - [2025-06-23T05:34:15.365+0000] {dagbag.py:588} INFO - Filling up the DagBag from /home/airflow/.local/lib/python3.12/site-packages/airflow/example_dags/example_subdag_operator.py
[2025-06-23T05:34:15.477+0000] {processor.py:925} INFO - DAG(s) 'example_subdag_operator.section-1', 'example_subdag_operator.section-2', 'example_subdag_operator' retrieved from /home/airflow/.local/lib/python3.12/site-packages/airflow/example_dags/example_subdag_operator.py
[2025-06-23T05:34:15.541+0000] {logging_mixin.py:190} INFO - [2025-06-23T05:34:15.541+0000] {dag.py:3239} INFO - Sync 3 DAGs
[2025-06-23T05:34:15.638+0000] {logging_mixin.py:190} INFO - [2025-06-23T05:34:15.637+0000] {dag.py:4180} INFO - Setting next_dagrun for example_subdag_operator to 2022-01-01 00:00:00+00:00, run_after=2022-01-01 00:00:00+00:00
[2025-06-23T05:34:15.654+0000] {logging_mixin.py:190} INFO - [2025-06-23T05:34:15.653+0000] {dag.py:4180} INFO - Setting next_dagrun for example_subdag_operator.section-1 to None, run_after=None
[2025-06-23T05:34:15.664+0000] {logging_mixin.py:190} INFO - [2025-06-23T05:34:15.659+0000] {dag.py:4180} INFO - Setting next_dagrun for example_subdag_operator.section-2 to None, run_after=None
[2025-06-23T05:34:15.696+0000] {logging_mixin.py:190} INFO - [2025-06-23T05:34:15.695+0000] {dag.py:3239} INFO - Sync 2 DAGs
[2025-06-23T05:34:15.813+0000] {logging_mixin.py:190} INFO - [2025-06-23T05:34:15.813+0000] {dag.py:4180} INFO - Setting next_dagrun for example_subdag_operator.section-1 to None, run_after=None
[2025-06-23T05:34:15.819+0000] {logging_mixin.py:190} INFO - [2025-06-23T05:34:15.818+0000] {dag.py:4180} INFO - Setting next_dagrun for example_subdag_operator.section-2 to None, run_after=None
[2025-06-23T05:34:15.913+0000] {processor.py:208} INFO - Processing /home/airflow/.local/lib/python3.12/site-packages/airflow/example_dags/example_subdag_operator.py took 0.596 seconds
[2025-06-23T05:34:47.456+0000] {processor.py:186} INFO - Started process (PID=29514) to work on /home/airflow/.local/lib/python3.12/site-packages/airflow/example_dags/example_subdag_operator.py
[2025-06-23T05:34:47.459+0000] {processor.py:914} INFO - Processing file /home/airflow/.local/lib/python3.12/site-packages/airflow/example_dags/example_subdag_operator.py for tasks to queue
[2025-06-23T05:34:47.463+0000] {logging_mixin.py:190} INFO - [2025-06-23T05:34:47.462+0000] {dagbag.py:588} INFO - Filling up the DagBag from /home/airflow/.local/lib/python3.12/site-packages/airflow/example_dags/example_subdag_operator.py
[2025-06-23T05:34:47.555+0000] {processor.py:925} INFO - DAG(s) 'example_subdag_operator.section-1', 'example_subdag_operator.section-2', 'example_subdag_operator' retrieved from /home/airflow/.local/lib/python3.12/site-packages/airflow/example_dags/example_subdag_operator.py
[2025-06-23T05:34:47.595+0000] {logging_mixin.py:190} INFO - [2025-06-23T05:34:47.594+0000] {dag.py:3239} INFO - Sync 3 DAGs
[2025-06-23T05:34:47.673+0000] {logging_mixin.py:190} INFO - [2025-06-23T05:34:47.673+0000] {dag.py:4180} INFO - Setting next_dagrun for example_subdag_operator to 2022-01-01 00:00:00+00:00, run_after=2022-01-01 00:00:00+00:00
[2025-06-23T05:34:47.686+0000] {logging_mixin.py:190} INFO - [2025-06-23T05:34:47.686+0000] {dag.py:4180} INFO - Setting next_dagrun for example_subdag_operator.section-1 to None, run_after=None
[2025-06-23T05:34:47.692+0000] {logging_mixin.py:190} INFO - [2025-06-23T05:34:47.691+0000] {dag.py:4180} INFO - Setting next_dagrun for example_subdag_operator.section-2 to None, run_after=None
[2025-06-23T05:34:47.720+0000] {logging_mixin.py:190} INFO - [2025-06-23T05:34:47.720+0000] {dag.py:3239} INFO - Sync 2 DAGs
[2025-06-23T05:34:47.738+0000] {logging_mixin.py:190} INFO - [2025-06-23T05:34:47.738+0000] {dag.py:4180} INFO - Setting next_dagrun for example_subdag_operator.section-1 to None, run_after=None
[2025-06-23T05:34:47.739+0000] {logging_mixin.py:190} INFO - [2025-06-23T05:34:47.739+0000] {dag.py:4180} INFO - Setting next_dagrun for example_subdag_operator.section-2 to None, run_after=None
[2025-06-23T05:34:47.779+0000] {processor.py:208} INFO - Processing /home/airflow/.local/lib/python3.12/site-packages/airflow/example_dags/example_subdag_operator.py took 0.340 seconds
[2025-06-23T05:35:19.823+0000] {processor.py:186} INFO - Started process (PID=29592) to work on /home/airflow/.local/lib/python3.12/site-packages/airflow/example_dags/example_subdag_operator.py
[2025-06-23T05:35:19.860+0000] {processor.py:914} INFO - Processing file /home/airflow/.local/lib/python3.12/site-packages/airflow/example_dags/example_subdag_operator.py for tasks to queue
[2025-06-23T05:35:19.864+0000] {logging_mixin.py:190} INFO - [2025-06-23T05:35:19.863+0000] {dagbag.py:588} INFO - Filling up the DagBag from /home/airflow/.local/lib/python3.12/site-packages/airflow/example_dags/example_subdag_operator.py
[2025-06-23T05:35:19.936+0000] {processor.py:925} INFO - DAG(s) 'example_subdag_operator.section-1', 'example_subdag_operator.section-2', 'example_subdag_operator' retrieved from /home/airflow/.local/lib/python3.12/site-packages/airflow/example_dags/example_subdag_operator.py
[2025-06-23T05:35:19.986+0000] {logging_mixin.py:190} INFO - [2025-06-23T05:35:19.985+0000] {dag.py:3239} INFO - Sync 3 DAGs
[2025-06-23T05:35:20.057+0000] {logging_mixin.py:190} INFO - [2025-06-23T05:35:20.056+0000] {dag.py:4180} INFO - Setting next_dagrun for example_subdag_operator to 2022-01-01 00:00:00+00:00, run_after=2022-01-01 00:00:00+00:00
[2025-06-23T05:35:20.070+0000] {logging_mixin.py:190} INFO - [2025-06-23T05:35:20.068+0000] {dag.py:4180} INFO - Setting next_dagrun for example_subdag_operator.section-1 to None, run_after=None
[2025-06-23T05:35:20.079+0000] {logging_mixin.py:190} INFO - [2025-06-23T05:35:20.078+0000] {dag.py:4180} INFO - Setting next_dagrun for example_subdag_operator.section-2 to None, run_after=None
[2025-06-23T05:35:20.101+0000] {logging_mixin.py:190} INFO - [2025-06-23T05:35:20.101+0000] {dag.py:3239} INFO - Sync 2 DAGs
[2025-06-23T05:35:20.120+0000] {logging_mixin.py:190} INFO - [2025-06-23T05:35:20.119+0000] {dag.py:4180} INFO - Setting next_dagrun for example_subdag_operator.section-1 to None, run_after=None
[2025-06-23T05:35:20.122+0000] {logging_mixin.py:190} INFO - [2025-06-23T05:35:20.121+0000] {dag.py:4180} INFO - Setting next_dagrun for example_subdag_operator.section-2 to None, run_after=None
[2025-06-23T05:35:20.152+0000] {processor.py:208} INFO - Processing /home/airflow/.local/lib/python3.12/site-packages/airflow/example_dags/example_subdag_operator.py took 0.346 seconds
[2025-06-23T05:35:50.360+0000] {processor.py:186} INFO - Started process (PID=29670) to work on /home/airflow/.local/lib/python3.12/site-packages/airflow/example_dags/example_subdag_operator.py
[2025-06-23T05:35:50.360+0000] {processor.py:914} INFO - Processing file /home/airflow/.local/lib/python3.12/site-packages/airflow/example_dags/example_subdag_operator.py for tasks to queue
[2025-06-23T05:35:50.361+0000] {logging_mixin.py:190} INFO - [2025-06-23T05:35:50.361+0000] {dagbag.py:588} INFO - Filling up the DagBag from /home/airflow/.local/lib/python3.12/site-packages/airflow/example_dags/example_subdag_operator.py
[2025-06-23T05:35:50.376+0000] {processor.py:925} INFO - DAG(s) 'example_subdag_operator.section-1', 'example_subdag_operator.section-2', 'example_subdag_operator' retrieved from /home/airflow/.local/lib/python3.12/site-packages/airflow/example_dags/example_subdag_operator.py
[2025-06-23T05:35:50.382+0000] {logging_mixin.py:190} INFO - [2025-06-23T05:35:50.382+0000] {dag.py:3239} INFO - Sync 3 DAGs
[2025-06-23T05:35:50.391+0000] {logging_mixin.py:190} INFO - [2025-06-23T05:35:50.391+0000] {dag.py:4180} INFO - Setting next_dagrun for example_subdag_operator to 2022-01-01 00:00:00+00:00, run_after=2022-01-01 00:00:00+00:00
[2025-06-23T05:35:50.393+0000] {logging_mixin.py:190} INFO - [2025-06-23T05:35:50.393+0000] {dag.py:4180} INFO - Setting next_dagrun for example_subdag_operator.section-1 to None, run_after=None
[2025-06-23T05:35:50.393+0000] {logging_mixin.py:190} INFO - [2025-06-23T05:35:50.393+0000] {dag.py:4180} INFO - Setting next_dagrun for example_subdag_operator.section-2 to None, run_after=None
[2025-06-23T05:35:50.396+0000] {logging_mixin.py:190} INFO - [2025-06-23T05:35:50.396+0000] {dag.py:3239} INFO - Sync 2 DAGs
[2025-06-23T05:35:50.398+0000] {logging_mixin.py:190} INFO - [2025-06-23T05:35:50.398+0000] {dag.py:4180} INFO - Setting next_dagrun for example_subdag_operator.section-1 to None, run_after=None
[2025-06-23T05:35:50.398+0000] {logging_mixin.py:190} INFO - [2025-06-23T05:35:50.398+0000] {dag.py:4180} INFO - Setting next_dagrun for example_subdag_operator.section-2 to None, run_after=None
[2025-06-23T05:35:50.401+0000] {processor.py:208} INFO - Processing /home/airflow/.local/lib/python3.12/site-packages/airflow/example_dags/example_subdag_operator.py took 0.044 seconds
[2025-06-23T05:36:20.786+0000] {processor.py:186} INFO - Started process (PID=29748) to work on /home/airflow/.local/lib/python3.12/site-packages/airflow/example_dags/example_subdag_operator.py
[2025-06-23T05:36:20.788+0000] {processor.py:914} INFO - Processing file /home/airflow/.local/lib/python3.12/site-packages/airflow/example_dags/example_subdag_operator.py for tasks to queue
[2025-06-23T05:36:20.789+0000] {logging_mixin.py:190} INFO - [2025-06-23T05:36:20.788+0000] {dagbag.py:588} INFO - Filling up the DagBag from /home/airflow/.local/lib/python3.12/site-packages/airflow/example_dags/example_subdag_operator.py
[2025-06-23T05:36:20.798+0000] {processor.py:925} INFO - DAG(s) 'example_subdag_operator.section-1', 'example_subdag_operator.section-2', 'example_subdag_operator' retrieved from /home/airflow/.local/lib/python3.12/site-packages/airflow/example_dags/example_subdag_operator.py
[2025-06-23T05:36:20.804+0000] {logging_mixin.py:190} INFO - [2025-06-23T05:36:20.804+0000] {dag.py:3239} INFO - Sync 3 DAGs
[2025-06-23T05:36:20.813+0000] {logging_mixin.py:190} INFO - [2025-06-23T05:36:20.813+0000] {dag.py:4180} INFO - Setting next_dagrun for example_subdag_operator to 2022-01-01 00:00:00+00:00, run_after=2022-01-01 00:00:00+00:00
[2025-06-23T05:36:20.814+0000] {logging_mixin.py:190} INFO - [2025-06-23T05:36:20.814+0000] {dag.py:4180} INFO - Setting next_dagrun for example_subdag_operator.section-1 to None, run_after=None
[2025-06-23T05:36:20.815+0000] {logging_mixin.py:190} INFO - [2025-06-23T05:36:20.815+0000] {dag.py:4180} INFO - Setting next_dagrun for example_subdag_operator.section-2 to None, run_after=None
[2025-06-23T05:36:20.817+0000] {logging_mixin.py:190} INFO - [2025-06-23T05:36:20.817+0000] {dag.py:3239} INFO - Sync 2 DAGs
[2025-06-23T05:36:20.819+0000] {logging_mixin.py:190} INFO - [2025-06-23T05:36:20.819+0000] {dag.py:4180} INFO - Setting next_dagrun for example_subdag_operator.section-1 to None, run_after=None
[2025-06-23T05:36:20.819+0000] {logging_mixin.py:190} INFO - [2025-06-23T05:36:20.819+0000] {dag.py:4180} INFO - Setting next_dagrun for example_subdag_operator.section-2 to None, run_after=None
[2025-06-23T05:36:20.822+0000] {processor.py:208} INFO - Processing /home/airflow/.local/lib/python3.12/site-packages/airflow/example_dags/example_subdag_operator.py took 0.039 seconds
[2025-06-23T05:36:51.008+0000] {processor.py:186} INFO - Started process (PID=29826) to work on /home/airflow/.local/lib/python3.12/site-packages/airflow/example_dags/example_subdag_operator.py
[2025-06-23T05:36:51.009+0000] {processor.py:914} INFO - Processing file /home/airflow/.local/lib/python3.12/site-packages/airflow/example_dags/example_subdag_operator.py for tasks to queue
[2025-06-23T05:36:51.010+0000] {logging_mixin.py:190} INFO - [2025-06-23T05:36:51.010+0000] {dagbag.py:588} INFO - Filling up the DagBag from /home/airflow/.local/lib/python3.12/site-packages/airflow/example_dags/example_subdag_operator.py
[2025-06-23T05:36:51.024+0000] {processor.py:925} INFO - DAG(s) 'example_subdag_operator.section-1', 'example_subdag_operator.section-2', 'example_subdag_operator' retrieved from /home/airflow/.local/lib/python3.12/site-packages/airflow/example_dags/example_subdag_operator.py
[2025-06-23T05:36:51.030+0000] {logging_mixin.py:190} INFO - [2025-06-23T05:36:51.029+0000] {dag.py:3239} INFO - Sync 3 DAGs
[2025-06-23T05:36:51.038+0000] {logging_mixin.py:190} INFO - [2025-06-23T05:36:51.038+0000] {dag.py:4180} INFO - Setting next_dagrun for example_subdag_operator to 2022-01-01 00:00:00+00:00, run_after=2022-01-01 00:00:00+00:00
[2025-06-23T05:36:51.039+0000] {logging_mixin.py:190} INFO - [2025-06-23T05:36:51.039+0000] {dag.py:4180} INFO - Setting next_dagrun for example_subdag_operator.section-1 to None, run_after=None
[2025-06-23T05:36:51.040+0000] {logging_mixin.py:190} INFO - [2025-06-23T05:36:51.040+0000] {dag.py:4180} INFO - Setting next_dagrun for example_subdag_operator.section-2 to None, run_after=None
[2025-06-23T05:36:51.042+0000] {logging_mixin.py:190} INFO - [2025-06-23T05:36:51.042+0000] {dag.py:3239} INFO - Sync 2 DAGs
[2025-06-23T05:36:51.044+0000] {logging_mixin.py:190} INFO - [2025-06-23T05:36:51.044+0000] {dag.py:4180} INFO - Setting next_dagrun for example_subdag_operator.section-1 to None, run_after=None
[2025-06-23T05:36:51.044+0000] {logging_mixin.py:190} INFO - [2025-06-23T05:36:51.044+0000] {dag.py:4180} INFO - Setting next_dagrun for example_subdag_operator.section-2 to None, run_after=None
[2025-06-23T05:36:51.048+0000] {processor.py:208} INFO - Processing /home/airflow/.local/lib/python3.12/site-packages/airflow/example_dags/example_subdag_operator.py took 0.043 seconds
[2025-06-23T05:37:21.334+0000] {processor.py:186} INFO - Started process (PID=29904) to work on /home/airflow/.local/lib/python3.12/site-packages/airflow/example_dags/example_subdag_operator.py
[2025-06-23T05:37:21.335+0000] {processor.py:914} INFO - Processing file /home/airflow/.local/lib/python3.12/site-packages/airflow/example_dags/example_subdag_operator.py for tasks to queue
[2025-06-23T05:37:21.336+0000] {logging_mixin.py:190} INFO - [2025-06-23T05:37:21.336+0000] {dagbag.py:588} INFO - Filling up the DagBag from /home/airflow/.local/lib/python3.12/site-packages/airflow/example_dags/example_subdag_operator.py
[2025-06-23T05:37:21.350+0000] {processor.py:925} INFO - DAG(s) 'example_subdag_operator.section-1', 'example_subdag_operator.section-2', 'example_subdag_operator' retrieved from /home/airflow/.local/lib/python3.12/site-packages/airflow/example_dags/example_subdag_operator.py
[2025-06-23T05:37:21.356+0000] {logging_mixin.py:190} INFO - [2025-06-23T05:37:21.356+0000] {dag.py:3239} INFO - Sync 3 DAGs
[2025-06-23T05:37:21.364+0000] {logging_mixin.py:190} INFO - [2025-06-23T05:37:21.364+0000] {dag.py:4180} INFO - Setting next_dagrun for example_subdag_operator to 2022-01-01 00:00:00+00:00, run_after=2022-01-01 00:00:00+00:00
[2025-06-23T05:37:21.365+0000] {logging_mixin.py:190} INFO - [2025-06-23T05:37:21.365+0000] {dag.py:4180} INFO - Setting next_dagrun for example_subdag_operator.section-1 to None, run_after=None
[2025-06-23T05:37:21.366+0000] {logging_mixin.py:190} INFO - [2025-06-23T05:37:21.366+0000] {dag.py:4180} INFO - Setting next_dagrun for example_subdag_operator.section-2 to None, run_after=None
[2025-06-23T05:37:21.368+0000] {logging_mixin.py:190} INFO - [2025-06-23T05:37:21.368+0000] {dag.py:3239} INFO - Sync 2 DAGs
[2025-06-23T05:37:21.370+0000] {logging_mixin.py:190} INFO - [2025-06-23T05:37:21.370+0000] {dag.py:4180} INFO - Setting next_dagrun for example_subdag_operator.section-1 to None, run_after=None
[2025-06-23T05:37:21.370+0000] {logging_mixin.py:190} INFO - [2025-06-23T05:37:21.370+0000] {dag.py:4180} INFO - Setting next_dagrun for example_subdag_operator.section-2 to None, run_after=None
[2025-06-23T05:37:21.373+0000] {processor.py:208} INFO - Processing /home/airflow/.local/lib/python3.12/site-packages/airflow/example_dags/example_subdag_operator.py took 0.042 seconds
[2025-06-23T05:37:52.291+0000] {processor.py:186} INFO - Started process (PID=29982) to work on /home/airflow/.local/lib/python3.12/site-packages/airflow/example_dags/example_subdag_operator.py
[2025-06-23T05:37:52.294+0000] {processor.py:914} INFO - Processing file /home/airflow/.local/lib/python3.12/site-packages/airflow/example_dags/example_subdag_operator.py for tasks to queue
[2025-06-23T05:37:52.295+0000] {logging_mixin.py:190} INFO - [2025-06-23T05:37:52.295+0000] {dagbag.py:588} INFO - Filling up the DagBag from /home/airflow/.local/lib/python3.12/site-packages/airflow/example_dags/example_subdag_operator.py
[2025-06-23T05:37:52.311+0000] {processor.py:925} INFO - DAG(s) 'example_subdag_operator.section-1', 'example_subdag_operator.section-2', 'example_subdag_operator' retrieved from /home/airflow/.local/lib/python3.12/site-packages/airflow/example_dags/example_subdag_operator.py
[2025-06-23T05:37:52.318+0000] {logging_mixin.py:190} INFO - [2025-06-23T05:37:52.318+0000] {dag.py:3239} INFO - Sync 3 DAGs
[2025-06-23T05:37:52.328+0000] {logging_mixin.py:190} INFO - [2025-06-23T05:37:52.327+0000] {dag.py:4180} INFO - Setting next_dagrun for example_subdag_operator to 2022-01-01 00:00:00+00:00, run_after=2022-01-01 00:00:00+00:00
[2025-06-23T05:37:52.329+0000] {logging_mixin.py:190} INFO - [2025-06-23T05:37:52.329+0000] {dag.py:4180} INFO - Setting next_dagrun for example_subdag_operator.section-1 to None, run_after=None
[2025-06-23T05:37:52.329+0000] {logging_mixin.py:190} INFO - [2025-06-23T05:37:52.329+0000] {dag.py:4180} INFO - Setting next_dagrun for example_subdag_operator.section-2 to None, run_after=None
[2025-06-23T05:37:52.332+0000] {logging_mixin.py:190} INFO - [2025-06-23T05:37:52.332+0000] {dag.py:3239} INFO - Sync 2 DAGs
[2025-06-23T05:37:52.333+0000] {logging_mixin.py:190} INFO - [2025-06-23T05:37:52.333+0000] {dag.py:4180} INFO - Setting next_dagrun for example_subdag_operator.section-1 to None, run_after=None
[2025-06-23T05:37:52.333+0000] {logging_mixin.py:190} INFO - [2025-06-23T05:37:52.333+0000] {dag.py:4180} INFO - Setting next_dagrun for example_subdag_operator.section-2 to None, run_after=None
[2025-06-23T05:37:52.336+0000] {processor.py:208} INFO - Processing /home/airflow/.local/lib/python3.12/site-packages/airflow/example_dags/example_subdag_operator.py took 0.048 seconds
[2025-06-23T05:38:23.037+0000] {processor.py:186} INFO - Started process (PID=30060) to work on /home/airflow/.local/lib/python3.12/site-packages/airflow/example_dags/example_subdag_operator.py
[2025-06-23T05:38:23.038+0000] {processor.py:914} INFO - Processing file /home/airflow/.local/lib/python3.12/site-packages/airflow/example_dags/example_subdag_operator.py for tasks to queue
[2025-06-23T05:38:23.039+0000] {logging_mixin.py:190} INFO - [2025-06-23T05:38:23.039+0000] {dagbag.py:588} INFO - Filling up the DagBag from /home/airflow/.local/lib/python3.12/site-packages/airflow/example_dags/example_subdag_operator.py
[2025-06-23T05:38:23.063+0000] {processor.py:925} INFO - DAG(s) 'example_subdag_operator.section-1', 'example_subdag_operator.section-2', 'example_subdag_operator' retrieved from /home/airflow/.local/lib/python3.12/site-packages/airflow/example_dags/example_subdag_operator.py
[2025-06-23T05:38:23.070+0000] {logging_mixin.py:190} INFO - [2025-06-23T05:38:23.070+0000] {dag.py:3239} INFO - Sync 3 DAGs
[2025-06-23T05:38:23.080+0000] {logging_mixin.py:190} INFO - [2025-06-23T05:38:23.080+0000] {dag.py:4180} INFO - Setting next_dagrun for example_subdag_operator to 2022-01-01 00:00:00+00:00, run_after=2022-01-01 00:00:00+00:00
[2025-06-23T05:38:23.081+0000] {logging_mixin.py:190} INFO - [2025-06-23T05:38:23.081+0000] {dag.py:4180} INFO - Setting next_dagrun for example_subdag_operator.section-1 to None, run_after=None
[2025-06-23T05:38:23.082+0000] {logging_mixin.py:190} INFO - [2025-06-23T05:38:23.082+0000] {dag.py:4180} INFO - Setting next_dagrun for example_subdag_operator.section-2 to None, run_after=None
[2025-06-23T05:38:23.084+0000] {logging_mixin.py:190} INFO - [2025-06-23T05:38:23.084+0000] {dag.py:3239} INFO - Sync 2 DAGs
[2025-06-23T05:38:23.086+0000] {logging_mixin.py:190} INFO - [2025-06-23T05:38:23.086+0000] {dag.py:4180} INFO - Setting next_dagrun for example_subdag_operator.section-1 to None, run_after=None
[2025-06-23T05:38:23.087+0000] {logging_mixin.py:190} INFO - [2025-06-23T05:38:23.087+0000] {dag.py:4180} INFO - Setting next_dagrun for example_subdag_operator.section-2 to None, run_after=None
[2025-06-23T05:38:23.090+0000] {processor.py:208} INFO - Processing /home/airflow/.local/lib/python3.12/site-packages/airflow/example_dags/example_subdag_operator.py took 0.056 seconds
[2025-06-23T05:38:54.002+0000] {processor.py:186} INFO - Started process (PID=30138) to work on /home/airflow/.local/lib/python3.12/site-packages/airflow/example_dags/example_subdag_operator.py
[2025-06-23T05:38:54.002+0000] {processor.py:914} INFO - Processing file /home/airflow/.local/lib/python3.12/site-packages/airflow/example_dags/example_subdag_operator.py for tasks to queue
[2025-06-23T05:38:54.003+0000] {logging_mixin.py:190} INFO - [2025-06-23T05:38:54.003+0000] {dagbag.py:588} INFO - Filling up the DagBag from /home/airflow/.local/lib/python3.12/site-packages/airflow/example_dags/example_subdag_operator.py
[2025-06-23T05:38:54.015+0000] {processor.py:925} INFO - DAG(s) 'example_subdag_operator.section-1', 'example_subdag_operator.section-2', 'example_subdag_operator' retrieved from /home/airflow/.local/lib/python3.12/site-packages/airflow/example_dags/example_subdag_operator.py
[2025-06-23T05:38:54.021+0000] {logging_mixin.py:190} INFO - [2025-06-23T05:38:54.021+0000] {dag.py:3239} INFO - Sync 3 DAGs
[2025-06-23T05:38:54.032+0000] {logging_mixin.py:190} INFO - [2025-06-23T05:38:54.031+0000] {dag.py:4180} INFO - Setting next_dagrun for example_subdag_operator to 2022-01-01 00:00:00+00:00, run_after=2022-01-01 00:00:00+00:00
[2025-06-23T05:38:54.033+0000] {logging_mixin.py:190} INFO - [2025-06-23T05:38:54.033+0000] {dag.py:4180} INFO - Setting next_dagrun for example_subdag_operator.section-1 to None, run_after=None
[2025-06-23T05:38:54.034+0000] {logging_mixin.py:190} INFO - [2025-06-23T05:38:54.033+0000] {dag.py:4180} INFO - Setting next_dagrun for example_subdag_operator.section-2 to None, run_after=None
[2025-06-23T05:38:54.036+0000] {logging_mixin.py:190} INFO - [2025-06-23T05:38:54.036+0000] {dag.py:3239} INFO - Sync 2 DAGs
[2025-06-23T05:38:54.038+0000] {logging_mixin.py:190} INFO - [2025-06-23T05:38:54.038+0000] {dag.py:4180} INFO - Setting next_dagrun for example_subdag_operator.section-1 to None, run_after=None
[2025-06-23T05:38:54.038+0000] {logging_mixin.py:190} INFO - [2025-06-23T05:38:54.038+0000] {dag.py:4180} INFO - Setting next_dagrun for example_subdag_operator.section-2 to None, run_after=None
[2025-06-23T05:38:54.042+0000] {processor.py:208} INFO - Processing /home/airflow/.local/lib/python3.12/site-packages/airflow/example_dags/example_subdag_operator.py took 0.043 seconds
[2025-06-23T05:39:24.313+0000] {processor.py:186} INFO - Started process (PID=30216) to work on /home/airflow/.local/lib/python3.12/site-packages/airflow/example_dags/example_subdag_operator.py
[2025-06-23T05:39:24.314+0000] {processor.py:914} INFO - Processing file /home/airflow/.local/lib/python3.12/site-packages/airflow/example_dags/example_subdag_operator.py for tasks to queue
[2025-06-23T05:39:24.315+0000] {logging_mixin.py:190} INFO - [2025-06-23T05:39:24.315+0000] {dagbag.py:588} INFO - Filling up the DagBag from /home/airflow/.local/lib/python3.12/site-packages/airflow/example_dags/example_subdag_operator.py
[2025-06-23T05:39:24.341+0000] {processor.py:925} INFO - DAG(s) 'example_subdag_operator.section-1', 'example_subdag_operator.section-2', 'example_subdag_operator' retrieved from /home/airflow/.local/lib/python3.12/site-packages/airflow/example_dags/example_subdag_operator.py
[2025-06-23T05:39:24.346+0000] {logging_mixin.py:190} INFO - [2025-06-23T05:39:24.346+0000] {dag.py:3239} INFO - Sync 3 DAGs
[2025-06-23T05:39:24.356+0000] {logging_mixin.py:190} INFO - [2025-06-23T05:39:24.355+0000] {dag.py:4180} INFO - Setting next_dagrun for example_subdag_operator to 2022-01-01 00:00:00+00:00, run_after=2022-01-01 00:00:00+00:00
[2025-06-23T05:39:24.357+0000] {logging_mixin.py:190} INFO - [2025-06-23T05:39:24.357+0000] {dag.py:4180} INFO - Setting next_dagrun for example_subdag_operator.section-1 to None, run_after=None
[2025-06-23T05:39:24.357+0000] {logging_mixin.py:190} INFO - [2025-06-23T05:39:24.357+0000] {dag.py:4180} INFO - Setting next_dagrun for example_subdag_operator.section-2 to None, run_after=None
[2025-06-23T05:39:24.359+0000] {logging_mixin.py:190} INFO - [2025-06-23T05:39:24.359+0000] {dag.py:3239} INFO - Sync 2 DAGs
[2025-06-23T05:39:24.361+0000] {logging_mixin.py:190} INFO - [2025-06-23T05:39:24.361+0000] {dag.py:4180} INFO - Setting next_dagrun for example_subdag_operator.section-1 to None, run_after=None
[2025-06-23T05:39:24.361+0000] {logging_mixin.py:190} INFO - [2025-06-23T05:39:24.361+0000] {dag.py:4180} INFO - Setting next_dagrun for example_subdag_operator.section-2 to None, run_after=None
[2025-06-23T05:39:24.364+0000] {processor.py:208} INFO - Processing /home/airflow/.local/lib/python3.12/site-packages/airflow/example_dags/example_subdag_operator.py took 0.054 seconds
[2025-06-23T06:25:48.119+0000] {processor.py:186} INFO - Started process (PID=30270) to work on /home/airflow/.local/lib/python3.12/site-packages/airflow/example_dags/example_subdag_operator.py
[2025-06-23T06:25:48.120+0000] {processor.py:914} INFO - Processing file /home/airflow/.local/lib/python3.12/site-packages/airflow/example_dags/example_subdag_operator.py for tasks to queue
[2025-06-23T06:25:48.121+0000] {logging_mixin.py:190} INFO - [2025-06-23T06:25:48.121+0000] {dagbag.py:588} INFO - Filling up the DagBag from /home/airflow/.local/lib/python3.12/site-packages/airflow/example_dags/example_subdag_operator.py
[2025-06-23T06:25:48.139+0000] {processor.py:925} INFO - DAG(s) 'example_subdag_operator.section-1', 'example_subdag_operator.section-2', 'example_subdag_operator' retrieved from /home/airflow/.local/lib/python3.12/site-packages/airflow/example_dags/example_subdag_operator.py
[2025-06-23T06:25:48.147+0000] {logging_mixin.py:190} INFO - [2025-06-23T06:25:48.147+0000] {dag.py:3239} INFO - Sync 3 DAGs
[2025-06-23T06:25:48.162+0000] {logging_mixin.py:190} INFO - [2025-06-23T06:25:48.162+0000] {dag.py:4180} INFO - Setting next_dagrun for example_subdag_operator to 2022-01-01 00:00:00+00:00, run_after=2022-01-01 00:00:00+00:00
[2025-06-23T06:25:48.164+0000] {logging_mixin.py:190} INFO - [2025-06-23T06:25:48.164+0000] {dag.py:4180} INFO - Setting next_dagrun for example_subdag_operator.section-1 to None, run_after=None
[2025-06-23T06:25:48.165+0000] {logging_mixin.py:190} INFO - [2025-06-23T06:25:48.164+0000] {dag.py:4180} INFO - Setting next_dagrun for example_subdag_operator.section-2 to None, run_after=None
[2025-06-23T06:25:48.169+0000] {logging_mixin.py:190} INFO - [2025-06-23T06:25:48.169+0000] {dag.py:3239} INFO - Sync 2 DAGs
[2025-06-23T06:25:48.171+0000] {logging_mixin.py:190} INFO - [2025-06-23T06:25:48.171+0000] {dag.py:4180} INFO - Setting next_dagrun for example_subdag_operator.section-1 to None, run_after=None
[2025-06-23T06:25:48.171+0000] {logging_mixin.py:190} INFO - [2025-06-23T06:25:48.171+0000] {dag.py:4180} INFO - Setting next_dagrun for example_subdag_operator.section-2 to None, run_after=None
[2025-06-23T06:25:48.176+0000] {processor.py:208} INFO - Processing /home/airflow/.local/lib/python3.12/site-packages/airflow/example_dags/example_subdag_operator.py took 0.063 seconds
[2025-06-23T06:27:12.331+0000] {processor.py:186} INFO - Started process (PID=30348) to work on /home/airflow/.local/lib/python3.12/site-packages/airflow/example_dags/example_subdag_operator.py
[2025-06-23T06:27:12.331+0000] {processor.py:914} INFO - Processing file /home/airflow/.local/lib/python3.12/site-packages/airflow/example_dags/example_subdag_operator.py for tasks to queue
[2025-06-23T06:27:12.332+0000] {logging_mixin.py:190} INFO - [2025-06-23T06:27:12.332+0000] {dagbag.py:588} INFO - Filling up the DagBag from /home/airflow/.local/lib/python3.12/site-packages/airflow/example_dags/example_subdag_operator.py
[2025-06-23T06:27:12.345+0000] {processor.py:925} INFO - DAG(s) 'example_subdag_operator.section-1', 'example_subdag_operator.section-2', 'example_subdag_operator' retrieved from /home/airflow/.local/lib/python3.12/site-packages/airflow/example_dags/example_subdag_operator.py
[2025-06-23T06:27:12.351+0000] {logging_mixin.py:190} INFO - [2025-06-23T06:27:12.351+0000] {dag.py:3239} INFO - Sync 3 DAGs
[2025-06-23T06:27:12.363+0000] {logging_mixin.py:190} INFO - [2025-06-23T06:27:12.363+0000] {dag.py:4180} INFO - Setting next_dagrun for example_subdag_operator to 2022-01-01 00:00:00+00:00, run_after=2022-01-01 00:00:00+00:00
[2025-06-23T06:27:12.364+0000] {logging_mixin.py:190} INFO - [2025-06-23T06:27:12.364+0000] {dag.py:4180} INFO - Setting next_dagrun for example_subdag_operator.section-1 to None, run_after=None
[2025-06-23T06:27:12.365+0000] {logging_mixin.py:190} INFO - [2025-06-23T06:27:12.365+0000] {dag.py:4180} INFO - Setting next_dagrun for example_subdag_operator.section-2 to None, run_after=None
[2025-06-23T06:27:12.368+0000] {logging_mixin.py:190} INFO - [2025-06-23T06:27:12.368+0000] {dag.py:3239} INFO - Sync 2 DAGs
[2025-06-23T06:27:12.371+0000] {logging_mixin.py:190} INFO - [2025-06-23T06:27:12.371+0000] {dag.py:4180} INFO - Setting next_dagrun for example_subdag_operator.section-1 to None, run_after=None
[2025-06-23T06:27:12.371+0000] {logging_mixin.py:190} INFO - [2025-06-23T06:27:12.371+0000] {dag.py:4180} INFO - Setting next_dagrun for example_subdag_operator.section-2 to None, run_after=None
[2025-06-23T06:27:12.375+0000] {processor.py:208} INFO - Processing /home/airflow/.local/lib/python3.12/site-packages/airflow/example_dags/example_subdag_operator.py took 0.048 seconds
[2025-06-23T06:34:08.467+0000] {processor.py:186} INFO - Started process (PID=30426) to work on /home/airflow/.local/lib/python3.12/site-packages/airflow/example_dags/example_subdag_operator.py
[2025-06-23T06:34:08.468+0000] {processor.py:914} INFO - Processing file /home/airflow/.local/lib/python3.12/site-packages/airflow/example_dags/example_subdag_operator.py for tasks to queue
[2025-06-23T06:34:08.468+0000] {logging_mixin.py:190} INFO - [2025-06-23T06:34:08.468+0000] {dagbag.py:588} INFO - Filling up the DagBag from /home/airflow/.local/lib/python3.12/site-packages/airflow/example_dags/example_subdag_operator.py
[2025-06-23T06:34:08.482+0000] {processor.py:925} INFO - DAG(s) 'example_subdag_operator.section-1', 'example_subdag_operator.section-2', 'example_subdag_operator' retrieved from /home/airflow/.local/lib/python3.12/site-packages/airflow/example_dags/example_subdag_operator.py
[2025-06-23T06:34:08.488+0000] {logging_mixin.py:190} INFO - [2025-06-23T06:34:08.488+0000] {dag.py:3239} INFO - Sync 3 DAGs
[2025-06-23T06:34:08.498+0000] {logging_mixin.py:190} INFO - [2025-06-23T06:34:08.498+0000] {dag.py:4180} INFO - Setting next_dagrun for example_subdag_operator to 2022-01-01 00:00:00+00:00, run_after=2022-01-01 00:00:00+00:00
[2025-06-23T06:34:08.499+0000] {logging_mixin.py:190} INFO - [2025-06-23T06:34:08.499+0000] {dag.py:4180} INFO - Setting next_dagrun for example_subdag_operator.section-1 to None, run_after=None
[2025-06-23T06:34:08.500+0000] {logging_mixin.py:190} INFO - [2025-06-23T06:34:08.500+0000] {dag.py:4180} INFO - Setting next_dagrun for example_subdag_operator.section-2 to None, run_after=None
[2025-06-23T06:34:08.502+0000] {logging_mixin.py:190} INFO - [2025-06-23T06:34:08.502+0000] {dag.py:3239} INFO - Sync 2 DAGs
[2025-06-23T06:34:08.504+0000] {logging_mixin.py:190} INFO - [2025-06-23T06:34:08.504+0000] {dag.py:4180} INFO - Setting next_dagrun for example_subdag_operator.section-1 to None, run_after=None
[2025-06-23T06:34:08.505+0000] {logging_mixin.py:190} INFO - [2025-06-23T06:34:08.505+0000] {dag.py:4180} INFO - Setting next_dagrun for example_subdag_operator.section-2 to None, run_after=None
[2025-06-23T06:34:08.509+0000] {processor.py:208} INFO - Processing /home/airflow/.local/lib/python3.12/site-packages/airflow/example_dags/example_subdag_operator.py took 0.044 seconds
[2025-06-23T06:35:37.564+0000] {processor.py:186} INFO - Started process (PID=30504) to work on /home/airflow/.local/lib/python3.12/site-packages/airflow/example_dags/example_subdag_operator.py
[2025-06-23T06:35:37.564+0000] {processor.py:914} INFO - Processing file /home/airflow/.local/lib/python3.12/site-packages/airflow/example_dags/example_subdag_operator.py for tasks to queue
[2025-06-23T06:35:37.565+0000] {logging_mixin.py:190} INFO - [2025-06-23T06:35:37.565+0000] {dagbag.py:588} INFO - Filling up the DagBag from /home/airflow/.local/lib/python3.12/site-packages/airflow/example_dags/example_subdag_operator.py
[2025-06-23T06:35:37.581+0000] {processor.py:925} INFO - DAG(s) 'example_subdag_operator.section-1', 'example_subdag_operator.section-2', 'example_subdag_operator' retrieved from /home/airflow/.local/lib/python3.12/site-packages/airflow/example_dags/example_subdag_operator.py
[2025-06-23T06:35:37.589+0000] {logging_mixin.py:190} INFO - [2025-06-23T06:35:37.589+0000] {dag.py:3239} INFO - Sync 3 DAGs
[2025-06-23T06:35:37.602+0000] {logging_mixin.py:190} INFO - [2025-06-23T06:35:37.602+0000] {dag.py:4180} INFO - Setting next_dagrun for example_subdag_operator to 2022-01-01 00:00:00+00:00, run_after=2022-01-01 00:00:00+00:00
[2025-06-23T06:35:37.603+0000] {logging_mixin.py:190} INFO - [2025-06-23T06:35:37.603+0000] {dag.py:4180} INFO - Setting next_dagrun for example_subdag_operator.section-1 to None, run_after=None
[2025-06-23T06:35:37.604+0000] {logging_mixin.py:190} INFO - [2025-06-23T06:35:37.604+0000] {dag.py:4180} INFO - Setting next_dagrun for example_subdag_operator.section-2 to None, run_after=None
[2025-06-23T06:35:37.606+0000] {logging_mixin.py:190} INFO - [2025-06-23T06:35:37.606+0000] {dag.py:3239} INFO - Sync 2 DAGs
[2025-06-23T06:35:37.608+0000] {logging_mixin.py:190} INFO - [2025-06-23T06:35:37.608+0000] {dag.py:4180} INFO - Setting next_dagrun for example_subdag_operator.section-1 to None, run_after=None
[2025-06-23T06:35:37.608+0000] {logging_mixin.py:190} INFO - [2025-06-23T06:35:37.608+0000] {dag.py:4180} INFO - Setting next_dagrun for example_subdag_operator.section-2 to None, run_after=None
[2025-06-23T06:35:37.612+0000] {processor.py:208} INFO - Processing /home/airflow/.local/lib/python3.12/site-packages/airflow/example_dags/example_subdag_operator.py took 0.052 seconds
[2025-06-23T06:36:36.776+0000] {processor.py:186} INFO - Started process (PID=30582) to work on /home/airflow/.local/lib/python3.12/site-packages/airflow/example_dags/example_subdag_operator.py
[2025-06-23T06:36:36.776+0000] {processor.py:914} INFO - Processing file /home/airflow/.local/lib/python3.12/site-packages/airflow/example_dags/example_subdag_operator.py for tasks to queue
[2025-06-23T06:36:36.776+0000] {logging_mixin.py:190} INFO - [2025-06-23T06:36:36.776+0000] {dagbag.py:588} INFO - Filling up the DagBag from /home/airflow/.local/lib/python3.12/site-packages/airflow/example_dags/example_subdag_operator.py
[2025-06-23T06:36:36.788+0000] {processor.py:925} INFO - DAG(s) 'example_subdag_operator.section-1', 'example_subdag_operator.section-2', 'example_subdag_operator' retrieved from /home/airflow/.local/lib/python3.12/site-packages/airflow/example_dags/example_subdag_operator.py
[2025-06-23T06:36:36.793+0000] {logging_mixin.py:190} INFO - [2025-06-23T06:36:36.793+0000] {dag.py:3239} INFO - Sync 3 DAGs
[2025-06-23T06:36:36.803+0000] {logging_mixin.py:190} INFO - [2025-06-23T06:36:36.803+0000] {dag.py:4180} INFO - Setting next_dagrun for example_subdag_operator to 2022-01-01 00:00:00+00:00, run_after=2022-01-01 00:00:00+00:00
[2025-06-23T06:36:36.804+0000] {logging_mixin.py:190} INFO - [2025-06-23T06:36:36.804+0000] {dag.py:4180} INFO - Setting next_dagrun for example_subdag_operator.section-1 to None, run_after=None
[2025-06-23T06:36:36.805+0000] {logging_mixin.py:190} INFO - [2025-06-23T06:36:36.805+0000] {dag.py:4180} INFO - Setting next_dagrun for example_subdag_operator.section-2 to None, run_after=None
[2025-06-23T06:36:36.807+0000] {logging_mixin.py:190} INFO - [2025-06-23T06:36:36.807+0000] {dag.py:3239} INFO - Sync 2 DAGs
[2025-06-23T06:36:36.809+0000] {logging_mixin.py:190} INFO - [2025-06-23T06:36:36.809+0000] {dag.py:4180} INFO - Setting next_dagrun for example_subdag_operator.section-1 to None, run_after=None
[2025-06-23T06:36:36.809+0000] {logging_mixin.py:190} INFO - [2025-06-23T06:36:36.809+0000] {dag.py:4180} INFO - Setting next_dagrun for example_subdag_operator.section-2 to None, run_after=None
[2025-06-23T06:36:36.813+0000] {processor.py:208} INFO - Processing /home/airflow/.local/lib/python3.12/site-packages/airflow/example_dags/example_subdag_operator.py took 0.040 seconds
[2025-06-23T07:13:29.379+0000] {processor.py:186} INFO - Started process (PID=30660) to work on /home/airflow/.local/lib/python3.12/site-packages/airflow/example_dags/example_subdag_operator.py
[2025-06-23T07:13:29.379+0000] {processor.py:914} INFO - Processing file /home/airflow/.local/lib/python3.12/site-packages/airflow/example_dags/example_subdag_operator.py for tasks to queue
[2025-06-23T07:13:29.380+0000] {logging_mixin.py:190} INFO - [2025-06-23T07:13:29.380+0000] {dagbag.py:588} INFO - Filling up the DagBag from /home/airflow/.local/lib/python3.12/site-packages/airflow/example_dags/example_subdag_operator.py
[2025-06-23T07:13:29.392+0000] {processor.py:925} INFO - DAG(s) 'example_subdag_operator.section-1', 'example_subdag_operator.section-2', 'example_subdag_operator' retrieved from /home/airflow/.local/lib/python3.12/site-packages/airflow/example_dags/example_subdag_operator.py
[2025-06-23T07:13:29.399+0000] {logging_mixin.py:190} INFO - [2025-06-23T07:13:29.399+0000] {dag.py:3239} INFO - Sync 3 DAGs
[2025-06-23T07:13:29.410+0000] {logging_mixin.py:190} INFO - [2025-06-23T07:13:29.410+0000] {dag.py:4180} INFO - Setting next_dagrun for example_subdag_operator to 2022-01-01 00:00:00+00:00, run_after=2022-01-01 00:00:00+00:00
[2025-06-23T07:13:29.411+0000] {logging_mixin.py:190} INFO - [2025-06-23T07:13:29.411+0000] {dag.py:4180} INFO - Setting next_dagrun for example_subdag_operator.section-1 to None, run_after=None
[2025-06-23T07:13:29.412+0000] {logging_mixin.py:190} INFO - [2025-06-23T07:13:29.412+0000] {dag.py:4180} INFO - Setting next_dagrun for example_subdag_operator.section-2 to None, run_after=None
[2025-06-23T07:13:29.415+0000] {logging_mixin.py:190} INFO - [2025-06-23T07:13:29.415+0000] {dag.py:3239} INFO - Sync 2 DAGs
[2025-06-23T07:13:29.417+0000] {logging_mixin.py:190} INFO - [2025-06-23T07:13:29.417+0000] {dag.py:4180} INFO - Setting next_dagrun for example_subdag_operator.section-1 to None, run_after=None
[2025-06-23T07:13:29.417+0000] {logging_mixin.py:190} INFO - [2025-06-23T07:13:29.417+0000] {dag.py:4180} INFO - Setting next_dagrun for example_subdag_operator.section-2 to None, run_after=None
[2025-06-23T07:13:29.421+0000] {processor.py:208} INFO - Processing /home/airflow/.local/lib/python3.12/site-packages/airflow/example_dags/example_subdag_operator.py took 0.046 seconds
