[2025-06-23T00:35:51.254+0000] {processor.py:186} INFO - Started process (PID=28605) to work on /home/airflow/.local/lib/python3.12/site-packages/airflow/example_dags/example_setup_teardown.py
[2025-06-23T00:35:51.255+0000] {processor.py:914} INFO - Processing file /home/airflow/.local/lib/python3.12/site-packages/airflow/example_dags/example_setup_teardown.py for tasks to queue
[2025-06-23T00:35:51.255+0000] {logging_mixin.py:190} INFO - [2025-06-23T00:35:51.255+0000] {dagbag.py:588} INFO - Filling up the DagBag from /home/airflow/.local/lib/python3.12/site-packages/airflow/example_dags/example_setup_teardown.py
[2025-06-23T00:35:51.259+0000] {processor.py:925} INFO - DAG(s) 'example_setup_teardown' retrieved from /home/airflow/.local/lib/python3.12/site-packages/airflow/example_dags/example_setup_teardown.py
[2025-06-23T00:35:51.267+0000] {logging_mixin.py:190} INFO - [2025-06-23T00:35:51.267+0000] {dag.py:3239} INFO - Sync 1 DAGs
[2025-06-23T00:35:51.273+0000] {logging_mixin.py:190} INFO - [2025-06-23T00:35:51.273+0000] {dag.py:4180} INFO - Setting next_dagrun for example_setup_teardown to None, run_after=None
[2025-06-23T00:35:51.287+0000] {processor.py:208} INFO - Processing /home/airflow/.local/lib/python3.12/site-packages/airflow/example_dags/example_setup_teardown.py took 0.035 seconds
[2025-06-23T01:36:43.035+0000] {processor.py:186} INFO - Started process (PID=28683) to work on /home/airflow/.local/lib/python3.12/site-packages/airflow/example_dags/example_setup_teardown.py
[2025-06-23T01:36:43.035+0000] {processor.py:914} INFO - Processing file /home/airflow/.local/lib/python3.12/site-packages/airflow/example_dags/example_setup_teardown.py for tasks to queue
[2025-06-23T01:36:43.036+0000] {logging_mixin.py:190} INFO - [2025-06-23T01:36:43.035+0000] {dagbag.py:588} INFO - Filling up the DagBag from /home/airflow/.local/lib/python3.12/site-packages/airflow/example_dags/example_setup_teardown.py
[2025-06-23T01:36:43.040+0000] {processor.py:925} INFO - DAG(s) 'example_setup_teardown' retrieved from /home/airflow/.local/lib/python3.12/site-packages/airflow/example_dags/example_setup_teardown.py
[2025-06-23T01:36:43.049+0000] {logging_mixin.py:190} INFO - [2025-06-23T01:36:43.049+0000] {dag.py:3239} INFO - Sync 1 DAGs
[2025-06-23T01:36:43.055+0000] {logging_mixin.py:190} INFO - [2025-06-23T01:36:43.055+0000] {dag.py:4180} INFO - Setting next_dagrun for example_setup_teardown to None, run_after=None
[2025-06-23T01:36:43.068+0000] {processor.py:208} INFO - Processing /home/airflow/.local/lib/python3.12/site-packages/airflow/example_dags/example_setup_teardown.py took 0.036 seconds
[2025-06-23T01:37:13.677+0000] {processor.py:186} INFO - Started process (PID=28761) to work on /home/airflow/.local/lib/python3.12/site-packages/airflow/example_dags/example_setup_teardown.py
[2025-06-23T01:37:13.678+0000] {processor.py:914} INFO - Processing file /home/airflow/.local/lib/python3.12/site-packages/airflow/example_dags/example_setup_teardown.py for tasks to queue
[2025-06-23T01:37:13.678+0000] {logging_mixin.py:190} INFO - [2025-06-23T01:37:13.678+0000] {dagbag.py:588} INFO - Filling up the DagBag from /home/airflow/.local/lib/python3.12/site-packages/airflow/example_dags/example_setup_teardown.py
[2025-06-23T01:37:13.681+0000] {processor.py:925} INFO - DAG(s) 'example_setup_teardown' retrieved from /home/airflow/.local/lib/python3.12/site-packages/airflow/example_dags/example_setup_teardown.py
[2025-06-23T01:37:13.689+0000] {logging_mixin.py:190} INFO - [2025-06-23T01:37:13.689+0000] {dag.py:3239} INFO - Sync 1 DAGs
[2025-06-23T01:37:13.695+0000] {logging_mixin.py:190} INFO - [2025-06-23T01:37:13.695+0000] {dag.py:4180} INFO - Setting next_dagrun for example_setup_teardown to None, run_after=None
[2025-06-23T01:37:13.702+0000] {processor.py:208} INFO - Processing /home/airflow/.local/lib/python3.12/site-packages/airflow/example_dags/example_setup_teardown.py took 0.027 seconds
[2025-06-23T02:28:30.391+0000] {processor.py:186} INFO - Started process (PID=28839) to work on /home/airflow/.local/lib/python3.12/site-packages/airflow/example_dags/example_setup_teardown.py
[2025-06-23T02:28:30.392+0000] {processor.py:914} INFO - Processing file /home/airflow/.local/lib/python3.12/site-packages/airflow/example_dags/example_setup_teardown.py for tasks to queue
[2025-06-23T02:28:30.392+0000] {logging_mixin.py:190} INFO - [2025-06-23T02:28:30.392+0000] {dagbag.py:588} INFO - Filling up the DagBag from /home/airflow/.local/lib/python3.12/site-packages/airflow/example_dags/example_setup_teardown.py
[2025-06-23T02:28:30.397+0000] {processor.py:925} INFO - DAG(s) 'example_setup_teardown' retrieved from /home/airflow/.local/lib/python3.12/site-packages/airflow/example_dags/example_setup_teardown.py
[2025-06-23T02:28:30.408+0000] {logging_mixin.py:190} INFO - [2025-06-23T02:28:30.408+0000] {dag.py:3239} INFO - Sync 1 DAGs
[2025-06-23T02:28:30.415+0000] {logging_mixin.py:190} INFO - [2025-06-23T02:28:30.415+0000] {dag.py:4180} INFO - Setting next_dagrun for example_setup_teardown to None, run_after=None
[2025-06-23T02:28:30.427+0000] {processor.py:208} INFO - Processing /home/airflow/.local/lib/python3.12/site-packages/airflow/example_dags/example_setup_teardown.py took 0.039 seconds
[2025-06-23T02:38:10.383+0000] {processor.py:186} INFO - Started process (PID=28917) to work on /home/airflow/.local/lib/python3.12/site-packages/airflow/example_dags/example_setup_teardown.py
[2025-06-23T02:38:10.384+0000] {processor.py:914} INFO - Processing file /home/airflow/.local/lib/python3.12/site-packages/airflow/example_dags/example_setup_teardown.py for tasks to queue
[2025-06-23T02:38:10.384+0000] {logging_mixin.py:190} INFO - [2025-06-23T02:38:10.384+0000] {dagbag.py:588} INFO - Filling up the DagBag from /home/airflow/.local/lib/python3.12/site-packages/airflow/example_dags/example_setup_teardown.py
[2025-06-23T02:38:10.388+0000] {processor.py:925} INFO - DAG(s) 'example_setup_teardown' retrieved from /home/airflow/.local/lib/python3.12/site-packages/airflow/example_dags/example_setup_teardown.py
[2025-06-23T02:38:10.396+0000] {logging_mixin.py:190} INFO - [2025-06-23T02:38:10.396+0000] {dag.py:3239} INFO - Sync 1 DAGs
[2025-06-23T02:38:10.401+0000] {logging_mixin.py:190} INFO - [2025-06-23T02:38:10.401+0000] {dag.py:4180} INFO - Setting next_dagrun for example_setup_teardown to None, run_after=None
[2025-06-23T02:38:10.407+0000] {processor.py:208} INFO - Processing /home/airflow/.local/lib/python3.12/site-packages/airflow/example_dags/example_setup_teardown.py took 0.026 seconds
[2025-06-23T03:10:47.473+0000] {processor.py:186} INFO - Started process (PID=28995) to work on /home/airflow/.local/lib/python3.12/site-packages/airflow/example_dags/example_setup_teardown.py
[2025-06-23T03:10:47.477+0000] {processor.py:914} INFO - Processing file /home/airflow/.local/lib/python3.12/site-packages/airflow/example_dags/example_setup_teardown.py for tasks to queue
[2025-06-23T03:10:47.478+0000] {logging_mixin.py:190} INFO - [2025-06-23T03:10:47.478+0000] {dagbag.py:588} INFO - Filling up the DagBag from /home/airflow/.local/lib/python3.12/site-packages/airflow/example_dags/example_setup_teardown.py
[2025-06-23T03:10:47.485+0000] {processor.py:925} INFO - DAG(s) 'example_setup_teardown' retrieved from /home/airflow/.local/lib/python3.12/site-packages/airflow/example_dags/example_setup_teardown.py
[2025-06-23T03:10:47.496+0000] {logging_mixin.py:190} INFO - [2025-06-23T03:10:47.496+0000] {dag.py:3239} INFO - Sync 1 DAGs
[2025-06-23T03:10:47.502+0000] {logging_mixin.py:190} INFO - [2025-06-23T03:10:47.502+0000] {dag.py:4180} INFO - Setting next_dagrun for example_setup_teardown to None, run_after=None
[2025-06-23T03:10:47.514+0000] {processor.py:208} INFO - Processing /home/airflow/.local/lib/python3.12/site-packages/airflow/example_dags/example_setup_teardown.py took 0.043 seconds
[2025-06-23T03:38:55.861+0000] {processor.py:186} INFO - Started process (PID=29073) to work on /home/airflow/.local/lib/python3.12/site-packages/airflow/example_dags/example_setup_teardown.py
[2025-06-23T03:38:55.861+0000] {processor.py:914} INFO - Processing file /home/airflow/.local/lib/python3.12/site-packages/airflow/example_dags/example_setup_teardown.py for tasks to queue
[2025-06-23T03:38:55.862+0000] {logging_mixin.py:190} INFO - [2025-06-23T03:38:55.862+0000] {dagbag.py:588} INFO - Filling up the DagBag from /home/airflow/.local/lib/python3.12/site-packages/airflow/example_dags/example_setup_teardown.py
[2025-06-23T03:38:55.865+0000] {processor.py:925} INFO - DAG(s) 'example_setup_teardown' retrieved from /home/airflow/.local/lib/python3.12/site-packages/airflow/example_dags/example_setup_teardown.py
[2025-06-23T03:38:55.873+0000] {logging_mixin.py:190} INFO - [2025-06-23T03:38:55.873+0000] {dag.py:3239} INFO - Sync 1 DAGs
[2025-06-23T03:38:55.878+0000] {logging_mixin.py:190} INFO - [2025-06-23T03:38:55.878+0000] {dag.py:4180} INFO - Setting next_dagrun for example_setup_teardown to None, run_after=None
[2025-06-23T03:38:55.883+0000] {processor.py:208} INFO - Processing /home/airflow/.local/lib/python3.12/site-packages/airflow/example_dags/example_setup_teardown.py took 0.025 seconds
[2025-06-23T04:39:48.242+0000] {processor.py:186} INFO - Started process (PID=29151) to work on /home/airflow/.local/lib/python3.12/site-packages/airflow/example_dags/example_setup_teardown.py
[2025-06-23T04:39:48.244+0000] {processor.py:914} INFO - Processing file /home/airflow/.local/lib/python3.12/site-packages/airflow/example_dags/example_setup_teardown.py for tasks to queue
[2025-06-23T04:39:48.245+0000] {logging_mixin.py:190} INFO - [2025-06-23T04:39:48.245+0000] {dagbag.py:588} INFO - Filling up the DagBag from /home/airflow/.local/lib/python3.12/site-packages/airflow/example_dags/example_setup_teardown.py
[2025-06-23T04:39:48.249+0000] {processor.py:925} INFO - DAG(s) 'example_setup_teardown' retrieved from /home/airflow/.local/lib/python3.12/site-packages/airflow/example_dags/example_setup_teardown.py
[2025-06-23T04:39:48.257+0000] {logging_mixin.py:190} INFO - [2025-06-23T04:39:48.257+0000] {dag.py:3239} INFO - Sync 1 DAGs
[2025-06-23T04:39:48.262+0000] {logging_mixin.py:190} INFO - [2025-06-23T04:39:48.262+0000] {dag.py:4180} INFO - Setting next_dagrun for example_setup_teardown to None, run_after=None
[2025-06-23T04:39:48.270+0000] {processor.py:208} INFO - Processing /home/airflow/.local/lib/python3.12/site-packages/airflow/example_dags/example_setup_teardown.py took 0.031 seconds
[2025-06-23T05:32:42.839+0000] {processor.py:186} INFO - Started process (PID=29229) to work on /home/airflow/.local/lib/python3.12/site-packages/airflow/example_dags/example_setup_teardown.py
[2025-06-23T05:32:42.843+0000] {processor.py:914} INFO - Processing file /home/airflow/.local/lib/python3.12/site-packages/airflow/example_dags/example_setup_teardown.py for tasks to queue
[2025-06-23T05:32:42.844+0000] {logging_mixin.py:190} INFO - [2025-06-23T05:32:42.844+0000] {dagbag.py:588} INFO - Filling up the DagBag from /home/airflow/.local/lib/python3.12/site-packages/airflow/example_dags/example_setup_teardown.py
[2025-06-23T05:32:42.848+0000] {processor.py:925} INFO - DAG(s) 'example_setup_teardown' retrieved from /home/airflow/.local/lib/python3.12/site-packages/airflow/example_dags/example_setup_teardown.py
[2025-06-23T05:32:42.860+0000] {logging_mixin.py:190} INFO - [2025-06-23T05:32:42.860+0000] {dag.py:3239} INFO - Sync 1 DAGs
[2025-06-23T05:32:42.866+0000] {logging_mixin.py:190} INFO - [2025-06-23T05:32:42.866+0000] {dag.py:4180} INFO - Setting next_dagrun for example_setup_teardown to None, run_after=None
[2025-06-23T05:32:42.881+0000] {processor.py:208} INFO - Processing /home/airflow/.local/lib/python3.12/site-packages/airflow/example_dags/example_setup_teardown.py took 0.045 seconds
[2025-06-23T05:33:13.437+0000] {processor.py:186} INFO - Started process (PID=29307) to work on /home/airflow/.local/lib/python3.12/site-packages/airflow/example_dags/example_setup_teardown.py
[2025-06-23T05:33:13.438+0000] {processor.py:914} INFO - Processing file /home/airflow/.local/lib/python3.12/site-packages/airflow/example_dags/example_setup_teardown.py for tasks to queue
[2025-06-23T05:33:13.440+0000] {logging_mixin.py:190} INFO - [2025-06-23T05:33:13.440+0000] {dagbag.py:588} INFO - Filling up the DagBag from /home/airflow/.local/lib/python3.12/site-packages/airflow/example_dags/example_setup_teardown.py
[2025-06-23T05:33:13.446+0000] {processor.py:925} INFO - DAG(s) 'example_setup_teardown' retrieved from /home/airflow/.local/lib/python3.12/site-packages/airflow/example_dags/example_setup_teardown.py
[2025-06-23T05:33:13.454+0000] {logging_mixin.py:190} INFO - [2025-06-23T05:33:13.454+0000] {dag.py:3239} INFO - Sync 1 DAGs
[2025-06-23T05:33:13.460+0000] {logging_mixin.py:190} INFO - [2025-06-23T05:33:13.460+0000] {dag.py:4180} INFO - Setting next_dagrun for example_setup_teardown to None, run_after=None
[2025-06-23T05:33:13.469+0000] {processor.py:208} INFO - Processing /home/airflow/.local/lib/python3.12/site-packages/airflow/example_dags/example_setup_teardown.py took 0.034 seconds
[2025-06-23T05:33:45.984+0000] {processor.py:186} INFO - Started process (PID=29385) to work on /home/airflow/.local/lib/python3.12/site-packages/airflow/example_dags/example_setup_teardown.py
[2025-06-23T05:33:45.984+0000] {processor.py:914} INFO - Processing file /home/airflow/.local/lib/python3.12/site-packages/airflow/example_dags/example_setup_teardown.py for tasks to queue
[2025-06-23T05:33:45.985+0000] {logging_mixin.py:190} INFO - [2025-06-23T05:33:45.985+0000] {dagbag.py:588} INFO - Filling up the DagBag from /home/airflow/.local/lib/python3.12/site-packages/airflow/example_dags/example_setup_teardown.py
[2025-06-23T05:33:45.991+0000] {processor.py:925} INFO - DAG(s) 'example_setup_teardown' retrieved from /home/airflow/.local/lib/python3.12/site-packages/airflow/example_dags/example_setup_teardown.py
[2025-06-23T05:33:46.007+0000] {logging_mixin.py:190} INFO - [2025-06-23T05:33:46.007+0000] {dag.py:3239} INFO - Sync 1 DAGs
[2025-06-23T05:33:46.014+0000] {logging_mixin.py:190} INFO - [2025-06-23T05:33:46.014+0000] {dag.py:4180} INFO - Setting next_dagrun for example_setup_teardown to None, run_after=None
[2025-06-23T05:33:46.027+0000] {processor.py:208} INFO - Processing /home/airflow/.local/lib/python3.12/site-packages/airflow/example_dags/example_setup_teardown.py took 0.046 seconds
[2025-06-23T05:34:35.285+0000] {processor.py:186} INFO - Started process (PID=29469) to work on /home/airflow/.local/lib/python3.12/site-packages/airflow/example_dags/example_setup_teardown.py
[2025-06-23T05:34:35.293+0000] {processor.py:914} INFO - Processing file /home/airflow/.local/lib/python3.12/site-packages/airflow/example_dags/example_setup_teardown.py for tasks to queue
[2025-06-23T05:34:35.300+0000] {logging_mixin.py:190} INFO - [2025-06-23T05:34:35.297+0000] {dagbag.py:588} INFO - Filling up the DagBag from /home/airflow/.local/lib/python3.12/site-packages/airflow/example_dags/example_setup_teardown.py
[2025-06-23T05:34:35.351+0000] {processor.py:925} INFO - DAG(s) 'example_setup_teardown' retrieved from /home/airflow/.local/lib/python3.12/site-packages/airflow/example_dags/example_setup_teardown.py
[2025-06-23T05:34:35.488+0000] {logging_mixin.py:190} INFO - [2025-06-23T05:34:35.485+0000] {dag.py:3239} INFO - Sync 1 DAGs
[2025-06-23T05:34:35.573+0000] {logging_mixin.py:190} INFO - [2025-06-23T05:34:35.570+0000] {dag.py:4180} INFO - Setting next_dagrun for example_setup_teardown to None, run_after=None
[2025-06-23T05:34:35.650+0000] {processor.py:208} INFO - Processing /home/airflow/.local/lib/python3.12/site-packages/airflow/example_dags/example_setup_teardown.py took 0.392 seconds
[2025-06-23T05:35:08.310+0000] {processor.py:186} INFO - Started process (PID=29547) to work on /home/airflow/.local/lib/python3.12/site-packages/airflow/example_dags/example_setup_teardown.py
[2025-06-23T05:35:08.351+0000] {processor.py:914} INFO - Processing file /home/airflow/.local/lib/python3.12/site-packages/airflow/example_dags/example_setup_teardown.py for tasks to queue
[2025-06-23T05:35:08.360+0000] {logging_mixin.py:190} INFO - [2025-06-23T05:35:08.357+0000] {dagbag.py:588} INFO - Filling up the DagBag from /home/airflow/.local/lib/python3.12/site-packages/airflow/example_dags/example_setup_teardown.py
[2025-06-23T05:35:08.427+0000] {processor.py:925} INFO - DAG(s) 'example_setup_teardown' retrieved from /home/airflow/.local/lib/python3.12/site-packages/airflow/example_dags/example_setup_teardown.py
[2025-06-23T05:35:08.576+0000] {logging_mixin.py:190} INFO - [2025-06-23T05:35:08.575+0000] {dag.py:3239} INFO - Sync 1 DAGs
[2025-06-23T05:35:08.643+0000] {logging_mixin.py:190} INFO - [2025-06-23T05:35:08.643+0000] {dag.py:4180} INFO - Setting next_dagrun for example_setup_teardown to None, run_after=None
[2025-06-23T05:35:08.697+0000] {processor.py:208} INFO - Processing /home/airflow/.local/lib/python3.12/site-packages/airflow/example_dags/example_setup_teardown.py took 0.411 seconds
[2025-06-23T05:35:39.501+0000] {processor.py:186} INFO - Started process (PID=29625) to work on /home/airflow/.local/lib/python3.12/site-packages/airflow/example_dags/example_setup_teardown.py
[2025-06-23T05:35:39.502+0000] {processor.py:914} INFO - Processing file /home/airflow/.local/lib/python3.12/site-packages/airflow/example_dags/example_setup_teardown.py for tasks to queue
[2025-06-23T05:35:39.503+0000] {logging_mixin.py:190} INFO - [2025-06-23T05:35:39.503+0000] {dagbag.py:588} INFO - Filling up the DagBag from /home/airflow/.local/lib/python3.12/site-packages/airflow/example_dags/example_setup_teardown.py
[2025-06-23T05:35:39.510+0000] {processor.py:925} INFO - DAG(s) 'example_setup_teardown' retrieved from /home/airflow/.local/lib/python3.12/site-packages/airflow/example_dags/example_setup_teardown.py
[2025-06-23T05:35:39.524+0000] {logging_mixin.py:190} INFO - [2025-06-23T05:35:39.523+0000] {dag.py:3239} INFO - Sync 1 DAGs
[2025-06-23T05:35:39.531+0000] {logging_mixin.py:190} INFO - [2025-06-23T05:35:39.531+0000] {dag.py:4180} INFO - Setting next_dagrun for example_setup_teardown to None, run_after=None
[2025-06-23T05:35:39.538+0000] {processor.py:208} INFO - Processing /home/airflow/.local/lib/python3.12/site-packages/airflow/example_dags/example_setup_teardown.py took 0.042 seconds
[2025-06-23T05:36:10.163+0000] {processor.py:186} INFO - Started process (PID=29703) to work on /home/airflow/.local/lib/python3.12/site-packages/airflow/example_dags/example_setup_teardown.py
[2025-06-23T05:36:10.164+0000] {processor.py:914} INFO - Processing file /home/airflow/.local/lib/python3.12/site-packages/airflow/example_dags/example_setup_teardown.py for tasks to queue
[2025-06-23T05:36:10.167+0000] {logging_mixin.py:190} INFO - [2025-06-23T05:36:10.167+0000] {dagbag.py:588} INFO - Filling up the DagBag from /home/airflow/.local/lib/python3.12/site-packages/airflow/example_dags/example_setup_teardown.py
[2025-06-23T05:36:10.171+0000] {processor.py:925} INFO - DAG(s) 'example_setup_teardown' retrieved from /home/airflow/.local/lib/python3.12/site-packages/airflow/example_dags/example_setup_teardown.py
[2025-06-23T05:36:10.182+0000] {logging_mixin.py:190} INFO - [2025-06-23T05:36:10.182+0000] {dag.py:3239} INFO - Sync 1 DAGs
[2025-06-23T05:36:10.189+0000] {logging_mixin.py:190} INFO - [2025-06-23T05:36:10.189+0000] {dag.py:4180} INFO - Setting next_dagrun for example_setup_teardown to None, run_after=None
[2025-06-23T05:36:10.197+0000] {processor.py:208} INFO - Processing /home/airflow/.local/lib/python3.12/site-packages/airflow/example_dags/example_setup_teardown.py took 0.038 seconds
[2025-06-23T05:36:40.449+0000] {processor.py:186} INFO - Started process (PID=29780) to work on /home/airflow/.local/lib/python3.12/site-packages/airflow/example_dags/example_setup_teardown.py
[2025-06-23T05:36:40.449+0000] {processor.py:914} INFO - Processing file /home/airflow/.local/lib/python3.12/site-packages/airflow/example_dags/example_setup_teardown.py for tasks to queue
[2025-06-23T05:36:40.450+0000] {logging_mixin.py:190} INFO - [2025-06-23T05:36:40.450+0000] {dagbag.py:588} INFO - Filling up the DagBag from /home/airflow/.local/lib/python3.12/site-packages/airflow/example_dags/example_setup_teardown.py
[2025-06-23T05:36:40.455+0000] {processor.py:925} INFO - DAG(s) 'example_setup_teardown' retrieved from /home/airflow/.local/lib/python3.12/site-packages/airflow/example_dags/example_setup_teardown.py
[2025-06-23T05:36:40.468+0000] {logging_mixin.py:190} INFO - [2025-06-23T05:36:40.468+0000] {dag.py:3239} INFO - Sync 1 DAGs
[2025-06-23T05:36:40.476+0000] {logging_mixin.py:190} INFO - [2025-06-23T05:36:40.476+0000] {dag.py:4180} INFO - Setting next_dagrun for example_setup_teardown to None, run_after=None
[2025-06-23T05:36:40.490+0000] {processor.py:208} INFO - Processing /home/airflow/.local/lib/python3.12/site-packages/airflow/example_dags/example_setup_teardown.py took 0.044 seconds
[2025-06-23T05:37:10.727+0000] {processor.py:186} INFO - Started process (PID=29858) to work on /home/airflow/.local/lib/python3.12/site-packages/airflow/example_dags/example_setup_teardown.py
[2025-06-23T05:37:10.728+0000] {processor.py:914} INFO - Processing file /home/airflow/.local/lib/python3.12/site-packages/airflow/example_dags/example_setup_teardown.py for tasks to queue
[2025-06-23T05:37:10.730+0000] {logging_mixin.py:190} INFO - [2025-06-23T05:37:10.730+0000] {dagbag.py:588} INFO - Filling up the DagBag from /home/airflow/.local/lib/python3.12/site-packages/airflow/example_dags/example_setup_teardown.py
[2025-06-23T05:37:10.739+0000] {processor.py:925} INFO - DAG(s) 'example_setup_teardown' retrieved from /home/airflow/.local/lib/python3.12/site-packages/airflow/example_dags/example_setup_teardown.py
[2025-06-23T05:37:10.765+0000] {logging_mixin.py:190} INFO - [2025-06-23T05:37:10.765+0000] {dag.py:3239} INFO - Sync 1 DAGs
[2025-06-23T05:37:10.777+0000] {logging_mixin.py:190} INFO - [2025-06-23T05:37:10.777+0000] {dag.py:4180} INFO - Setting next_dagrun for example_setup_teardown to None, run_after=None
[2025-06-23T05:37:10.793+0000] {processor.py:208} INFO - Processing /home/airflow/.local/lib/python3.12/site-packages/airflow/example_dags/example_setup_teardown.py took 0.074 seconds
[2025-06-23T05:37:40.873+0000] {processor.py:186} INFO - Started process (PID=29936) to work on /home/airflow/.local/lib/python3.12/site-packages/airflow/example_dags/example_setup_teardown.py
[2025-06-23T05:37:40.877+0000] {processor.py:914} INFO - Processing file /home/airflow/.local/lib/python3.12/site-packages/airflow/example_dags/example_setup_teardown.py for tasks to queue
[2025-06-23T05:37:40.878+0000] {logging_mixin.py:190} INFO - [2025-06-23T05:37:40.877+0000] {dagbag.py:588} INFO - Filling up the DagBag from /home/airflow/.local/lib/python3.12/site-packages/airflow/example_dags/example_setup_teardown.py
[2025-06-23T05:37:40.888+0000] {processor.py:925} INFO - DAG(s) 'example_setup_teardown' retrieved from /home/airflow/.local/lib/python3.12/site-packages/airflow/example_dags/example_setup_teardown.py
[2025-06-23T05:37:40.903+0000] {logging_mixin.py:190} INFO - [2025-06-23T05:37:40.903+0000] {dag.py:3239} INFO - Sync 1 DAGs
[2025-06-23T05:37:40.913+0000] {logging_mixin.py:190} INFO - [2025-06-23T05:37:40.913+0000] {dag.py:4180} INFO - Setting next_dagrun for example_setup_teardown to None, run_after=None
[2025-06-23T05:37:40.924+0000] {processor.py:208} INFO - Processing /home/airflow/.local/lib/python3.12/site-packages/airflow/example_dags/example_setup_teardown.py took 0.058 seconds
[2025-06-23T05:38:11.141+0000] {processor.py:186} INFO - Started process (PID=30014) to work on /home/airflow/.local/lib/python3.12/site-packages/airflow/example_dags/example_setup_teardown.py
[2025-06-23T05:38:11.142+0000] {processor.py:914} INFO - Processing file /home/airflow/.local/lib/python3.12/site-packages/airflow/example_dags/example_setup_teardown.py for tasks to queue
[2025-06-23T05:38:11.142+0000] {logging_mixin.py:190} INFO - [2025-06-23T05:38:11.142+0000] {dagbag.py:588} INFO - Filling up the DagBag from /home/airflow/.local/lib/python3.12/site-packages/airflow/example_dags/example_setup_teardown.py
[2025-06-23T05:38:11.148+0000] {processor.py:925} INFO - DAG(s) 'example_setup_teardown' retrieved from /home/airflow/.local/lib/python3.12/site-packages/airflow/example_dags/example_setup_teardown.py
[2025-06-23T05:38:11.166+0000] {logging_mixin.py:190} INFO - [2025-06-23T05:38:11.166+0000] {dag.py:3239} INFO - Sync 1 DAGs
[2025-06-23T05:38:11.177+0000] {logging_mixin.py:190} INFO - [2025-06-23T05:38:11.177+0000] {dag.py:4180} INFO - Setting next_dagrun for example_setup_teardown to None, run_after=None
[2025-06-23T05:38:11.192+0000] {processor.py:208} INFO - Processing /home/airflow/.local/lib/python3.12/site-packages/airflow/example_dags/example_setup_teardown.py took 0.055 seconds
[2025-06-23T05:38:41.616+0000] {processor.py:186} INFO - Started process (PID=30092) to work on /home/airflow/.local/lib/python3.12/site-packages/airflow/example_dags/example_setup_teardown.py
[2025-06-23T05:38:41.617+0000] {processor.py:914} INFO - Processing file /home/airflow/.local/lib/python3.12/site-packages/airflow/example_dags/example_setup_teardown.py for tasks to queue
[2025-06-23T05:38:41.618+0000] {logging_mixin.py:190} INFO - [2025-06-23T05:38:41.618+0000] {dagbag.py:588} INFO - Filling up the DagBag from /home/airflow/.local/lib/python3.12/site-packages/airflow/example_dags/example_setup_teardown.py
[2025-06-23T05:38:41.624+0000] {processor.py:925} INFO - DAG(s) 'example_setup_teardown' retrieved from /home/airflow/.local/lib/python3.12/site-packages/airflow/example_dags/example_setup_teardown.py
[2025-06-23T05:38:41.638+0000] {logging_mixin.py:190} INFO - [2025-06-23T05:38:41.637+0000] {dag.py:3239} INFO - Sync 1 DAGs
[2025-06-23T05:38:41.646+0000] {logging_mixin.py:190} INFO - [2025-06-23T05:38:41.646+0000] {dag.py:4180} INFO - Setting next_dagrun for example_setup_teardown to None, run_after=None
[2025-06-23T05:38:41.655+0000] {processor.py:208} INFO - Processing /home/airflow/.local/lib/python3.12/site-packages/airflow/example_dags/example_setup_teardown.py took 0.043 seconds
[2025-06-23T05:39:12.369+0000] {processor.py:186} INFO - Started process (PID=30170) to work on /home/airflow/.local/lib/python3.12/site-packages/airflow/example_dags/example_setup_teardown.py
[2025-06-23T05:39:12.371+0000] {processor.py:914} INFO - Processing file /home/airflow/.local/lib/python3.12/site-packages/airflow/example_dags/example_setup_teardown.py for tasks to queue
[2025-06-23T05:39:12.372+0000] {logging_mixin.py:190} INFO - [2025-06-23T05:39:12.371+0000] {dagbag.py:588} INFO - Filling up the DagBag from /home/airflow/.local/lib/python3.12/site-packages/airflow/example_dags/example_setup_teardown.py
[2025-06-23T05:39:12.381+0000] {processor.py:925} INFO - DAG(s) 'example_setup_teardown' retrieved from /home/airflow/.local/lib/python3.12/site-packages/airflow/example_dags/example_setup_teardown.py
[2025-06-23T05:39:12.401+0000] {logging_mixin.py:190} INFO - [2025-06-23T05:39:12.401+0000] {dag.py:3239} INFO - Sync 1 DAGs
[2025-06-23T05:39:12.414+0000] {logging_mixin.py:190} INFO - [2025-06-23T05:39:12.413+0000] {dag.py:4180} INFO - Setting next_dagrun for example_setup_teardown to None, run_after=None
[2025-06-23T05:39:12.430+0000] {processor.py:208} INFO - Processing /home/airflow/.local/lib/python3.12/site-packages/airflow/example_dags/example_setup_teardown.py took 0.068 seconds
[2025-06-23T06:25:49.477+0000] {processor.py:186} INFO - Started process (PID=30296) to work on /home/airflow/.local/lib/python3.12/site-packages/airflow/example_dags/example_setup_teardown.py
[2025-06-23T06:25:49.479+0000] {processor.py:914} INFO - Processing file /home/airflow/.local/lib/python3.12/site-packages/airflow/example_dags/example_setup_teardown.py for tasks to queue
[2025-06-23T06:25:49.480+0000] {logging_mixin.py:190} INFO - [2025-06-23T06:25:49.479+0000] {dagbag.py:588} INFO - Filling up the DagBag from /home/airflow/.local/lib/python3.12/site-packages/airflow/example_dags/example_setup_teardown.py
[2025-06-23T06:25:49.484+0000] {processor.py:925} INFO - DAG(s) 'example_setup_teardown' retrieved from /home/airflow/.local/lib/python3.12/site-packages/airflow/example_dags/example_setup_teardown.py
[2025-06-23T06:25:49.492+0000] {logging_mixin.py:190} INFO - [2025-06-23T06:25:49.492+0000] {dag.py:3239} INFO - Sync 1 DAGs
[2025-06-23T06:25:49.498+0000] {logging_mixin.py:190} INFO - [2025-06-23T06:25:49.498+0000] {dag.py:4180} INFO - Setting next_dagrun for example_setup_teardown to None, run_after=None
[2025-06-23T06:25:49.508+0000] {processor.py:208} INFO - Processing /home/airflow/.local/lib/python3.12/site-packages/airflow/example_dags/example_setup_teardown.py took 0.034 seconds
[2025-06-23T06:27:13.516+0000] {processor.py:186} INFO - Started process (PID=30374) to work on /home/airflow/.local/lib/python3.12/site-packages/airflow/example_dags/example_setup_teardown.py
[2025-06-23T06:27:13.517+0000] {processor.py:914} INFO - Processing file /home/airflow/.local/lib/python3.12/site-packages/airflow/example_dags/example_setup_teardown.py for tasks to queue
[2025-06-23T06:27:13.517+0000] {logging_mixin.py:190} INFO - [2025-06-23T06:27:13.517+0000] {dagbag.py:588} INFO - Filling up the DagBag from /home/airflow/.local/lib/python3.12/site-packages/airflow/example_dags/example_setup_teardown.py
[2025-06-23T06:27:13.521+0000] {processor.py:925} INFO - DAG(s) 'example_setup_teardown' retrieved from /home/airflow/.local/lib/python3.12/site-packages/airflow/example_dags/example_setup_teardown.py
[2025-06-23T06:27:13.528+0000] {logging_mixin.py:190} INFO - [2025-06-23T06:27:13.528+0000] {dag.py:3239} INFO - Sync 1 DAGs
[2025-06-23T06:27:13.537+0000] {logging_mixin.py:190} INFO - [2025-06-23T06:27:13.536+0000] {dag.py:4180} INFO - Setting next_dagrun for example_setup_teardown to None, run_after=None
[2025-06-23T06:27:13.545+0000] {processor.py:208} INFO - Processing /home/airflow/.local/lib/python3.12/site-packages/airflow/example_dags/example_setup_teardown.py took 0.031 seconds
[2025-06-23T06:34:09.643+0000] {processor.py:186} INFO - Started process (PID=30452) to work on /home/airflow/.local/lib/python3.12/site-packages/airflow/example_dags/example_setup_teardown.py
[2025-06-23T06:34:09.644+0000] {processor.py:914} INFO - Processing file /home/airflow/.local/lib/python3.12/site-packages/airflow/example_dags/example_setup_teardown.py for tasks to queue
[2025-06-23T06:34:09.644+0000] {logging_mixin.py:190} INFO - [2025-06-23T06:34:09.644+0000] {dagbag.py:588} INFO - Filling up the DagBag from /home/airflow/.local/lib/python3.12/site-packages/airflow/example_dags/example_setup_teardown.py
[2025-06-23T06:34:09.648+0000] {processor.py:925} INFO - DAG(s) 'example_setup_teardown' retrieved from /home/airflow/.local/lib/python3.12/site-packages/airflow/example_dags/example_setup_teardown.py
[2025-06-23T06:34:09.657+0000] {logging_mixin.py:190} INFO - [2025-06-23T06:34:09.657+0000] {dag.py:3239} INFO - Sync 1 DAGs
[2025-06-23T06:34:09.663+0000] {logging_mixin.py:190} INFO - [2025-06-23T06:34:09.663+0000] {dag.py:4180} INFO - Setting next_dagrun for example_setup_teardown to None, run_after=None
[2025-06-23T06:34:09.670+0000] {processor.py:208} INFO - Processing /home/airflow/.local/lib/python3.12/site-packages/airflow/example_dags/example_setup_teardown.py took 0.029 seconds
[2025-06-23T06:35:38.697+0000] {processor.py:186} INFO - Started process (PID=30530) to work on /home/airflow/.local/lib/python3.12/site-packages/airflow/example_dags/example_setup_teardown.py
[2025-06-23T06:35:38.698+0000] {processor.py:914} INFO - Processing file /home/airflow/.local/lib/python3.12/site-packages/airflow/example_dags/example_setup_teardown.py for tasks to queue
[2025-06-23T06:35:38.698+0000] {logging_mixin.py:190} INFO - [2025-06-23T06:35:38.698+0000] {dagbag.py:588} INFO - Filling up the DagBag from /home/airflow/.local/lib/python3.12/site-packages/airflow/example_dags/example_setup_teardown.py
[2025-06-23T06:35:38.703+0000] {processor.py:925} INFO - DAG(s) 'example_setup_teardown' retrieved from /home/airflow/.local/lib/python3.12/site-packages/airflow/example_dags/example_setup_teardown.py
[2025-06-23T06:35:38.711+0000] {logging_mixin.py:190} INFO - [2025-06-23T06:35:38.711+0000] {dag.py:3239} INFO - Sync 1 DAGs
[2025-06-23T06:35:38.717+0000] {logging_mixin.py:190} INFO - [2025-06-23T06:35:38.717+0000] {dag.py:4180} INFO - Setting next_dagrun for example_setup_teardown to None, run_after=None
[2025-06-23T06:35:38.725+0000] {processor.py:208} INFO - Processing /home/airflow/.local/lib/python3.12/site-packages/airflow/example_dags/example_setup_teardown.py took 0.031 seconds
[2025-06-23T06:36:38.697+0000] {processor.py:186} INFO - Started process (PID=30608) to work on /home/airflow/.local/lib/python3.12/site-packages/airflow/example_dags/example_setup_teardown.py
[2025-06-23T06:36:38.698+0000] {processor.py:914} INFO - Processing file /home/airflow/.local/lib/python3.12/site-packages/airflow/example_dags/example_setup_teardown.py for tasks to queue
[2025-06-23T06:36:38.699+0000] {logging_mixin.py:190} INFO - [2025-06-23T06:36:38.699+0000] {dagbag.py:588} INFO - Filling up the DagBag from /home/airflow/.local/lib/python3.12/site-packages/airflow/example_dags/example_setup_teardown.py
[2025-06-23T06:36:38.704+0000] {processor.py:925} INFO - DAG(s) 'example_setup_teardown' retrieved from /home/airflow/.local/lib/python3.12/site-packages/airflow/example_dags/example_setup_teardown.py
[2025-06-23T06:36:38.717+0000] {logging_mixin.py:190} INFO - [2025-06-23T06:36:38.717+0000] {dag.py:3239} INFO - Sync 1 DAGs
[2025-06-23T06:36:38.725+0000] {logging_mixin.py:190} INFO - [2025-06-23T06:36:38.725+0000] {dag.py:4180} INFO - Setting next_dagrun for example_setup_teardown to None, run_after=None
[2025-06-23T06:36:38.739+0000] {processor.py:208} INFO - Processing /home/airflow/.local/lib/python3.12/site-packages/airflow/example_dags/example_setup_teardown.py took 0.046 seconds
[2025-06-23T07:13:30.615+0000] {processor.py:186} INFO - Started process (PID=30686) to work on /home/airflow/.local/lib/python3.12/site-packages/airflow/example_dags/example_setup_teardown.py
[2025-06-23T07:13:30.616+0000] {processor.py:914} INFO - Processing file /home/airflow/.local/lib/python3.12/site-packages/airflow/example_dags/example_setup_teardown.py for tasks to queue
[2025-06-23T07:13:30.617+0000] {logging_mixin.py:190} INFO - [2025-06-23T07:13:30.617+0000] {dagbag.py:588} INFO - Filling up the DagBag from /home/airflow/.local/lib/python3.12/site-packages/airflow/example_dags/example_setup_teardown.py
[2025-06-23T07:13:30.621+0000] {processor.py:925} INFO - DAG(s) 'example_setup_teardown' retrieved from /home/airflow/.local/lib/python3.12/site-packages/airflow/example_dags/example_setup_teardown.py
[2025-06-23T07:13:30.629+0000] {logging_mixin.py:190} INFO - [2025-06-23T07:13:30.629+0000] {dag.py:3239} INFO - Sync 1 DAGs
[2025-06-23T07:13:30.636+0000] {logging_mixin.py:190} INFO - [2025-06-23T07:13:30.636+0000] {dag.py:4180} INFO - Setting next_dagrun for example_setup_teardown to None, run_after=None
[2025-06-23T07:13:30.643+0000] {processor.py:208} INFO - Processing /home/airflow/.local/lib/python3.12/site-packages/airflow/example_dags/example_setup_teardown.py took 0.031 seconds
