[2025-06-23T00:35:49.657+0000] {processor.py:186} INFO - Started process (PID=28569) to work on /home/airflow/.local/lib/python3.12/site-packages/airflow/example_dags/example_skip_dag.py
[2025-06-23T00:35:49.660+0000] {processor.py:914} INFO - Processing file /home/airflow/.local/lib/python3.12/site-packages/airflow/example_dags/example_skip_dag.py for tasks to queue
[2025-06-23T00:35:49.661+0000] {logging_mixin.py:190} INFO - [2025-06-23T00:35:49.660+0000] {dagbag.py:588} INFO - Filling up the DagBag from /home/airflow/.local/lib/python3.12/site-packages/airflow/example_dags/example_skip_dag.py
[2025-06-23T00:35:49.666+0000] {processor.py:925} INFO - DAG(s) 'example_skip_dag' retrieved from /home/airflow/.local/lib/python3.12/site-packages/airflow/example_dags/example_skip_dag.py
[2025-06-23T00:35:49.679+0000] {logging_mixin.py:190} INFO - [2025-06-23T00:35:49.679+0000] {dag.py:3239} INFO - Sync 1 DAGs
[2025-06-23T00:35:49.689+0000] {logging_mixin.py:190} INFO - [2025-06-23T00:35:49.689+0000] {dag.py:4180} INFO - Setting next_dagrun for example_skip_dag to 2025-06-22 00:00:00+00:00, run_after=2025-06-23 00:00:00+00:00
[2025-06-23T00:35:49.695+0000] {processor.py:208} INFO - Processing /home/airflow/.local/lib/python3.12/site-packages/airflow/example_dags/example_skip_dag.py took 0.041 seconds
[2025-06-23T01:36:41.317+0000] {processor.py:186} INFO - Started process (PID=28647) to work on /home/airflow/.local/lib/python3.12/site-packages/airflow/example_dags/example_skip_dag.py
[2025-06-23T01:36:41.318+0000] {processor.py:914} INFO - Processing file /home/airflow/.local/lib/python3.12/site-packages/airflow/example_dags/example_skip_dag.py for tasks to queue
[2025-06-23T01:36:41.318+0000] {logging_mixin.py:190} INFO - [2025-06-23T01:36:41.318+0000] {dagbag.py:588} INFO - Filling up the DagBag from /home/airflow/.local/lib/python3.12/site-packages/airflow/example_dags/example_skip_dag.py
[2025-06-23T01:36:41.324+0000] {processor.py:925} INFO - DAG(s) 'example_skip_dag' retrieved from /home/airflow/.local/lib/python3.12/site-packages/airflow/example_dags/example_skip_dag.py
[2025-06-23T01:36:41.340+0000] {logging_mixin.py:190} INFO - [2025-06-23T01:36:41.340+0000] {dag.py:3239} INFO - Sync 1 DAGs
[2025-06-23T01:36:41.351+0000] {logging_mixin.py:190} INFO - [2025-06-23T01:36:41.351+0000] {dag.py:4180} INFO - Setting next_dagrun for example_skip_dag to 2025-06-22 00:00:00+00:00, run_after=2025-06-23 00:00:00+00:00
[2025-06-23T01:36:41.358+0000] {processor.py:208} INFO - Processing /home/airflow/.local/lib/python3.12/site-packages/airflow/example_dags/example_skip_dag.py took 0.044 seconds
[2025-06-23T01:37:11.429+0000] {processor.py:186} INFO - Started process (PID=28725) to work on /home/airflow/.local/lib/python3.12/site-packages/airflow/example_dags/example_skip_dag.py
[2025-06-23T01:37:11.430+0000] {processor.py:914} INFO - Processing file /home/airflow/.local/lib/python3.12/site-packages/airflow/example_dags/example_skip_dag.py for tasks to queue
[2025-06-23T01:37:11.432+0000] {logging_mixin.py:190} INFO - [2025-06-23T01:37:11.431+0000] {dagbag.py:588} INFO - Filling up the DagBag from /home/airflow/.local/lib/python3.12/site-packages/airflow/example_dags/example_skip_dag.py
[2025-06-23T01:37:11.437+0000] {processor.py:925} INFO - DAG(s) 'example_skip_dag' retrieved from /home/airflow/.local/lib/python3.12/site-packages/airflow/example_dags/example_skip_dag.py
[2025-06-23T01:37:11.454+0000] {logging_mixin.py:190} INFO - [2025-06-23T01:37:11.454+0000] {dag.py:3239} INFO - Sync 1 DAGs
[2025-06-23T01:37:11.464+0000] {logging_mixin.py:190} INFO - [2025-06-23T01:37:11.464+0000] {dag.py:4180} INFO - Setting next_dagrun for example_skip_dag to 2025-06-22 00:00:00+00:00, run_after=2025-06-23 00:00:00+00:00
[2025-06-23T01:37:11.478+0000] {processor.py:208} INFO - Processing /home/airflow/.local/lib/python3.12/site-packages/airflow/example_dags/example_skip_dag.py took 0.052 seconds
[2025-06-23T02:28:28.626+0000] {processor.py:186} INFO - Started process (PID=28803) to work on /home/airflow/.local/lib/python3.12/site-packages/airflow/example_dags/example_skip_dag.py
[2025-06-23T02:28:28.627+0000] {processor.py:914} INFO - Processing file /home/airflow/.local/lib/python3.12/site-packages/airflow/example_dags/example_skip_dag.py for tasks to queue
[2025-06-23T02:28:28.627+0000] {logging_mixin.py:190} INFO - [2025-06-23T02:28:28.627+0000] {dagbag.py:588} INFO - Filling up the DagBag from /home/airflow/.local/lib/python3.12/site-packages/airflow/example_dags/example_skip_dag.py
[2025-06-23T02:28:28.632+0000] {processor.py:925} INFO - DAG(s) 'example_skip_dag' retrieved from /home/airflow/.local/lib/python3.12/site-packages/airflow/example_dags/example_skip_dag.py
[2025-06-23T02:28:28.644+0000] {logging_mixin.py:190} INFO - [2025-06-23T02:28:28.644+0000] {dag.py:3239} INFO - Sync 1 DAGs
[2025-06-23T02:28:28.657+0000] {logging_mixin.py:190} INFO - [2025-06-23T02:28:28.657+0000] {dag.py:4180} INFO - Setting next_dagrun for example_skip_dag to 2025-06-22 00:00:00+00:00, run_after=2025-06-23 00:00:00+00:00
[2025-06-23T02:28:28.673+0000] {processor.py:208} INFO - Processing /home/airflow/.local/lib/python3.12/site-packages/airflow/example_dags/example_skip_dag.py took 0.050 seconds
[2025-06-23T02:38:08.816+0000] {processor.py:186} INFO - Started process (PID=28881) to work on /home/airflow/.local/lib/python3.12/site-packages/airflow/example_dags/example_skip_dag.py
[2025-06-23T02:38:08.816+0000] {processor.py:914} INFO - Processing file /home/airflow/.local/lib/python3.12/site-packages/airflow/example_dags/example_skip_dag.py for tasks to queue
[2025-06-23T02:38:08.817+0000] {logging_mixin.py:190} INFO - [2025-06-23T02:38:08.817+0000] {dagbag.py:588} INFO - Filling up the DagBag from /home/airflow/.local/lib/python3.12/site-packages/airflow/example_dags/example_skip_dag.py
[2025-06-23T02:38:08.822+0000] {processor.py:925} INFO - DAG(s) 'example_skip_dag' retrieved from /home/airflow/.local/lib/python3.12/site-packages/airflow/example_dags/example_skip_dag.py
[2025-06-23T02:38:08.833+0000] {logging_mixin.py:190} INFO - [2025-06-23T02:38:08.833+0000] {dag.py:3239} INFO - Sync 1 DAGs
[2025-06-23T02:38:08.841+0000] {logging_mixin.py:190} INFO - [2025-06-23T02:38:08.841+0000] {dag.py:4180} INFO - Setting next_dagrun for example_skip_dag to 2025-06-22 00:00:00+00:00, run_after=2025-06-23 00:00:00+00:00
[2025-06-23T02:38:08.848+0000] {processor.py:208} INFO - Processing /home/airflow/.local/lib/python3.12/site-packages/airflow/example_dags/example_skip_dag.py took 0.037 seconds
[2025-06-23T03:10:45.575+0000] {processor.py:186} INFO - Started process (PID=28959) to work on /home/airflow/.local/lib/python3.12/site-packages/airflow/example_dags/example_skip_dag.py
[2025-06-23T03:10:45.576+0000] {processor.py:914} INFO - Processing file /home/airflow/.local/lib/python3.12/site-packages/airflow/example_dags/example_skip_dag.py for tasks to queue
[2025-06-23T03:10:45.577+0000] {logging_mixin.py:190} INFO - [2025-06-23T03:10:45.577+0000] {dagbag.py:588} INFO - Filling up the DagBag from /home/airflow/.local/lib/python3.12/site-packages/airflow/example_dags/example_skip_dag.py
[2025-06-23T03:10:45.583+0000] {processor.py:925} INFO - DAG(s) 'example_skip_dag' retrieved from /home/airflow/.local/lib/python3.12/site-packages/airflow/example_dags/example_skip_dag.py
[2025-06-23T03:10:45.599+0000] {logging_mixin.py:190} INFO - [2025-06-23T03:10:45.599+0000] {dag.py:3239} INFO - Sync 1 DAGs
[2025-06-23T03:10:45.612+0000] {logging_mixin.py:190} INFO - [2025-06-23T03:10:45.612+0000] {dag.py:4180} INFO - Setting next_dagrun for example_skip_dag to 2025-06-22 00:00:00+00:00, run_after=2025-06-23 00:00:00+00:00
[2025-06-23T03:10:45.628+0000] {processor.py:208} INFO - Processing /home/airflow/.local/lib/python3.12/site-packages/airflow/example_dags/example_skip_dag.py took 0.056 seconds
[2025-06-23T03:38:54.149+0000] {processor.py:186} INFO - Started process (PID=29037) to work on /home/airflow/.local/lib/python3.12/site-packages/airflow/example_dags/example_skip_dag.py
[2025-06-23T03:38:54.150+0000] {processor.py:914} INFO - Processing file /home/airflow/.local/lib/python3.12/site-packages/airflow/example_dags/example_skip_dag.py for tasks to queue
[2025-06-23T03:38:54.150+0000] {logging_mixin.py:190} INFO - [2025-06-23T03:38:54.150+0000] {dagbag.py:588} INFO - Filling up the DagBag from /home/airflow/.local/lib/python3.12/site-packages/airflow/example_dags/example_skip_dag.py
[2025-06-23T03:38:54.155+0000] {processor.py:925} INFO - DAG(s) 'example_skip_dag' retrieved from /home/airflow/.local/lib/python3.12/site-packages/airflow/example_dags/example_skip_dag.py
[2025-06-23T03:38:54.164+0000] {logging_mixin.py:190} INFO - [2025-06-23T03:38:54.164+0000] {dag.py:3239} INFO - Sync 1 DAGs
[2025-06-23T03:38:54.174+0000] {logging_mixin.py:190} INFO - [2025-06-23T03:38:54.174+0000] {dag.py:4180} INFO - Setting next_dagrun for example_skip_dag to 2025-06-22 00:00:00+00:00, run_after=2025-06-23 00:00:00+00:00
[2025-06-23T03:38:54.184+0000] {processor.py:208} INFO - Processing /home/airflow/.local/lib/python3.12/site-packages/airflow/example_dags/example_skip_dag.py took 0.037 seconds
[2025-06-23T04:39:46.611+0000] {processor.py:186} INFO - Started process (PID=29115) to work on /home/airflow/.local/lib/python3.12/site-packages/airflow/example_dags/example_skip_dag.py
[2025-06-23T04:39:46.612+0000] {processor.py:914} INFO - Processing file /home/airflow/.local/lib/python3.12/site-packages/airflow/example_dags/example_skip_dag.py for tasks to queue
[2025-06-23T04:39:46.613+0000] {logging_mixin.py:190} INFO - [2025-06-23T04:39:46.612+0000] {dagbag.py:588} INFO - Filling up the DagBag from /home/airflow/.local/lib/python3.12/site-packages/airflow/example_dags/example_skip_dag.py
[2025-06-23T04:39:46.618+0000] {processor.py:925} INFO - DAG(s) 'example_skip_dag' retrieved from /home/airflow/.local/lib/python3.12/site-packages/airflow/example_dags/example_skip_dag.py
[2025-06-23T04:39:46.630+0000] {logging_mixin.py:190} INFO - [2025-06-23T04:39:46.630+0000] {dag.py:3239} INFO - Sync 1 DAGs
[2025-06-23T04:39:46.639+0000] {logging_mixin.py:190} INFO - [2025-06-23T04:39:46.639+0000] {dag.py:4180} INFO - Setting next_dagrun for example_skip_dag to 2025-06-22 00:00:00+00:00, run_after=2025-06-23 00:00:00+00:00
[2025-06-23T04:39:46.651+0000] {processor.py:208} INFO - Processing /home/airflow/.local/lib/python3.12/site-packages/airflow/example_dags/example_skip_dag.py took 0.042 seconds
[2025-06-23T05:32:39.274+0000] {processor.py:186} INFO - Started process (PID=29193) to work on /home/airflow/.local/lib/python3.12/site-packages/airflow/example_dags/example_skip_dag.py
[2025-06-23T05:32:39.277+0000] {processor.py:914} INFO - Processing file /home/airflow/.local/lib/python3.12/site-packages/airflow/example_dags/example_skip_dag.py for tasks to queue
[2025-06-23T05:32:39.280+0000] {logging_mixin.py:190} INFO - [2025-06-23T05:32:39.280+0000] {dagbag.py:588} INFO - Filling up the DagBag from /home/airflow/.local/lib/python3.12/site-packages/airflow/example_dags/example_skip_dag.py
[2025-06-23T05:32:39.289+0000] {processor.py:925} INFO - DAG(s) 'example_skip_dag' retrieved from /home/airflow/.local/lib/python3.12/site-packages/airflow/example_dags/example_skip_dag.py
[2025-06-23T05:32:39.311+0000] {logging_mixin.py:190} INFO - [2025-06-23T05:32:39.311+0000] {dag.py:3239} INFO - Sync 1 DAGs
[2025-06-23T05:32:39.328+0000] {logging_mixin.py:190} INFO - [2025-06-23T05:32:39.328+0000] {dag.py:4180} INFO - Setting next_dagrun for example_skip_dag to 2025-06-22 00:00:00+00:00, run_after=2025-06-23 00:00:00+00:00
[2025-06-23T05:32:39.351+0000] {processor.py:208} INFO - Processing /home/airflow/.local/lib/python3.12/site-packages/airflow/example_dags/example_skip_dag.py took 0.080 seconds
[2025-06-23T05:33:09.424+0000] {processor.py:186} INFO - Started process (PID=29271) to work on /home/airflow/.local/lib/python3.12/site-packages/airflow/example_dags/example_skip_dag.py
[2025-06-23T05:33:09.425+0000] {processor.py:914} INFO - Processing file /home/airflow/.local/lib/python3.12/site-packages/airflow/example_dags/example_skip_dag.py for tasks to queue
[2025-06-23T05:33:09.425+0000] {logging_mixin.py:190} INFO - [2025-06-23T05:33:09.425+0000] {dagbag.py:588} INFO - Filling up the DagBag from /home/airflow/.local/lib/python3.12/site-packages/airflow/example_dags/example_skip_dag.py
[2025-06-23T05:33:09.429+0000] {processor.py:925} INFO - DAG(s) 'example_skip_dag' retrieved from /home/airflow/.local/lib/python3.12/site-packages/airflow/example_dags/example_skip_dag.py
[2025-06-23T05:33:09.443+0000] {logging_mixin.py:190} INFO - [2025-06-23T05:33:09.443+0000] {dag.py:3239} INFO - Sync 1 DAGs
[2025-06-23T05:33:09.453+0000] {logging_mixin.py:190} INFO - [2025-06-23T05:33:09.453+0000] {dag.py:4180} INFO - Setting next_dagrun for example_skip_dag to 2025-06-22 00:00:00+00:00, run_after=2025-06-23 00:00:00+00:00
[2025-06-23T05:33:09.465+0000] {processor.py:208} INFO - Processing /home/airflow/.local/lib/python3.12/site-packages/airflow/example_dags/example_skip_dag.py took 0.045 seconds
[2025-06-23T05:33:39.877+0000] {processor.py:186} INFO - Started process (PID=29349) to work on /home/airflow/.local/lib/python3.12/site-packages/airflow/example_dags/example_skip_dag.py
[2025-06-23T05:33:39.878+0000] {processor.py:914} INFO - Processing file /home/airflow/.local/lib/python3.12/site-packages/airflow/example_dags/example_skip_dag.py for tasks to queue
[2025-06-23T05:33:39.879+0000] {logging_mixin.py:190} INFO - [2025-06-23T05:33:39.879+0000] {dagbag.py:588} INFO - Filling up the DagBag from /home/airflow/.local/lib/python3.12/site-packages/airflow/example_dags/example_skip_dag.py
[2025-06-23T05:33:39.883+0000] {processor.py:925} INFO - DAG(s) 'example_skip_dag' retrieved from /home/airflow/.local/lib/python3.12/site-packages/airflow/example_dags/example_skip_dag.py
[2025-06-23T05:33:39.893+0000] {logging_mixin.py:190} INFO - [2025-06-23T05:33:39.893+0000] {dag.py:3239} INFO - Sync 1 DAGs
[2025-06-23T05:33:39.909+0000] {logging_mixin.py:190} INFO - [2025-06-23T05:33:39.909+0000] {dag.py:4180} INFO - Setting next_dagrun for example_skip_dag to 2025-06-22 00:00:00+00:00, run_after=2025-06-23 00:00:00+00:00
[2025-06-23T05:33:39.918+0000] {processor.py:208} INFO - Processing /home/airflow/.local/lib/python3.12/site-packages/airflow/example_dags/example_skip_dag.py took 0.044 seconds
[2025-06-23T05:34:13.059+0000] {processor.py:186} INFO - Started process (PID=29427) to work on /home/airflow/.local/lib/python3.12/site-packages/airflow/example_dags/example_skip_dag.py
[2025-06-23T05:34:13.063+0000] {processor.py:914} INFO - Processing file /home/airflow/.local/lib/python3.12/site-packages/airflow/example_dags/example_skip_dag.py for tasks to queue
[2025-06-23T05:34:13.066+0000] {logging_mixin.py:190} INFO - [2025-06-23T05:34:13.065+0000] {dagbag.py:588} INFO - Filling up the DagBag from /home/airflow/.local/lib/python3.12/site-packages/airflow/example_dags/example_skip_dag.py
[2025-06-23T05:34:13.086+0000] {processor.py:925} INFO - DAG(s) 'example_skip_dag' retrieved from /home/airflow/.local/lib/python3.12/site-packages/airflow/example_dags/example_skip_dag.py
[2025-06-23T05:34:13.172+0000] {logging_mixin.py:190} INFO - [2025-06-23T05:34:13.172+0000] {dag.py:3239} INFO - Sync 1 DAGs
[2025-06-23T05:34:13.237+0000] {logging_mixin.py:190} INFO - [2025-06-23T05:34:13.236+0000] {dag.py:4180} INFO - Setting next_dagrun for example_skip_dag to 2025-06-22 00:00:00+00:00, run_after=2025-06-23 00:00:00+00:00
[2025-06-23T05:34:13.290+0000] {processor.py:208} INFO - Processing /home/airflow/.local/lib/python3.12/site-packages/airflow/example_dags/example_skip_dag.py took 0.246 seconds
[2025-06-23T05:34:45.176+0000] {processor.py:186} INFO - Started process (PID=29505) to work on /home/airflow/.local/lib/python3.12/site-packages/airflow/example_dags/example_skip_dag.py
[2025-06-23T05:34:45.178+0000] {processor.py:914} INFO - Processing file /home/airflow/.local/lib/python3.12/site-packages/airflow/example_dags/example_skip_dag.py for tasks to queue
[2025-06-23T05:34:45.182+0000] {logging_mixin.py:190} INFO - [2025-06-23T05:34:45.180+0000] {dagbag.py:588} INFO - Filling up the DagBag from /home/airflow/.local/lib/python3.12/site-packages/airflow/example_dags/example_skip_dag.py
[2025-06-23T05:34:45.210+0000] {processor.py:925} INFO - DAG(s) 'example_skip_dag' retrieved from /home/airflow/.local/lib/python3.12/site-packages/airflow/example_dags/example_skip_dag.py
[2025-06-23T05:34:45.280+0000] {logging_mixin.py:190} INFO - [2025-06-23T05:34:45.279+0000] {dag.py:3239} INFO - Sync 1 DAGs
[2025-06-23T05:34:45.401+0000] {logging_mixin.py:190} INFO - [2025-06-23T05:34:45.395+0000] {dag.py:4180} INFO - Setting next_dagrun for example_skip_dag to 2025-06-22 00:00:00+00:00, run_after=2025-06-23 00:00:00+00:00
[2025-06-23T05:34:45.460+0000] {processor.py:208} INFO - Processing /home/airflow/.local/lib/python3.12/site-packages/airflow/example_dags/example_skip_dag.py took 0.302 seconds
[2025-06-23T05:35:17.699+0000] {processor.py:186} INFO - Started process (PID=29583) to work on /home/airflow/.local/lib/python3.12/site-packages/airflow/example_dags/example_skip_dag.py
[2025-06-23T05:35:17.735+0000] {processor.py:914} INFO - Processing file /home/airflow/.local/lib/python3.12/site-packages/airflow/example_dags/example_skip_dag.py for tasks to queue
[2025-06-23T05:35:17.738+0000] {logging_mixin.py:190} INFO - [2025-06-23T05:35:17.737+0000] {dagbag.py:588} INFO - Filling up the DagBag from /home/airflow/.local/lib/python3.12/site-packages/airflow/example_dags/example_skip_dag.py
[2025-06-23T05:35:17.758+0000] {processor.py:925} INFO - DAG(s) 'example_skip_dag' retrieved from /home/airflow/.local/lib/python3.12/site-packages/airflow/example_dags/example_skip_dag.py
[2025-06-23T05:35:17.837+0000] {logging_mixin.py:190} INFO - [2025-06-23T05:35:17.836+0000] {dag.py:3239} INFO - Sync 1 DAGs
[2025-06-23T05:35:17.939+0000] {logging_mixin.py:190} INFO - [2025-06-23T05:35:17.937+0000] {dag.py:4180} INFO - Setting next_dagrun for example_skip_dag to 2025-06-22 00:00:00+00:00, run_after=2025-06-23 00:00:00+00:00
[2025-06-23T05:35:17.992+0000] {processor.py:208} INFO - Processing /home/airflow/.local/lib/python3.12/site-packages/airflow/example_dags/example_skip_dag.py took 0.307 seconds
[2025-06-23T05:35:49.003+0000] {processor.py:186} INFO - Started process (PID=29661) to work on /home/airflow/.local/lib/python3.12/site-packages/airflow/example_dags/example_skip_dag.py
[2025-06-23T05:35:49.004+0000] {processor.py:914} INFO - Processing file /home/airflow/.local/lib/python3.12/site-packages/airflow/example_dags/example_skip_dag.py for tasks to queue
[2025-06-23T05:35:49.005+0000] {logging_mixin.py:190} INFO - [2025-06-23T05:35:49.005+0000] {dagbag.py:588} INFO - Filling up the DagBag from /home/airflow/.local/lib/python3.12/site-packages/airflow/example_dags/example_skip_dag.py
[2025-06-23T05:35:49.014+0000] {processor.py:925} INFO - DAG(s) 'example_skip_dag' retrieved from /home/airflow/.local/lib/python3.12/site-packages/airflow/example_dags/example_skip_dag.py
[2025-06-23T05:35:49.037+0000] {logging_mixin.py:190} INFO - [2025-06-23T05:35:49.037+0000] {dag.py:3239} INFO - Sync 1 DAGs
[2025-06-23T05:35:49.052+0000] {logging_mixin.py:190} INFO - [2025-06-23T05:35:49.052+0000] {dag.py:4180} INFO - Setting next_dagrun for example_skip_dag to 2025-06-22 00:00:00+00:00, run_after=2025-06-23 00:00:00+00:00
[2025-06-23T05:35:49.067+0000] {processor.py:208} INFO - Processing /home/airflow/.local/lib/python3.12/site-packages/airflow/example_dags/example_skip_dag.py took 0.072 seconds
[2025-06-23T05:36:19.478+0000] {processor.py:186} INFO - Started process (PID=29739) to work on /home/airflow/.local/lib/python3.12/site-packages/airflow/example_dags/example_skip_dag.py
[2025-06-23T05:36:19.480+0000] {processor.py:914} INFO - Processing file /home/airflow/.local/lib/python3.12/site-packages/airflow/example_dags/example_skip_dag.py for tasks to queue
[2025-06-23T05:36:19.481+0000] {logging_mixin.py:190} INFO - [2025-06-23T05:36:19.480+0000] {dagbag.py:588} INFO - Filling up the DagBag from /home/airflow/.local/lib/python3.12/site-packages/airflow/example_dags/example_skip_dag.py
[2025-06-23T05:36:19.489+0000] {processor.py:925} INFO - DAG(s) 'example_skip_dag' retrieved from /home/airflow/.local/lib/python3.12/site-packages/airflow/example_dags/example_skip_dag.py
[2025-06-23T05:36:19.506+0000] {logging_mixin.py:190} INFO - [2025-06-23T05:36:19.506+0000] {dag.py:3239} INFO - Sync 1 DAGs
[2025-06-23T05:36:19.517+0000] {logging_mixin.py:190} INFO - [2025-06-23T05:36:19.517+0000] {dag.py:4180} INFO - Setting next_dagrun for example_skip_dag to 2025-06-22 00:00:00+00:00, run_after=2025-06-23 00:00:00+00:00
[2025-06-23T05:36:19.527+0000] {processor.py:208} INFO - Processing /home/airflow/.local/lib/python3.12/site-packages/airflow/example_dags/example_skip_dag.py took 0.054 seconds
[2025-06-23T05:36:49.708+0000] {processor.py:186} INFO - Started process (PID=29817) to work on /home/airflow/.local/lib/python3.12/site-packages/airflow/example_dags/example_skip_dag.py
[2025-06-23T05:36:49.711+0000] {processor.py:914} INFO - Processing file /home/airflow/.local/lib/python3.12/site-packages/airflow/example_dags/example_skip_dag.py for tasks to queue
[2025-06-23T05:36:49.712+0000] {logging_mixin.py:190} INFO - [2025-06-23T05:36:49.712+0000] {dagbag.py:588} INFO - Filling up the DagBag from /home/airflow/.local/lib/python3.12/site-packages/airflow/example_dags/example_skip_dag.py
[2025-06-23T05:36:49.717+0000] {processor.py:925} INFO - DAG(s) 'example_skip_dag' retrieved from /home/airflow/.local/lib/python3.12/site-packages/airflow/example_dags/example_skip_dag.py
[2025-06-23T05:36:49.730+0000] {logging_mixin.py:190} INFO - [2025-06-23T05:36:49.730+0000] {dag.py:3239} INFO - Sync 1 DAGs
[2025-06-23T05:36:49.742+0000] {logging_mixin.py:190} INFO - [2025-06-23T05:36:49.742+0000] {dag.py:4180} INFO - Setting next_dagrun for example_skip_dag to 2025-06-22 00:00:00+00:00, run_after=2025-06-23 00:00:00+00:00
[2025-06-23T05:36:49.752+0000] {processor.py:208} INFO - Processing /home/airflow/.local/lib/python3.12/site-packages/airflow/example_dags/example_skip_dag.py took 0.048 seconds
[2025-06-23T05:37:20.051+0000] {processor.py:186} INFO - Started process (PID=29895) to work on /home/airflow/.local/lib/python3.12/site-packages/airflow/example_dags/example_skip_dag.py
[2025-06-23T05:37:20.051+0000] {processor.py:914} INFO - Processing file /home/airflow/.local/lib/python3.12/site-packages/airflow/example_dags/example_skip_dag.py for tasks to queue
[2025-06-23T05:37:20.052+0000] {logging_mixin.py:190} INFO - [2025-06-23T05:37:20.052+0000] {dagbag.py:588} INFO - Filling up the DagBag from /home/airflow/.local/lib/python3.12/site-packages/airflow/example_dags/example_skip_dag.py
[2025-06-23T05:37:20.058+0000] {processor.py:925} INFO - DAG(s) 'example_skip_dag' retrieved from /home/airflow/.local/lib/python3.12/site-packages/airflow/example_dags/example_skip_dag.py
[2025-06-23T05:37:20.071+0000] {logging_mixin.py:190} INFO - [2025-06-23T05:37:20.071+0000] {dag.py:3239} INFO - Sync 1 DAGs
[2025-06-23T05:37:20.083+0000] {logging_mixin.py:190} INFO - [2025-06-23T05:37:20.083+0000] {dag.py:4180} INFO - Setting next_dagrun for example_skip_dag to 2025-06-22 00:00:00+00:00, run_after=2025-06-23 00:00:00+00:00
[2025-06-23T05:37:20.094+0000] {processor.py:208} INFO - Processing /home/airflow/.local/lib/python3.12/site-packages/airflow/example_dags/example_skip_dag.py took 0.046 seconds
[2025-06-23T05:37:51.031+0000] {processor.py:186} INFO - Started process (PID=29973) to work on /home/airflow/.local/lib/python3.12/site-packages/airflow/example_dags/example_skip_dag.py
[2025-06-23T05:37:51.034+0000] {processor.py:914} INFO - Processing file /home/airflow/.local/lib/python3.12/site-packages/airflow/example_dags/example_skip_dag.py for tasks to queue
[2025-06-23T05:37:51.036+0000] {logging_mixin.py:190} INFO - [2025-06-23T05:37:51.036+0000] {dagbag.py:588} INFO - Filling up the DagBag from /home/airflow/.local/lib/python3.12/site-packages/airflow/example_dags/example_skip_dag.py
[2025-06-23T05:37:51.042+0000] {processor.py:925} INFO - DAG(s) 'example_skip_dag' retrieved from /home/airflow/.local/lib/python3.12/site-packages/airflow/example_dags/example_skip_dag.py
[2025-06-23T05:37:51.054+0000] {logging_mixin.py:190} INFO - [2025-06-23T05:37:51.054+0000] {dag.py:3239} INFO - Sync 1 DAGs
[2025-06-23T05:37:51.068+0000] {logging_mixin.py:190} INFO - [2025-06-23T05:37:51.068+0000] {dag.py:4180} INFO - Setting next_dagrun for example_skip_dag to 2025-06-22 00:00:00+00:00, run_after=2025-06-23 00:00:00+00:00
[2025-06-23T05:37:51.080+0000] {processor.py:208} INFO - Processing /home/airflow/.local/lib/python3.12/site-packages/airflow/example_dags/example_skip_dag.py took 0.053 seconds
[2025-06-23T05:38:21.668+0000] {processor.py:186} INFO - Started process (PID=30051) to work on /home/airflow/.local/lib/python3.12/site-packages/airflow/example_dags/example_skip_dag.py
[2025-06-23T05:38:21.671+0000] {processor.py:914} INFO - Processing file /home/airflow/.local/lib/python3.12/site-packages/airflow/example_dags/example_skip_dag.py for tasks to queue
[2025-06-23T05:38:21.673+0000] {logging_mixin.py:190} INFO - [2025-06-23T05:38:21.672+0000] {dagbag.py:588} INFO - Filling up the DagBag from /home/airflow/.local/lib/python3.12/site-packages/airflow/example_dags/example_skip_dag.py
[2025-06-23T05:38:21.686+0000] {processor.py:925} INFO - DAG(s) 'example_skip_dag' retrieved from /home/airflow/.local/lib/python3.12/site-packages/airflow/example_dags/example_skip_dag.py
[2025-06-23T05:38:21.703+0000] {logging_mixin.py:190} INFO - [2025-06-23T05:38:21.703+0000] {dag.py:3239} INFO - Sync 1 DAGs
[2025-06-23T05:38:21.720+0000] {logging_mixin.py:190} INFO - [2025-06-23T05:38:21.719+0000] {dag.py:4180} INFO - Setting next_dagrun for example_skip_dag to 2025-06-22 00:00:00+00:00, run_after=2025-06-23 00:00:00+00:00
[2025-06-23T05:38:21.734+0000] {processor.py:208} INFO - Processing /home/airflow/.local/lib/python3.12/site-packages/airflow/example_dags/example_skip_dag.py took 0.079 seconds
[2025-06-23T05:38:52.727+0000] {processor.py:186} INFO - Started process (PID=30129) to work on /home/airflow/.local/lib/python3.12/site-packages/airflow/example_dags/example_skip_dag.py
[2025-06-23T05:38:52.729+0000] {processor.py:914} INFO - Processing file /home/airflow/.local/lib/python3.12/site-packages/airflow/example_dags/example_skip_dag.py for tasks to queue
[2025-06-23T05:38:52.730+0000] {logging_mixin.py:190} INFO - [2025-06-23T05:38:52.730+0000] {dagbag.py:588} INFO - Filling up the DagBag from /home/airflow/.local/lib/python3.12/site-packages/airflow/example_dags/example_skip_dag.py
[2025-06-23T05:38:52.738+0000] {processor.py:925} INFO - DAG(s) 'example_skip_dag' retrieved from /home/airflow/.local/lib/python3.12/site-packages/airflow/example_dags/example_skip_dag.py
[2025-06-23T05:38:52.752+0000] {logging_mixin.py:190} INFO - [2025-06-23T05:38:52.752+0000] {dag.py:3239} INFO - Sync 1 DAGs
[2025-06-23T05:38:52.765+0000] {logging_mixin.py:190} INFO - [2025-06-23T05:38:52.765+0000] {dag.py:4180} INFO - Setting next_dagrun for example_skip_dag to 2025-06-22 00:00:00+00:00, run_after=2025-06-23 00:00:00+00:00
[2025-06-23T05:38:52.774+0000] {processor.py:208} INFO - Processing /home/airflow/.local/lib/python3.12/site-packages/airflow/example_dags/example_skip_dag.py took 0.052 seconds
[2025-06-23T05:39:23.021+0000] {processor.py:186} INFO - Started process (PID=30207) to work on /home/airflow/.local/lib/python3.12/site-packages/airflow/example_dags/example_skip_dag.py
[2025-06-23T05:39:23.023+0000] {processor.py:914} INFO - Processing file /home/airflow/.local/lib/python3.12/site-packages/airflow/example_dags/example_skip_dag.py for tasks to queue
[2025-06-23T05:39:23.024+0000] {logging_mixin.py:190} INFO - [2025-06-23T05:39:23.024+0000] {dagbag.py:588} INFO - Filling up the DagBag from /home/airflow/.local/lib/python3.12/site-packages/airflow/example_dags/example_skip_dag.py
[2025-06-23T05:39:23.031+0000] {processor.py:925} INFO - DAG(s) 'example_skip_dag' retrieved from /home/airflow/.local/lib/python3.12/site-packages/airflow/example_dags/example_skip_dag.py
[2025-06-23T05:39:23.049+0000] {logging_mixin.py:190} INFO - [2025-06-23T05:39:23.049+0000] {dag.py:3239} INFO - Sync 1 DAGs
[2025-06-23T05:39:23.065+0000] {logging_mixin.py:190} INFO - [2025-06-23T05:39:23.064+0000] {dag.py:4180} INFO - Setting next_dagrun for example_skip_dag to 2025-06-22 00:00:00+00:00, run_after=2025-06-23 00:00:00+00:00
[2025-06-23T05:39:23.076+0000] {processor.py:208} INFO - Processing /home/airflow/.local/lib/python3.12/site-packages/airflow/example_dags/example_skip_dag.py took 0.062 seconds
[2025-06-23T06:25:47.497+0000] {processor.py:186} INFO - Started process (PID=30260) to work on /home/airflow/.local/lib/python3.12/site-packages/airflow/example_dags/example_skip_dag.py
[2025-06-23T06:25:47.500+0000] {processor.py:914} INFO - Processing file /home/airflow/.local/lib/python3.12/site-packages/airflow/example_dags/example_skip_dag.py for tasks to queue
[2025-06-23T06:25:47.502+0000] {logging_mixin.py:190} INFO - [2025-06-23T06:25:47.501+0000] {dagbag.py:588} INFO - Filling up the DagBag from /home/airflow/.local/lib/python3.12/site-packages/airflow/example_dags/example_skip_dag.py
[2025-06-23T06:25:47.512+0000] {processor.py:925} INFO - DAG(s) 'example_skip_dag' retrieved from /home/airflow/.local/lib/python3.12/site-packages/airflow/example_dags/example_skip_dag.py
[2025-06-23T06:25:47.549+0000] {logging_mixin.py:190} INFO - [2025-06-23T06:25:47.547+0000] {dag.py:3239} INFO - Sync 1 DAGs
[2025-06-23T06:25:47.583+0000] {logging_mixin.py:190} INFO - [2025-06-23T06:25:47.583+0000] {dag.py:4180} INFO - Setting next_dagrun for example_skip_dag to 2025-06-22 00:00:00+00:00, run_after=2025-06-23 00:00:00+00:00
[2025-06-23T06:25:47.594+0000] {processor.py:208} INFO - Processing /home/airflow/.local/lib/python3.12/site-packages/airflow/example_dags/example_skip_dag.py took 0.100 seconds
[2025-06-23T06:27:11.938+0000] {processor.py:186} INFO - Started process (PID=30338) to work on /home/airflow/.local/lib/python3.12/site-packages/airflow/example_dags/example_skip_dag.py
[2025-06-23T06:27:11.938+0000] {processor.py:914} INFO - Processing file /home/airflow/.local/lib/python3.12/site-packages/airflow/example_dags/example_skip_dag.py for tasks to queue
[2025-06-23T06:27:11.940+0000] {logging_mixin.py:190} INFO - [2025-06-23T06:27:11.940+0000] {dagbag.py:588} INFO - Filling up the DagBag from /home/airflow/.local/lib/python3.12/site-packages/airflow/example_dags/example_skip_dag.py
[2025-06-23T06:27:11.944+0000] {processor.py:925} INFO - DAG(s) 'example_skip_dag' retrieved from /home/airflow/.local/lib/python3.12/site-packages/airflow/example_dags/example_skip_dag.py
[2025-06-23T06:27:11.953+0000] {logging_mixin.py:190} INFO - [2025-06-23T06:27:11.953+0000] {dag.py:3239} INFO - Sync 1 DAGs
[2025-06-23T06:27:11.964+0000] {logging_mixin.py:190} INFO - [2025-06-23T06:27:11.964+0000] {dag.py:4180} INFO - Setting next_dagrun for example_skip_dag to 2025-06-22 00:00:00+00:00, run_after=2025-06-23 00:00:00+00:00
[2025-06-23T06:27:11.972+0000] {processor.py:208} INFO - Processing /home/airflow/.local/lib/python3.12/site-packages/airflow/example_dags/example_skip_dag.py took 0.036 seconds
[2025-06-23T06:34:08.068+0000] {processor.py:186} INFO - Started process (PID=30416) to work on /home/airflow/.local/lib/python3.12/site-packages/airflow/example_dags/example_skip_dag.py
[2025-06-23T06:34:08.069+0000] {processor.py:914} INFO - Processing file /home/airflow/.local/lib/python3.12/site-packages/airflow/example_dags/example_skip_dag.py for tasks to queue
[2025-06-23T06:34:08.069+0000] {logging_mixin.py:190} INFO - [2025-06-23T06:34:08.069+0000] {dagbag.py:588} INFO - Filling up the DagBag from /home/airflow/.local/lib/python3.12/site-packages/airflow/example_dags/example_skip_dag.py
[2025-06-23T06:34:08.074+0000] {processor.py:925} INFO - DAG(s) 'example_skip_dag' retrieved from /home/airflow/.local/lib/python3.12/site-packages/airflow/example_dags/example_skip_dag.py
[2025-06-23T06:34:08.086+0000] {logging_mixin.py:190} INFO - [2025-06-23T06:34:08.086+0000] {dag.py:3239} INFO - Sync 1 DAGs
[2025-06-23T06:34:08.095+0000] {logging_mixin.py:190} INFO - [2025-06-23T06:34:08.095+0000] {dag.py:4180} INFO - Setting next_dagrun for example_skip_dag to 2025-06-22 00:00:00+00:00, run_after=2025-06-23 00:00:00+00:00
[2025-06-23T06:34:08.104+0000] {processor.py:208} INFO - Processing /home/airflow/.local/lib/python3.12/site-packages/airflow/example_dags/example_skip_dag.py took 0.040 seconds
[2025-06-23T06:35:37.154+0000] {processor.py:186} INFO - Started process (PID=30494) to work on /home/airflow/.local/lib/python3.12/site-packages/airflow/example_dags/example_skip_dag.py
[2025-06-23T06:35:37.154+0000] {processor.py:914} INFO - Processing file /home/airflow/.local/lib/python3.12/site-packages/airflow/example_dags/example_skip_dag.py for tasks to queue
[2025-06-23T06:35:37.155+0000] {logging_mixin.py:190} INFO - [2025-06-23T06:35:37.155+0000] {dagbag.py:588} INFO - Filling up the DagBag from /home/airflow/.local/lib/python3.12/site-packages/airflow/example_dags/example_skip_dag.py
[2025-06-23T06:35:37.159+0000] {processor.py:925} INFO - DAG(s) 'example_skip_dag' retrieved from /home/airflow/.local/lib/python3.12/site-packages/airflow/example_dags/example_skip_dag.py
[2025-06-23T06:35:37.168+0000] {logging_mixin.py:190} INFO - [2025-06-23T06:35:37.168+0000] {dag.py:3239} INFO - Sync 1 DAGs
[2025-06-23T06:35:37.177+0000] {logging_mixin.py:190} INFO - [2025-06-23T06:35:37.177+0000] {dag.py:4180} INFO - Setting next_dagrun for example_skip_dag to 2025-06-22 00:00:00+00:00, run_after=2025-06-23 00:00:00+00:00
[2025-06-23T06:35:37.184+0000] {processor.py:208} INFO - Processing /home/airflow/.local/lib/python3.12/site-packages/airflow/example_dags/example_skip_dag.py took 0.033 seconds
[2025-06-23T06:36:36.407+0000] {processor.py:186} INFO - Started process (PID=30572) to work on /home/airflow/.local/lib/python3.12/site-packages/airflow/example_dags/example_skip_dag.py
[2025-06-23T06:36:36.407+0000] {processor.py:914} INFO - Processing file /home/airflow/.local/lib/python3.12/site-packages/airflow/example_dags/example_skip_dag.py for tasks to queue
[2025-06-23T06:36:36.408+0000] {logging_mixin.py:190} INFO - [2025-06-23T06:36:36.408+0000] {dagbag.py:588} INFO - Filling up the DagBag from /home/airflow/.local/lib/python3.12/site-packages/airflow/example_dags/example_skip_dag.py
[2025-06-23T06:36:36.412+0000] {processor.py:925} INFO - DAG(s) 'example_skip_dag' retrieved from /home/airflow/.local/lib/python3.12/site-packages/airflow/example_dags/example_skip_dag.py
[2025-06-23T06:36:36.421+0000] {logging_mixin.py:190} INFO - [2025-06-23T06:36:36.421+0000] {dag.py:3239} INFO - Sync 1 DAGs
[2025-06-23T06:36:36.429+0000] {logging_mixin.py:190} INFO - [2025-06-23T06:36:36.429+0000] {dag.py:4180} INFO - Setting next_dagrun for example_skip_dag to 2025-06-22 00:00:00+00:00, run_after=2025-06-23 00:00:00+00:00
[2025-06-23T06:36:36.438+0000] {processor.py:208} INFO - Processing /home/airflow/.local/lib/python3.12/site-packages/airflow/example_dags/example_skip_dag.py took 0.034 seconds
[2025-06-23T07:13:28.999+0000] {processor.py:186} INFO - Started process (PID=30650) to work on /home/airflow/.local/lib/python3.12/site-packages/airflow/example_dags/example_skip_dag.py
[2025-06-23T07:13:29.000+0000] {processor.py:914} INFO - Processing file /home/airflow/.local/lib/python3.12/site-packages/airflow/example_dags/example_skip_dag.py for tasks to queue
[2025-06-23T07:13:29.003+0000] {logging_mixin.py:190} INFO - [2025-06-23T07:13:29.002+0000] {dagbag.py:588} INFO - Filling up the DagBag from /home/airflow/.local/lib/python3.12/site-packages/airflow/example_dags/example_skip_dag.py
[2025-06-23T07:13:29.007+0000] {processor.py:925} INFO - DAG(s) 'example_skip_dag' retrieved from /home/airflow/.local/lib/python3.12/site-packages/airflow/example_dags/example_skip_dag.py
[2025-06-23T07:13:29.017+0000] {logging_mixin.py:190} INFO - [2025-06-23T07:13:29.017+0000] {dag.py:3239} INFO - Sync 1 DAGs
[2025-06-23T07:13:29.028+0000] {logging_mixin.py:190} INFO - [2025-06-23T07:13:29.028+0000] {dag.py:4180} INFO - Setting next_dagrun for example_skip_dag to 2025-06-22 00:00:00+00:00, run_after=2025-06-23 00:00:00+00:00
[2025-06-23T07:13:29.036+0000] {processor.py:208} INFO - Processing /home/airflow/.local/lib/python3.12/site-packages/airflow/example_dags/example_skip_dag.py took 0.042 seconds
