[2025-06-23T00:35:49.709+0000] {processor.py:186} INFO - Started process (PID=28571) to work on /home/airflow/.local/lib/python3.12/site-packages/airflow/example_dags/example_external_task_marker_dag.py
[2025-06-23T00:35:49.710+0000] {processor.py:914} INFO - Processing file /home/airflow/.local/lib/python3.12/site-packages/airflow/example_dags/example_external_task_marker_dag.py for tasks to queue
[2025-06-23T00:35:49.710+0000] {logging_mixin.py:190} INFO - [2025-06-23T00:35:49.710+0000] {dagbag.py:588} INFO - Filling up the DagBag from /home/airflow/.local/lib/python3.12/site-packages/airflow/example_dags/example_external_task_marker_dag.py
[2025-06-23T00:35:49.715+0000] {processor.py:925} INFO - DAG(s) 'example_external_task_marker_parent', 'example_external_task_marker_child' retrieved from /home/airflow/.local/lib/python3.12/site-packages/airflow/example_dags/example_external_task_marker_dag.py
[2025-06-23T00:35:49.728+0000] {logging_mixin.py:190} INFO - [2025-06-23T00:35:49.727+0000] {dag.py:3239} INFO - Sync 2 DAGs
[2025-06-23T00:35:49.734+0000] {logging_mixin.py:190} INFO - [2025-06-23T00:35:49.734+0000] {dag.py:4180} INFO - Setting next_dagrun for example_external_task_marker_child to None, run_after=None
[2025-06-23T00:35:49.737+0000] {logging_mixin.py:190} INFO - [2025-06-23T00:35:49.737+0000] {dag.py:4180} INFO - Setting next_dagrun for example_external_task_marker_parent to None, run_after=None
[2025-06-23T00:35:49.748+0000] {processor.py:208} INFO - Processing /home/airflow/.local/lib/python3.12/site-packages/airflow/example_dags/example_external_task_marker_dag.py took 0.040 seconds
[2025-06-23T01:36:41.371+0000] {processor.py:186} INFO - Started process (PID=28649) to work on /home/airflow/.local/lib/python3.12/site-packages/airflow/example_dags/example_external_task_marker_dag.py
[2025-06-23T01:36:41.372+0000] {processor.py:914} INFO - Processing file /home/airflow/.local/lib/python3.12/site-packages/airflow/example_dags/example_external_task_marker_dag.py for tasks to queue
[2025-06-23T01:36:41.372+0000] {logging_mixin.py:190} INFO - [2025-06-23T01:36:41.372+0000] {dagbag.py:588} INFO - Filling up the DagBag from /home/airflow/.local/lib/python3.12/site-packages/airflow/example_dags/example_external_task_marker_dag.py
[2025-06-23T01:36:41.376+0000] {processor.py:925} INFO - DAG(s) 'example_external_task_marker_child', 'example_external_task_marker_parent' retrieved from /home/airflow/.local/lib/python3.12/site-packages/airflow/example_dags/example_external_task_marker_dag.py
[2025-06-23T01:36:41.386+0000] {logging_mixin.py:190} INFO - [2025-06-23T01:36:41.385+0000] {dag.py:3239} INFO - Sync 2 DAGs
[2025-06-23T01:36:41.393+0000] {logging_mixin.py:190} INFO - [2025-06-23T01:36:41.393+0000] {dag.py:4180} INFO - Setting next_dagrun for example_external_task_marker_child to None, run_after=None
[2025-06-23T01:36:41.394+0000] {logging_mixin.py:190} INFO - [2025-06-23T01:36:41.394+0000] {dag.py:4180} INFO - Setting next_dagrun for example_external_task_marker_parent to None, run_after=None
[2025-06-23T01:36:41.403+0000] {processor.py:208} INFO - Processing /home/airflow/.local/lib/python3.12/site-packages/airflow/example_dags/example_external_task_marker_dag.py took 0.034 seconds
[2025-06-23T01:37:11.495+0000] {processor.py:186} INFO - Started process (PID=28727) to work on /home/airflow/.local/lib/python3.12/site-packages/airflow/example_dags/example_external_task_marker_dag.py
[2025-06-23T01:37:11.496+0000] {processor.py:914} INFO - Processing file /home/airflow/.local/lib/python3.12/site-packages/airflow/example_dags/example_external_task_marker_dag.py for tasks to queue
[2025-06-23T01:37:11.497+0000] {logging_mixin.py:190} INFO - [2025-06-23T01:37:11.497+0000] {dagbag.py:588} INFO - Filling up the DagBag from /home/airflow/.local/lib/python3.12/site-packages/airflow/example_dags/example_external_task_marker_dag.py
[2025-06-23T01:37:11.503+0000] {processor.py:925} INFO - DAG(s) 'example_external_task_marker_parent', 'example_external_task_marker_child' retrieved from /home/airflow/.local/lib/python3.12/site-packages/airflow/example_dags/example_external_task_marker_dag.py
[2025-06-23T01:37:11.517+0000] {logging_mixin.py:190} INFO - [2025-06-23T01:37:11.516+0000] {dag.py:3239} INFO - Sync 2 DAGs
[2025-06-23T01:37:11.525+0000] {logging_mixin.py:190} INFO - [2025-06-23T01:37:11.525+0000] {dag.py:4180} INFO - Setting next_dagrun for example_external_task_marker_child to None, run_after=None
[2025-06-23T01:37:11.529+0000] {logging_mixin.py:190} INFO - [2025-06-23T01:37:11.529+0000] {dag.py:4180} INFO - Setting next_dagrun for example_external_task_marker_parent to None, run_after=None
[2025-06-23T01:37:11.537+0000] {processor.py:208} INFO - Processing /home/airflow/.local/lib/python3.12/site-packages/airflow/example_dags/example_external_task_marker_dag.py took 0.047 seconds
[2025-06-23T02:28:28.687+0000] {processor.py:186} INFO - Started process (PID=28805) to work on /home/airflow/.local/lib/python3.12/site-packages/airflow/example_dags/example_external_task_marker_dag.py
[2025-06-23T02:28:28.690+0000] {processor.py:914} INFO - Processing file /home/airflow/.local/lib/python3.12/site-packages/airflow/example_dags/example_external_task_marker_dag.py for tasks to queue
[2025-06-23T02:28:28.691+0000] {logging_mixin.py:190} INFO - [2025-06-23T02:28:28.690+0000] {dagbag.py:588} INFO - Filling up the DagBag from /home/airflow/.local/lib/python3.12/site-packages/airflow/example_dags/example_external_task_marker_dag.py
[2025-06-23T02:28:28.695+0000] {processor.py:925} INFO - DAG(s) 'example_external_task_marker_parent', 'example_external_task_marker_child' retrieved from /home/airflow/.local/lib/python3.12/site-packages/airflow/example_dags/example_external_task_marker_dag.py
[2025-06-23T02:28:28.708+0000] {logging_mixin.py:190} INFO - [2025-06-23T02:28:28.708+0000] {dag.py:3239} INFO - Sync 2 DAGs
[2025-06-23T02:28:28.716+0000] {logging_mixin.py:190} INFO - [2025-06-23T02:28:28.716+0000] {dag.py:4180} INFO - Setting next_dagrun for example_external_task_marker_child to None, run_after=None
[2025-06-23T02:28:28.718+0000] {logging_mixin.py:190} INFO - [2025-06-23T02:28:28.718+0000] {dag.py:4180} INFO - Setting next_dagrun for example_external_task_marker_parent to None, run_after=None
[2025-06-23T02:28:28.724+0000] {processor.py:208} INFO - Processing /home/airflow/.local/lib/python3.12/site-packages/airflow/example_dags/example_external_task_marker_dag.py took 0.040 seconds
[2025-06-23T02:38:08.866+0000] {processor.py:186} INFO - Started process (PID=28883) to work on /home/airflow/.local/lib/python3.12/site-packages/airflow/example_dags/example_external_task_marker_dag.py
[2025-06-23T02:38:08.867+0000] {processor.py:914} INFO - Processing file /home/airflow/.local/lib/python3.12/site-packages/airflow/example_dags/example_external_task_marker_dag.py for tasks to queue
[2025-06-23T02:38:08.867+0000] {logging_mixin.py:190} INFO - [2025-06-23T02:38:08.867+0000] {dagbag.py:588} INFO - Filling up the DagBag from /home/airflow/.local/lib/python3.12/site-packages/airflow/example_dags/example_external_task_marker_dag.py
[2025-06-23T02:38:08.873+0000] {processor.py:925} INFO - DAG(s) 'example_external_task_marker_parent', 'example_external_task_marker_child' retrieved from /home/airflow/.local/lib/python3.12/site-packages/airflow/example_dags/example_external_task_marker_dag.py
[2025-06-23T02:38:08.889+0000] {logging_mixin.py:190} INFO - [2025-06-23T02:38:08.889+0000] {dag.py:3239} INFO - Sync 2 DAGs
[2025-06-23T02:38:08.896+0000] {logging_mixin.py:190} INFO - [2025-06-23T02:38:08.896+0000] {dag.py:4180} INFO - Setting next_dagrun for example_external_task_marker_child to None, run_after=None
[2025-06-23T02:38:08.898+0000] {logging_mixin.py:190} INFO - [2025-06-23T02:38:08.898+0000] {dag.py:4180} INFO - Setting next_dagrun for example_external_task_marker_parent to None, run_after=None
[2025-06-23T02:38:08.909+0000] {processor.py:208} INFO - Processing /home/airflow/.local/lib/python3.12/site-packages/airflow/example_dags/example_external_task_marker_dag.py took 0.046 seconds
[2025-06-23T03:10:45.650+0000] {processor.py:186} INFO - Started process (PID=28961) to work on /home/airflow/.local/lib/python3.12/site-packages/airflow/example_dags/example_external_task_marker_dag.py
[2025-06-23T03:10:45.652+0000] {processor.py:914} INFO - Processing file /home/airflow/.local/lib/python3.12/site-packages/airflow/example_dags/example_external_task_marker_dag.py for tasks to queue
[2025-06-23T03:10:45.653+0000] {logging_mixin.py:190} INFO - [2025-06-23T03:10:45.653+0000] {dagbag.py:588} INFO - Filling up the DagBag from /home/airflow/.local/lib/python3.12/site-packages/airflow/example_dags/example_external_task_marker_dag.py
[2025-06-23T03:10:45.658+0000] {processor.py:925} INFO - DAG(s) 'example_external_task_marker_parent', 'example_external_task_marker_child' retrieved from /home/airflow/.local/lib/python3.12/site-packages/airflow/example_dags/example_external_task_marker_dag.py
[2025-06-23T03:10:45.677+0000] {logging_mixin.py:190} INFO - [2025-06-23T03:10:45.677+0000] {dag.py:3239} INFO - Sync 2 DAGs
[2025-06-23T03:10:45.688+0000] {logging_mixin.py:190} INFO - [2025-06-23T03:10:45.688+0000] {dag.py:4180} INFO - Setting next_dagrun for example_external_task_marker_child to None, run_after=None
[2025-06-23T03:10:45.690+0000] {logging_mixin.py:190} INFO - [2025-06-23T03:10:45.690+0000] {dag.py:4180} INFO - Setting next_dagrun for example_external_task_marker_parent to None, run_after=None
[2025-06-23T03:10:45.704+0000] {processor.py:208} INFO - Processing /home/airflow/.local/lib/python3.12/site-packages/airflow/example_dags/example_external_task_marker_dag.py took 0.058 seconds
[2025-06-23T03:38:54.236+0000] {processor.py:186} INFO - Started process (PID=29039) to work on /home/airflow/.local/lib/python3.12/site-packages/airflow/example_dags/example_external_task_marker_dag.py
[2025-06-23T03:38:54.236+0000] {processor.py:914} INFO - Processing file /home/airflow/.local/lib/python3.12/site-packages/airflow/example_dags/example_external_task_marker_dag.py for tasks to queue
[2025-06-23T03:38:54.237+0000] {logging_mixin.py:190} INFO - [2025-06-23T03:38:54.237+0000] {dagbag.py:588} INFO - Filling up the DagBag from /home/airflow/.local/lib/python3.12/site-packages/airflow/example_dags/example_external_task_marker_dag.py
[2025-06-23T03:38:54.241+0000] {processor.py:925} INFO - DAG(s) 'example_external_task_marker_child', 'example_external_task_marker_parent' retrieved from /home/airflow/.local/lib/python3.12/site-packages/airflow/example_dags/example_external_task_marker_dag.py
[2025-06-23T03:38:54.254+0000] {logging_mixin.py:190} INFO - [2025-06-23T03:38:54.254+0000] {dag.py:3239} INFO - Sync 2 DAGs
[2025-06-23T03:38:54.260+0000] {logging_mixin.py:190} INFO - [2025-06-23T03:38:54.260+0000] {dag.py:4180} INFO - Setting next_dagrun for example_external_task_marker_child to None, run_after=None
[2025-06-23T03:38:54.261+0000] {logging_mixin.py:190} INFO - [2025-06-23T03:38:54.261+0000] {dag.py:4180} INFO - Setting next_dagrun for example_external_task_marker_parent to None, run_after=None
[2025-06-23T03:38:54.270+0000] {processor.py:208} INFO - Processing /home/airflow/.local/lib/python3.12/site-packages/airflow/example_dags/example_external_task_marker_dag.py took 0.037 seconds
[2025-06-23T04:39:46.662+0000] {processor.py:186} INFO - Started process (PID=29117) to work on /home/airflow/.local/lib/python3.12/site-packages/airflow/example_dags/example_external_task_marker_dag.py
[2025-06-23T04:39:46.664+0000] {processor.py:914} INFO - Processing file /home/airflow/.local/lib/python3.12/site-packages/airflow/example_dags/example_external_task_marker_dag.py for tasks to queue
[2025-06-23T04:39:46.665+0000] {logging_mixin.py:190} INFO - [2025-06-23T04:39:46.665+0000] {dagbag.py:588} INFO - Filling up the DagBag from /home/airflow/.local/lib/python3.12/site-packages/airflow/example_dags/example_external_task_marker_dag.py
[2025-06-23T04:39:46.669+0000] {processor.py:925} INFO - DAG(s) 'example_external_task_marker_child', 'example_external_task_marker_parent' retrieved from /home/airflow/.local/lib/python3.12/site-packages/airflow/example_dags/example_external_task_marker_dag.py
[2025-06-23T04:39:46.679+0000] {logging_mixin.py:190} INFO - [2025-06-23T04:39:46.679+0000] {dag.py:3239} INFO - Sync 2 DAGs
[2025-06-23T04:39:46.687+0000] {logging_mixin.py:190} INFO - [2025-06-23T04:39:46.686+0000] {dag.py:4180} INFO - Setting next_dagrun for example_external_task_marker_child to None, run_after=None
[2025-06-23T04:39:46.688+0000] {logging_mixin.py:190} INFO - [2025-06-23T04:39:46.688+0000] {dag.py:4180} INFO - Setting next_dagrun for example_external_task_marker_parent to None, run_after=None
[2025-06-23T04:39:46.694+0000] {processor.py:208} INFO - Processing /home/airflow/.local/lib/python3.12/site-packages/airflow/example_dags/example_external_task_marker_dag.py took 0.034 seconds
[2025-06-23T05:32:39.376+0000] {processor.py:186} INFO - Started process (PID=29195) to work on /home/airflow/.local/lib/python3.12/site-packages/airflow/example_dags/example_external_task_marker_dag.py
[2025-06-23T05:32:39.378+0000] {processor.py:914} INFO - Processing file /home/airflow/.local/lib/python3.12/site-packages/airflow/example_dags/example_external_task_marker_dag.py for tasks to queue
[2025-06-23T05:32:39.382+0000] {logging_mixin.py:190} INFO - [2025-06-23T05:32:39.381+0000] {dagbag.py:588} INFO - Filling up the DagBag from /home/airflow/.local/lib/python3.12/site-packages/airflow/example_dags/example_external_task_marker_dag.py
[2025-06-23T05:32:39.387+0000] {processor.py:925} INFO - DAG(s) 'example_external_task_marker_parent', 'example_external_task_marker_child' retrieved from /home/airflow/.local/lib/python3.12/site-packages/airflow/example_dags/example_external_task_marker_dag.py
[2025-06-23T05:32:39.403+0000] {logging_mixin.py:190} INFO - [2025-06-23T05:32:39.403+0000] {dag.py:3239} INFO - Sync 2 DAGs
[2025-06-23T05:32:39.416+0000] {logging_mixin.py:190} INFO - [2025-06-23T05:32:39.416+0000] {dag.py:4180} INFO - Setting next_dagrun for example_external_task_marker_child to None, run_after=None
[2025-06-23T05:32:39.418+0000] {logging_mixin.py:190} INFO - [2025-06-23T05:32:39.418+0000] {dag.py:4180} INFO - Setting next_dagrun for example_external_task_marker_parent to None, run_after=None
[2025-06-23T05:32:39.429+0000] {processor.py:208} INFO - Processing /home/airflow/.local/lib/python3.12/site-packages/airflow/example_dags/example_external_task_marker_dag.py took 0.060 seconds
[2025-06-23T05:33:09.482+0000] {processor.py:186} INFO - Started process (PID=29273) to work on /home/airflow/.local/lib/python3.12/site-packages/airflow/example_dags/example_external_task_marker_dag.py
[2025-06-23T05:33:09.483+0000] {processor.py:914} INFO - Processing file /home/airflow/.local/lib/python3.12/site-packages/airflow/example_dags/example_external_task_marker_dag.py for tasks to queue
[2025-06-23T05:33:09.483+0000] {logging_mixin.py:190} INFO - [2025-06-23T05:33:09.483+0000] {dagbag.py:588} INFO - Filling up the DagBag from /home/airflow/.local/lib/python3.12/site-packages/airflow/example_dags/example_external_task_marker_dag.py
[2025-06-23T05:33:09.487+0000] {processor.py:925} INFO - DAG(s) 'example_external_task_marker_parent', 'example_external_task_marker_child' retrieved from /home/airflow/.local/lib/python3.12/site-packages/airflow/example_dags/example_external_task_marker_dag.py
[2025-06-23T05:33:09.498+0000] {logging_mixin.py:190} INFO - [2025-06-23T05:33:09.498+0000] {dag.py:3239} INFO - Sync 2 DAGs
[2025-06-23T05:33:09.505+0000] {logging_mixin.py:190} INFO - [2025-06-23T05:33:09.505+0000] {dag.py:4180} INFO - Setting next_dagrun for example_external_task_marker_child to None, run_after=None
[2025-06-23T05:33:09.507+0000] {logging_mixin.py:190} INFO - [2025-06-23T05:33:09.507+0000] {dag.py:4180} INFO - Setting next_dagrun for example_external_task_marker_parent to None, run_after=None
[2025-06-23T05:33:09.514+0000] {processor.py:208} INFO - Processing /home/airflow/.local/lib/python3.12/site-packages/airflow/example_dags/example_external_task_marker_dag.py took 0.035 seconds
[2025-06-23T05:33:39.932+0000] {processor.py:186} INFO - Started process (PID=29351) to work on /home/airflow/.local/lib/python3.12/site-packages/airflow/example_dags/example_external_task_marker_dag.py
[2025-06-23T05:33:39.933+0000] {processor.py:914} INFO - Processing file /home/airflow/.local/lib/python3.12/site-packages/airflow/example_dags/example_external_task_marker_dag.py for tasks to queue
[2025-06-23T05:33:39.933+0000] {logging_mixin.py:190} INFO - [2025-06-23T05:33:39.933+0000] {dagbag.py:588} INFO - Filling up the DagBag from /home/airflow/.local/lib/python3.12/site-packages/airflow/example_dags/example_external_task_marker_dag.py
[2025-06-23T05:33:39.938+0000] {processor.py:925} INFO - DAG(s) 'example_external_task_marker_child', 'example_external_task_marker_parent' retrieved from /home/airflow/.local/lib/python3.12/site-packages/airflow/example_dags/example_external_task_marker_dag.py
[2025-06-23T05:33:39.953+0000] {logging_mixin.py:190} INFO - [2025-06-23T05:33:39.953+0000] {dag.py:3239} INFO - Sync 2 DAGs
[2025-06-23T05:33:39.959+0000] {logging_mixin.py:190} INFO - [2025-06-23T05:33:39.959+0000] {dag.py:4180} INFO - Setting next_dagrun for example_external_task_marker_child to None, run_after=None
[2025-06-23T05:33:39.961+0000] {logging_mixin.py:190} INFO - [2025-06-23T05:33:39.961+0000] {dag.py:4180} INFO - Setting next_dagrun for example_external_task_marker_parent to None, run_after=None
[2025-06-23T05:33:39.973+0000] {processor.py:208} INFO - Processing /home/airflow/.local/lib/python3.12/site-packages/airflow/example_dags/example_external_task_marker_dag.py took 0.043 seconds
[2025-06-23T05:34:13.371+0000] {processor.py:186} INFO - Started process (PID=29429) to work on /home/airflow/.local/lib/python3.12/site-packages/airflow/example_dags/example_external_task_marker_dag.py
[2025-06-23T05:34:13.374+0000] {processor.py:914} INFO - Processing file /home/airflow/.local/lib/python3.12/site-packages/airflow/example_dags/example_external_task_marker_dag.py for tasks to queue
[2025-06-23T05:34:13.379+0000] {logging_mixin.py:190} INFO - [2025-06-23T05:34:13.379+0000] {dagbag.py:588} INFO - Filling up the DagBag from /home/airflow/.local/lib/python3.12/site-packages/airflow/example_dags/example_external_task_marker_dag.py
[2025-06-23T05:34:13.403+0000] {processor.py:925} INFO - DAG(s) 'example_external_task_marker_child', 'example_external_task_marker_parent' retrieved from /home/airflow/.local/lib/python3.12/site-packages/airflow/example_dags/example_external_task_marker_dag.py
[2025-06-23T05:34:13.482+0000] {logging_mixin.py:190} INFO - [2025-06-23T05:34:13.481+0000] {dag.py:3239} INFO - Sync 2 DAGs
[2025-06-23T05:34:13.531+0000] {logging_mixin.py:190} INFO - [2025-06-23T05:34:13.530+0000] {dag.py:4180} INFO - Setting next_dagrun for example_external_task_marker_child to None, run_after=None
[2025-06-23T05:34:13.544+0000] {logging_mixin.py:190} INFO - [2025-06-23T05:34:13.544+0000] {dag.py:4180} INFO - Setting next_dagrun for example_external_task_marker_parent to None, run_after=None
[2025-06-23T05:34:13.630+0000] {processor.py:208} INFO - Processing /home/airflow/.local/lib/python3.12/site-packages/airflow/example_dags/example_external_task_marker_dag.py took 0.272 seconds
[2025-06-23T05:34:45.606+0000] {processor.py:186} INFO - Started process (PID=29507) to work on /home/airflow/.local/lib/python3.12/site-packages/airflow/example_dags/example_external_task_marker_dag.py
[2025-06-23T05:34:45.610+0000] {processor.py:914} INFO - Processing file /home/airflow/.local/lib/python3.12/site-packages/airflow/example_dags/example_external_task_marker_dag.py for tasks to queue
[2025-06-23T05:34:45.613+0000] {logging_mixin.py:190} INFO - [2025-06-23T05:34:45.612+0000] {dagbag.py:588} INFO - Filling up the DagBag from /home/airflow/.local/lib/python3.12/site-packages/airflow/example_dags/example_external_task_marker_dag.py
[2025-06-23T05:34:45.661+0000] {processor.py:925} INFO - DAG(s) 'example_external_task_marker_child', 'example_external_task_marker_parent' retrieved from /home/airflow/.local/lib/python3.12/site-packages/airflow/example_dags/example_external_task_marker_dag.py
[2025-06-23T05:34:45.764+0000] {logging_mixin.py:190} INFO - [2025-06-23T05:34:45.763+0000] {dag.py:3239} INFO - Sync 2 DAGs
[2025-06-23T05:34:45.810+0000] {logging_mixin.py:190} INFO - [2025-06-23T05:34:45.810+0000] {dag.py:4180} INFO - Setting next_dagrun for example_external_task_marker_child to None, run_after=None
[2025-06-23T05:34:45.822+0000] {logging_mixin.py:190} INFO - [2025-06-23T05:34:45.822+0000] {dag.py:4180} INFO - Setting next_dagrun for example_external_task_marker_parent to None, run_after=None
[2025-06-23T05:34:45.917+0000] {processor.py:208} INFO - Processing /home/airflow/.local/lib/python3.12/site-packages/airflow/example_dags/example_external_task_marker_dag.py took 0.342 seconds
[2025-06-23T05:35:18.124+0000] {processor.py:186} INFO - Started process (PID=29585) to work on /home/airflow/.local/lib/python3.12/site-packages/airflow/example_dags/example_external_task_marker_dag.py
[2025-06-23T05:35:18.172+0000] {processor.py:914} INFO - Processing file /home/airflow/.local/lib/python3.12/site-packages/airflow/example_dags/example_external_task_marker_dag.py for tasks to queue
[2025-06-23T05:35:18.182+0000] {logging_mixin.py:190} INFO - [2025-06-23T05:35:18.179+0000] {dagbag.py:588} INFO - Filling up the DagBag from /home/airflow/.local/lib/python3.12/site-packages/airflow/example_dags/example_external_task_marker_dag.py
[2025-06-23T05:35:18.234+0000] {processor.py:925} INFO - DAG(s) 'example_external_task_marker_parent', 'example_external_task_marker_child' retrieved from /home/airflow/.local/lib/python3.12/site-packages/airflow/example_dags/example_external_task_marker_dag.py
[2025-06-23T05:35:18.339+0000] {logging_mixin.py:190} INFO - [2025-06-23T05:35:18.338+0000] {dag.py:3239} INFO - Sync 2 DAGs
[2025-06-23T05:35:18.394+0000] {logging_mixin.py:190} INFO - [2025-06-23T05:35:18.393+0000] {dag.py:4180} INFO - Setting next_dagrun for example_external_task_marker_child to None, run_after=None
[2025-06-23T05:35:18.409+0000] {logging_mixin.py:190} INFO - [2025-06-23T05:35:18.408+0000] {dag.py:4180} INFO - Setting next_dagrun for example_external_task_marker_parent to None, run_after=None
[2025-06-23T05:35:18.461+0000] {processor.py:208} INFO - Processing /home/airflow/.local/lib/python3.12/site-packages/airflow/example_dags/example_external_task_marker_dag.py took 0.356 seconds
[2025-06-23T05:35:49.086+0000] {processor.py:186} INFO - Started process (PID=29663) to work on /home/airflow/.local/lib/python3.12/site-packages/airflow/example_dags/example_external_task_marker_dag.py
[2025-06-23T05:35:49.087+0000] {processor.py:914} INFO - Processing file /home/airflow/.local/lib/python3.12/site-packages/airflow/example_dags/example_external_task_marker_dag.py for tasks to queue
[2025-06-23T05:35:49.088+0000] {logging_mixin.py:190} INFO - [2025-06-23T05:35:49.088+0000] {dagbag.py:588} INFO - Filling up the DagBag from /home/airflow/.local/lib/python3.12/site-packages/airflow/example_dags/example_external_task_marker_dag.py
[2025-06-23T05:35:49.095+0000] {processor.py:925} INFO - DAG(s) 'example_external_task_marker_child', 'example_external_task_marker_parent' retrieved from /home/airflow/.local/lib/python3.12/site-packages/airflow/example_dags/example_external_task_marker_dag.py
[2025-06-23T05:35:49.114+0000] {logging_mixin.py:190} INFO - [2025-06-23T05:35:49.114+0000] {dag.py:3239} INFO - Sync 2 DAGs
[2025-06-23T05:35:49.123+0000] {logging_mixin.py:190} INFO - [2025-06-23T05:35:49.123+0000] {dag.py:4180} INFO - Setting next_dagrun for example_external_task_marker_child to None, run_after=None
[2025-06-23T05:35:49.127+0000] {logging_mixin.py:190} INFO - [2025-06-23T05:35:49.127+0000] {dag.py:4180} INFO - Setting next_dagrun for example_external_task_marker_parent to None, run_after=None
[2025-06-23T05:35:49.137+0000] {processor.py:208} INFO - Processing /home/airflow/.local/lib/python3.12/site-packages/airflow/example_dags/example_external_task_marker_dag.py took 0.055 seconds
[2025-06-23T05:36:19.543+0000] {processor.py:186} INFO - Started process (PID=29741) to work on /home/airflow/.local/lib/python3.12/site-packages/airflow/example_dags/example_external_task_marker_dag.py
[2025-06-23T05:36:19.543+0000] {processor.py:914} INFO - Processing file /home/airflow/.local/lib/python3.12/site-packages/airflow/example_dags/example_external_task_marker_dag.py for tasks to queue
[2025-06-23T05:36:19.544+0000] {logging_mixin.py:190} INFO - [2025-06-23T05:36:19.544+0000] {dagbag.py:588} INFO - Filling up the DagBag from /home/airflow/.local/lib/python3.12/site-packages/airflow/example_dags/example_external_task_marker_dag.py
[2025-06-23T05:36:19.548+0000] {processor.py:925} INFO - DAG(s) 'example_external_task_marker_child', 'example_external_task_marker_parent' retrieved from /home/airflow/.local/lib/python3.12/site-packages/airflow/example_dags/example_external_task_marker_dag.py
[2025-06-23T05:36:19.558+0000] {logging_mixin.py:190} INFO - [2025-06-23T05:36:19.557+0000] {dag.py:3239} INFO - Sync 2 DAGs
[2025-06-23T05:36:19.563+0000] {logging_mixin.py:190} INFO - [2025-06-23T05:36:19.563+0000] {dag.py:4180} INFO - Setting next_dagrun for example_external_task_marker_child to None, run_after=None
[2025-06-23T05:36:19.565+0000] {logging_mixin.py:190} INFO - [2025-06-23T05:36:19.565+0000] {dag.py:4180} INFO - Setting next_dagrun for example_external_task_marker_parent to None, run_after=None
[2025-06-23T05:36:19.570+0000] {processor.py:208} INFO - Processing /home/airflow/.local/lib/python3.12/site-packages/airflow/example_dags/example_external_task_marker_dag.py took 0.030 seconds
[2025-06-23T05:36:49.766+0000] {processor.py:186} INFO - Started process (PID=29819) to work on /home/airflow/.local/lib/python3.12/site-packages/airflow/example_dags/example_external_task_marker_dag.py
[2025-06-23T05:36:49.767+0000] {processor.py:914} INFO - Processing file /home/airflow/.local/lib/python3.12/site-packages/airflow/example_dags/example_external_task_marker_dag.py for tasks to queue
[2025-06-23T05:36:49.767+0000] {logging_mixin.py:190} INFO - [2025-06-23T05:36:49.767+0000] {dagbag.py:588} INFO - Filling up the DagBag from /home/airflow/.local/lib/python3.12/site-packages/airflow/example_dags/example_external_task_marker_dag.py
[2025-06-23T05:36:49.772+0000] {processor.py:925} INFO - DAG(s) 'example_external_task_marker_parent', 'example_external_task_marker_child' retrieved from /home/airflow/.local/lib/python3.12/site-packages/airflow/example_dags/example_external_task_marker_dag.py
[2025-06-23T05:36:49.787+0000] {logging_mixin.py:190} INFO - [2025-06-23T05:36:49.787+0000] {dag.py:3239} INFO - Sync 2 DAGs
[2025-06-23T05:36:49.794+0000] {logging_mixin.py:190} INFO - [2025-06-23T05:36:49.794+0000] {dag.py:4180} INFO - Setting next_dagrun for example_external_task_marker_child to None, run_after=None
[2025-06-23T05:36:49.799+0000] {logging_mixin.py:190} INFO - [2025-06-23T05:36:49.799+0000] {dag.py:4180} INFO - Setting next_dagrun for example_external_task_marker_parent to None, run_after=None
[2025-06-23T05:36:49.806+0000] {processor.py:208} INFO - Processing /home/airflow/.local/lib/python3.12/site-packages/airflow/example_dags/example_external_task_marker_dag.py took 0.043 seconds
[2025-06-23T05:37:20.112+0000] {processor.py:186} INFO - Started process (PID=29897) to work on /home/airflow/.local/lib/python3.12/site-packages/airflow/example_dags/example_external_task_marker_dag.py
[2025-06-23T05:37:20.113+0000] {processor.py:914} INFO - Processing file /home/airflow/.local/lib/python3.12/site-packages/airflow/example_dags/example_external_task_marker_dag.py for tasks to queue
[2025-06-23T05:37:20.115+0000] {logging_mixin.py:190} INFO - [2025-06-23T05:37:20.115+0000] {dagbag.py:588} INFO - Filling up the DagBag from /home/airflow/.local/lib/python3.12/site-packages/airflow/example_dags/example_external_task_marker_dag.py
[2025-06-23T05:37:20.120+0000] {processor.py:925} INFO - DAG(s) 'example_external_task_marker_child', 'example_external_task_marker_parent' retrieved from /home/airflow/.local/lib/python3.12/site-packages/airflow/example_dags/example_external_task_marker_dag.py
[2025-06-23T05:37:20.133+0000] {logging_mixin.py:190} INFO - [2025-06-23T05:37:20.133+0000] {dag.py:3239} INFO - Sync 2 DAGs
[2025-06-23T05:37:20.143+0000] {logging_mixin.py:190} INFO - [2025-06-23T05:37:20.142+0000] {dag.py:4180} INFO - Setting next_dagrun for example_external_task_marker_child to None, run_after=None
[2025-06-23T05:37:20.147+0000] {logging_mixin.py:190} INFO - [2025-06-23T05:37:20.147+0000] {dag.py:4180} INFO - Setting next_dagrun for example_external_task_marker_parent to None, run_after=None
[2025-06-23T05:37:20.158+0000] {processor.py:208} INFO - Processing /home/airflow/.local/lib/python3.12/site-packages/airflow/example_dags/example_external_task_marker_dag.py took 0.050 seconds
[2025-06-23T05:37:51.093+0000] {processor.py:186} INFO - Started process (PID=29975) to work on /home/airflow/.local/lib/python3.12/site-packages/airflow/example_dags/example_external_task_marker_dag.py
[2025-06-23T05:37:51.093+0000] {processor.py:914} INFO - Processing file /home/airflow/.local/lib/python3.12/site-packages/airflow/example_dags/example_external_task_marker_dag.py for tasks to queue
[2025-06-23T05:37:51.094+0000] {logging_mixin.py:190} INFO - [2025-06-23T05:37:51.093+0000] {dagbag.py:588} INFO - Filling up the DagBag from /home/airflow/.local/lib/python3.12/site-packages/airflow/example_dags/example_external_task_marker_dag.py
[2025-06-23T05:37:51.097+0000] {processor.py:925} INFO - DAG(s) 'example_external_task_marker_parent', 'example_external_task_marker_child' retrieved from /home/airflow/.local/lib/python3.12/site-packages/airflow/example_dags/example_external_task_marker_dag.py
[2025-06-23T05:37:51.108+0000] {logging_mixin.py:190} INFO - [2025-06-23T05:37:51.108+0000] {dag.py:3239} INFO - Sync 2 DAGs
[2025-06-23T05:37:51.114+0000] {logging_mixin.py:190} INFO - [2025-06-23T05:37:51.114+0000] {dag.py:4180} INFO - Setting next_dagrun for example_external_task_marker_child to None, run_after=None
[2025-06-23T05:37:51.116+0000] {logging_mixin.py:190} INFO - [2025-06-23T05:37:51.116+0000] {dag.py:4180} INFO - Setting next_dagrun for example_external_task_marker_parent to None, run_after=None
[2025-06-23T05:37:51.121+0000] {processor.py:208} INFO - Processing /home/airflow/.local/lib/python3.12/site-packages/airflow/example_dags/example_external_task_marker_dag.py took 0.031 seconds
[2025-06-23T05:38:21.757+0000] {processor.py:186} INFO - Started process (PID=30053) to work on /home/airflow/.local/lib/python3.12/site-packages/airflow/example_dags/example_external_task_marker_dag.py
[2025-06-23T05:38:21.760+0000] {processor.py:914} INFO - Processing file /home/airflow/.local/lib/python3.12/site-packages/airflow/example_dags/example_external_task_marker_dag.py for tasks to queue
[2025-06-23T05:38:21.762+0000] {logging_mixin.py:190} INFO - [2025-06-23T05:38:21.761+0000] {dagbag.py:588} INFO - Filling up the DagBag from /home/airflow/.local/lib/python3.12/site-packages/airflow/example_dags/example_external_task_marker_dag.py
[2025-06-23T05:38:21.768+0000] {processor.py:925} INFO - DAG(s) 'example_external_task_marker_child', 'example_external_task_marker_parent' retrieved from /home/airflow/.local/lib/python3.12/site-packages/airflow/example_dags/example_external_task_marker_dag.py
[2025-06-23T05:38:21.784+0000] {logging_mixin.py:190} INFO - [2025-06-23T05:38:21.784+0000] {dag.py:3239} INFO - Sync 2 DAGs
[2025-06-23T05:38:21.795+0000] {logging_mixin.py:190} INFO - [2025-06-23T05:38:21.795+0000] {dag.py:4180} INFO - Setting next_dagrun for example_external_task_marker_child to None, run_after=None
[2025-06-23T05:38:21.799+0000] {logging_mixin.py:190} INFO - [2025-06-23T05:38:21.799+0000] {dag.py:4180} INFO - Setting next_dagrun for example_external_task_marker_parent to None, run_after=None
[2025-06-23T05:38:21.813+0000] {processor.py:208} INFO - Processing /home/airflow/.local/lib/python3.12/site-packages/airflow/example_dags/example_external_task_marker_dag.py took 0.061 seconds
[2025-06-23T05:38:52.787+0000] {processor.py:186} INFO - Started process (PID=30131) to work on /home/airflow/.local/lib/python3.12/site-packages/airflow/example_dags/example_external_task_marker_dag.py
[2025-06-23T05:38:52.787+0000] {processor.py:914} INFO - Processing file /home/airflow/.local/lib/python3.12/site-packages/airflow/example_dags/example_external_task_marker_dag.py for tasks to queue
[2025-06-23T05:38:52.788+0000] {logging_mixin.py:190} INFO - [2025-06-23T05:38:52.788+0000] {dagbag.py:588} INFO - Filling up the DagBag from /home/airflow/.local/lib/python3.12/site-packages/airflow/example_dags/example_external_task_marker_dag.py
[2025-06-23T05:38:52.793+0000] {processor.py:925} INFO - DAG(s) 'example_external_task_marker_child', 'example_external_task_marker_parent' retrieved from /home/airflow/.local/lib/python3.12/site-packages/airflow/example_dags/example_external_task_marker_dag.py
[2025-06-23T05:38:52.804+0000] {logging_mixin.py:190} INFO - [2025-06-23T05:38:52.804+0000] {dag.py:3239} INFO - Sync 2 DAGs
[2025-06-23T05:38:52.812+0000] {logging_mixin.py:190} INFO - [2025-06-23T05:38:52.812+0000] {dag.py:4180} INFO - Setting next_dagrun for example_external_task_marker_child to None, run_after=None
[2025-06-23T05:38:52.815+0000] {logging_mixin.py:190} INFO - [2025-06-23T05:38:52.815+0000] {dag.py:4180} INFO - Setting next_dagrun for example_external_task_marker_parent to None, run_after=None
[2025-06-23T05:38:52.822+0000] {processor.py:208} INFO - Processing /home/airflow/.local/lib/python3.12/site-packages/airflow/example_dags/example_external_task_marker_dag.py took 0.038 seconds
[2025-06-23T05:39:23.087+0000] {processor.py:186} INFO - Started process (PID=30209) to work on /home/airflow/.local/lib/python3.12/site-packages/airflow/example_dags/example_external_task_marker_dag.py
[2025-06-23T05:39:23.088+0000] {processor.py:914} INFO - Processing file /home/airflow/.local/lib/python3.12/site-packages/airflow/example_dags/example_external_task_marker_dag.py for tasks to queue
[2025-06-23T05:39:23.088+0000] {logging_mixin.py:190} INFO - [2025-06-23T05:39:23.088+0000] {dagbag.py:588} INFO - Filling up the DagBag from /home/airflow/.local/lib/python3.12/site-packages/airflow/example_dags/example_external_task_marker_dag.py
[2025-06-23T05:39:23.092+0000] {processor.py:925} INFO - DAG(s) 'example_external_task_marker_child', 'example_external_task_marker_parent' retrieved from /home/airflow/.local/lib/python3.12/site-packages/airflow/example_dags/example_external_task_marker_dag.py
[2025-06-23T05:39:23.101+0000] {logging_mixin.py:190} INFO - [2025-06-23T05:39:23.101+0000] {dag.py:3239} INFO - Sync 2 DAGs
[2025-06-23T05:39:23.107+0000] {logging_mixin.py:190} INFO - [2025-06-23T05:39:23.107+0000] {dag.py:4180} INFO - Setting next_dagrun for example_external_task_marker_child to None, run_after=None
[2025-06-23T05:39:23.108+0000] {logging_mixin.py:190} INFO - [2025-06-23T05:39:23.108+0000] {dag.py:4180} INFO - Setting next_dagrun for example_external_task_marker_parent to None, run_after=None
[2025-06-23T05:39:23.114+0000] {processor.py:208} INFO - Processing /home/airflow/.local/lib/python3.12/site-packages/airflow/example_dags/example_external_task_marker_dag.py took 0.029 seconds
[2025-06-23T06:25:47.614+0000] {processor.py:186} INFO - Started process (PID=30262) to work on /home/airflow/.local/lib/python3.12/site-packages/airflow/example_dags/example_external_task_marker_dag.py
[2025-06-23T06:25:47.614+0000] {processor.py:914} INFO - Processing file /home/airflow/.local/lib/python3.12/site-packages/airflow/example_dags/example_external_task_marker_dag.py for tasks to queue
[2025-06-23T06:25:47.617+0000] {logging_mixin.py:190} INFO - [2025-06-23T06:25:47.617+0000] {dagbag.py:588} INFO - Filling up the DagBag from /home/airflow/.local/lib/python3.12/site-packages/airflow/example_dags/example_external_task_marker_dag.py
[2025-06-23T06:25:47.622+0000] {processor.py:925} INFO - DAG(s) 'example_external_task_marker_parent', 'example_external_task_marker_child' retrieved from /home/airflow/.local/lib/python3.12/site-packages/airflow/example_dags/example_external_task_marker_dag.py
[2025-06-23T06:25:47.642+0000] {logging_mixin.py:190} INFO - [2025-06-23T06:25:47.642+0000] {dag.py:3239} INFO - Sync 2 DAGs
[2025-06-23T06:25:47.653+0000] {logging_mixin.py:190} INFO - [2025-06-23T06:25:47.653+0000] {dag.py:4180} INFO - Setting next_dagrun for example_external_task_marker_child to None, run_after=None
[2025-06-23T06:25:47.656+0000] {logging_mixin.py:190} INFO - [2025-06-23T06:25:47.656+0000] {dag.py:4180} INFO - Setting next_dagrun for example_external_task_marker_parent to None, run_after=None
[2025-06-23T06:25:47.668+0000] {processor.py:208} INFO - Processing /home/airflow/.local/lib/python3.12/site-packages/airflow/example_dags/example_external_task_marker_dag.py took 0.058 seconds
[2025-06-23T06:27:11.990+0000] {processor.py:186} INFO - Started process (PID=30340) to work on /home/airflow/.local/lib/python3.12/site-packages/airflow/example_dags/example_external_task_marker_dag.py
[2025-06-23T06:27:11.991+0000] {processor.py:914} INFO - Processing file /home/airflow/.local/lib/python3.12/site-packages/airflow/example_dags/example_external_task_marker_dag.py for tasks to queue
[2025-06-23T06:27:11.992+0000] {logging_mixin.py:190} INFO - [2025-06-23T06:27:11.992+0000] {dagbag.py:588} INFO - Filling up the DagBag from /home/airflow/.local/lib/python3.12/site-packages/airflow/example_dags/example_external_task_marker_dag.py
[2025-06-23T06:27:11.997+0000] {processor.py:925} INFO - DAG(s) 'example_external_task_marker_parent', 'example_external_task_marker_child' retrieved from /home/airflow/.local/lib/python3.12/site-packages/airflow/example_dags/example_external_task_marker_dag.py
[2025-06-23T06:27:12.008+0000] {logging_mixin.py:190} INFO - [2025-06-23T06:27:12.008+0000] {dag.py:3239} INFO - Sync 2 DAGs
[2025-06-23T06:27:12.015+0000] {logging_mixin.py:190} INFO - [2025-06-23T06:27:12.015+0000] {dag.py:4180} INFO - Setting next_dagrun for example_external_task_marker_child to None, run_after=None
[2025-06-23T06:27:12.017+0000] {logging_mixin.py:190} INFO - [2025-06-23T06:27:12.017+0000] {dag.py:4180} INFO - Setting next_dagrun for example_external_task_marker_parent to None, run_after=None
[2025-06-23T06:27:12.025+0000] {processor.py:208} INFO - Processing /home/airflow/.local/lib/python3.12/site-packages/airflow/example_dags/example_external_task_marker_dag.py took 0.038 seconds
[2025-06-23T06:34:08.121+0000] {processor.py:186} INFO - Started process (PID=30418) to work on /home/airflow/.local/lib/python3.12/site-packages/airflow/example_dags/example_external_task_marker_dag.py
[2025-06-23T06:34:08.122+0000] {processor.py:914} INFO - Processing file /home/airflow/.local/lib/python3.12/site-packages/airflow/example_dags/example_external_task_marker_dag.py for tasks to queue
[2025-06-23T06:34:08.122+0000] {logging_mixin.py:190} INFO - [2025-06-23T06:34:08.122+0000] {dagbag.py:588} INFO - Filling up the DagBag from /home/airflow/.local/lib/python3.12/site-packages/airflow/example_dags/example_external_task_marker_dag.py
[2025-06-23T06:34:08.126+0000] {processor.py:925} INFO - DAG(s) 'example_external_task_marker_parent', 'example_external_task_marker_child' retrieved from /home/airflow/.local/lib/python3.12/site-packages/airflow/example_dags/example_external_task_marker_dag.py
[2025-06-23T06:34:08.136+0000] {logging_mixin.py:190} INFO - [2025-06-23T06:34:08.136+0000] {dag.py:3239} INFO - Sync 2 DAGs
[2025-06-23T06:34:08.143+0000] {logging_mixin.py:190} INFO - [2025-06-23T06:34:08.143+0000] {dag.py:4180} INFO - Setting next_dagrun for example_external_task_marker_child to None, run_after=None
[2025-06-23T06:34:08.145+0000] {logging_mixin.py:190} INFO - [2025-06-23T06:34:08.145+0000] {dag.py:4180} INFO - Setting next_dagrun for example_external_task_marker_parent to None, run_after=None
[2025-06-23T06:34:08.152+0000] {processor.py:208} INFO - Processing /home/airflow/.local/lib/python3.12/site-packages/airflow/example_dags/example_external_task_marker_dag.py took 0.034 seconds
[2025-06-23T06:35:37.231+0000] {processor.py:186} INFO - Started process (PID=30496) to work on /home/airflow/.local/lib/python3.12/site-packages/airflow/example_dags/example_external_task_marker_dag.py
[2025-06-23T06:35:37.232+0000] {processor.py:914} INFO - Processing file /home/airflow/.local/lib/python3.12/site-packages/airflow/example_dags/example_external_task_marker_dag.py for tasks to queue
[2025-06-23T06:35:37.232+0000] {logging_mixin.py:190} INFO - [2025-06-23T06:35:37.232+0000] {dagbag.py:588} INFO - Filling up the DagBag from /home/airflow/.local/lib/python3.12/site-packages/airflow/example_dags/example_external_task_marker_dag.py
[2025-06-23T06:35:37.238+0000] {processor.py:925} INFO - DAG(s) 'example_external_task_marker_parent', 'example_external_task_marker_child' retrieved from /home/airflow/.local/lib/python3.12/site-packages/airflow/example_dags/example_external_task_marker_dag.py
[2025-06-23T06:35:37.248+0000] {logging_mixin.py:190} INFO - [2025-06-23T06:35:37.247+0000] {dag.py:3239} INFO - Sync 2 DAGs
[2025-06-23T06:35:37.254+0000] {logging_mixin.py:190} INFO - [2025-06-23T06:35:37.254+0000] {dag.py:4180} INFO - Setting next_dagrun for example_external_task_marker_child to None, run_after=None
[2025-06-23T06:35:37.256+0000] {logging_mixin.py:190} INFO - [2025-06-23T06:35:37.256+0000] {dag.py:4180} INFO - Setting next_dagrun for example_external_task_marker_parent to None, run_after=None
[2025-06-23T06:35:37.265+0000] {processor.py:208} INFO - Processing /home/airflow/.local/lib/python3.12/site-packages/airflow/example_dags/example_external_task_marker_dag.py took 0.036 seconds
[2025-06-23T06:36:36.486+0000] {processor.py:186} INFO - Started process (PID=30574) to work on /home/airflow/.local/lib/python3.12/site-packages/airflow/example_dags/example_external_task_marker_dag.py
[2025-06-23T06:36:36.486+0000] {processor.py:914} INFO - Processing file /home/airflow/.local/lib/python3.12/site-packages/airflow/example_dags/example_external_task_marker_dag.py for tasks to queue
[2025-06-23T06:36:36.486+0000] {logging_mixin.py:190} INFO - [2025-06-23T06:36:36.486+0000] {dagbag.py:588} INFO - Filling up the DagBag from /home/airflow/.local/lib/python3.12/site-packages/airflow/example_dags/example_external_task_marker_dag.py
[2025-06-23T06:36:36.490+0000] {processor.py:925} INFO - DAG(s) 'example_external_task_marker_child', 'example_external_task_marker_parent' retrieved from /home/airflow/.local/lib/python3.12/site-packages/airflow/example_dags/example_external_task_marker_dag.py
[2025-06-23T06:36:36.501+0000] {logging_mixin.py:190} INFO - [2025-06-23T06:36:36.501+0000] {dag.py:3239} INFO - Sync 2 DAGs
[2025-06-23T06:36:36.507+0000] {logging_mixin.py:190} INFO - [2025-06-23T06:36:36.507+0000] {dag.py:4180} INFO - Setting next_dagrun for example_external_task_marker_child to None, run_after=None
[2025-06-23T06:36:36.511+0000] {logging_mixin.py:190} INFO - [2025-06-23T06:36:36.511+0000] {dag.py:4180} INFO - Setting next_dagrun for example_external_task_marker_parent to None, run_after=None
[2025-06-23T06:36:36.519+0000] {processor.py:208} INFO - Processing /home/airflow/.local/lib/python3.12/site-packages/airflow/example_dags/example_external_task_marker_dag.py took 0.036 seconds
[2025-06-23T07:13:29.055+0000] {processor.py:186} INFO - Started process (PID=30652) to work on /home/airflow/.local/lib/python3.12/site-packages/airflow/example_dags/example_external_task_marker_dag.py
[2025-06-23T07:13:29.056+0000] {processor.py:914} INFO - Processing file /home/airflow/.local/lib/python3.12/site-packages/airflow/example_dags/example_external_task_marker_dag.py for tasks to queue
[2025-06-23T07:13:29.057+0000] {logging_mixin.py:190} INFO - [2025-06-23T07:13:29.057+0000] {dagbag.py:588} INFO - Filling up the DagBag from /home/airflow/.local/lib/python3.12/site-packages/airflow/example_dags/example_external_task_marker_dag.py
[2025-06-23T07:13:29.062+0000] {processor.py:925} INFO - DAG(s) 'example_external_task_marker_parent', 'example_external_task_marker_child' retrieved from /home/airflow/.local/lib/python3.12/site-packages/airflow/example_dags/example_external_task_marker_dag.py
[2025-06-23T07:13:29.074+0000] {logging_mixin.py:190} INFO - [2025-06-23T07:13:29.073+0000] {dag.py:3239} INFO - Sync 2 DAGs
[2025-06-23T07:13:29.081+0000] {logging_mixin.py:190} INFO - [2025-06-23T07:13:29.080+0000] {dag.py:4180} INFO - Setting next_dagrun for example_external_task_marker_child to None, run_after=None
[2025-06-23T07:13:29.082+0000] {logging_mixin.py:190} INFO - [2025-06-23T07:13:29.082+0000] {dag.py:4180} INFO - Setting next_dagrun for example_external_task_marker_parent to None, run_after=None
[2025-06-23T07:13:29.089+0000] {processor.py:208} INFO - Processing /home/airflow/.local/lib/python3.12/site-packages/airflow/example_dags/example_external_task_marker_dag.py took 0.036 seconds
