[2025-06-23T00:35:50.682+0000] {processor.py:186} INFO - Started process (PID=28590) to work on /home/airflow/.local/lib/python3.12/site-packages/airflow/example_dags/example_latest_only_with_trigger.py
[2025-06-23T00:35:50.683+0000] {processor.py:914} INFO - Processing file /home/airflow/.local/lib/python3.12/site-packages/airflow/example_dags/example_latest_only_with_trigger.py for tasks to queue
[2025-06-23T00:35:50.683+0000] {logging_mixin.py:190} INFO - [2025-06-23T00:35:50.683+0000] {dagbag.py:588} INFO - Filling up the DagBag from /home/airflow/.local/lib/python3.12/site-packages/airflow/example_dags/example_latest_only_with_trigger.py
[2025-06-23T00:35:50.687+0000] {processor.py:925} INFO - DAG(s) 'latest_only_with_trigger' retrieved from /home/airflow/.local/lib/python3.12/site-packages/airflow/example_dags/example_latest_only_with_trigger.py
[2025-06-23T00:35:50.695+0000] {logging_mixin.py:190} INFO - [2025-06-23T00:35:50.695+0000] {dag.py:3239} INFO - Sync 1 DAGs
[2025-06-23T00:35:50.704+0000] {logging_mixin.py:190} INFO - [2025-06-23T00:35:50.704+0000] {dag.py:4180} INFO - Setting next_dagrun for latest_only_with_trigger to 2025-06-22 20:00:00+00:00, run_after=2025-06-23 00:00:00+00:00
[2025-06-23T00:35:50.711+0000] {processor.py:208} INFO - Processing /home/airflow/.local/lib/python3.12/site-packages/airflow/example_dags/example_latest_only_with_trigger.py took 0.031 seconds
[2025-06-23T01:36:42.411+0000] {processor.py:186} INFO - Started process (PID=28668) to work on /home/airflow/.local/lib/python3.12/site-packages/airflow/example_dags/example_latest_only_with_trigger.py
[2025-06-23T01:36:42.411+0000] {processor.py:914} INFO - Processing file /home/airflow/.local/lib/python3.12/site-packages/airflow/example_dags/example_latest_only_with_trigger.py for tasks to queue
[2025-06-23T01:36:42.412+0000] {logging_mixin.py:190} INFO - [2025-06-23T01:36:42.411+0000] {dagbag.py:588} INFO - Filling up the DagBag from /home/airflow/.local/lib/python3.12/site-packages/airflow/example_dags/example_latest_only_with_trigger.py
[2025-06-23T01:36:42.415+0000] {processor.py:925} INFO - DAG(s) 'latest_only_with_trigger' retrieved from /home/airflow/.local/lib/python3.12/site-packages/airflow/example_dags/example_latest_only_with_trigger.py
[2025-06-23T01:36:42.424+0000] {logging_mixin.py:190} INFO - [2025-06-23T01:36:42.424+0000] {dag.py:3239} INFO - Sync 1 DAGs
[2025-06-23T01:36:42.432+0000] {logging_mixin.py:190} INFO - [2025-06-23T01:36:42.432+0000] {dag.py:4180} INFO - Setting next_dagrun for latest_only_with_trigger to 2025-06-22 20:00:00+00:00, run_after=2025-06-23 00:00:00+00:00
[2025-06-23T01:36:42.440+0000] {processor.py:208} INFO - Processing /home/airflow/.local/lib/python3.12/site-packages/airflow/example_dags/example_latest_only_with_trigger.py took 0.032 seconds
[2025-06-23T01:37:12.871+0000] {processor.py:186} INFO - Started process (PID=28745) to work on /home/airflow/.local/lib/python3.12/site-packages/airflow/example_dags/example_latest_only_with_trigger.py
[2025-06-23T01:37:12.875+0000] {processor.py:914} INFO - Processing file /home/airflow/.local/lib/python3.12/site-packages/airflow/example_dags/example_latest_only_with_trigger.py for tasks to queue
[2025-06-23T01:37:12.877+0000] {logging_mixin.py:190} INFO - [2025-06-23T01:37:12.876+0000] {dagbag.py:588} INFO - Filling up the DagBag from /home/airflow/.local/lib/python3.12/site-packages/airflow/example_dags/example_latest_only_with_trigger.py
[2025-06-23T01:37:12.881+0000] {processor.py:925} INFO - DAG(s) 'latest_only_with_trigger' retrieved from /home/airflow/.local/lib/python3.12/site-packages/airflow/example_dags/example_latest_only_with_trigger.py
[2025-06-23T01:37:12.892+0000] {logging_mixin.py:190} INFO - [2025-06-23T01:37:12.892+0000] {dag.py:3239} INFO - Sync 1 DAGs
[2025-06-23T01:37:12.900+0000] {logging_mixin.py:190} INFO - [2025-06-23T01:37:12.900+0000] {dag.py:4180} INFO - Setting next_dagrun for latest_only_with_trigger to 2025-06-22 20:00:00+00:00, run_after=2025-06-23 00:00:00+00:00
[2025-06-23T01:37:12.912+0000] {processor.py:208} INFO - Processing /home/airflow/.local/lib/python3.12/site-packages/airflow/example_dags/example_latest_only_with_trigger.py took 0.044 seconds
[2025-06-23T02:28:29.766+0000] {processor.py:186} INFO - Started process (PID=28824) to work on /home/airflow/.local/lib/python3.12/site-packages/airflow/example_dags/example_latest_only_with_trigger.py
[2025-06-23T02:28:29.766+0000] {processor.py:914} INFO - Processing file /home/airflow/.local/lib/python3.12/site-packages/airflow/example_dags/example_latest_only_with_trigger.py for tasks to queue
[2025-06-23T02:28:29.767+0000] {logging_mixin.py:190} INFO - [2025-06-23T02:28:29.767+0000] {dagbag.py:588} INFO - Filling up the DagBag from /home/airflow/.local/lib/python3.12/site-packages/airflow/example_dags/example_latest_only_with_trigger.py
[2025-06-23T02:28:29.772+0000] {processor.py:925} INFO - DAG(s) 'latest_only_with_trigger' retrieved from /home/airflow/.local/lib/python3.12/site-packages/airflow/example_dags/example_latest_only_with_trigger.py
[2025-06-23T02:28:29.781+0000] {logging_mixin.py:190} INFO - [2025-06-23T02:28:29.781+0000] {dag.py:3239} INFO - Sync 1 DAGs
[2025-06-23T02:28:29.790+0000] {logging_mixin.py:190} INFO - [2025-06-23T02:28:29.790+0000] {dag.py:4180} INFO - Setting next_dagrun for latest_only_with_trigger to 2025-06-22 20:00:00+00:00, run_after=2025-06-23 00:00:00+00:00
[2025-06-23T02:28:29.797+0000] {processor.py:208} INFO - Processing /home/airflow/.local/lib/python3.12/site-packages/airflow/example_dags/example_latest_only_with_trigger.py took 0.034 seconds
[2025-06-23T02:38:09.828+0000] {processor.py:186} INFO - Started process (PID=28902) to work on /home/airflow/.local/lib/python3.12/site-packages/airflow/example_dags/example_latest_only_with_trigger.py
[2025-06-23T02:38:09.829+0000] {processor.py:914} INFO - Processing file /home/airflow/.local/lib/python3.12/site-packages/airflow/example_dags/example_latest_only_with_trigger.py for tasks to queue
[2025-06-23T02:38:09.829+0000] {logging_mixin.py:190} INFO - [2025-06-23T02:38:09.829+0000] {dagbag.py:588} INFO - Filling up the DagBag from /home/airflow/.local/lib/python3.12/site-packages/airflow/example_dags/example_latest_only_with_trigger.py
[2025-06-23T02:38:09.833+0000] {processor.py:925} INFO - DAG(s) 'latest_only_with_trigger' retrieved from /home/airflow/.local/lib/python3.12/site-packages/airflow/example_dags/example_latest_only_with_trigger.py
[2025-06-23T02:38:09.841+0000] {logging_mixin.py:190} INFO - [2025-06-23T02:38:09.841+0000] {dag.py:3239} INFO - Sync 1 DAGs
[2025-06-23T02:38:09.850+0000] {logging_mixin.py:190} INFO - [2025-06-23T02:38:09.850+0000] {dag.py:4180} INFO - Setting next_dagrun for latest_only_with_trigger to 2025-06-22 20:00:00+00:00, run_after=2025-06-23 00:00:00+00:00
[2025-06-23T02:38:09.856+0000] {processor.py:208} INFO - Processing /home/airflow/.local/lib/python3.12/site-packages/airflow/example_dags/example_latest_only_with_trigger.py took 0.031 seconds
[2025-06-23T03:10:46.811+0000] {processor.py:186} INFO - Started process (PID=28980) to work on /home/airflow/.local/lib/python3.12/site-packages/airflow/example_dags/example_latest_only_with_trigger.py
[2025-06-23T03:10:46.812+0000] {processor.py:914} INFO - Processing file /home/airflow/.local/lib/python3.12/site-packages/airflow/example_dags/example_latest_only_with_trigger.py for tasks to queue
[2025-06-23T03:10:46.812+0000] {logging_mixin.py:190} INFO - [2025-06-23T03:10:46.812+0000] {dagbag.py:588} INFO - Filling up the DagBag from /home/airflow/.local/lib/python3.12/site-packages/airflow/example_dags/example_latest_only_with_trigger.py
[2025-06-23T03:10:46.816+0000] {processor.py:925} INFO - DAG(s) 'latest_only_with_trigger' retrieved from /home/airflow/.local/lib/python3.12/site-packages/airflow/example_dags/example_latest_only_with_trigger.py
[2025-06-23T03:10:46.827+0000] {logging_mixin.py:190} INFO - [2025-06-23T03:10:46.827+0000] {dag.py:3239} INFO - Sync 1 DAGs
[2025-06-23T03:10:46.837+0000] {logging_mixin.py:190} INFO - [2025-06-23T03:10:46.837+0000] {dag.py:4180} INFO - Setting next_dagrun for latest_only_with_trigger to 2025-06-22 20:00:00+00:00, run_after=2025-06-23 00:00:00+00:00
[2025-06-23T03:10:46.848+0000] {processor.py:208} INFO - Processing /home/airflow/.local/lib/python3.12/site-packages/airflow/example_dags/example_latest_only_with_trigger.py took 0.039 seconds
[2025-06-23T03:38:55.320+0000] {processor.py:186} INFO - Started process (PID=29058) to work on /home/airflow/.local/lib/python3.12/site-packages/airflow/example_dags/example_latest_only_with_trigger.py
[2025-06-23T03:38:55.321+0000] {processor.py:914} INFO - Processing file /home/airflow/.local/lib/python3.12/site-packages/airflow/example_dags/example_latest_only_with_trigger.py for tasks to queue
[2025-06-23T03:38:55.322+0000] {logging_mixin.py:190} INFO - [2025-06-23T03:38:55.321+0000] {dagbag.py:588} INFO - Filling up the DagBag from /home/airflow/.local/lib/python3.12/site-packages/airflow/example_dags/example_latest_only_with_trigger.py
[2025-06-23T03:38:55.327+0000] {processor.py:925} INFO - DAG(s) 'latest_only_with_trigger' retrieved from /home/airflow/.local/lib/python3.12/site-packages/airflow/example_dags/example_latest_only_with_trigger.py
[2025-06-23T03:38:55.341+0000] {logging_mixin.py:190} INFO - [2025-06-23T03:38:55.341+0000] {dag.py:3239} INFO - Sync 1 DAGs
[2025-06-23T03:38:55.350+0000] {logging_mixin.py:190} INFO - [2025-06-23T03:38:55.350+0000] {dag.py:4180} INFO - Setting next_dagrun for latest_only_with_trigger to 2025-06-22 20:00:00+00:00, run_after=2025-06-23 00:00:00+00:00
[2025-06-23T03:38:55.357+0000] {processor.py:208} INFO - Processing /home/airflow/.local/lib/python3.12/site-packages/airflow/example_dags/example_latest_only_with_trigger.py took 0.039 seconds
[2025-06-23T04:39:47.637+0000] {processor.py:186} INFO - Started process (PID=29136) to work on /home/airflow/.local/lib/python3.12/site-packages/airflow/example_dags/example_latest_only_with_trigger.py
[2025-06-23T04:39:47.638+0000] {processor.py:914} INFO - Processing file /home/airflow/.local/lib/python3.12/site-packages/airflow/example_dags/example_latest_only_with_trigger.py for tasks to queue
[2025-06-23T04:39:47.639+0000] {logging_mixin.py:190} INFO - [2025-06-23T04:39:47.638+0000] {dagbag.py:588} INFO - Filling up the DagBag from /home/airflow/.local/lib/python3.12/site-packages/airflow/example_dags/example_latest_only_with_trigger.py
[2025-06-23T04:39:47.642+0000] {processor.py:925} INFO - DAG(s) 'latest_only_with_trigger' retrieved from /home/airflow/.local/lib/python3.12/site-packages/airflow/example_dags/example_latest_only_with_trigger.py
[2025-06-23T04:39:47.654+0000] {logging_mixin.py:190} INFO - [2025-06-23T04:39:47.654+0000] {dag.py:3239} INFO - Sync 1 DAGs
[2025-06-23T04:39:47.663+0000] {logging_mixin.py:190} INFO - [2025-06-23T04:39:47.663+0000] {dag.py:4180} INFO - Setting next_dagrun for latest_only_with_trigger to 2025-06-23 00:00:00+00:00, run_after=2025-06-23 04:00:00+00:00
[2025-06-23T04:39:47.671+0000] {processor.py:208} INFO - Processing /home/airflow/.local/lib/python3.12/site-packages/airflow/example_dags/example_latest_only_with_trigger.py took 0.037 seconds
[2025-06-23T05:32:41.938+0000] {processor.py:186} INFO - Started process (PID=29214) to work on /home/airflow/.local/lib/python3.12/site-packages/airflow/example_dags/example_latest_only_with_trigger.py
[2025-06-23T05:32:41.939+0000] {processor.py:914} INFO - Processing file /home/airflow/.local/lib/python3.12/site-packages/airflow/example_dags/example_latest_only_with_trigger.py for tasks to queue
[2025-06-23T05:32:41.939+0000] {logging_mixin.py:190} INFO - [2025-06-23T05:32:41.939+0000] {dagbag.py:588} INFO - Filling up the DagBag from /home/airflow/.local/lib/python3.12/site-packages/airflow/example_dags/example_latest_only_with_trigger.py
[2025-06-23T05:32:41.944+0000] {processor.py:925} INFO - DAG(s) 'latest_only_with_trigger' retrieved from /home/airflow/.local/lib/python3.12/site-packages/airflow/example_dags/example_latest_only_with_trigger.py
[2025-06-23T05:32:41.955+0000] {logging_mixin.py:190} INFO - [2025-06-23T05:32:41.954+0000] {dag.py:3239} INFO - Sync 1 DAGs
[2025-06-23T05:32:41.964+0000] {logging_mixin.py:190} INFO - [2025-06-23T05:32:41.964+0000] {dag.py:4180} INFO - Setting next_dagrun for latest_only_with_trigger to 2025-06-23 00:00:00+00:00, run_after=2025-06-23 04:00:00+00:00
[2025-06-23T05:32:41.975+0000] {processor.py:208} INFO - Processing /home/airflow/.local/lib/python3.12/site-packages/airflow/example_dags/example_latest_only_with_trigger.py took 0.040 seconds
[2025-06-23T05:33:12.827+0000] {processor.py:186} INFO - Started process (PID=29292) to work on /home/airflow/.local/lib/python3.12/site-packages/airflow/example_dags/example_latest_only_with_trigger.py
[2025-06-23T05:33:12.828+0000] {processor.py:914} INFO - Processing file /home/airflow/.local/lib/python3.12/site-packages/airflow/example_dags/example_latest_only_with_trigger.py for tasks to queue
[2025-06-23T05:33:12.829+0000] {logging_mixin.py:190} INFO - [2025-06-23T05:33:12.828+0000] {dagbag.py:588} INFO - Filling up the DagBag from /home/airflow/.local/lib/python3.12/site-packages/airflow/example_dags/example_latest_only_with_trigger.py
[2025-06-23T05:33:12.833+0000] {processor.py:925} INFO - DAG(s) 'latest_only_with_trigger' retrieved from /home/airflow/.local/lib/python3.12/site-packages/airflow/example_dags/example_latest_only_with_trigger.py
[2025-06-23T05:33:12.843+0000] {logging_mixin.py:190} INFO - [2025-06-23T05:33:12.843+0000] {dag.py:3239} INFO - Sync 1 DAGs
[2025-06-23T05:33:12.854+0000] {logging_mixin.py:190} INFO - [2025-06-23T05:33:12.854+0000] {dag.py:4180} INFO - Setting next_dagrun for latest_only_with_trigger to 2025-06-23 00:00:00+00:00, run_after=2025-06-23 04:00:00+00:00
[2025-06-23T05:33:12.861+0000] {processor.py:208} INFO - Processing /home/airflow/.local/lib/python3.12/site-packages/airflow/example_dags/example_latest_only_with_trigger.py took 0.037 seconds
[2025-06-23T05:33:44.615+0000] {processor.py:186} INFO - Started process (PID=29370) to work on /home/airflow/.local/lib/python3.12/site-packages/airflow/example_dags/example_latest_only_with_trigger.py
[2025-06-23T05:33:44.616+0000] {processor.py:914} INFO - Processing file /home/airflow/.local/lib/python3.12/site-packages/airflow/example_dags/example_latest_only_with_trigger.py for tasks to queue
[2025-06-23T05:33:44.617+0000] {logging_mixin.py:190} INFO - [2025-06-23T05:33:44.617+0000] {dagbag.py:588} INFO - Filling up the DagBag from /home/airflow/.local/lib/python3.12/site-packages/airflow/example_dags/example_latest_only_with_trigger.py
[2025-06-23T05:33:44.623+0000] {processor.py:925} INFO - DAG(s) 'latest_only_with_trigger' retrieved from /home/airflow/.local/lib/python3.12/site-packages/airflow/example_dags/example_latest_only_with_trigger.py
[2025-06-23T05:33:44.638+0000] {logging_mixin.py:190} INFO - [2025-06-23T05:33:44.638+0000] {dag.py:3239} INFO - Sync 1 DAGs
[2025-06-23T05:33:44.652+0000] {logging_mixin.py:190} INFO - [2025-06-23T05:33:44.652+0000] {dag.py:4180} INFO - Setting next_dagrun for latest_only_with_trigger to 2025-06-23 00:00:00+00:00, run_after=2025-06-23 04:00:00+00:00
[2025-06-23T05:33:44.669+0000] {processor.py:208} INFO - Processing /home/airflow/.local/lib/python3.12/site-packages/airflow/example_dags/example_latest_only_with_trigger.py took 0.058 seconds
[2025-06-23T05:34:26.578+0000] {processor.py:186} INFO - Started process (PID=29448) to work on /home/airflow/.local/lib/python3.12/site-packages/airflow/example_dags/example_latest_only_with_trigger.py
[2025-06-23T05:34:26.600+0000] {processor.py:914} INFO - Processing file /home/airflow/.local/lib/python3.12/site-packages/airflow/example_dags/example_latest_only_with_trigger.py for tasks to queue
[2025-06-23T05:34:26.612+0000] {logging_mixin.py:190} INFO - [2025-06-23T05:34:26.607+0000] {dagbag.py:588} INFO - Filling up the DagBag from /home/airflow/.local/lib/python3.12/site-packages/airflow/example_dags/example_latest_only_with_trigger.py
[2025-06-23T05:34:26.712+0000] {processor.py:925} INFO - DAG(s) 'latest_only_with_trigger' retrieved from /home/airflow/.local/lib/python3.12/site-packages/airflow/example_dags/example_latest_only_with_trigger.py
[2025-06-23T05:34:26.816+0000] {logging_mixin.py:190} INFO - [2025-06-23T05:34:26.815+0000] {dag.py:3239} INFO - Sync 1 DAGs
[2025-06-23T05:34:26.930+0000] {logging_mixin.py:190} INFO - [2025-06-23T05:34:26.929+0000] {dag.py:4180} INFO - Setting next_dagrun for latest_only_with_trigger to 2025-06-23 00:00:00+00:00, run_after=2025-06-23 04:00:00+00:00
[2025-06-23T05:34:27.108+0000] {processor.py:208} INFO - Processing /home/airflow/.local/lib/python3.12/site-packages/airflow/example_dags/example_latest_only_with_trigger.py took 0.595 seconds
[2025-06-23T05:34:58.130+0000] {processor.py:186} INFO - Started process (PID=29525) to work on /home/airflow/.local/lib/python3.12/site-packages/airflow/example_dags/example_latest_only_with_trigger.py
[2025-06-23T05:34:58.135+0000] {processor.py:914} INFO - Processing file /home/airflow/.local/lib/python3.12/site-packages/airflow/example_dags/example_latest_only_with_trigger.py for tasks to queue
[2025-06-23T05:34:58.138+0000] {logging_mixin.py:190} INFO - [2025-06-23T05:34:58.137+0000] {dagbag.py:588} INFO - Filling up the DagBag from /home/airflow/.local/lib/python3.12/site-packages/airflow/example_dags/example_latest_only_with_trigger.py
[2025-06-23T05:34:58.163+0000] {processor.py:925} INFO - DAG(s) 'latest_only_with_trigger' retrieved from /home/airflow/.local/lib/python3.12/site-packages/airflow/example_dags/example_latest_only_with_trigger.py
[2025-06-23T05:34:58.221+0000] {logging_mixin.py:190} INFO - [2025-06-23T05:34:58.220+0000] {dag.py:3239} INFO - Sync 1 DAGs
[2025-06-23T05:34:58.314+0000] {logging_mixin.py:190} INFO - [2025-06-23T05:34:58.313+0000] {dag.py:4180} INFO - Setting next_dagrun for latest_only_with_trigger to 2025-06-23 00:00:00+00:00, run_after=2025-06-23 04:00:00+00:00
[2025-06-23T05:34:58.373+0000] {processor.py:208} INFO - Processing /home/airflow/.local/lib/python3.12/site-packages/airflow/example_dags/example_latest_only_with_trigger.py took 0.278 seconds
[2025-06-23T05:35:28.996+0000] {processor.py:186} INFO - Started process (PID=29603) to work on /home/airflow/.local/lib/python3.12/site-packages/airflow/example_dags/example_latest_only_with_trigger.py
[2025-06-23T05:35:28.996+0000] {processor.py:914} INFO - Processing file /home/airflow/.local/lib/python3.12/site-packages/airflow/example_dags/example_latest_only_with_trigger.py for tasks to queue
[2025-06-23T05:35:28.997+0000] {logging_mixin.py:190} INFO - [2025-06-23T05:35:28.997+0000] {dagbag.py:588} INFO - Filling up the DagBag from /home/airflow/.local/lib/python3.12/site-packages/airflow/example_dags/example_latest_only_with_trigger.py
[2025-06-23T05:35:29.002+0000] {processor.py:925} INFO - DAG(s) 'latest_only_with_trigger' retrieved from /home/airflow/.local/lib/python3.12/site-packages/airflow/example_dags/example_latest_only_with_trigger.py
[2025-06-23T05:35:29.014+0000] {logging_mixin.py:190} INFO - [2025-06-23T05:35:29.014+0000] {dag.py:3239} INFO - Sync 1 DAGs
[2025-06-23T05:35:29.027+0000] {logging_mixin.py:190} INFO - [2025-06-23T05:35:29.027+0000] {dag.py:4180} INFO - Setting next_dagrun for latest_only_with_trigger to 2025-06-23 00:00:00+00:00, run_after=2025-06-23 04:00:00+00:00
[2025-06-23T05:35:29.036+0000] {processor.py:208} INFO - Processing /home/airflow/.local/lib/python3.12/site-packages/airflow/example_dags/example_latest_only_with_trigger.py took 0.045 seconds
[2025-06-23T05:35:59.093+0000] {processor.py:186} INFO - Started process (PID=29680) to work on /home/airflow/.local/lib/python3.12/site-packages/airflow/example_dags/example_latest_only_with_trigger.py
[2025-06-23T05:35:59.101+0000] {processor.py:914} INFO - Processing file /home/airflow/.local/lib/python3.12/site-packages/airflow/example_dags/example_latest_only_with_trigger.py for tasks to queue
[2025-06-23T05:35:59.102+0000] {logging_mixin.py:190} INFO - [2025-06-23T05:35:59.102+0000] {dagbag.py:588} INFO - Filling up the DagBag from /home/airflow/.local/lib/python3.12/site-packages/airflow/example_dags/example_latest_only_with_trigger.py
[2025-06-23T05:35:59.110+0000] {processor.py:925} INFO - DAG(s) 'latest_only_with_trigger' retrieved from /home/airflow/.local/lib/python3.12/site-packages/airflow/example_dags/example_latest_only_with_trigger.py
[2025-06-23T05:35:59.125+0000] {logging_mixin.py:190} INFO - [2025-06-23T05:35:59.125+0000] {dag.py:3239} INFO - Sync 1 DAGs
[2025-06-23T05:35:59.140+0000] {logging_mixin.py:190} INFO - [2025-06-23T05:35:59.140+0000] {dag.py:4180} INFO - Setting next_dagrun for latest_only_with_trigger to 2025-06-23 00:00:00+00:00, run_after=2025-06-23 04:00:00+00:00
[2025-06-23T05:35:59.152+0000] {processor.py:208} INFO - Processing /home/airflow/.local/lib/python3.12/site-packages/airflow/example_dags/example_latest_only_with_trigger.py took 0.065 seconds
[2025-06-23T05:36:29.484+0000] {processor.py:186} INFO - Started process (PID=29758) to work on /home/airflow/.local/lib/python3.12/site-packages/airflow/example_dags/example_latest_only_with_trigger.py
[2025-06-23T05:36:29.489+0000] {processor.py:914} INFO - Processing file /home/airflow/.local/lib/python3.12/site-packages/airflow/example_dags/example_latest_only_with_trigger.py for tasks to queue
[2025-06-23T05:36:29.491+0000] {logging_mixin.py:190} INFO - [2025-06-23T05:36:29.491+0000] {dagbag.py:588} INFO - Filling up the DagBag from /home/airflow/.local/lib/python3.12/site-packages/airflow/example_dags/example_latest_only_with_trigger.py
[2025-06-23T05:36:29.498+0000] {processor.py:925} INFO - DAG(s) 'latest_only_with_trigger' retrieved from /home/airflow/.local/lib/python3.12/site-packages/airflow/example_dags/example_latest_only_with_trigger.py
[2025-06-23T05:36:29.515+0000] {logging_mixin.py:190} INFO - [2025-06-23T05:36:29.515+0000] {dag.py:3239} INFO - Sync 1 DAGs
[2025-06-23T05:36:29.528+0000] {logging_mixin.py:190} INFO - [2025-06-23T05:36:29.528+0000] {dag.py:4180} INFO - Setting next_dagrun for latest_only_with_trigger to 2025-06-23 00:00:00+00:00, run_after=2025-06-23 04:00:00+00:00
[2025-06-23T05:36:29.540+0000] {processor.py:208} INFO - Processing /home/airflow/.local/lib/python3.12/site-packages/airflow/example_dags/example_latest_only_with_trigger.py took 0.061 seconds
[2025-06-23T05:36:59.785+0000] {processor.py:186} INFO - Started process (PID=29836) to work on /home/airflow/.local/lib/python3.12/site-packages/airflow/example_dags/example_latest_only_with_trigger.py
[2025-06-23T05:36:59.792+0000] {processor.py:914} INFO - Processing file /home/airflow/.local/lib/python3.12/site-packages/airflow/example_dags/example_latest_only_with_trigger.py for tasks to queue
[2025-06-23T05:36:59.793+0000] {logging_mixin.py:190} INFO - [2025-06-23T05:36:59.792+0000] {dagbag.py:588} INFO - Filling up the DagBag from /home/airflow/.local/lib/python3.12/site-packages/airflow/example_dags/example_latest_only_with_trigger.py
[2025-06-23T05:36:59.801+0000] {processor.py:925} INFO - DAG(s) 'latest_only_with_trigger' retrieved from /home/airflow/.local/lib/python3.12/site-packages/airflow/example_dags/example_latest_only_with_trigger.py
[2025-06-23T05:36:59.821+0000] {logging_mixin.py:190} INFO - [2025-06-23T05:36:59.821+0000] {dag.py:3239} INFO - Sync 1 DAGs
[2025-06-23T05:36:59.837+0000] {logging_mixin.py:190} INFO - [2025-06-23T05:36:59.837+0000] {dag.py:4180} INFO - Setting next_dagrun for latest_only_with_trigger to 2025-06-23 00:00:00+00:00, run_after=2025-06-23 04:00:00+00:00
[2025-06-23T05:36:59.853+0000] {processor.py:208} INFO - Processing /home/airflow/.local/lib/python3.12/site-packages/airflow/example_dags/example_latest_only_with_trigger.py took 0.073 seconds
[2025-06-23T05:37:30.002+0000] {processor.py:186} INFO - Started process (PID=29914) to work on /home/airflow/.local/lib/python3.12/site-packages/airflow/example_dags/example_latest_only_with_trigger.py
[2025-06-23T05:37:30.002+0000] {processor.py:914} INFO - Processing file /home/airflow/.local/lib/python3.12/site-packages/airflow/example_dags/example_latest_only_with_trigger.py for tasks to queue
[2025-06-23T05:37:30.003+0000] {logging_mixin.py:190} INFO - [2025-06-23T05:37:30.003+0000] {dagbag.py:588} INFO - Filling up the DagBag from /home/airflow/.local/lib/python3.12/site-packages/airflow/example_dags/example_latest_only_with_trigger.py
[2025-06-23T05:37:30.007+0000] {processor.py:925} INFO - DAG(s) 'latest_only_with_trigger' retrieved from /home/airflow/.local/lib/python3.12/site-packages/airflow/example_dags/example_latest_only_with_trigger.py
[2025-06-23T05:37:30.016+0000] {logging_mixin.py:190} INFO - [2025-06-23T05:37:30.016+0000] {dag.py:3239} INFO - Sync 1 DAGs
[2025-06-23T05:37:30.025+0000] {logging_mixin.py:190} INFO - [2025-06-23T05:37:30.025+0000] {dag.py:4180} INFO - Setting next_dagrun for latest_only_with_trigger to 2025-06-23 00:00:00+00:00, run_after=2025-06-23 04:00:00+00:00
[2025-06-23T05:37:30.035+0000] {processor.py:208} INFO - Processing /home/airflow/.local/lib/python3.12/site-packages/airflow/example_dags/example_latest_only_with_trigger.py took 0.036 seconds
[2025-06-23T05:38:00.921+0000] {processor.py:186} INFO - Started process (PID=29992) to work on /home/airflow/.local/lib/python3.12/site-packages/airflow/example_dags/example_latest_only_with_trigger.py
[2025-06-23T05:38:00.921+0000] {processor.py:914} INFO - Processing file /home/airflow/.local/lib/python3.12/site-packages/airflow/example_dags/example_latest_only_with_trigger.py for tasks to queue
[2025-06-23T05:38:00.922+0000] {logging_mixin.py:190} INFO - [2025-06-23T05:38:00.921+0000] {dagbag.py:588} INFO - Filling up the DagBag from /home/airflow/.local/lib/python3.12/site-packages/airflow/example_dags/example_latest_only_with_trigger.py
[2025-06-23T05:38:00.927+0000] {processor.py:925} INFO - DAG(s) 'latest_only_with_trigger' retrieved from /home/airflow/.local/lib/python3.12/site-packages/airflow/example_dags/example_latest_only_with_trigger.py
[2025-06-23T05:38:00.936+0000] {logging_mixin.py:190} INFO - [2025-06-23T05:38:00.936+0000] {dag.py:3239} INFO - Sync 1 DAGs
[2025-06-23T05:38:00.946+0000] {logging_mixin.py:190} INFO - [2025-06-23T05:38:00.946+0000] {dag.py:4180} INFO - Setting next_dagrun for latest_only_with_trigger to 2025-06-23 00:00:00+00:00, run_after=2025-06-23 04:00:00+00:00
[2025-06-23T05:38:00.954+0000] {processor.py:208} INFO - Processing /home/airflow/.local/lib/python3.12/site-packages/airflow/example_dags/example_latest_only_with_trigger.py took 0.036 seconds
[2025-06-23T05:38:31.862+0000] {processor.py:186} INFO - Started process (PID=30070) to work on /home/airflow/.local/lib/python3.12/site-packages/airflow/example_dags/example_latest_only_with_trigger.py
[2025-06-23T05:38:31.864+0000] {processor.py:914} INFO - Processing file /home/airflow/.local/lib/python3.12/site-packages/airflow/example_dags/example_latest_only_with_trigger.py for tasks to queue
[2025-06-23T05:38:31.865+0000] {logging_mixin.py:190} INFO - [2025-06-23T05:38:31.865+0000] {dagbag.py:588} INFO - Filling up the DagBag from /home/airflow/.local/lib/python3.12/site-packages/airflow/example_dags/example_latest_only_with_trigger.py
[2025-06-23T05:38:31.870+0000] {processor.py:925} INFO - DAG(s) 'latest_only_with_trigger' retrieved from /home/airflow/.local/lib/python3.12/site-packages/airflow/example_dags/example_latest_only_with_trigger.py
[2025-06-23T05:38:31.881+0000] {logging_mixin.py:190} INFO - [2025-06-23T05:38:31.881+0000] {dag.py:3239} INFO - Sync 1 DAGs
[2025-06-23T05:38:31.892+0000] {logging_mixin.py:190} INFO - [2025-06-23T05:38:31.892+0000] {dag.py:4180} INFO - Setting next_dagrun for latest_only_with_trigger to 2025-06-23 00:00:00+00:00, run_after=2025-06-23 04:00:00+00:00
[2025-06-23T05:38:31.898+0000] {processor.py:208} INFO - Processing /home/airflow/.local/lib/python3.12/site-packages/airflow/example_dags/example_latest_only_with_trigger.py took 0.039 seconds
[2025-06-23T05:39:02.633+0000] {processor.py:186} INFO - Started process (PID=30154) to work on /home/airflow/.local/lib/python3.12/site-packages/airflow/example_dags/example_latest_only_with_trigger.py
[2025-06-23T05:39:02.634+0000] {processor.py:914} INFO - Processing file /home/airflow/.local/lib/python3.12/site-packages/airflow/example_dags/example_latest_only_with_trigger.py for tasks to queue
[2025-06-23T05:39:02.636+0000] {logging_mixin.py:190} INFO - [2025-06-23T05:39:02.636+0000] {dagbag.py:588} INFO - Filling up the DagBag from /home/airflow/.local/lib/python3.12/site-packages/airflow/example_dags/example_latest_only_with_trigger.py
[2025-06-23T05:39:02.640+0000] {processor.py:925} INFO - DAG(s) 'latest_only_with_trigger' retrieved from /home/airflow/.local/lib/python3.12/site-packages/airflow/example_dags/example_latest_only_with_trigger.py
[2025-06-23T05:39:02.650+0000] {logging_mixin.py:190} INFO - [2025-06-23T05:39:02.650+0000] {dag.py:3239} INFO - Sync 1 DAGs
[2025-06-23T05:39:02.660+0000] {logging_mixin.py:190} INFO - [2025-06-23T05:39:02.660+0000] {dag.py:4180} INFO - Setting next_dagrun for latest_only_with_trigger to 2025-06-23 00:00:00+00:00, run_after=2025-06-23 04:00:00+00:00
[2025-06-23T05:39:02.670+0000] {processor.py:208} INFO - Processing /home/airflow/.local/lib/python3.12/site-packages/airflow/example_dags/example_latest_only_with_trigger.py took 0.039 seconds
[2025-06-23T05:39:33.472+0000] {processor.py:186} INFO - Started process (PID=30232) to work on /home/airflow/.local/lib/python3.12/site-packages/airflow/example_dags/example_latest_only_with_trigger.py
[2025-06-23T05:39:33.473+0000] {processor.py:914} INFO - Processing file /home/airflow/.local/lib/python3.12/site-packages/airflow/example_dags/example_latest_only_with_trigger.py for tasks to queue
[2025-06-23T05:39:33.474+0000] {logging_mixin.py:190} INFO - [2025-06-23T05:39:33.474+0000] {dagbag.py:588} INFO - Filling up the DagBag from /home/airflow/.local/lib/python3.12/site-packages/airflow/example_dags/example_latest_only_with_trigger.py
[2025-06-23T05:39:33.481+0000] {processor.py:925} INFO - DAG(s) 'latest_only_with_trigger' retrieved from /home/airflow/.local/lib/python3.12/site-packages/airflow/example_dags/example_latest_only_with_trigger.py
[2025-06-23T05:39:33.493+0000] {logging_mixin.py:190} INFO - [2025-06-23T05:39:33.493+0000] {dag.py:3239} INFO - Sync 1 DAGs
[2025-06-23T05:39:33.525+0000] {logging_mixin.py:190} INFO - [2025-06-23T05:39:33.525+0000] {dag.py:4180} INFO - Setting next_dagrun for latest_only_with_trigger to 2025-06-23 00:00:00+00:00, run_after=2025-06-23 04:00:00+00:00
[2025-06-23T05:39:33.537+0000] {processor.py:208} INFO - Processing /home/airflow/.local/lib/python3.12/site-packages/airflow/example_dags/example_latest_only_with_trigger.py took 0.068 seconds
[2025-06-23T06:25:48.906+0000] {processor.py:186} INFO - Started process (PID=30281) to work on /home/airflow/.local/lib/python3.12/site-packages/airflow/example_dags/example_latest_only_with_trigger.py
[2025-06-23T06:25:48.906+0000] {processor.py:914} INFO - Processing file /home/airflow/.local/lib/python3.12/site-packages/airflow/example_dags/example_latest_only_with_trigger.py for tasks to queue
[2025-06-23T06:25:48.907+0000] {logging_mixin.py:190} INFO - [2025-06-23T06:25:48.907+0000] {dagbag.py:588} INFO - Filling up the DagBag from /home/airflow/.local/lib/python3.12/site-packages/airflow/example_dags/example_latest_only_with_trigger.py
[2025-06-23T06:25:48.912+0000] {processor.py:925} INFO - DAG(s) 'latest_only_with_trigger' retrieved from /home/airflow/.local/lib/python3.12/site-packages/airflow/example_dags/example_latest_only_with_trigger.py
[2025-06-23T06:25:48.921+0000] {logging_mixin.py:190} INFO - [2025-06-23T06:25:48.921+0000] {dag.py:3239} INFO - Sync 1 DAGs
[2025-06-23T06:25:48.931+0000] {logging_mixin.py:190} INFO - [2025-06-23T06:25:48.931+0000] {dag.py:4180} INFO - Setting next_dagrun for latest_only_with_trigger to 2025-06-23 00:00:00+00:00, run_after=2025-06-23 04:00:00+00:00
[2025-06-23T06:25:48.938+0000] {processor.py:208} INFO - Processing /home/airflow/.local/lib/python3.12/site-packages/airflow/example_dags/example_latest_only_with_trigger.py took 0.035 seconds
[2025-06-23T06:27:13.002+0000] {processor.py:186} INFO - Started process (PID=30359) to work on /home/airflow/.local/lib/python3.12/site-packages/airflow/example_dags/example_latest_only_with_trigger.py
[2025-06-23T06:27:13.003+0000] {processor.py:914} INFO - Processing file /home/airflow/.local/lib/python3.12/site-packages/airflow/example_dags/example_latest_only_with_trigger.py for tasks to queue
[2025-06-23T06:27:13.003+0000] {logging_mixin.py:190} INFO - [2025-06-23T06:27:13.003+0000] {dagbag.py:588} INFO - Filling up the DagBag from /home/airflow/.local/lib/python3.12/site-packages/airflow/example_dags/example_latest_only_with_trigger.py
[2025-06-23T06:27:13.007+0000] {processor.py:925} INFO - DAG(s) 'latest_only_with_trigger' retrieved from /home/airflow/.local/lib/python3.12/site-packages/airflow/example_dags/example_latest_only_with_trigger.py
[2025-06-23T06:27:13.016+0000] {logging_mixin.py:190} INFO - [2025-06-23T06:27:13.016+0000] {dag.py:3239} INFO - Sync 1 DAGs
[2025-06-23T06:27:13.025+0000] {logging_mixin.py:190} INFO - [2025-06-23T06:27:13.025+0000] {dag.py:4180} INFO - Setting next_dagrun for latest_only_with_trigger to 2025-06-23 00:00:00+00:00, run_after=2025-06-23 04:00:00+00:00
[2025-06-23T06:27:13.032+0000] {processor.py:208} INFO - Processing /home/airflow/.local/lib/python3.12/site-packages/airflow/example_dags/example_latest_only_with_trigger.py took 0.032 seconds
[2025-06-23T06:34:09.105+0000] {processor.py:186} INFO - Started process (PID=30437) to work on /home/airflow/.local/lib/python3.12/site-packages/airflow/example_dags/example_latest_only_with_trigger.py
[2025-06-23T06:34:09.107+0000] {processor.py:914} INFO - Processing file /home/airflow/.local/lib/python3.12/site-packages/airflow/example_dags/example_latest_only_with_trigger.py for tasks to queue
[2025-06-23T06:34:09.108+0000] {logging_mixin.py:190} INFO - [2025-06-23T06:34:09.108+0000] {dagbag.py:588} INFO - Filling up the DagBag from /home/airflow/.local/lib/python3.12/site-packages/airflow/example_dags/example_latest_only_with_trigger.py
[2025-06-23T06:34:09.112+0000] {processor.py:925} INFO - DAG(s) 'latest_only_with_trigger' retrieved from /home/airflow/.local/lib/python3.12/site-packages/airflow/example_dags/example_latest_only_with_trigger.py
[2025-06-23T06:34:09.121+0000] {logging_mixin.py:190} INFO - [2025-06-23T06:34:09.121+0000] {dag.py:3239} INFO - Sync 1 DAGs
[2025-06-23T06:34:09.130+0000] {logging_mixin.py:190} INFO - [2025-06-23T06:34:09.130+0000] {dag.py:4180} INFO - Setting next_dagrun for latest_only_with_trigger to 2025-06-23 00:00:00+00:00, run_after=2025-06-23 04:00:00+00:00
[2025-06-23T06:34:09.137+0000] {processor.py:208} INFO - Processing /home/airflow/.local/lib/python3.12/site-packages/airflow/example_dags/example_latest_only_with_trigger.py took 0.034 seconds
[2025-06-23T06:35:38.143+0000] {processor.py:186} INFO - Started process (PID=30515) to work on /home/airflow/.local/lib/python3.12/site-packages/airflow/example_dags/example_latest_only_with_trigger.py
[2025-06-23T06:35:38.143+0000] {processor.py:914} INFO - Processing file /home/airflow/.local/lib/python3.12/site-packages/airflow/example_dags/example_latest_only_with_trigger.py for tasks to queue
[2025-06-23T06:35:38.143+0000] {logging_mixin.py:190} INFO - [2025-06-23T06:35:38.143+0000] {dagbag.py:588} INFO - Filling up the DagBag from /home/airflow/.local/lib/python3.12/site-packages/airflow/example_dags/example_latest_only_with_trigger.py
[2025-06-23T06:35:38.147+0000] {processor.py:925} INFO - DAG(s) 'latest_only_with_trigger' retrieved from /home/airflow/.local/lib/python3.12/site-packages/airflow/example_dags/example_latest_only_with_trigger.py
[2025-06-23T06:35:38.155+0000] {logging_mixin.py:190} INFO - [2025-06-23T06:35:38.155+0000] {dag.py:3239} INFO - Sync 1 DAGs
[2025-06-23T06:35:38.164+0000] {logging_mixin.py:190} INFO - [2025-06-23T06:35:38.164+0000] {dag.py:4180} INFO - Setting next_dagrun for latest_only_with_trigger to 2025-06-23 00:00:00+00:00, run_after=2025-06-23 04:00:00+00:00
[2025-06-23T06:35:38.171+0000] {processor.py:208} INFO - Processing /home/airflow/.local/lib/python3.12/site-packages/airflow/example_dags/example_latest_only_with_trigger.py took 0.031 seconds
[2025-06-23T06:36:37.354+0000] {processor.py:186} INFO - Started process (PID=30593) to work on /home/airflow/.local/lib/python3.12/site-packages/airflow/example_dags/example_latest_only_with_trigger.py
[2025-06-23T06:36:37.355+0000] {processor.py:914} INFO - Processing file /home/airflow/.local/lib/python3.12/site-packages/airflow/example_dags/example_latest_only_with_trigger.py for tasks to queue
[2025-06-23T06:36:37.355+0000] {logging_mixin.py:190} INFO - [2025-06-23T06:36:37.355+0000] {dagbag.py:588} INFO - Filling up the DagBag from /home/airflow/.local/lib/python3.12/site-packages/airflow/example_dags/example_latest_only_with_trigger.py
[2025-06-23T06:36:37.359+0000] {processor.py:925} INFO - DAG(s) 'latest_only_with_trigger' retrieved from /home/airflow/.local/lib/python3.12/site-packages/airflow/example_dags/example_latest_only_with_trigger.py
[2025-06-23T06:36:37.368+0000] {logging_mixin.py:190} INFO - [2025-06-23T06:36:37.368+0000] {dag.py:3239} INFO - Sync 1 DAGs
[2025-06-23T06:36:37.377+0000] {logging_mixin.py:190} INFO - [2025-06-23T06:36:37.377+0000] {dag.py:4180} INFO - Setting next_dagrun for latest_only_with_trigger to 2025-06-23 00:00:00+00:00, run_after=2025-06-23 04:00:00+00:00
[2025-06-23T06:36:37.384+0000] {processor.py:208} INFO - Processing /home/airflow/.local/lib/python3.12/site-packages/airflow/example_dags/example_latest_only_with_trigger.py took 0.032 seconds
[2025-06-23T07:13:30.054+0000] {processor.py:186} INFO - Started process (PID=30671) to work on /home/airflow/.local/lib/python3.12/site-packages/airflow/example_dags/example_latest_only_with_trigger.py
[2025-06-23T07:13:30.055+0000] {processor.py:914} INFO - Processing file /home/airflow/.local/lib/python3.12/site-packages/airflow/example_dags/example_latest_only_with_trigger.py for tasks to queue
[2025-06-23T07:13:30.056+0000] {logging_mixin.py:190} INFO - [2025-06-23T07:13:30.055+0000] {dagbag.py:588} INFO - Filling up the DagBag from /home/airflow/.local/lib/python3.12/site-packages/airflow/example_dags/example_latest_only_with_trigger.py
[2025-06-23T07:13:30.060+0000] {processor.py:925} INFO - DAG(s) 'latest_only_with_trigger' retrieved from /home/airflow/.local/lib/python3.12/site-packages/airflow/example_dags/example_latest_only_with_trigger.py
[2025-06-23T07:13:30.069+0000] {logging_mixin.py:190} INFO - [2025-06-23T07:13:30.069+0000] {dag.py:3239} INFO - Sync 1 DAGs
[2025-06-23T07:13:30.079+0000] {logging_mixin.py:190} INFO - [2025-06-23T07:13:30.079+0000] {dag.py:4180} INFO - Setting next_dagrun for latest_only_with_trigger to 2025-06-23 00:00:00+00:00, run_after=2025-06-23 04:00:00+00:00
[2025-06-23T07:13:30.086+0000] {processor.py:208} INFO - Processing /home/airflow/.local/lib/python3.12/site-packages/airflow/example_dags/example_latest_only_with_trigger.py took 0.035 seconds
