[2025-06-23T00:35:51.094+0000] {processor.py:186} INFO - Started process (PID=28599) to work on /home/airflow/.local/lib/python3.12/site-packages/airflow/example_dags/example_task_group.py
[2025-06-23T00:35:51.095+0000] {processor.py:914} INFO - Processing file /home/airflow/.local/lib/python3.12/site-packages/airflow/example_dags/example_task_group.py for tasks to queue
[2025-06-23T00:35:51.096+0000] {logging_mixin.py:190} INFO - [2025-06-23T00:35:51.095+0000] {dagbag.py:588} INFO - Filling up the DagBag from /home/airflow/.local/lib/python3.12/site-packages/airflow/example_dags/example_task_group.py
[2025-06-23T00:35:51.100+0000] {processor.py:925} INFO - DAG(s) 'example_task_group' retrieved from /home/airflow/.local/lib/python3.12/site-packages/airflow/example_dags/example_task_group.py
[2025-06-23T00:35:51.109+0000] {logging_mixin.py:190} INFO - [2025-06-23T00:35:51.108+0000] {dag.py:3239} INFO - Sync 1 DAGs
[2025-06-23T00:35:51.115+0000] {logging_mixin.py:190} INFO - [2025-06-23T00:35:51.115+0000] {dag.py:4180} INFO - Setting next_dagrun for example_task_group to None, run_after=None
[2025-06-23T00:35:51.126+0000] {processor.py:208} INFO - Processing /home/airflow/.local/lib/python3.12/site-packages/airflow/example_dags/example_task_group.py took 0.035 seconds
[2025-06-23T01:36:42.862+0000] {processor.py:186} INFO - Started process (PID=28677) to work on /home/airflow/.local/lib/python3.12/site-packages/airflow/example_dags/example_task_group.py
[2025-06-23T01:36:42.863+0000] {processor.py:914} INFO - Processing file /home/airflow/.local/lib/python3.12/site-packages/airflow/example_dags/example_task_group.py for tasks to queue
[2025-06-23T01:36:42.864+0000] {logging_mixin.py:190} INFO - [2025-06-23T01:36:42.864+0000] {dagbag.py:588} INFO - Filling up the DagBag from /home/airflow/.local/lib/python3.12/site-packages/airflow/example_dags/example_task_group.py
[2025-06-23T01:36:42.870+0000] {processor.py:925} INFO - DAG(s) 'example_task_group' retrieved from /home/airflow/.local/lib/python3.12/site-packages/airflow/example_dags/example_task_group.py
[2025-06-23T01:36:42.886+0000] {logging_mixin.py:190} INFO - [2025-06-23T01:36:42.886+0000] {dag.py:3239} INFO - Sync 1 DAGs
[2025-06-23T01:36:42.892+0000] {logging_mixin.py:190} INFO - [2025-06-23T01:36:42.892+0000] {dag.py:4180} INFO - Setting next_dagrun for example_task_group to None, run_after=None
[2025-06-23T01:36:42.904+0000] {processor.py:208} INFO - Processing /home/airflow/.local/lib/python3.12/site-packages/airflow/example_dags/example_task_group.py took 0.045 seconds
[2025-06-23T01:37:13.467+0000] {processor.py:186} INFO - Started process (PID=28755) to work on /home/airflow/.local/lib/python3.12/site-packages/airflow/example_dags/example_task_group.py
[2025-06-23T01:37:13.468+0000] {processor.py:914} INFO - Processing file /home/airflow/.local/lib/python3.12/site-packages/airflow/example_dags/example_task_group.py for tasks to queue
[2025-06-23T01:37:13.469+0000] {logging_mixin.py:190} INFO - [2025-06-23T01:37:13.468+0000] {dagbag.py:588} INFO - Filling up the DagBag from /home/airflow/.local/lib/python3.12/site-packages/airflow/example_dags/example_task_group.py
[2025-06-23T01:37:13.473+0000] {processor.py:925} INFO - DAG(s) 'example_task_group' retrieved from /home/airflow/.local/lib/python3.12/site-packages/airflow/example_dags/example_task_group.py
[2025-06-23T01:37:13.484+0000] {logging_mixin.py:190} INFO - [2025-06-23T01:37:13.484+0000] {dag.py:3239} INFO - Sync 1 DAGs
[2025-06-23T01:37:13.491+0000] {logging_mixin.py:190} INFO - [2025-06-23T01:37:13.491+0000] {dag.py:4180} INFO - Setting next_dagrun for example_task_group to None, run_after=None
[2025-06-23T01:37:13.507+0000] {processor.py:208} INFO - Processing /home/airflow/.local/lib/python3.12/site-packages/airflow/example_dags/example_task_group.py took 0.044 seconds
[2025-06-23T02:28:30.228+0000] {processor.py:186} INFO - Started process (PID=28833) to work on /home/airflow/.local/lib/python3.12/site-packages/airflow/example_dags/example_task_group.py
[2025-06-23T02:28:30.229+0000] {processor.py:914} INFO - Processing file /home/airflow/.local/lib/python3.12/site-packages/airflow/example_dags/example_task_group.py for tasks to queue
[2025-06-23T02:28:30.230+0000] {logging_mixin.py:190} INFO - [2025-06-23T02:28:30.230+0000] {dagbag.py:588} INFO - Filling up the DagBag from /home/airflow/.local/lib/python3.12/site-packages/airflow/example_dags/example_task_group.py
[2025-06-23T02:28:30.235+0000] {processor.py:925} INFO - DAG(s) 'example_task_group' retrieved from /home/airflow/.local/lib/python3.12/site-packages/airflow/example_dags/example_task_group.py
[2025-06-23T02:28:30.244+0000] {logging_mixin.py:190} INFO - [2025-06-23T02:28:30.244+0000] {dag.py:3239} INFO - Sync 1 DAGs
[2025-06-23T02:28:30.251+0000] {logging_mixin.py:190} INFO - [2025-06-23T02:28:30.250+0000] {dag.py:4180} INFO - Setting next_dagrun for example_task_group to None, run_after=None
[2025-06-23T02:28:30.260+0000] {processor.py:208} INFO - Processing /home/airflow/.local/lib/python3.12/site-packages/airflow/example_dags/example_task_group.py took 0.036 seconds
[2025-06-23T02:38:10.242+0000] {processor.py:186} INFO - Started process (PID=28911) to work on /home/airflow/.local/lib/python3.12/site-packages/airflow/example_dags/example_task_group.py
[2025-06-23T02:38:10.242+0000] {processor.py:914} INFO - Processing file /home/airflow/.local/lib/python3.12/site-packages/airflow/example_dags/example_task_group.py for tasks to queue
[2025-06-23T02:38:10.243+0000] {logging_mixin.py:190} INFO - [2025-06-23T02:38:10.243+0000] {dagbag.py:588} INFO - Filling up the DagBag from /home/airflow/.local/lib/python3.12/site-packages/airflow/example_dags/example_task_group.py
[2025-06-23T02:38:10.247+0000] {processor.py:925} INFO - DAG(s) 'example_task_group' retrieved from /home/airflow/.local/lib/python3.12/site-packages/airflow/example_dags/example_task_group.py
[2025-06-23T02:38:10.257+0000] {logging_mixin.py:190} INFO - [2025-06-23T02:38:10.257+0000] {dag.py:3239} INFO - Sync 1 DAGs
[2025-06-23T02:38:10.263+0000] {logging_mixin.py:190} INFO - [2025-06-23T02:38:10.263+0000] {dag.py:4180} INFO - Setting next_dagrun for example_task_group to None, run_after=None
[2025-06-23T02:38:10.275+0000] {processor.py:208} INFO - Processing /home/airflow/.local/lib/python3.12/site-packages/airflow/example_dags/example_task_group.py took 0.036 seconds
[2025-06-23T03:10:47.288+0000] {processor.py:186} INFO - Started process (PID=28989) to work on /home/airflow/.local/lib/python3.12/site-packages/airflow/example_dags/example_task_group.py
[2025-06-23T03:10:47.289+0000] {processor.py:914} INFO - Processing file /home/airflow/.local/lib/python3.12/site-packages/airflow/example_dags/example_task_group.py for tasks to queue
[2025-06-23T03:10:47.289+0000] {logging_mixin.py:190} INFO - [2025-06-23T03:10:47.289+0000] {dagbag.py:588} INFO - Filling up the DagBag from /home/airflow/.local/lib/python3.12/site-packages/airflow/example_dags/example_task_group.py
[2025-06-23T03:10:47.294+0000] {processor.py:925} INFO - DAG(s) 'example_task_group' retrieved from /home/airflow/.local/lib/python3.12/site-packages/airflow/example_dags/example_task_group.py
[2025-06-23T03:10:47.307+0000] {logging_mixin.py:190} INFO - [2025-06-23T03:10:47.307+0000] {dag.py:3239} INFO - Sync 1 DAGs
[2025-06-23T03:10:47.313+0000] {logging_mixin.py:190} INFO - [2025-06-23T03:10:47.313+0000] {dag.py:4180} INFO - Setting next_dagrun for example_task_group to None, run_after=None
[2025-06-23T03:10:47.321+0000] {processor.py:208} INFO - Processing /home/airflow/.local/lib/python3.12/site-packages/airflow/example_dags/example_task_group.py took 0.035 seconds
[2025-06-23T03:38:55.684+0000] {processor.py:186} INFO - Started process (PID=29067) to work on /home/airflow/.local/lib/python3.12/site-packages/airflow/example_dags/example_task_group.py
[2025-06-23T03:38:55.685+0000] {processor.py:914} INFO - Processing file /home/airflow/.local/lib/python3.12/site-packages/airflow/example_dags/example_task_group.py for tasks to queue
[2025-06-23T03:38:55.685+0000] {logging_mixin.py:190} INFO - [2025-06-23T03:38:55.685+0000] {dagbag.py:588} INFO - Filling up the DagBag from /home/airflow/.local/lib/python3.12/site-packages/airflow/example_dags/example_task_group.py
[2025-06-23T03:38:55.689+0000] {processor.py:925} INFO - DAG(s) 'example_task_group' retrieved from /home/airflow/.local/lib/python3.12/site-packages/airflow/example_dags/example_task_group.py
[2025-06-23T03:38:55.698+0000] {logging_mixin.py:190} INFO - [2025-06-23T03:38:55.698+0000] {dag.py:3239} INFO - Sync 1 DAGs
[2025-06-23T03:38:55.704+0000] {logging_mixin.py:190} INFO - [2025-06-23T03:38:55.703+0000] {dag.py:4180} INFO - Setting next_dagrun for example_task_group to None, run_after=None
[2025-06-23T03:38:55.710+0000] {processor.py:208} INFO - Processing /home/airflow/.local/lib/python3.12/site-packages/airflow/example_dags/example_task_group.py took 0.029 seconds
[2025-06-23T04:39:48.078+0000] {processor.py:186} INFO - Started process (PID=29145) to work on /home/airflow/.local/lib/python3.12/site-packages/airflow/example_dags/example_task_group.py
[2025-06-23T04:39:48.079+0000] {processor.py:914} INFO - Processing file /home/airflow/.local/lib/python3.12/site-packages/airflow/example_dags/example_task_group.py for tasks to queue
[2025-06-23T04:39:48.079+0000] {logging_mixin.py:190} INFO - [2025-06-23T04:39:48.079+0000] {dagbag.py:588} INFO - Filling up the DagBag from /home/airflow/.local/lib/python3.12/site-packages/airflow/example_dags/example_task_group.py
[2025-06-23T04:39:48.084+0000] {processor.py:925} INFO - DAG(s) 'example_task_group' retrieved from /home/airflow/.local/lib/python3.12/site-packages/airflow/example_dags/example_task_group.py
[2025-06-23T04:39:48.098+0000] {logging_mixin.py:190} INFO - [2025-06-23T04:39:48.098+0000] {dag.py:3239} INFO - Sync 1 DAGs
[2025-06-23T04:39:48.108+0000] {logging_mixin.py:190} INFO - [2025-06-23T04:39:48.108+0000] {dag.py:4180} INFO - Setting next_dagrun for example_task_group to None, run_after=None
[2025-06-23T04:39:48.115+0000] {processor.py:208} INFO - Processing /home/airflow/.local/lib/python3.12/site-packages/airflow/example_dags/example_task_group.py took 0.040 seconds
[2025-06-23T05:32:42.624+0000] {processor.py:186} INFO - Started process (PID=29223) to work on /home/airflow/.local/lib/python3.12/site-packages/airflow/example_dags/example_task_group.py
[2025-06-23T05:32:42.626+0000] {processor.py:914} INFO - Processing file /home/airflow/.local/lib/python3.12/site-packages/airflow/example_dags/example_task_group.py for tasks to queue
[2025-06-23T05:32:42.627+0000] {logging_mixin.py:190} INFO - [2025-06-23T05:32:42.627+0000] {dagbag.py:588} INFO - Filling up the DagBag from /home/airflow/.local/lib/python3.12/site-packages/airflow/example_dags/example_task_group.py
[2025-06-23T05:32:42.632+0000] {processor.py:925} INFO - DAG(s) 'example_task_group' retrieved from /home/airflow/.local/lib/python3.12/site-packages/airflow/example_dags/example_task_group.py
[2025-06-23T05:32:42.646+0000] {logging_mixin.py:190} INFO - [2025-06-23T05:32:42.646+0000] {dag.py:3239} INFO - Sync 1 DAGs
[2025-06-23T05:32:42.656+0000] {logging_mixin.py:190} INFO - [2025-06-23T05:32:42.656+0000] {dag.py:4180} INFO - Setting next_dagrun for example_task_group to None, run_after=None
[2025-06-23T05:32:42.669+0000] {processor.py:208} INFO - Processing /home/airflow/.local/lib/python3.12/site-packages/airflow/example_dags/example_task_group.py took 0.048 seconds
[2025-06-23T05:33:13.249+0000] {processor.py:186} INFO - Started process (PID=29301) to work on /home/airflow/.local/lib/python3.12/site-packages/airflow/example_dags/example_task_group.py
[2025-06-23T05:33:13.249+0000] {processor.py:914} INFO - Processing file /home/airflow/.local/lib/python3.12/site-packages/airflow/example_dags/example_task_group.py for tasks to queue
[2025-06-23T05:33:13.250+0000] {logging_mixin.py:190} INFO - [2025-06-23T05:33:13.250+0000] {dagbag.py:588} INFO - Filling up the DagBag from /home/airflow/.local/lib/python3.12/site-packages/airflow/example_dags/example_task_group.py
[2025-06-23T05:33:13.255+0000] {processor.py:925} INFO - DAG(s) 'example_task_group' retrieved from /home/airflow/.local/lib/python3.12/site-packages/airflow/example_dags/example_task_group.py
[2025-06-23T05:33:13.267+0000] {logging_mixin.py:190} INFO - [2025-06-23T05:33:13.267+0000] {dag.py:3239} INFO - Sync 1 DAGs
[2025-06-23T05:33:13.274+0000] {logging_mixin.py:190} INFO - [2025-06-23T05:33:13.274+0000] {dag.py:4180} INFO - Setting next_dagrun for example_task_group to None, run_after=None
[2025-06-23T05:33:13.285+0000] {processor.py:208} INFO - Processing /home/airflow/.local/lib/python3.12/site-packages/airflow/example_dags/example_task_group.py took 0.039 seconds
[2025-06-23T05:33:45.656+0000] {processor.py:186} INFO - Started process (PID=29379) to work on /home/airflow/.local/lib/python3.12/site-packages/airflow/example_dags/example_task_group.py
[2025-06-23T05:33:45.657+0000] {processor.py:914} INFO - Processing file /home/airflow/.local/lib/python3.12/site-packages/airflow/example_dags/example_task_group.py for tasks to queue
[2025-06-23T05:33:45.659+0000] {logging_mixin.py:190} INFO - [2025-06-23T05:33:45.659+0000] {dagbag.py:588} INFO - Filling up the DagBag from /home/airflow/.local/lib/python3.12/site-packages/airflow/example_dags/example_task_group.py
[2025-06-23T05:33:45.666+0000] {processor.py:925} INFO - DAG(s) 'example_task_group' retrieved from /home/airflow/.local/lib/python3.12/site-packages/airflow/example_dags/example_task_group.py
[2025-06-23T05:33:45.689+0000] {logging_mixin.py:190} INFO - [2025-06-23T05:33:45.688+0000] {dag.py:3239} INFO - Sync 1 DAGs
[2025-06-23T05:33:45.706+0000] {logging_mixin.py:190} INFO - [2025-06-23T05:33:45.706+0000] {dag.py:4180} INFO - Setting next_dagrun for example_task_group to None, run_after=None
[2025-06-23T05:33:45.733+0000] {processor.py:208} INFO - Processing /home/airflow/.local/lib/python3.12/site-packages/airflow/example_dags/example_task_group.py took 0.085 seconds
[2025-06-23T05:34:32.110+0000] {processor.py:186} INFO - Started process (PID=29463) to work on /home/airflow/.local/lib/python3.12/site-packages/airflow/example_dags/example_task_group.py
[2025-06-23T05:34:32.150+0000] {processor.py:914} INFO - Processing file /home/airflow/.local/lib/python3.12/site-packages/airflow/example_dags/example_task_group.py for tasks to queue
[2025-06-23T05:34:32.158+0000] {logging_mixin.py:190} INFO - [2025-06-23T05:34:32.156+0000] {dagbag.py:588} INFO - Filling up the DagBag from /home/airflow/.local/lib/python3.12/site-packages/airflow/example_dags/example_task_group.py
[2025-06-23T05:34:32.238+0000] {processor.py:925} INFO - DAG(s) 'example_task_group' retrieved from /home/airflow/.local/lib/python3.12/site-packages/airflow/example_dags/example_task_group.py
[2025-06-23T05:34:32.439+0000] {logging_mixin.py:190} INFO - [2025-06-23T05:34:32.437+0000] {dag.py:3239} INFO - Sync 1 DAGs
[2025-06-23T05:34:32.609+0000] {logging_mixin.py:190} INFO - [2025-06-23T05:34:32.609+0000] {dag.py:4180} INFO - Setting next_dagrun for example_task_group to None, run_after=None
[2025-06-23T05:34:32.706+0000] {processor.py:208} INFO - Processing /home/airflow/.local/lib/python3.12/site-packages/airflow/example_dags/example_task_group.py took 0.787 seconds
[2025-06-23T05:35:02.841+0000] {processor.py:186} INFO - Started process (PID=29540) to work on /home/airflow/.local/lib/python3.12/site-packages/airflow/example_dags/example_task_group.py
[2025-06-23T05:35:02.848+0000] {processor.py:914} INFO - Processing file /home/airflow/.local/lib/python3.12/site-packages/airflow/example_dags/example_task_group.py for tasks to queue
[2025-06-23T05:35:02.857+0000] {logging_mixin.py:190} INFO - [2025-06-23T05:35:02.855+0000] {dagbag.py:588} INFO - Filling up the DagBag from /home/airflow/.local/lib/python3.12/site-packages/airflow/example_dags/example_task_group.py
[2025-06-23T05:35:02.900+0000] {processor.py:925} INFO - DAG(s) 'example_task_group' retrieved from /home/airflow/.local/lib/python3.12/site-packages/airflow/example_dags/example_task_group.py
[2025-06-23T05:35:02.979+0000] {logging_mixin.py:190} INFO - [2025-06-23T05:35:02.978+0000] {dag.py:3239} INFO - Sync 1 DAGs
[2025-06-23T05:35:03.032+0000] {logging_mixin.py:190} INFO - [2025-06-23T05:35:03.031+0000] {dag.py:4180} INFO - Setting next_dagrun for example_task_group to None, run_after=None
[2025-06-23T05:35:03.091+0000] {processor.py:208} INFO - Processing /home/airflow/.local/lib/python3.12/site-packages/airflow/example_dags/example_task_group.py took 0.269 seconds
[2025-06-23T05:35:33.155+0000] {processor.py:186} INFO - Started process (PID=29618) to work on /home/airflow/.local/lib/python3.12/site-packages/airflow/example_dags/example_task_group.py
[2025-06-23T05:35:33.159+0000] {processor.py:914} INFO - Processing file /home/airflow/.local/lib/python3.12/site-packages/airflow/example_dags/example_task_group.py for tasks to queue
[2025-06-23T05:35:33.159+0000] {logging_mixin.py:190} INFO - [2025-06-23T05:35:33.159+0000] {dagbag.py:588} INFO - Filling up the DagBag from /home/airflow/.local/lib/python3.12/site-packages/airflow/example_dags/example_task_group.py
[2025-06-23T05:35:33.164+0000] {processor.py:925} INFO - DAG(s) 'example_task_group' retrieved from /home/airflow/.local/lib/python3.12/site-packages/airflow/example_dags/example_task_group.py
[2025-06-23T05:35:33.178+0000] {logging_mixin.py:190} INFO - [2025-06-23T05:35:33.178+0000] {dag.py:3239} INFO - Sync 1 DAGs
[2025-06-23T05:35:33.186+0000] {logging_mixin.py:190} INFO - [2025-06-23T05:35:33.186+0000] {dag.py:4180} INFO - Setting next_dagrun for example_task_group to None, run_after=None
[2025-06-23T05:35:33.205+0000] {processor.py:208} INFO - Processing /home/airflow/.local/lib/python3.12/site-packages/airflow/example_dags/example_task_group.py took 0.056 seconds
[2025-06-23T05:36:03.787+0000] {processor.py:186} INFO - Started process (PID=29696) to work on /home/airflow/.local/lib/python3.12/site-packages/airflow/example_dags/example_task_group.py
[2025-06-23T05:36:03.788+0000] {processor.py:914} INFO - Processing file /home/airflow/.local/lib/python3.12/site-packages/airflow/example_dags/example_task_group.py for tasks to queue
[2025-06-23T05:36:03.788+0000] {logging_mixin.py:190} INFO - [2025-06-23T05:36:03.788+0000] {dagbag.py:588} INFO - Filling up the DagBag from /home/airflow/.local/lib/python3.12/site-packages/airflow/example_dags/example_task_group.py
[2025-06-23T05:36:03.793+0000] {processor.py:925} INFO - DAG(s) 'example_task_group' retrieved from /home/airflow/.local/lib/python3.12/site-packages/airflow/example_dags/example_task_group.py
[2025-06-23T05:36:03.803+0000] {logging_mixin.py:190} INFO - [2025-06-23T05:36:03.803+0000] {dag.py:3239} INFO - Sync 1 DAGs
[2025-06-23T05:36:03.809+0000] {logging_mixin.py:190} INFO - [2025-06-23T05:36:03.809+0000] {dag.py:4180} INFO - Setting next_dagrun for example_task_group to None, run_after=None
[2025-06-23T05:36:03.817+0000] {processor.py:208} INFO - Processing /home/airflow/.local/lib/python3.12/site-packages/airflow/example_dags/example_task_group.py took 0.032 seconds
[2025-06-23T05:36:33.861+0000] {processor.py:186} INFO - Started process (PID=29773) to work on /home/airflow/.local/lib/python3.12/site-packages/airflow/example_dags/example_task_group.py
[2025-06-23T05:36:33.864+0000] {processor.py:914} INFO - Processing file /home/airflow/.local/lib/python3.12/site-packages/airflow/example_dags/example_task_group.py for tasks to queue
[2025-06-23T05:36:33.864+0000] {logging_mixin.py:190} INFO - [2025-06-23T05:36:33.864+0000] {dagbag.py:588} INFO - Filling up the DagBag from /home/airflow/.local/lib/python3.12/site-packages/airflow/example_dags/example_task_group.py
[2025-06-23T05:36:33.869+0000] {processor.py:925} INFO - DAG(s) 'example_task_group' retrieved from /home/airflow/.local/lib/python3.12/site-packages/airflow/example_dags/example_task_group.py
[2025-06-23T05:36:33.882+0000] {logging_mixin.py:190} INFO - [2025-06-23T05:36:33.882+0000] {dag.py:3239} INFO - Sync 1 DAGs
[2025-06-23T05:36:33.890+0000] {logging_mixin.py:190} INFO - [2025-06-23T05:36:33.890+0000] {dag.py:4180} INFO - Setting next_dagrun for example_task_group to None, run_after=None
[2025-06-23T05:36:33.896+0000] {processor.py:208} INFO - Processing /home/airflow/.local/lib/python3.12/site-packages/airflow/example_dags/example_task_group.py took 0.038 seconds
[2025-06-23T05:37:04.134+0000] {processor.py:186} INFO - Started process (PID=29851) to work on /home/airflow/.local/lib/python3.12/site-packages/airflow/example_dags/example_task_group.py
[2025-06-23T05:37:04.134+0000] {processor.py:914} INFO - Processing file /home/airflow/.local/lib/python3.12/site-packages/airflow/example_dags/example_task_group.py for tasks to queue
[2025-06-23T05:37:04.135+0000] {logging_mixin.py:190} INFO - [2025-06-23T05:37:04.135+0000] {dagbag.py:588} INFO - Filling up the DagBag from /home/airflow/.local/lib/python3.12/site-packages/airflow/example_dags/example_task_group.py
[2025-06-23T05:37:04.141+0000] {processor.py:925} INFO - DAG(s) 'example_task_group' retrieved from /home/airflow/.local/lib/python3.12/site-packages/airflow/example_dags/example_task_group.py
[2025-06-23T05:37:04.154+0000] {logging_mixin.py:190} INFO - [2025-06-23T05:37:04.153+0000] {dag.py:3239} INFO - Sync 1 DAGs
[2025-06-23T05:37:04.161+0000] {logging_mixin.py:190} INFO - [2025-06-23T05:37:04.161+0000] {dag.py:4180} INFO - Setting next_dagrun for example_task_group to None, run_after=None
[2025-06-23T05:37:04.170+0000] {processor.py:208} INFO - Processing /home/airflow/.local/lib/python3.12/site-packages/airflow/example_dags/example_task_group.py took 0.039 seconds
[2025-06-23T05:37:34.333+0000] {processor.py:186} INFO - Started process (PID=29929) to work on /home/airflow/.local/lib/python3.12/site-packages/airflow/example_dags/example_task_group.py
[2025-06-23T05:37:34.334+0000] {processor.py:914} INFO - Processing file /home/airflow/.local/lib/python3.12/site-packages/airflow/example_dags/example_task_group.py for tasks to queue
[2025-06-23T05:37:34.334+0000] {logging_mixin.py:190} INFO - [2025-06-23T05:37:34.334+0000] {dagbag.py:588} INFO - Filling up the DagBag from /home/airflow/.local/lib/python3.12/site-packages/airflow/example_dags/example_task_group.py
[2025-06-23T05:37:34.339+0000] {processor.py:925} INFO - DAG(s) 'example_task_group' retrieved from /home/airflow/.local/lib/python3.12/site-packages/airflow/example_dags/example_task_group.py
[2025-06-23T05:37:34.354+0000] {logging_mixin.py:190} INFO - [2025-06-23T05:37:34.354+0000] {dag.py:3239} INFO - Sync 1 DAGs
[2025-06-23T05:37:34.364+0000] {logging_mixin.py:190} INFO - [2025-06-23T05:37:34.364+0000] {dag.py:4180} INFO - Setting next_dagrun for example_task_group to None, run_after=None
[2025-06-23T05:37:34.372+0000] {processor.py:208} INFO - Processing /home/airflow/.local/lib/python3.12/site-packages/airflow/example_dags/example_task_group.py took 0.042 seconds
[2025-06-23T05:38:04.518+0000] {processor.py:186} INFO - Started process (PID=30007) to work on /home/airflow/.local/lib/python3.12/site-packages/airflow/example_dags/example_task_group.py
[2025-06-23T05:38:04.518+0000] {processor.py:914} INFO - Processing file /home/airflow/.local/lib/python3.12/site-packages/airflow/example_dags/example_task_group.py for tasks to queue
[2025-06-23T05:38:04.519+0000] {logging_mixin.py:190} INFO - [2025-06-23T05:38:04.519+0000] {dagbag.py:588} INFO - Filling up the DagBag from /home/airflow/.local/lib/python3.12/site-packages/airflow/example_dags/example_task_group.py
[2025-06-23T05:38:04.523+0000] {processor.py:925} INFO - DAG(s) 'example_task_group' retrieved from /home/airflow/.local/lib/python3.12/site-packages/airflow/example_dags/example_task_group.py
[2025-06-23T05:38:04.531+0000] {logging_mixin.py:190} INFO - [2025-06-23T05:38:04.531+0000] {dag.py:3239} INFO - Sync 1 DAGs
[2025-06-23T05:38:04.537+0000] {logging_mixin.py:190} INFO - [2025-06-23T05:38:04.537+0000] {dag.py:4180} INFO - Setting next_dagrun for example_task_group to None, run_after=None
[2025-06-23T05:38:04.543+0000] {processor.py:208} INFO - Processing /home/airflow/.local/lib/python3.12/site-packages/airflow/example_dags/example_task_group.py took 0.028 seconds
[2025-06-23T05:38:35.215+0000] {processor.py:186} INFO - Started process (PID=30085) to work on /home/airflow/.local/lib/python3.12/site-packages/airflow/example_dags/example_task_group.py
[2025-06-23T05:38:35.216+0000] {processor.py:914} INFO - Processing file /home/airflow/.local/lib/python3.12/site-packages/airflow/example_dags/example_task_group.py for tasks to queue
[2025-06-23T05:38:35.217+0000] {logging_mixin.py:190} INFO - [2025-06-23T05:38:35.217+0000] {dagbag.py:588} INFO - Filling up the DagBag from /home/airflow/.local/lib/python3.12/site-packages/airflow/example_dags/example_task_group.py
[2025-06-23T05:38:35.222+0000] {processor.py:925} INFO - DAG(s) 'example_task_group' retrieved from /home/airflow/.local/lib/python3.12/site-packages/airflow/example_dags/example_task_group.py
[2025-06-23T05:38:35.232+0000] {logging_mixin.py:190} INFO - [2025-06-23T05:38:35.232+0000] {dag.py:3239} INFO - Sync 1 DAGs
[2025-06-23T05:38:35.238+0000] {logging_mixin.py:190} INFO - [2025-06-23T05:38:35.238+0000] {dag.py:4180} INFO - Setting next_dagrun for example_task_group to None, run_after=None
[2025-06-23T05:38:35.245+0000] {processor.py:208} INFO - Processing /home/airflow/.local/lib/python3.12/site-packages/airflow/example_dags/example_task_group.py took 0.034 seconds
[2025-06-23T05:39:05.959+0000] {processor.py:186} INFO - Started process (PID=30163) to work on /home/airflow/.local/lib/python3.12/site-packages/airflow/example_dags/example_task_group.py
[2025-06-23T05:39:05.963+0000] {processor.py:914} INFO - Processing file /home/airflow/.local/lib/python3.12/site-packages/airflow/example_dags/example_task_group.py for tasks to queue
[2025-06-23T05:39:05.964+0000] {logging_mixin.py:190} INFO - [2025-06-23T05:39:05.964+0000] {dagbag.py:588} INFO - Filling up the DagBag from /home/airflow/.local/lib/python3.12/site-packages/airflow/example_dags/example_task_group.py
[2025-06-23T05:39:05.968+0000] {processor.py:925} INFO - DAG(s) 'example_task_group' retrieved from /home/airflow/.local/lib/python3.12/site-packages/airflow/example_dags/example_task_group.py
[2025-06-23T05:39:05.979+0000] {logging_mixin.py:190} INFO - [2025-06-23T05:39:05.979+0000] {dag.py:3239} INFO - Sync 1 DAGs
[2025-06-23T05:39:05.987+0000] {logging_mixin.py:190} INFO - [2025-06-23T05:39:05.987+0000] {dag.py:4180} INFO - Setting next_dagrun for example_task_group to None, run_after=None
[2025-06-23T05:39:05.993+0000] {processor.py:208} INFO - Processing /home/airflow/.local/lib/python3.12/site-packages/airflow/example_dags/example_task_group.py took 0.036 seconds
[2025-06-23T05:39:36.496+0000] {processor.py:186} INFO - Started process (PID=30241) to work on /home/airflow/.local/lib/python3.12/site-packages/airflow/example_dags/example_task_group.py
[2025-06-23T05:39:36.500+0000] {processor.py:914} INFO - Processing file /home/airflow/.local/lib/python3.12/site-packages/airflow/example_dags/example_task_group.py for tasks to queue
[2025-06-23T05:39:36.501+0000] {logging_mixin.py:190} INFO - [2025-06-23T05:39:36.500+0000] {dagbag.py:588} INFO - Filling up the DagBag from /home/airflow/.local/lib/python3.12/site-packages/airflow/example_dags/example_task_group.py
[2025-06-23T05:39:36.505+0000] {processor.py:925} INFO - DAG(s) 'example_task_group' retrieved from /home/airflow/.local/lib/python3.12/site-packages/airflow/example_dags/example_task_group.py
[2025-06-23T05:39:36.521+0000] {logging_mixin.py:190} INFO - [2025-06-23T05:39:36.521+0000] {dag.py:3239} INFO - Sync 1 DAGs
[2025-06-23T05:39:36.532+0000] {logging_mixin.py:190} INFO - [2025-06-23T05:39:36.532+0000] {dag.py:4180} INFO - Setting next_dagrun for example_task_group to None, run_after=None
[2025-06-23T05:39:36.542+0000] {processor.py:208} INFO - Processing /home/airflow/.local/lib/python3.12/site-packages/airflow/example_dags/example_task_group.py took 0.050 seconds
[2025-06-23T06:25:49.297+0000] {processor.py:186} INFO - Started process (PID=30290) to work on /home/airflow/.local/lib/python3.12/site-packages/airflow/example_dags/example_task_group.py
[2025-06-23T06:25:49.297+0000] {processor.py:914} INFO - Processing file /home/airflow/.local/lib/python3.12/site-packages/airflow/example_dags/example_task_group.py for tasks to queue
[2025-06-23T06:25:49.298+0000] {logging_mixin.py:190} INFO - [2025-06-23T06:25:49.298+0000] {dagbag.py:588} INFO - Filling up the DagBag from /home/airflow/.local/lib/python3.12/site-packages/airflow/example_dags/example_task_group.py
[2025-06-23T06:25:49.302+0000] {processor.py:925} INFO - DAG(s) 'example_task_group' retrieved from /home/airflow/.local/lib/python3.12/site-packages/airflow/example_dags/example_task_group.py
[2025-06-23T06:25:49.314+0000] {logging_mixin.py:190} INFO - [2025-06-23T06:25:49.314+0000] {dag.py:3239} INFO - Sync 1 DAGs
[2025-06-23T06:25:49.320+0000] {logging_mixin.py:190} INFO - [2025-06-23T06:25:49.320+0000] {dag.py:4180} INFO - Setting next_dagrun for example_task_group to None, run_after=None
[2025-06-23T06:25:49.330+0000] {processor.py:208} INFO - Processing /home/airflow/.local/lib/python3.12/site-packages/airflow/example_dags/example_task_group.py took 0.035 seconds
[2025-06-23T06:27:13.349+0000] {processor.py:186} INFO - Started process (PID=30368) to work on /home/airflow/.local/lib/python3.12/site-packages/airflow/example_dags/example_task_group.py
[2025-06-23T06:27:13.350+0000] {processor.py:914} INFO - Processing file /home/airflow/.local/lib/python3.12/site-packages/airflow/example_dags/example_task_group.py for tasks to queue
[2025-06-23T06:27:13.350+0000] {logging_mixin.py:190} INFO - [2025-06-23T06:27:13.350+0000] {dagbag.py:588} INFO - Filling up the DagBag from /home/airflow/.local/lib/python3.12/site-packages/airflow/example_dags/example_task_group.py
[2025-06-23T06:27:13.354+0000] {processor.py:925} INFO - DAG(s) 'example_task_group' retrieved from /home/airflow/.local/lib/python3.12/site-packages/airflow/example_dags/example_task_group.py
[2025-06-23T06:27:13.363+0000] {logging_mixin.py:190} INFO - [2025-06-23T06:27:13.362+0000] {dag.py:3239} INFO - Sync 1 DAGs
[2025-06-23T06:27:13.368+0000] {logging_mixin.py:190} INFO - [2025-06-23T06:27:13.368+0000] {dag.py:4180} INFO - Setting next_dagrun for example_task_group to None, run_after=None
[2025-06-23T06:27:13.375+0000] {processor.py:208} INFO - Processing /home/airflow/.local/lib/python3.12/site-packages/airflow/example_dags/example_task_group.py took 0.028 seconds
[2025-06-23T06:34:09.479+0000] {processor.py:186} INFO - Started process (PID=30446) to work on /home/airflow/.local/lib/python3.12/site-packages/airflow/example_dags/example_task_group.py
[2025-06-23T06:34:09.479+0000] {processor.py:914} INFO - Processing file /home/airflow/.local/lib/python3.12/site-packages/airflow/example_dags/example_task_group.py for tasks to queue
[2025-06-23T06:34:09.480+0000] {logging_mixin.py:190} INFO - [2025-06-23T06:34:09.480+0000] {dagbag.py:588} INFO - Filling up the DagBag from /home/airflow/.local/lib/python3.12/site-packages/airflow/example_dags/example_task_group.py
[2025-06-23T06:34:09.484+0000] {processor.py:925} INFO - DAG(s) 'example_task_group' retrieved from /home/airflow/.local/lib/python3.12/site-packages/airflow/example_dags/example_task_group.py
[2025-06-23T06:34:09.493+0000] {logging_mixin.py:190} INFO - [2025-06-23T06:34:09.493+0000] {dag.py:3239} INFO - Sync 1 DAGs
[2025-06-23T06:34:09.499+0000] {logging_mixin.py:190} INFO - [2025-06-23T06:34:09.499+0000] {dag.py:4180} INFO - Setting next_dagrun for example_task_group to None, run_after=None
[2025-06-23T06:34:09.508+0000] {processor.py:208} INFO - Processing /home/airflow/.local/lib/python3.12/site-packages/airflow/example_dags/example_task_group.py took 0.032 seconds
[2025-06-23T06:35:38.537+0000] {processor.py:186} INFO - Started process (PID=30524) to work on /home/airflow/.local/lib/python3.12/site-packages/airflow/example_dags/example_task_group.py
[2025-06-23T06:35:38.538+0000] {processor.py:914} INFO - Processing file /home/airflow/.local/lib/python3.12/site-packages/airflow/example_dags/example_task_group.py for tasks to queue
[2025-06-23T06:35:38.538+0000] {logging_mixin.py:190} INFO - [2025-06-23T06:35:38.538+0000] {dagbag.py:588} INFO - Filling up the DagBag from /home/airflow/.local/lib/python3.12/site-packages/airflow/example_dags/example_task_group.py
[2025-06-23T06:35:38.546+0000] {processor.py:925} INFO - DAG(s) 'example_task_group' retrieved from /home/airflow/.local/lib/python3.12/site-packages/airflow/example_dags/example_task_group.py
[2025-06-23T06:35:38.557+0000] {logging_mixin.py:190} INFO - [2025-06-23T06:35:38.556+0000] {dag.py:3239} INFO - Sync 1 DAGs
[2025-06-23T06:35:38.562+0000] {logging_mixin.py:190} INFO - [2025-06-23T06:35:38.562+0000] {dag.py:4180} INFO - Setting next_dagrun for example_task_group to None, run_after=None
[2025-06-23T06:35:38.569+0000] {processor.py:208} INFO - Processing /home/airflow/.local/lib/python3.12/site-packages/airflow/example_dags/example_task_group.py took 0.034 seconds
[2025-06-23T06:36:38.364+0000] {processor.py:186} INFO - Started process (PID=30602) to work on /home/airflow/.local/lib/python3.12/site-packages/airflow/example_dags/example_task_group.py
[2025-06-23T06:36:38.367+0000] {processor.py:914} INFO - Processing file /home/airflow/.local/lib/python3.12/site-packages/airflow/example_dags/example_task_group.py for tasks to queue
[2025-06-23T06:36:38.369+0000] {logging_mixin.py:190} INFO - [2025-06-23T06:36:38.368+0000] {dagbag.py:588} INFO - Filling up the DagBag from /home/airflow/.local/lib/python3.12/site-packages/airflow/example_dags/example_task_group.py
[2025-06-23T06:36:38.373+0000] {processor.py:925} INFO - DAG(s) 'example_task_group' retrieved from /home/airflow/.local/lib/python3.12/site-packages/airflow/example_dags/example_task_group.py
[2025-06-23T06:36:38.389+0000] {logging_mixin.py:190} INFO - [2025-06-23T06:36:38.389+0000] {dag.py:3239} INFO - Sync 1 DAGs
[2025-06-23T06:36:38.397+0000] {logging_mixin.py:190} INFO - [2025-06-23T06:36:38.397+0000] {dag.py:4180} INFO - Setting next_dagrun for example_task_group to None, run_after=None
[2025-06-23T06:36:38.409+0000] {processor.py:208} INFO - Processing /home/airflow/.local/lib/python3.12/site-packages/airflow/example_dags/example_task_group.py took 0.048 seconds
[2025-06-23T07:13:30.424+0000] {processor.py:186} INFO - Started process (PID=30680) to work on /home/airflow/.local/lib/python3.12/site-packages/airflow/example_dags/example_task_group.py
[2025-06-23T07:13:30.425+0000] {processor.py:914} INFO - Processing file /home/airflow/.local/lib/python3.12/site-packages/airflow/example_dags/example_task_group.py for tasks to queue
[2025-06-23T07:13:30.425+0000] {logging_mixin.py:190} INFO - [2025-06-23T07:13:30.425+0000] {dagbag.py:588} INFO - Filling up the DagBag from /home/airflow/.local/lib/python3.12/site-packages/airflow/example_dags/example_task_group.py
[2025-06-23T07:13:30.430+0000] {processor.py:925} INFO - DAG(s) 'example_task_group' retrieved from /home/airflow/.local/lib/python3.12/site-packages/airflow/example_dags/example_task_group.py
[2025-06-23T07:13:30.439+0000] {logging_mixin.py:190} INFO - [2025-06-23T07:13:30.438+0000] {dag.py:3239} INFO - Sync 1 DAGs
[2025-06-23T07:13:30.445+0000] {logging_mixin.py:190} INFO - [2025-06-23T07:13:30.445+0000] {dag.py:4180} INFO - Setting next_dagrun for example_task_group to None, run_after=None
[2025-06-23T07:13:30.455+0000] {processor.py:208} INFO - Processing /home/airflow/.local/lib/python3.12/site-packages/airflow/example_dags/example_task_group.py took 0.033 seconds
