[2025-06-23T00:35:49.793+0000] {processor.py:186} INFO - Started process (PID=28573) to work on /home/airflow/.local/lib/python3.12/site-packages/airflow/example_dags/example_dag_decorator.py
[2025-06-23T00:35:49.793+0000] {processor.py:914} INFO - Processing file /home/airflow/.local/lib/python3.12/site-packages/airflow/example_dags/example_dag_decorator.py for tasks to queue
[2025-06-23T00:35:49.794+0000] {logging_mixin.py:190} INFO - [2025-06-23T00:35:49.794+0000] {dagbag.py:588} INFO - Filling up the DagBag from /home/airflow/.local/lib/python3.12/site-packages/airflow/example_dags/example_dag_decorator.py
[2025-06-23T00:35:49.839+0000] {processor.py:925} INFO - DAG(s) 'example_dag_decorator' retrieved from /home/airflow/.local/lib/python3.12/site-packages/airflow/example_dags/example_dag_decorator.py
[2025-06-23T00:35:49.885+0000] {logging_mixin.py:190} INFO - [2025-06-23T00:35:49.885+0000] {dag.py:3239} INFO - Sync 1 DAGs
[2025-06-23T00:35:49.891+0000] {logging_mixin.py:190} INFO - [2025-06-23T00:35:49.891+0000] {dag.py:4180} INFO - Setting next_dagrun for example_dag_decorator to None, run_after=None
[2025-06-23T00:35:49.898+0000] {processor.py:208} INFO - Processing /home/airflow/.local/lib/python3.12/site-packages/airflow/example_dags/example_dag_decorator.py took 0.108 seconds
[2025-06-23T01:36:41.449+0000] {processor.py:186} INFO - Started process (PID=28651) to work on /home/airflow/.local/lib/python3.12/site-packages/airflow/example_dags/example_dag_decorator.py
[2025-06-23T01:36:41.449+0000] {processor.py:914} INFO - Processing file /home/airflow/.local/lib/python3.12/site-packages/airflow/example_dags/example_dag_decorator.py for tasks to queue
[2025-06-23T01:36:41.450+0000] {logging_mixin.py:190} INFO - [2025-06-23T01:36:41.449+0000] {dagbag.py:588} INFO - Filling up the DagBag from /home/airflow/.local/lib/python3.12/site-packages/airflow/example_dags/example_dag_decorator.py
[2025-06-23T01:36:41.498+0000] {processor.py:925} INFO - DAG(s) 'example_dag_decorator' retrieved from /home/airflow/.local/lib/python3.12/site-packages/airflow/example_dags/example_dag_decorator.py
[2025-06-23T01:36:41.555+0000] {logging_mixin.py:190} INFO - [2025-06-23T01:36:41.555+0000] {dag.py:3239} INFO - Sync 1 DAGs
[2025-06-23T01:36:41.560+0000] {logging_mixin.py:190} INFO - [2025-06-23T01:36:41.560+0000] {dag.py:4180} INFO - Setting next_dagrun for example_dag_decorator to None, run_after=None
[2025-06-23T01:36:41.567+0000] {processor.py:208} INFO - Processing /home/airflow/.local/lib/python3.12/site-packages/airflow/example_dags/example_dag_decorator.py took 0.121 seconds
[2025-06-23T01:37:11.597+0000] {processor.py:186} INFO - Started process (PID=28730) to work on /home/airflow/.local/lib/python3.12/site-packages/airflow/example_dags/example_dag_decorator.py
[2025-06-23T01:37:11.598+0000] {processor.py:914} INFO - Processing file /home/airflow/.local/lib/python3.12/site-packages/airflow/example_dags/example_dag_decorator.py for tasks to queue
[2025-06-23T01:37:11.598+0000] {logging_mixin.py:190} INFO - [2025-06-23T01:37:11.598+0000] {dagbag.py:588} INFO - Filling up the DagBag from /home/airflow/.local/lib/python3.12/site-packages/airflow/example_dags/example_dag_decorator.py
[2025-06-23T01:37:11.645+0000] {processor.py:925} INFO - DAG(s) 'example_dag_decorator' retrieved from /home/airflow/.local/lib/python3.12/site-packages/airflow/example_dags/example_dag_decorator.py
[2025-06-23T01:37:11.713+0000] {logging_mixin.py:190} INFO - [2025-06-23T01:37:11.713+0000] {dag.py:3239} INFO - Sync 1 DAGs
[2025-06-23T01:37:11.720+0000] {logging_mixin.py:190} INFO - [2025-06-23T01:37:11.720+0000] {dag.py:4180} INFO - Setting next_dagrun for example_dag_decorator to None, run_after=None
[2025-06-23T01:37:11.733+0000] {processor.py:208} INFO - Processing /home/airflow/.local/lib/python3.12/site-packages/airflow/example_dags/example_dag_decorator.py took 0.140 seconds
[2025-06-23T02:28:28.739+0000] {processor.py:186} INFO - Started process (PID=28807) to work on /home/airflow/.local/lib/python3.12/site-packages/airflow/example_dags/example_dag_decorator.py
[2025-06-23T02:28:28.743+0000] {processor.py:914} INFO - Processing file /home/airflow/.local/lib/python3.12/site-packages/airflow/example_dags/example_dag_decorator.py for tasks to queue
[2025-06-23T02:28:28.744+0000] {logging_mixin.py:190} INFO - [2025-06-23T02:28:28.744+0000] {dagbag.py:588} INFO - Filling up the DagBag from /home/airflow/.local/lib/python3.12/site-packages/airflow/example_dags/example_dag_decorator.py
[2025-06-23T02:28:28.804+0000] {processor.py:925} INFO - DAG(s) 'example_dag_decorator' retrieved from /home/airflow/.local/lib/python3.12/site-packages/airflow/example_dags/example_dag_decorator.py
[2025-06-23T02:28:28.866+0000] {logging_mixin.py:190} INFO - [2025-06-23T02:28:28.866+0000] {dag.py:3239} INFO - Sync 1 DAGs
[2025-06-23T02:28:28.872+0000] {logging_mixin.py:190} INFO - [2025-06-23T02:28:28.872+0000] {dag.py:4180} INFO - Setting next_dagrun for example_dag_decorator to None, run_after=None
[2025-06-23T02:28:28.886+0000] {processor.py:208} INFO - Processing /home/airflow/.local/lib/python3.12/site-packages/airflow/example_dags/example_dag_decorator.py took 0.150 seconds
[2025-06-23T02:38:08.924+0000] {processor.py:186} INFO - Started process (PID=28885) to work on /home/airflow/.local/lib/python3.12/site-packages/airflow/example_dags/example_dag_decorator.py
[2025-06-23T02:38:08.925+0000] {processor.py:914} INFO - Processing file /home/airflow/.local/lib/python3.12/site-packages/airflow/example_dags/example_dag_decorator.py for tasks to queue
[2025-06-23T02:38:08.925+0000] {logging_mixin.py:190} INFO - [2025-06-23T02:38:08.925+0000] {dagbag.py:588} INFO - Filling up the DagBag from /home/airflow/.local/lib/python3.12/site-packages/airflow/example_dags/example_dag_decorator.py
[2025-06-23T02:38:08.972+0000] {processor.py:925} INFO - DAG(s) 'example_dag_decorator' retrieved from /home/airflow/.local/lib/python3.12/site-packages/airflow/example_dags/example_dag_decorator.py
[2025-06-23T02:38:09.018+0000] {logging_mixin.py:190} INFO - [2025-06-23T02:38:09.018+0000] {dag.py:3239} INFO - Sync 1 DAGs
[2025-06-23T02:38:09.023+0000] {logging_mixin.py:190} INFO - [2025-06-23T02:38:09.023+0000] {dag.py:4180} INFO - Setting next_dagrun for example_dag_decorator to None, run_after=None
[2025-06-23T02:38:09.029+0000] {processor.py:208} INFO - Processing /home/airflow/.local/lib/python3.12/site-packages/airflow/example_dags/example_dag_decorator.py took 0.107 seconds
[2025-06-23T03:10:45.724+0000] {processor.py:186} INFO - Started process (PID=28963) to work on /home/airflow/.local/lib/python3.12/site-packages/airflow/example_dags/example_dag_decorator.py
[2025-06-23T03:10:45.725+0000] {processor.py:914} INFO - Processing file /home/airflow/.local/lib/python3.12/site-packages/airflow/example_dags/example_dag_decorator.py for tasks to queue
[2025-06-23T03:10:45.726+0000] {logging_mixin.py:190} INFO - [2025-06-23T03:10:45.725+0000] {dagbag.py:588} INFO - Filling up the DagBag from /home/airflow/.local/lib/python3.12/site-packages/airflow/example_dags/example_dag_decorator.py
[2025-06-23T03:10:45.801+0000] {processor.py:925} INFO - DAG(s) 'example_dag_decorator' retrieved from /home/airflow/.local/lib/python3.12/site-packages/airflow/example_dags/example_dag_decorator.py
[2025-06-23T03:10:45.865+0000] {logging_mixin.py:190} INFO - [2025-06-23T03:10:45.865+0000] {dag.py:3239} INFO - Sync 1 DAGs
[2025-06-23T03:10:45.873+0000] {logging_mixin.py:190} INFO - [2025-06-23T03:10:45.872+0000] {dag.py:4180} INFO - Setting next_dagrun for example_dag_decorator to None, run_after=None
[2025-06-23T03:10:45.887+0000] {processor.py:208} INFO - Processing /home/airflow/.local/lib/python3.12/site-packages/airflow/example_dags/example_dag_decorator.py took 0.166 seconds
[2025-06-23T03:38:54.282+0000] {processor.py:186} INFO - Started process (PID=29041) to work on /home/airflow/.local/lib/python3.12/site-packages/airflow/example_dags/example_dag_decorator.py
[2025-06-23T03:38:54.283+0000] {processor.py:914} INFO - Processing file /home/airflow/.local/lib/python3.12/site-packages/airflow/example_dags/example_dag_decorator.py for tasks to queue
[2025-06-23T03:38:54.283+0000] {logging_mixin.py:190} INFO - [2025-06-23T03:38:54.283+0000] {dagbag.py:588} INFO - Filling up the DagBag from /home/airflow/.local/lib/python3.12/site-packages/airflow/example_dags/example_dag_decorator.py
[2025-06-23T03:38:54.338+0000] {processor.py:925} INFO - DAG(s) 'example_dag_decorator' retrieved from /home/airflow/.local/lib/python3.12/site-packages/airflow/example_dags/example_dag_decorator.py
[2025-06-23T03:38:54.398+0000] {logging_mixin.py:190} INFO - [2025-06-23T03:38:54.398+0000] {dag.py:3239} INFO - Sync 1 DAGs
[2025-06-23T03:38:54.403+0000] {logging_mixin.py:190} INFO - [2025-06-23T03:38:54.403+0000] {dag.py:4180} INFO - Setting next_dagrun for example_dag_decorator to None, run_after=None
[2025-06-23T03:38:54.409+0000] {processor.py:208} INFO - Processing /home/airflow/.local/lib/python3.12/site-packages/airflow/example_dags/example_dag_decorator.py took 0.129 seconds
[2025-06-23T04:39:46.708+0000] {processor.py:186} INFO - Started process (PID=29119) to work on /home/airflow/.local/lib/python3.12/site-packages/airflow/example_dags/example_dag_decorator.py
[2025-06-23T04:39:46.711+0000] {processor.py:914} INFO - Processing file /home/airflow/.local/lib/python3.12/site-packages/airflow/example_dags/example_dag_decorator.py for tasks to queue
[2025-06-23T04:39:46.712+0000] {logging_mixin.py:190} INFO - [2025-06-23T04:39:46.712+0000] {dagbag.py:588} INFO - Filling up the DagBag from /home/airflow/.local/lib/python3.12/site-packages/airflow/example_dags/example_dag_decorator.py
[2025-06-23T04:39:46.759+0000] {processor.py:925} INFO - DAG(s) 'example_dag_decorator' retrieved from /home/airflow/.local/lib/python3.12/site-packages/airflow/example_dags/example_dag_decorator.py
[2025-06-23T04:39:46.810+0000] {logging_mixin.py:190} INFO - [2025-06-23T04:39:46.810+0000] {dag.py:3239} INFO - Sync 1 DAGs
[2025-06-23T04:39:46.815+0000] {logging_mixin.py:190} INFO - [2025-06-23T04:39:46.814+0000] {dag.py:4180} INFO - Setting next_dagrun for example_dag_decorator to None, run_after=None
[2025-06-23T04:39:46.828+0000] {processor.py:208} INFO - Processing /home/airflow/.local/lib/python3.12/site-packages/airflow/example_dags/example_dag_decorator.py took 0.122 seconds
[2025-06-23T05:32:39.448+0000] {processor.py:186} INFO - Started process (PID=29197) to work on /home/airflow/.local/lib/python3.12/site-packages/airflow/example_dags/example_dag_decorator.py
[2025-06-23T05:32:39.449+0000] {processor.py:914} INFO - Processing file /home/airflow/.local/lib/python3.12/site-packages/airflow/example_dags/example_dag_decorator.py for tasks to queue
[2025-06-23T05:32:39.449+0000] {logging_mixin.py:190} INFO - [2025-06-23T05:32:39.449+0000] {dagbag.py:588} INFO - Filling up the DagBag from /home/airflow/.local/lib/python3.12/site-packages/airflow/example_dags/example_dag_decorator.py
[2025-06-23T05:32:39.516+0000] {processor.py:925} INFO - DAG(s) 'example_dag_decorator' retrieved from /home/airflow/.local/lib/python3.12/site-packages/airflow/example_dags/example_dag_decorator.py
[2025-06-23T05:32:39.623+0000] {logging_mixin.py:190} INFO - [2025-06-23T05:32:39.623+0000] {dag.py:3239} INFO - Sync 1 DAGs
[2025-06-23T05:32:39.644+0000] {logging_mixin.py:190} INFO - [2025-06-23T05:32:39.643+0000] {dag.py:4180} INFO - Setting next_dagrun for example_dag_decorator to None, run_after=None
[2025-06-23T05:32:39.661+0000] {processor.py:208} INFO - Processing /home/airflow/.local/lib/python3.12/site-packages/airflow/example_dags/example_dag_decorator.py took 0.216 seconds
[2025-06-23T05:33:10.558+0000] {processor.py:186} INFO - Started process (PID=29275) to work on /home/airflow/.local/lib/python3.12/site-packages/airflow/example_dags/example_dag_decorator.py
[2025-06-23T05:33:10.561+0000] {processor.py:914} INFO - Processing file /home/airflow/.local/lib/python3.12/site-packages/airflow/example_dags/example_dag_decorator.py for tasks to queue
[2025-06-23T05:33:10.562+0000] {logging_mixin.py:190} INFO - [2025-06-23T05:33:10.562+0000] {dagbag.py:588} INFO - Filling up the DagBag from /home/airflow/.local/lib/python3.12/site-packages/airflow/example_dags/example_dag_decorator.py
[2025-06-23T05:33:10.656+0000] {processor.py:925} INFO - DAG(s) 'example_dag_decorator' retrieved from /home/airflow/.local/lib/python3.12/site-packages/airflow/example_dags/example_dag_decorator.py
[2025-06-23T05:33:10.794+0000] {logging_mixin.py:190} INFO - [2025-06-23T05:33:10.794+0000] {dag.py:3239} INFO - Sync 1 DAGs
[2025-06-23T05:33:10.807+0000] {logging_mixin.py:190} INFO - [2025-06-23T05:33:10.806+0000] {dag.py:4180} INFO - Setting next_dagrun for example_dag_decorator to None, run_after=None
[2025-06-23T05:33:10.820+0000] {processor.py:208} INFO - Processing /home/airflow/.local/lib/python3.12/site-packages/airflow/example_dags/example_dag_decorator.py took 0.267 seconds
[2025-06-23T05:33:41.007+0000] {processor.py:186} INFO - Started process (PID=29353) to work on /home/airflow/.local/lib/python3.12/site-packages/airflow/example_dags/example_dag_decorator.py
[2025-06-23T05:33:41.008+0000] {processor.py:914} INFO - Processing file /home/airflow/.local/lib/python3.12/site-packages/airflow/example_dags/example_dag_decorator.py for tasks to queue
[2025-06-23T05:33:41.009+0000] {logging_mixin.py:190} INFO - [2025-06-23T05:33:41.009+0000] {dagbag.py:588} INFO - Filling up the DagBag from /home/airflow/.local/lib/python3.12/site-packages/airflow/example_dags/example_dag_decorator.py
[2025-06-23T05:33:41.071+0000] {processor.py:925} INFO - DAG(s) 'example_dag_decorator' retrieved from /home/airflow/.local/lib/python3.12/site-packages/airflow/example_dags/example_dag_decorator.py
[2025-06-23T05:33:41.144+0000] {logging_mixin.py:190} INFO - [2025-06-23T05:33:41.144+0000] {dag.py:3239} INFO - Sync 1 DAGs
[2025-06-23T05:33:41.152+0000] {logging_mixin.py:190} INFO - [2025-06-23T05:33:41.151+0000] {dag.py:4180} INFO - Setting next_dagrun for example_dag_decorator to None, run_after=None
[2025-06-23T05:33:41.166+0000] {processor.py:208} INFO - Processing /home/airflow/.local/lib/python3.12/site-packages/airflow/example_dags/example_dag_decorator.py took 0.163 seconds
[2025-06-23T05:34:13.752+0000] {processor.py:186} INFO - Started process (PID=29431) to work on /home/airflow/.local/lib/python3.12/site-packages/airflow/example_dags/example_dag_decorator.py
[2025-06-23T05:34:13.757+0000] {processor.py:914} INFO - Processing file /home/airflow/.local/lib/python3.12/site-packages/airflow/example_dags/example_dag_decorator.py for tasks to queue
[2025-06-23T05:34:13.760+0000] {logging_mixin.py:190} INFO - [2025-06-23T05:34:13.759+0000] {dagbag.py:588} INFO - Filling up the DagBag from /home/airflow/.local/lib/python3.12/site-packages/airflow/example_dags/example_dag_decorator.py
[2025-06-23T05:34:14.169+0000] {processor.py:925} INFO - DAG(s) 'example_dag_decorator' retrieved from /home/airflow/.local/lib/python3.12/site-packages/airflow/example_dags/example_dag_decorator.py
[2025-06-23T05:34:14.708+0000] {logging_mixin.py:190} INFO - [2025-06-23T05:34:14.707+0000] {dag.py:3239} INFO - Sync 1 DAGs
[2025-06-23T05:34:14.756+0000] {logging_mixin.py:190} INFO - [2025-06-23T05:34:14.755+0000] {dag.py:4180} INFO - Setting next_dagrun for example_dag_decorator to None, run_after=None
[2025-06-23T05:34:14.896+0000] {processor.py:208} INFO - Processing /home/airflow/.local/lib/python3.12/site-packages/airflow/example_dags/example_dag_decorator.py took 1.158 seconds
[2025-06-23T05:34:46.017+0000] {processor.py:186} INFO - Started process (PID=29509) to work on /home/airflow/.local/lib/python3.12/site-packages/airflow/example_dags/example_dag_decorator.py
[2025-06-23T05:34:46.031+0000] {processor.py:914} INFO - Processing file /home/airflow/.local/lib/python3.12/site-packages/airflow/example_dags/example_dag_decorator.py for tasks to queue
[2025-06-23T05:34:46.035+0000] {logging_mixin.py:190} INFO - [2025-06-23T05:34:46.034+0000] {dagbag.py:588} INFO - Filling up the DagBag from /home/airflow/.local/lib/python3.12/site-packages/airflow/example_dags/example_dag_decorator.py
[2025-06-23T05:34:46.387+0000] {processor.py:925} INFO - DAG(s) 'example_dag_decorator' retrieved from /home/airflow/.local/lib/python3.12/site-packages/airflow/example_dags/example_dag_decorator.py
[2025-06-23T05:34:46.898+0000] {logging_mixin.py:190} INFO - [2025-06-23T05:34:46.897+0000] {dag.py:3239} INFO - Sync 1 DAGs
[2025-06-23T05:34:46.990+0000] {logging_mixin.py:190} INFO - [2025-06-23T05:34:46.989+0000] {dag.py:4180} INFO - Setting next_dagrun for example_dag_decorator to None, run_after=None
[2025-06-23T05:34:47.098+0000] {processor.py:208} INFO - Processing /home/airflow/.local/lib/python3.12/site-packages/airflow/example_dags/example_dag_decorator.py took 1.096 seconds
[2025-06-23T05:35:18.624+0000] {processor.py:186} INFO - Started process (PID=29587) to work on /home/airflow/.local/lib/python3.12/site-packages/airflow/example_dags/example_dag_decorator.py
[2025-06-23T05:35:18.628+0000] {processor.py:914} INFO - Processing file /home/airflow/.local/lib/python3.12/site-packages/airflow/example_dags/example_dag_decorator.py for tasks to queue
[2025-06-23T05:35:18.631+0000] {logging_mixin.py:190} INFO - [2025-06-23T05:35:18.630+0000] {dagbag.py:588} INFO - Filling up the DagBag from /home/airflow/.local/lib/python3.12/site-packages/airflow/example_dags/example_dag_decorator.py
[2025-06-23T05:35:18.954+0000] {processor.py:925} INFO - DAG(s) 'example_dag_decorator' retrieved from /home/airflow/.local/lib/python3.12/site-packages/airflow/example_dags/example_dag_decorator.py
[2025-06-23T05:35:19.295+0000] {logging_mixin.py:190} INFO - [2025-06-23T05:35:19.295+0000] {dag.py:3239} INFO - Sync 1 DAGs
[2025-06-23T05:35:19.338+0000] {logging_mixin.py:190} INFO - [2025-06-23T05:35:19.337+0000] {dag.py:4180} INFO - Setting next_dagrun for example_dag_decorator to None, run_after=None
[2025-06-23T05:35:19.415+0000] {processor.py:208} INFO - Processing /home/airflow/.local/lib/python3.12/site-packages/airflow/example_dags/example_dag_decorator.py took 0.820 seconds
[2025-06-23T05:35:50.185+0000] {processor.py:186} INFO - Started process (PID=29665) to work on /home/airflow/.local/lib/python3.12/site-packages/airflow/example_dags/example_dag_decorator.py
[2025-06-23T05:35:50.186+0000] {processor.py:914} INFO - Processing file /home/airflow/.local/lib/python3.12/site-packages/airflow/example_dags/example_dag_decorator.py for tasks to queue
[2025-06-23T05:35:50.188+0000] {logging_mixin.py:190} INFO - [2025-06-23T05:35:50.187+0000] {dagbag.py:588} INFO - Filling up the DagBag from /home/airflow/.local/lib/python3.12/site-packages/airflow/example_dags/example_dag_decorator.py
[2025-06-23T05:35:50.244+0000] {processor.py:925} INFO - DAG(s) 'example_dag_decorator' retrieved from /home/airflow/.local/lib/python3.12/site-packages/airflow/example_dags/example_dag_decorator.py
[2025-06-23T05:35:50.297+0000] {logging_mixin.py:190} INFO - [2025-06-23T05:35:50.297+0000] {dag.py:3239} INFO - Sync 1 DAGs
[2025-06-23T05:35:50.302+0000] {logging_mixin.py:190} INFO - [2025-06-23T05:35:50.302+0000] {dag.py:4180} INFO - Setting next_dagrun for example_dag_decorator to None, run_after=None
[2025-06-23T05:35:50.312+0000] {processor.py:208} INFO - Processing /home/airflow/.local/lib/python3.12/site-packages/airflow/example_dags/example_dag_decorator.py took 0.133 seconds
[2025-06-23T05:36:20.607+0000] {processor.py:186} INFO - Started process (PID=29743) to work on /home/airflow/.local/lib/python3.12/site-packages/airflow/example_dags/example_dag_decorator.py
[2025-06-23T05:36:20.608+0000] {processor.py:914} INFO - Processing file /home/airflow/.local/lib/python3.12/site-packages/airflow/example_dags/example_dag_decorator.py for tasks to queue
[2025-06-23T05:36:20.609+0000] {logging_mixin.py:190} INFO - [2025-06-23T05:36:20.609+0000] {dagbag.py:588} INFO - Filling up the DagBag from /home/airflow/.local/lib/python3.12/site-packages/airflow/example_dags/example_dag_decorator.py
[2025-06-23T05:36:20.666+0000] {processor.py:925} INFO - DAG(s) 'example_dag_decorator' retrieved from /home/airflow/.local/lib/python3.12/site-packages/airflow/example_dags/example_dag_decorator.py
[2025-06-23T05:36:20.718+0000] {logging_mixin.py:190} INFO - [2025-06-23T05:36:20.718+0000] {dag.py:3239} INFO - Sync 1 DAGs
[2025-06-23T05:36:20.724+0000] {logging_mixin.py:190} INFO - [2025-06-23T05:36:20.724+0000] {dag.py:4180} INFO - Setting next_dagrun for example_dag_decorator to None, run_after=None
[2025-06-23T05:36:20.736+0000] {processor.py:208} INFO - Processing /home/airflow/.local/lib/python3.12/site-packages/airflow/example_dags/example_dag_decorator.py took 0.135 seconds
[2025-06-23T05:36:50.852+0000] {processor.py:186} INFO - Started process (PID=29821) to work on /home/airflow/.local/lib/python3.12/site-packages/airflow/example_dags/example_dag_decorator.py
[2025-06-23T05:36:50.853+0000] {processor.py:914} INFO - Processing file /home/airflow/.local/lib/python3.12/site-packages/airflow/example_dags/example_dag_decorator.py for tasks to queue
[2025-06-23T05:36:50.855+0000] {logging_mixin.py:190} INFO - [2025-06-23T05:36:50.854+0000] {dagbag.py:588} INFO - Filling up the DagBag from /home/airflow/.local/lib/python3.12/site-packages/airflow/example_dags/example_dag_decorator.py
[2025-06-23T05:36:50.905+0000] {processor.py:925} INFO - DAG(s) 'example_dag_decorator' retrieved from /home/airflow/.local/lib/python3.12/site-packages/airflow/example_dags/example_dag_decorator.py
[2025-06-23T05:36:50.953+0000] {logging_mixin.py:190} INFO - [2025-06-23T05:36:50.953+0000] {dag.py:3239} INFO - Sync 1 DAGs
[2025-06-23T05:36:50.958+0000] {logging_mixin.py:190} INFO - [2025-06-23T05:36:50.958+0000] {dag.py:4180} INFO - Setting next_dagrun for example_dag_decorator to None, run_after=None
[2025-06-23T05:36:50.970+0000] {processor.py:208} INFO - Processing /home/airflow/.local/lib/python3.12/site-packages/airflow/example_dags/example_dag_decorator.py took 0.124 seconds
[2025-06-23T05:37:21.180+0000] {processor.py:186} INFO - Started process (PID=29899) to work on /home/airflow/.local/lib/python3.12/site-packages/airflow/example_dags/example_dag_decorator.py
[2025-06-23T05:37:21.181+0000] {processor.py:914} INFO - Processing file /home/airflow/.local/lib/python3.12/site-packages/airflow/example_dags/example_dag_decorator.py for tasks to queue
[2025-06-23T05:37:21.182+0000] {logging_mixin.py:190} INFO - [2025-06-23T05:37:21.182+0000] {dagbag.py:588} INFO - Filling up the DagBag from /home/airflow/.local/lib/python3.12/site-packages/airflow/example_dags/example_dag_decorator.py
[2025-06-23T05:37:21.231+0000] {processor.py:925} INFO - DAG(s) 'example_dag_decorator' retrieved from /home/airflow/.local/lib/python3.12/site-packages/airflow/example_dags/example_dag_decorator.py
[2025-06-23T05:37:21.279+0000] {logging_mixin.py:190} INFO - [2025-06-23T05:37:21.279+0000] {dag.py:3239} INFO - Sync 1 DAGs
[2025-06-23T05:37:21.287+0000] {logging_mixin.py:190} INFO - [2025-06-23T05:37:21.287+0000] {dag.py:4180} INFO - Setting next_dagrun for example_dag_decorator to None, run_after=None
[2025-06-23T05:37:21.297+0000] {processor.py:208} INFO - Processing /home/airflow/.local/lib/python3.12/site-packages/airflow/example_dags/example_dag_decorator.py took 0.120 seconds
[2025-06-23T05:37:52.141+0000] {processor.py:186} INFO - Started process (PID=29977) to work on /home/airflow/.local/lib/python3.12/site-packages/airflow/example_dags/example_dag_decorator.py
[2025-06-23T05:37:52.142+0000] {processor.py:914} INFO - Processing file /home/airflow/.local/lib/python3.12/site-packages/airflow/example_dags/example_dag_decorator.py for tasks to queue
[2025-06-23T05:37:52.142+0000] {logging_mixin.py:190} INFO - [2025-06-23T05:37:52.142+0000] {dagbag.py:588} INFO - Filling up the DagBag from /home/airflow/.local/lib/python3.12/site-packages/airflow/example_dags/example_dag_decorator.py
[2025-06-23T05:37:52.180+0000] {processor.py:925} INFO - DAG(s) 'example_dag_decorator' retrieved from /home/airflow/.local/lib/python3.12/site-packages/airflow/example_dags/example_dag_decorator.py
[2025-06-23T05:37:52.228+0000] {logging_mixin.py:190} INFO - [2025-06-23T05:37:52.228+0000] {dag.py:3239} INFO - Sync 1 DAGs
[2025-06-23T05:37:52.233+0000] {logging_mixin.py:190} INFO - [2025-06-23T05:37:52.233+0000] {dag.py:4180} INFO - Setting next_dagrun for example_dag_decorator to None, run_after=None
[2025-06-23T05:37:52.242+0000] {processor.py:208} INFO - Processing /home/airflow/.local/lib/python3.12/site-packages/airflow/example_dags/example_dag_decorator.py took 0.104 seconds
[2025-06-23T05:38:22.850+0000] {processor.py:186} INFO - Started process (PID=30055) to work on /home/airflow/.local/lib/python3.12/site-packages/airflow/example_dags/example_dag_decorator.py
[2025-06-23T05:38:22.851+0000] {processor.py:914} INFO - Processing file /home/airflow/.local/lib/python3.12/site-packages/airflow/example_dags/example_dag_decorator.py for tasks to queue
[2025-06-23T05:38:22.852+0000] {logging_mixin.py:190} INFO - [2025-06-23T05:38:22.852+0000] {dagbag.py:588} INFO - Filling up the DagBag from /home/airflow/.local/lib/python3.12/site-packages/airflow/example_dags/example_dag_decorator.py
[2025-06-23T05:38:22.920+0000] {processor.py:925} INFO - DAG(s) 'example_dag_decorator' retrieved from /home/airflow/.local/lib/python3.12/site-packages/airflow/example_dags/example_dag_decorator.py
[2025-06-23T05:38:22.973+0000] {logging_mixin.py:190} INFO - [2025-06-23T05:38:22.973+0000] {dag.py:3239} INFO - Sync 1 DAGs
[2025-06-23T05:38:22.979+0000] {logging_mixin.py:190} INFO - [2025-06-23T05:38:22.979+0000] {dag.py:4180} INFO - Setting next_dagrun for example_dag_decorator to None, run_after=None
[2025-06-23T05:38:22.991+0000] {processor.py:208} INFO - Processing /home/airflow/.local/lib/python3.12/site-packages/airflow/example_dags/example_dag_decorator.py took 0.146 seconds
[2025-06-23T05:38:53.840+0000] {processor.py:186} INFO - Started process (PID=30133) to work on /home/airflow/.local/lib/python3.12/site-packages/airflow/example_dags/example_dag_decorator.py
[2025-06-23T05:38:53.841+0000] {processor.py:914} INFO - Processing file /home/airflow/.local/lib/python3.12/site-packages/airflow/example_dags/example_dag_decorator.py for tasks to queue
[2025-06-23T05:38:53.841+0000] {logging_mixin.py:190} INFO - [2025-06-23T05:38:53.841+0000] {dagbag.py:588} INFO - Filling up the DagBag from /home/airflow/.local/lib/python3.12/site-packages/airflow/example_dags/example_dag_decorator.py
[2025-06-23T05:38:53.887+0000] {processor.py:925} INFO - DAG(s) 'example_dag_decorator' retrieved from /home/airflow/.local/lib/python3.12/site-packages/airflow/example_dags/example_dag_decorator.py
[2025-06-23T05:38:53.935+0000] {logging_mixin.py:190} INFO - [2025-06-23T05:38:53.935+0000] {dag.py:3239} INFO - Sync 1 DAGs
[2025-06-23T05:38:53.940+0000] {logging_mixin.py:190} INFO - [2025-06-23T05:38:53.940+0000] {dag.py:4180} INFO - Setting next_dagrun for example_dag_decorator to None, run_after=None
[2025-06-23T05:38:53.947+0000] {processor.py:208} INFO - Processing /home/airflow/.local/lib/python3.12/site-packages/airflow/example_dags/example_dag_decorator.py took 0.110 seconds
[2025-06-23T05:39:24.152+0000] {processor.py:186} INFO - Started process (PID=30211) to work on /home/airflow/.local/lib/python3.12/site-packages/airflow/example_dags/example_dag_decorator.py
[2025-06-23T05:39:24.153+0000] {processor.py:914} INFO - Processing file /home/airflow/.local/lib/python3.12/site-packages/airflow/example_dags/example_dag_decorator.py for tasks to queue
[2025-06-23T05:39:24.154+0000] {logging_mixin.py:190} INFO - [2025-06-23T05:39:24.154+0000] {dagbag.py:588} INFO - Filling up the DagBag from /home/airflow/.local/lib/python3.12/site-packages/airflow/example_dags/example_dag_decorator.py
[2025-06-23T05:39:24.216+0000] {processor.py:925} INFO - DAG(s) 'example_dag_decorator' retrieved from /home/airflow/.local/lib/python3.12/site-packages/airflow/example_dags/example_dag_decorator.py
[2025-06-23T05:39:24.268+0000] {logging_mixin.py:190} INFO - [2025-06-23T05:39:24.268+0000] {dag.py:3239} INFO - Sync 1 DAGs
[2025-06-23T05:39:24.272+0000] {logging_mixin.py:190} INFO - [2025-06-23T05:39:24.272+0000] {dag.py:4180} INFO - Setting next_dagrun for example_dag_decorator to None, run_after=None
[2025-06-23T05:39:24.283+0000] {processor.py:208} INFO - Processing /home/airflow/.local/lib/python3.12/site-packages/airflow/example_dags/example_dag_decorator.py took 0.137 seconds
[2025-06-23T06:25:47.684+0000] {processor.py:186} INFO - Started process (PID=30264) to work on /home/airflow/.local/lib/python3.12/site-packages/airflow/example_dags/example_dag_decorator.py
[2025-06-23T06:25:47.686+0000] {processor.py:914} INFO - Processing file /home/airflow/.local/lib/python3.12/site-packages/airflow/example_dags/example_dag_decorator.py for tasks to queue
[2025-06-23T06:25:47.686+0000] {logging_mixin.py:190} INFO - [2025-06-23T06:25:47.686+0000] {dagbag.py:588} INFO - Filling up the DagBag from /home/airflow/.local/lib/python3.12/site-packages/airflow/example_dags/example_dag_decorator.py
[2025-06-23T06:25:47.746+0000] {processor.py:925} INFO - DAG(s) 'example_dag_decorator' retrieved from /home/airflow/.local/lib/python3.12/site-packages/airflow/example_dags/example_dag_decorator.py
[2025-06-23T06:25:47.799+0000] {logging_mixin.py:190} INFO - [2025-06-23T06:25:47.799+0000] {dag.py:3239} INFO - Sync 1 DAGs
[2025-06-23T06:25:47.805+0000] {logging_mixin.py:190} INFO - [2025-06-23T06:25:47.805+0000] {dag.py:4180} INFO - Setting next_dagrun for example_dag_decorator to None, run_after=None
[2025-06-23T06:25:47.812+0000] {processor.py:208} INFO - Processing /home/airflow/.local/lib/python3.12/site-packages/airflow/example_dags/example_dag_decorator.py took 0.132 seconds
[2025-06-23T06:27:12.044+0000] {processor.py:186} INFO - Started process (PID=30342) to work on /home/airflow/.local/lib/python3.12/site-packages/airflow/example_dags/example_dag_decorator.py
[2025-06-23T06:27:12.045+0000] {processor.py:914} INFO - Processing file /home/airflow/.local/lib/python3.12/site-packages/airflow/example_dags/example_dag_decorator.py for tasks to queue
[2025-06-23T06:27:12.046+0000] {logging_mixin.py:190} INFO - [2025-06-23T06:27:12.045+0000] {dagbag.py:588} INFO - Filling up the DagBag from /home/airflow/.local/lib/python3.12/site-packages/airflow/example_dags/example_dag_decorator.py
[2025-06-23T06:27:12.098+0000] {processor.py:925} INFO - DAG(s) 'example_dag_decorator' retrieved from /home/airflow/.local/lib/python3.12/site-packages/airflow/example_dags/example_dag_decorator.py
[2025-06-23T06:27:12.166+0000] {logging_mixin.py:190} INFO - [2025-06-23T06:27:12.166+0000] {dag.py:3239} INFO - Sync 1 DAGs
[2025-06-23T06:27:12.171+0000] {logging_mixin.py:190} INFO - [2025-06-23T06:27:12.171+0000] {dag.py:4180} INFO - Setting next_dagrun for example_dag_decorator to None, run_after=None
[2025-06-23T06:27:12.179+0000] {processor.py:208} INFO - Processing /home/airflow/.local/lib/python3.12/site-packages/airflow/example_dags/example_dag_decorator.py took 0.138 seconds
[2025-06-23T06:34:08.207+0000] {processor.py:186} INFO - Started process (PID=30420) to work on /home/airflow/.local/lib/python3.12/site-packages/airflow/example_dags/example_dag_decorator.py
[2025-06-23T06:34:08.207+0000] {processor.py:914} INFO - Processing file /home/airflow/.local/lib/python3.12/site-packages/airflow/example_dags/example_dag_decorator.py for tasks to queue
[2025-06-23T06:34:08.208+0000] {logging_mixin.py:190} INFO - [2025-06-23T06:34:08.208+0000] {dagbag.py:588} INFO - Filling up the DagBag from /home/airflow/.local/lib/python3.12/site-packages/airflow/example_dags/example_dag_decorator.py
[2025-06-23T06:34:08.259+0000] {processor.py:925} INFO - DAG(s) 'example_dag_decorator' retrieved from /home/airflow/.local/lib/python3.12/site-packages/airflow/example_dags/example_dag_decorator.py
[2025-06-23T06:34:08.307+0000] {logging_mixin.py:190} INFO - [2025-06-23T06:34:08.307+0000] {dag.py:3239} INFO - Sync 1 DAGs
[2025-06-23T06:34:08.312+0000] {logging_mixin.py:190} INFO - [2025-06-23T06:34:08.312+0000] {dag.py:4180} INFO - Setting next_dagrun for example_dag_decorator to None, run_after=None
[2025-06-23T06:34:08.322+0000] {processor.py:208} INFO - Processing /home/airflow/.local/lib/python3.12/site-packages/airflow/example_dags/example_dag_decorator.py took 0.118 seconds
[2025-06-23T06:35:37.276+0000] {processor.py:186} INFO - Started process (PID=30498) to work on /home/airflow/.local/lib/python3.12/site-packages/airflow/example_dags/example_dag_decorator.py
[2025-06-23T06:35:37.277+0000] {processor.py:914} INFO - Processing file /home/airflow/.local/lib/python3.12/site-packages/airflow/example_dags/example_dag_decorator.py for tasks to queue
[2025-06-23T06:35:37.277+0000] {logging_mixin.py:190} INFO - [2025-06-23T06:35:37.277+0000] {dagbag.py:588} INFO - Filling up the DagBag from /home/airflow/.local/lib/python3.12/site-packages/airflow/example_dags/example_dag_decorator.py
[2025-06-23T06:35:37.317+0000] {processor.py:925} INFO - DAG(s) 'example_dag_decorator' retrieved from /home/airflow/.local/lib/python3.12/site-packages/airflow/example_dags/example_dag_decorator.py
[2025-06-23T06:35:37.357+0000] {logging_mixin.py:190} INFO - [2025-06-23T06:35:37.357+0000] {dag.py:3239} INFO - Sync 1 DAGs
[2025-06-23T06:35:37.361+0000] {logging_mixin.py:190} INFO - [2025-06-23T06:35:37.361+0000] {dag.py:4180} INFO - Setting next_dagrun for example_dag_decorator to None, run_after=None
[2025-06-23T06:35:37.368+0000] {processor.py:208} INFO - Processing /home/airflow/.local/lib/python3.12/site-packages/airflow/example_dags/example_dag_decorator.py took 0.094 seconds
[2025-06-23T06:36:36.529+0000] {processor.py:186} INFO - Started process (PID=30576) to work on /home/airflow/.local/lib/python3.12/site-packages/airflow/example_dags/example_dag_decorator.py
[2025-06-23T06:36:36.530+0000] {processor.py:914} INFO - Processing file /home/airflow/.local/lib/python3.12/site-packages/airflow/example_dags/example_dag_decorator.py for tasks to queue
[2025-06-23T06:36:36.530+0000] {logging_mixin.py:190} INFO - [2025-06-23T06:36:36.530+0000] {dagbag.py:588} INFO - Filling up the DagBag from /home/airflow/.local/lib/python3.12/site-packages/airflow/example_dags/example_dag_decorator.py
[2025-06-23T06:36:36.563+0000] {processor.py:925} INFO - DAG(s) 'example_dag_decorator' retrieved from /home/airflow/.local/lib/python3.12/site-packages/airflow/example_dags/example_dag_decorator.py
[2025-06-23T06:36:36.598+0000] {logging_mixin.py:190} INFO - [2025-06-23T06:36:36.598+0000] {dag.py:3239} INFO - Sync 1 DAGs
[2025-06-23T06:36:36.602+0000] {logging_mixin.py:190} INFO - [2025-06-23T06:36:36.602+0000] {dag.py:4180} INFO - Setting next_dagrun for example_dag_decorator to None, run_after=None
[2025-06-23T06:36:36.608+0000] {processor.py:208} INFO - Processing /home/airflow/.local/lib/python3.12/site-packages/airflow/example_dags/example_dag_decorator.py took 0.081 seconds
[2025-06-23T07:13:29.103+0000] {processor.py:186} INFO - Started process (PID=30654) to work on /home/airflow/.local/lib/python3.12/site-packages/airflow/example_dags/example_dag_decorator.py
[2025-06-23T07:13:29.105+0000] {processor.py:914} INFO - Processing file /home/airflow/.local/lib/python3.12/site-packages/airflow/example_dags/example_dag_decorator.py for tasks to queue
[2025-06-23T07:13:29.106+0000] {logging_mixin.py:190} INFO - [2025-06-23T07:13:29.106+0000] {dagbag.py:588} INFO - Filling up the DagBag from /home/airflow/.local/lib/python3.12/site-packages/airflow/example_dags/example_dag_decorator.py
[2025-06-23T07:13:29.156+0000] {processor.py:925} INFO - DAG(s) 'example_dag_decorator' retrieved from /home/airflow/.local/lib/python3.12/site-packages/airflow/example_dags/example_dag_decorator.py
[2025-06-23T07:13:29.207+0000] {logging_mixin.py:190} INFO - [2025-06-23T07:13:29.207+0000] {dag.py:3239} INFO - Sync 1 DAGs
[2025-06-23T07:13:29.213+0000] {logging_mixin.py:190} INFO - [2025-06-23T07:13:29.213+0000] {dag.py:4180} INFO - Setting next_dagrun for example_dag_decorator to None, run_after=None
[2025-06-23T07:13:29.225+0000] {processor.py:208} INFO - Processing /home/airflow/.local/lib/python3.12/site-packages/airflow/example_dags/example_dag_decorator.py took 0.125 seconds
