[2025-06-23T00:35:50.568+0000] {processor.py:186} INFO - Started process (PID=28588) to work on /home/airflow/.local/lib/python3.12/site-packages/airflow/example_dags/example_dataset_alias.py
[2025-06-23T00:35:50.569+0000] {processor.py:914} INFO - Processing file /home/airflow/.local/lib/python3.12/site-packages/airflow/example_dags/example_dataset_alias.py for tasks to queue
[2025-06-23T00:35:50.569+0000] {logging_mixin.py:190} INFO - [2025-06-23T00:35:50.569+0000] {dagbag.py:588} INFO - Filling up the DagBag from /home/airflow/.local/lib/python3.12/site-packages/airflow/example_dags/example_dataset_alias.py
[2025-06-23T00:35:50.715+0000] {processor.py:925} INFO - DAG(s) 'dataset_alias_example_alias_producer', 'dataset_s3_bucket_producer', 'dataset_s3_bucket_consumer', 'dataset_alias_example_alias_consumer' retrieved from /home/airflow/.local/lib/python3.12/site-packages/airflow/example_dags/example_dataset_alias.py
[2025-06-23T00:35:50.727+0000] {logging_mixin.py:190} INFO - [2025-06-23T00:35:50.727+0000] {dag.py:3239} INFO - Sync 4 DAGs
[2025-06-23T00:35:50.834+0000] {logging_mixin.py:190} INFO - [2025-06-23T00:35:50.834+0000] {dag.py:4180} INFO - Setting next_dagrun for dataset_alias_example_alias_consumer to None, run_after=None
[2025-06-23T00:35:50.836+0000] {logging_mixin.py:190} INFO - [2025-06-23T00:35:50.836+0000] {dag.py:4180} INFO - Setting next_dagrun for dataset_alias_example_alias_producer to None, run_after=None
[2025-06-23T00:35:50.837+0000] {logging_mixin.py:190} INFO - [2025-06-23T00:35:50.837+0000] {dag.py:4180} INFO - Setting next_dagrun for dataset_s3_bucket_consumer to None, run_after=None
[2025-06-23T00:35:50.838+0000] {logging_mixin.py:190} INFO - [2025-06-23T00:35:50.837+0000] {dag.py:4180} INFO - Setting next_dagrun for dataset_s3_bucket_producer to None, run_after=None
[2025-06-23T00:35:50.857+0000] {processor.py:208} INFO - Processing /home/airflow/.local/lib/python3.12/site-packages/airflow/example_dags/example_dataset_alias.py took 0.291 seconds
[2025-06-23T01:36:42.303+0000] {processor.py:186} INFO - Started process (PID=28666) to work on /home/airflow/.local/lib/python3.12/site-packages/airflow/example_dags/example_dataset_alias.py
[2025-06-23T01:36:42.303+0000] {processor.py:914} INFO - Processing file /home/airflow/.local/lib/python3.12/site-packages/airflow/example_dags/example_dataset_alias.py for tasks to queue
[2025-06-23T01:36:42.304+0000] {logging_mixin.py:190} INFO - [2025-06-23T01:36:42.304+0000] {dagbag.py:588} INFO - Filling up the DagBag from /home/airflow/.local/lib/python3.12/site-packages/airflow/example_dags/example_dataset_alias.py
[2025-06-23T01:36:42.458+0000] {processor.py:925} INFO - DAG(s) 'dataset_s3_bucket_consumer', 'dataset_alias_example_alias_consumer', 'dataset_alias_example_alias_producer', 'dataset_s3_bucket_producer' retrieved from /home/airflow/.local/lib/python3.12/site-packages/airflow/example_dags/example_dataset_alias.py
[2025-06-23T01:36:42.475+0000] {logging_mixin.py:190} INFO - [2025-06-23T01:36:42.474+0000] {dag.py:3239} INFO - Sync 4 DAGs
[2025-06-23T01:36:42.596+0000] {logging_mixin.py:190} INFO - [2025-06-23T01:36:42.596+0000] {dag.py:4180} INFO - Setting next_dagrun for dataset_alias_example_alias_consumer to None, run_after=None
[2025-06-23T01:36:42.598+0000] {logging_mixin.py:190} INFO - [2025-06-23T01:36:42.598+0000] {dag.py:4180} INFO - Setting next_dagrun for dataset_alias_example_alias_producer to None, run_after=None
[2025-06-23T01:36:42.599+0000] {logging_mixin.py:190} INFO - [2025-06-23T01:36:42.599+0000] {dag.py:4180} INFO - Setting next_dagrun for dataset_s3_bucket_consumer to None, run_after=None
[2025-06-23T01:36:42.599+0000] {logging_mixin.py:190} INFO - [2025-06-23T01:36:42.599+0000] {dag.py:4180} INFO - Setting next_dagrun for dataset_s3_bucket_producer to None, run_after=None
[2025-06-23T01:36:42.612+0000] {processor.py:208} INFO - Processing /home/airflow/.local/lib/python3.12/site-packages/airflow/example_dags/example_dataset_alias.py took 0.312 seconds
[2025-06-23T01:37:12.921+0000] {processor.py:186} INFO - Started process (PID=28746) to work on /home/airflow/.local/lib/python3.12/site-packages/airflow/example_dags/example_dataset_alias.py
[2025-06-23T01:37:12.921+0000] {processor.py:914} INFO - Processing file /home/airflow/.local/lib/python3.12/site-packages/airflow/example_dags/example_dataset_alias.py for tasks to queue
[2025-06-23T01:37:12.923+0000] {logging_mixin.py:190} INFO - [2025-06-23T01:37:12.923+0000] {dagbag.py:588} INFO - Filling up the DagBag from /home/airflow/.local/lib/python3.12/site-packages/airflow/example_dags/example_dataset_alias.py
[2025-06-23T01:37:13.056+0000] {processor.py:925} INFO - DAG(s) 'dataset_s3_bucket_consumer', 'dataset_alias_example_alias_producer', 'dataset_alias_example_alias_consumer', 'dataset_s3_bucket_producer' retrieved from /home/airflow/.local/lib/python3.12/site-packages/airflow/example_dags/example_dataset_alias.py
[2025-06-23T01:37:13.063+0000] {logging_mixin.py:190} INFO - [2025-06-23T01:37:13.063+0000] {dag.py:3239} INFO - Sync 4 DAGs
[2025-06-23T01:37:13.153+0000] {logging_mixin.py:190} INFO - [2025-06-23T01:37:13.153+0000] {dag.py:4180} INFO - Setting next_dagrun for dataset_alias_example_alias_consumer to None, run_after=None
[2025-06-23T01:37:13.154+0000] {logging_mixin.py:190} INFO - [2025-06-23T01:37:13.154+0000] {dag.py:4180} INFO - Setting next_dagrun for dataset_alias_example_alias_producer to None, run_after=None
[2025-06-23T01:37:13.154+0000] {logging_mixin.py:190} INFO - [2025-06-23T01:37:13.154+0000] {dag.py:4180} INFO - Setting next_dagrun for dataset_s3_bucket_consumer to None, run_after=None
[2025-06-23T01:37:13.155+0000] {logging_mixin.py:190} INFO - [2025-06-23T01:37:13.155+0000] {dag.py:4180} INFO - Setting next_dagrun for dataset_s3_bucket_producer to None, run_after=None
[2025-06-23T01:37:13.161+0000] {processor.py:208} INFO - Processing /home/airflow/.local/lib/python3.12/site-packages/airflow/example_dags/example_dataset_alias.py took 0.243 seconds
[2025-06-23T02:28:29.641+0000] {processor.py:186} INFO - Started process (PID=28822) to work on /home/airflow/.local/lib/python3.12/site-packages/airflow/example_dags/example_dataset_alias.py
[2025-06-23T02:28:29.641+0000] {processor.py:914} INFO - Processing file /home/airflow/.local/lib/python3.12/site-packages/airflow/example_dags/example_dataset_alias.py for tasks to queue
[2025-06-23T02:28:29.642+0000] {logging_mixin.py:190} INFO - [2025-06-23T02:28:29.642+0000] {dagbag.py:588} INFO - Filling up the DagBag from /home/airflow/.local/lib/python3.12/site-packages/airflow/example_dags/example_dataset_alias.py
[2025-06-23T02:28:29.799+0000] {processor.py:925} INFO - DAG(s) 'dataset_alias_example_alias_producer', 'dataset_s3_bucket_consumer', 'dataset_s3_bucket_producer', 'dataset_alias_example_alias_consumer' retrieved from /home/airflow/.local/lib/python3.12/site-packages/airflow/example_dags/example_dataset_alias.py
[2025-06-23T02:28:29.807+0000] {logging_mixin.py:190} INFO - [2025-06-23T02:28:29.807+0000] {dag.py:3239} INFO - Sync 4 DAGs
[2025-06-23T02:28:29.959+0000] {logging_mixin.py:190} INFO - [2025-06-23T02:28:29.959+0000] {dag.py:4180} INFO - Setting next_dagrun for dataset_alias_example_alias_consumer to None, run_after=None
[2025-06-23T02:28:29.961+0000] {logging_mixin.py:190} INFO - [2025-06-23T02:28:29.961+0000] {dag.py:4180} INFO - Setting next_dagrun for dataset_alias_example_alias_producer to None, run_after=None
[2025-06-23T02:28:29.963+0000] {logging_mixin.py:190} INFO - [2025-06-23T02:28:29.963+0000] {dag.py:4180} INFO - Setting next_dagrun for dataset_s3_bucket_consumer to None, run_after=None
[2025-06-23T02:28:29.965+0000] {logging_mixin.py:190} INFO - [2025-06-23T02:28:29.965+0000] {dag.py:4180} INFO - Setting next_dagrun for dataset_s3_bucket_producer to None, run_after=None
[2025-06-23T02:28:29.988+0000] {processor.py:208} INFO - Processing /home/airflow/.local/lib/python3.12/site-packages/airflow/example_dags/example_dataset_alias.py took 0.350 seconds
[2025-06-23T02:38:09.733+0000] {processor.py:186} INFO - Started process (PID=28900) to work on /home/airflow/.local/lib/python3.12/site-packages/airflow/example_dags/example_dataset_alias.py
[2025-06-23T02:38:09.733+0000] {processor.py:914} INFO - Processing file /home/airflow/.local/lib/python3.12/site-packages/airflow/example_dags/example_dataset_alias.py for tasks to queue
[2025-06-23T02:38:09.734+0000] {logging_mixin.py:190} INFO - [2025-06-23T02:38:09.734+0000] {dagbag.py:588} INFO - Filling up the DagBag from /home/airflow/.local/lib/python3.12/site-packages/airflow/example_dags/example_dataset_alias.py
[2025-06-23T02:38:09.880+0000] {processor.py:925} INFO - DAG(s) 'dataset_s3_bucket_consumer', 'dataset_alias_example_alias_producer', 'dataset_s3_bucket_producer', 'dataset_alias_example_alias_consumer' retrieved from /home/airflow/.local/lib/python3.12/site-packages/airflow/example_dags/example_dataset_alias.py
[2025-06-23T02:38:09.890+0000] {logging_mixin.py:190} INFO - [2025-06-23T02:38:09.890+0000] {dag.py:3239} INFO - Sync 4 DAGs
[2025-06-23T02:38:09.990+0000] {logging_mixin.py:190} INFO - [2025-06-23T02:38:09.990+0000] {dag.py:4180} INFO - Setting next_dagrun for dataset_alias_example_alias_consumer to None, run_after=None
[2025-06-23T02:38:09.995+0000] {logging_mixin.py:190} INFO - [2025-06-23T02:38:09.995+0000] {dag.py:4180} INFO - Setting next_dagrun for dataset_alias_example_alias_producer to None, run_after=None
[2025-06-23T02:38:09.995+0000] {logging_mixin.py:190} INFO - [2025-06-23T02:38:09.995+0000] {dag.py:4180} INFO - Setting next_dagrun for dataset_s3_bucket_consumer to None, run_after=None
[2025-06-23T02:38:09.996+0000] {logging_mixin.py:190} INFO - [2025-06-23T02:38:09.995+0000] {dag.py:4180} INFO - Setting next_dagrun for dataset_s3_bucket_producer to None, run_after=None
[2025-06-23T02:38:10.004+0000] {processor.py:208} INFO - Processing /home/airflow/.local/lib/python3.12/site-packages/airflow/example_dags/example_dataset_alias.py took 0.274 seconds
[2025-06-23T03:10:46.689+0000] {processor.py:186} INFO - Started process (PID=28978) to work on /home/airflow/.local/lib/python3.12/site-packages/airflow/example_dags/example_dataset_alias.py
[2025-06-23T03:10:46.690+0000] {processor.py:914} INFO - Processing file /home/airflow/.local/lib/python3.12/site-packages/airflow/example_dags/example_dataset_alias.py for tasks to queue
[2025-06-23T03:10:46.690+0000] {logging_mixin.py:190} INFO - [2025-06-23T03:10:46.690+0000] {dagbag.py:588} INFO - Filling up the DagBag from /home/airflow/.local/lib/python3.12/site-packages/airflow/example_dags/example_dataset_alias.py
[2025-06-23T03:10:46.864+0000] {processor.py:925} INFO - DAG(s) 'dataset_alias_example_alias_consumer', 'dataset_s3_bucket_producer', 'dataset_alias_example_alias_producer', 'dataset_s3_bucket_consumer' retrieved from /home/airflow/.local/lib/python3.12/site-packages/airflow/example_dags/example_dataset_alias.py
[2025-06-23T03:10:46.877+0000] {logging_mixin.py:190} INFO - [2025-06-23T03:10:46.876+0000] {dag.py:3239} INFO - Sync 4 DAGs
[2025-06-23T03:10:47.008+0000] {logging_mixin.py:190} INFO - [2025-06-23T03:10:47.008+0000] {dag.py:4180} INFO - Setting next_dagrun for dataset_alias_example_alias_consumer to None, run_after=None
[2025-06-23T03:10:47.014+0000] {logging_mixin.py:190} INFO - [2025-06-23T03:10:47.013+0000] {dag.py:4180} INFO - Setting next_dagrun for dataset_alias_example_alias_producer to None, run_after=None
[2025-06-23T03:10:47.017+0000] {logging_mixin.py:190} INFO - [2025-06-23T03:10:47.017+0000] {dag.py:4180} INFO - Setting next_dagrun for dataset_s3_bucket_consumer to None, run_after=None
[2025-06-23T03:10:47.018+0000] {logging_mixin.py:190} INFO - [2025-06-23T03:10:47.018+0000] {dag.py:4180} INFO - Setting next_dagrun for dataset_s3_bucket_producer to None, run_after=None
[2025-06-23T03:10:47.026+0000] {processor.py:208} INFO - Processing /home/airflow/.local/lib/python3.12/site-packages/airflow/example_dags/example_dataset_alias.py took 0.339 seconds
[2025-06-23T03:38:55.170+0000] {processor.py:186} INFO - Started process (PID=29056) to work on /home/airflow/.local/lib/python3.12/site-packages/airflow/example_dags/example_dataset_alias.py
[2025-06-23T03:38:55.172+0000] {processor.py:914} INFO - Processing file /home/airflow/.local/lib/python3.12/site-packages/airflow/example_dags/example_dataset_alias.py for tasks to queue
[2025-06-23T03:38:55.173+0000] {logging_mixin.py:190} INFO - [2025-06-23T03:38:55.173+0000] {dagbag.py:588} INFO - Filling up the DagBag from /home/airflow/.local/lib/python3.12/site-packages/airflow/example_dags/example_dataset_alias.py
[2025-06-23T03:38:55.319+0000] {processor.py:925} INFO - DAG(s) 'dataset_alias_example_alias_producer', 'dataset_alias_example_alias_consumer', 'dataset_s3_bucket_producer', 'dataset_s3_bucket_consumer' retrieved from /home/airflow/.local/lib/python3.12/site-packages/airflow/example_dags/example_dataset_alias.py
[2025-06-23T03:38:55.333+0000] {logging_mixin.py:190} INFO - [2025-06-23T03:38:55.333+0000] {dag.py:3239} INFO - Sync 4 DAGs
[2025-06-23T03:38:55.439+0000] {logging_mixin.py:190} INFO - [2025-06-23T03:38:55.438+0000] {dag.py:4180} INFO - Setting next_dagrun for dataset_alias_example_alias_consumer to None, run_after=None
[2025-06-23T03:38:55.440+0000] {logging_mixin.py:190} INFO - [2025-06-23T03:38:55.440+0000] {dag.py:4180} INFO - Setting next_dagrun for dataset_alias_example_alias_producer to None, run_after=None
[2025-06-23T03:38:55.440+0000] {logging_mixin.py:190} INFO - [2025-06-23T03:38:55.440+0000] {dag.py:4180} INFO - Setting next_dagrun for dataset_s3_bucket_consumer to None, run_after=None
[2025-06-23T03:38:55.441+0000] {logging_mixin.py:190} INFO - [2025-06-23T03:38:55.441+0000] {dag.py:4180} INFO - Setting next_dagrun for dataset_s3_bucket_producer to None, run_after=None
[2025-06-23T03:38:55.450+0000] {processor.py:208} INFO - Processing /home/airflow/.local/lib/python3.12/site-packages/airflow/example_dags/example_dataset_alias.py took 0.283 seconds
[2025-06-23T04:39:47.499+0000] {processor.py:186} INFO - Started process (PID=29134) to work on /home/airflow/.local/lib/python3.12/site-packages/airflow/example_dags/example_dataset_alias.py
[2025-06-23T04:39:47.500+0000] {processor.py:914} INFO - Processing file /home/airflow/.local/lib/python3.12/site-packages/airflow/example_dags/example_dataset_alias.py for tasks to queue
[2025-06-23T04:39:47.501+0000] {logging_mixin.py:190} INFO - [2025-06-23T04:39:47.501+0000] {dagbag.py:588} INFO - Filling up the DagBag from /home/airflow/.local/lib/python3.12/site-packages/airflow/example_dags/example_dataset_alias.py
[2025-06-23T04:39:47.782+0000] {processor.py:925} INFO - DAG(s) 'dataset_s3_bucket_consumer', 'dataset_alias_example_alias_producer', 'dataset_alias_example_alias_consumer', 'dataset_s3_bucket_producer' retrieved from /home/airflow/.local/lib/python3.12/site-packages/airflow/example_dags/example_dataset_alias.py
[2025-06-23T04:39:47.790+0000] {logging_mixin.py:190} INFO - [2025-06-23T04:39:47.790+0000] {dag.py:3239} INFO - Sync 4 DAGs
[2025-06-23T04:39:47.800+0000] {logging_mixin.py:190} INFO - [2025-06-23T04:39:47.800+0000] {dag.py:4180} INFO - Setting next_dagrun for dataset_alias_example_alias_consumer to None, run_after=None
[2025-06-23T04:39:47.802+0000] {logging_mixin.py:190} INFO - [2025-06-23T04:39:47.802+0000] {dag.py:4180} INFO - Setting next_dagrun for dataset_alias_example_alias_producer to None, run_after=None
[2025-06-23T04:39:47.805+0000] {logging_mixin.py:190} INFO - [2025-06-23T04:39:47.805+0000] {dag.py:4180} INFO - Setting next_dagrun for dataset_s3_bucket_consumer to None, run_after=None
[2025-06-23T04:39:47.810+0000] {logging_mixin.py:190} INFO - [2025-06-23T04:39:47.809+0000] {dag.py:4180} INFO - Setting next_dagrun for dataset_s3_bucket_producer to None, run_after=None
[2025-06-23T04:39:47.820+0000] {processor.py:208} INFO - Processing /home/airflow/.local/lib/python3.12/site-packages/airflow/example_dags/example_dataset_alias.py took 0.326 seconds
[2025-06-23T05:32:41.860+0000] {processor.py:186} INFO - Started process (PID=29212) to work on /home/airflow/.local/lib/python3.12/site-packages/airflow/example_dags/example_dataset_alias.py
[2025-06-23T05:32:41.861+0000] {processor.py:914} INFO - Processing file /home/airflow/.local/lib/python3.12/site-packages/airflow/example_dags/example_dataset_alias.py for tasks to queue
[2025-06-23T05:32:41.862+0000] {logging_mixin.py:190} INFO - [2025-06-23T05:32:41.861+0000] {dagbag.py:588} INFO - Filling up the DagBag from /home/airflow/.local/lib/python3.12/site-packages/airflow/example_dags/example_dataset_alias.py
[2025-06-23T05:32:42.243+0000] {processor.py:925} INFO - DAG(s) 'dataset_s3_bucket_consumer', 'dataset_alias_example_alias_consumer', 'dataset_s3_bucket_producer', 'dataset_alias_example_alias_producer' retrieved from /home/airflow/.local/lib/python3.12/site-packages/airflow/example_dags/example_dataset_alias.py
[2025-06-23T05:32:42.256+0000] {logging_mixin.py:190} INFO - [2025-06-23T05:32:42.255+0000] {dag.py:3239} INFO - Sync 4 DAGs
[2025-06-23T05:32:42.267+0000] {logging_mixin.py:190} INFO - [2025-06-23T05:32:42.266+0000] {dag.py:4180} INFO - Setting next_dagrun for dataset_alias_example_alias_consumer to None, run_after=None
[2025-06-23T05:32:42.268+0000] {logging_mixin.py:190} INFO - [2025-06-23T05:32:42.268+0000] {dag.py:4180} INFO - Setting next_dagrun for dataset_alias_example_alias_producer to None, run_after=None
[2025-06-23T05:32:42.269+0000] {logging_mixin.py:190} INFO - [2025-06-23T05:32:42.269+0000] {dag.py:4180} INFO - Setting next_dagrun for dataset_s3_bucket_consumer to None, run_after=None
[2025-06-23T05:32:42.269+0000] {logging_mixin.py:190} INFO - [2025-06-23T05:32:42.269+0000] {dag.py:4180} INFO - Setting next_dagrun for dataset_s3_bucket_producer to None, run_after=None
[2025-06-23T05:32:42.283+0000] {processor.py:208} INFO - Processing /home/airflow/.local/lib/python3.12/site-packages/airflow/example_dags/example_dataset_alias.py took 0.426 seconds
[2025-06-23T05:33:12.603+0000] {processor.py:186} INFO - Started process (PID=29291) to work on /home/airflow/.local/lib/python3.12/site-packages/airflow/example_dags/example_dataset_alias.py
[2025-06-23T05:33:12.604+0000] {processor.py:914} INFO - Processing file /home/airflow/.local/lib/python3.12/site-packages/airflow/example_dags/example_dataset_alias.py for tasks to queue
[2025-06-23T05:33:12.604+0000] {logging_mixin.py:190} INFO - [2025-06-23T05:33:12.604+0000] {dagbag.py:588} INFO - Filling up the DagBag from /home/airflow/.local/lib/python3.12/site-packages/airflow/example_dags/example_dataset_alias.py
[2025-06-23T05:33:12.921+0000] {processor.py:925} INFO - DAG(s) 'dataset_s3_bucket_producer', 'dataset_alias_example_alias_consumer', 'dataset_s3_bucket_consumer', 'dataset_alias_example_alias_producer' retrieved from /home/airflow/.local/lib/python3.12/site-packages/airflow/example_dags/example_dataset_alias.py
[2025-06-23T05:33:12.931+0000] {logging_mixin.py:190} INFO - [2025-06-23T05:33:12.931+0000] {dag.py:3239} INFO - Sync 4 DAGs
[2025-06-23T05:33:12.941+0000] {logging_mixin.py:190} INFO - [2025-06-23T05:33:12.941+0000] {dag.py:4180} INFO - Setting next_dagrun for dataset_alias_example_alias_consumer to None, run_after=None
[2025-06-23T05:33:12.943+0000] {logging_mixin.py:190} INFO - [2025-06-23T05:33:12.943+0000] {dag.py:4180} INFO - Setting next_dagrun for dataset_alias_example_alias_producer to None, run_after=None
[2025-06-23T05:33:12.943+0000] {logging_mixin.py:190} INFO - [2025-06-23T05:33:12.943+0000] {dag.py:4180} INFO - Setting next_dagrun for dataset_s3_bucket_consumer to None, run_after=None
[2025-06-23T05:33:12.944+0000] {logging_mixin.py:190} INFO - [2025-06-23T05:33:12.944+0000] {dag.py:4180} INFO - Setting next_dagrun for dataset_s3_bucket_producer to None, run_after=None
[2025-06-23T05:33:12.952+0000] {processor.py:208} INFO - Processing /home/airflow/.local/lib/python3.12/site-packages/airflow/example_dags/example_dataset_alias.py took 0.352 seconds
[2025-06-23T05:33:44.497+0000] {processor.py:186} INFO - Started process (PID=29368) to work on /home/airflow/.local/lib/python3.12/site-packages/airflow/example_dags/example_dataset_alias.py
[2025-06-23T05:33:44.498+0000] {processor.py:914} INFO - Processing file /home/airflow/.local/lib/python3.12/site-packages/airflow/example_dags/example_dataset_alias.py for tasks to queue
[2025-06-23T05:33:44.503+0000] {logging_mixin.py:190} INFO - [2025-06-23T05:33:44.502+0000] {dagbag.py:588} INFO - Filling up the DagBag from /home/airflow/.local/lib/python3.12/site-packages/airflow/example_dags/example_dataset_alias.py
[2025-06-23T05:33:44.952+0000] {processor.py:925} INFO - DAG(s) 'dataset_s3_bucket_producer', 'dataset_s3_bucket_consumer', 'dataset_alias_example_alias_producer', 'dataset_alias_example_alias_consumer' retrieved from /home/airflow/.local/lib/python3.12/site-packages/airflow/example_dags/example_dataset_alias.py
[2025-06-23T05:33:44.980+0000] {logging_mixin.py:190} INFO - [2025-06-23T05:33:44.979+0000] {dag.py:3239} INFO - Sync 4 DAGs
[2025-06-23T05:33:45.014+0000] {logging_mixin.py:190} INFO - [2025-06-23T05:33:45.014+0000] {dag.py:4180} INFO - Setting next_dagrun for dataset_alias_example_alias_consumer to None, run_after=None
[2025-06-23T05:33:45.018+0000] {logging_mixin.py:190} INFO - [2025-06-23T05:33:45.018+0000] {dag.py:4180} INFO - Setting next_dagrun for dataset_alias_example_alias_producer to None, run_after=None
[2025-06-23T05:33:45.020+0000] {logging_mixin.py:190} INFO - [2025-06-23T05:33:45.020+0000] {dag.py:4180} INFO - Setting next_dagrun for dataset_s3_bucket_consumer to None, run_after=None
[2025-06-23T05:33:45.022+0000] {logging_mixin.py:190} INFO - [2025-06-23T05:33:45.021+0000] {dag.py:4180} INFO - Setting next_dagrun for dataset_s3_bucket_producer to None, run_after=None
[2025-06-23T05:33:45.046+0000] {processor.py:208} INFO - Processing /home/airflow/.local/lib/python3.12/site-packages/airflow/example_dags/example_dataset_alias.py took 0.553 seconds
[2025-06-23T05:34:22.485+0000] {processor.py:186} INFO - Started process (PID=29446) to work on /home/airflow/.local/lib/python3.12/site-packages/airflow/example_dags/example_dataset_alias.py
[2025-06-23T05:34:22.525+0000] {processor.py:914} INFO - Processing file /home/airflow/.local/lib/python3.12/site-packages/airflow/example_dags/example_dataset_alias.py for tasks to queue
[2025-06-23T05:34:22.528+0000] {logging_mixin.py:190} INFO - [2025-06-23T05:34:22.527+0000] {dagbag.py:588} INFO - Filling up the DagBag from /home/airflow/.local/lib/python3.12/site-packages/airflow/example_dags/example_dataset_alias.py
[2025-06-23T05:34:27.357+0000] {processor.py:925} INFO - DAG(s) 'dataset_s3_bucket_producer', 'dataset_alias_example_alias_consumer', 'dataset_s3_bucket_consumer', 'dataset_alias_example_alias_producer' retrieved from /home/airflow/.local/lib/python3.12/site-packages/airflow/example_dags/example_dataset_alias.py
[2025-06-23T05:34:27.438+0000] {logging_mixin.py:190} INFO - [2025-06-23T05:34:27.435+0000] {dag.py:3239} INFO - Sync 4 DAGs
[2025-06-23T05:34:27.517+0000] {logging_mixin.py:190} INFO - [2025-06-23T05:34:27.516+0000] {dag.py:4180} INFO - Setting next_dagrun for dataset_alias_example_alias_consumer to None, run_after=None
[2025-06-23T05:34:27.525+0000] {logging_mixin.py:190} INFO - [2025-06-23T05:34:27.525+0000] {dag.py:4180} INFO - Setting next_dagrun for dataset_alias_example_alias_producer to None, run_after=None
[2025-06-23T05:34:27.530+0000] {logging_mixin.py:190} INFO - [2025-06-23T05:34:27.530+0000] {dag.py:4180} INFO - Setting next_dagrun for dataset_s3_bucket_consumer to None, run_after=None
[2025-06-23T05:34:27.534+0000] {logging_mixin.py:190} INFO - [2025-06-23T05:34:27.533+0000] {dag.py:4180} INFO - Setting next_dagrun for dataset_s3_bucket_producer to None, run_after=None
[2025-06-23T05:34:27.584+0000] {processor.py:208} INFO - Processing /home/airflow/.local/lib/python3.12/site-packages/airflow/example_dags/example_dataset_alias.py took 5.118 seconds
[2025-06-23T05:34:58.499+0000] {processor.py:186} INFO - Started process (PID=29526) to work on /home/airflow/.local/lib/python3.12/site-packages/airflow/example_dags/example_dataset_alias.py
[2025-06-23T05:34:58.535+0000] {processor.py:914} INFO - Processing file /home/airflow/.local/lib/python3.12/site-packages/airflow/example_dags/example_dataset_alias.py for tasks to queue
[2025-06-23T05:34:58.538+0000] {logging_mixin.py:190} INFO - [2025-06-23T05:34:58.538+0000] {dagbag.py:588} INFO - Filling up the DagBag from /home/airflow/.local/lib/python3.12/site-packages/airflow/example_dags/example_dataset_alias.py
[2025-06-23T05:35:01.813+0000] {processor.py:925} INFO - DAG(s) 'dataset_s3_bucket_producer', 'dataset_alias_example_alias_consumer', 'dataset_alias_example_alias_producer', 'dataset_s3_bucket_consumer' retrieved from /home/airflow/.local/lib/python3.12/site-packages/airflow/example_dags/example_dataset_alias.py
[2025-06-23T05:35:01.912+0000] {logging_mixin.py:190} INFO - [2025-06-23T05:35:01.907+0000] {dag.py:3239} INFO - Sync 4 DAGs
[2025-06-23T05:35:02.049+0000] {logging_mixin.py:190} INFO - [2025-06-23T05:35:02.048+0000] {dag.py:4180} INFO - Setting next_dagrun for dataset_alias_example_alias_consumer to None, run_after=None
[2025-06-23T05:35:02.058+0000] {logging_mixin.py:190} INFO - [2025-06-23T05:35:02.057+0000] {dag.py:4180} INFO - Setting next_dagrun for dataset_alias_example_alias_producer to None, run_after=None
[2025-06-23T05:35:02.073+0000] {logging_mixin.py:190} INFO - [2025-06-23T05:35:02.072+0000] {dag.py:4180} INFO - Setting next_dagrun for dataset_s3_bucket_consumer to None, run_after=None
[2025-06-23T05:35:02.078+0000] {logging_mixin.py:190} INFO - [2025-06-23T05:35:02.077+0000] {dag.py:4180} INFO - Setting next_dagrun for dataset_s3_bucket_producer to None, run_after=None
[2025-06-23T05:35:02.171+0000] {processor.py:208} INFO - Processing /home/airflow/.local/lib/python3.12/site-packages/airflow/example_dags/example_dataset_alias.py took 3.699 seconds
[2025-06-23T05:35:32.509+0000] {processor.py:186} INFO - Started process (PID=29614) to work on /home/airflow/.local/lib/python3.12/site-packages/airflow/example_dags/example_dataset_alias.py
[2025-06-23T05:35:32.513+0000] {processor.py:914} INFO - Processing file /home/airflow/.local/lib/python3.12/site-packages/airflow/example_dags/example_dataset_alias.py for tasks to queue
[2025-06-23T05:35:32.514+0000] {logging_mixin.py:190} INFO - [2025-06-23T05:35:32.514+0000] {dagbag.py:588} INFO - Filling up the DagBag from /home/airflow/.local/lib/python3.12/site-packages/airflow/example_dags/example_dataset_alias.py
[2025-06-23T05:35:33.101+0000] {processor.py:925} INFO - DAG(s) 'dataset_s3_bucket_consumer', 'dataset_alias_example_alias_consumer', 'dataset_s3_bucket_producer', 'dataset_alias_example_alias_producer' retrieved from /home/airflow/.local/lib/python3.12/site-packages/airflow/example_dags/example_dataset_alias.py
[2025-06-23T05:35:33.109+0000] {logging_mixin.py:190} INFO - [2025-06-23T05:35:33.109+0000] {dag.py:3239} INFO - Sync 4 DAGs
[2025-06-23T05:35:33.118+0000] {logging_mixin.py:190} INFO - [2025-06-23T05:35:33.118+0000] {dag.py:4180} INFO - Setting next_dagrun for dataset_alias_example_alias_consumer to None, run_after=None
[2025-06-23T05:35:33.119+0000] {logging_mixin.py:190} INFO - [2025-06-23T05:35:33.119+0000] {dag.py:4180} INFO - Setting next_dagrun for dataset_alias_example_alias_producer to None, run_after=None
[2025-06-23T05:35:33.120+0000] {logging_mixin.py:190} INFO - [2025-06-23T05:35:33.120+0000] {dag.py:4180} INFO - Setting next_dagrun for dataset_s3_bucket_consumer to None, run_after=None
[2025-06-23T05:35:33.120+0000] {logging_mixin.py:190} INFO - [2025-06-23T05:35:33.120+0000] {dag.py:4180} INFO - Setting next_dagrun for dataset_s3_bucket_producer to None, run_after=None
[2025-06-23T05:35:33.127+0000] {processor.py:208} INFO - Processing /home/airflow/.local/lib/python3.12/site-packages/airflow/example_dags/example_dataset_alias.py took 0.648 seconds
[2025-06-23T05:36:03.625+0000] {processor.py:186} INFO - Started process (PID=29692) to work on /home/airflow/.local/lib/python3.12/site-packages/airflow/example_dags/example_dataset_alias.py
[2025-06-23T05:36:03.626+0000] {processor.py:914} INFO - Processing file /home/airflow/.local/lib/python3.12/site-packages/airflow/example_dags/example_dataset_alias.py for tasks to queue
[2025-06-23T05:36:03.626+0000] {logging_mixin.py:190} INFO - [2025-06-23T05:36:03.626+0000] {dagbag.py:588} INFO - Filling up the DagBag from /home/airflow/.local/lib/python3.12/site-packages/airflow/example_dags/example_dataset_alias.py
[2025-06-23T05:36:03.886+0000] {processor.py:925} INFO - DAG(s) 'dataset_s3_bucket_consumer', 'dataset_s3_bucket_producer', 'dataset_alias_example_alias_consumer', 'dataset_alias_example_alias_producer' retrieved from /home/airflow/.local/lib/python3.12/site-packages/airflow/example_dags/example_dataset_alias.py
[2025-06-23T05:36:03.892+0000] {logging_mixin.py:190} INFO - [2025-06-23T05:36:03.892+0000] {dag.py:3239} INFO - Sync 4 DAGs
[2025-06-23T05:36:03.899+0000] {logging_mixin.py:190} INFO - [2025-06-23T05:36:03.899+0000] {dag.py:4180} INFO - Setting next_dagrun for dataset_alias_example_alias_consumer to None, run_after=None
[2025-06-23T05:36:03.900+0000] {logging_mixin.py:190} INFO - [2025-06-23T05:36:03.900+0000] {dag.py:4180} INFO - Setting next_dagrun for dataset_alias_example_alias_producer to None, run_after=None
[2025-06-23T05:36:03.900+0000] {logging_mixin.py:190} INFO - [2025-06-23T05:36:03.900+0000] {dag.py:4180} INFO - Setting next_dagrun for dataset_s3_bucket_consumer to None, run_after=None
[2025-06-23T05:36:03.900+0000] {logging_mixin.py:190} INFO - [2025-06-23T05:36:03.900+0000] {dag.py:4180} INFO - Setting next_dagrun for dataset_s3_bucket_producer to None, run_after=None
[2025-06-23T05:36:03.907+0000] {processor.py:208} INFO - Processing /home/airflow/.local/lib/python3.12/site-packages/airflow/example_dags/example_dataset_alias.py took 0.288 seconds
[2025-06-23T05:36:34.925+0000] {processor.py:186} INFO - Started process (PID=29774) to work on /home/airflow/.local/lib/python3.12/site-packages/airflow/example_dags/example_dataset_alias.py
[2025-06-23T05:36:34.926+0000] {processor.py:914} INFO - Processing file /home/airflow/.local/lib/python3.12/site-packages/airflow/example_dags/example_dataset_alias.py for tasks to queue
[2025-06-23T05:36:34.927+0000] {logging_mixin.py:190} INFO - [2025-06-23T05:36:34.927+0000] {dagbag.py:588} INFO - Filling up the DagBag from /home/airflow/.local/lib/python3.12/site-packages/airflow/example_dags/example_dataset_alias.py
[2025-06-23T05:36:35.167+0000] {processor.py:925} INFO - DAG(s) 'dataset_alias_example_alias_consumer', 'dataset_s3_bucket_consumer', 'dataset_alias_example_alias_producer', 'dataset_s3_bucket_producer' retrieved from /home/airflow/.local/lib/python3.12/site-packages/airflow/example_dags/example_dataset_alias.py
[2025-06-23T05:36:35.174+0000] {logging_mixin.py:190} INFO - [2025-06-23T05:36:35.174+0000] {dag.py:3239} INFO - Sync 4 DAGs
[2025-06-23T05:36:35.181+0000] {logging_mixin.py:190} INFO - [2025-06-23T05:36:35.181+0000] {dag.py:4180} INFO - Setting next_dagrun for dataset_alias_example_alias_consumer to None, run_after=None
[2025-06-23T05:36:35.181+0000] {logging_mixin.py:190} INFO - [2025-06-23T05:36:35.181+0000] {dag.py:4180} INFO - Setting next_dagrun for dataset_alias_example_alias_producer to None, run_after=None
[2025-06-23T05:36:35.182+0000] {logging_mixin.py:190} INFO - [2025-06-23T05:36:35.182+0000] {dag.py:4180} INFO - Setting next_dagrun for dataset_s3_bucket_consumer to None, run_after=None
[2025-06-23T05:36:35.182+0000] {logging_mixin.py:190} INFO - [2025-06-23T05:36:35.182+0000] {dag.py:4180} INFO - Setting next_dagrun for dataset_s3_bucket_producer to None, run_after=None
[2025-06-23T05:36:35.188+0000] {processor.py:208} INFO - Processing /home/airflow/.local/lib/python3.12/site-packages/airflow/example_dags/example_dataset_alias.py took 0.269 seconds
[2025-06-23T05:37:06.216+0000] {processor.py:186} INFO - Started process (PID=29852) to work on /home/airflow/.local/lib/python3.12/site-packages/airflow/example_dags/example_dataset_alias.py
[2025-06-23T05:37:06.217+0000] {processor.py:914} INFO - Processing file /home/airflow/.local/lib/python3.12/site-packages/airflow/example_dags/example_dataset_alias.py for tasks to queue
[2025-06-23T05:37:06.218+0000] {logging_mixin.py:190} INFO - [2025-06-23T05:37:06.217+0000] {dagbag.py:588} INFO - Filling up the DagBag from /home/airflow/.local/lib/python3.12/site-packages/airflow/example_dags/example_dataset_alias.py
[2025-06-23T05:37:06.482+0000] {processor.py:925} INFO - DAG(s) 'dataset_alias_example_alias_consumer', 'dataset_alias_example_alias_producer', 'dataset_s3_bucket_consumer', 'dataset_s3_bucket_producer' retrieved from /home/airflow/.local/lib/python3.12/site-packages/airflow/example_dags/example_dataset_alias.py
[2025-06-23T05:37:06.489+0000] {logging_mixin.py:190} INFO - [2025-06-23T05:37:06.488+0000] {dag.py:3239} INFO - Sync 4 DAGs
[2025-06-23T05:37:06.496+0000] {logging_mixin.py:190} INFO - [2025-06-23T05:37:06.496+0000] {dag.py:4180} INFO - Setting next_dagrun for dataset_alias_example_alias_consumer to None, run_after=None
[2025-06-23T05:37:06.497+0000] {logging_mixin.py:190} INFO - [2025-06-23T05:37:06.497+0000] {dag.py:4180} INFO - Setting next_dagrun for dataset_alias_example_alias_producer to None, run_after=None
[2025-06-23T05:37:06.498+0000] {logging_mixin.py:190} INFO - [2025-06-23T05:37:06.498+0000] {dag.py:4180} INFO - Setting next_dagrun for dataset_s3_bucket_consumer to None, run_after=None
[2025-06-23T05:37:06.498+0000] {logging_mixin.py:190} INFO - [2025-06-23T05:37:06.498+0000] {dag.py:4180} INFO - Setting next_dagrun for dataset_s3_bucket_producer to None, run_after=None
[2025-06-23T05:37:06.508+0000] {processor.py:208} INFO - Processing /home/airflow/.local/lib/python3.12/site-packages/airflow/example_dags/example_dataset_alias.py took 0.298 seconds
[2025-06-23T05:37:37.385+0000] {processor.py:186} INFO - Started process (PID=29930) to work on /home/airflow/.local/lib/python3.12/site-packages/airflow/example_dags/example_dataset_alias.py
[2025-06-23T05:37:37.387+0000] {processor.py:914} INFO - Processing file /home/airflow/.local/lib/python3.12/site-packages/airflow/example_dags/example_dataset_alias.py for tasks to queue
[2025-06-23T05:37:37.388+0000] {logging_mixin.py:190} INFO - [2025-06-23T05:37:37.388+0000] {dagbag.py:588} INFO - Filling up the DagBag from /home/airflow/.local/lib/python3.12/site-packages/airflow/example_dags/example_dataset_alias.py
[2025-06-23T05:37:37.631+0000] {processor.py:925} INFO - DAG(s) 'dataset_s3_bucket_consumer', 'dataset_alias_example_alias_producer', 'dataset_s3_bucket_producer', 'dataset_alias_example_alias_consumer' retrieved from /home/airflow/.local/lib/python3.12/site-packages/airflow/example_dags/example_dataset_alias.py
[2025-06-23T05:37:37.637+0000] {logging_mixin.py:190} INFO - [2025-06-23T05:37:37.637+0000] {dag.py:3239} INFO - Sync 4 DAGs
[2025-06-23T05:37:37.644+0000] {logging_mixin.py:190} INFO - [2025-06-23T05:37:37.644+0000] {dag.py:4180} INFO - Setting next_dagrun for dataset_alias_example_alias_consumer to None, run_after=None
[2025-06-23T05:37:37.645+0000] {logging_mixin.py:190} INFO - [2025-06-23T05:37:37.645+0000] {dag.py:4180} INFO - Setting next_dagrun for dataset_alias_example_alias_producer to None, run_after=None
[2025-06-23T05:37:37.645+0000] {logging_mixin.py:190} INFO - [2025-06-23T05:37:37.645+0000] {dag.py:4180} INFO - Setting next_dagrun for dataset_s3_bucket_consumer to None, run_after=None
[2025-06-23T05:37:37.646+0000] {logging_mixin.py:190} INFO - [2025-06-23T05:37:37.645+0000] {dag.py:4180} INFO - Setting next_dagrun for dataset_s3_bucket_producer to None, run_after=None
[2025-06-23T05:37:37.651+0000] {processor.py:208} INFO - Processing /home/airflow/.local/lib/python3.12/site-packages/airflow/example_dags/example_dataset_alias.py took 0.270 seconds
[2025-06-23T05:38:07.675+0000] {processor.py:186} INFO - Started process (PID=30010) to work on /home/airflow/.local/lib/python3.12/site-packages/airflow/example_dags/example_dataset_alias.py
[2025-06-23T05:38:07.676+0000] {processor.py:914} INFO - Processing file /home/airflow/.local/lib/python3.12/site-packages/airflow/example_dags/example_dataset_alias.py for tasks to queue
[2025-06-23T05:38:07.677+0000] {logging_mixin.py:190} INFO - [2025-06-23T05:38:07.677+0000] {dagbag.py:588} INFO - Filling up the DagBag from /home/airflow/.local/lib/python3.12/site-packages/airflow/example_dags/example_dataset_alias.py
[2025-06-23T05:38:07.990+0000] {processor.py:925} INFO - DAG(s) 'dataset_s3_bucket_producer', 'dataset_alias_example_alias_producer', 'dataset_s3_bucket_consumer', 'dataset_alias_example_alias_consumer' retrieved from /home/airflow/.local/lib/python3.12/site-packages/airflow/example_dags/example_dataset_alias.py
[2025-06-23T05:38:07.997+0000] {logging_mixin.py:190} INFO - [2025-06-23T05:38:07.997+0000] {dag.py:3239} INFO - Sync 4 DAGs
[2025-06-23T05:38:08.006+0000] {logging_mixin.py:190} INFO - [2025-06-23T05:38:08.006+0000] {dag.py:4180} INFO - Setting next_dagrun for dataset_alias_example_alias_consumer to None, run_after=None
[2025-06-23T05:38:08.007+0000] {logging_mixin.py:190} INFO - [2025-06-23T05:38:08.007+0000] {dag.py:4180} INFO - Setting next_dagrun for dataset_alias_example_alias_producer to None, run_after=None
[2025-06-23T05:38:08.007+0000] {logging_mixin.py:190} INFO - [2025-06-23T05:38:08.007+0000] {dag.py:4180} INFO - Setting next_dagrun for dataset_s3_bucket_consumer to None, run_after=None
[2025-06-23T05:38:08.008+0000] {logging_mixin.py:190} INFO - [2025-06-23T05:38:08.008+0000] {dag.py:4180} INFO - Setting next_dagrun for dataset_s3_bucket_producer to None, run_after=None
[2025-06-23T05:38:08.016+0000] {processor.py:208} INFO - Processing /home/airflow/.local/lib/python3.12/site-packages/airflow/example_dags/example_dataset_alias.py took 0.346 seconds
[2025-06-23T05:38:38.335+0000] {processor.py:186} INFO - Started process (PID=30086) to work on /home/airflow/.local/lib/python3.12/site-packages/airflow/example_dags/example_dataset_alias.py
[2025-06-23T05:38:38.339+0000] {processor.py:914} INFO - Processing file /home/airflow/.local/lib/python3.12/site-packages/airflow/example_dags/example_dataset_alias.py for tasks to queue
[2025-06-23T05:38:38.341+0000] {logging_mixin.py:190} INFO - [2025-06-23T05:38:38.340+0000] {dagbag.py:588} INFO - Filling up the DagBag from /home/airflow/.local/lib/python3.12/site-packages/airflow/example_dags/example_dataset_alias.py
[2025-06-23T05:38:38.626+0000] {processor.py:925} INFO - DAG(s) 'dataset_s3_bucket_producer', 'dataset_s3_bucket_consumer', 'dataset_alias_example_alias_consumer', 'dataset_alias_example_alias_producer' retrieved from /home/airflow/.local/lib/python3.12/site-packages/airflow/example_dags/example_dataset_alias.py
[2025-06-23T05:38:38.633+0000] {logging_mixin.py:190} INFO - [2025-06-23T05:38:38.632+0000] {dag.py:3239} INFO - Sync 4 DAGs
[2025-06-23T05:38:38.639+0000] {logging_mixin.py:190} INFO - [2025-06-23T05:38:38.639+0000] {dag.py:4180} INFO - Setting next_dagrun for dataset_alias_example_alias_consumer to None, run_after=None
[2025-06-23T05:38:38.640+0000] {logging_mixin.py:190} INFO - [2025-06-23T05:38:38.640+0000] {dag.py:4180} INFO - Setting next_dagrun for dataset_alias_example_alias_producer to None, run_after=None
[2025-06-23T05:38:38.641+0000] {logging_mixin.py:190} INFO - [2025-06-23T05:38:38.641+0000] {dag.py:4180} INFO - Setting next_dagrun for dataset_s3_bucket_consumer to None, run_after=None
[2025-06-23T05:38:38.642+0000] {logging_mixin.py:190} INFO - [2025-06-23T05:38:38.641+0000] {dag.py:4180} INFO - Setting next_dagrun for dataset_s3_bucket_producer to None, run_after=None
[2025-06-23T05:38:38.648+0000] {processor.py:208} INFO - Processing /home/airflow/.local/lib/python3.12/site-packages/airflow/example_dags/example_dataset_alias.py took 0.322 seconds
[2025-06-23T05:39:09.045+0000] {processor.py:186} INFO - Started process (PID=30164) to work on /home/airflow/.local/lib/python3.12/site-packages/airflow/example_dags/example_dataset_alias.py
[2025-06-23T05:39:09.055+0000] {processor.py:914} INFO - Processing file /home/airflow/.local/lib/python3.12/site-packages/airflow/example_dags/example_dataset_alias.py for tasks to queue
[2025-06-23T05:39:09.057+0000] {logging_mixin.py:190} INFO - [2025-06-23T05:39:09.057+0000] {dagbag.py:588} INFO - Filling up the DagBag from /home/airflow/.local/lib/python3.12/site-packages/airflow/example_dags/example_dataset_alias.py
[2025-06-23T05:39:09.379+0000] {processor.py:925} INFO - DAG(s) 'dataset_alias_example_alias_consumer', 'dataset_s3_bucket_consumer', 'dataset_alias_example_alias_producer', 'dataset_s3_bucket_producer' retrieved from /home/airflow/.local/lib/python3.12/site-packages/airflow/example_dags/example_dataset_alias.py
[2025-06-23T05:39:09.388+0000] {logging_mixin.py:190} INFO - [2025-06-23T05:39:09.387+0000] {dag.py:3239} INFO - Sync 4 DAGs
[2025-06-23T05:39:09.395+0000] {logging_mixin.py:190} INFO - [2025-06-23T05:39:09.395+0000] {dag.py:4180} INFO - Setting next_dagrun for dataset_alias_example_alias_consumer to None, run_after=None
[2025-06-23T05:39:09.396+0000] {logging_mixin.py:190} INFO - [2025-06-23T05:39:09.396+0000] {dag.py:4180} INFO - Setting next_dagrun for dataset_alias_example_alias_producer to None, run_after=None
[2025-06-23T05:39:09.397+0000] {logging_mixin.py:190} INFO - [2025-06-23T05:39:09.397+0000] {dag.py:4180} INFO - Setting next_dagrun for dataset_s3_bucket_consumer to None, run_after=None
[2025-06-23T05:39:09.397+0000] {logging_mixin.py:190} INFO - [2025-06-23T05:39:09.397+0000] {dag.py:4180} INFO - Setting next_dagrun for dataset_s3_bucket_producer to None, run_after=None
[2025-06-23T05:39:09.404+0000] {processor.py:208} INFO - Processing /home/airflow/.local/lib/python3.12/site-packages/airflow/example_dags/example_dataset_alias.py took 0.364 seconds
[2025-06-23T06:25:48.764+0000] {processor.py:186} INFO - Started process (PID=30279) to work on /home/airflow/.local/lib/python3.12/site-packages/airflow/example_dags/example_dataset_alias.py
[2025-06-23T06:25:48.765+0000] {processor.py:914} INFO - Processing file /home/airflow/.local/lib/python3.12/site-packages/airflow/example_dags/example_dataset_alias.py for tasks to queue
[2025-06-23T06:25:48.765+0000] {logging_mixin.py:190} INFO - [2025-06-23T06:25:48.765+0000] {dagbag.py:588} INFO - Filling up the DagBag from /home/airflow/.local/lib/python3.12/site-packages/airflow/example_dags/example_dataset_alias.py
[2025-06-23T06:25:49.033+0000] {processor.py:925} INFO - DAG(s) 'dataset_alias_example_alias_consumer', 'dataset_s3_bucket_consumer', 'dataset_alias_example_alias_producer', 'dataset_s3_bucket_producer' retrieved from /home/airflow/.local/lib/python3.12/site-packages/airflow/example_dags/example_dataset_alias.py
[2025-06-23T06:25:49.042+0000] {logging_mixin.py:190} INFO - [2025-06-23T06:25:49.041+0000] {dag.py:3239} INFO - Sync 4 DAGs
[2025-06-23T06:25:49.050+0000] {logging_mixin.py:190} INFO - [2025-06-23T06:25:49.050+0000] {dag.py:4180} INFO - Setting next_dagrun for dataset_alias_example_alias_consumer to None, run_after=None
[2025-06-23T06:25:49.051+0000] {logging_mixin.py:190} INFO - [2025-06-23T06:25:49.051+0000] {dag.py:4180} INFO - Setting next_dagrun for dataset_alias_example_alias_producer to None, run_after=None
[2025-06-23T06:25:49.051+0000] {logging_mixin.py:190} INFO - [2025-06-23T06:25:49.051+0000] {dag.py:4180} INFO - Setting next_dagrun for dataset_s3_bucket_consumer to None, run_after=None
[2025-06-23T06:25:49.052+0000] {logging_mixin.py:190} INFO - [2025-06-23T06:25:49.051+0000] {dag.py:4180} INFO - Setting next_dagrun for dataset_s3_bucket_producer to None, run_after=None
[2025-06-23T06:25:49.061+0000] {processor.py:208} INFO - Processing /home/airflow/.local/lib/python3.12/site-packages/airflow/example_dags/example_dataset_alias.py took 0.299 seconds
[2025-06-23T06:27:12.854+0000] {processor.py:186} INFO - Started process (PID=30357) to work on /home/airflow/.local/lib/python3.12/site-packages/airflow/example_dags/example_dataset_alias.py
[2025-06-23T06:27:12.855+0000] {processor.py:914} INFO - Processing file /home/airflow/.local/lib/python3.12/site-packages/airflow/example_dags/example_dataset_alias.py for tasks to queue
[2025-06-23T06:27:12.855+0000] {logging_mixin.py:190} INFO - [2025-06-23T06:27:12.855+0000] {dagbag.py:588} INFO - Filling up the DagBag from /home/airflow/.local/lib/python3.12/site-packages/airflow/example_dags/example_dataset_alias.py
[2025-06-23T06:27:13.095+0000] {processor.py:925} INFO - DAG(s) 'dataset_s3_bucket_consumer', 'dataset_alias_example_alias_producer', 'dataset_alias_example_alias_consumer', 'dataset_s3_bucket_producer' retrieved from /home/airflow/.local/lib/python3.12/site-packages/airflow/example_dags/example_dataset_alias.py
[2025-06-23T06:27:13.104+0000] {logging_mixin.py:190} INFO - [2025-06-23T06:27:13.104+0000] {dag.py:3239} INFO - Sync 4 DAGs
[2025-06-23T06:27:13.112+0000] {logging_mixin.py:190} INFO - [2025-06-23T06:27:13.112+0000] {dag.py:4180} INFO - Setting next_dagrun for dataset_alias_example_alias_consumer to None, run_after=None
[2025-06-23T06:27:13.113+0000] {logging_mixin.py:190} INFO - [2025-06-23T06:27:13.113+0000] {dag.py:4180} INFO - Setting next_dagrun for dataset_alias_example_alias_producer to None, run_after=None
[2025-06-23T06:27:13.114+0000] {logging_mixin.py:190} INFO - [2025-06-23T06:27:13.114+0000] {dag.py:4180} INFO - Setting next_dagrun for dataset_s3_bucket_consumer to None, run_after=None
[2025-06-23T06:27:13.114+0000] {logging_mixin.py:190} INFO - [2025-06-23T06:27:13.114+0000] {dag.py:4180} INFO - Setting next_dagrun for dataset_s3_bucket_producer to None, run_after=None
[2025-06-23T06:27:13.123+0000] {processor.py:208} INFO - Processing /home/airflow/.local/lib/python3.12/site-packages/airflow/example_dags/example_dataset_alias.py took 0.271 seconds
[2025-06-23T06:34:08.976+0000] {processor.py:186} INFO - Started process (PID=30435) to work on /home/airflow/.local/lib/python3.12/site-packages/airflow/example_dags/example_dataset_alias.py
[2025-06-23T06:34:08.976+0000] {processor.py:914} INFO - Processing file /home/airflow/.local/lib/python3.12/site-packages/airflow/example_dags/example_dataset_alias.py for tasks to queue
[2025-06-23T06:34:08.977+0000] {logging_mixin.py:190} INFO - [2025-06-23T06:34:08.976+0000] {dagbag.py:588} INFO - Filling up the DagBag from /home/airflow/.local/lib/python3.12/site-packages/airflow/example_dags/example_dataset_alias.py
[2025-06-23T06:34:09.226+0000] {processor.py:925} INFO - DAG(s) 'dataset_s3_bucket_producer', 'dataset_alias_example_alias_consumer', 'dataset_alias_example_alias_producer', 'dataset_s3_bucket_consumer' retrieved from /home/airflow/.local/lib/python3.12/site-packages/airflow/example_dags/example_dataset_alias.py
[2025-06-23T06:34:09.237+0000] {logging_mixin.py:190} INFO - [2025-06-23T06:34:09.237+0000] {dag.py:3239} INFO - Sync 4 DAGs
[2025-06-23T06:34:09.244+0000] {logging_mixin.py:190} INFO - [2025-06-23T06:34:09.244+0000] {dag.py:4180} INFO - Setting next_dagrun for dataset_alias_example_alias_consumer to None, run_after=None
[2025-06-23T06:34:09.245+0000] {logging_mixin.py:190} INFO - [2025-06-23T06:34:09.245+0000] {dag.py:4180} INFO - Setting next_dagrun for dataset_alias_example_alias_producer to None, run_after=None
[2025-06-23T06:34:09.245+0000] {logging_mixin.py:190} INFO - [2025-06-23T06:34:09.245+0000] {dag.py:4180} INFO - Setting next_dagrun for dataset_s3_bucket_consumer to None, run_after=None
[2025-06-23T06:34:09.246+0000] {logging_mixin.py:190} INFO - [2025-06-23T06:34:09.246+0000] {dag.py:4180} INFO - Setting next_dagrun for dataset_s3_bucket_producer to None, run_after=None
[2025-06-23T06:34:09.253+0000] {processor.py:208} INFO - Processing /home/airflow/.local/lib/python3.12/site-packages/airflow/example_dags/example_dataset_alias.py took 0.280 seconds
[2025-06-23T06:35:38.065+0000] {processor.py:186} INFO - Started process (PID=30513) to work on /home/airflow/.local/lib/python3.12/site-packages/airflow/example_dags/example_dataset_alias.py
[2025-06-23T06:35:38.065+0000] {processor.py:914} INFO - Processing file /home/airflow/.local/lib/python3.12/site-packages/airflow/example_dags/example_dataset_alias.py for tasks to queue
[2025-06-23T06:35:38.066+0000] {logging_mixin.py:190} INFO - [2025-06-23T06:35:38.066+0000] {dagbag.py:588} INFO - Filling up the DagBag from /home/airflow/.local/lib/python3.12/site-packages/airflow/example_dags/example_dataset_alias.py
[2025-06-23T06:35:38.307+0000] {processor.py:925} INFO - DAG(s) 'dataset_alias_example_alias_producer', 'dataset_s3_bucket_producer', 'dataset_alias_example_alias_consumer', 'dataset_s3_bucket_consumer' retrieved from /home/airflow/.local/lib/python3.12/site-packages/airflow/example_dags/example_dataset_alias.py
[2025-06-23T06:35:38.315+0000] {logging_mixin.py:190} INFO - [2025-06-23T06:35:38.314+0000] {dag.py:3239} INFO - Sync 4 DAGs
[2025-06-23T06:35:38.322+0000] {logging_mixin.py:190} INFO - [2025-06-23T06:35:38.322+0000] {dag.py:4180} INFO - Setting next_dagrun for dataset_alias_example_alias_consumer to None, run_after=None
[2025-06-23T06:35:38.323+0000] {logging_mixin.py:190} INFO - [2025-06-23T06:35:38.323+0000] {dag.py:4180} INFO - Setting next_dagrun for dataset_alias_example_alias_producer to None, run_after=None
[2025-06-23T06:35:38.324+0000] {logging_mixin.py:190} INFO - [2025-06-23T06:35:38.324+0000] {dag.py:4180} INFO - Setting next_dagrun for dataset_s3_bucket_consumer to None, run_after=None
[2025-06-23T06:35:38.327+0000] {logging_mixin.py:190} INFO - [2025-06-23T06:35:38.327+0000] {dag.py:4180} INFO - Setting next_dagrun for dataset_s3_bucket_producer to None, run_after=None
[2025-06-23T06:35:38.335+0000] {processor.py:208} INFO - Processing /home/airflow/.local/lib/python3.12/site-packages/airflow/example_dags/example_dataset_alias.py took 0.273 seconds
[2025-06-23T06:36:37.243+0000] {processor.py:186} INFO - Started process (PID=30591) to work on /home/airflow/.local/lib/python3.12/site-packages/airflow/example_dags/example_dataset_alias.py
[2025-06-23T06:36:37.243+0000] {processor.py:914} INFO - Processing file /home/airflow/.local/lib/python3.12/site-packages/airflow/example_dags/example_dataset_alias.py for tasks to queue
[2025-06-23T06:36:37.243+0000] {logging_mixin.py:190} INFO - [2025-06-23T06:36:37.243+0000] {dagbag.py:588} INFO - Filling up the DagBag from /home/airflow/.local/lib/python3.12/site-packages/airflow/example_dags/example_dataset_alias.py
[2025-06-23T06:36:37.675+0000] {processor.py:925} INFO - DAG(s) 'dataset_s3_bucket_producer', 'dataset_alias_example_alias_producer', 'dataset_alias_example_alias_consumer', 'dataset_s3_bucket_consumer' retrieved from /home/airflow/.local/lib/python3.12/site-packages/airflow/example_dags/example_dataset_alias.py
[2025-06-23T06:36:37.686+0000] {logging_mixin.py:190} INFO - [2025-06-23T06:36:37.686+0000] {dag.py:3239} INFO - Sync 4 DAGs
[2025-06-23T06:36:37.696+0000] {logging_mixin.py:190} INFO - [2025-06-23T06:36:37.696+0000] {dag.py:4180} INFO - Setting next_dagrun for dataset_alias_example_alias_consumer to None, run_after=None
[2025-06-23T06:36:37.697+0000] {logging_mixin.py:190} INFO - [2025-06-23T06:36:37.697+0000] {dag.py:4180} INFO - Setting next_dagrun for dataset_alias_example_alias_producer to None, run_after=None
[2025-06-23T06:36:37.698+0000] {logging_mixin.py:190} INFO - [2025-06-23T06:36:37.698+0000] {dag.py:4180} INFO - Setting next_dagrun for dataset_s3_bucket_consumer to None, run_after=None
[2025-06-23T06:36:37.698+0000] {logging_mixin.py:190} INFO - [2025-06-23T06:36:37.698+0000] {dag.py:4180} INFO - Setting next_dagrun for dataset_s3_bucket_producer to None, run_after=None
[2025-06-23T06:36:37.739+0000] {processor.py:208} INFO - Processing /home/airflow/.local/lib/python3.12/site-packages/airflow/example_dags/example_dataset_alias.py took 0.499 seconds
[2025-06-23T07:13:29.901+0000] {processor.py:186} INFO - Started process (PID=30669) to work on /home/airflow/.local/lib/python3.12/site-packages/airflow/example_dags/example_dataset_alias.py
[2025-06-23T07:13:29.902+0000] {processor.py:914} INFO - Processing file /home/airflow/.local/lib/python3.12/site-packages/airflow/example_dags/example_dataset_alias.py for tasks to queue
[2025-06-23T07:13:29.902+0000] {logging_mixin.py:190} INFO - [2025-06-23T07:13:29.902+0000] {dagbag.py:588} INFO - Filling up the DagBag from /home/airflow/.local/lib/python3.12/site-packages/airflow/example_dags/example_dataset_alias.py
[2025-06-23T07:13:30.161+0000] {processor.py:925} INFO - DAG(s) 'dataset_s3_bucket_consumer', 'dataset_alias_example_alias_producer', 'dataset_alias_example_alias_consumer', 'dataset_s3_bucket_producer' retrieved from /home/airflow/.local/lib/python3.12/site-packages/airflow/example_dags/example_dataset_alias.py
[2025-06-23T07:13:30.173+0000] {logging_mixin.py:190} INFO - [2025-06-23T07:13:30.173+0000] {dag.py:3239} INFO - Sync 4 DAGs
[2025-06-23T07:13:30.182+0000] {logging_mixin.py:190} INFO - [2025-06-23T07:13:30.182+0000] {dag.py:4180} INFO - Setting next_dagrun for dataset_alias_example_alias_consumer to None, run_after=None
[2025-06-23T07:13:30.184+0000] {logging_mixin.py:190} INFO - [2025-06-23T07:13:30.184+0000] {dag.py:4180} INFO - Setting next_dagrun for dataset_alias_example_alias_producer to None, run_after=None
[2025-06-23T07:13:30.185+0000] {logging_mixin.py:190} INFO - [2025-06-23T07:13:30.185+0000] {dag.py:4180} INFO - Setting next_dagrun for dataset_s3_bucket_consumer to None, run_after=None
[2025-06-23T07:13:30.185+0000] {logging_mixin.py:190} INFO - [2025-06-23T07:13:30.185+0000] {dag.py:4180} INFO - Setting next_dagrun for dataset_s3_bucket_producer to None, run_after=None
[2025-06-23T07:13:30.192+0000] {processor.py:208} INFO - Processing /home/airflow/.local/lib/python3.12/site-packages/airflow/example_dags/example_dataset_alias.py took 0.293 seconds
