[2025-06-23T00:35:51.385+0000] {processor.py:186} INFO - Started process (PID=28611) to work on /home/airflow/.local/lib/python3.12/site-packages/airflow/example_dags/example_branch_labels.py
[2025-06-23T00:35:51.386+0000] {processor.py:914} INFO - Processing file /home/airflow/.local/lib/python3.12/site-packages/airflow/example_dags/example_branch_labels.py for tasks to queue
[2025-06-23T00:35:51.386+0000] {logging_mixin.py:190} INFO - [2025-06-23T00:35:51.386+0000] {dagbag.py:588} INFO - Filling up the DagBag from /home/airflow/.local/lib/python3.12/site-packages/airflow/example_dags/example_branch_labels.py
[2025-06-23T00:35:51.391+0000] {processor.py:925} INFO - DAG(s) 'example_branch_labels' retrieved from /home/airflow/.local/lib/python3.12/site-packages/airflow/example_dags/example_branch_labels.py
[2025-06-23T00:35:51.404+0000] {logging_mixin.py:190} INFO - [2025-06-23T00:35:51.404+0000] {dag.py:3239} INFO - Sync 1 DAGs
[2025-06-23T00:35:51.414+0000] {logging_mixin.py:190} INFO - [2025-06-23T00:35:51.414+0000] {dag.py:4180} INFO - Setting next_dagrun for example_branch_labels to 2025-06-22 00:00:00+00:00, run_after=2025-06-23 00:00:00+00:00
[2025-06-23T00:35:51.420+0000] {processor.py:208} INFO - Processing /home/airflow/.local/lib/python3.12/site-packages/airflow/example_dags/example_branch_labels.py took 0.037 seconds
[2025-06-23T01:36:43.167+0000] {processor.py:186} INFO - Started process (PID=28689) to work on /home/airflow/.local/lib/python3.12/site-packages/airflow/example_dags/example_branch_labels.py
[2025-06-23T01:36:43.168+0000] {processor.py:914} INFO - Processing file /home/airflow/.local/lib/python3.12/site-packages/airflow/example_dags/example_branch_labels.py for tasks to queue
[2025-06-23T01:36:43.169+0000] {logging_mixin.py:190} INFO - [2025-06-23T01:36:43.169+0000] {dagbag.py:588} INFO - Filling up the DagBag from /home/airflow/.local/lib/python3.12/site-packages/airflow/example_dags/example_branch_labels.py
[2025-06-23T01:36:43.173+0000] {processor.py:925} INFO - DAG(s) 'example_branch_labels' retrieved from /home/airflow/.local/lib/python3.12/site-packages/airflow/example_dags/example_branch_labels.py
[2025-06-23T01:36:43.188+0000] {logging_mixin.py:190} INFO - [2025-06-23T01:36:43.188+0000] {dag.py:3239} INFO - Sync 1 DAGs
[2025-06-23T01:36:43.197+0000] {logging_mixin.py:190} INFO - [2025-06-23T01:36:43.197+0000] {dag.py:4180} INFO - Setting next_dagrun for example_branch_labels to 2025-06-22 00:00:00+00:00, run_after=2025-06-23 00:00:00+00:00
[2025-06-23T01:36:43.206+0000] {processor.py:208} INFO - Processing /home/airflow/.local/lib/python3.12/site-packages/airflow/example_dags/example_branch_labels.py took 0.041 seconds
[2025-06-23T01:37:13.818+0000] {processor.py:186} INFO - Started process (PID=28767) to work on /home/airflow/.local/lib/python3.12/site-packages/airflow/example_dags/example_branch_labels.py
[2025-06-23T01:37:13.825+0000] {processor.py:914} INFO - Processing file /home/airflow/.local/lib/python3.12/site-packages/airflow/example_dags/example_branch_labels.py for tasks to queue
[2025-06-23T01:37:13.825+0000] {logging_mixin.py:190} INFO - [2025-06-23T01:37:13.825+0000] {dagbag.py:588} INFO - Filling up the DagBag from /home/airflow/.local/lib/python3.12/site-packages/airflow/example_dags/example_branch_labels.py
[2025-06-23T01:37:13.829+0000] {processor.py:925} INFO - DAG(s) 'example_branch_labels' retrieved from /home/airflow/.local/lib/python3.12/site-packages/airflow/example_dags/example_branch_labels.py
[2025-06-23T01:37:13.840+0000] {logging_mixin.py:190} INFO - [2025-06-23T01:37:13.840+0000] {dag.py:3239} INFO - Sync 1 DAGs
[2025-06-23T01:37:13.851+0000] {logging_mixin.py:190} INFO - [2025-06-23T01:37:13.851+0000] {dag.py:4180} INFO - Setting next_dagrun for example_branch_labels to 2025-06-22 00:00:00+00:00, run_after=2025-06-23 00:00:00+00:00
[2025-06-23T01:37:13.858+0000] {processor.py:208} INFO - Processing /home/airflow/.local/lib/python3.12/site-packages/airflow/example_dags/example_branch_labels.py took 0.043 seconds
[2025-06-23T02:28:30.899+0000] {processor.py:186} INFO - Started process (PID=28845) to work on /home/airflow/.local/lib/python3.12/site-packages/airflow/example_dags/example_branch_labels.py
[2025-06-23T02:28:30.900+0000] {processor.py:914} INFO - Processing file /home/airflow/.local/lib/python3.12/site-packages/airflow/example_dags/example_branch_labels.py for tasks to queue
[2025-06-23T02:28:30.900+0000] {logging_mixin.py:190} INFO - [2025-06-23T02:28:30.900+0000] {dagbag.py:588} INFO - Filling up the DagBag from /home/airflow/.local/lib/python3.12/site-packages/airflow/example_dags/example_branch_labels.py
[2025-06-23T02:28:30.907+0000] {processor.py:925} INFO - DAG(s) 'example_branch_labels' retrieved from /home/airflow/.local/lib/python3.12/site-packages/airflow/example_dags/example_branch_labels.py
[2025-06-23T02:28:30.918+0000] {logging_mixin.py:190} INFO - [2025-06-23T02:28:30.918+0000] {dag.py:3239} INFO - Sync 1 DAGs
[2025-06-23T02:28:30.935+0000] {logging_mixin.py:190} INFO - [2025-06-23T02:28:30.935+0000] {dag.py:4180} INFO - Setting next_dagrun for example_branch_labels to 2025-06-22 00:00:00+00:00, run_after=2025-06-23 00:00:00+00:00
[2025-06-23T02:28:30.948+0000] {processor.py:208} INFO - Processing /home/airflow/.local/lib/python3.12/site-packages/airflow/example_dags/example_branch_labels.py took 0.052 seconds
[2025-06-23T02:38:10.538+0000] {processor.py:186} INFO - Started process (PID=28923) to work on /home/airflow/.local/lib/python3.12/site-packages/airflow/example_dags/example_branch_labels.py
[2025-06-23T02:38:10.538+0000] {processor.py:914} INFO - Processing file /home/airflow/.local/lib/python3.12/site-packages/airflow/example_dags/example_branch_labels.py for tasks to queue
[2025-06-23T02:38:10.539+0000] {logging_mixin.py:190} INFO - [2025-06-23T02:38:10.539+0000] {dagbag.py:588} INFO - Filling up the DagBag from /home/airflow/.local/lib/python3.12/site-packages/airflow/example_dags/example_branch_labels.py
[2025-06-23T02:38:10.543+0000] {processor.py:925} INFO - DAG(s) 'example_branch_labels' retrieved from /home/airflow/.local/lib/python3.12/site-packages/airflow/example_dags/example_branch_labels.py
[2025-06-23T02:38:10.553+0000] {logging_mixin.py:190} INFO - [2025-06-23T02:38:10.553+0000] {dag.py:3239} INFO - Sync 1 DAGs
[2025-06-23T02:38:10.563+0000] {logging_mixin.py:190} INFO - [2025-06-23T02:38:10.563+0000] {dag.py:4180} INFO - Setting next_dagrun for example_branch_labels to 2025-06-22 00:00:00+00:00, run_after=2025-06-23 00:00:00+00:00
[2025-06-23T02:38:10.572+0000] {processor.py:208} INFO - Processing /home/airflow/.local/lib/python3.12/site-packages/airflow/example_dags/example_branch_labels.py took 0.037 seconds
[2025-06-23T03:10:47.710+0000] {processor.py:186} INFO - Started process (PID=29001) to work on /home/airflow/.local/lib/python3.12/site-packages/airflow/example_dags/example_branch_labels.py
[2025-06-23T03:10:47.711+0000] {processor.py:914} INFO - Processing file /home/airflow/.local/lib/python3.12/site-packages/airflow/example_dags/example_branch_labels.py for tasks to queue
[2025-06-23T03:10:47.712+0000] {logging_mixin.py:190} INFO - [2025-06-23T03:10:47.711+0000] {dagbag.py:588} INFO - Filling up the DagBag from /home/airflow/.local/lib/python3.12/site-packages/airflow/example_dags/example_branch_labels.py
[2025-06-23T03:10:47.719+0000] {processor.py:925} INFO - DAG(s) 'example_branch_labels' retrieved from /home/airflow/.local/lib/python3.12/site-packages/airflow/example_dags/example_branch_labels.py
[2025-06-23T03:10:47.735+0000] {logging_mixin.py:190} INFO - [2025-06-23T03:10:47.735+0000] {dag.py:3239} INFO - Sync 1 DAGs
[2025-06-23T03:10:47.747+0000] {logging_mixin.py:190} INFO - [2025-06-23T03:10:47.747+0000] {dag.py:4180} INFO - Setting next_dagrun for example_branch_labels to 2025-06-22 00:00:00+00:00, run_after=2025-06-23 00:00:00+00:00
[2025-06-23T03:10:47.757+0000] {processor.py:208} INFO - Processing /home/airflow/.local/lib/python3.12/site-packages/airflow/example_dags/example_branch_labels.py took 0.057 seconds
[2025-06-23T03:38:56.013+0000] {processor.py:186} INFO - Started process (PID=29079) to work on /home/airflow/.local/lib/python3.12/site-packages/airflow/example_dags/example_branch_labels.py
[2025-06-23T03:38:56.014+0000] {processor.py:914} INFO - Processing file /home/airflow/.local/lib/python3.12/site-packages/airflow/example_dags/example_branch_labels.py for tasks to queue
[2025-06-23T03:38:56.015+0000] {logging_mixin.py:190} INFO - [2025-06-23T03:38:56.015+0000] {dagbag.py:588} INFO - Filling up the DagBag from /home/airflow/.local/lib/python3.12/site-packages/airflow/example_dags/example_branch_labels.py
[2025-06-23T03:38:56.021+0000] {processor.py:925} INFO - DAG(s) 'example_branch_labels' retrieved from /home/airflow/.local/lib/python3.12/site-packages/airflow/example_dags/example_branch_labels.py
[2025-06-23T03:38:56.029+0000] {logging_mixin.py:190} INFO - [2025-06-23T03:38:56.029+0000] {dag.py:3239} INFO - Sync 1 DAGs
[2025-06-23T03:38:56.041+0000] {logging_mixin.py:190} INFO - [2025-06-23T03:38:56.041+0000] {dag.py:4180} INFO - Setting next_dagrun for example_branch_labels to 2025-06-22 00:00:00+00:00, run_after=2025-06-23 00:00:00+00:00
[2025-06-23T03:38:56.047+0000] {processor.py:208} INFO - Processing /home/airflow/.local/lib/python3.12/site-packages/airflow/example_dags/example_branch_labels.py took 0.037 seconds
[2025-06-23T04:39:48.375+0000] {processor.py:186} INFO - Started process (PID=29157) to work on /home/airflow/.local/lib/python3.12/site-packages/airflow/example_dags/example_branch_labels.py
[2025-06-23T04:39:48.376+0000] {processor.py:914} INFO - Processing file /home/airflow/.local/lib/python3.12/site-packages/airflow/example_dags/example_branch_labels.py for tasks to queue
[2025-06-23T04:39:48.376+0000] {logging_mixin.py:190} INFO - [2025-06-23T04:39:48.376+0000] {dagbag.py:588} INFO - Filling up the DagBag from /home/airflow/.local/lib/python3.12/site-packages/airflow/example_dags/example_branch_labels.py
[2025-06-23T04:39:48.380+0000] {processor.py:925} INFO - DAG(s) 'example_branch_labels' retrieved from /home/airflow/.local/lib/python3.12/site-packages/airflow/example_dags/example_branch_labels.py
[2025-06-23T04:39:48.389+0000] {logging_mixin.py:190} INFO - [2025-06-23T04:39:48.389+0000] {dag.py:3239} INFO - Sync 1 DAGs
[2025-06-23T04:39:48.400+0000] {logging_mixin.py:190} INFO - [2025-06-23T04:39:48.399+0000] {dag.py:4180} INFO - Setting next_dagrun for example_branch_labels to 2025-06-22 00:00:00+00:00, run_after=2025-06-23 00:00:00+00:00
[2025-06-23T04:39:48.408+0000] {processor.py:208} INFO - Processing /home/airflow/.local/lib/python3.12/site-packages/airflow/example_dags/example_branch_labels.py took 0.036 seconds
[2025-06-23T05:32:42.991+0000] {processor.py:186} INFO - Started process (PID=29235) to work on /home/airflow/.local/lib/python3.12/site-packages/airflow/example_dags/example_branch_labels.py
[2025-06-23T05:32:42.993+0000] {processor.py:914} INFO - Processing file /home/airflow/.local/lib/python3.12/site-packages/airflow/example_dags/example_branch_labels.py for tasks to queue
[2025-06-23T05:32:42.994+0000] {logging_mixin.py:190} INFO - [2025-06-23T05:32:42.994+0000] {dagbag.py:588} INFO - Filling up the DagBag from /home/airflow/.local/lib/python3.12/site-packages/airflow/example_dags/example_branch_labels.py
[2025-06-23T05:32:42.999+0000] {processor.py:925} INFO - DAG(s) 'example_branch_labels' retrieved from /home/airflow/.local/lib/python3.12/site-packages/airflow/example_dags/example_branch_labels.py
[2025-06-23T05:32:43.013+0000] {logging_mixin.py:190} INFO - [2025-06-23T05:32:43.013+0000] {dag.py:3239} INFO - Sync 1 DAGs
[2025-06-23T05:32:43.026+0000] {logging_mixin.py:190} INFO - [2025-06-23T05:32:43.025+0000] {dag.py:4180} INFO - Setting next_dagrun for example_branch_labels to 2025-06-22 00:00:00+00:00, run_after=2025-06-23 00:00:00+00:00
[2025-06-23T05:32:43.042+0000] {processor.py:208} INFO - Processing /home/airflow/.local/lib/python3.12/site-packages/airflow/example_dags/example_branch_labels.py took 0.053 seconds
[2025-06-23T05:33:13.576+0000] {processor.py:186} INFO - Started process (PID=29313) to work on /home/airflow/.local/lib/python3.12/site-packages/airflow/example_dags/example_branch_labels.py
[2025-06-23T05:33:13.577+0000] {processor.py:914} INFO - Processing file /home/airflow/.local/lib/python3.12/site-packages/airflow/example_dags/example_branch_labels.py for tasks to queue
[2025-06-23T05:33:13.577+0000] {logging_mixin.py:190} INFO - [2025-06-23T05:33:13.577+0000] {dagbag.py:588} INFO - Filling up the DagBag from /home/airflow/.local/lib/python3.12/site-packages/airflow/example_dags/example_branch_labels.py
[2025-06-23T05:33:13.583+0000] {processor.py:925} INFO - DAG(s) 'example_branch_labels' retrieved from /home/airflow/.local/lib/python3.12/site-packages/airflow/example_dags/example_branch_labels.py
[2025-06-23T05:33:13.595+0000] {logging_mixin.py:190} INFO - [2025-06-23T05:33:13.594+0000] {dag.py:3239} INFO - Sync 1 DAGs
[2025-06-23T05:33:13.604+0000] {logging_mixin.py:190} INFO - [2025-06-23T05:33:13.604+0000] {dag.py:4180} INFO - Setting next_dagrun for example_branch_labels to 2025-06-22 00:00:00+00:00, run_after=2025-06-23 00:00:00+00:00
[2025-06-23T05:33:13.610+0000] {processor.py:208} INFO - Processing /home/airflow/.local/lib/python3.12/site-packages/airflow/example_dags/example_branch_labels.py took 0.037 seconds
[2025-06-23T05:33:46.413+0000] {processor.py:186} INFO - Started process (PID=29391) to work on /home/airflow/.local/lib/python3.12/site-packages/airflow/example_dags/example_branch_labels.py
[2025-06-23T05:33:46.414+0000] {processor.py:914} INFO - Processing file /home/airflow/.local/lib/python3.12/site-packages/airflow/example_dags/example_branch_labels.py for tasks to queue
[2025-06-23T05:33:46.416+0000] {logging_mixin.py:190} INFO - [2025-06-23T05:33:46.415+0000] {dagbag.py:588} INFO - Filling up the DagBag from /home/airflow/.local/lib/python3.12/site-packages/airflow/example_dags/example_branch_labels.py
[2025-06-23T05:33:46.424+0000] {processor.py:925} INFO - DAG(s) 'example_branch_labels' retrieved from /home/airflow/.local/lib/python3.12/site-packages/airflow/example_dags/example_branch_labels.py
[2025-06-23T05:33:46.464+0000] {logging_mixin.py:190} INFO - [2025-06-23T05:33:46.463+0000] {dag.py:3239} INFO - Sync 1 DAGs
[2025-06-23T05:33:46.484+0000] {logging_mixin.py:190} INFO - [2025-06-23T05:33:46.484+0000] {dag.py:4180} INFO - Setting next_dagrun for example_branch_labels to 2025-06-22 00:00:00+00:00, run_after=2025-06-23 00:00:00+00:00
[2025-06-23T05:33:46.498+0000] {processor.py:208} INFO - Processing /home/airflow/.local/lib/python3.12/site-packages/airflow/example_dags/example_branch_labels.py took 0.089 seconds
[2025-06-23T05:34:37.644+0000] {processor.py:186} INFO - Started process (PID=29475) to work on /home/airflow/.local/lib/python3.12/site-packages/airflow/example_dags/example_branch_labels.py
[2025-06-23T05:34:37.665+0000] {processor.py:914} INFO - Processing file /home/airflow/.local/lib/python3.12/site-packages/airflow/example_dags/example_branch_labels.py for tasks to queue
[2025-06-23T05:34:37.671+0000] {logging_mixin.py:190} INFO - [2025-06-23T05:34:37.669+0000] {dagbag.py:588} INFO - Filling up the DagBag from /home/airflow/.local/lib/python3.12/site-packages/airflow/example_dags/example_branch_labels.py
[2025-06-23T05:34:37.714+0000] {processor.py:925} INFO - DAG(s) 'example_branch_labels' retrieved from /home/airflow/.local/lib/python3.12/site-packages/airflow/example_dags/example_branch_labels.py
[2025-06-23T05:34:37.795+0000] {logging_mixin.py:190} INFO - [2025-06-23T05:34:37.794+0000] {dag.py:3239} INFO - Sync 1 DAGs
[2025-06-23T05:34:37.879+0000] {logging_mixin.py:190} INFO - [2025-06-23T05:34:37.878+0000] {dag.py:4180} INFO - Setting next_dagrun for example_branch_labels to 2025-06-22 00:00:00+00:00, run_after=2025-06-23 00:00:00+00:00
[2025-06-23T05:34:37.935+0000] {processor.py:208} INFO - Processing /home/airflow/.local/lib/python3.12/site-packages/airflow/example_dags/example_branch_labels.py took 0.309 seconds
[2025-06-23T05:35:09.635+0000] {processor.py:186} INFO - Started process (PID=29553) to work on /home/airflow/.local/lib/python3.12/site-packages/airflow/example_dags/example_branch_labels.py
[2025-06-23T05:35:09.682+0000] {processor.py:914} INFO - Processing file /home/airflow/.local/lib/python3.12/site-packages/airflow/example_dags/example_branch_labels.py for tasks to queue
[2025-06-23T05:35:09.687+0000] {logging_mixin.py:190} INFO - [2025-06-23T05:35:09.686+0000] {dagbag.py:588} INFO - Filling up the DagBag from /home/airflow/.local/lib/python3.12/site-packages/airflow/example_dags/example_branch_labels.py
[2025-06-23T05:35:09.735+0000] {processor.py:925} INFO - DAG(s) 'example_branch_labels' retrieved from /home/airflow/.local/lib/python3.12/site-packages/airflow/example_dags/example_branch_labels.py
[2025-06-23T05:35:09.888+0000] {logging_mixin.py:190} INFO - [2025-06-23T05:35:09.884+0000] {dag.py:3239} INFO - Sync 1 DAGs
[2025-06-23T05:35:10.003+0000] {logging_mixin.py:190} INFO - [2025-06-23T05:35:10.002+0000] {dag.py:4180} INFO - Setting next_dagrun for example_branch_labels to 2025-06-22 00:00:00+00:00, run_after=2025-06-23 00:00:00+00:00
[2025-06-23T05:35:10.143+0000] {processor.py:208} INFO - Processing /home/airflow/.local/lib/python3.12/site-packages/airflow/example_dags/example_branch_labels.py took 0.524 seconds
[2025-06-23T05:35:40.761+0000] {processor.py:186} INFO - Started process (PID=29631) to work on /home/airflow/.local/lib/python3.12/site-packages/airflow/example_dags/example_branch_labels.py
[2025-06-23T05:35:40.764+0000] {processor.py:914} INFO - Processing file /home/airflow/.local/lib/python3.12/site-packages/airflow/example_dags/example_branch_labels.py for tasks to queue
[2025-06-23T05:35:40.767+0000] {logging_mixin.py:190} INFO - [2025-06-23T05:35:40.767+0000] {dagbag.py:588} INFO - Filling up the DagBag from /home/airflow/.local/lib/python3.12/site-packages/airflow/example_dags/example_branch_labels.py
[2025-06-23T05:35:40.776+0000] {processor.py:925} INFO - DAG(s) 'example_branch_labels' retrieved from /home/airflow/.local/lib/python3.12/site-packages/airflow/example_dags/example_branch_labels.py
[2025-06-23T05:35:40.794+0000] {logging_mixin.py:190} INFO - [2025-06-23T05:35:40.794+0000] {dag.py:3239} INFO - Sync 1 DAGs
[2025-06-23T05:35:40.811+0000] {logging_mixin.py:190} INFO - [2025-06-23T05:35:40.811+0000] {dag.py:4180} INFO - Setting next_dagrun for example_branch_labels to 2025-06-22 00:00:00+00:00, run_after=2025-06-23 00:00:00+00:00
[2025-06-23T05:35:40.824+0000] {processor.py:208} INFO - Processing /home/airflow/.local/lib/python3.12/site-packages/airflow/example_dags/example_branch_labels.py took 0.068 seconds
[2025-06-23T05:36:11.444+0000] {processor.py:186} INFO - Started process (PID=29709) to work on /home/airflow/.local/lib/python3.12/site-packages/airflow/example_dags/example_branch_labels.py
[2025-06-23T05:36:11.446+0000] {processor.py:914} INFO - Processing file /home/airflow/.local/lib/python3.12/site-packages/airflow/example_dags/example_branch_labels.py for tasks to queue
[2025-06-23T05:36:11.447+0000] {logging_mixin.py:190} INFO - [2025-06-23T05:36:11.447+0000] {dagbag.py:588} INFO - Filling up the DagBag from /home/airflow/.local/lib/python3.12/site-packages/airflow/example_dags/example_branch_labels.py
[2025-06-23T05:36:11.455+0000] {processor.py:925} INFO - DAG(s) 'example_branch_labels' retrieved from /home/airflow/.local/lib/python3.12/site-packages/airflow/example_dags/example_branch_labels.py
[2025-06-23T05:36:11.471+0000] {logging_mixin.py:190} INFO - [2025-06-23T05:36:11.470+0000] {dag.py:3239} INFO - Sync 1 DAGs
[2025-06-23T05:36:11.485+0000] {logging_mixin.py:190} INFO - [2025-06-23T05:36:11.485+0000] {dag.py:4180} INFO - Setting next_dagrun for example_branch_labels to 2025-06-22 00:00:00+00:00, run_after=2025-06-23 00:00:00+00:00
[2025-06-23T05:36:11.496+0000] {processor.py:208} INFO - Processing /home/airflow/.local/lib/python3.12/site-packages/airflow/example_dags/example_branch_labels.py took 0.056 seconds
[2025-06-23T05:36:41.619+0000] {processor.py:186} INFO - Started process (PID=29787) to work on /home/airflow/.local/lib/python3.12/site-packages/airflow/example_dags/example_branch_labels.py
[2025-06-23T05:36:41.619+0000] {processor.py:914} INFO - Processing file /home/airflow/.local/lib/python3.12/site-packages/airflow/example_dags/example_branch_labels.py for tasks to queue
[2025-06-23T05:36:41.622+0000] {logging_mixin.py:190} INFO - [2025-06-23T05:36:41.622+0000] {dagbag.py:588} INFO - Filling up the DagBag from /home/airflow/.local/lib/python3.12/site-packages/airflow/example_dags/example_branch_labels.py
[2025-06-23T05:36:41.627+0000] {processor.py:925} INFO - DAG(s) 'example_branch_labels' retrieved from /home/airflow/.local/lib/python3.12/site-packages/airflow/example_dags/example_branch_labels.py
[2025-06-23T05:36:41.636+0000] {logging_mixin.py:190} INFO - [2025-06-23T05:36:41.636+0000] {dag.py:3239} INFO - Sync 1 DAGs
[2025-06-23T05:36:41.646+0000] {logging_mixin.py:190} INFO - [2025-06-23T05:36:41.646+0000] {dag.py:4180} INFO - Setting next_dagrun for example_branch_labels to 2025-06-22 00:00:00+00:00, run_after=2025-06-23 00:00:00+00:00
[2025-06-23T05:36:41.653+0000] {processor.py:208} INFO - Processing /home/airflow/.local/lib/python3.12/site-packages/airflow/example_dags/example_branch_labels.py took 0.038 seconds
[2025-06-23T05:37:11.964+0000] {processor.py:186} INFO - Started process (PID=29865) to work on /home/airflow/.local/lib/python3.12/site-packages/airflow/example_dags/example_branch_labels.py
[2025-06-23T05:37:11.966+0000] {processor.py:914} INFO - Processing file /home/airflow/.local/lib/python3.12/site-packages/airflow/example_dags/example_branch_labels.py for tasks to queue
[2025-06-23T05:37:11.968+0000] {logging_mixin.py:190} INFO - [2025-06-23T05:37:11.968+0000] {dagbag.py:588} INFO - Filling up the DagBag from /home/airflow/.local/lib/python3.12/site-packages/airflow/example_dags/example_branch_labels.py
[2025-06-23T05:37:11.976+0000] {processor.py:925} INFO - DAG(s) 'example_branch_labels' retrieved from /home/airflow/.local/lib/python3.12/site-packages/airflow/example_dags/example_branch_labels.py
[2025-06-23T05:37:11.987+0000] {logging_mixin.py:190} INFO - [2025-06-23T05:37:11.987+0000] {dag.py:3239} INFO - Sync 1 DAGs
[2025-06-23T05:37:12.001+0000] {logging_mixin.py:190} INFO - [2025-06-23T05:37:12.001+0000] {dag.py:4180} INFO - Setting next_dagrun for example_branch_labels to 2025-06-22 00:00:00+00:00, run_after=2025-06-23 00:00:00+00:00
[2025-06-23T05:37:12.012+0000] {processor.py:208} INFO - Processing /home/airflow/.local/lib/python3.12/site-packages/airflow/example_dags/example_branch_labels.py took 0.051 seconds
[2025-06-23T05:37:42.133+0000] {processor.py:186} INFO - Started process (PID=29943) to work on /home/airflow/.local/lib/python3.12/site-packages/airflow/example_dags/example_branch_labels.py
[2025-06-23T05:37:42.133+0000] {processor.py:914} INFO - Processing file /home/airflow/.local/lib/python3.12/site-packages/airflow/example_dags/example_branch_labels.py for tasks to queue
[2025-06-23T05:37:42.134+0000] {logging_mixin.py:190} INFO - [2025-06-23T05:37:42.133+0000] {dagbag.py:588} INFO - Filling up the DagBag from /home/airflow/.local/lib/python3.12/site-packages/airflow/example_dags/example_branch_labels.py
[2025-06-23T05:37:42.139+0000] {processor.py:925} INFO - DAG(s) 'example_branch_labels' retrieved from /home/airflow/.local/lib/python3.12/site-packages/airflow/example_dags/example_branch_labels.py
[2025-06-23T05:37:42.148+0000] {logging_mixin.py:190} INFO - [2025-06-23T05:37:42.148+0000] {dag.py:3239} INFO - Sync 1 DAGs
[2025-06-23T05:37:42.158+0000] {logging_mixin.py:190} INFO - [2025-06-23T05:37:42.158+0000] {dag.py:4180} INFO - Setting next_dagrun for example_branch_labels to 2025-06-22 00:00:00+00:00, run_after=2025-06-23 00:00:00+00:00
[2025-06-23T05:37:42.165+0000] {processor.py:208} INFO - Processing /home/airflow/.local/lib/python3.12/site-packages/airflow/example_dags/example_branch_labels.py took 0.035 seconds
[2025-06-23T05:38:12.336+0000] {processor.py:186} INFO - Started process (PID=30020) to work on /home/airflow/.local/lib/python3.12/site-packages/airflow/example_dags/example_branch_labels.py
[2025-06-23T05:38:12.337+0000] {processor.py:914} INFO - Processing file /home/airflow/.local/lib/python3.12/site-packages/airflow/example_dags/example_branch_labels.py for tasks to queue
[2025-06-23T05:38:12.340+0000] {logging_mixin.py:190} INFO - [2025-06-23T05:38:12.340+0000] {dagbag.py:588} INFO - Filling up the DagBag from /home/airflow/.local/lib/python3.12/site-packages/airflow/example_dags/example_branch_labels.py
[2025-06-23T05:38:12.353+0000] {processor.py:925} INFO - DAG(s) 'example_branch_labels' retrieved from /home/airflow/.local/lib/python3.12/site-packages/airflow/example_dags/example_branch_labels.py
[2025-06-23T05:38:12.373+0000] {logging_mixin.py:190} INFO - [2025-06-23T05:38:12.373+0000] {dag.py:3239} INFO - Sync 1 DAGs
[2025-06-23T05:38:12.392+0000] {logging_mixin.py:190} INFO - [2025-06-23T05:38:12.392+0000] {dag.py:4180} INFO - Setting next_dagrun for example_branch_labels to 2025-06-22 00:00:00+00:00, run_after=2025-06-23 00:00:00+00:00
[2025-06-23T05:38:12.403+0000] {processor.py:208} INFO - Processing /home/airflow/.local/lib/python3.12/site-packages/airflow/example_dags/example_branch_labels.py took 0.073 seconds
[2025-06-23T05:38:42.782+0000] {processor.py:186} INFO - Started process (PID=30098) to work on /home/airflow/.local/lib/python3.12/site-packages/airflow/example_dags/example_branch_labels.py
[2025-06-23T05:38:42.784+0000] {processor.py:914} INFO - Processing file /home/airflow/.local/lib/python3.12/site-packages/airflow/example_dags/example_branch_labels.py for tasks to queue
[2025-06-23T05:38:42.785+0000] {logging_mixin.py:190} INFO - [2025-06-23T05:38:42.785+0000] {dagbag.py:588} INFO - Filling up the DagBag from /home/airflow/.local/lib/python3.12/site-packages/airflow/example_dags/example_branch_labels.py
[2025-06-23T05:38:42.793+0000] {processor.py:925} INFO - DAG(s) 'example_branch_labels' retrieved from /home/airflow/.local/lib/python3.12/site-packages/airflow/example_dags/example_branch_labels.py
[2025-06-23T05:38:42.805+0000] {logging_mixin.py:190} INFO - [2025-06-23T05:38:42.805+0000] {dag.py:3239} INFO - Sync 1 DAGs
[2025-06-23T05:38:42.822+0000] {logging_mixin.py:190} INFO - [2025-06-23T05:38:42.822+0000] {dag.py:4180} INFO - Setting next_dagrun for example_branch_labels to 2025-06-22 00:00:00+00:00, run_after=2025-06-23 00:00:00+00:00
[2025-06-23T05:38:42.832+0000] {processor.py:208} INFO - Processing /home/airflow/.local/lib/python3.12/site-packages/airflow/example_dags/example_branch_labels.py took 0.053 seconds
[2025-06-23T05:39:13.679+0000] {processor.py:186} INFO - Started process (PID=30177) to work on /home/airflow/.local/lib/python3.12/site-packages/airflow/example_dags/example_branch_labels.py
[2025-06-23T05:39:13.680+0000] {processor.py:914} INFO - Processing file /home/airflow/.local/lib/python3.12/site-packages/airflow/example_dags/example_branch_labels.py for tasks to queue
[2025-06-23T05:39:13.681+0000] {logging_mixin.py:190} INFO - [2025-06-23T05:39:13.681+0000] {dagbag.py:588} INFO - Filling up the DagBag from /home/airflow/.local/lib/python3.12/site-packages/airflow/example_dags/example_branch_labels.py
[2025-06-23T05:39:13.689+0000] {processor.py:925} INFO - DAG(s) 'example_branch_labels' retrieved from /home/airflow/.local/lib/python3.12/site-packages/airflow/example_dags/example_branch_labels.py
[2025-06-23T05:39:13.706+0000] {logging_mixin.py:190} INFO - [2025-06-23T05:39:13.706+0000] {dag.py:3239} INFO - Sync 1 DAGs
[2025-06-23T05:39:13.722+0000] {logging_mixin.py:190} INFO - [2025-06-23T05:39:13.722+0000] {dag.py:4180} INFO - Setting next_dagrun for example_branch_labels to 2025-06-22 00:00:00+00:00, run_after=2025-06-23 00:00:00+00:00
[2025-06-23T05:39:13.733+0000] {processor.py:208} INFO - Processing /home/airflow/.local/lib/python3.12/site-packages/airflow/example_dags/example_branch_labels.py took 0.061 seconds
[2025-06-23T06:25:49.625+0000] {processor.py:186} INFO - Started process (PID=30302) to work on /home/airflow/.local/lib/python3.12/site-packages/airflow/example_dags/example_branch_labels.py
[2025-06-23T06:25:49.626+0000] {processor.py:914} INFO - Processing file /home/airflow/.local/lib/python3.12/site-packages/airflow/example_dags/example_branch_labels.py for tasks to queue
[2025-06-23T06:25:49.627+0000] {logging_mixin.py:190} INFO - [2025-06-23T06:25:49.626+0000] {dagbag.py:588} INFO - Filling up the DagBag from /home/airflow/.local/lib/python3.12/site-packages/airflow/example_dags/example_branch_labels.py
[2025-06-23T06:25:49.631+0000] {processor.py:925} INFO - DAG(s) 'example_branch_labels' retrieved from /home/airflow/.local/lib/python3.12/site-packages/airflow/example_dags/example_branch_labels.py
[2025-06-23T06:25:49.639+0000] {logging_mixin.py:190} INFO - [2025-06-23T06:25:49.639+0000] {dag.py:3239} INFO - Sync 1 DAGs
[2025-06-23T06:25:49.649+0000] {logging_mixin.py:190} INFO - [2025-06-23T06:25:49.648+0000] {dag.py:4180} INFO - Setting next_dagrun for example_branch_labels to 2025-06-22 00:00:00+00:00, run_after=2025-06-23 00:00:00+00:00
[2025-06-23T06:25:49.658+0000] {processor.py:208} INFO - Processing /home/airflow/.local/lib/python3.12/site-packages/airflow/example_dags/example_branch_labels.py took 0.035 seconds
[2025-06-23T06:27:13.686+0000] {processor.py:186} INFO - Started process (PID=30380) to work on /home/airflow/.local/lib/python3.12/site-packages/airflow/example_dags/example_branch_labels.py
[2025-06-23T06:27:13.688+0000] {processor.py:914} INFO - Processing file /home/airflow/.local/lib/python3.12/site-packages/airflow/example_dags/example_branch_labels.py for tasks to queue
[2025-06-23T06:27:13.688+0000] {logging_mixin.py:190} INFO - [2025-06-23T06:27:13.688+0000] {dagbag.py:588} INFO - Filling up the DagBag from /home/airflow/.local/lib/python3.12/site-packages/airflow/example_dags/example_branch_labels.py
[2025-06-23T06:27:13.693+0000] {processor.py:925} INFO - DAG(s) 'example_branch_labels' retrieved from /home/airflow/.local/lib/python3.12/site-packages/airflow/example_dags/example_branch_labels.py
[2025-06-23T06:27:13.704+0000] {logging_mixin.py:190} INFO - [2025-06-23T06:27:13.702+0000] {dag.py:3239} INFO - Sync 1 DAGs
[2025-06-23T06:27:13.713+0000] {logging_mixin.py:190} INFO - [2025-06-23T06:27:13.713+0000] {dag.py:4180} INFO - Setting next_dagrun for example_branch_labels to 2025-06-22 00:00:00+00:00, run_after=2025-06-23 00:00:00+00:00
[2025-06-23T06:27:13.723+0000] {processor.py:208} INFO - Processing /home/airflow/.local/lib/python3.12/site-packages/airflow/example_dags/example_branch_labels.py took 0.040 seconds
[2025-06-23T06:34:09.774+0000] {processor.py:186} INFO - Started process (PID=30458) to work on /home/airflow/.local/lib/python3.12/site-packages/airflow/example_dags/example_branch_labels.py
[2025-06-23T06:34:09.775+0000] {processor.py:914} INFO - Processing file /home/airflow/.local/lib/python3.12/site-packages/airflow/example_dags/example_branch_labels.py for tasks to queue
[2025-06-23T06:34:09.775+0000] {logging_mixin.py:190} INFO - [2025-06-23T06:34:09.775+0000] {dagbag.py:588} INFO - Filling up the DagBag from /home/airflow/.local/lib/python3.12/site-packages/airflow/example_dags/example_branch_labels.py
[2025-06-23T06:34:09.780+0000] {processor.py:925} INFO - DAG(s) 'example_branch_labels' retrieved from /home/airflow/.local/lib/python3.12/site-packages/airflow/example_dags/example_branch_labels.py
[2025-06-23T06:34:09.792+0000] {logging_mixin.py:190} INFO - [2025-06-23T06:34:09.792+0000] {dag.py:3239} INFO - Sync 1 DAGs
[2025-06-23T06:34:09.802+0000] {logging_mixin.py:190} INFO - [2025-06-23T06:34:09.802+0000] {dag.py:4180} INFO - Setting next_dagrun for example_branch_labels to 2025-06-22 00:00:00+00:00, run_after=2025-06-23 00:00:00+00:00
[2025-06-23T06:34:09.812+0000] {processor.py:208} INFO - Processing /home/airflow/.local/lib/python3.12/site-packages/airflow/example_dags/example_branch_labels.py took 0.040 seconds
[2025-06-23T06:35:38.822+0000] {processor.py:186} INFO - Started process (PID=30536) to work on /home/airflow/.local/lib/python3.12/site-packages/airflow/example_dags/example_branch_labels.py
[2025-06-23T06:35:38.824+0000] {processor.py:914} INFO - Processing file /home/airflow/.local/lib/python3.12/site-packages/airflow/example_dags/example_branch_labels.py for tasks to queue
[2025-06-23T06:35:38.825+0000] {logging_mixin.py:190} INFO - [2025-06-23T06:35:38.825+0000] {dagbag.py:588} INFO - Filling up the DagBag from /home/airflow/.local/lib/python3.12/site-packages/airflow/example_dags/example_branch_labels.py
[2025-06-23T06:35:38.829+0000] {processor.py:925} INFO - DAG(s) 'example_branch_labels' retrieved from /home/airflow/.local/lib/python3.12/site-packages/airflow/example_dags/example_branch_labels.py
[2025-06-23T06:35:38.840+0000] {logging_mixin.py:190} INFO - [2025-06-23T06:35:38.840+0000] {dag.py:3239} INFO - Sync 1 DAGs
[2025-06-23T06:35:38.849+0000] {logging_mixin.py:190} INFO - [2025-06-23T06:35:38.849+0000] {dag.py:4180} INFO - Setting next_dagrun for example_branch_labels to 2025-06-22 00:00:00+00:00, run_after=2025-06-23 00:00:00+00:00
[2025-06-23T06:35:38.857+0000] {processor.py:208} INFO - Processing /home/airflow/.local/lib/python3.12/site-packages/airflow/example_dags/example_branch_labels.py took 0.038 seconds
[2025-06-23T06:36:38.898+0000] {processor.py:186} INFO - Started process (PID=30614) to work on /home/airflow/.local/lib/python3.12/site-packages/airflow/example_dags/example_branch_labels.py
[2025-06-23T06:36:38.898+0000] {processor.py:914} INFO - Processing file /home/airflow/.local/lib/python3.12/site-packages/airflow/example_dags/example_branch_labels.py for tasks to queue
[2025-06-23T06:36:38.899+0000] {logging_mixin.py:190} INFO - [2025-06-23T06:36:38.899+0000] {dagbag.py:588} INFO - Filling up the DagBag from /home/airflow/.local/lib/python3.12/site-packages/airflow/example_dags/example_branch_labels.py
[2025-06-23T06:36:38.904+0000] {processor.py:925} INFO - DAG(s) 'example_branch_labels' retrieved from /home/airflow/.local/lib/python3.12/site-packages/airflow/example_dags/example_branch_labels.py
[2025-06-23T06:36:38.917+0000] {logging_mixin.py:190} INFO - [2025-06-23T06:36:38.917+0000] {dag.py:3239} INFO - Sync 1 DAGs
[2025-06-23T06:36:38.929+0000] {logging_mixin.py:190} INFO - [2025-06-23T06:36:38.928+0000] {dag.py:4180} INFO - Setting next_dagrun for example_branch_labels to 2025-06-22 00:00:00+00:00, run_after=2025-06-23 00:00:00+00:00
[2025-06-23T06:36:38.936+0000] {processor.py:208} INFO - Processing /home/airflow/.local/lib/python3.12/site-packages/airflow/example_dags/example_branch_labels.py took 0.043 seconds
[2025-06-23T07:13:30.750+0000] {processor.py:186} INFO - Started process (PID=30692) to work on /home/airflow/.local/lib/python3.12/site-packages/airflow/example_dags/example_branch_labels.py
[2025-06-23T07:13:30.751+0000] {processor.py:914} INFO - Processing file /home/airflow/.local/lib/python3.12/site-packages/airflow/example_dags/example_branch_labels.py for tasks to queue
[2025-06-23T07:13:30.752+0000] {logging_mixin.py:190} INFO - [2025-06-23T07:13:30.752+0000] {dagbag.py:588} INFO - Filling up the DagBag from /home/airflow/.local/lib/python3.12/site-packages/airflow/example_dags/example_branch_labels.py
[2025-06-23T07:13:30.756+0000] {processor.py:925} INFO - DAG(s) 'example_branch_labels' retrieved from /home/airflow/.local/lib/python3.12/site-packages/airflow/example_dags/example_branch_labels.py
[2025-06-23T07:13:30.767+0000] {logging_mixin.py:190} INFO - [2025-06-23T07:13:30.767+0000] {dag.py:3239} INFO - Sync 1 DAGs
[2025-06-23T07:13:30.777+0000] {logging_mixin.py:190} INFO - [2025-06-23T07:13:30.777+0000] {dag.py:4180} INFO - Setting next_dagrun for example_branch_labels to 2025-06-22 00:00:00+00:00, run_after=2025-06-23 00:00:00+00:00
[2025-06-23T07:13:30.783+0000] {processor.py:208} INFO - Processing /home/airflow/.local/lib/python3.12/site-packages/airflow/example_dags/example_branch_labels.py took 0.035 seconds
