[2025-06-23T00:35:50.812+0000] {processor.py:186} INFO - Started process (PID=28593) to work on /home/airflow/.local/lib/python3.12/site-packages/airflow/example_dags/example_outlet_event_extra.py
[2025-06-23T00:35:50.813+0000] {processor.py:914} INFO - Processing file /home/airflow/.local/lib/python3.12/site-packages/airflow/example_dags/example_outlet_event_extra.py for tasks to queue
[2025-06-23T00:35:50.813+0000] {logging_mixin.py:190} INFO - [2025-06-23T00:35:50.813+0000] {dagbag.py:588} INFO - Filling up the DagBag from /home/airflow/.local/lib/python3.12/site-packages/airflow/example_dags/example_outlet_event_extra.py
[2025-06-23T00:35:50.956+0000] {processor.py:925} INFO - DAG(s) 'dataset_with_extra_from_classic_operator', 'dataset_with_extra_by_context', 'dataset_with_extra_by_yield' retrieved from /home/airflow/.local/lib/python3.12/site-packages/airflow/example_dags/example_outlet_event_extra.py
[2025-06-23T00:35:50.975+0000] {logging_mixin.py:190} INFO - [2025-06-23T00:35:50.975+0000] {dag.py:3239} INFO - Sync 3 DAGs
[2025-06-23T00:35:51.080+0000] {logging_mixin.py:190} INFO - [2025-06-23T00:35:51.080+0000] {dag.py:4180} INFO - Setting next_dagrun for dataset_with_extra_by_context to 2025-06-22 00:00:00+00:00, run_after=2025-06-23 00:00:00+00:00
[2025-06-23T00:35:51.084+0000] {logging_mixin.py:190} INFO - [2025-06-23T00:35:51.084+0000] {dag.py:4180} INFO - Setting next_dagrun for dataset_with_extra_by_yield to 2025-06-22 00:00:00+00:00, run_after=2025-06-23 00:00:00+00:00
[2025-06-23T00:35:51.085+0000] {logging_mixin.py:190} INFO - [2025-06-23T00:35:51.085+0000] {dag.py:4180} INFO - Setting next_dagrun for dataset_with_extra_from_classic_operator to 2025-06-22 00:00:00+00:00, run_after=2025-06-23 00:00:00+00:00
[2025-06-23T00:35:51.092+0000] {processor.py:208} INFO - Processing /home/airflow/.local/lib/python3.12/site-packages/airflow/example_dags/example_outlet_event_extra.py took 0.282 seconds
[2025-06-23T01:36:42.575+0000] {processor.py:186} INFO - Started process (PID=28671) to work on /home/airflow/.local/lib/python3.12/site-packages/airflow/example_dags/example_outlet_event_extra.py
[2025-06-23T01:36:42.575+0000] {processor.py:914} INFO - Processing file /home/airflow/.local/lib/python3.12/site-packages/airflow/example_dags/example_outlet_event_extra.py for tasks to queue
[2025-06-23T01:36:42.576+0000] {logging_mixin.py:190} INFO - [2025-06-23T01:36:42.576+0000] {dagbag.py:588} INFO - Filling up the DagBag from /home/airflow/.local/lib/python3.12/site-packages/airflow/example_dags/example_outlet_event_extra.py
[2025-06-23T01:36:42.725+0000] {processor.py:925} INFO - DAG(s) 'dataset_with_extra_by_context', 'dataset_with_extra_from_classic_operator', 'dataset_with_extra_by_yield' retrieved from /home/airflow/.local/lib/python3.12/site-packages/airflow/example_dags/example_outlet_event_extra.py
[2025-06-23T01:36:42.742+0000] {logging_mixin.py:190} INFO - [2025-06-23T01:36:42.742+0000] {dag.py:3239} INFO - Sync 3 DAGs
[2025-06-23T01:36:42.857+0000] {logging_mixin.py:190} INFO - [2025-06-23T01:36:42.857+0000] {dag.py:4180} INFO - Setting next_dagrun for dataset_with_extra_by_context to 2025-06-22 00:00:00+00:00, run_after=2025-06-23 00:00:00+00:00
[2025-06-23T01:36:42.859+0000] {logging_mixin.py:190} INFO - [2025-06-23T01:36:42.859+0000] {dag.py:4180} INFO - Setting next_dagrun for dataset_with_extra_by_yield to 2025-06-22 00:00:00+00:00, run_after=2025-06-23 00:00:00+00:00
[2025-06-23T01:36:42.860+0000] {logging_mixin.py:190} INFO - [2025-06-23T01:36:42.860+0000] {dag.py:4180} INFO - Setting next_dagrun for dataset_with_extra_from_classic_operator to 2025-06-22 00:00:00+00:00, run_after=2025-06-23 00:00:00+00:00
[2025-06-23T01:36:42.872+0000] {processor.py:208} INFO - Processing /home/airflow/.local/lib/python3.12/site-packages/airflow/example_dags/example_outlet_event_extra.py took 0.300 seconds
[2025-06-23T01:37:13.222+0000] {processor.py:186} INFO - Started process (PID=28749) to work on /home/airflow/.local/lib/python3.12/site-packages/airflow/example_dags/example_outlet_event_extra.py
[2025-06-23T01:37:13.222+0000] {processor.py:914} INFO - Processing file /home/airflow/.local/lib/python3.12/site-packages/airflow/example_dags/example_outlet_event_extra.py for tasks to queue
[2025-06-23T01:37:13.222+0000] {logging_mixin.py:190} INFO - [2025-06-23T01:37:13.222+0000] {dagbag.py:588} INFO - Filling up the DagBag from /home/airflow/.local/lib/python3.12/site-packages/airflow/example_dags/example_outlet_event_extra.py
[2025-06-23T01:37:13.371+0000] {processor.py:925} INFO - DAG(s) 'dataset_with_extra_by_context', 'dataset_with_extra_from_classic_operator', 'dataset_with_extra_by_yield' retrieved from /home/airflow/.local/lib/python3.12/site-packages/airflow/example_dags/example_outlet_event_extra.py
[2025-06-23T01:37:13.388+0000] {logging_mixin.py:190} INFO - [2025-06-23T01:37:13.388+0000] {dag.py:3239} INFO - Sync 3 DAGs
[2025-06-23T01:37:13.511+0000] {logging_mixin.py:190} INFO - [2025-06-23T01:37:13.511+0000] {dag.py:4180} INFO - Setting next_dagrun for dataset_with_extra_by_context to 2025-06-22 00:00:00+00:00, run_after=2025-06-23 00:00:00+00:00
[2025-06-23T01:37:13.513+0000] {logging_mixin.py:190} INFO - [2025-06-23T01:37:13.513+0000] {dag.py:4180} INFO - Setting next_dagrun for dataset_with_extra_by_yield to 2025-06-22 00:00:00+00:00, run_after=2025-06-23 00:00:00+00:00
[2025-06-23T01:37:13.514+0000] {logging_mixin.py:190} INFO - [2025-06-23T01:37:13.514+0000] {dag.py:4180} INFO - Setting next_dagrun for dataset_with_extra_from_classic_operator to 2025-06-22 00:00:00+00:00, run_after=2025-06-23 00:00:00+00:00
[2025-06-23T01:37:13.527+0000] {processor.py:208} INFO - Processing /home/airflow/.local/lib/python3.12/site-packages/airflow/example_dags/example_outlet_event_extra.py took 0.308 seconds
[2025-06-23T02:28:29.941+0000] {processor.py:186} INFO - Started process (PID=28827) to work on /home/airflow/.local/lib/python3.12/site-packages/airflow/example_dags/example_outlet_event_extra.py
[2025-06-23T02:28:29.941+0000] {processor.py:914} INFO - Processing file /home/airflow/.local/lib/python3.12/site-packages/airflow/example_dags/example_outlet_event_extra.py for tasks to queue
[2025-06-23T02:28:29.942+0000] {logging_mixin.py:190} INFO - [2025-06-23T02:28:29.942+0000] {dagbag.py:588} INFO - Filling up the DagBag from /home/airflow/.local/lib/python3.12/site-packages/airflow/example_dags/example_outlet_event_extra.py
[2025-06-23T02:28:30.096+0000] {processor.py:925} INFO - DAG(s) 'dataset_with_extra_by_yield', 'dataset_with_extra_by_context', 'dataset_with_extra_from_classic_operator' retrieved from /home/airflow/.local/lib/python3.12/site-packages/airflow/example_dags/example_outlet_event_extra.py
[2025-06-23T02:28:30.106+0000] {logging_mixin.py:190} INFO - [2025-06-23T02:28:30.106+0000] {dag.py:3239} INFO - Sync 3 DAGs
[2025-06-23T02:28:30.217+0000] {logging_mixin.py:190} INFO - [2025-06-23T02:28:30.217+0000] {dag.py:4180} INFO - Setting next_dagrun for dataset_with_extra_by_context to 2025-06-22 00:00:00+00:00, run_after=2025-06-23 00:00:00+00:00
[2025-06-23T02:28:30.219+0000] {logging_mixin.py:190} INFO - [2025-06-23T02:28:30.218+0000] {dag.py:4180} INFO - Setting next_dagrun for dataset_with_extra_by_yield to 2025-06-22 00:00:00+00:00, run_after=2025-06-23 00:00:00+00:00
[2025-06-23T02:28:30.219+0000] {logging_mixin.py:190} INFO - [2025-06-23T02:28:30.219+0000] {dag.py:4180} INFO - Setting next_dagrun for dataset_with_extra_from_classic_operator to 2025-06-22 00:00:00+00:00, run_after=2025-06-23 00:00:00+00:00
[2025-06-23T02:28:30.228+0000] {processor.py:208} INFO - Processing /home/airflow/.local/lib/python3.12/site-packages/airflow/example_dags/example_outlet_event_extra.py took 0.290 seconds
[2025-06-23T02:38:09.950+0000] {processor.py:186} INFO - Started process (PID=28905) to work on /home/airflow/.local/lib/python3.12/site-packages/airflow/example_dags/example_outlet_event_extra.py
[2025-06-23T02:38:09.951+0000] {processor.py:914} INFO - Processing file /home/airflow/.local/lib/python3.12/site-packages/airflow/example_dags/example_outlet_event_extra.py for tasks to queue
[2025-06-23T02:38:09.951+0000] {logging_mixin.py:190} INFO - [2025-06-23T02:38:09.951+0000] {dagbag.py:588} INFO - Filling up the DagBag from /home/airflow/.local/lib/python3.12/site-packages/airflow/example_dags/example_outlet_event_extra.py
[2025-06-23T02:38:10.094+0000] {processor.py:925} INFO - DAG(s) 'dataset_with_extra_by_context', 'dataset_with_extra_from_classic_operator', 'dataset_with_extra_by_yield' retrieved from /home/airflow/.local/lib/python3.12/site-packages/airflow/example_dags/example_outlet_event_extra.py
[2025-06-23T02:38:10.103+0000] {logging_mixin.py:190} INFO - [2025-06-23T02:38:10.103+0000] {dag.py:3239} INFO - Sync 3 DAGs
[2025-06-23T02:38:10.212+0000] {logging_mixin.py:190} INFO - [2025-06-23T02:38:10.212+0000] {dag.py:4180} INFO - Setting next_dagrun for dataset_with_extra_by_context to 2025-06-22 00:00:00+00:00, run_after=2025-06-23 00:00:00+00:00
[2025-06-23T02:38:10.214+0000] {logging_mixin.py:190} INFO - [2025-06-23T02:38:10.214+0000] {dag.py:4180} INFO - Setting next_dagrun for dataset_with_extra_by_yield to 2025-06-22 00:00:00+00:00, run_after=2025-06-23 00:00:00+00:00
[2025-06-23T02:38:10.215+0000] {logging_mixin.py:190} INFO - [2025-06-23T02:38:10.215+0000] {dag.py:4180} INFO - Setting next_dagrun for dataset_with_extra_from_classic_operator to 2025-06-22 00:00:00+00:00, run_after=2025-06-23 00:00:00+00:00
[2025-06-23T02:38:10.227+0000] {processor.py:208} INFO - Processing /home/airflow/.local/lib/python3.12/site-packages/airflow/example_dags/example_outlet_event_extra.py took 0.279 seconds
[2025-06-23T03:10:46.987+0000] {processor.py:186} INFO - Started process (PID=28983) to work on /home/airflow/.local/lib/python3.12/site-packages/airflow/example_dags/example_outlet_event_extra.py
[2025-06-23T03:10:46.988+0000] {processor.py:914} INFO - Processing file /home/airflow/.local/lib/python3.12/site-packages/airflow/example_dags/example_outlet_event_extra.py for tasks to queue
[2025-06-23T03:10:46.989+0000] {logging_mixin.py:190} INFO - [2025-06-23T03:10:46.989+0000] {dagbag.py:588} INFO - Filling up the DagBag from /home/airflow/.local/lib/python3.12/site-packages/airflow/example_dags/example_outlet_event_extra.py
[2025-06-23T03:10:47.145+0000] {processor.py:925} INFO - DAG(s) 'dataset_with_extra_by_yield', 'dataset_with_extra_from_classic_operator', 'dataset_with_extra_by_context' retrieved from /home/airflow/.local/lib/python3.12/site-packages/airflow/example_dags/example_outlet_event_extra.py
[2025-06-23T03:10:47.163+0000] {logging_mixin.py:190} INFO - [2025-06-23T03:10:47.163+0000] {dag.py:3239} INFO - Sync 3 DAGs
[2025-06-23T03:10:47.279+0000] {logging_mixin.py:190} INFO - [2025-06-23T03:10:47.279+0000] {dag.py:4180} INFO - Setting next_dagrun for dataset_with_extra_by_context to 2025-06-22 00:00:00+00:00, run_after=2025-06-23 00:00:00+00:00
[2025-06-23T03:10:47.281+0000] {logging_mixin.py:190} INFO - [2025-06-23T03:10:47.281+0000] {dag.py:4180} INFO - Setting next_dagrun for dataset_with_extra_by_yield to 2025-06-22 00:00:00+00:00, run_after=2025-06-23 00:00:00+00:00
[2025-06-23T03:10:47.283+0000] {logging_mixin.py:190} INFO - [2025-06-23T03:10:47.283+0000] {dag.py:4180} INFO - Setting next_dagrun for dataset_with_extra_from_classic_operator to 2025-06-22 00:00:00+00:00, run_after=2025-06-23 00:00:00+00:00
[2025-06-23T03:10:47.294+0000] {processor.py:208} INFO - Processing /home/airflow/.local/lib/python3.12/site-packages/airflow/example_dags/example_outlet_event_extra.py took 0.310 seconds
[2025-06-23T03:38:55.457+0000] {processor.py:186} INFO - Started process (PID=29061) to work on /home/airflow/.local/lib/python3.12/site-packages/airflow/example_dags/example_outlet_event_extra.py
[2025-06-23T03:38:55.457+0000] {processor.py:914} INFO - Processing file /home/airflow/.local/lib/python3.12/site-packages/airflow/example_dags/example_outlet_event_extra.py for tasks to queue
[2025-06-23T03:38:55.458+0000] {logging_mixin.py:190} INFO - [2025-06-23T03:38:55.458+0000] {dagbag.py:588} INFO - Filling up the DagBag from /home/airflow/.local/lib/python3.12/site-packages/airflow/example_dags/example_outlet_event_extra.py
[2025-06-23T03:38:55.607+0000] {processor.py:925} INFO - DAG(s) 'dataset_with_extra_from_classic_operator', 'dataset_with_extra_by_yield', 'dataset_with_extra_by_context' retrieved from /home/airflow/.local/lib/python3.12/site-packages/airflow/example_dags/example_outlet_event_extra.py
[2025-06-23T03:38:55.621+0000] {logging_mixin.py:190} INFO - [2025-06-23T03:38:55.620+0000] {dag.py:3239} INFO - Sync 3 DAGs
[2025-06-23T03:38:55.725+0000] {logging_mixin.py:190} INFO - [2025-06-23T03:38:55.725+0000] {dag.py:4180} INFO - Setting next_dagrun for dataset_with_extra_by_context to 2025-06-22 00:00:00+00:00, run_after=2025-06-23 00:00:00+00:00
[2025-06-23T03:38:55.730+0000] {logging_mixin.py:190} INFO - [2025-06-23T03:38:55.730+0000] {dag.py:4180} INFO - Setting next_dagrun for dataset_with_extra_by_yield to 2025-06-22 00:00:00+00:00, run_after=2025-06-23 00:00:00+00:00
[2025-06-23T03:38:55.731+0000] {logging_mixin.py:190} INFO - [2025-06-23T03:38:55.731+0000] {dag.py:4180} INFO - Setting next_dagrun for dataset_with_extra_from_classic_operator to 2025-06-22 00:00:00+00:00, run_after=2025-06-23 00:00:00+00:00
[2025-06-23T03:38:55.742+0000] {processor.py:208} INFO - Processing /home/airflow/.local/lib/python3.12/site-packages/airflow/example_dags/example_outlet_event_extra.py took 0.287 seconds
[2025-06-23T04:39:47.778+0000] {processor.py:186} INFO - Started process (PID=29139) to work on /home/airflow/.local/lib/python3.12/site-packages/airflow/example_dags/example_outlet_event_extra.py
[2025-06-23T04:39:47.779+0000] {processor.py:914} INFO - Processing file /home/airflow/.local/lib/python3.12/site-packages/airflow/example_dags/example_outlet_event_extra.py for tasks to queue
[2025-06-23T04:39:47.780+0000] {logging_mixin.py:190} INFO - [2025-06-23T04:39:47.780+0000] {dagbag.py:588} INFO - Filling up the DagBag from /home/airflow/.local/lib/python3.12/site-packages/airflow/example_dags/example_outlet_event_extra.py
[2025-06-23T04:39:47.943+0000] {processor.py:925} INFO - DAG(s) 'dataset_with_extra_from_classic_operator', 'dataset_with_extra_by_context', 'dataset_with_extra_by_yield' retrieved from /home/airflow/.local/lib/python3.12/site-packages/airflow/example_dags/example_outlet_event_extra.py
[2025-06-23T04:39:47.961+0000] {logging_mixin.py:190} INFO - [2025-06-23T04:39:47.961+0000] {dag.py:3239} INFO - Sync 3 DAGs
[2025-06-23T04:39:48.082+0000] {logging_mixin.py:190} INFO - [2025-06-23T04:39:48.082+0000] {dag.py:4180} INFO - Setting next_dagrun for dataset_with_extra_by_context to 2025-06-22 00:00:00+00:00, run_after=2025-06-23 00:00:00+00:00
[2025-06-23T04:39:48.085+0000] {logging_mixin.py:190} INFO - [2025-06-23T04:39:48.085+0000] {dag.py:4180} INFO - Setting next_dagrun for dataset_with_extra_by_yield to 2025-06-22 00:00:00+00:00, run_after=2025-06-23 00:00:00+00:00
[2025-06-23T04:39:48.086+0000] {logging_mixin.py:190} INFO - [2025-06-23T04:39:48.086+0000] {dag.py:4180} INFO - Setting next_dagrun for dataset_with_extra_from_classic_operator to 2025-06-22 00:00:00+00:00, run_after=2025-06-23 00:00:00+00:00
[2025-06-23T04:39:48.098+0000] {processor.py:208} INFO - Processing /home/airflow/.local/lib/python3.12/site-packages/airflow/example_dags/example_outlet_event_extra.py took 0.322 seconds
[2025-06-23T05:32:42.115+0000] {processor.py:186} INFO - Started process (PID=29217) to work on /home/airflow/.local/lib/python3.12/site-packages/airflow/example_dags/example_outlet_event_extra.py
[2025-06-23T05:32:42.116+0000] {processor.py:914} INFO - Processing file /home/airflow/.local/lib/python3.12/site-packages/airflow/example_dags/example_outlet_event_extra.py for tasks to queue
[2025-06-23T05:32:42.117+0000] {logging_mixin.py:190} INFO - [2025-06-23T05:32:42.116+0000] {dagbag.py:588} INFO - Filling up the DagBag from /home/airflow/.local/lib/python3.12/site-packages/airflow/example_dags/example_outlet_event_extra.py
[2025-06-23T05:32:42.531+0000] {processor.py:925} INFO - DAG(s) 'dataset_with_extra_from_classic_operator', 'dataset_with_extra_by_context', 'dataset_with_extra_by_yield' retrieved from /home/airflow/.local/lib/python3.12/site-packages/airflow/example_dags/example_outlet_event_extra.py
[2025-06-23T05:32:42.544+0000] {logging_mixin.py:190} INFO - [2025-06-23T05:32:42.544+0000] {dag.py:3239} INFO - Sync 3 DAGs
[2025-06-23T05:32:42.557+0000] {logging_mixin.py:190} INFO - [2025-06-23T05:32:42.557+0000] {dag.py:4180} INFO - Setting next_dagrun for dataset_with_extra_by_context to 2025-06-22 00:00:00+00:00, run_after=2025-06-23 00:00:00+00:00
[2025-06-23T05:32:42.564+0000] {logging_mixin.py:190} INFO - [2025-06-23T05:32:42.564+0000] {dag.py:4180} INFO - Setting next_dagrun for dataset_with_extra_by_yield to 2025-06-22 00:00:00+00:00, run_after=2025-06-23 00:00:00+00:00
[2025-06-23T05:32:42.566+0000] {logging_mixin.py:190} INFO - [2025-06-23T05:32:42.565+0000] {dag.py:4180} INFO - Setting next_dagrun for dataset_with_extra_from_classic_operator to 2025-06-22 00:00:00+00:00, run_after=2025-06-23 00:00:00+00:00
[2025-06-23T05:32:42.583+0000] {processor.py:208} INFO - Processing /home/airflow/.local/lib/python3.12/site-packages/airflow/example_dags/example_outlet_event_extra.py took 0.470 seconds
[2025-06-23T05:33:12.971+0000] {processor.py:186} INFO - Started process (PID=29295) to work on /home/airflow/.local/lib/python3.12/site-packages/airflow/example_dags/example_outlet_event_extra.py
[2025-06-23T05:33:12.972+0000] {processor.py:914} INFO - Processing file /home/airflow/.local/lib/python3.12/site-packages/airflow/example_dags/example_outlet_event_extra.py for tasks to queue
[2025-06-23T05:33:12.972+0000] {logging_mixin.py:190} INFO - [2025-06-23T05:33:12.972+0000] {dagbag.py:588} INFO - Filling up the DagBag from /home/airflow/.local/lib/python3.12/site-packages/airflow/example_dags/example_outlet_event_extra.py
[2025-06-23T05:33:13.257+0000] {processor.py:925} INFO - DAG(s) 'dataset_with_extra_by_yield', 'dataset_with_extra_by_context', 'dataset_with_extra_from_classic_operator' retrieved from /home/airflow/.local/lib/python3.12/site-packages/airflow/example_dags/example_outlet_event_extra.py
[2025-06-23T05:33:13.272+0000] {logging_mixin.py:190} INFO - [2025-06-23T05:33:13.272+0000] {dag.py:3239} INFO - Sync 3 DAGs
[2025-06-23T05:33:13.282+0000] {logging_mixin.py:190} INFO - [2025-06-23T05:33:13.282+0000] {dag.py:4180} INFO - Setting next_dagrun for dataset_with_extra_by_context to 2025-06-22 00:00:00+00:00, run_after=2025-06-23 00:00:00+00:00
[2025-06-23T05:33:13.284+0000] {logging_mixin.py:190} INFO - [2025-06-23T05:33:13.284+0000] {dag.py:4180} INFO - Setting next_dagrun for dataset_with_extra_by_yield to 2025-06-22 00:00:00+00:00, run_after=2025-06-23 00:00:00+00:00
[2025-06-23T05:33:13.285+0000] {logging_mixin.py:190} INFO - [2025-06-23T05:33:13.285+0000] {dag.py:4180} INFO - Setting next_dagrun for dataset_with_extra_from_classic_operator to 2025-06-22 00:00:00+00:00, run_after=2025-06-23 00:00:00+00:00
[2025-06-23T05:33:13.295+0000] {processor.py:208} INFO - Processing /home/airflow/.local/lib/python3.12/site-packages/airflow/example_dags/example_outlet_event_extra.py took 0.327 seconds
[2025-06-23T05:33:44.924+0000] {processor.py:186} INFO - Started process (PID=29373) to work on /home/airflow/.local/lib/python3.12/site-packages/airflow/example_dags/example_outlet_event_extra.py
[2025-06-23T05:33:44.925+0000] {processor.py:914} INFO - Processing file /home/airflow/.local/lib/python3.12/site-packages/airflow/example_dags/example_outlet_event_extra.py for tasks to queue
[2025-06-23T05:33:44.926+0000] {logging_mixin.py:190} INFO - [2025-06-23T05:33:44.925+0000] {dagbag.py:588} INFO - Filling up the DagBag from /home/airflow/.local/lib/python3.12/site-packages/airflow/example_dags/example_outlet_event_extra.py
[2025-06-23T05:33:45.516+0000] {processor.py:925} INFO - DAG(s) 'dataset_with_extra_from_classic_operator', 'dataset_with_extra_by_yield', 'dataset_with_extra_by_context' retrieved from /home/airflow/.local/lib/python3.12/site-packages/airflow/example_dags/example_outlet_event_extra.py
[2025-06-23T05:33:45.545+0000] {logging_mixin.py:190} INFO - [2025-06-23T05:33:45.545+0000] {dag.py:3239} INFO - Sync 3 DAGs
[2025-06-23T05:33:45.569+0000] {logging_mixin.py:190} INFO - [2025-06-23T05:33:45.569+0000] {dag.py:4180} INFO - Setting next_dagrun for dataset_with_extra_by_context to 2025-06-22 00:00:00+00:00, run_after=2025-06-23 00:00:00+00:00
[2025-06-23T05:33:45.582+0000] {logging_mixin.py:190} INFO - [2025-06-23T05:33:45.582+0000] {dag.py:4180} INFO - Setting next_dagrun for dataset_with_extra_by_yield to 2025-06-22 00:00:00+00:00, run_after=2025-06-23 00:00:00+00:00
[2025-06-23T05:33:45.584+0000] {logging_mixin.py:190} INFO - [2025-06-23T05:33:45.584+0000] {dag.py:4180} INFO - Setting next_dagrun for dataset_with_extra_from_classic_operator to 2025-06-22 00:00:00+00:00, run_after=2025-06-23 00:00:00+00:00
[2025-06-23T05:33:45.618+0000] {processor.py:208} INFO - Processing /home/airflow/.local/lib/python3.12/site-packages/airflow/example_dags/example_outlet_event_extra.py took 0.698 seconds
[2025-06-23T05:34:27.857+0000] {processor.py:186} INFO - Started process (PID=29451) to work on /home/airflow/.local/lib/python3.12/site-packages/airflow/example_dags/example_outlet_event_extra.py
[2025-06-23T05:34:27.863+0000] {processor.py:914} INFO - Processing file /home/airflow/.local/lib/python3.12/site-packages/airflow/example_dags/example_outlet_event_extra.py for tasks to queue
[2025-06-23T05:34:27.876+0000] {logging_mixin.py:190} INFO - [2025-06-23T05:34:27.872+0000] {dagbag.py:588} INFO - Filling up the DagBag from /home/airflow/.local/lib/python3.12/site-packages/airflow/example_dags/example_outlet_event_extra.py
[2025-06-23T05:34:32.686+0000] {processor.py:925} INFO - DAG(s) 'dataset_with_extra_from_classic_operator', 'dataset_with_extra_by_context', 'dataset_with_extra_by_yield' retrieved from /home/airflow/.local/lib/python3.12/site-packages/airflow/example_dags/example_outlet_event_extra.py
[2025-06-23T05:34:32.806+0000] {logging_mixin.py:190} INFO - [2025-06-23T05:34:32.804+0000] {dag.py:3239} INFO - Sync 3 DAGs
[2025-06-23T05:34:33.404+0000] {logging_mixin.py:190} INFO - [2025-06-23T05:34:33.377+0000] {dag.py:4180} INFO - Setting next_dagrun for dataset_with_extra_by_context to 2025-06-22 00:00:00+00:00, run_after=2025-06-23 00:00:00+00:00
[2025-06-23T05:34:33.446+0000] {logging_mixin.py:190} INFO - [2025-06-23T05:34:33.445+0000] {dag.py:4180} INFO - Setting next_dagrun for dataset_with_extra_by_yield to 2025-06-22 00:00:00+00:00, run_after=2025-06-23 00:00:00+00:00
[2025-06-23T05:34:33.478+0000] {logging_mixin.py:190} INFO - [2025-06-23T05:34:33.477+0000] {dag.py:4180} INFO - Setting next_dagrun for dataset_with_extra_from_classic_operator to 2025-06-22 00:00:00+00:00, run_after=2025-06-23 00:00:00+00:00
[2025-06-23T05:34:33.591+0000] {processor.py:208} INFO - Processing /home/airflow/.local/lib/python3.12/site-packages/airflow/example_dags/example_outlet_event_extra.py took 5.799 seconds
[2025-06-23T05:35:03.906+0000] {processor.py:186} INFO - Started process (PID=29541) to work on /home/airflow/.local/lib/python3.12/site-packages/airflow/example_dags/example_outlet_event_extra.py
[2025-06-23T05:35:03.942+0000] {processor.py:914} INFO - Processing file /home/airflow/.local/lib/python3.12/site-packages/airflow/example_dags/example_outlet_event_extra.py for tasks to queue
[2025-06-23T05:35:03.947+0000] {logging_mixin.py:190} INFO - [2025-06-23T05:35:03.946+0000] {dagbag.py:588} INFO - Filling up the DagBag from /home/airflow/.local/lib/python3.12/site-packages/airflow/example_dags/example_outlet_event_extra.py
[2025-06-23T05:35:08.168+0000] {processor.py:925} INFO - DAG(s) 'dataset_with_extra_by_context', 'dataset_with_extra_by_yield', 'dataset_with_extra_from_classic_operator' retrieved from /home/airflow/.local/lib/python3.12/site-packages/airflow/example_dags/example_outlet_event_extra.py
[2025-06-23T05:35:08.286+0000] {logging_mixin.py:190} INFO - [2025-06-23T05:35:08.285+0000] {dag.py:3239} INFO - Sync 3 DAGs
[2025-06-23T05:35:08.387+0000] {logging_mixin.py:190} INFO - [2025-06-23T05:35:08.386+0000] {dag.py:4180} INFO - Setting next_dagrun for dataset_with_extra_by_context to 2025-06-22 00:00:00+00:00, run_after=2025-06-23 00:00:00+00:00
[2025-06-23T05:35:08.420+0000] {logging_mixin.py:190} INFO - [2025-06-23T05:35:08.419+0000] {dag.py:4180} INFO - Setting next_dagrun for dataset_with_extra_by_yield to 2025-06-22 00:00:00+00:00, run_after=2025-06-23 00:00:00+00:00
[2025-06-23T05:35:08.429+0000] {logging_mixin.py:190} INFO - [2025-06-23T05:35:08.428+0000] {dag.py:4180} INFO - Setting next_dagrun for dataset_with_extra_from_classic_operator to 2025-06-22 00:00:00+00:00, run_after=2025-06-23 00:00:00+00:00
[2025-06-23T05:35:08.544+0000] {processor.py:208} INFO - Processing /home/airflow/.local/lib/python3.12/site-packages/airflow/example_dags/example_outlet_event_extra.py took 4.611 seconds
[2025-06-23T05:35:39.493+0000] {processor.py:186} INFO - Started process (PID=29624) to work on /home/airflow/.local/lib/python3.12/site-packages/airflow/example_dags/example_outlet_event_extra.py
[2025-06-23T05:35:39.495+0000] {processor.py:914} INFO - Processing file /home/airflow/.local/lib/python3.12/site-packages/airflow/example_dags/example_outlet_event_extra.py for tasks to queue
[2025-06-23T05:35:39.496+0000] {logging_mixin.py:190} INFO - [2025-06-23T05:35:39.495+0000] {dagbag.py:588} INFO - Filling up the DagBag from /home/airflow/.local/lib/python3.12/site-packages/airflow/example_dags/example_outlet_event_extra.py
[2025-06-23T05:35:39.772+0000] {processor.py:925} INFO - DAG(s) 'dataset_with_extra_by_yield', 'dataset_with_extra_from_classic_operator', 'dataset_with_extra_by_context' retrieved from /home/airflow/.local/lib/python3.12/site-packages/airflow/example_dags/example_outlet_event_extra.py
[2025-06-23T05:35:39.780+0000] {logging_mixin.py:190} INFO - [2025-06-23T05:35:39.780+0000] {dag.py:3239} INFO - Sync 3 DAGs
[2025-06-23T05:35:39.787+0000] {logging_mixin.py:190} INFO - [2025-06-23T05:35:39.787+0000] {dag.py:4180} INFO - Setting next_dagrun for dataset_with_extra_by_context to 2025-06-22 00:00:00+00:00, run_after=2025-06-23 00:00:00+00:00
[2025-06-23T05:35:39.788+0000] {logging_mixin.py:190} INFO - [2025-06-23T05:35:39.788+0000] {dag.py:4180} INFO - Setting next_dagrun for dataset_with_extra_by_yield to 2025-06-22 00:00:00+00:00, run_after=2025-06-23 00:00:00+00:00
[2025-06-23T05:35:39.789+0000] {logging_mixin.py:190} INFO - [2025-06-23T05:35:39.789+0000] {dag.py:4180} INFO - Setting next_dagrun for dataset_with_extra_from_classic_operator to 2025-06-22 00:00:00+00:00, run_after=2025-06-23 00:00:00+00:00
[2025-06-23T05:35:39.796+0000] {processor.py:208} INFO - Processing /home/airflow/.local/lib/python3.12/site-packages/airflow/example_dags/example_outlet_event_extra.py took 0.310 seconds
[2025-06-23T05:36:10.157+0000] {processor.py:186} INFO - Started process (PID=29702) to work on /home/airflow/.local/lib/python3.12/site-packages/airflow/example_dags/example_outlet_event_extra.py
[2025-06-23T05:36:10.158+0000] {processor.py:914} INFO - Processing file /home/airflow/.local/lib/python3.12/site-packages/airflow/example_dags/example_outlet_event_extra.py for tasks to queue
[2025-06-23T05:36:10.159+0000] {logging_mixin.py:190} INFO - [2025-06-23T05:36:10.159+0000] {dagbag.py:588} INFO - Filling up the DagBag from /home/airflow/.local/lib/python3.12/site-packages/airflow/example_dags/example_outlet_event_extra.py
[2025-06-23T05:36:10.459+0000] {processor.py:925} INFO - DAG(s) 'dataset_with_extra_by_context', 'dataset_with_extra_by_yield', 'dataset_with_extra_from_classic_operator' retrieved from /home/airflow/.local/lib/python3.12/site-packages/airflow/example_dags/example_outlet_event_extra.py
[2025-06-23T05:36:10.467+0000] {logging_mixin.py:190} INFO - [2025-06-23T05:36:10.466+0000] {dag.py:3239} INFO - Sync 3 DAGs
[2025-06-23T05:36:10.473+0000] {logging_mixin.py:190} INFO - [2025-06-23T05:36:10.473+0000] {dag.py:4180} INFO - Setting next_dagrun for dataset_with_extra_by_context to 2025-06-22 00:00:00+00:00, run_after=2025-06-23 00:00:00+00:00
[2025-06-23T05:36:10.475+0000] {logging_mixin.py:190} INFO - [2025-06-23T05:36:10.475+0000] {dag.py:4180} INFO - Setting next_dagrun for dataset_with_extra_by_yield to 2025-06-22 00:00:00+00:00, run_after=2025-06-23 00:00:00+00:00
[2025-06-23T05:36:10.476+0000] {logging_mixin.py:190} INFO - [2025-06-23T05:36:10.476+0000] {dag.py:4180} INFO - Setting next_dagrun for dataset_with_extra_from_classic_operator to 2025-06-22 00:00:00+00:00, run_after=2025-06-23 00:00:00+00:00
[2025-06-23T05:36:10.482+0000] {processor.py:208} INFO - Processing /home/airflow/.local/lib/python3.12/site-packages/airflow/example_dags/example_outlet_event_extra.py took 0.328 seconds
[2025-06-23T05:36:40.605+0000] {processor.py:186} INFO - Started process (PID=29785) to work on /home/airflow/.local/lib/python3.12/site-packages/airflow/example_dags/example_outlet_event_extra.py
[2025-06-23T05:36:40.605+0000] {processor.py:914} INFO - Processing file /home/airflow/.local/lib/python3.12/site-packages/airflow/example_dags/example_outlet_event_extra.py for tasks to queue
[2025-06-23T05:36:40.606+0000] {logging_mixin.py:190} INFO - [2025-06-23T05:36:40.605+0000] {dagbag.py:588} INFO - Filling up the DagBag from /home/airflow/.local/lib/python3.12/site-packages/airflow/example_dags/example_outlet_event_extra.py
[2025-06-23T05:36:40.860+0000] {processor.py:925} INFO - DAG(s) 'dataset_with_extra_from_classic_operator', 'dataset_with_extra_by_context', 'dataset_with_extra_by_yield' retrieved from /home/airflow/.local/lib/python3.12/site-packages/airflow/example_dags/example_outlet_event_extra.py
[2025-06-23T05:36:40.869+0000] {logging_mixin.py:190} INFO - [2025-06-23T05:36:40.869+0000] {dag.py:3239} INFO - Sync 3 DAGs
[2025-06-23T05:36:40.876+0000] {logging_mixin.py:190} INFO - [2025-06-23T05:36:40.876+0000] {dag.py:4180} INFO - Setting next_dagrun for dataset_with_extra_by_context to 2025-06-22 00:00:00+00:00, run_after=2025-06-23 00:00:00+00:00
[2025-06-23T05:36:40.878+0000] {logging_mixin.py:190} INFO - [2025-06-23T05:36:40.878+0000] {dag.py:4180} INFO - Setting next_dagrun for dataset_with_extra_by_yield to 2025-06-22 00:00:00+00:00, run_after=2025-06-23 00:00:00+00:00
[2025-06-23T05:36:40.879+0000] {logging_mixin.py:190} INFO - [2025-06-23T05:36:40.879+0000] {dag.py:4180} INFO - Setting next_dagrun for dataset_with_extra_from_classic_operator to 2025-06-22 00:00:00+00:00, run_after=2025-06-23 00:00:00+00:00
[2025-06-23T05:36:40.886+0000] {processor.py:208} INFO - Processing /home/airflow/.local/lib/python3.12/site-packages/airflow/example_dags/example_outlet_event_extra.py took 0.284 seconds
[2025-06-23T05:37:10.945+0000] {processor.py:186} INFO - Started process (PID=29863) to work on /home/airflow/.local/lib/python3.12/site-packages/airflow/example_dags/example_outlet_event_extra.py
[2025-06-23T05:37:10.946+0000] {processor.py:914} INFO - Processing file /home/airflow/.local/lib/python3.12/site-packages/airflow/example_dags/example_outlet_event_extra.py for tasks to queue
[2025-06-23T05:37:10.946+0000] {logging_mixin.py:190} INFO - [2025-06-23T05:37:10.946+0000] {dagbag.py:588} INFO - Filling up the DagBag from /home/airflow/.local/lib/python3.12/site-packages/airflow/example_dags/example_outlet_event_extra.py
[2025-06-23T05:37:11.206+0000] {processor.py:925} INFO - DAG(s) 'dataset_with_extra_by_yield', 'dataset_with_extra_by_context', 'dataset_with_extra_from_classic_operator' retrieved from /home/airflow/.local/lib/python3.12/site-packages/airflow/example_dags/example_outlet_event_extra.py
[2025-06-23T05:37:11.215+0000] {logging_mixin.py:190} INFO - [2025-06-23T05:37:11.215+0000] {dag.py:3239} INFO - Sync 3 DAGs
[2025-06-23T05:37:11.222+0000] {logging_mixin.py:190} INFO - [2025-06-23T05:37:11.222+0000] {dag.py:4180} INFO - Setting next_dagrun for dataset_with_extra_by_context to 2025-06-22 00:00:00+00:00, run_after=2025-06-23 00:00:00+00:00
[2025-06-23T05:37:11.224+0000] {logging_mixin.py:190} INFO - [2025-06-23T05:37:11.224+0000] {dag.py:4180} INFO - Setting next_dagrun for dataset_with_extra_by_yield to 2025-06-22 00:00:00+00:00, run_after=2025-06-23 00:00:00+00:00
[2025-06-23T05:37:11.225+0000] {logging_mixin.py:190} INFO - [2025-06-23T05:37:11.225+0000] {dag.py:4180} INFO - Setting next_dagrun for dataset_with_extra_from_classic_operator to 2025-06-22 00:00:00+00:00, run_after=2025-06-23 00:00:00+00:00
[2025-06-23T05:37:11.231+0000] {processor.py:208} INFO - Processing /home/airflow/.local/lib/python3.12/site-packages/airflow/example_dags/example_outlet_event_extra.py took 0.289 seconds
[2025-06-23T05:37:42.061+0000] {processor.py:186} INFO - Started process (PID=29941) to work on /home/airflow/.local/lib/python3.12/site-packages/airflow/example_dags/example_outlet_event_extra.py
[2025-06-23T05:37:42.062+0000] {processor.py:914} INFO - Processing file /home/airflow/.local/lib/python3.12/site-packages/airflow/example_dags/example_outlet_event_extra.py for tasks to queue
[2025-06-23T05:37:42.063+0000] {logging_mixin.py:190} INFO - [2025-06-23T05:37:42.063+0000] {dagbag.py:588} INFO - Filling up the DagBag from /home/airflow/.local/lib/python3.12/site-packages/airflow/example_dags/example_outlet_event_extra.py
[2025-06-23T05:37:42.347+0000] {processor.py:925} INFO - DAG(s) 'dataset_with_extra_by_context', 'dataset_with_extra_by_yield', 'dataset_with_extra_from_classic_operator' retrieved from /home/airflow/.local/lib/python3.12/site-packages/airflow/example_dags/example_outlet_event_extra.py
[2025-06-23T05:37:42.355+0000] {logging_mixin.py:190} INFO - [2025-06-23T05:37:42.355+0000] {dag.py:3239} INFO - Sync 3 DAGs
[2025-06-23T05:37:42.362+0000] {logging_mixin.py:190} INFO - [2025-06-23T05:37:42.362+0000] {dag.py:4180} INFO - Setting next_dagrun for dataset_with_extra_by_context to 2025-06-22 00:00:00+00:00, run_after=2025-06-23 00:00:00+00:00
[2025-06-23T05:37:42.364+0000] {logging_mixin.py:190} INFO - [2025-06-23T05:37:42.364+0000] {dag.py:4180} INFO - Setting next_dagrun for dataset_with_extra_by_yield to 2025-06-22 00:00:00+00:00, run_after=2025-06-23 00:00:00+00:00
[2025-06-23T05:37:42.365+0000] {logging_mixin.py:190} INFO - [2025-06-23T05:37:42.365+0000] {dag.py:4180} INFO - Setting next_dagrun for dataset_with_extra_from_classic_operator to 2025-06-22 00:00:00+00:00, run_after=2025-06-23 00:00:00+00:00
[2025-06-23T05:37:42.370+0000] {processor.py:208} INFO - Processing /home/airflow/.local/lib/python3.12/site-packages/airflow/example_dags/example_outlet_event_extra.py took 0.316 seconds
[2025-06-23T05:38:12.560+0000] {processor.py:186} INFO - Started process (PID=30023) to work on /home/airflow/.local/lib/python3.12/site-packages/airflow/example_dags/example_outlet_event_extra.py
[2025-06-23T05:38:12.560+0000] {processor.py:914} INFO - Processing file /home/airflow/.local/lib/python3.12/site-packages/airflow/example_dags/example_outlet_event_extra.py for tasks to queue
[2025-06-23T05:38:12.561+0000] {logging_mixin.py:190} INFO - [2025-06-23T05:38:12.561+0000] {dagbag.py:588} INFO - Filling up the DagBag from /home/airflow/.local/lib/python3.12/site-packages/airflow/example_dags/example_outlet_event_extra.py
[2025-06-23T05:38:12.835+0000] {processor.py:925} INFO - DAG(s) 'dataset_with_extra_from_classic_operator', 'dataset_with_extra_by_yield', 'dataset_with_extra_by_context' retrieved from /home/airflow/.local/lib/python3.12/site-packages/airflow/example_dags/example_outlet_event_extra.py
[2025-06-23T05:38:12.844+0000] {logging_mixin.py:190} INFO - [2025-06-23T05:38:12.844+0000] {dag.py:3239} INFO - Sync 3 DAGs
[2025-06-23T05:38:12.853+0000] {logging_mixin.py:190} INFO - [2025-06-23T05:38:12.852+0000] {dag.py:4180} INFO - Setting next_dagrun for dataset_with_extra_by_context to 2025-06-22 00:00:00+00:00, run_after=2025-06-23 00:00:00+00:00
[2025-06-23T05:38:12.854+0000] {logging_mixin.py:190} INFO - [2025-06-23T05:38:12.854+0000] {dag.py:4180} INFO - Setting next_dagrun for dataset_with_extra_by_yield to 2025-06-22 00:00:00+00:00, run_after=2025-06-23 00:00:00+00:00
[2025-06-23T05:38:12.855+0000] {logging_mixin.py:190} INFO - [2025-06-23T05:38:12.855+0000] {dag.py:4180} INFO - Setting next_dagrun for dataset_with_extra_from_classic_operator to 2025-06-22 00:00:00+00:00, run_after=2025-06-23 00:00:00+00:00
[2025-06-23T05:38:12.861+0000] {processor.py:208} INFO - Processing /home/airflow/.local/lib/python3.12/site-packages/airflow/example_dags/example_outlet_event_extra.py took 0.306 seconds
[2025-06-23T05:38:42.944+0000] {processor.py:186} INFO - Started process (PID=30102) to work on /home/airflow/.local/lib/python3.12/site-packages/airflow/example_dags/example_outlet_event_extra.py
[2025-06-23T05:38:42.945+0000] {processor.py:914} INFO - Processing file /home/airflow/.local/lib/python3.12/site-packages/airflow/example_dags/example_outlet_event_extra.py for tasks to queue
[2025-06-23T05:38:42.945+0000] {logging_mixin.py:190} INFO - [2025-06-23T05:38:42.945+0000] {dagbag.py:588} INFO - Filling up the DagBag from /home/airflow/.local/lib/python3.12/site-packages/airflow/example_dags/example_outlet_event_extra.py
[2025-06-23T05:38:43.200+0000] {processor.py:925} INFO - DAG(s) 'dataset_with_extra_from_classic_operator', 'dataset_with_extra_by_context', 'dataset_with_extra_by_yield' retrieved from /home/airflow/.local/lib/python3.12/site-packages/airflow/example_dags/example_outlet_event_extra.py
[2025-06-23T05:38:43.209+0000] {logging_mixin.py:190} INFO - [2025-06-23T05:38:43.209+0000] {dag.py:3239} INFO - Sync 3 DAGs
[2025-06-23T05:38:43.218+0000] {logging_mixin.py:190} INFO - [2025-06-23T05:38:43.218+0000] {dag.py:4180} INFO - Setting next_dagrun for dataset_with_extra_by_context to 2025-06-22 00:00:00+00:00, run_after=2025-06-23 00:00:00+00:00
[2025-06-23T05:38:43.219+0000] {logging_mixin.py:190} INFO - [2025-06-23T05:38:43.219+0000] {dag.py:4180} INFO - Setting next_dagrun for dataset_with_extra_by_yield to 2025-06-22 00:00:00+00:00, run_after=2025-06-23 00:00:00+00:00
[2025-06-23T05:38:43.220+0000] {logging_mixin.py:190} INFO - [2025-06-23T05:38:43.220+0000] {dag.py:4180} INFO - Setting next_dagrun for dataset_with_extra_from_classic_operator to 2025-06-22 00:00:00+00:00, run_after=2025-06-23 00:00:00+00:00
[2025-06-23T05:38:43.227+0000] {processor.py:208} INFO - Processing /home/airflow/.local/lib/python3.12/site-packages/airflow/example_dags/example_outlet_event_extra.py took 0.285 seconds
[2025-06-23T05:39:13.569+0000] {processor.py:186} INFO - Started process (PID=30175) to work on /home/airflow/.local/lib/python3.12/site-packages/airflow/example_dags/example_outlet_event_extra.py
[2025-06-23T05:39:13.571+0000] {processor.py:914} INFO - Processing file /home/airflow/.local/lib/python3.12/site-packages/airflow/example_dags/example_outlet_event_extra.py for tasks to queue
[2025-06-23T05:39:13.573+0000] {logging_mixin.py:190} INFO - [2025-06-23T05:39:13.572+0000] {dagbag.py:588} INFO - Filling up the DagBag from /home/airflow/.local/lib/python3.12/site-packages/airflow/example_dags/example_outlet_event_extra.py
[2025-06-23T05:39:13.976+0000] {processor.py:925} INFO - DAG(s) 'dataset_with_extra_by_context', 'dataset_with_extra_from_classic_operator', 'dataset_with_extra_by_yield' retrieved from /home/airflow/.local/lib/python3.12/site-packages/airflow/example_dags/example_outlet_event_extra.py
[2025-06-23T05:39:13.985+0000] {logging_mixin.py:190} INFO - [2025-06-23T05:39:13.985+0000] {dag.py:3239} INFO - Sync 3 DAGs
[2025-06-23T05:39:13.992+0000] {logging_mixin.py:190} INFO - [2025-06-23T05:39:13.992+0000] {dag.py:4180} INFO - Setting next_dagrun for dataset_with_extra_by_context to 2025-06-22 00:00:00+00:00, run_after=2025-06-23 00:00:00+00:00
[2025-06-23T05:39:13.994+0000] {logging_mixin.py:190} INFO - [2025-06-23T05:39:13.994+0000] {dag.py:4180} INFO - Setting next_dagrun for dataset_with_extra_by_yield to 2025-06-22 00:00:00+00:00, run_after=2025-06-23 00:00:00+00:00
[2025-06-23T05:39:13.995+0000] {logging_mixin.py:190} INFO - [2025-06-23T05:39:13.995+0000] {dag.py:4180} INFO - Setting next_dagrun for dataset_with_extra_from_classic_operator to 2025-06-22 00:00:00+00:00, run_after=2025-06-23 00:00:00+00:00
[2025-06-23T05:39:14.002+0000] {processor.py:208} INFO - Processing /home/airflow/.local/lib/python3.12/site-packages/airflow/example_dags/example_outlet_event_extra.py took 0.441 seconds
[2025-06-23T06:25:49.052+0000] {processor.py:186} INFO - Started process (PID=30284) to work on /home/airflow/.local/lib/python3.12/site-packages/airflow/example_dags/example_outlet_event_extra.py
[2025-06-23T06:25:49.053+0000] {processor.py:914} INFO - Processing file /home/airflow/.local/lib/python3.12/site-packages/airflow/example_dags/example_outlet_event_extra.py for tasks to queue
[2025-06-23T06:25:49.054+0000] {logging_mixin.py:190} INFO - [2025-06-23T06:25:49.054+0000] {dagbag.py:588} INFO - Filling up the DagBag from /home/airflow/.local/lib/python3.12/site-packages/airflow/example_dags/example_outlet_event_extra.py
[2025-06-23T06:25:49.300+0000] {processor.py:925} INFO - DAG(s) 'dataset_with_extra_by_yield', 'dataset_with_extra_by_context', 'dataset_with_extra_from_classic_operator' retrieved from /home/airflow/.local/lib/python3.12/site-packages/airflow/example_dags/example_outlet_event_extra.py
[2025-06-23T06:25:49.311+0000] {logging_mixin.py:190} INFO - [2025-06-23T06:25:49.311+0000] {dag.py:3239} INFO - Sync 3 DAGs
[2025-06-23T06:25:49.319+0000] {logging_mixin.py:190} INFO - [2025-06-23T06:25:49.319+0000] {dag.py:4180} INFO - Setting next_dagrun for dataset_with_extra_by_context to 2025-06-22 00:00:00+00:00, run_after=2025-06-23 00:00:00+00:00
[2025-06-23T06:25:49.322+0000] {logging_mixin.py:190} INFO - [2025-06-23T06:25:49.322+0000] {dag.py:4180} INFO - Setting next_dagrun for dataset_with_extra_by_yield to 2025-06-22 00:00:00+00:00, run_after=2025-06-23 00:00:00+00:00
[2025-06-23T06:25:49.323+0000] {logging_mixin.py:190} INFO - [2025-06-23T06:25:49.323+0000] {dag.py:4180} INFO - Setting next_dagrun for dataset_with_extra_from_classic_operator to 2025-06-22 00:00:00+00:00, run_after=2025-06-23 00:00:00+00:00
[2025-06-23T06:25:49.335+0000] {processor.py:208} INFO - Processing /home/airflow/.local/lib/python3.12/site-packages/airflow/example_dags/example_outlet_event_extra.py took 0.285 seconds
[2025-06-23T06:27:13.130+0000] {processor.py:186} INFO - Started process (PID=30362) to work on /home/airflow/.local/lib/python3.12/site-packages/airflow/example_dags/example_outlet_event_extra.py
[2025-06-23T06:27:13.130+0000] {processor.py:914} INFO - Processing file /home/airflow/.local/lib/python3.12/site-packages/airflow/example_dags/example_outlet_event_extra.py for tasks to queue
[2025-06-23T06:27:13.131+0000] {logging_mixin.py:190} INFO - [2025-06-23T06:27:13.131+0000] {dagbag.py:588} INFO - Filling up the DagBag from /home/airflow/.local/lib/python3.12/site-packages/airflow/example_dags/example_outlet_event_extra.py
[2025-06-23T06:27:13.370+0000] {processor.py:925} INFO - DAG(s) 'dataset_with_extra_by_yield', 'dataset_with_extra_by_context', 'dataset_with_extra_from_classic_operator' retrieved from /home/airflow/.local/lib/python3.12/site-packages/airflow/example_dags/example_outlet_event_extra.py
[2025-06-23T06:27:13.380+0000] {logging_mixin.py:190} INFO - [2025-06-23T06:27:13.380+0000] {dag.py:3239} INFO - Sync 3 DAGs
[2025-06-23T06:27:13.388+0000] {logging_mixin.py:190} INFO - [2025-06-23T06:27:13.388+0000] {dag.py:4180} INFO - Setting next_dagrun for dataset_with_extra_by_context to 2025-06-22 00:00:00+00:00, run_after=2025-06-23 00:00:00+00:00
[2025-06-23T06:27:13.389+0000] {logging_mixin.py:190} INFO - [2025-06-23T06:27:13.389+0000] {dag.py:4180} INFO - Setting next_dagrun for dataset_with_extra_by_yield to 2025-06-22 00:00:00+00:00, run_after=2025-06-23 00:00:00+00:00
[2025-06-23T06:27:13.390+0000] {logging_mixin.py:190} INFO - [2025-06-23T06:27:13.390+0000] {dag.py:4180} INFO - Setting next_dagrun for dataset_with_extra_from_classic_operator to 2025-06-22 00:00:00+00:00, run_after=2025-06-23 00:00:00+00:00
[2025-06-23T06:27:13.399+0000] {processor.py:208} INFO - Processing /home/airflow/.local/lib/python3.12/site-packages/airflow/example_dags/example_outlet_event_extra.py took 0.271 seconds
[2025-06-23T06:34:09.247+0000] {processor.py:186} INFO - Started process (PID=30440) to work on /home/airflow/.local/lib/python3.12/site-packages/airflow/example_dags/example_outlet_event_extra.py
[2025-06-23T06:34:09.247+0000] {processor.py:914} INFO - Processing file /home/airflow/.local/lib/python3.12/site-packages/airflow/example_dags/example_outlet_event_extra.py for tasks to queue
[2025-06-23T06:34:09.248+0000] {logging_mixin.py:190} INFO - [2025-06-23T06:34:09.247+0000] {dagbag.py:588} INFO - Filling up the DagBag from /home/airflow/.local/lib/python3.12/site-packages/airflow/example_dags/example_outlet_event_extra.py
[2025-06-23T06:34:09.491+0000] {processor.py:925} INFO - DAG(s) 'dataset_with_extra_from_classic_operator', 'dataset_with_extra_by_yield', 'dataset_with_extra_by_context' retrieved from /home/airflow/.local/lib/python3.12/site-packages/airflow/example_dags/example_outlet_event_extra.py
[2025-06-23T06:34:09.501+0000] {logging_mixin.py:190} INFO - [2025-06-23T06:34:09.501+0000] {dag.py:3239} INFO - Sync 3 DAGs
[2025-06-23T06:34:09.509+0000] {logging_mixin.py:190} INFO - [2025-06-23T06:34:09.509+0000] {dag.py:4180} INFO - Setting next_dagrun for dataset_with_extra_by_context to 2025-06-22 00:00:00+00:00, run_after=2025-06-23 00:00:00+00:00
[2025-06-23T06:34:09.512+0000] {logging_mixin.py:190} INFO - [2025-06-23T06:34:09.512+0000] {dag.py:4180} INFO - Setting next_dagrun for dataset_with_extra_by_yield to 2025-06-22 00:00:00+00:00, run_after=2025-06-23 00:00:00+00:00
[2025-06-23T06:34:09.513+0000] {logging_mixin.py:190} INFO - [2025-06-23T06:34:09.513+0000] {dag.py:4180} INFO - Setting next_dagrun for dataset_with_extra_from_classic_operator to 2025-06-22 00:00:00+00:00, run_after=2025-06-23 00:00:00+00:00
[2025-06-23T06:34:09.520+0000] {processor.py:208} INFO - Processing /home/airflow/.local/lib/python3.12/site-packages/airflow/example_dags/example_outlet_event_extra.py took 0.276 seconds
[2025-06-23T06:35:38.269+0000] {processor.py:186} INFO - Started process (PID=30518) to work on /home/airflow/.local/lib/python3.12/site-packages/airflow/example_dags/example_outlet_event_extra.py
[2025-06-23T06:35:38.269+0000] {processor.py:914} INFO - Processing file /home/airflow/.local/lib/python3.12/site-packages/airflow/example_dags/example_outlet_event_extra.py for tasks to queue
[2025-06-23T06:35:38.270+0000] {logging_mixin.py:190} INFO - [2025-06-23T06:35:38.270+0000] {dagbag.py:588} INFO - Filling up the DagBag from /home/airflow/.local/lib/python3.12/site-packages/airflow/example_dags/example_outlet_event_extra.py
[2025-06-23T06:35:38.496+0000] {processor.py:925} INFO - DAG(s) 'dataset_with_extra_by_yield', 'dataset_with_extra_from_classic_operator', 'dataset_with_extra_by_context' retrieved from /home/airflow/.local/lib/python3.12/site-packages/airflow/example_dags/example_outlet_event_extra.py
[2025-06-23T06:35:38.505+0000] {logging_mixin.py:190} INFO - [2025-06-23T06:35:38.505+0000] {dag.py:3239} INFO - Sync 3 DAGs
[2025-06-23T06:35:38.512+0000] {logging_mixin.py:190} INFO - [2025-06-23T06:35:38.512+0000] {dag.py:4180} INFO - Setting next_dagrun for dataset_with_extra_by_context to 2025-06-22 00:00:00+00:00, run_after=2025-06-23 00:00:00+00:00
[2025-06-23T06:35:38.514+0000] {logging_mixin.py:190} INFO - [2025-06-23T06:35:38.514+0000] {dag.py:4180} INFO - Setting next_dagrun for dataset_with_extra_by_yield to 2025-06-22 00:00:00+00:00, run_after=2025-06-23 00:00:00+00:00
[2025-06-23T06:35:38.515+0000] {logging_mixin.py:190} INFO - [2025-06-23T06:35:38.515+0000] {dag.py:4180} INFO - Setting next_dagrun for dataset_with_extra_from_classic_operator to 2025-06-22 00:00:00+00:00, run_after=2025-06-23 00:00:00+00:00
[2025-06-23T06:35:38.522+0000] {processor.py:208} INFO - Processing /home/airflow/.local/lib/python3.12/site-packages/airflow/example_dags/example_outlet_event_extra.py took 0.256 seconds
[2025-06-23T06:36:37.759+0000] {processor.py:186} INFO - Started process (PID=30596) to work on /home/airflow/.local/lib/python3.12/site-packages/airflow/example_dags/example_outlet_event_extra.py
[2025-06-23T06:36:37.760+0000] {processor.py:914} INFO - Processing file /home/airflow/.local/lib/python3.12/site-packages/airflow/example_dags/example_outlet_event_extra.py for tasks to queue
[2025-06-23T06:36:37.760+0000] {logging_mixin.py:190} INFO - [2025-06-23T06:36:37.760+0000] {dagbag.py:588} INFO - Filling up the DagBag from /home/airflow/.local/lib/python3.12/site-packages/airflow/example_dags/example_outlet_event_extra.py
[2025-06-23T06:36:38.129+0000] {processor.py:925} INFO - DAG(s) 'dataset_with_extra_by_yield', 'dataset_with_extra_from_classic_operator', 'dataset_with_extra_by_context' retrieved from /home/airflow/.local/lib/python3.12/site-packages/airflow/example_dags/example_outlet_event_extra.py
[2025-06-23T06:36:38.163+0000] {logging_mixin.py:190} INFO - [2025-06-23T06:36:38.163+0000] {dag.py:3239} INFO - Sync 3 DAGs
[2025-06-23T06:36:38.180+0000] {logging_mixin.py:190} INFO - [2025-06-23T06:36:38.180+0000] {dag.py:4180} INFO - Setting next_dagrun for dataset_with_extra_by_context to 2025-06-22 00:00:00+00:00, run_after=2025-06-23 00:00:00+00:00
[2025-06-23T06:36:38.183+0000] {logging_mixin.py:190} INFO - [2025-06-23T06:36:38.183+0000] {dag.py:4180} INFO - Setting next_dagrun for dataset_with_extra_by_yield to 2025-06-22 00:00:00+00:00, run_after=2025-06-23 00:00:00+00:00
[2025-06-23T06:36:38.184+0000] {logging_mixin.py:190} INFO - [2025-06-23T06:36:38.184+0000] {dag.py:4180} INFO - Setting next_dagrun for dataset_with_extra_from_classic_operator to 2025-06-22 00:00:00+00:00, run_after=2025-06-23 00:00:00+00:00
[2025-06-23T06:36:38.192+0000] {processor.py:208} INFO - Processing /home/airflow/.local/lib/python3.12/site-packages/airflow/example_dags/example_outlet_event_extra.py took 0.437 seconds
[2025-06-23T07:13:30.193+0000] {processor.py:186} INFO - Started process (PID=30674) to work on /home/airflow/.local/lib/python3.12/site-packages/airflow/example_dags/example_outlet_event_extra.py
[2025-06-23T07:13:30.196+0000] {processor.py:914} INFO - Processing file /home/airflow/.local/lib/python3.12/site-packages/airflow/example_dags/example_outlet_event_extra.py for tasks to queue
[2025-06-23T07:13:30.197+0000] {logging_mixin.py:190} INFO - [2025-06-23T07:13:30.196+0000] {dagbag.py:588} INFO - Filling up the DagBag from /home/airflow/.local/lib/python3.12/site-packages/airflow/example_dags/example_outlet_event_extra.py
[2025-06-23T07:13:30.441+0000] {processor.py:925} INFO - DAG(s) 'dataset_with_extra_by_yield', 'dataset_with_extra_from_classic_operator', 'dataset_with_extra_by_context' retrieved from /home/airflow/.local/lib/python3.12/site-packages/airflow/example_dags/example_outlet_event_extra.py
[2025-06-23T07:13:30.452+0000] {logging_mixin.py:190} INFO - [2025-06-23T07:13:30.452+0000] {dag.py:3239} INFO - Sync 3 DAGs
[2025-06-23T07:13:30.461+0000] {logging_mixin.py:190} INFO - [2025-06-23T07:13:30.460+0000] {dag.py:4180} INFO - Setting next_dagrun for dataset_with_extra_by_context to 2025-06-22 00:00:00+00:00, run_after=2025-06-23 00:00:00+00:00
[2025-06-23T07:13:30.463+0000] {logging_mixin.py:190} INFO - [2025-06-23T07:13:30.463+0000] {dag.py:4180} INFO - Setting next_dagrun for dataset_with_extra_by_yield to 2025-06-22 00:00:00+00:00, run_after=2025-06-23 00:00:00+00:00
[2025-06-23T07:13:30.464+0000] {logging_mixin.py:190} INFO - [2025-06-23T07:13:30.464+0000] {dag.py:4180} INFO - Setting next_dagrun for dataset_with_extra_from_classic_operator to 2025-06-22 00:00:00+00:00, run_after=2025-06-23 00:00:00+00:00
[2025-06-23T07:13:30.471+0000] {processor.py:208} INFO - Processing /home/airflow/.local/lib/python3.12/site-packages/airflow/example_dags/example_outlet_event_extra.py took 0.280 seconds
