[2025-06-23T00:35:50.220+0000] {processor.py:186} INFO - Started process (PID=28583) to work on /home/airflow/.local/lib/python3.12/site-packages/airflow/example_dags/example_dataset_alias_with_no_taskflow.py
[2025-06-23T00:35:50.220+0000] {processor.py:914} INFO - Processing file /home/airflow/.local/lib/python3.12/site-packages/airflow/example_dags/example_dataset_alias_with_no_taskflow.py for tasks to queue
[2025-06-23T00:35:50.221+0000] {logging_mixin.py:190} INFO - [2025-06-23T00:35:50.221+0000] {dagbag.py:588} INFO - Filling up the DagBag from /home/airflow/.local/lib/python3.12/site-packages/airflow/example_dags/example_dataset_alias_with_no_taskflow.py
[2025-06-23T00:35:50.367+0000] {processor.py:925} INFO - DAG(s) 'dataset_s3_bucket_consumer_with_no_taskflow', 'dataset_alias_example_alias_producer_with_no_taskflow', 'dataset_alias_example_alias_consumer_with_no_taskflow', 'dataset_s3_bucket_producer_with_no_taskflow' retrieved from /home/airflow/.local/lib/python3.12/site-packages/airflow/example_dags/example_dataset_alias_with_no_taskflow.py
[2025-06-23T00:35:50.376+0000] {logging_mixin.py:190} INFO - [2025-06-23T00:35:50.375+0000] {dag.py:3239} INFO - Sync 4 DAGs
[2025-06-23T00:35:50.483+0000] {logging_mixin.py:190} INFO - [2025-06-23T00:35:50.482+0000] {dag.py:4180} INFO - Setting next_dagrun for dataset_alias_example_alias_consumer_with_no_taskflow to None, run_after=None
[2025-06-23T00:35:50.485+0000] {logging_mixin.py:190} INFO - [2025-06-23T00:35:50.485+0000] {dag.py:4180} INFO - Setting next_dagrun for dataset_alias_example_alias_producer_with_no_taskflow to None, run_after=None
[2025-06-23T00:35:50.488+0000] {logging_mixin.py:190} INFO - [2025-06-23T00:35:50.488+0000] {dag.py:4180} INFO - Setting next_dagrun for dataset_s3_bucket_consumer_with_no_taskflow to None, run_after=None
[2025-06-23T00:35:50.489+0000] {logging_mixin.py:190} INFO - [2025-06-23T00:35:50.488+0000] {dag.py:4180} INFO - Setting next_dagrun for dataset_s3_bucket_producer_with_no_taskflow to None, run_after=None
[2025-06-23T00:35:50.499+0000] {processor.py:208} INFO - Processing /home/airflow/.local/lib/python3.12/site-packages/airflow/example_dags/example_dataset_alias_with_no_taskflow.py took 0.282 seconds
[2025-06-23T01:36:41.940+0000] {processor.py:186} INFO - Started process (PID=28661) to work on /home/airflow/.local/lib/python3.12/site-packages/airflow/example_dags/example_dataset_alias_with_no_taskflow.py
[2025-06-23T01:36:41.941+0000] {processor.py:914} INFO - Processing file /home/airflow/.local/lib/python3.12/site-packages/airflow/example_dags/example_dataset_alias_with_no_taskflow.py for tasks to queue
[2025-06-23T01:36:41.941+0000] {logging_mixin.py:190} INFO - [2025-06-23T01:36:41.941+0000] {dagbag.py:588} INFO - Filling up the DagBag from /home/airflow/.local/lib/python3.12/site-packages/airflow/example_dags/example_dataset_alias_with_no_taskflow.py
[2025-06-23T01:36:42.114+0000] {processor.py:925} INFO - DAG(s) 'dataset_alias_example_alias_producer_with_no_taskflow', 'dataset_alias_example_alias_consumer_with_no_taskflow', 'dataset_s3_bucket_producer_with_no_taskflow', 'dataset_s3_bucket_consumer_with_no_taskflow' retrieved from /home/airflow/.local/lib/python3.12/site-packages/airflow/example_dags/example_dataset_alias_with_no_taskflow.py
[2025-06-23T01:36:42.129+0000] {logging_mixin.py:190} INFO - [2025-06-23T01:36:42.128+0000] {dag.py:3239} INFO - Sync 4 DAGs
[2025-06-23T01:36:42.238+0000] {logging_mixin.py:190} INFO - [2025-06-23T01:36:42.237+0000] {dag.py:4180} INFO - Setting next_dagrun for dataset_alias_example_alias_consumer_with_no_taskflow to None, run_after=None
[2025-06-23T01:36:42.240+0000] {logging_mixin.py:190} INFO - [2025-06-23T01:36:42.239+0000] {dag.py:4180} INFO - Setting next_dagrun for dataset_alias_example_alias_producer_with_no_taskflow to None, run_after=None
[2025-06-23T01:36:42.240+0000] {logging_mixin.py:190} INFO - [2025-06-23T01:36:42.240+0000] {dag.py:4180} INFO - Setting next_dagrun for dataset_s3_bucket_consumer_with_no_taskflow to None, run_after=None
[2025-06-23T01:36:42.241+0000] {logging_mixin.py:190} INFO - [2025-06-23T01:36:42.240+0000] {dag.py:4180} INFO - Setting next_dagrun for dataset_s3_bucket_producer_with_no_taskflow to None, run_after=None
[2025-06-23T01:36:42.248+0000] {processor.py:208} INFO - Processing /home/airflow/.local/lib/python3.12/site-packages/airflow/example_dags/example_dataset_alias_with_no_taskflow.py took 0.311 seconds
[2025-06-23T01:37:12.486+0000] {processor.py:186} INFO - Started process (PID=28741) to work on /home/airflow/.local/lib/python3.12/site-packages/airflow/example_dags/example_dataset_alias_with_no_taskflow.py
[2025-06-23T01:37:12.486+0000] {processor.py:914} INFO - Processing file /home/airflow/.local/lib/python3.12/site-packages/airflow/example_dags/example_dataset_alias_with_no_taskflow.py for tasks to queue
[2025-06-23T01:37:12.487+0000] {logging_mixin.py:190} INFO - [2025-06-23T01:37:12.487+0000] {dagbag.py:588} INFO - Filling up the DagBag from /home/airflow/.local/lib/python3.12/site-packages/airflow/example_dags/example_dataset_alias_with_no_taskflow.py
[2025-06-23T01:37:12.653+0000] {processor.py:925} INFO - DAG(s) 'dataset_alias_example_alias_producer_with_no_taskflow', 'dataset_s3_bucket_producer_with_no_taskflow', 'dataset_alias_example_alias_consumer_with_no_taskflow', 'dataset_s3_bucket_consumer_with_no_taskflow' retrieved from /home/airflow/.local/lib/python3.12/site-packages/airflow/example_dags/example_dataset_alias_with_no_taskflow.py
[2025-06-23T01:37:12.664+0000] {logging_mixin.py:190} INFO - [2025-06-23T01:37:12.664+0000] {dag.py:3239} INFO - Sync 4 DAGs
[2025-06-23T01:37:12.803+0000] {logging_mixin.py:190} INFO - [2025-06-23T01:37:12.803+0000] {dag.py:4180} INFO - Setting next_dagrun for dataset_alias_example_alias_consumer_with_no_taskflow to None, run_after=None
[2025-06-23T01:37:12.805+0000] {logging_mixin.py:190} INFO - [2025-06-23T01:37:12.804+0000] {dag.py:4180} INFO - Setting next_dagrun for dataset_alias_example_alias_producer_with_no_taskflow to None, run_after=None
[2025-06-23T01:37:12.805+0000] {logging_mixin.py:190} INFO - [2025-06-23T01:37:12.805+0000] {dag.py:4180} INFO - Setting next_dagrun for dataset_s3_bucket_consumer_with_no_taskflow to None, run_after=None
[2025-06-23T01:37:12.806+0000] {logging_mixin.py:190} INFO - [2025-06-23T01:37:12.806+0000] {dag.py:4180} INFO - Setting next_dagrun for dataset_s3_bucket_producer_with_no_taskflow to None, run_after=None
[2025-06-23T01:37:12.817+0000] {processor.py:208} INFO - Processing /home/airflow/.local/lib/python3.12/site-packages/airflow/example_dags/example_dataset_alias_with_no_taskflow.py took 0.336 seconds
[2025-06-23T02:28:29.261+0000] {processor.py:186} INFO - Started process (PID=28817) to work on /home/airflow/.local/lib/python3.12/site-packages/airflow/example_dags/example_dataset_alias_with_no_taskflow.py
[2025-06-23T02:28:29.262+0000] {processor.py:914} INFO - Processing file /home/airflow/.local/lib/python3.12/site-packages/airflow/example_dags/example_dataset_alias_with_no_taskflow.py for tasks to queue
[2025-06-23T02:28:29.262+0000] {logging_mixin.py:190} INFO - [2025-06-23T02:28:29.262+0000] {dagbag.py:588} INFO - Filling up the DagBag from /home/airflow/.local/lib/python3.12/site-packages/airflow/example_dags/example_dataset_alias_with_no_taskflow.py
[2025-06-23T02:28:29.440+0000] {processor.py:925} INFO - DAG(s) 'dataset_alias_example_alias_producer_with_no_taskflow', 'dataset_s3_bucket_producer_with_no_taskflow', 'dataset_s3_bucket_consumer_with_no_taskflow', 'dataset_alias_example_alias_consumer_with_no_taskflow' retrieved from /home/airflow/.local/lib/python3.12/site-packages/airflow/example_dags/example_dataset_alias_with_no_taskflow.py
[2025-06-23T02:28:29.450+0000] {logging_mixin.py:190} INFO - [2025-06-23T02:28:29.450+0000] {dag.py:3239} INFO - Sync 4 DAGs
[2025-06-23T02:28:29.560+0000] {logging_mixin.py:190} INFO - [2025-06-23T02:28:29.559+0000] {dag.py:4180} INFO - Setting next_dagrun for dataset_alias_example_alias_consumer_with_no_taskflow to None, run_after=None
[2025-06-23T02:28:29.561+0000] {logging_mixin.py:190} INFO - [2025-06-23T02:28:29.561+0000] {dag.py:4180} INFO - Setting next_dagrun for dataset_alias_example_alias_producer_with_no_taskflow to None, run_after=None
[2025-06-23T02:28:29.561+0000] {logging_mixin.py:190} INFO - [2025-06-23T02:28:29.561+0000] {dag.py:4180} INFO - Setting next_dagrun for dataset_s3_bucket_consumer_with_no_taskflow to None, run_after=None
[2025-06-23T02:28:29.562+0000] {logging_mixin.py:190} INFO - [2025-06-23T02:28:29.562+0000] {dag.py:4180} INFO - Setting next_dagrun for dataset_s3_bucket_producer_with_no_taskflow to None, run_after=None
[2025-06-23T02:28:29.571+0000] {processor.py:208} INFO - Processing /home/airflow/.local/lib/python3.12/site-packages/airflow/example_dags/example_dataset_alias_with_no_taskflow.py took 0.315 seconds
[2025-06-23T02:38:09.396+0000] {processor.py:186} INFO - Started process (PID=28895) to work on /home/airflow/.local/lib/python3.12/site-packages/airflow/example_dags/example_dataset_alias_with_no_taskflow.py
[2025-06-23T02:38:09.397+0000] {processor.py:914} INFO - Processing file /home/airflow/.local/lib/python3.12/site-packages/airflow/example_dags/example_dataset_alias_with_no_taskflow.py for tasks to queue
[2025-06-23T02:38:09.397+0000] {logging_mixin.py:190} INFO - [2025-06-23T02:38:09.397+0000] {dagbag.py:588} INFO - Filling up the DagBag from /home/airflow/.local/lib/python3.12/site-packages/airflow/example_dags/example_dataset_alias_with_no_taskflow.py
[2025-06-23T02:38:09.543+0000] {processor.py:925} INFO - DAG(s) 'dataset_alias_example_alias_producer_with_no_taskflow', 'dataset_alias_example_alias_consumer_with_no_taskflow', 'dataset_s3_bucket_consumer_with_no_taskflow', 'dataset_s3_bucket_producer_with_no_taskflow' retrieved from /home/airflow/.local/lib/python3.12/site-packages/airflow/example_dags/example_dataset_alias_with_no_taskflow.py
[2025-06-23T02:38:09.552+0000] {logging_mixin.py:190} INFO - [2025-06-23T02:38:09.552+0000] {dag.py:3239} INFO - Sync 4 DAGs
[2025-06-23T02:38:09.655+0000] {logging_mixin.py:190} INFO - [2025-06-23T02:38:09.655+0000] {dag.py:4180} INFO - Setting next_dagrun for dataset_alias_example_alias_consumer_with_no_taskflow to None, run_after=None
[2025-06-23T02:38:09.658+0000] {logging_mixin.py:190} INFO - [2025-06-23T02:38:09.658+0000] {dag.py:4180} INFO - Setting next_dagrun for dataset_alias_example_alias_producer_with_no_taskflow to None, run_after=None
[2025-06-23T02:38:09.660+0000] {logging_mixin.py:190} INFO - [2025-06-23T02:38:09.660+0000] {dag.py:4180} INFO - Setting next_dagrun for dataset_s3_bucket_consumer_with_no_taskflow to None, run_after=None
[2025-06-23T02:38:09.662+0000] {logging_mixin.py:190} INFO - [2025-06-23T02:38:09.662+0000] {dag.py:4180} INFO - Setting next_dagrun for dataset_s3_bucket_producer_with_no_taskflow to None, run_after=None
[2025-06-23T02:38:09.672+0000] {processor.py:208} INFO - Processing /home/airflow/.local/lib/python3.12/site-packages/airflow/example_dags/example_dataset_alias_with_no_taskflow.py took 0.279 seconds
[2025-06-23T03:10:46.301+0000] {processor.py:186} INFO - Started process (PID=28973) to work on /home/airflow/.local/lib/python3.12/site-packages/airflow/example_dags/example_dataset_alias_with_no_taskflow.py
[2025-06-23T03:10:46.303+0000] {processor.py:914} INFO - Processing file /home/airflow/.local/lib/python3.12/site-packages/airflow/example_dags/example_dataset_alias_with_no_taskflow.py for tasks to queue
[2025-06-23T03:10:46.305+0000] {logging_mixin.py:190} INFO - [2025-06-23T03:10:46.305+0000] {dagbag.py:588} INFO - Filling up the DagBag from /home/airflow/.local/lib/python3.12/site-packages/airflow/example_dags/example_dataset_alias_with_no_taskflow.py
[2025-06-23T03:10:46.471+0000] {processor.py:925} INFO - DAG(s) 'dataset_alias_example_alias_producer_with_no_taskflow', 'dataset_s3_bucket_producer_with_no_taskflow', 'dataset_s3_bucket_consumer_with_no_taskflow', 'dataset_alias_example_alias_consumer_with_no_taskflow' retrieved from /home/airflow/.local/lib/python3.12/site-packages/airflow/example_dags/example_dataset_alias_with_no_taskflow.py
[2025-06-23T03:10:46.484+0000] {logging_mixin.py:190} INFO - [2025-06-23T03:10:46.483+0000] {dag.py:3239} INFO - Sync 4 DAGs
[2025-06-23T03:10:46.601+0000] {logging_mixin.py:190} INFO - [2025-06-23T03:10:46.601+0000] {dag.py:4180} INFO - Setting next_dagrun for dataset_alias_example_alias_consumer_with_no_taskflow to None, run_after=None
[2025-06-23T03:10:46.607+0000] {logging_mixin.py:190} INFO - [2025-06-23T03:10:46.607+0000] {dag.py:4180} INFO - Setting next_dagrun for dataset_alias_example_alias_producer_with_no_taskflow to None, run_after=None
[2025-06-23T03:10:46.608+0000] {logging_mixin.py:190} INFO - [2025-06-23T03:10:46.608+0000] {dag.py:4180} INFO - Setting next_dagrun for dataset_s3_bucket_consumer_with_no_taskflow to None, run_after=None
[2025-06-23T03:10:46.608+0000] {logging_mixin.py:190} INFO - [2025-06-23T03:10:46.608+0000] {dag.py:4180} INFO - Setting next_dagrun for dataset_s3_bucket_producer_with_no_taskflow to None, run_after=None
[2025-06-23T03:10:46.623+0000] {processor.py:208} INFO - Processing /home/airflow/.local/lib/python3.12/site-packages/airflow/example_dags/example_dataset_alias_with_no_taskflow.py took 0.326 seconds
[2025-06-23T03:38:54.782+0000] {processor.py:186} INFO - Started process (PID=29051) to work on /home/airflow/.local/lib/python3.12/site-packages/airflow/example_dags/example_dataset_alias_with_no_taskflow.py
[2025-06-23T03:38:54.784+0000] {processor.py:914} INFO - Processing file /home/airflow/.local/lib/python3.12/site-packages/airflow/example_dags/example_dataset_alias_with_no_taskflow.py for tasks to queue
[2025-06-23T03:38:54.786+0000] {logging_mixin.py:190} INFO - [2025-06-23T03:38:54.785+0000] {dagbag.py:588} INFO - Filling up the DagBag from /home/airflow/.local/lib/python3.12/site-packages/airflow/example_dags/example_dataset_alias_with_no_taskflow.py
[2025-06-23T03:38:54.971+0000] {processor.py:925} INFO - DAG(s) 'dataset_s3_bucket_producer_with_no_taskflow', 'dataset_alias_example_alias_consumer_with_no_taskflow', 'dataset_alias_example_alias_producer_with_no_taskflow', 'dataset_s3_bucket_consumer_with_no_taskflow' retrieved from /home/airflow/.local/lib/python3.12/site-packages/airflow/example_dags/example_dataset_alias_with_no_taskflow.py
[2025-06-23T03:38:54.983+0000] {logging_mixin.py:190} INFO - [2025-06-23T03:38:54.983+0000] {dag.py:3239} INFO - Sync 4 DAGs
[2025-06-23T03:38:55.088+0000] {logging_mixin.py:190} INFO - [2025-06-23T03:38:55.088+0000] {dag.py:4180} INFO - Setting next_dagrun for dataset_alias_example_alias_consumer_with_no_taskflow to None, run_after=None
[2025-06-23T03:38:55.096+0000] {logging_mixin.py:190} INFO - [2025-06-23T03:38:55.096+0000] {dag.py:4180} INFO - Setting next_dagrun for dataset_alias_example_alias_producer_with_no_taskflow to None, run_after=None
[2025-06-23T03:38:55.096+0000] {logging_mixin.py:190} INFO - [2025-06-23T03:38:55.096+0000] {dag.py:4180} INFO - Setting next_dagrun for dataset_s3_bucket_consumer_with_no_taskflow to None, run_after=None
[2025-06-23T03:38:55.098+0000] {logging_mixin.py:190} INFO - [2025-06-23T03:38:55.098+0000] {dag.py:4180} INFO - Setting next_dagrun for dataset_s3_bucket_producer_with_no_taskflow to None, run_after=None
[2025-06-23T03:38:55.109+0000] {processor.py:208} INFO - Processing /home/airflow/.local/lib/python3.12/site-packages/airflow/example_dags/example_dataset_alias_with_no_taskflow.py took 0.332 seconds
[2025-06-23T04:39:47.143+0000] {processor.py:186} INFO - Started process (PID=29129) to work on /home/airflow/.local/lib/python3.12/site-packages/airflow/example_dags/example_dataset_alias_with_no_taskflow.py
[2025-06-23T04:39:47.144+0000] {processor.py:914} INFO - Processing file /home/airflow/.local/lib/python3.12/site-packages/airflow/example_dags/example_dataset_alias_with_no_taskflow.py for tasks to queue
[2025-06-23T04:39:47.144+0000] {logging_mixin.py:190} INFO - [2025-06-23T04:39:47.144+0000] {dagbag.py:588} INFO - Filling up the DagBag from /home/airflow/.local/lib/python3.12/site-packages/airflow/example_dags/example_dataset_alias_with_no_taskflow.py
[2025-06-23T04:39:47.387+0000] {processor.py:925} INFO - DAG(s) 'dataset_alias_example_alias_producer_with_no_taskflow', 'dataset_s3_bucket_producer_with_no_taskflow', 'dataset_s3_bucket_consumer_with_no_taskflow', 'dataset_alias_example_alias_consumer_with_no_taskflow' retrieved from /home/airflow/.local/lib/python3.12/site-packages/airflow/example_dags/example_dataset_alias_with_no_taskflow.py
[2025-06-23T04:39:47.400+0000] {logging_mixin.py:190} INFO - [2025-06-23T04:39:47.399+0000] {dag.py:3239} INFO - Sync 4 DAGs
[2025-06-23T04:39:47.410+0000] {logging_mixin.py:190} INFO - [2025-06-23T04:39:47.410+0000] {dag.py:4180} INFO - Setting next_dagrun for dataset_alias_example_alias_consumer_with_no_taskflow to None, run_after=None
[2025-06-23T04:39:47.414+0000] {logging_mixin.py:190} INFO - [2025-06-23T04:39:47.414+0000] {dag.py:4180} INFO - Setting next_dagrun for dataset_alias_example_alias_producer_with_no_taskflow to None, run_after=None
[2025-06-23T04:39:47.415+0000] {logging_mixin.py:190} INFO - [2025-06-23T04:39:47.415+0000] {dag.py:4180} INFO - Setting next_dagrun for dataset_s3_bucket_consumer_with_no_taskflow to None, run_after=None
[2025-06-23T04:39:47.416+0000] {logging_mixin.py:190} INFO - [2025-06-23T04:39:47.416+0000] {dag.py:4180} INFO - Setting next_dagrun for dataset_s3_bucket_producer_with_no_taskflow to None, run_after=None
[2025-06-23T04:39:47.425+0000] {processor.py:208} INFO - Processing /home/airflow/.local/lib/python3.12/site-packages/airflow/example_dags/example_dataset_alias_with_no_taskflow.py took 0.284 seconds
[2025-06-23T05:32:41.073+0000] {processor.py:186} INFO - Started process (PID=29207) to work on /home/airflow/.local/lib/python3.12/site-packages/airflow/example_dags/example_dataset_alias_with_no_taskflow.py
[2025-06-23T05:32:41.074+0000] {processor.py:914} INFO - Processing file /home/airflow/.local/lib/python3.12/site-packages/airflow/example_dags/example_dataset_alias_with_no_taskflow.py for tasks to queue
[2025-06-23T05:32:41.075+0000] {logging_mixin.py:190} INFO - [2025-06-23T05:32:41.075+0000] {dagbag.py:588} INFO - Filling up the DagBag from /home/airflow/.local/lib/python3.12/site-packages/airflow/example_dags/example_dataset_alias_with_no_taskflow.py
[2025-06-23T05:32:41.742+0000] {processor.py:925} INFO - DAG(s) 'dataset_s3_bucket_producer_with_no_taskflow', 'dataset_s3_bucket_consumer_with_no_taskflow', 'dataset_alias_example_alias_consumer_with_no_taskflow', 'dataset_alias_example_alias_producer_with_no_taskflow' retrieved from /home/airflow/.local/lib/python3.12/site-packages/airflow/example_dags/example_dataset_alias_with_no_taskflow.py
[2025-06-23T05:32:41.760+0000] {logging_mixin.py:190} INFO - [2025-06-23T05:32:41.760+0000] {dag.py:3239} INFO - Sync 4 DAGs
[2025-06-23T05:32:41.777+0000] {logging_mixin.py:190} INFO - [2025-06-23T05:32:41.777+0000] {dag.py:4180} INFO - Setting next_dagrun for dataset_alias_example_alias_consumer_with_no_taskflow to None, run_after=None
[2025-06-23T05:32:41.778+0000] {logging_mixin.py:190} INFO - [2025-06-23T05:32:41.778+0000] {dag.py:4180} INFO - Setting next_dagrun for dataset_alias_example_alias_producer_with_no_taskflow to None, run_after=None
[2025-06-23T05:32:41.779+0000] {logging_mixin.py:190} INFO - [2025-06-23T05:32:41.779+0000] {dag.py:4180} INFO - Setting next_dagrun for dataset_s3_bucket_consumer_with_no_taskflow to None, run_after=None
[2025-06-23T05:32:41.779+0000] {logging_mixin.py:190} INFO - [2025-06-23T05:32:41.779+0000] {dag.py:4180} INFO - Setting next_dagrun for dataset_s3_bucket_producer_with_no_taskflow to None, run_after=None
[2025-06-23T05:32:41.789+0000] {processor.py:208} INFO - Processing /home/airflow/.local/lib/python3.12/site-packages/airflow/example_dags/example_dataset_alias_with_no_taskflow.py took 0.723 seconds
[2025-06-23T05:33:12.016+0000] {processor.py:186} INFO - Started process (PID=29285) to work on /home/airflow/.local/lib/python3.12/site-packages/airflow/example_dags/example_dataset_alias_with_no_taskflow.py
[2025-06-23T05:33:12.016+0000] {processor.py:914} INFO - Processing file /home/airflow/.local/lib/python3.12/site-packages/airflow/example_dags/example_dataset_alias_with_no_taskflow.py for tasks to queue
[2025-06-23T05:33:12.017+0000] {logging_mixin.py:190} INFO - [2025-06-23T05:33:12.017+0000] {dagbag.py:588} INFO - Filling up the DagBag from /home/airflow/.local/lib/python3.12/site-packages/airflow/example_dags/example_dataset_alias_with_no_taskflow.py
[2025-06-23T05:33:12.372+0000] {processor.py:925} INFO - DAG(s) 'dataset_alias_example_alias_consumer_with_no_taskflow', 'dataset_s3_bucket_producer_with_no_taskflow', 'dataset_s3_bucket_consumer_with_no_taskflow', 'dataset_alias_example_alias_producer_with_no_taskflow' retrieved from /home/airflow/.local/lib/python3.12/site-packages/airflow/example_dags/example_dataset_alias_with_no_taskflow.py
[2025-06-23T05:33:12.383+0000] {logging_mixin.py:190} INFO - [2025-06-23T05:33:12.383+0000] {dag.py:3239} INFO - Sync 4 DAGs
[2025-06-23T05:33:12.394+0000] {logging_mixin.py:190} INFO - [2025-06-23T05:33:12.394+0000] {dag.py:4180} INFO - Setting next_dagrun for dataset_alias_example_alias_consumer_with_no_taskflow to None, run_after=None
[2025-06-23T05:33:12.396+0000] {logging_mixin.py:190} INFO - [2025-06-23T05:33:12.396+0000] {dag.py:4180} INFO - Setting next_dagrun for dataset_alias_example_alias_producer_with_no_taskflow to None, run_after=None
[2025-06-23T05:33:12.397+0000] {logging_mixin.py:190} INFO - [2025-06-23T05:33:12.397+0000] {dag.py:4180} INFO - Setting next_dagrun for dataset_s3_bucket_consumer_with_no_taskflow to None, run_after=None
[2025-06-23T05:33:12.398+0000] {logging_mixin.py:190} INFO - [2025-06-23T05:33:12.398+0000] {dag.py:4180} INFO - Setting next_dagrun for dataset_s3_bucket_producer_with_no_taskflow to None, run_after=None
[2025-06-23T05:33:12.407+0000] {processor.py:208} INFO - Processing /home/airflow/.local/lib/python3.12/site-packages/airflow/example_dags/example_dataset_alias_with_no_taskflow.py took 0.395 seconds
[2025-06-23T05:33:42.433+0000] {processor.py:186} INFO - Started process (PID=29362) to work on /home/airflow/.local/lib/python3.12/site-packages/airflow/example_dags/example_dataset_alias_with_no_taskflow.py
[2025-06-23T05:33:42.434+0000] {processor.py:914} INFO - Processing file /home/airflow/.local/lib/python3.12/site-packages/airflow/example_dags/example_dataset_alias_with_no_taskflow.py for tasks to queue
[2025-06-23T05:33:42.434+0000] {logging_mixin.py:190} INFO - [2025-06-23T05:33:42.434+0000] {dagbag.py:588} INFO - Filling up the DagBag from /home/airflow/.local/lib/python3.12/site-packages/airflow/example_dags/example_dataset_alias_with_no_taskflow.py
[2025-06-23T05:33:43.301+0000] {processor.py:925} INFO - DAG(s) 'dataset_alias_example_alias_consumer_with_no_taskflow', 'dataset_s3_bucket_producer_with_no_taskflow', 'dataset_s3_bucket_consumer_with_no_taskflow', 'dataset_alias_example_alias_producer_with_no_taskflow' retrieved from /home/airflow/.local/lib/python3.12/site-packages/airflow/example_dags/example_dataset_alias_with_no_taskflow.py
[2025-06-23T05:33:43.318+0000] {logging_mixin.py:190} INFO - [2025-06-23T05:33:43.318+0000] {dag.py:3239} INFO - Sync 4 DAGs
[2025-06-23T05:33:43.341+0000] {logging_mixin.py:190} INFO - [2025-06-23T05:33:43.341+0000] {dag.py:4180} INFO - Setting next_dagrun for dataset_alias_example_alias_consumer_with_no_taskflow to None, run_after=None
[2025-06-23T05:33:43.345+0000] {logging_mixin.py:190} INFO - [2025-06-23T05:33:43.345+0000] {dag.py:4180} INFO - Setting next_dagrun for dataset_alias_example_alias_producer_with_no_taskflow to None, run_after=None
[2025-06-23T05:33:43.353+0000] {logging_mixin.py:190} INFO - [2025-06-23T05:33:43.353+0000] {dag.py:4180} INFO - Setting next_dagrun for dataset_s3_bucket_consumer_with_no_taskflow to None, run_after=None
[2025-06-23T05:33:43.355+0000] {logging_mixin.py:190} INFO - [2025-06-23T05:33:43.354+0000] {dag.py:4180} INFO - Setting next_dagrun for dataset_s3_bucket_producer_with_no_taskflow to None, run_after=None
[2025-06-23T05:33:43.373+0000] {processor.py:208} INFO - Processing /home/airflow/.local/lib/python3.12/site-packages/airflow/example_dags/example_dataset_alias_with_no_taskflow.py took 0.946 seconds
[2025-06-23T05:34:16.943+0000] {processor.py:186} INFO - Started process (PID=29440) to work on /home/airflow/.local/lib/python3.12/site-packages/airflow/example_dags/example_dataset_alias_with_no_taskflow.py
[2025-06-23T05:34:17.014+0000] {processor.py:914} INFO - Processing file /home/airflow/.local/lib/python3.12/site-packages/airflow/example_dags/example_dataset_alias_with_no_taskflow.py for tasks to queue
[2025-06-23T05:34:17.021+0000] {logging_mixin.py:190} INFO - [2025-06-23T05:34:17.019+0000] {dagbag.py:588} INFO - Filling up the DagBag from /home/airflow/.local/lib/python3.12/site-packages/airflow/example_dags/example_dataset_alias_with_no_taskflow.py
[2025-06-23T05:34:20.030+0000] {processor.py:925} INFO - DAG(s) 'dataset_s3_bucket_producer_with_no_taskflow', 'dataset_alias_example_alias_producer_with_no_taskflow', 'dataset_alias_example_alias_consumer_with_no_taskflow', 'dataset_s3_bucket_consumer_with_no_taskflow' retrieved from /home/airflow/.local/lib/python3.12/site-packages/airflow/example_dags/example_dataset_alias_with_no_taskflow.py
[2025-06-23T05:34:20.316+0000] {logging_mixin.py:190} INFO - [2025-06-23T05:34:20.309+0000] {dag.py:3239} INFO - Sync 4 DAGs
[2025-06-23T05:34:20.475+0000] {logging_mixin.py:190} INFO - [2025-06-23T05:34:20.472+0000] {dag.py:4180} INFO - Setting next_dagrun for dataset_alias_example_alias_consumer_with_no_taskflow to None, run_after=None
[2025-06-23T05:34:20.485+0000] {logging_mixin.py:190} INFO - [2025-06-23T05:34:20.485+0000] {dag.py:4180} INFO - Setting next_dagrun for dataset_alias_example_alias_producer_with_no_taskflow to None, run_after=None
[2025-06-23T05:34:20.506+0000] {logging_mixin.py:190} INFO - [2025-06-23T05:34:20.505+0000] {dag.py:4180} INFO - Setting next_dagrun for dataset_s3_bucket_consumer_with_no_taskflow to None, run_after=None
[2025-06-23T05:34:20.512+0000] {logging_mixin.py:190} INFO - [2025-06-23T05:34:20.510+0000] {dag.py:4180} INFO - Setting next_dagrun for dataset_s3_bucket_producer_with_no_taskflow to None, run_after=None
[2025-06-23T05:34:20.607+0000] {processor.py:208} INFO - Processing /home/airflow/.local/lib/python3.12/site-packages/airflow/example_dags/example_dataset_alias_with_no_taskflow.py took 3.693 seconds
[2025-06-23T05:34:50.832+0000] {processor.py:186} INFO - Started process (PID=29520) to work on /home/airflow/.local/lib/python3.12/site-packages/airflow/example_dags/example_dataset_alias_with_no_taskflow.py
[2025-06-23T05:34:50.867+0000] {processor.py:914} INFO - Processing file /home/airflow/.local/lib/python3.12/site-packages/airflow/example_dags/example_dataset_alias_with_no_taskflow.py for tasks to queue
[2025-06-23T05:34:50.872+0000] {logging_mixin.py:190} INFO - [2025-06-23T05:34:50.871+0000] {dagbag.py:588} INFO - Filling up the DagBag from /home/airflow/.local/lib/python3.12/site-packages/airflow/example_dags/example_dataset_alias_with_no_taskflow.py
[2025-06-23T05:34:53.598+0000] {processor.py:925} INFO - DAG(s) 'dataset_alias_example_alias_consumer_with_no_taskflow', 'dataset_s3_bucket_consumer_with_no_taskflow', 'dataset_s3_bucket_producer_with_no_taskflow', 'dataset_alias_example_alias_producer_with_no_taskflow' retrieved from /home/airflow/.local/lib/python3.12/site-packages/airflow/example_dags/example_dataset_alias_with_no_taskflow.py
[2025-06-23T05:34:53.697+0000] {logging_mixin.py:190} INFO - [2025-06-23T05:34:53.693+0000] {dag.py:3239} INFO - Sync 4 DAGs
[2025-06-23T05:34:53.815+0000] {logging_mixin.py:190} INFO - [2025-06-23T05:34:53.814+0000] {dag.py:4180} INFO - Setting next_dagrun for dataset_alias_example_alias_consumer_with_no_taskflow to None, run_after=None
[2025-06-23T05:34:53.824+0000] {logging_mixin.py:190} INFO - [2025-06-23T05:34:53.823+0000] {dag.py:4180} INFO - Setting next_dagrun for dataset_alias_example_alias_producer_with_no_taskflow to None, run_after=None
[2025-06-23T05:34:53.829+0000] {logging_mixin.py:190} INFO - [2025-06-23T05:34:53.828+0000] {dag.py:4180} INFO - Setting next_dagrun for dataset_s3_bucket_consumer_with_no_taskflow to None, run_after=None
[2025-06-23T05:34:53.846+0000] {logging_mixin.py:190} INFO - [2025-06-23T05:34:53.842+0000] {dag.py:4180} INFO - Setting next_dagrun for dataset_s3_bucket_producer_with_no_taskflow to None, run_after=None
[2025-06-23T05:34:53.939+0000] {processor.py:208} INFO - Processing /home/airflow/.local/lib/python3.12/site-packages/airflow/example_dags/example_dataset_alias_with_no_taskflow.py took 3.130 seconds
[2025-06-23T05:35:24.346+0000] {processor.py:186} INFO - Started process (PID=29598) to work on /home/airflow/.local/lib/python3.12/site-packages/airflow/example_dags/example_dataset_alias_with_no_taskflow.py
[2025-06-23T05:35:24.355+0000] {processor.py:914} INFO - Processing file /home/airflow/.local/lib/python3.12/site-packages/airflow/example_dags/example_dataset_alias_with_no_taskflow.py for tasks to queue
[2025-06-23T05:35:24.362+0000] {logging_mixin.py:190} INFO - [2025-06-23T05:35:24.360+0000] {dagbag.py:588} INFO - Filling up the DagBag from /home/airflow/.local/lib/python3.12/site-packages/airflow/example_dags/example_dataset_alias_with_no_taskflow.py
[2025-06-23T05:35:25.770+0000] {processor.py:925} INFO - DAG(s) 'dataset_s3_bucket_producer_with_no_taskflow', 'dataset_alias_example_alias_producer_with_no_taskflow', 'dataset_alias_example_alias_consumer_with_no_taskflow', 'dataset_s3_bucket_consumer_with_no_taskflow' retrieved from /home/airflow/.local/lib/python3.12/site-packages/airflow/example_dags/example_dataset_alias_with_no_taskflow.py
[2025-06-23T05:35:25.792+0000] {logging_mixin.py:190} INFO - [2025-06-23T05:35:25.792+0000] {dag.py:3239} INFO - Sync 4 DAGs
[2025-06-23T05:35:25.804+0000] {logging_mixin.py:190} INFO - [2025-06-23T05:35:25.803+0000] {dag.py:4180} INFO - Setting next_dagrun for dataset_alias_example_alias_consumer_with_no_taskflow to None, run_after=None
[2025-06-23T05:35:25.805+0000] {logging_mixin.py:190} INFO - [2025-06-23T05:35:25.805+0000] {dag.py:4180} INFO - Setting next_dagrun for dataset_alias_example_alias_producer_with_no_taskflow to None, run_after=None
[2025-06-23T05:35:25.806+0000] {logging_mixin.py:190} INFO - [2025-06-23T05:35:25.806+0000] {dag.py:4180} INFO - Setting next_dagrun for dataset_s3_bucket_consumer_with_no_taskflow to None, run_after=None
[2025-06-23T05:35:25.807+0000] {logging_mixin.py:190} INFO - [2025-06-23T05:35:25.807+0000] {dag.py:4180} INFO - Setting next_dagrun for dataset_s3_bucket_producer_with_no_taskflow to None, run_after=None
[2025-06-23T05:35:25.822+0000] {processor.py:208} INFO - Processing /home/airflow/.local/lib/python3.12/site-packages/airflow/example_dags/example_dataset_alias_with_no_taskflow.py took 1.527 seconds
[2025-06-23T05:35:56.671+0000] {processor.py:186} INFO - Started process (PID=29678) to work on /home/airflow/.local/lib/python3.12/site-packages/airflow/example_dags/example_dataset_alias_with_no_taskflow.py
[2025-06-23T05:35:56.672+0000] {processor.py:914} INFO - Processing file /home/airflow/.local/lib/python3.12/site-packages/airflow/example_dags/example_dataset_alias_with_no_taskflow.py for tasks to queue
[2025-06-23T05:35:56.673+0000] {logging_mixin.py:190} INFO - [2025-06-23T05:35:56.673+0000] {dagbag.py:588} INFO - Filling up the DagBag from /home/airflow/.local/lib/python3.12/site-packages/airflow/example_dags/example_dataset_alias_with_no_taskflow.py
[2025-06-23T05:35:56.977+0000] {processor.py:925} INFO - DAG(s) 'dataset_alias_example_alias_consumer_with_no_taskflow', 'dataset_alias_example_alias_producer_with_no_taskflow', 'dataset_s3_bucket_consumer_with_no_taskflow', 'dataset_s3_bucket_producer_with_no_taskflow' retrieved from /home/airflow/.local/lib/python3.12/site-packages/airflow/example_dags/example_dataset_alias_with_no_taskflow.py
[2025-06-23T05:35:56.992+0000] {logging_mixin.py:190} INFO - [2025-06-23T05:35:56.992+0000] {dag.py:3239} INFO - Sync 4 DAGs
[2025-06-23T05:35:57.004+0000] {logging_mixin.py:190} INFO - [2025-06-23T05:35:57.003+0000] {dag.py:4180} INFO - Setting next_dagrun for dataset_alias_example_alias_consumer_with_no_taskflow to None, run_after=None
[2025-06-23T05:35:57.005+0000] {logging_mixin.py:190} INFO - [2025-06-23T05:35:57.005+0000] {dag.py:4180} INFO - Setting next_dagrun for dataset_alias_example_alias_producer_with_no_taskflow to None, run_after=None
[2025-06-23T05:35:57.007+0000] {logging_mixin.py:190} INFO - [2025-06-23T05:35:57.007+0000] {dag.py:4180} INFO - Setting next_dagrun for dataset_s3_bucket_consumer_with_no_taskflow to None, run_after=None
[2025-06-23T05:35:57.007+0000] {logging_mixin.py:190} INFO - [2025-06-23T05:35:57.007+0000] {dag.py:4180} INFO - Setting next_dagrun for dataset_s3_bucket_producer_with_no_taskflow to None, run_after=None
[2025-06-23T05:35:57.021+0000] {processor.py:208} INFO - Processing /home/airflow/.local/lib/python3.12/site-packages/airflow/example_dags/example_dataset_alias_with_no_taskflow.py took 0.354 seconds
[2025-06-23T05:36:27.069+0000] {processor.py:186} INFO - Started process (PID=29756) to work on /home/airflow/.local/lib/python3.12/site-packages/airflow/example_dags/example_dataset_alias_with_no_taskflow.py
[2025-06-23T05:36:27.071+0000] {processor.py:914} INFO - Processing file /home/airflow/.local/lib/python3.12/site-packages/airflow/example_dags/example_dataset_alias_with_no_taskflow.py for tasks to queue
[2025-06-23T05:36:27.071+0000] {logging_mixin.py:190} INFO - [2025-06-23T05:36:27.071+0000] {dagbag.py:588} INFO - Filling up the DagBag from /home/airflow/.local/lib/python3.12/site-packages/airflow/example_dags/example_dataset_alias_with_no_taskflow.py
[2025-06-23T05:36:27.386+0000] {processor.py:925} INFO - DAG(s) 'dataset_s3_bucket_producer_with_no_taskflow', 'dataset_alias_example_alias_producer_with_no_taskflow', 'dataset_alias_example_alias_consumer_with_no_taskflow', 'dataset_s3_bucket_consumer_with_no_taskflow' retrieved from /home/airflow/.local/lib/python3.12/site-packages/airflow/example_dags/example_dataset_alias_with_no_taskflow.py
[2025-06-23T05:36:27.395+0000] {logging_mixin.py:190} INFO - [2025-06-23T05:36:27.394+0000] {dag.py:3239} INFO - Sync 4 DAGs
[2025-06-23T05:36:27.407+0000] {logging_mixin.py:190} INFO - [2025-06-23T05:36:27.407+0000] {dag.py:4180} INFO - Setting next_dagrun for dataset_alias_example_alias_consumer_with_no_taskflow to None, run_after=None
[2025-06-23T05:36:27.409+0000] {logging_mixin.py:190} INFO - [2025-06-23T05:36:27.409+0000] {dag.py:4180} INFO - Setting next_dagrun for dataset_alias_example_alias_producer_with_no_taskflow to None, run_after=None
[2025-06-23T05:36:27.410+0000] {logging_mixin.py:190} INFO - [2025-06-23T05:36:27.410+0000] {dag.py:4180} INFO - Setting next_dagrun for dataset_s3_bucket_consumer_with_no_taskflow to None, run_after=None
[2025-06-23T05:36:27.410+0000] {logging_mixin.py:190} INFO - [2025-06-23T05:36:27.410+0000] {dag.py:4180} INFO - Setting next_dagrun for dataset_s3_bucket_producer_with_no_taskflow to None, run_after=None
[2025-06-23T05:36:27.420+0000] {processor.py:208} INFO - Processing /home/airflow/.local/lib/python3.12/site-packages/airflow/example_dags/example_dataset_alias_with_no_taskflow.py took 0.357 seconds
[2025-06-23T05:36:58.330+0000] {processor.py:186} INFO - Started process (PID=29834) to work on /home/airflow/.local/lib/python3.12/site-packages/airflow/example_dags/example_dataset_alias_with_no_taskflow.py
[2025-06-23T05:36:58.331+0000] {processor.py:914} INFO - Processing file /home/airflow/.local/lib/python3.12/site-packages/airflow/example_dags/example_dataset_alias_with_no_taskflow.py for tasks to queue
[2025-06-23T05:36:58.333+0000] {logging_mixin.py:190} INFO - [2025-06-23T05:36:58.333+0000] {dagbag.py:588} INFO - Filling up the DagBag from /home/airflow/.local/lib/python3.12/site-packages/airflow/example_dags/example_dataset_alias_with_no_taskflow.py
[2025-06-23T05:36:58.689+0000] {processor.py:925} INFO - DAG(s) 'dataset_alias_example_alias_consumer_with_no_taskflow', 'dataset_s3_bucket_producer_with_no_taskflow', 'dataset_alias_example_alias_producer_with_no_taskflow', 'dataset_s3_bucket_consumer_with_no_taskflow' retrieved from /home/airflow/.local/lib/python3.12/site-packages/airflow/example_dags/example_dataset_alias_with_no_taskflow.py
[2025-06-23T05:36:58.705+0000] {logging_mixin.py:190} INFO - [2025-06-23T05:36:58.704+0000] {dag.py:3239} INFO - Sync 4 DAGs
[2025-06-23T05:36:58.717+0000] {logging_mixin.py:190} INFO - [2025-06-23T05:36:58.717+0000] {dag.py:4180} INFO - Setting next_dagrun for dataset_alias_example_alias_consumer_with_no_taskflow to None, run_after=None
[2025-06-23T05:36:58.719+0000] {logging_mixin.py:190} INFO - [2025-06-23T05:36:58.719+0000] {dag.py:4180} INFO - Setting next_dagrun for dataset_alias_example_alias_producer_with_no_taskflow to None, run_after=None
[2025-06-23T05:36:58.720+0000] {logging_mixin.py:190} INFO - [2025-06-23T05:36:58.720+0000] {dag.py:4180} INFO - Setting next_dagrun for dataset_s3_bucket_consumer_with_no_taskflow to None, run_after=None
[2025-06-23T05:36:58.721+0000] {logging_mixin.py:190} INFO - [2025-06-23T05:36:58.721+0000] {dag.py:4180} INFO - Setting next_dagrun for dataset_s3_bucket_producer_with_no_taskflow to None, run_after=None
[2025-06-23T05:36:58.734+0000] {processor.py:208} INFO - Processing /home/airflow/.local/lib/python3.12/site-packages/airflow/example_dags/example_dataset_alias_with_no_taskflow.py took 0.411 seconds
[2025-06-23T05:37:29.665+0000] {processor.py:186} INFO - Started process (PID=29912) to work on /home/airflow/.local/lib/python3.12/site-packages/airflow/example_dags/example_dataset_alias_with_no_taskflow.py
[2025-06-23T05:37:29.670+0000] {processor.py:914} INFO - Processing file /home/airflow/.local/lib/python3.12/site-packages/airflow/example_dags/example_dataset_alias_with_no_taskflow.py for tasks to queue
[2025-06-23T05:37:29.673+0000] {logging_mixin.py:190} INFO - [2025-06-23T05:37:29.673+0000] {dagbag.py:588} INFO - Filling up the DagBag from /home/airflow/.local/lib/python3.12/site-packages/airflow/example_dags/example_dataset_alias_with_no_taskflow.py
[2025-06-23T05:37:29.936+0000] {processor.py:925} INFO - DAG(s) 'dataset_alias_example_alias_consumer_with_no_taskflow', 'dataset_s3_bucket_consumer_with_no_taskflow', 'dataset_alias_example_alias_producer_with_no_taskflow', 'dataset_s3_bucket_producer_with_no_taskflow' retrieved from /home/airflow/.local/lib/python3.12/site-packages/airflow/example_dags/example_dataset_alias_with_no_taskflow.py
[2025-06-23T05:37:29.948+0000] {logging_mixin.py:190} INFO - [2025-06-23T05:37:29.948+0000] {dag.py:3239} INFO - Sync 4 DAGs
[2025-06-23T05:37:29.957+0000] {logging_mixin.py:190} INFO - [2025-06-23T05:37:29.957+0000] {dag.py:4180} INFO - Setting next_dagrun for dataset_alias_example_alias_consumer_with_no_taskflow to None, run_after=None
[2025-06-23T05:37:29.960+0000] {logging_mixin.py:190} INFO - [2025-06-23T05:37:29.960+0000] {dag.py:4180} INFO - Setting next_dagrun for dataset_alias_example_alias_producer_with_no_taskflow to None, run_after=None
[2025-06-23T05:37:29.962+0000] {logging_mixin.py:190} INFO - [2025-06-23T05:37:29.961+0000] {dag.py:4180} INFO - Setting next_dagrun for dataset_s3_bucket_consumer_with_no_taskflow to None, run_after=None
[2025-06-23T05:37:29.963+0000] {logging_mixin.py:190} INFO - [2025-06-23T05:37:29.963+0000] {dag.py:4180} INFO - Setting next_dagrun for dataset_s3_bucket_producer_with_no_taskflow to None, run_after=None
[2025-06-23T05:37:29.972+0000] {processor.py:208} INFO - Processing /home/airflow/.local/lib/python3.12/site-packages/airflow/example_dags/example_dataset_alias_with_no_taskflow.py took 0.311 seconds
[2025-06-23T05:38:00.601+0000] {processor.py:186} INFO - Started process (PID=29990) to work on /home/airflow/.local/lib/python3.12/site-packages/airflow/example_dags/example_dataset_alias_with_no_taskflow.py
[2025-06-23T05:38:00.601+0000] {processor.py:914} INFO - Processing file /home/airflow/.local/lib/python3.12/site-packages/airflow/example_dags/example_dataset_alias_with_no_taskflow.py for tasks to queue
[2025-06-23T05:38:00.603+0000] {logging_mixin.py:190} INFO - [2025-06-23T05:38:00.603+0000] {dagbag.py:588} INFO - Filling up the DagBag from /home/airflow/.local/lib/python3.12/site-packages/airflow/example_dags/example_dataset_alias_with_no_taskflow.py
[2025-06-23T05:38:00.868+0000] {processor.py:925} INFO - DAG(s) 'dataset_s3_bucket_producer_with_no_taskflow', 'dataset_alias_example_alias_producer_with_no_taskflow', 'dataset_alias_example_alias_consumer_with_no_taskflow', 'dataset_s3_bucket_consumer_with_no_taskflow' retrieved from /home/airflow/.local/lib/python3.12/site-packages/airflow/example_dags/example_dataset_alias_with_no_taskflow.py
[2025-06-23T05:38:00.877+0000] {logging_mixin.py:190} INFO - [2025-06-23T05:38:00.877+0000] {dag.py:3239} INFO - Sync 4 DAGs
[2025-06-23T05:38:00.885+0000] {logging_mixin.py:190} INFO - [2025-06-23T05:38:00.885+0000] {dag.py:4180} INFO - Setting next_dagrun for dataset_alias_example_alias_consumer_with_no_taskflow to None, run_after=None
[2025-06-23T05:38:00.887+0000] {logging_mixin.py:190} INFO - [2025-06-23T05:38:00.887+0000] {dag.py:4180} INFO - Setting next_dagrun for dataset_alias_example_alias_producer_with_no_taskflow to None, run_after=None
[2025-06-23T05:38:00.888+0000] {logging_mixin.py:190} INFO - [2025-06-23T05:38:00.888+0000] {dag.py:4180} INFO - Setting next_dagrun for dataset_s3_bucket_consumer_with_no_taskflow to None, run_after=None
[2025-06-23T05:38:00.889+0000] {logging_mixin.py:190} INFO - [2025-06-23T05:38:00.889+0000] {dag.py:4180} INFO - Setting next_dagrun for dataset_s3_bucket_producer_with_no_taskflow to None, run_after=None
[2025-06-23T05:38:00.898+0000] {processor.py:208} INFO - Processing /home/airflow/.local/lib/python3.12/site-packages/airflow/example_dags/example_dataset_alias_with_no_taskflow.py took 0.301 seconds
[2025-06-23T05:38:31.363+0000] {processor.py:186} INFO - Started process (PID=30068) to work on /home/airflow/.local/lib/python3.12/site-packages/airflow/example_dags/example_dataset_alias_with_no_taskflow.py
[2025-06-23T05:38:31.365+0000] {processor.py:914} INFO - Processing file /home/airflow/.local/lib/python3.12/site-packages/airflow/example_dags/example_dataset_alias_with_no_taskflow.py for tasks to queue
[2025-06-23T05:38:31.366+0000] {logging_mixin.py:190} INFO - [2025-06-23T05:38:31.366+0000] {dagbag.py:588} INFO - Filling up the DagBag from /home/airflow/.local/lib/python3.12/site-packages/airflow/example_dags/example_dataset_alias_with_no_taskflow.py
[2025-06-23T05:38:31.782+0000] {processor.py:925} INFO - DAG(s) 'dataset_alias_example_alias_producer_with_no_taskflow', 'dataset_alias_example_alias_consumer_with_no_taskflow', 'dataset_s3_bucket_consumer_with_no_taskflow', 'dataset_s3_bucket_producer_with_no_taskflow' retrieved from /home/airflow/.local/lib/python3.12/site-packages/airflow/example_dags/example_dataset_alias_with_no_taskflow.py
[2025-06-23T05:38:31.793+0000] {logging_mixin.py:190} INFO - [2025-06-23T05:38:31.793+0000] {dag.py:3239} INFO - Sync 4 DAGs
[2025-06-23T05:38:31.804+0000] {logging_mixin.py:190} INFO - [2025-06-23T05:38:31.804+0000] {dag.py:4180} INFO - Setting next_dagrun for dataset_alias_example_alias_consumer_with_no_taskflow to None, run_after=None
[2025-06-23T05:38:31.805+0000] {logging_mixin.py:190} INFO - [2025-06-23T05:38:31.805+0000] {dag.py:4180} INFO - Setting next_dagrun for dataset_alias_example_alias_producer_with_no_taskflow to None, run_after=None
[2025-06-23T05:38:31.807+0000] {logging_mixin.py:190} INFO - [2025-06-23T05:38:31.807+0000] {dag.py:4180} INFO - Setting next_dagrun for dataset_s3_bucket_consumer_with_no_taskflow to None, run_after=None
[2025-06-23T05:38:31.809+0000] {logging_mixin.py:190} INFO - [2025-06-23T05:38:31.809+0000] {dag.py:4180} INFO - Setting next_dagrun for dataset_s3_bucket_producer_with_no_taskflow to None, run_after=None
[2025-06-23T05:38:31.820+0000] {processor.py:208} INFO - Processing /home/airflow/.local/lib/python3.12/site-packages/airflow/example_dags/example_dataset_alias_with_no_taskflow.py took 0.464 seconds
[2025-06-23T05:39:02.290+0000] {processor.py:186} INFO - Started process (PID=30146) to work on /home/airflow/.local/lib/python3.12/site-packages/airflow/example_dags/example_dataset_alias_with_no_taskflow.py
[2025-06-23T05:39:02.292+0000] {processor.py:914} INFO - Processing file /home/airflow/.local/lib/python3.12/site-packages/airflow/example_dags/example_dataset_alias_with_no_taskflow.py for tasks to queue
[2025-06-23T05:39:02.296+0000] {logging_mixin.py:190} INFO - [2025-06-23T05:39:02.296+0000] {dagbag.py:588} INFO - Filling up the DagBag from /home/airflow/.local/lib/python3.12/site-packages/airflow/example_dags/example_dataset_alias_with_no_taskflow.py
[2025-06-23T05:39:02.576+0000] {processor.py:925} INFO - DAG(s) 'dataset_alias_example_alias_producer_with_no_taskflow', 'dataset_s3_bucket_producer_with_no_taskflow', 'dataset_alias_example_alias_consumer_with_no_taskflow', 'dataset_s3_bucket_consumer_with_no_taskflow' retrieved from /home/airflow/.local/lib/python3.12/site-packages/airflow/example_dags/example_dataset_alias_with_no_taskflow.py
[2025-06-23T05:39:02.585+0000] {logging_mixin.py:190} INFO - [2025-06-23T05:39:02.584+0000] {dag.py:3239} INFO - Sync 4 DAGs
[2025-06-23T05:39:02.592+0000] {logging_mixin.py:190} INFO - [2025-06-23T05:39:02.592+0000] {dag.py:4180} INFO - Setting next_dagrun for dataset_alias_example_alias_consumer_with_no_taskflow to None, run_after=None
[2025-06-23T05:39:02.594+0000] {logging_mixin.py:190} INFO - [2025-06-23T05:39:02.594+0000] {dag.py:4180} INFO - Setting next_dagrun for dataset_alias_example_alias_producer_with_no_taskflow to None, run_after=None
[2025-06-23T05:39:02.594+0000] {logging_mixin.py:190} INFO - [2025-06-23T05:39:02.594+0000] {dag.py:4180} INFO - Setting next_dagrun for dataset_s3_bucket_consumer_with_no_taskflow to None, run_after=None
[2025-06-23T05:39:02.595+0000] {logging_mixin.py:190} INFO - [2025-06-23T05:39:02.595+0000] {dag.py:4180} INFO - Setting next_dagrun for dataset_s3_bucket_producer_with_no_taskflow to None, run_after=None
[2025-06-23T05:39:02.610+0000] {processor.py:208} INFO - Processing /home/airflow/.local/lib/python3.12/site-packages/airflow/example_dags/example_dataset_alias_with_no_taskflow.py took 0.324 seconds
[2025-06-23T05:39:32.721+0000] {processor.py:186} INFO - Started process (PID=30230) to work on /home/airflow/.local/lib/python3.12/site-packages/airflow/example_dags/example_dataset_alias_with_no_taskflow.py
[2025-06-23T05:39:32.725+0000] {processor.py:914} INFO - Processing file /home/airflow/.local/lib/python3.12/site-packages/airflow/example_dags/example_dataset_alias_with_no_taskflow.py for tasks to queue
[2025-06-23T05:39:32.731+0000] {logging_mixin.py:190} INFO - [2025-06-23T05:39:32.730+0000] {dagbag.py:588} INFO - Filling up the DagBag from /home/airflow/.local/lib/python3.12/site-packages/airflow/example_dags/example_dataset_alias_with_no_taskflow.py
[2025-06-23T05:39:33.389+0000] {processor.py:925} INFO - DAG(s) 'dataset_s3_bucket_consumer_with_no_taskflow', 'dataset_alias_example_alias_consumer_with_no_taskflow', 'dataset_s3_bucket_producer_with_no_taskflow', 'dataset_alias_example_alias_producer_with_no_taskflow' retrieved from /home/airflow/.local/lib/python3.12/site-packages/airflow/example_dags/example_dataset_alias_with_no_taskflow.py
[2025-06-23T05:39:33.403+0000] {logging_mixin.py:190} INFO - [2025-06-23T05:39:33.403+0000] {dag.py:3239} INFO - Sync 4 DAGs
[2025-06-23T05:39:33.416+0000] {logging_mixin.py:190} INFO - [2025-06-23T05:39:33.416+0000] {dag.py:4180} INFO - Setting next_dagrun for dataset_alias_example_alias_consumer_with_no_taskflow to None, run_after=None
[2025-06-23T05:39:33.418+0000] {logging_mixin.py:190} INFO - [2025-06-23T05:39:33.418+0000] {dag.py:4180} INFO - Setting next_dagrun for dataset_alias_example_alias_producer_with_no_taskflow to None, run_after=None
[2025-06-23T05:39:33.420+0000] {logging_mixin.py:190} INFO - [2025-06-23T05:39:33.420+0000] {dag.py:4180} INFO - Setting next_dagrun for dataset_s3_bucket_consumer_with_no_taskflow to None, run_after=None
[2025-06-23T05:39:33.420+0000] {logging_mixin.py:190} INFO - [2025-06-23T05:39:33.420+0000] {dag.py:4180} INFO - Setting next_dagrun for dataset_s3_bucket_producer_with_no_taskflow to None, run_after=None
[2025-06-23T05:39:33.433+0000] {processor.py:208} INFO - Processing /home/airflow/.local/lib/python3.12/site-packages/airflow/example_dags/example_dataset_alias_with_no_taskflow.py took 0.721 seconds
[2025-06-23T06:25:48.354+0000] {processor.py:186} INFO - Started process (PID=30274) to work on /home/airflow/.local/lib/python3.12/site-packages/airflow/example_dags/example_dataset_alias_with_no_taskflow.py
[2025-06-23T06:25:48.355+0000] {processor.py:914} INFO - Processing file /home/airflow/.local/lib/python3.12/site-packages/airflow/example_dags/example_dataset_alias_with_no_taskflow.py for tasks to queue
[2025-06-23T06:25:48.356+0000] {logging_mixin.py:190} INFO - [2025-06-23T06:25:48.355+0000] {dagbag.py:588} INFO - Filling up the DagBag from /home/airflow/.local/lib/python3.12/site-packages/airflow/example_dags/example_dataset_alias_with_no_taskflow.py
[2025-06-23T06:25:48.666+0000] {processor.py:925} INFO - DAG(s) 'dataset_alias_example_alias_consumer_with_no_taskflow', 'dataset_s3_bucket_consumer_with_no_taskflow', 'dataset_alias_example_alias_producer_with_no_taskflow', 'dataset_s3_bucket_producer_with_no_taskflow' retrieved from /home/airflow/.local/lib/python3.12/site-packages/airflow/example_dags/example_dataset_alias_with_no_taskflow.py
[2025-06-23T06:25:48.679+0000] {logging_mixin.py:190} INFO - [2025-06-23T06:25:48.678+0000] {dag.py:3239} INFO - Sync 4 DAGs
[2025-06-23T06:25:48.689+0000] {logging_mixin.py:190} INFO - [2025-06-23T06:25:48.689+0000] {dag.py:4180} INFO - Setting next_dagrun for dataset_alias_example_alias_consumer_with_no_taskflow to None, run_after=None
[2025-06-23T06:25:48.690+0000] {logging_mixin.py:190} INFO - [2025-06-23T06:25:48.690+0000] {dag.py:4180} INFO - Setting next_dagrun for dataset_alias_example_alias_producer_with_no_taskflow to None, run_after=None
[2025-06-23T06:25:48.691+0000] {logging_mixin.py:190} INFO - [2025-06-23T06:25:48.691+0000] {dag.py:4180} INFO - Setting next_dagrun for dataset_s3_bucket_consumer_with_no_taskflow to None, run_after=None
[2025-06-23T06:25:48.691+0000] {logging_mixin.py:190} INFO - [2025-06-23T06:25:48.691+0000] {dag.py:4180} INFO - Setting next_dagrun for dataset_s3_bucket_producer_with_no_taskflow to None, run_after=None
[2025-06-23T06:25:48.700+0000] {processor.py:208} INFO - Processing /home/airflow/.local/lib/python3.12/site-packages/airflow/example_dags/example_dataset_alias_with_no_taskflow.py took 0.350 seconds
[2025-06-23T06:27:12.530+0000] {processor.py:186} INFO - Started process (PID=30352) to work on /home/airflow/.local/lib/python3.12/site-packages/airflow/example_dags/example_dataset_alias_with_no_taskflow.py
[2025-06-23T06:27:12.530+0000] {processor.py:914} INFO - Processing file /home/airflow/.local/lib/python3.12/site-packages/airflow/example_dags/example_dataset_alias_with_no_taskflow.py for tasks to queue
[2025-06-23T06:27:12.531+0000] {logging_mixin.py:190} INFO - [2025-06-23T06:27:12.531+0000] {dagbag.py:588} INFO - Filling up the DagBag from /home/airflow/.local/lib/python3.12/site-packages/airflow/example_dags/example_dataset_alias_with_no_taskflow.py
[2025-06-23T06:27:12.773+0000] {processor.py:925} INFO - DAG(s) 'dataset_alias_example_alias_producer_with_no_taskflow', 'dataset_alias_example_alias_consumer_with_no_taskflow', 'dataset_s3_bucket_consumer_with_no_taskflow', 'dataset_s3_bucket_producer_with_no_taskflow' retrieved from /home/airflow/.local/lib/python3.12/site-packages/airflow/example_dags/example_dataset_alias_with_no_taskflow.py
[2025-06-23T06:27:12.781+0000] {logging_mixin.py:190} INFO - [2025-06-23T06:27:12.781+0000] {dag.py:3239} INFO - Sync 4 DAGs
[2025-06-23T06:27:12.789+0000] {logging_mixin.py:190} INFO - [2025-06-23T06:27:12.789+0000] {dag.py:4180} INFO - Setting next_dagrun for dataset_alias_example_alias_consumer_with_no_taskflow to None, run_after=None
[2025-06-23T06:27:12.790+0000] {logging_mixin.py:190} INFO - [2025-06-23T06:27:12.790+0000] {dag.py:4180} INFO - Setting next_dagrun for dataset_alias_example_alias_producer_with_no_taskflow to None, run_after=None
[2025-06-23T06:27:12.791+0000] {logging_mixin.py:190} INFO - [2025-06-23T06:27:12.791+0000] {dag.py:4180} INFO - Setting next_dagrun for dataset_s3_bucket_consumer_with_no_taskflow to None, run_after=None
[2025-06-23T06:27:12.792+0000] {logging_mixin.py:190} INFO - [2025-06-23T06:27:12.792+0000] {dag.py:4180} INFO - Setting next_dagrun for dataset_s3_bucket_producer_with_no_taskflow to None, run_after=None
[2025-06-23T06:27:12.802+0000] {processor.py:208} INFO - Processing /home/airflow/.local/lib/python3.12/site-packages/airflow/example_dags/example_dataset_alias_with_no_taskflow.py took 0.275 seconds
[2025-06-23T06:34:08.651+0000] {processor.py:186} INFO - Started process (PID=30430) to work on /home/airflow/.local/lib/python3.12/site-packages/airflow/example_dags/example_dataset_alias_with_no_taskflow.py
[2025-06-23T06:34:08.652+0000] {processor.py:914} INFO - Processing file /home/airflow/.local/lib/python3.12/site-packages/airflow/example_dags/example_dataset_alias_with_no_taskflow.py for tasks to queue
[2025-06-23T06:34:08.653+0000] {logging_mixin.py:190} INFO - [2025-06-23T06:34:08.652+0000] {dagbag.py:588} INFO - Filling up the DagBag from /home/airflow/.local/lib/python3.12/site-packages/airflow/example_dags/example_dataset_alias_with_no_taskflow.py
[2025-06-23T06:34:08.887+0000] {processor.py:925} INFO - DAG(s) 'dataset_s3_bucket_producer_with_no_taskflow', 'dataset_s3_bucket_consumer_with_no_taskflow', 'dataset_alias_example_alias_producer_with_no_taskflow', 'dataset_alias_example_alias_consumer_with_no_taskflow' retrieved from /home/airflow/.local/lib/python3.12/site-packages/airflow/example_dags/example_dataset_alias_with_no_taskflow.py
[2025-06-23T06:34:08.896+0000] {logging_mixin.py:190} INFO - [2025-06-23T06:34:08.895+0000] {dag.py:3239} INFO - Sync 4 DAGs
[2025-06-23T06:34:08.905+0000] {logging_mixin.py:190} INFO - [2025-06-23T06:34:08.905+0000] {dag.py:4180} INFO - Setting next_dagrun for dataset_alias_example_alias_consumer_with_no_taskflow to None, run_after=None
[2025-06-23T06:34:08.907+0000] {logging_mixin.py:190} INFO - [2025-06-23T06:34:08.907+0000] {dag.py:4180} INFO - Setting next_dagrun for dataset_alias_example_alias_producer_with_no_taskflow to None, run_after=None
[2025-06-23T06:34:08.907+0000] {logging_mixin.py:190} INFO - [2025-06-23T06:34:08.907+0000] {dag.py:4180} INFO - Setting next_dagrun for dataset_s3_bucket_consumer_with_no_taskflow to None, run_after=None
[2025-06-23T06:34:08.908+0000] {logging_mixin.py:190} INFO - [2025-06-23T06:34:08.908+0000] {dag.py:4180} INFO - Setting next_dagrun for dataset_s3_bucket_producer_with_no_taskflow to None, run_after=None
[2025-06-23T06:34:08.918+0000] {processor.py:208} INFO - Processing /home/airflow/.local/lib/python3.12/site-packages/airflow/example_dags/example_dataset_alias_with_no_taskflow.py took 0.269 seconds
[2025-06-23T06:35:37.738+0000] {processor.py:186} INFO - Started process (PID=30508) to work on /home/airflow/.local/lib/python3.12/site-packages/airflow/example_dags/example_dataset_alias_with_no_taskflow.py
[2025-06-23T06:35:37.738+0000] {processor.py:914} INFO - Processing file /home/airflow/.local/lib/python3.12/site-packages/airflow/example_dags/example_dataset_alias_with_no_taskflow.py for tasks to queue
[2025-06-23T06:35:37.739+0000] {logging_mixin.py:190} INFO - [2025-06-23T06:35:37.739+0000] {dagbag.py:588} INFO - Filling up the DagBag from /home/airflow/.local/lib/python3.12/site-packages/airflow/example_dags/example_dataset_alias_with_no_taskflow.py
[2025-06-23T06:35:37.982+0000] {processor.py:925} INFO - DAG(s) 'dataset_s3_bucket_producer_with_no_taskflow', 'dataset_alias_example_alias_producer_with_no_taskflow', 'dataset_s3_bucket_consumer_with_no_taskflow', 'dataset_alias_example_alias_consumer_with_no_taskflow' retrieved from /home/airflow/.local/lib/python3.12/site-packages/airflow/example_dags/example_dataset_alias_with_no_taskflow.py
[2025-06-23T06:35:37.995+0000] {logging_mixin.py:190} INFO - [2025-06-23T06:35:37.995+0000] {dag.py:3239} INFO - Sync 4 DAGs
[2025-06-23T06:35:38.006+0000] {logging_mixin.py:190} INFO - [2025-06-23T06:35:38.006+0000] {dag.py:4180} INFO - Setting next_dagrun for dataset_alias_example_alias_consumer_with_no_taskflow to None, run_after=None
[2025-06-23T06:35:38.007+0000] {logging_mixin.py:190} INFO - [2025-06-23T06:35:38.007+0000] {dag.py:4180} INFO - Setting next_dagrun for dataset_alias_example_alias_producer_with_no_taskflow to None, run_after=None
[2025-06-23T06:35:38.007+0000] {logging_mixin.py:190} INFO - [2025-06-23T06:35:38.007+0000] {dag.py:4180} INFO - Setting next_dagrun for dataset_s3_bucket_consumer_with_no_taskflow to None, run_after=None
[2025-06-23T06:35:38.008+0000] {logging_mixin.py:190} INFO - [2025-06-23T06:35:38.008+0000] {dag.py:4180} INFO - Setting next_dagrun for dataset_s3_bucket_producer_with_no_taskflow to None, run_after=None
[2025-06-23T06:35:38.015+0000] {processor.py:208} INFO - Processing /home/airflow/.local/lib/python3.12/site-packages/airflow/example_dags/example_dataset_alias_with_no_taskflow.py took 0.279 seconds
[2025-06-23T06:36:36.928+0000] {processor.py:186} INFO - Started process (PID=30586) to work on /home/airflow/.local/lib/python3.12/site-packages/airflow/example_dags/example_dataset_alias_with_no_taskflow.py
[2025-06-23T06:36:36.929+0000] {processor.py:914} INFO - Processing file /home/airflow/.local/lib/python3.12/site-packages/airflow/example_dags/example_dataset_alias_with_no_taskflow.py for tasks to queue
[2025-06-23T06:36:36.930+0000] {logging_mixin.py:190} INFO - [2025-06-23T06:36:36.930+0000] {dagbag.py:588} INFO - Filling up the DagBag from /home/airflow/.local/lib/python3.12/site-packages/airflow/example_dags/example_dataset_alias_with_no_taskflow.py
[2025-06-23T06:36:37.161+0000] {processor.py:925} INFO - DAG(s) 'dataset_alias_example_alias_consumer_with_no_taskflow', 'dataset_s3_bucket_producer_with_no_taskflow', 'dataset_alias_example_alias_producer_with_no_taskflow', 'dataset_s3_bucket_consumer_with_no_taskflow' retrieved from /home/airflow/.local/lib/python3.12/site-packages/airflow/example_dags/example_dataset_alias_with_no_taskflow.py
[2025-06-23T06:36:37.171+0000] {logging_mixin.py:190} INFO - [2025-06-23T06:36:37.171+0000] {dag.py:3239} INFO - Sync 4 DAGs
[2025-06-23T06:36:37.180+0000] {logging_mixin.py:190} INFO - [2025-06-23T06:36:37.180+0000] {dag.py:4180} INFO - Setting next_dagrun for dataset_alias_example_alias_consumer_with_no_taskflow to None, run_after=None
[2025-06-23T06:36:37.181+0000] {logging_mixin.py:190} INFO - [2025-06-23T06:36:37.181+0000] {dag.py:4180} INFO - Setting next_dagrun for dataset_alias_example_alias_producer_with_no_taskflow to None, run_after=None
[2025-06-23T06:36:37.182+0000] {logging_mixin.py:190} INFO - [2025-06-23T06:36:37.182+0000] {dag.py:4180} INFO - Setting next_dagrun for dataset_s3_bucket_consumer_with_no_taskflow to None, run_after=None
[2025-06-23T06:36:37.182+0000] {logging_mixin.py:190} INFO - [2025-06-23T06:36:37.182+0000] {dag.py:4180} INFO - Setting next_dagrun for dataset_s3_bucket_producer_with_no_taskflow to None, run_after=None
[2025-06-23T06:36:37.189+0000] {processor.py:208} INFO - Processing /home/airflow/.local/lib/python3.12/site-packages/airflow/example_dags/example_dataset_alias_with_no_taskflow.py took 0.264 seconds
[2025-06-23T07:13:29.576+0000] {processor.py:186} INFO - Started process (PID=30664) to work on /home/airflow/.local/lib/python3.12/site-packages/airflow/example_dags/example_dataset_alias_with_no_taskflow.py
[2025-06-23T07:13:29.577+0000] {processor.py:914} INFO - Processing file /home/airflow/.local/lib/python3.12/site-packages/airflow/example_dags/example_dataset_alias_with_no_taskflow.py for tasks to queue
[2025-06-23T07:13:29.577+0000] {logging_mixin.py:190} INFO - [2025-06-23T07:13:29.577+0000] {dagbag.py:588} INFO - Filling up the DagBag from /home/airflow/.local/lib/python3.12/site-packages/airflow/example_dags/example_dataset_alias_with_no_taskflow.py
[2025-06-23T07:13:29.815+0000] {processor.py:925} INFO - DAG(s) 'dataset_alias_example_alias_consumer_with_no_taskflow', 'dataset_s3_bucket_producer_with_no_taskflow', 'dataset_s3_bucket_consumer_with_no_taskflow', 'dataset_alias_example_alias_producer_with_no_taskflow' retrieved from /home/airflow/.local/lib/python3.12/site-packages/airflow/example_dags/example_dataset_alias_with_no_taskflow.py
[2025-06-23T07:13:29.824+0000] {logging_mixin.py:190} INFO - [2025-06-23T07:13:29.824+0000] {dag.py:3239} INFO - Sync 4 DAGs
[2025-06-23T07:13:29.833+0000] {logging_mixin.py:190} INFO - [2025-06-23T07:13:29.832+0000] {dag.py:4180} INFO - Setting next_dagrun for dataset_alias_example_alias_consumer_with_no_taskflow to None, run_after=None
[2025-06-23T07:13:29.834+0000] {logging_mixin.py:190} INFO - [2025-06-23T07:13:29.834+0000] {dag.py:4180} INFO - Setting next_dagrun for dataset_alias_example_alias_producer_with_no_taskflow to None, run_after=None
[2025-06-23T07:13:29.834+0000] {logging_mixin.py:190} INFO - [2025-06-23T07:13:29.834+0000] {dag.py:4180} INFO - Setting next_dagrun for dataset_s3_bucket_consumer_with_no_taskflow to None, run_after=None
[2025-06-23T07:13:29.835+0000] {logging_mixin.py:190} INFO - [2025-06-23T07:13:29.835+0000] {dag.py:4180} INFO - Setting next_dagrun for dataset_s3_bucket_producer_with_no_taskflow to None, run_after=None
[2025-06-23T07:13:29.843+0000] {processor.py:208} INFO - Processing /home/airflow/.local/lib/python3.12/site-packages/airflow/example_dags/example_dataset_alias_with_no_taskflow.py took 0.269 seconds
