[2025-06-23T00:35:49.951+0000] {processor.py:186} INFO - Started process (PID=28577) to work on /home/airflow/.local/lib/python3.12/site-packages/airflow/example_dags/example_short_circuit_decorator.py
[2025-06-23T00:35:49.951+0000] {processor.py:914} INFO - Processing file /home/airflow/.local/lib/python3.12/site-packages/airflow/example_dags/example_short_circuit_decorator.py for tasks to queue
[2025-06-23T00:35:49.952+0000] {logging_mixin.py:190} INFO - [2025-06-23T00:35:49.951+0000] {dagbag.py:588} INFO - Filling up the DagBag from /home/airflow/.local/lib/python3.12/site-packages/airflow/example_dags/example_short_circuit_decorator.py
[2025-06-23T00:35:49.956+0000] {processor.py:925} INFO - DAG(s) 'example_short_circuit_decorator' retrieved from /home/airflow/.local/lib/python3.12/site-packages/airflow/example_dags/example_short_circuit_decorator.py
[2025-06-23T00:35:49.965+0000] {logging_mixin.py:190} INFO - [2025-06-23T00:35:49.965+0000] {dag.py:3239} INFO - Sync 1 DAGs
[2025-06-23T00:35:49.971+0000] {logging_mixin.py:190} INFO - [2025-06-23T00:35:49.971+0000] {dag.py:4180} INFO - Setting next_dagrun for example_short_circuit_decorator to None, run_after=None
[2025-06-23T00:35:49.977+0000] {processor.py:208} INFO - Processing /home/airflow/.local/lib/python3.12/site-packages/airflow/example_dags/example_short_circuit_decorator.py took 0.029 seconds
[2025-06-23T01:36:41.632+0000] {processor.py:186} INFO - Started process (PID=28655) to work on /home/airflow/.local/lib/python3.12/site-packages/airflow/example_dags/example_short_circuit_decorator.py
[2025-06-23T01:36:41.633+0000] {processor.py:914} INFO - Processing file /home/airflow/.local/lib/python3.12/site-packages/airflow/example_dags/example_short_circuit_decorator.py for tasks to queue
[2025-06-23T01:36:41.633+0000] {logging_mixin.py:190} INFO - [2025-06-23T01:36:41.633+0000] {dagbag.py:588} INFO - Filling up the DagBag from /home/airflow/.local/lib/python3.12/site-packages/airflow/example_dags/example_short_circuit_decorator.py
[2025-06-23T01:36:41.638+0000] {processor.py:925} INFO - DAG(s) 'example_short_circuit_decorator' retrieved from /home/airflow/.local/lib/python3.12/site-packages/airflow/example_dags/example_short_circuit_decorator.py
[2025-06-23T01:36:41.649+0000] {logging_mixin.py:190} INFO - [2025-06-23T01:36:41.648+0000] {dag.py:3239} INFO - Sync 1 DAGs
[2025-06-23T01:36:41.655+0000] {logging_mixin.py:190} INFO - [2025-06-23T01:36:41.655+0000] {dag.py:4180} INFO - Setting next_dagrun for example_short_circuit_decorator to None, run_after=None
[2025-06-23T01:36:41.662+0000] {processor.py:208} INFO - Processing /home/airflow/.local/lib/python3.12/site-packages/airflow/example_dags/example_short_circuit_decorator.py took 0.032 seconds
[2025-06-23T01:37:11.764+0000] {processor.py:186} INFO - Started process (PID=28732) to work on /home/airflow/.local/lib/python3.12/site-packages/airflow/example_dags/example_short_circuit_decorator.py
[2025-06-23T01:37:11.768+0000] {processor.py:914} INFO - Processing file /home/airflow/.local/lib/python3.12/site-packages/airflow/example_dags/example_short_circuit_decorator.py for tasks to queue
[2025-06-23T01:37:11.769+0000] {logging_mixin.py:190} INFO - [2025-06-23T01:37:11.768+0000] {dagbag.py:588} INFO - Filling up the DagBag from /home/airflow/.local/lib/python3.12/site-packages/airflow/example_dags/example_short_circuit_decorator.py
[2025-06-23T01:37:11.794+0000] {processor.py:925} INFO - DAG(s) 'example_short_circuit_decorator' retrieved from /home/airflow/.local/lib/python3.12/site-packages/airflow/example_dags/example_short_circuit_decorator.py
[2025-06-23T01:37:11.819+0000] {logging_mixin.py:190} INFO - [2025-06-23T01:37:11.819+0000] {dag.py:3239} INFO - Sync 1 DAGs
[2025-06-23T01:37:11.844+0000] {logging_mixin.py:190} INFO - [2025-06-23T01:37:11.844+0000] {dag.py:4180} INFO - Setting next_dagrun for example_short_circuit_decorator to None, run_after=None
[2025-06-23T01:37:11.858+0000] {processor.py:208} INFO - Processing /home/airflow/.local/lib/python3.12/site-packages/airflow/example_dags/example_short_circuit_decorator.py took 0.101 seconds
[2025-06-23T02:28:28.951+0000] {processor.py:186} INFO - Started process (PID=28811) to work on /home/airflow/.local/lib/python3.12/site-packages/airflow/example_dags/example_short_circuit_decorator.py
[2025-06-23T02:28:28.951+0000] {processor.py:914} INFO - Processing file /home/airflow/.local/lib/python3.12/site-packages/airflow/example_dags/example_short_circuit_decorator.py for tasks to queue
[2025-06-23T02:28:28.952+0000] {logging_mixin.py:190} INFO - [2025-06-23T02:28:28.952+0000] {dagbag.py:588} INFO - Filling up the DagBag from /home/airflow/.local/lib/python3.12/site-packages/airflow/example_dags/example_short_circuit_decorator.py
[2025-06-23T02:28:28.957+0000] {processor.py:925} INFO - DAG(s) 'example_short_circuit_decorator' retrieved from /home/airflow/.local/lib/python3.12/site-packages/airflow/example_dags/example_short_circuit_decorator.py
[2025-06-23T02:28:28.968+0000] {logging_mixin.py:190} INFO - [2025-06-23T02:28:28.968+0000] {dag.py:3239} INFO - Sync 1 DAGs
[2025-06-23T02:28:28.974+0000] {logging_mixin.py:190} INFO - [2025-06-23T02:28:28.974+0000] {dag.py:4180} INFO - Setting next_dagrun for example_short_circuit_decorator to None, run_after=None
[2025-06-23T02:28:28.981+0000] {processor.py:208} INFO - Processing /home/airflow/.local/lib/python3.12/site-packages/airflow/example_dags/example_short_circuit_decorator.py took 0.033 seconds
[2025-06-23T02:38:09.097+0000] {processor.py:186} INFO - Started process (PID=28889) to work on /home/airflow/.local/lib/python3.12/site-packages/airflow/example_dags/example_short_circuit_decorator.py
[2025-06-23T02:38:09.097+0000] {processor.py:914} INFO - Processing file /home/airflow/.local/lib/python3.12/site-packages/airflow/example_dags/example_short_circuit_decorator.py for tasks to queue
[2025-06-23T02:38:09.098+0000] {logging_mixin.py:190} INFO - [2025-06-23T02:38:09.098+0000] {dagbag.py:588} INFO - Filling up the DagBag from /home/airflow/.local/lib/python3.12/site-packages/airflow/example_dags/example_short_circuit_decorator.py
[2025-06-23T02:38:09.103+0000] {processor.py:925} INFO - DAG(s) 'example_short_circuit_decorator' retrieved from /home/airflow/.local/lib/python3.12/site-packages/airflow/example_dags/example_short_circuit_decorator.py
[2025-06-23T02:38:09.112+0000] {logging_mixin.py:190} INFO - [2025-06-23T02:38:09.112+0000] {dag.py:3239} INFO - Sync 1 DAGs
[2025-06-23T02:38:09.118+0000] {logging_mixin.py:190} INFO - [2025-06-23T02:38:09.118+0000] {dag.py:4180} INFO - Setting next_dagrun for example_short_circuit_decorator to None, run_after=None
[2025-06-23T02:38:09.125+0000] {processor.py:208} INFO - Processing /home/airflow/.local/lib/python3.12/site-packages/airflow/example_dags/example_short_circuit_decorator.py took 0.031 seconds
[2025-06-23T03:10:45.953+0000] {processor.py:186} INFO - Started process (PID=28967) to work on /home/airflow/.local/lib/python3.12/site-packages/airflow/example_dags/example_short_circuit_decorator.py
[2025-06-23T03:10:45.953+0000] {processor.py:914} INFO - Processing file /home/airflow/.local/lib/python3.12/site-packages/airflow/example_dags/example_short_circuit_decorator.py for tasks to queue
[2025-06-23T03:10:45.954+0000] {logging_mixin.py:190} INFO - [2025-06-23T03:10:45.954+0000] {dagbag.py:588} INFO - Filling up the DagBag from /home/airflow/.local/lib/python3.12/site-packages/airflow/example_dags/example_short_circuit_decorator.py
[2025-06-23T03:10:45.959+0000] {processor.py:925} INFO - DAG(s) 'example_short_circuit_decorator' retrieved from /home/airflow/.local/lib/python3.12/site-packages/airflow/example_dags/example_short_circuit_decorator.py
[2025-06-23T03:10:45.971+0000] {logging_mixin.py:190} INFO - [2025-06-23T03:10:45.971+0000] {dag.py:3239} INFO - Sync 1 DAGs
[2025-06-23T03:10:45.979+0000] {logging_mixin.py:190} INFO - [2025-06-23T03:10:45.978+0000] {dag.py:4180} INFO - Setting next_dagrun for example_short_circuit_decorator to None, run_after=None
[2025-06-23T03:10:45.987+0000] {processor.py:208} INFO - Processing /home/airflow/.local/lib/python3.12/site-packages/airflow/example_dags/example_short_circuit_decorator.py took 0.037 seconds
[2025-06-23T03:38:54.468+0000] {processor.py:186} INFO - Started process (PID=29045) to work on /home/airflow/.local/lib/python3.12/site-packages/airflow/example_dags/example_short_circuit_decorator.py
[2025-06-23T03:38:54.469+0000] {processor.py:914} INFO - Processing file /home/airflow/.local/lib/python3.12/site-packages/airflow/example_dags/example_short_circuit_decorator.py for tasks to queue
[2025-06-23T03:38:54.469+0000] {logging_mixin.py:190} INFO - [2025-06-23T03:38:54.469+0000] {dagbag.py:588} INFO - Filling up the DagBag from /home/airflow/.local/lib/python3.12/site-packages/airflow/example_dags/example_short_circuit_decorator.py
[2025-06-23T03:38:54.474+0000] {processor.py:925} INFO - DAG(s) 'example_short_circuit_decorator' retrieved from /home/airflow/.local/lib/python3.12/site-packages/airflow/example_dags/example_short_circuit_decorator.py
[2025-06-23T03:38:54.483+0000] {logging_mixin.py:190} INFO - [2025-06-23T03:38:54.483+0000] {dag.py:3239} INFO - Sync 1 DAGs
[2025-06-23T03:38:54.489+0000] {logging_mixin.py:190} INFO - [2025-06-23T03:38:54.489+0000] {dag.py:4180} INFO - Setting next_dagrun for example_short_circuit_decorator to None, run_after=None
[2025-06-23T03:38:54.496+0000] {processor.py:208} INFO - Processing /home/airflow/.local/lib/python3.12/site-packages/airflow/example_dags/example_short_circuit_decorator.py took 0.032 seconds
[2025-06-23T04:39:46.880+0000] {processor.py:186} INFO - Started process (PID=29123) to work on /home/airflow/.local/lib/python3.12/site-packages/airflow/example_dags/example_short_circuit_decorator.py
[2025-06-23T04:39:46.881+0000] {processor.py:914} INFO - Processing file /home/airflow/.local/lib/python3.12/site-packages/airflow/example_dags/example_short_circuit_decorator.py for tasks to queue
[2025-06-23T04:39:46.881+0000] {logging_mixin.py:190} INFO - [2025-06-23T04:39:46.881+0000] {dagbag.py:588} INFO - Filling up the DagBag from /home/airflow/.local/lib/python3.12/site-packages/airflow/example_dags/example_short_circuit_decorator.py
[2025-06-23T04:39:46.886+0000] {processor.py:925} INFO - DAG(s) 'example_short_circuit_decorator' retrieved from /home/airflow/.local/lib/python3.12/site-packages/airflow/example_dags/example_short_circuit_decorator.py
[2025-06-23T04:39:46.896+0000] {logging_mixin.py:190} INFO - [2025-06-23T04:39:46.895+0000] {dag.py:3239} INFO - Sync 1 DAGs
[2025-06-23T04:39:46.902+0000] {logging_mixin.py:190} INFO - [2025-06-23T04:39:46.902+0000] {dag.py:4180} INFO - Setting next_dagrun for example_short_circuit_decorator to None, run_after=None
[2025-06-23T04:39:46.908+0000] {processor.py:208} INFO - Processing /home/airflow/.local/lib/python3.12/site-packages/airflow/example_dags/example_short_circuit_decorator.py took 0.031 seconds
[2025-06-23T05:32:39.802+0000] {processor.py:186} INFO - Started process (PID=29201) to work on /home/airflow/.local/lib/python3.12/site-packages/airflow/example_dags/example_short_circuit_decorator.py
[2025-06-23T05:32:39.805+0000] {processor.py:914} INFO - Processing file /home/airflow/.local/lib/python3.12/site-packages/airflow/example_dags/example_short_circuit_decorator.py for tasks to queue
[2025-06-23T05:32:39.807+0000] {logging_mixin.py:190} INFO - [2025-06-23T05:32:39.806+0000] {dagbag.py:588} INFO - Filling up the DagBag from /home/airflow/.local/lib/python3.12/site-packages/airflow/example_dags/example_short_circuit_decorator.py
[2025-06-23T05:32:39.821+0000] {processor.py:925} INFO - DAG(s) 'example_short_circuit_decorator' retrieved from /home/airflow/.local/lib/python3.12/site-packages/airflow/example_dags/example_short_circuit_decorator.py
[2025-06-23T05:32:39.873+0000] {logging_mixin.py:190} INFO - [2025-06-23T05:32:39.872+0000] {dag.py:3239} INFO - Sync 1 DAGs
[2025-06-23T05:32:39.914+0000] {logging_mixin.py:190} INFO - [2025-06-23T05:32:39.914+0000] {dag.py:4180} INFO - Setting next_dagrun for example_short_circuit_decorator to None, run_after=None
[2025-06-23T05:32:40.016+0000] {processor.py:208} INFO - Processing /home/airflow/.local/lib/python3.12/site-packages/airflow/example_dags/example_short_circuit_decorator.py took 0.242 seconds
[2025-06-23T05:33:10.800+0000] {processor.py:186} INFO - Started process (PID=29278) to work on /home/airflow/.local/lib/python3.12/site-packages/airflow/example_dags/example_short_circuit_decorator.py
[2025-06-23T05:33:10.801+0000] {processor.py:914} INFO - Processing file /home/airflow/.local/lib/python3.12/site-packages/airflow/example_dags/example_short_circuit_decorator.py for tasks to queue
[2025-06-23T05:33:10.802+0000] {logging_mixin.py:190} INFO - [2025-06-23T05:33:10.802+0000] {dagbag.py:588} INFO - Filling up the DagBag from /home/airflow/.local/lib/python3.12/site-packages/airflow/example_dags/example_short_circuit_decorator.py
[2025-06-23T05:33:10.809+0000] {processor.py:925} INFO - DAG(s) 'example_short_circuit_decorator' retrieved from /home/airflow/.local/lib/python3.12/site-packages/airflow/example_dags/example_short_circuit_decorator.py
[2025-06-23T05:33:10.828+0000] {logging_mixin.py:190} INFO - [2025-06-23T05:33:10.828+0000] {dag.py:3239} INFO - Sync 1 DAGs
[2025-06-23T05:33:10.835+0000] {logging_mixin.py:190} INFO - [2025-06-23T05:33:10.835+0000] {dag.py:4180} INFO - Setting next_dagrun for example_short_circuit_decorator to None, run_after=None
[2025-06-23T05:33:10.843+0000] {processor.py:208} INFO - Processing /home/airflow/.local/lib/python3.12/site-packages/airflow/example_dags/example_short_circuit_decorator.py took 0.047 seconds
[2025-06-23T05:33:41.132+0000] {processor.py:186} INFO - Started process (PID=29356) to work on /home/airflow/.local/lib/python3.12/site-packages/airflow/example_dags/example_short_circuit_decorator.py
[2025-06-23T05:33:41.133+0000] {processor.py:914} INFO - Processing file /home/airflow/.local/lib/python3.12/site-packages/airflow/example_dags/example_short_circuit_decorator.py for tasks to queue
[2025-06-23T05:33:41.135+0000] {logging_mixin.py:190} INFO - [2025-06-23T05:33:41.134+0000] {dagbag.py:588} INFO - Filling up the DagBag from /home/airflow/.local/lib/python3.12/site-packages/airflow/example_dags/example_short_circuit_decorator.py
[2025-06-23T05:33:41.140+0000] {processor.py:925} INFO - DAG(s) 'example_short_circuit_decorator' retrieved from /home/airflow/.local/lib/python3.12/site-packages/airflow/example_dags/example_short_circuit_decorator.py
[2025-06-23T05:33:41.157+0000] {logging_mixin.py:190} INFO - [2025-06-23T05:33:41.157+0000] {dag.py:3239} INFO - Sync 1 DAGs
[2025-06-23T05:33:41.164+0000] {logging_mixin.py:190} INFO - [2025-06-23T05:33:41.164+0000] {dag.py:4180} INFO - Setting next_dagrun for example_short_circuit_decorator to None, run_after=None
[2025-06-23T05:33:41.174+0000] {processor.py:208} INFO - Processing /home/airflow/.local/lib/python3.12/site-packages/airflow/example_dags/example_short_circuit_decorator.py took 0.044 seconds
[2025-06-23T05:34:14.958+0000] {processor.py:186} INFO - Started process (PID=29434) to work on /home/airflow/.local/lib/python3.12/site-packages/airflow/example_dags/example_short_circuit_decorator.py
[2025-06-23T05:34:14.960+0000] {processor.py:914} INFO - Processing file /home/airflow/.local/lib/python3.12/site-packages/airflow/example_dags/example_short_circuit_decorator.py for tasks to queue
[2025-06-23T05:34:14.962+0000] {logging_mixin.py:190} INFO - [2025-06-23T05:34:14.962+0000] {dagbag.py:588} INFO - Filling up the DagBag from /home/airflow/.local/lib/python3.12/site-packages/airflow/example_dags/example_short_circuit_decorator.py
[2025-06-23T05:34:14.992+0000] {processor.py:925} INFO - DAG(s) 'example_short_circuit_decorator' retrieved from /home/airflow/.local/lib/python3.12/site-packages/airflow/example_dags/example_short_circuit_decorator.py
[2025-06-23T05:34:15.091+0000] {logging_mixin.py:190} INFO - [2025-06-23T05:34:15.089+0000] {dag.py:3239} INFO - Sync 1 DAGs
[2025-06-23T05:34:15.136+0000] {logging_mixin.py:190} INFO - [2025-06-23T05:34:15.135+0000] {dag.py:4180} INFO - Setting next_dagrun for example_short_circuit_decorator to None, run_after=None
[2025-06-23T05:34:15.193+0000] {processor.py:208} INFO - Processing /home/airflow/.local/lib/python3.12/site-packages/airflow/example_dags/example_short_circuit_decorator.py took 0.254 seconds
[2025-06-23T05:34:46.983+0000] {processor.py:186} INFO - Started process (PID=29512) to work on /home/airflow/.local/lib/python3.12/site-packages/airflow/example_dags/example_short_circuit_decorator.py
[2025-06-23T05:34:46.989+0000] {processor.py:914} INFO - Processing file /home/airflow/.local/lib/python3.12/site-packages/airflow/example_dags/example_short_circuit_decorator.py for tasks to queue
[2025-06-23T05:34:46.993+0000] {logging_mixin.py:190} INFO - [2025-06-23T05:34:46.991+0000] {dagbag.py:588} INFO - Filling up the DagBag from /home/airflow/.local/lib/python3.12/site-packages/airflow/example_dags/example_short_circuit_decorator.py
[2025-06-23T05:34:47.074+0000] {processor.py:925} INFO - DAG(s) 'example_short_circuit_decorator' retrieved from /home/airflow/.local/lib/python3.12/site-packages/airflow/example_dags/example_short_circuit_decorator.py
[2025-06-23T05:34:47.178+0000] {logging_mixin.py:190} INFO - [2025-06-23T05:34:47.177+0000] {dag.py:3239} INFO - Sync 1 DAGs
[2025-06-23T05:34:47.229+0000] {logging_mixin.py:190} INFO - [2025-06-23T05:34:47.228+0000] {dag.py:4180} INFO - Setting next_dagrun for example_short_circuit_decorator to None, run_after=None
[2025-06-23T05:34:47.338+0000] {processor.py:208} INFO - Processing /home/airflow/.local/lib/python3.12/site-packages/airflow/example_dags/example_short_circuit_decorator.py took 0.403 seconds
[2025-06-23T05:35:19.485+0000] {processor.py:186} INFO - Started process (PID=29590) to work on /home/airflow/.local/lib/python3.12/site-packages/airflow/example_dags/example_short_circuit_decorator.py
[2025-06-23T05:35:19.486+0000] {processor.py:914} INFO - Processing file /home/airflow/.local/lib/python3.12/site-packages/airflow/example_dags/example_short_circuit_decorator.py for tasks to queue
[2025-06-23T05:35:19.489+0000] {logging_mixin.py:190} INFO - [2025-06-23T05:35:19.489+0000] {dagbag.py:588} INFO - Filling up the DagBag from /home/airflow/.local/lib/python3.12/site-packages/airflow/example_dags/example_short_circuit_decorator.py
[2025-06-23T05:35:19.538+0000] {processor.py:925} INFO - DAG(s) 'example_short_circuit_decorator' retrieved from /home/airflow/.local/lib/python3.12/site-packages/airflow/example_dags/example_short_circuit_decorator.py
[2025-06-23T05:35:19.609+0000] {logging_mixin.py:190} INFO - [2025-06-23T05:35:19.608+0000] {dag.py:3239} INFO - Sync 1 DAGs
[2025-06-23T05:35:19.651+0000] {logging_mixin.py:190} INFO - [2025-06-23T05:35:19.651+0000] {dag.py:4180} INFO - Setting next_dagrun for example_short_circuit_decorator to None, run_after=None
[2025-06-23T05:35:19.723+0000] {processor.py:208} INFO - Processing /home/airflow/.local/lib/python3.12/site-packages/airflow/example_dags/example_short_circuit_decorator.py took 0.250 seconds
[2025-06-23T05:35:50.301+0000] {processor.py:186} INFO - Started process (PID=29668) to work on /home/airflow/.local/lib/python3.12/site-packages/airflow/example_dags/example_short_circuit_decorator.py
[2025-06-23T05:35:50.301+0000] {processor.py:914} INFO - Processing file /home/airflow/.local/lib/python3.12/site-packages/airflow/example_dags/example_short_circuit_decorator.py for tasks to queue
[2025-06-23T05:35:50.302+0000] {logging_mixin.py:190} INFO - [2025-06-23T05:35:50.301+0000] {dagbag.py:588} INFO - Filling up the DagBag from /home/airflow/.local/lib/python3.12/site-packages/airflow/example_dags/example_short_circuit_decorator.py
[2025-06-23T05:35:50.309+0000] {processor.py:925} INFO - DAG(s) 'example_short_circuit_decorator' retrieved from /home/airflow/.local/lib/python3.12/site-packages/airflow/example_dags/example_short_circuit_decorator.py
[2025-06-23T05:35:50.324+0000] {logging_mixin.py:190} INFO - [2025-06-23T05:35:50.324+0000] {dag.py:3239} INFO - Sync 1 DAGs
[2025-06-23T05:35:50.332+0000] {logging_mixin.py:190} INFO - [2025-06-23T05:35:50.332+0000] {dag.py:4180} INFO - Setting next_dagrun for example_short_circuit_decorator to None, run_after=None
[2025-06-23T05:35:50.347+0000] {processor.py:208} INFO - Processing /home/airflow/.local/lib/python3.12/site-packages/airflow/example_dags/example_short_circuit_decorator.py took 0.049 seconds
[2025-06-23T05:36:20.726+0000] {processor.py:186} INFO - Started process (PID=29746) to work on /home/airflow/.local/lib/python3.12/site-packages/airflow/example_dags/example_short_circuit_decorator.py
[2025-06-23T05:36:20.727+0000] {processor.py:914} INFO - Processing file /home/airflow/.local/lib/python3.12/site-packages/airflow/example_dags/example_short_circuit_decorator.py for tasks to queue
[2025-06-23T05:36:20.728+0000] {logging_mixin.py:190} INFO - [2025-06-23T05:36:20.728+0000] {dagbag.py:588} INFO - Filling up the DagBag from /home/airflow/.local/lib/python3.12/site-packages/airflow/example_dags/example_short_circuit_decorator.py
[2025-06-23T05:36:20.734+0000] {processor.py:925} INFO - DAG(s) 'example_short_circuit_decorator' retrieved from /home/airflow/.local/lib/python3.12/site-packages/airflow/example_dags/example_short_circuit_decorator.py
[2025-06-23T05:36:20.749+0000] {logging_mixin.py:190} INFO - [2025-06-23T05:36:20.748+0000] {dag.py:3239} INFO - Sync 1 DAGs
[2025-06-23T05:36:20.755+0000] {logging_mixin.py:190} INFO - [2025-06-23T05:36:20.755+0000] {dag.py:4180} INFO - Setting next_dagrun for example_short_circuit_decorator to None, run_after=None
[2025-06-23T05:36:20.767+0000] {processor.py:208} INFO - Processing /home/airflow/.local/lib/python3.12/site-packages/airflow/example_dags/example_short_circuit_decorator.py took 0.044 seconds
[2025-06-23T05:36:50.960+0000] {processor.py:186} INFO - Started process (PID=29824) to work on /home/airflow/.local/lib/python3.12/site-packages/airflow/example_dags/example_short_circuit_decorator.py
[2025-06-23T05:36:50.961+0000] {processor.py:914} INFO - Processing file /home/airflow/.local/lib/python3.12/site-packages/airflow/example_dags/example_short_circuit_decorator.py for tasks to queue
[2025-06-23T05:36:50.963+0000] {logging_mixin.py:190} INFO - [2025-06-23T05:36:50.962+0000] {dagbag.py:588} INFO - Filling up the DagBag from /home/airflow/.local/lib/python3.12/site-packages/airflow/example_dags/example_short_circuit_decorator.py
[2025-06-23T05:36:50.967+0000] {processor.py:925} INFO - DAG(s) 'example_short_circuit_decorator' retrieved from /home/airflow/.local/lib/python3.12/site-packages/airflow/example_dags/example_short_circuit_decorator.py
[2025-06-23T05:36:50.980+0000] {logging_mixin.py:190} INFO - [2025-06-23T05:36:50.980+0000] {dag.py:3239} INFO - Sync 1 DAGs
[2025-06-23T05:36:50.985+0000] {logging_mixin.py:190} INFO - [2025-06-23T05:36:50.985+0000] {dag.py:4180} INFO - Setting next_dagrun for example_short_circuit_decorator to None, run_after=None
[2025-06-23T05:36:50.995+0000] {processor.py:208} INFO - Processing /home/airflow/.local/lib/python3.12/site-packages/airflow/example_dags/example_short_circuit_decorator.py took 0.037 seconds
[2025-06-23T05:37:21.283+0000] {processor.py:186} INFO - Started process (PID=29902) to work on /home/airflow/.local/lib/python3.12/site-packages/airflow/example_dags/example_short_circuit_decorator.py
[2025-06-23T05:37:21.284+0000] {processor.py:914} INFO - Processing file /home/airflow/.local/lib/python3.12/site-packages/airflow/example_dags/example_short_circuit_decorator.py for tasks to queue
[2025-06-23T05:37:21.285+0000] {logging_mixin.py:190} INFO - [2025-06-23T05:37:21.285+0000] {dagbag.py:588} INFO - Filling up the DagBag from /home/airflow/.local/lib/python3.12/site-packages/airflow/example_dags/example_short_circuit_decorator.py
[2025-06-23T05:37:21.292+0000] {processor.py:925} INFO - DAG(s) 'example_short_circuit_decorator' retrieved from /home/airflow/.local/lib/python3.12/site-packages/airflow/example_dags/example_short_circuit_decorator.py
[2025-06-23T05:37:21.306+0000] {logging_mixin.py:190} INFO - [2025-06-23T05:37:21.306+0000] {dag.py:3239} INFO - Sync 1 DAGs
[2025-06-23T05:37:21.312+0000] {logging_mixin.py:190} INFO - [2025-06-23T05:37:21.312+0000] {dag.py:4180} INFO - Setting next_dagrun for example_short_circuit_decorator to None, run_after=None
[2025-06-23T05:37:21.319+0000] {processor.py:208} INFO - Processing /home/airflow/.local/lib/python3.12/site-packages/airflow/example_dags/example_short_circuit_decorator.py took 0.038 seconds
[2025-06-23T05:37:52.253+0000] {processor.py:186} INFO - Started process (PID=29980) to work on /home/airflow/.local/lib/python3.12/site-packages/airflow/example_dags/example_short_circuit_decorator.py
[2025-06-23T05:37:52.254+0000] {processor.py:914} INFO - Processing file /home/airflow/.local/lib/python3.12/site-packages/airflow/example_dags/example_short_circuit_decorator.py for tasks to queue
[2025-06-23T05:37:52.254+0000] {logging_mixin.py:190} INFO - [2025-06-23T05:37:52.254+0000] {dagbag.py:588} INFO - Filling up the DagBag from /home/airflow/.local/lib/python3.12/site-packages/airflow/example_dags/example_short_circuit_decorator.py
[2025-06-23T05:37:52.258+0000] {processor.py:925} INFO - DAG(s) 'example_short_circuit_decorator' retrieved from /home/airflow/.local/lib/python3.12/site-packages/airflow/example_dags/example_short_circuit_decorator.py
[2025-06-23T05:37:52.267+0000] {logging_mixin.py:190} INFO - [2025-06-23T05:37:52.267+0000] {dag.py:3239} INFO - Sync 1 DAGs
[2025-06-23T05:37:52.272+0000] {logging_mixin.py:190} INFO - [2025-06-23T05:37:52.272+0000] {dag.py:4180} INFO - Setting next_dagrun for example_short_circuit_decorator to None, run_after=None
[2025-06-23T05:37:52.278+0000] {processor.py:208} INFO - Processing /home/airflow/.local/lib/python3.12/site-packages/airflow/example_dags/example_short_circuit_decorator.py took 0.027 seconds
[2025-06-23T05:38:22.982+0000] {processor.py:186} INFO - Started process (PID=30058) to work on /home/airflow/.local/lib/python3.12/site-packages/airflow/example_dags/example_short_circuit_decorator.py
[2025-06-23T05:38:22.983+0000] {processor.py:914} INFO - Processing file /home/airflow/.local/lib/python3.12/site-packages/airflow/example_dags/example_short_circuit_decorator.py for tasks to queue
[2025-06-23T05:38:22.984+0000] {logging_mixin.py:190} INFO - [2025-06-23T05:38:22.983+0000] {dagbag.py:588} INFO - Filling up the DagBag from /home/airflow/.local/lib/python3.12/site-packages/airflow/example_dags/example_short_circuit_decorator.py
[2025-06-23T05:38:22.988+0000] {processor.py:925} INFO - DAG(s) 'example_short_circuit_decorator' retrieved from /home/airflow/.local/lib/python3.12/site-packages/airflow/example_dags/example_short_circuit_decorator.py
[2025-06-23T05:38:23.003+0000] {logging_mixin.py:190} INFO - [2025-06-23T05:38:23.003+0000] {dag.py:3239} INFO - Sync 1 DAGs
[2025-06-23T05:38:23.011+0000] {logging_mixin.py:190} INFO - [2025-06-23T05:38:23.011+0000] {dag.py:4180} INFO - Setting next_dagrun for example_short_circuit_decorator to None, run_after=None
[2025-06-23T05:38:23.019+0000] {processor.py:208} INFO - Processing /home/airflow/.local/lib/python3.12/site-packages/airflow/example_dags/example_short_circuit_decorator.py took 0.041 seconds
[2025-06-23T05:38:53.947+0000] {processor.py:186} INFO - Started process (PID=30136) to work on /home/airflow/.local/lib/python3.12/site-packages/airflow/example_dags/example_short_circuit_decorator.py
[2025-06-23T05:38:53.948+0000] {processor.py:914} INFO - Processing file /home/airflow/.local/lib/python3.12/site-packages/airflow/example_dags/example_short_circuit_decorator.py for tasks to queue
[2025-06-23T05:38:53.949+0000] {logging_mixin.py:190} INFO - [2025-06-23T05:38:53.949+0000] {dagbag.py:588} INFO - Filling up the DagBag from /home/airflow/.local/lib/python3.12/site-packages/airflow/example_dags/example_short_circuit_decorator.py
[2025-06-23T05:38:53.955+0000] {processor.py:925} INFO - DAG(s) 'example_short_circuit_decorator' retrieved from /home/airflow/.local/lib/python3.12/site-packages/airflow/example_dags/example_short_circuit_decorator.py
[2025-06-23T05:38:53.965+0000] {logging_mixin.py:190} INFO - [2025-06-23T05:38:53.965+0000] {dag.py:3239} INFO - Sync 1 DAGs
[2025-06-23T05:38:53.971+0000] {logging_mixin.py:190} INFO - [2025-06-23T05:38:53.971+0000] {dag.py:4180} INFO - Setting next_dagrun for example_short_circuit_decorator to None, run_after=None
[2025-06-23T05:38:53.985+0000] {processor.py:208} INFO - Processing /home/airflow/.local/lib/python3.12/site-packages/airflow/example_dags/example_short_circuit_decorator.py took 0.040 seconds
[2025-06-23T05:39:24.269+0000] {processor.py:186} INFO - Started process (PID=30214) to work on /home/airflow/.local/lib/python3.12/site-packages/airflow/example_dags/example_short_circuit_decorator.py
[2025-06-23T05:39:24.271+0000] {processor.py:914} INFO - Processing file /home/airflow/.local/lib/python3.12/site-packages/airflow/example_dags/example_short_circuit_decorator.py for tasks to queue
[2025-06-23T05:39:24.271+0000] {logging_mixin.py:190} INFO - [2025-06-23T05:39:24.271+0000] {dagbag.py:588} INFO - Filling up the DagBag from /home/airflow/.local/lib/python3.12/site-packages/airflow/example_dags/example_short_circuit_decorator.py
[2025-06-23T05:39:24.276+0000] {processor.py:925} INFO - DAG(s) 'example_short_circuit_decorator' retrieved from /home/airflow/.local/lib/python3.12/site-packages/airflow/example_dags/example_short_circuit_decorator.py
[2025-06-23T05:39:24.287+0000] {logging_mixin.py:190} INFO - [2025-06-23T05:39:24.287+0000] {dag.py:3239} INFO - Sync 1 DAGs
[2025-06-23T05:39:24.293+0000] {logging_mixin.py:190} INFO - [2025-06-23T05:39:24.293+0000] {dag.py:4180} INFO - Setting next_dagrun for example_short_circuit_decorator to None, run_after=None
[2025-06-23T05:39:24.300+0000] {processor.py:208} INFO - Processing /home/airflow/.local/lib/python3.12/site-packages/airflow/example_dags/example_short_circuit_decorator.py took 0.034 seconds
[2025-06-23T06:25:47.966+0000] {processor.py:186} INFO - Started process (PID=30268) to work on /home/airflow/.local/lib/python3.12/site-packages/airflow/example_dags/example_short_circuit_decorator.py
[2025-06-23T06:25:47.966+0000] {processor.py:914} INFO - Processing file /home/airflow/.local/lib/python3.12/site-packages/airflow/example_dags/example_short_circuit_decorator.py for tasks to queue
[2025-06-23T06:25:47.967+0000] {logging_mixin.py:190} INFO - [2025-06-23T06:25:47.967+0000] {dagbag.py:588} INFO - Filling up the DagBag from /home/airflow/.local/lib/python3.12/site-packages/airflow/example_dags/example_short_circuit_decorator.py
[2025-06-23T06:25:47.973+0000] {processor.py:925} INFO - DAG(s) 'example_short_circuit_decorator' retrieved from /home/airflow/.local/lib/python3.12/site-packages/airflow/example_dags/example_short_circuit_decorator.py
[2025-06-23T06:25:47.995+0000] {logging_mixin.py:190} INFO - [2025-06-23T06:25:47.995+0000] {dag.py:3239} INFO - Sync 1 DAGs
[2025-06-23T06:25:48.011+0000] {logging_mixin.py:190} INFO - [2025-06-23T06:25:48.010+0000] {dag.py:4180} INFO - Setting next_dagrun for example_short_circuit_decorator to None, run_after=None
[2025-06-23T06:25:48.024+0000] {processor.py:208} INFO - Processing /home/airflow/.local/lib/python3.12/site-packages/airflow/example_dags/example_short_circuit_decorator.py took 0.062 seconds
[2025-06-23T06:27:12.238+0000] {processor.py:186} INFO - Started process (PID=30346) to work on /home/airflow/.local/lib/python3.12/site-packages/airflow/example_dags/example_short_circuit_decorator.py
[2025-06-23T06:27:12.239+0000] {processor.py:914} INFO - Processing file /home/airflow/.local/lib/python3.12/site-packages/airflow/example_dags/example_short_circuit_decorator.py for tasks to queue
[2025-06-23T06:27:12.239+0000] {logging_mixin.py:190} INFO - [2025-06-23T06:27:12.239+0000] {dagbag.py:588} INFO - Filling up the DagBag from /home/airflow/.local/lib/python3.12/site-packages/airflow/example_dags/example_short_circuit_decorator.py
[2025-06-23T06:27:12.244+0000] {processor.py:925} INFO - DAG(s) 'example_short_circuit_decorator' retrieved from /home/airflow/.local/lib/python3.12/site-packages/airflow/example_dags/example_short_circuit_decorator.py
[2025-06-23T06:27:12.254+0000] {logging_mixin.py:190} INFO - [2025-06-23T06:27:12.254+0000] {dag.py:3239} INFO - Sync 1 DAGs
[2025-06-23T06:27:12.260+0000] {logging_mixin.py:190} INFO - [2025-06-23T06:27:12.260+0000] {dag.py:4180} INFO - Setting next_dagrun for example_short_circuit_decorator to None, run_after=None
[2025-06-23T06:27:12.268+0000] {processor.py:208} INFO - Processing /home/airflow/.local/lib/python3.12/site-packages/airflow/example_dags/example_short_circuit_decorator.py took 0.032 seconds
[2025-06-23T06:34:08.382+0000] {processor.py:186} INFO - Started process (PID=30424) to work on /home/airflow/.local/lib/python3.12/site-packages/airflow/example_dags/example_short_circuit_decorator.py
[2025-06-23T06:34:08.383+0000] {processor.py:914} INFO - Processing file /home/airflow/.local/lib/python3.12/site-packages/airflow/example_dags/example_short_circuit_decorator.py for tasks to queue
[2025-06-23T06:34:08.384+0000] {logging_mixin.py:190} INFO - [2025-06-23T06:34:08.384+0000] {dagbag.py:588} INFO - Filling up the DagBag from /home/airflow/.local/lib/python3.12/site-packages/airflow/example_dags/example_short_circuit_decorator.py
[2025-06-23T06:34:08.388+0000] {processor.py:925} INFO - DAG(s) 'example_short_circuit_decorator' retrieved from /home/airflow/.local/lib/python3.12/site-packages/airflow/example_dags/example_short_circuit_decorator.py
[2025-06-23T06:34:08.398+0000] {logging_mixin.py:190} INFO - [2025-06-23T06:34:08.398+0000] {dag.py:3239} INFO - Sync 1 DAGs
[2025-06-23T06:34:08.404+0000] {logging_mixin.py:190} INFO - [2025-06-23T06:34:08.404+0000] {dag.py:4180} INFO - Setting next_dagrun for example_short_circuit_decorator to None, run_after=None
[2025-06-23T06:34:08.411+0000] {processor.py:208} INFO - Processing /home/airflow/.local/lib/python3.12/site-packages/airflow/example_dags/example_short_circuit_decorator.py took 0.033 seconds
[2025-06-23T06:35:37.468+0000] {processor.py:186} INFO - Started process (PID=30502) to work on /home/airflow/.local/lib/python3.12/site-packages/airflow/example_dags/example_short_circuit_decorator.py
[2025-06-23T06:35:37.468+0000] {processor.py:914} INFO - Processing file /home/airflow/.local/lib/python3.12/site-packages/airflow/example_dags/example_short_circuit_decorator.py for tasks to queue
[2025-06-23T06:35:37.469+0000] {logging_mixin.py:190} INFO - [2025-06-23T06:35:37.469+0000] {dagbag.py:588} INFO - Filling up the DagBag from /home/airflow/.local/lib/python3.12/site-packages/airflow/example_dags/example_short_circuit_decorator.py
[2025-06-23T06:35:37.474+0000] {processor.py:925} INFO - DAG(s) 'example_short_circuit_decorator' retrieved from /home/airflow/.local/lib/python3.12/site-packages/airflow/example_dags/example_short_circuit_decorator.py
[2025-06-23T06:35:37.484+0000] {logging_mixin.py:190} INFO - [2025-06-23T06:35:37.484+0000] {dag.py:3239} INFO - Sync 1 DAGs
[2025-06-23T06:35:37.490+0000] {logging_mixin.py:190} INFO - [2025-06-23T06:35:37.490+0000] {dag.py:4180} INFO - Setting next_dagrun for example_short_circuit_decorator to None, run_after=None
[2025-06-23T06:35:37.497+0000] {processor.py:208} INFO - Processing /home/airflow/.local/lib/python3.12/site-packages/airflow/example_dags/example_short_circuit_decorator.py took 0.033 seconds
[2025-06-23T06:36:36.698+0000] {processor.py:186} INFO - Started process (PID=30580) to work on /home/airflow/.local/lib/python3.12/site-packages/airflow/example_dags/example_short_circuit_decorator.py
[2025-06-23T06:36:36.698+0000] {processor.py:914} INFO - Processing file /home/airflow/.local/lib/python3.12/site-packages/airflow/example_dags/example_short_circuit_decorator.py for tasks to queue
[2025-06-23T06:36:36.699+0000] {logging_mixin.py:190} INFO - [2025-06-23T06:36:36.699+0000] {dagbag.py:588} INFO - Filling up the DagBag from /home/airflow/.local/lib/python3.12/site-packages/airflow/example_dags/example_short_circuit_decorator.py
[2025-06-23T06:36:36.703+0000] {processor.py:925} INFO - DAG(s) 'example_short_circuit_decorator' retrieved from /home/airflow/.local/lib/python3.12/site-packages/airflow/example_dags/example_short_circuit_decorator.py
[2025-06-23T06:36:36.712+0000] {logging_mixin.py:190} INFO - [2025-06-23T06:36:36.712+0000] {dag.py:3239} INFO - Sync 1 DAGs
[2025-06-23T06:36:36.717+0000] {logging_mixin.py:190} INFO - [2025-06-23T06:36:36.717+0000] {dag.py:4180} INFO - Setting next_dagrun for example_short_circuit_decorator to None, run_after=None
[2025-06-23T06:36:36.724+0000] {processor.py:208} INFO - Processing /home/airflow/.local/lib/python3.12/site-packages/airflow/example_dags/example_short_circuit_decorator.py took 0.028 seconds
[2025-06-23T07:13:29.284+0000] {processor.py:186} INFO - Started process (PID=30658) to work on /home/airflow/.local/lib/python3.12/site-packages/airflow/example_dags/example_short_circuit_decorator.py
[2025-06-23T07:13:29.284+0000] {processor.py:914} INFO - Processing file /home/airflow/.local/lib/python3.12/site-packages/airflow/example_dags/example_short_circuit_decorator.py for tasks to queue
[2025-06-23T07:13:29.285+0000] {logging_mixin.py:190} INFO - [2025-06-23T07:13:29.285+0000] {dagbag.py:588} INFO - Filling up the DagBag from /home/airflow/.local/lib/python3.12/site-packages/airflow/example_dags/example_short_circuit_decorator.py
[2025-06-23T07:13:29.289+0000] {processor.py:925} INFO - DAG(s) 'example_short_circuit_decorator' retrieved from /home/airflow/.local/lib/python3.12/site-packages/airflow/example_dags/example_short_circuit_decorator.py
[2025-06-23T07:13:29.299+0000] {logging_mixin.py:190} INFO - [2025-06-23T07:13:29.299+0000] {dag.py:3239} INFO - Sync 1 DAGs
[2025-06-23T07:13:29.306+0000] {logging_mixin.py:190} INFO - [2025-06-23T07:13:29.306+0000] {dag.py:4180} INFO - Setting next_dagrun for example_short_circuit_decorator to None, run_after=None
[2025-06-23T07:13:29.313+0000] {processor.py:208} INFO - Processing /home/airflow/.local/lib/python3.12/site-packages/airflow/example_dags/example_short_circuit_decorator.py took 0.032 seconds
