[2025-06-23T00:35:51.382+0000] {processor.py:186} INFO - Started process (PID=28610) to work on /home/airflow/.local/lib/python3.12/site-packages/airflow/example_dags/example_params_ui_tutorial.py
[2025-06-23T00:35:51.382+0000] {processor.py:914} INFO - Processing file /home/airflow/.local/lib/python3.12/site-packages/airflow/example_dags/example_params_ui_tutorial.py for tasks to queue
[2025-06-23T00:35:51.382+0000] {logging_mixin.py:190} INFO - [2025-06-23T00:35:51.382+0000] {dagbag.py:588} INFO - Filling up the DagBag from /home/airflow/.local/lib/python3.12/site-packages/airflow/example_dags/example_params_ui_tutorial.py
[2025-06-23T00:35:51.387+0000] {processor.py:925} INFO - DAG(s) 'example_params_ui_tutorial' retrieved from /home/airflow/.local/lib/python3.12/site-packages/airflow/example_dags/example_params_ui_tutorial.py
[2025-06-23T00:35:51.448+0000] {logging_mixin.py:190} INFO - [2025-06-23T00:35:51.448+0000] {dag.py:3239} INFO - Sync 1 DAGs
[2025-06-23T00:35:51.454+0000] {logging_mixin.py:190} INFO - [2025-06-23T00:35:51.454+0000] {dag.py:4180} INFO - Setting next_dagrun for example_params_ui_tutorial to None, run_after=None
[2025-06-23T00:35:51.463+0000] {processor.py:208} INFO - Processing /home/airflow/.local/lib/python3.12/site-packages/airflow/example_dags/example_params_ui_tutorial.py took 0.084 seconds
[2025-06-23T01:36:43.164+0000] {processor.py:186} INFO - Started process (PID=28688) to work on /home/airflow/.local/lib/python3.12/site-packages/airflow/example_dags/example_params_ui_tutorial.py
[2025-06-23T01:36:43.164+0000] {processor.py:914} INFO - Processing file /home/airflow/.local/lib/python3.12/site-packages/airflow/example_dags/example_params_ui_tutorial.py for tasks to queue
[2025-06-23T01:36:43.165+0000] {logging_mixin.py:190} INFO - [2025-06-23T01:36:43.165+0000] {dagbag.py:588} INFO - Filling up the DagBag from /home/airflow/.local/lib/python3.12/site-packages/airflow/example_dags/example_params_ui_tutorial.py
[2025-06-23T01:36:43.169+0000] {processor.py:925} INFO - DAG(s) 'example_params_ui_tutorial' retrieved from /home/airflow/.local/lib/python3.12/site-packages/airflow/example_dags/example_params_ui_tutorial.py
[2025-06-23T01:36:43.188+0000] {logging_mixin.py:190} INFO - [2025-06-23T01:36:43.188+0000] {dag.py:3239} INFO - Sync 1 DAGs
[2025-06-23T01:36:43.196+0000] {logging_mixin.py:190} INFO - [2025-06-23T01:36:43.196+0000] {dag.py:4180} INFO - Setting next_dagrun for example_params_ui_tutorial to None, run_after=None
[2025-06-23T01:36:43.205+0000] {processor.py:208} INFO - Processing /home/airflow/.local/lib/python3.12/site-packages/airflow/example_dags/example_params_ui_tutorial.py took 0.044 seconds
[2025-06-23T01:37:13.807+0000] {processor.py:186} INFO - Started process (PID=28766) to work on /home/airflow/.local/lib/python3.12/site-packages/airflow/example_dags/example_params_ui_tutorial.py
[2025-06-23T01:37:13.808+0000] {processor.py:914} INFO - Processing file /home/airflow/.local/lib/python3.12/site-packages/airflow/example_dags/example_params_ui_tutorial.py for tasks to queue
[2025-06-23T01:37:13.808+0000] {logging_mixin.py:190} INFO - [2025-06-23T01:37:13.808+0000] {dagbag.py:588} INFO - Filling up the DagBag from /home/airflow/.local/lib/python3.12/site-packages/airflow/example_dags/example_params_ui_tutorial.py
[2025-06-23T01:37:13.813+0000] {processor.py:925} INFO - DAG(s) 'example_params_ui_tutorial' retrieved from /home/airflow/.local/lib/python3.12/site-packages/airflow/example_dags/example_params_ui_tutorial.py
[2025-06-23T01:37:13.830+0000] {logging_mixin.py:190} INFO - [2025-06-23T01:37:13.830+0000] {dag.py:3239} INFO - Sync 1 DAGs
[2025-06-23T01:37:13.836+0000] {logging_mixin.py:190} INFO - [2025-06-23T01:37:13.836+0000] {dag.py:4180} INFO - Setting next_dagrun for example_params_ui_tutorial to None, run_after=None
[2025-06-23T01:37:13.846+0000] {processor.py:208} INFO - Processing /home/airflow/.local/lib/python3.12/site-packages/airflow/example_dags/example_params_ui_tutorial.py took 0.042 seconds
[2025-06-23T02:28:30.854+0000] {processor.py:186} INFO - Started process (PID=28844) to work on /home/airflow/.local/lib/python3.12/site-packages/airflow/example_dags/example_params_ui_tutorial.py
[2025-06-23T02:28:30.855+0000] {processor.py:914} INFO - Processing file /home/airflow/.local/lib/python3.12/site-packages/airflow/example_dags/example_params_ui_tutorial.py for tasks to queue
[2025-06-23T02:28:30.855+0000] {logging_mixin.py:190} INFO - [2025-06-23T02:28:30.855+0000] {dagbag.py:588} INFO - Filling up the DagBag from /home/airflow/.local/lib/python3.12/site-packages/airflow/example_dags/example_params_ui_tutorial.py
[2025-06-23T02:28:30.861+0000] {processor.py:925} INFO - DAG(s) 'example_params_ui_tutorial' retrieved from /home/airflow/.local/lib/python3.12/site-packages/airflow/example_dags/example_params_ui_tutorial.py
[2025-06-23T02:28:30.884+0000] {logging_mixin.py:190} INFO - [2025-06-23T02:28:30.884+0000] {dag.py:3239} INFO - Sync 1 DAGs
[2025-06-23T02:28:30.893+0000] {logging_mixin.py:190} INFO - [2025-06-23T02:28:30.893+0000] {dag.py:4180} INFO - Setting next_dagrun for example_params_ui_tutorial to None, run_after=None
[2025-06-23T02:28:30.901+0000] {processor.py:208} INFO - Processing /home/airflow/.local/lib/python3.12/site-packages/airflow/example_dags/example_params_ui_tutorial.py took 0.050 seconds
[2025-06-23T02:38:10.495+0000] {processor.py:186} INFO - Started process (PID=28922) to work on /home/airflow/.local/lib/python3.12/site-packages/airflow/example_dags/example_params_ui_tutorial.py
[2025-06-23T02:38:10.496+0000] {processor.py:914} INFO - Processing file /home/airflow/.local/lib/python3.12/site-packages/airflow/example_dags/example_params_ui_tutorial.py for tasks to queue
[2025-06-23T02:38:10.496+0000] {logging_mixin.py:190} INFO - [2025-06-23T02:38:10.496+0000] {dagbag.py:588} INFO - Filling up the DagBag from /home/airflow/.local/lib/python3.12/site-packages/airflow/example_dags/example_params_ui_tutorial.py
[2025-06-23T02:38:10.501+0000] {processor.py:925} INFO - DAG(s) 'example_params_ui_tutorial' retrieved from /home/airflow/.local/lib/python3.12/site-packages/airflow/example_dags/example_params_ui_tutorial.py
[2025-06-23T02:38:10.516+0000] {logging_mixin.py:190} INFO - [2025-06-23T02:38:10.516+0000] {dag.py:3239} INFO - Sync 1 DAGs
[2025-06-23T02:38:10.522+0000] {logging_mixin.py:190} INFO - [2025-06-23T02:38:10.522+0000] {dag.py:4180} INFO - Setting next_dagrun for example_params_ui_tutorial to None, run_after=None
[2025-06-23T02:38:10.531+0000] {processor.py:208} INFO - Processing /home/airflow/.local/lib/python3.12/site-packages/airflow/example_dags/example_params_ui_tutorial.py took 0.038 seconds
[2025-06-23T03:10:47.603+0000] {processor.py:186} INFO - Started process (PID=29000) to work on /home/airflow/.local/lib/python3.12/site-packages/airflow/example_dags/example_params_ui_tutorial.py
[2025-06-23T03:10:47.605+0000] {processor.py:914} INFO - Processing file /home/airflow/.local/lib/python3.12/site-packages/airflow/example_dags/example_params_ui_tutorial.py for tasks to queue
[2025-06-23T03:10:47.606+0000] {logging_mixin.py:190} INFO - [2025-06-23T03:10:47.606+0000] {dagbag.py:588} INFO - Filling up the DagBag from /home/airflow/.local/lib/python3.12/site-packages/airflow/example_dags/example_params_ui_tutorial.py
[2025-06-23T03:10:47.617+0000] {processor.py:925} INFO - DAG(s) 'example_params_ui_tutorial' retrieved from /home/airflow/.local/lib/python3.12/site-packages/airflow/example_dags/example_params_ui_tutorial.py
[2025-06-23T03:10:47.670+0000] {logging_mixin.py:190} INFO - [2025-06-23T03:10:47.670+0000] {dag.py:3239} INFO - Sync 1 DAGs
[2025-06-23T03:10:47.688+0000] {logging_mixin.py:190} INFO - [2025-06-23T03:10:47.687+0000] {dag.py:4180} INFO - Setting next_dagrun for example_params_ui_tutorial to None, run_after=None
[2025-06-23T03:10:47.712+0000] {processor.py:208} INFO - Processing /home/airflow/.local/lib/python3.12/site-packages/airflow/example_dags/example_params_ui_tutorial.py took 0.116 seconds
[2025-06-23T03:38:55.976+0000] {processor.py:186} INFO - Started process (PID=29078) to work on /home/airflow/.local/lib/python3.12/site-packages/airflow/example_dags/example_params_ui_tutorial.py
[2025-06-23T03:38:55.979+0000] {processor.py:914} INFO - Processing file /home/airflow/.local/lib/python3.12/site-packages/airflow/example_dags/example_params_ui_tutorial.py for tasks to queue
[2025-06-23T03:38:55.979+0000] {logging_mixin.py:190} INFO - [2025-06-23T03:38:55.979+0000] {dagbag.py:588} INFO - Filling up the DagBag from /home/airflow/.local/lib/python3.12/site-packages/airflow/example_dags/example_params_ui_tutorial.py
[2025-06-23T03:38:55.984+0000] {processor.py:925} INFO - DAG(s) 'example_params_ui_tutorial' retrieved from /home/airflow/.local/lib/python3.12/site-packages/airflow/example_dags/example_params_ui_tutorial.py
[2025-06-23T03:38:56.001+0000] {logging_mixin.py:190} INFO - [2025-06-23T03:38:56.001+0000] {dag.py:3239} INFO - Sync 1 DAGs
[2025-06-23T03:38:56.008+0000] {logging_mixin.py:190} INFO - [2025-06-23T03:38:56.008+0000] {dag.py:4180} INFO - Setting next_dagrun for example_params_ui_tutorial to None, run_after=None
[2025-06-23T03:38:56.014+0000] {processor.py:208} INFO - Processing /home/airflow/.local/lib/python3.12/site-packages/airflow/example_dags/example_params_ui_tutorial.py took 0.041 seconds
[2025-06-23T04:39:48.340+0000] {processor.py:186} INFO - Started process (PID=29156) to work on /home/airflow/.local/lib/python3.12/site-packages/airflow/example_dags/example_params_ui_tutorial.py
[2025-06-23T04:39:48.342+0000] {processor.py:914} INFO - Processing file /home/airflow/.local/lib/python3.12/site-packages/airflow/example_dags/example_params_ui_tutorial.py for tasks to queue
[2025-06-23T04:39:48.344+0000] {logging_mixin.py:190} INFO - [2025-06-23T04:39:48.342+0000] {dagbag.py:588} INFO - Filling up the DagBag from /home/airflow/.local/lib/python3.12/site-packages/airflow/example_dags/example_params_ui_tutorial.py
[2025-06-23T04:39:48.348+0000] {processor.py:925} INFO - DAG(s) 'example_params_ui_tutorial' retrieved from /home/airflow/.local/lib/python3.12/site-packages/airflow/example_dags/example_params_ui_tutorial.py
[2025-06-23T04:39:48.369+0000] {logging_mixin.py:190} INFO - [2025-06-23T04:39:48.369+0000] {dag.py:3239} INFO - Sync 1 DAGs
[2025-06-23T04:39:48.375+0000] {logging_mixin.py:190} INFO - [2025-06-23T04:39:48.374+0000] {dag.py:4180} INFO - Setting next_dagrun for example_params_ui_tutorial to None, run_after=None
[2025-06-23T04:39:48.381+0000] {processor.py:208} INFO - Processing /home/airflow/.local/lib/python3.12/site-packages/airflow/example_dags/example_params_ui_tutorial.py took 0.044 seconds
[2025-06-23T05:32:42.957+0000] {processor.py:186} INFO - Started process (PID=29234) to work on /home/airflow/.local/lib/python3.12/site-packages/airflow/example_dags/example_params_ui_tutorial.py
[2025-06-23T05:32:42.957+0000] {processor.py:914} INFO - Processing file /home/airflow/.local/lib/python3.12/site-packages/airflow/example_dags/example_params_ui_tutorial.py for tasks to queue
[2025-06-23T05:32:42.958+0000] {logging_mixin.py:190} INFO - [2025-06-23T05:32:42.958+0000] {dagbag.py:588} INFO - Filling up the DagBag from /home/airflow/.local/lib/python3.12/site-packages/airflow/example_dags/example_params_ui_tutorial.py
[2025-06-23T05:32:42.962+0000] {processor.py:925} INFO - DAG(s) 'example_params_ui_tutorial' retrieved from /home/airflow/.local/lib/python3.12/site-packages/airflow/example_dags/example_params_ui_tutorial.py
[2025-06-23T05:32:42.980+0000] {logging_mixin.py:190} INFO - [2025-06-23T05:32:42.980+0000] {dag.py:3239} INFO - Sync 1 DAGs
[2025-06-23T05:32:42.989+0000] {logging_mixin.py:190} INFO - [2025-06-23T05:32:42.989+0000] {dag.py:4180} INFO - Setting next_dagrun for example_params_ui_tutorial to None, run_after=None
[2025-06-23T05:32:43.003+0000] {processor.py:208} INFO - Processing /home/airflow/.local/lib/python3.12/site-packages/airflow/example_dags/example_params_ui_tutorial.py took 0.050 seconds
[2025-06-23T05:33:13.552+0000] {processor.py:186} INFO - Started process (PID=29312) to work on /home/airflow/.local/lib/python3.12/site-packages/airflow/example_dags/example_params_ui_tutorial.py
[2025-06-23T05:33:13.553+0000] {processor.py:914} INFO - Processing file /home/airflow/.local/lib/python3.12/site-packages/airflow/example_dags/example_params_ui_tutorial.py for tasks to queue
[2025-06-23T05:33:13.554+0000] {logging_mixin.py:190} INFO - [2025-06-23T05:33:13.554+0000] {dagbag.py:588} INFO - Filling up the DagBag from /home/airflow/.local/lib/python3.12/site-packages/airflow/example_dags/example_params_ui_tutorial.py
[2025-06-23T05:33:13.559+0000] {processor.py:925} INFO - DAG(s) 'example_params_ui_tutorial' retrieved from /home/airflow/.local/lib/python3.12/site-packages/airflow/example_dags/example_params_ui_tutorial.py
[2025-06-23T05:33:13.577+0000] {logging_mixin.py:190} INFO - [2025-06-23T05:33:13.577+0000] {dag.py:3239} INFO - Sync 1 DAGs
[2025-06-23T05:33:13.583+0000] {logging_mixin.py:190} INFO - [2025-06-23T05:33:13.583+0000] {dag.py:4180} INFO - Setting next_dagrun for example_params_ui_tutorial to None, run_after=None
[2025-06-23T05:33:13.595+0000] {processor.py:208} INFO - Processing /home/airflow/.local/lib/python3.12/site-packages/airflow/example_dags/example_params_ui_tutorial.py took 0.045 seconds
[2025-06-23T05:33:46.289+0000] {processor.py:186} INFO - Started process (PID=29390) to work on /home/airflow/.local/lib/python3.12/site-packages/airflow/example_dags/example_params_ui_tutorial.py
[2025-06-23T05:33:46.291+0000] {processor.py:914} INFO - Processing file /home/airflow/.local/lib/python3.12/site-packages/airflow/example_dags/example_params_ui_tutorial.py for tasks to queue
[2025-06-23T05:33:46.293+0000] {logging_mixin.py:190} INFO - [2025-06-23T05:33:46.293+0000] {dagbag.py:588} INFO - Filling up the DagBag from /home/airflow/.local/lib/python3.12/site-packages/airflow/example_dags/example_params_ui_tutorial.py
[2025-06-23T05:33:46.305+0000] {processor.py:925} INFO - DAG(s) 'example_params_ui_tutorial' retrieved from /home/airflow/.local/lib/python3.12/site-packages/airflow/example_dags/example_params_ui_tutorial.py
[2025-06-23T05:33:46.356+0000] {logging_mixin.py:190} INFO - [2025-06-23T05:33:46.356+0000] {dag.py:3239} INFO - Sync 1 DAGs
[2025-06-23T05:33:46.371+0000] {logging_mixin.py:190} INFO - [2025-06-23T05:33:46.371+0000] {dag.py:4180} INFO - Setting next_dagrun for example_params_ui_tutorial to None, run_after=None
[2025-06-23T05:33:46.394+0000] {processor.py:208} INFO - Processing /home/airflow/.local/lib/python3.12/site-packages/airflow/example_dags/example_params_ui_tutorial.py took 0.116 seconds
[2025-06-23T05:34:37.625+0000] {processor.py:186} INFO - Started process (PID=29474) to work on /home/airflow/.local/lib/python3.12/site-packages/airflow/example_dags/example_params_ui_tutorial.py
[2025-06-23T05:34:37.664+0000] {processor.py:914} INFO - Processing file /home/airflow/.local/lib/python3.12/site-packages/airflow/example_dags/example_params_ui_tutorial.py for tasks to queue
[2025-06-23T05:34:37.671+0000] {logging_mixin.py:190} INFO - [2025-06-23T05:34:37.669+0000] {dagbag.py:588} INFO - Filling up the DagBag from /home/airflow/.local/lib/python3.12/site-packages/airflow/example_dags/example_params_ui_tutorial.py
[2025-06-23T05:34:37.715+0000] {processor.py:925} INFO - DAG(s) 'example_params_ui_tutorial' retrieved from /home/airflow/.local/lib/python3.12/site-packages/airflow/example_dags/example_params_ui_tutorial.py
[2025-06-23T05:34:37.868+0000] {logging_mixin.py:190} INFO - [2025-06-23T05:34:37.867+0000] {dag.py:3239} INFO - Sync 1 DAGs
[2025-06-23T05:34:37.910+0000] {logging_mixin.py:190} INFO - [2025-06-23T05:34:37.910+0000] {dag.py:4180} INFO - Setting next_dagrun for example_params_ui_tutorial to None, run_after=None
[2025-06-23T05:34:37.995+0000] {processor.py:208} INFO - Processing /home/airflow/.local/lib/python3.12/site-packages/airflow/example_dags/example_params_ui_tutorial.py took 0.396 seconds
[2025-06-23T05:35:09.486+0000] {processor.py:186} INFO - Started process (PID=29552) to work on /home/airflow/.local/lib/python3.12/site-packages/airflow/example_dags/example_params_ui_tutorial.py
[2025-06-23T05:35:09.522+0000] {processor.py:914} INFO - Processing file /home/airflow/.local/lib/python3.12/site-packages/airflow/example_dags/example_params_ui_tutorial.py for tasks to queue
[2025-06-23T05:35:09.530+0000] {logging_mixin.py:190} INFO - [2025-06-23T05:35:09.529+0000] {dagbag.py:588} INFO - Filling up the DagBag from /home/airflow/.local/lib/python3.12/site-packages/airflow/example_dags/example_params_ui_tutorial.py
[2025-06-23T05:35:09.586+0000] {processor.py:925} INFO - DAG(s) 'example_params_ui_tutorial' retrieved from /home/airflow/.local/lib/python3.12/site-packages/airflow/example_dags/example_params_ui_tutorial.py
[2025-06-23T05:35:09.757+0000] {logging_mixin.py:190} INFO - [2025-06-23T05:35:09.756+0000] {dag.py:3239} INFO - Sync 1 DAGs
[2025-06-23T05:35:09.861+0000] {logging_mixin.py:190} INFO - [2025-06-23T05:35:09.859+0000] {dag.py:4180} INFO - Setting next_dagrun for example_params_ui_tutorial to None, run_after=None
[2025-06-23T05:35:09.951+0000] {processor.py:208} INFO - Processing /home/airflow/.local/lib/python3.12/site-packages/airflow/example_dags/example_params_ui_tutorial.py took 0.535 seconds
[2025-06-23T05:35:40.753+0000] {processor.py:186} INFO - Started process (PID=29630) to work on /home/airflow/.local/lib/python3.12/site-packages/airflow/example_dags/example_params_ui_tutorial.py
[2025-06-23T05:35:40.755+0000] {processor.py:914} INFO - Processing file /home/airflow/.local/lib/python3.12/site-packages/airflow/example_dags/example_params_ui_tutorial.py for tasks to queue
[2025-06-23T05:35:40.756+0000] {logging_mixin.py:190} INFO - [2025-06-23T05:35:40.756+0000] {dagbag.py:588} INFO - Filling up the DagBag from /home/airflow/.local/lib/python3.12/site-packages/airflow/example_dags/example_params_ui_tutorial.py
[2025-06-23T05:35:40.766+0000] {processor.py:925} INFO - DAG(s) 'example_params_ui_tutorial' retrieved from /home/airflow/.local/lib/python3.12/site-packages/airflow/example_dags/example_params_ui_tutorial.py
[2025-06-23T05:35:40.801+0000] {logging_mixin.py:190} INFO - [2025-06-23T05:35:40.801+0000] {dag.py:3239} INFO - Sync 1 DAGs
[2025-06-23T05:35:40.810+0000] {logging_mixin.py:190} INFO - [2025-06-23T05:35:40.810+0000] {dag.py:4180} INFO - Setting next_dagrun for example_params_ui_tutorial to None, run_after=None
[2025-06-23T05:35:40.829+0000] {processor.py:208} INFO - Processing /home/airflow/.local/lib/python3.12/site-packages/airflow/example_dags/example_params_ui_tutorial.py took 0.082 seconds
[2025-06-23T05:36:11.440+0000] {processor.py:186} INFO - Started process (PID=29708) to work on /home/airflow/.local/lib/python3.12/site-packages/airflow/example_dags/example_params_ui_tutorial.py
[2025-06-23T05:36:11.444+0000] {processor.py:914} INFO - Processing file /home/airflow/.local/lib/python3.12/site-packages/airflow/example_dags/example_params_ui_tutorial.py for tasks to queue
[2025-06-23T05:36:11.445+0000] {logging_mixin.py:190} INFO - [2025-06-23T05:36:11.445+0000] {dagbag.py:588} INFO - Filling up the DagBag from /home/airflow/.local/lib/python3.12/site-packages/airflow/example_dags/example_params_ui_tutorial.py
[2025-06-23T05:36:11.454+0000] {processor.py:925} INFO - DAG(s) 'example_params_ui_tutorial' retrieved from /home/airflow/.local/lib/python3.12/site-packages/airflow/example_dags/example_params_ui_tutorial.py
[2025-06-23T05:36:11.479+0000] {logging_mixin.py:190} INFO - [2025-06-23T05:36:11.479+0000] {dag.py:3239} INFO - Sync 1 DAGs
[2025-06-23T05:36:11.486+0000] {logging_mixin.py:190} INFO - [2025-06-23T05:36:11.485+0000] {dag.py:4180} INFO - Setting next_dagrun for example_params_ui_tutorial to None, run_after=None
[2025-06-23T05:36:11.497+0000] {processor.py:208} INFO - Processing /home/airflow/.local/lib/python3.12/site-packages/airflow/example_dags/example_params_ui_tutorial.py took 0.063 seconds
[2025-06-23T05:36:41.614+0000] {processor.py:186} INFO - Started process (PID=29786) to work on /home/airflow/.local/lib/python3.12/site-packages/airflow/example_dags/example_params_ui_tutorial.py
[2025-06-23T05:36:41.614+0000] {processor.py:914} INFO - Processing file /home/airflow/.local/lib/python3.12/site-packages/airflow/example_dags/example_params_ui_tutorial.py for tasks to queue
[2025-06-23T05:36:41.615+0000] {logging_mixin.py:190} INFO - [2025-06-23T05:36:41.615+0000] {dagbag.py:588} INFO - Filling up the DagBag from /home/airflow/.local/lib/python3.12/site-packages/airflow/example_dags/example_params_ui_tutorial.py
[2025-06-23T05:36:41.622+0000] {processor.py:925} INFO - DAG(s) 'example_params_ui_tutorial' retrieved from /home/airflow/.local/lib/python3.12/site-packages/airflow/example_dags/example_params_ui_tutorial.py
[2025-06-23T05:36:41.641+0000] {logging_mixin.py:190} INFO - [2025-06-23T05:36:41.641+0000] {dag.py:3239} INFO - Sync 1 DAGs
[2025-06-23T05:36:41.647+0000] {logging_mixin.py:190} INFO - [2025-06-23T05:36:41.647+0000] {dag.py:4180} INFO - Setting next_dagrun for example_params_ui_tutorial to None, run_after=None
[2025-06-23T05:36:41.655+0000] {processor.py:208} INFO - Processing /home/airflow/.local/lib/python3.12/site-packages/airflow/example_dags/example_params_ui_tutorial.py took 0.044 seconds
[2025-06-23T05:37:11.961+0000] {processor.py:186} INFO - Started process (PID=29864) to work on /home/airflow/.local/lib/python3.12/site-packages/airflow/example_dags/example_params_ui_tutorial.py
[2025-06-23T05:37:11.962+0000] {processor.py:914} INFO - Processing file /home/airflow/.local/lib/python3.12/site-packages/airflow/example_dags/example_params_ui_tutorial.py for tasks to queue
[2025-06-23T05:37:11.962+0000] {logging_mixin.py:190} INFO - [2025-06-23T05:37:11.962+0000] {dagbag.py:588} INFO - Filling up the DagBag from /home/airflow/.local/lib/python3.12/site-packages/airflow/example_dags/example_params_ui_tutorial.py
[2025-06-23T05:37:11.968+0000] {processor.py:925} INFO - DAG(s) 'example_params_ui_tutorial' retrieved from /home/airflow/.local/lib/python3.12/site-packages/airflow/example_dags/example_params_ui_tutorial.py
[2025-06-23T05:37:11.991+0000] {logging_mixin.py:190} INFO - [2025-06-23T05:37:11.991+0000] {dag.py:3239} INFO - Sync 1 DAGs
[2025-06-23T05:37:12.001+0000] {logging_mixin.py:190} INFO - [2025-06-23T05:37:12.001+0000] {dag.py:4180} INFO - Setting next_dagrun for example_params_ui_tutorial to None, run_after=None
[2025-06-23T05:37:12.012+0000] {processor.py:208} INFO - Processing /home/airflow/.local/lib/python3.12/site-packages/airflow/example_dags/example_params_ui_tutorial.py took 0.055 seconds
[2025-06-23T05:37:42.072+0000] {processor.py:186} INFO - Started process (PID=29942) to work on /home/airflow/.local/lib/python3.12/site-packages/airflow/example_dags/example_params_ui_tutorial.py
[2025-06-23T05:37:42.073+0000] {processor.py:914} INFO - Processing file /home/airflow/.local/lib/python3.12/site-packages/airflow/example_dags/example_params_ui_tutorial.py for tasks to queue
[2025-06-23T05:37:42.074+0000] {logging_mixin.py:190} INFO - [2025-06-23T05:37:42.073+0000] {dagbag.py:588} INFO - Filling up the DagBag from /home/airflow/.local/lib/python3.12/site-packages/airflow/example_dags/example_params_ui_tutorial.py
[2025-06-23T05:37:42.080+0000] {processor.py:925} INFO - DAG(s) 'example_params_ui_tutorial' retrieved from /home/airflow/.local/lib/python3.12/site-packages/airflow/example_dags/example_params_ui_tutorial.py
[2025-06-23T05:37:42.105+0000] {logging_mixin.py:190} INFO - [2025-06-23T05:37:42.105+0000] {dag.py:3239} INFO - Sync 1 DAGs
[2025-06-23T05:37:42.113+0000] {logging_mixin.py:190} INFO - [2025-06-23T05:37:42.113+0000] {dag.py:4180} INFO - Setting next_dagrun for example_params_ui_tutorial to None, run_after=None
[2025-06-23T05:37:42.121+0000] {processor.py:208} INFO - Processing /home/airflow/.local/lib/python3.12/site-packages/airflow/example_dags/example_params_ui_tutorial.py took 0.053 seconds
[2025-06-23T05:38:12.329+0000] {processor.py:186} INFO - Started process (PID=30019) to work on /home/airflow/.local/lib/python3.12/site-packages/airflow/example_dags/example_params_ui_tutorial.py
[2025-06-23T05:38:12.337+0000] {processor.py:914} INFO - Processing file /home/airflow/.local/lib/python3.12/site-packages/airflow/example_dags/example_params_ui_tutorial.py for tasks to queue
[2025-06-23T05:38:12.338+0000] {logging_mixin.py:190} INFO - [2025-06-23T05:38:12.338+0000] {dagbag.py:588} INFO - Filling up the DagBag from /home/airflow/.local/lib/python3.12/site-packages/airflow/example_dags/example_params_ui_tutorial.py
[2025-06-23T05:38:12.348+0000] {processor.py:925} INFO - DAG(s) 'example_params_ui_tutorial' retrieved from /home/airflow/.local/lib/python3.12/site-packages/airflow/example_dags/example_params_ui_tutorial.py
[2025-06-23T05:38:12.381+0000] {logging_mixin.py:190} INFO - [2025-06-23T05:38:12.381+0000] {dag.py:3239} INFO - Sync 1 DAGs
[2025-06-23T05:38:12.391+0000] {logging_mixin.py:190} INFO - [2025-06-23T05:38:12.391+0000] {dag.py:4180} INFO - Setting next_dagrun for example_params_ui_tutorial to None, run_after=None
[2025-06-23T05:38:12.403+0000] {processor.py:208} INFO - Processing /home/airflow/.local/lib/python3.12/site-packages/airflow/example_dags/example_params_ui_tutorial.py took 0.081 seconds
[2025-06-23T05:38:42.778+0000] {processor.py:186} INFO - Started process (PID=30097) to work on /home/airflow/.local/lib/python3.12/site-packages/airflow/example_dags/example_params_ui_tutorial.py
[2025-06-23T05:38:42.782+0000] {processor.py:914} INFO - Processing file /home/airflow/.local/lib/python3.12/site-packages/airflow/example_dags/example_params_ui_tutorial.py for tasks to queue
[2025-06-23T05:38:42.783+0000] {logging_mixin.py:190} INFO - [2025-06-23T05:38:42.783+0000] {dagbag.py:588} INFO - Filling up the DagBag from /home/airflow/.local/lib/python3.12/site-packages/airflow/example_dags/example_params_ui_tutorial.py
[2025-06-23T05:38:42.790+0000] {processor.py:925} INFO - DAG(s) 'example_params_ui_tutorial' retrieved from /home/airflow/.local/lib/python3.12/site-packages/airflow/example_dags/example_params_ui_tutorial.py
[2025-06-23T05:38:42.813+0000] {logging_mixin.py:190} INFO - [2025-06-23T05:38:42.813+0000] {dag.py:3239} INFO - Sync 1 DAGs
[2025-06-23T05:38:42.821+0000] {logging_mixin.py:190} INFO - [2025-06-23T05:38:42.821+0000] {dag.py:4180} INFO - Setting next_dagrun for example_params_ui_tutorial to None, run_after=None
[2025-06-23T05:38:42.832+0000] {processor.py:208} INFO - Processing /home/airflow/.local/lib/python3.12/site-packages/airflow/example_dags/example_params_ui_tutorial.py took 0.061 seconds
[2025-06-23T05:39:13.582+0000] {processor.py:186} INFO - Started process (PID=30176) to work on /home/airflow/.local/lib/python3.12/site-packages/airflow/example_dags/example_params_ui_tutorial.py
[2025-06-23T05:39:13.583+0000] {processor.py:914} INFO - Processing file /home/airflow/.local/lib/python3.12/site-packages/airflow/example_dags/example_params_ui_tutorial.py for tasks to queue
[2025-06-23T05:39:13.585+0000] {logging_mixin.py:190} INFO - [2025-06-23T05:39:13.585+0000] {dagbag.py:588} INFO - Filling up the DagBag from /home/airflow/.local/lib/python3.12/site-packages/airflow/example_dags/example_params_ui_tutorial.py
[2025-06-23T05:39:13.594+0000] {processor.py:925} INFO - DAG(s) 'example_params_ui_tutorial' retrieved from /home/airflow/.local/lib/python3.12/site-packages/airflow/example_dags/example_params_ui_tutorial.py
[2025-06-23T05:39:13.627+0000] {logging_mixin.py:190} INFO - [2025-06-23T05:39:13.627+0000] {dag.py:3239} INFO - Sync 1 DAGs
[2025-06-23T05:39:13.638+0000] {logging_mixin.py:190} INFO - [2025-06-23T05:39:13.638+0000] {dag.py:4180} INFO - Setting next_dagrun for example_params_ui_tutorial to None, run_after=None
[2025-06-23T05:39:13.652+0000] {processor.py:208} INFO - Processing /home/airflow/.local/lib/python3.12/site-packages/airflow/example_dags/example_params_ui_tutorial.py took 0.078 seconds
[2025-06-23T06:25:49.587+0000] {processor.py:186} INFO - Started process (PID=30301) to work on /home/airflow/.local/lib/python3.12/site-packages/airflow/example_dags/example_params_ui_tutorial.py
[2025-06-23T06:25:49.587+0000] {processor.py:914} INFO - Processing file /home/airflow/.local/lib/python3.12/site-packages/airflow/example_dags/example_params_ui_tutorial.py for tasks to queue
[2025-06-23T06:25:49.589+0000] {logging_mixin.py:190} INFO - [2025-06-23T06:25:49.589+0000] {dagbag.py:588} INFO - Filling up the DagBag from /home/airflow/.local/lib/python3.12/site-packages/airflow/example_dags/example_params_ui_tutorial.py
[2025-06-23T06:25:49.593+0000] {processor.py:925} INFO - DAG(s) 'example_params_ui_tutorial' retrieved from /home/airflow/.local/lib/python3.12/site-packages/airflow/example_dags/example_params_ui_tutorial.py
[2025-06-23T06:25:49.613+0000] {logging_mixin.py:190} INFO - [2025-06-23T06:25:49.613+0000] {dag.py:3239} INFO - Sync 1 DAGs
[2025-06-23T06:25:49.620+0000] {logging_mixin.py:190} INFO - [2025-06-23T06:25:49.620+0000] {dag.py:4180} INFO - Setting next_dagrun for example_params_ui_tutorial to None, run_after=None
[2025-06-23T06:25:49.627+0000] {processor.py:208} INFO - Processing /home/airflow/.local/lib/python3.12/site-packages/airflow/example_dags/example_params_ui_tutorial.py took 0.043 seconds
[2025-06-23T06:27:13.646+0000] {processor.py:186} INFO - Started process (PID=30379) to work on /home/airflow/.local/lib/python3.12/site-packages/airflow/example_dags/example_params_ui_tutorial.py
[2025-06-23T06:27:13.646+0000] {processor.py:914} INFO - Processing file /home/airflow/.local/lib/python3.12/site-packages/airflow/example_dags/example_params_ui_tutorial.py for tasks to queue
[2025-06-23T06:27:13.647+0000] {logging_mixin.py:190} INFO - [2025-06-23T06:27:13.646+0000] {dagbag.py:588} INFO - Filling up the DagBag from /home/airflow/.local/lib/python3.12/site-packages/airflow/example_dags/example_params_ui_tutorial.py
[2025-06-23T06:27:13.650+0000] {processor.py:925} INFO - DAG(s) 'example_params_ui_tutorial' retrieved from /home/airflow/.local/lib/python3.12/site-packages/airflow/example_dags/example_params_ui_tutorial.py
[2025-06-23T06:27:13.664+0000] {logging_mixin.py:190} INFO - [2025-06-23T06:27:13.664+0000] {dag.py:3239} INFO - Sync 1 DAGs
[2025-06-23T06:27:13.670+0000] {logging_mixin.py:190} INFO - [2025-06-23T06:27:13.669+0000] {dag.py:4180} INFO - Setting next_dagrun for example_params_ui_tutorial to None, run_after=None
[2025-06-23T06:27:13.675+0000] {processor.py:208} INFO - Processing /home/airflow/.local/lib/python3.12/site-packages/airflow/example_dags/example_params_ui_tutorial.py took 0.032 seconds
[2025-06-23T06:34:09.743+0000] {processor.py:186} INFO - Started process (PID=30457) to work on /home/airflow/.local/lib/python3.12/site-packages/airflow/example_dags/example_params_ui_tutorial.py
[2025-06-23T06:34:09.744+0000] {processor.py:914} INFO - Processing file /home/airflow/.local/lib/python3.12/site-packages/airflow/example_dags/example_params_ui_tutorial.py for tasks to queue
[2025-06-23T06:34:09.745+0000] {logging_mixin.py:190} INFO - [2025-06-23T06:34:09.744+0000] {dagbag.py:588} INFO - Filling up the DagBag from /home/airflow/.local/lib/python3.12/site-packages/airflow/example_dags/example_params_ui_tutorial.py
[2025-06-23T06:34:09.750+0000] {processor.py:925} INFO - DAG(s) 'example_params_ui_tutorial' retrieved from /home/airflow/.local/lib/python3.12/site-packages/airflow/example_dags/example_params_ui_tutorial.py
[2025-06-23T06:34:09.768+0000] {logging_mixin.py:190} INFO - [2025-06-23T06:34:09.768+0000] {dag.py:3239} INFO - Sync 1 DAGs
[2025-06-23T06:34:09.773+0000] {logging_mixin.py:190} INFO - [2025-06-23T06:34:09.773+0000] {dag.py:4180} INFO - Setting next_dagrun for example_params_ui_tutorial to None, run_after=None
[2025-06-23T06:34:09.779+0000] {processor.py:208} INFO - Processing /home/airflow/.local/lib/python3.12/site-packages/airflow/example_dags/example_params_ui_tutorial.py took 0.038 seconds
[2025-06-23T06:35:38.820+0000] {processor.py:186} INFO - Started process (PID=30535) to work on /home/airflow/.local/lib/python3.12/site-packages/airflow/example_dags/example_params_ui_tutorial.py
[2025-06-23T06:35:38.820+0000] {processor.py:914} INFO - Processing file /home/airflow/.local/lib/python3.12/site-packages/airflow/example_dags/example_params_ui_tutorial.py for tasks to queue
[2025-06-23T06:35:38.820+0000] {logging_mixin.py:190} INFO - [2025-06-23T06:35:38.820+0000] {dagbag.py:588} INFO - Filling up the DagBag from /home/airflow/.local/lib/python3.12/site-packages/airflow/example_dags/example_params_ui_tutorial.py
[2025-06-23T06:35:38.825+0000] {processor.py:925} INFO - DAG(s) 'example_params_ui_tutorial' retrieved from /home/airflow/.local/lib/python3.12/site-packages/airflow/example_dags/example_params_ui_tutorial.py
[2025-06-23T06:35:38.842+0000] {logging_mixin.py:190} INFO - [2025-06-23T06:35:38.842+0000] {dag.py:3239} INFO - Sync 1 DAGs
[2025-06-23T06:35:38.847+0000] {logging_mixin.py:190} INFO - [2025-06-23T06:35:38.847+0000] {dag.py:4180} INFO - Setting next_dagrun for example_params_ui_tutorial to None, run_after=None
[2025-06-23T06:35:38.855+0000] {processor.py:208} INFO - Processing /home/airflow/.local/lib/python3.12/site-packages/airflow/example_dags/example_params_ui_tutorial.py took 0.038 seconds
[2025-06-23T06:36:38.873+0000] {processor.py:186} INFO - Started process (PID=30613) to work on /home/airflow/.local/lib/python3.12/site-packages/airflow/example_dags/example_params_ui_tutorial.py
[2025-06-23T06:36:38.875+0000] {processor.py:914} INFO - Processing file /home/airflow/.local/lib/python3.12/site-packages/airflow/example_dags/example_params_ui_tutorial.py for tasks to queue
[2025-06-23T06:36:38.876+0000] {logging_mixin.py:190} INFO - [2025-06-23T06:36:38.875+0000] {dagbag.py:588} INFO - Filling up the DagBag from /home/airflow/.local/lib/python3.12/site-packages/airflow/example_dags/example_params_ui_tutorial.py
[2025-06-23T06:36:38.880+0000] {processor.py:925} INFO - DAG(s) 'example_params_ui_tutorial' retrieved from /home/airflow/.local/lib/python3.12/site-packages/airflow/example_dags/example_params_ui_tutorial.py
[2025-06-23T06:36:38.902+0000] {logging_mixin.py:190} INFO - [2025-06-23T06:36:38.902+0000] {dag.py:3239} INFO - Sync 1 DAGs
[2025-06-23T06:36:38.912+0000] {logging_mixin.py:190} INFO - [2025-06-23T06:36:38.911+0000] {dag.py:4180} INFO - Setting next_dagrun for example_params_ui_tutorial to None, run_after=None
[2025-06-23T06:36:38.923+0000] {processor.py:208} INFO - Processing /home/airflow/.local/lib/python3.12/site-packages/airflow/example_dags/example_params_ui_tutorial.py took 0.052 seconds
[2025-06-23T07:13:30.731+0000] {processor.py:186} INFO - Started process (PID=30691) to work on /home/airflow/.local/lib/python3.12/site-packages/airflow/example_dags/example_params_ui_tutorial.py
[2025-06-23T07:13:30.733+0000] {processor.py:914} INFO - Processing file /home/airflow/.local/lib/python3.12/site-packages/airflow/example_dags/example_params_ui_tutorial.py for tasks to queue
[2025-06-23T07:13:30.733+0000] {logging_mixin.py:190} INFO - [2025-06-23T07:13:30.733+0000] {dagbag.py:588} INFO - Filling up the DagBag from /home/airflow/.local/lib/python3.12/site-packages/airflow/example_dags/example_params_ui_tutorial.py
[2025-06-23T07:13:30.738+0000] {processor.py:925} INFO - DAG(s) 'example_params_ui_tutorial' retrieved from /home/airflow/.local/lib/python3.12/site-packages/airflow/example_dags/example_params_ui_tutorial.py
[2025-06-23T07:13:30.756+0000] {logging_mixin.py:190} INFO - [2025-06-23T07:13:30.756+0000] {dag.py:3239} INFO - Sync 1 DAGs
[2025-06-23T07:13:30.763+0000] {logging_mixin.py:190} INFO - [2025-06-23T07:13:30.762+0000] {dag.py:4180} INFO - Setting next_dagrun for example_params_ui_tutorial to None, run_after=None
[2025-06-23T07:13:30.770+0000] {processor.py:208} INFO - Processing /home/airflow/.local/lib/python3.12/site-packages/airflow/example_dags/example_params_ui_tutorial.py took 0.041 seconds
