[2025-06-23T00:35:50.129+0000] {processor.py:186} INFO - Started process (PID=28581) to work on /home/airflow/.local/lib/python3.12/site-packages/airflow/example_dags/example_sla_dag.py
[2025-06-23T00:35:50.129+0000] {processor.py:914} INFO - Processing file /home/airflow/.local/lib/python3.12/site-packages/airflow/example_dags/example_sla_dag.py for tasks to queue
[2025-06-23T00:35:50.130+0000] {logging_mixin.py:190} INFO - [2025-06-23T00:35:50.130+0000] {dagbag.py:588} INFO - Filling up the DagBag from /home/airflow/.local/lib/python3.12/site-packages/airflow/example_dags/example_sla_dag.py
[2025-06-23T00:35:50.135+0000] {processor.py:925} INFO - DAG(s) 'example_sla_dag' retrieved from /home/airflow/.local/lib/python3.12/site-packages/airflow/example_dags/example_sla_dag.py
[2025-06-23T00:35:50.143+0000] {logging_mixin.py:190} INFO - [2025-06-23T00:35:50.143+0000] {dag.py:3239} INFO - Sync 1 DAGs
[2025-06-23T00:35:50.153+0000] {logging_mixin.py:190} INFO - [2025-06-23T00:35:50.152+0000] {dag.py:4180} INFO - Setting next_dagrun for example_sla_dag to 2025-06-23 00:32:00+00:00, run_after=2025-06-23 00:34:00+00:00
[2025-06-23T00:35:50.159+0000] {processor.py:208} INFO - Processing /home/airflow/.local/lib/python3.12/site-packages/airflow/example_dags/example_sla_dag.py took 0.033 seconds
[2025-06-23T01:36:41.846+0000] {processor.py:186} INFO - Started process (PID=28659) to work on /home/airflow/.local/lib/python3.12/site-packages/airflow/example_dags/example_sla_dag.py
[2025-06-23T01:36:41.846+0000] {processor.py:914} INFO - Processing file /home/airflow/.local/lib/python3.12/site-packages/airflow/example_dags/example_sla_dag.py for tasks to queue
[2025-06-23T01:36:41.847+0000] {logging_mixin.py:190} INFO - [2025-06-23T01:36:41.847+0000] {dagbag.py:588} INFO - Filling up the DagBag from /home/airflow/.local/lib/python3.12/site-packages/airflow/example_dags/example_sla_dag.py
[2025-06-23T01:36:41.852+0000] {processor.py:925} INFO - DAG(s) 'example_sla_dag' retrieved from /home/airflow/.local/lib/python3.12/site-packages/airflow/example_dags/example_sla_dag.py
[2025-06-23T01:36:41.861+0000] {logging_mixin.py:190} INFO - [2025-06-23T01:36:41.861+0000] {dag.py:3239} INFO - Sync 1 DAGs
[2025-06-23T01:36:41.871+0000] {logging_mixin.py:190} INFO - [2025-06-23T01:36:41.871+0000] {dag.py:4180} INFO - Setting next_dagrun for example_sla_dag to 2025-06-23 01:34:00+00:00, run_after=2025-06-23 01:36:00+00:00
[2025-06-23T01:36:41.878+0000] {processor.py:208} INFO - Processing /home/airflow/.local/lib/python3.12/site-packages/airflow/example_dags/example_sla_dag.py took 0.036 seconds
[2025-06-23T01:37:11.996+0000] {processor.py:186} INFO - Started process (PID=28737) to work on /home/airflow/.local/lib/python3.12/site-packages/airflow/example_dags/example_sla_dag.py
[2025-06-23T01:37:11.997+0000] {processor.py:914} INFO - Processing file /home/airflow/.local/lib/python3.12/site-packages/airflow/example_dags/example_sla_dag.py for tasks to queue
[2025-06-23T01:37:11.997+0000] {logging_mixin.py:190} INFO - [2025-06-23T01:37:11.997+0000] {dagbag.py:588} INFO - Filling up the DagBag from /home/airflow/.local/lib/python3.12/site-packages/airflow/example_dags/example_sla_dag.py
[2025-06-23T01:37:12.005+0000] {processor.py:925} INFO - DAG(s) 'example_sla_dag' retrieved from /home/airflow/.local/lib/python3.12/site-packages/airflow/example_dags/example_sla_dag.py
[2025-06-23T01:37:12.015+0000] {logging_mixin.py:190} INFO - [2025-06-23T01:37:12.015+0000] {dag.py:3239} INFO - Sync 1 DAGs
[2025-06-23T01:37:12.026+0000] {logging_mixin.py:190} INFO - [2025-06-23T01:37:12.026+0000] {dag.py:4180} INFO - Setting next_dagrun for example_sla_dag to 2025-06-23 01:34:00+00:00, run_after=2025-06-23 01:36:00+00:00
[2025-06-23T01:37:12.034+0000] {processor.py:208} INFO - Processing /home/airflow/.local/lib/python3.12/site-packages/airflow/example_dags/example_sla_dag.py took 0.042 seconds
[2025-06-23T02:28:29.160+0000] {processor.py:186} INFO - Started process (PID=28815) to work on /home/airflow/.local/lib/python3.12/site-packages/airflow/example_dags/example_sla_dag.py
[2025-06-23T02:28:29.161+0000] {processor.py:914} INFO - Processing file /home/airflow/.local/lib/python3.12/site-packages/airflow/example_dags/example_sla_dag.py for tasks to queue
[2025-06-23T02:28:29.162+0000] {logging_mixin.py:190} INFO - [2025-06-23T02:28:29.162+0000] {dagbag.py:588} INFO - Filling up the DagBag from /home/airflow/.local/lib/python3.12/site-packages/airflow/example_dags/example_sla_dag.py
[2025-06-23T02:28:29.167+0000] {processor.py:925} INFO - DAG(s) 'example_sla_dag' retrieved from /home/airflow/.local/lib/python3.12/site-packages/airflow/example_dags/example_sla_dag.py
[2025-06-23T02:28:29.177+0000] {logging_mixin.py:190} INFO - [2025-06-23T02:28:29.177+0000] {dag.py:3239} INFO - Sync 1 DAGs
[2025-06-23T02:28:29.189+0000] {logging_mixin.py:190} INFO - [2025-06-23T02:28:29.189+0000] {dag.py:4180} INFO - Setting next_dagrun for example_sla_dag to 2025-06-23 02:26:00+00:00, run_after=2025-06-23 02:28:00+00:00
[2025-06-23T02:28:29.196+0000] {processor.py:208} INFO - Processing /home/airflow/.local/lib/python3.12/site-packages/airflow/example_dags/example_sla_dag.py took 0.039 seconds
[2025-06-23T02:38:09.306+0000] {processor.py:186} INFO - Started process (PID=28893) to work on /home/airflow/.local/lib/python3.12/site-packages/airflow/example_dags/example_sla_dag.py
[2025-06-23T02:38:09.307+0000] {processor.py:914} INFO - Processing file /home/airflow/.local/lib/python3.12/site-packages/airflow/example_dags/example_sla_dag.py for tasks to queue
[2025-06-23T02:38:09.308+0000] {logging_mixin.py:190} INFO - [2025-06-23T02:38:09.308+0000] {dagbag.py:588} INFO - Filling up the DagBag from /home/airflow/.local/lib/python3.12/site-packages/airflow/example_dags/example_sla_dag.py
[2025-06-23T02:38:09.313+0000] {processor.py:925} INFO - DAG(s) 'example_sla_dag' retrieved from /home/airflow/.local/lib/python3.12/site-packages/airflow/example_dags/example_sla_dag.py
[2025-06-23T02:38:09.323+0000] {logging_mixin.py:190} INFO - [2025-06-23T02:38:09.323+0000] {dag.py:3239} INFO - Sync 1 DAGs
[2025-06-23T02:38:09.334+0000] {logging_mixin.py:190} INFO - [2025-06-23T02:38:09.333+0000] {dag.py:4180} INFO - Setting next_dagrun for example_sla_dag to 2025-06-23 02:36:00+00:00, run_after=2025-06-23 02:38:00+00:00
[2025-06-23T02:38:09.341+0000] {processor.py:208} INFO - Processing /home/airflow/.local/lib/python3.12/site-packages/airflow/example_dags/example_sla_dag.py took 0.038 seconds
[2025-06-23T03:10:46.191+0000] {processor.py:186} INFO - Started process (PID=28971) to work on /home/airflow/.local/lib/python3.12/site-packages/airflow/example_dags/example_sla_dag.py
[2025-06-23T03:10:46.192+0000] {processor.py:914} INFO - Processing file /home/airflow/.local/lib/python3.12/site-packages/airflow/example_dags/example_sla_dag.py for tasks to queue
[2025-06-23T03:10:46.192+0000] {logging_mixin.py:190} INFO - [2025-06-23T03:10:46.192+0000] {dagbag.py:588} INFO - Filling up the DagBag from /home/airflow/.local/lib/python3.12/site-packages/airflow/example_dags/example_sla_dag.py
[2025-06-23T03:10:46.198+0000] {processor.py:925} INFO - DAG(s) 'example_sla_dag' retrieved from /home/airflow/.local/lib/python3.12/site-packages/airflow/example_dags/example_sla_dag.py
[2025-06-23T03:10:46.211+0000] {logging_mixin.py:190} INFO - [2025-06-23T03:10:46.211+0000] {dag.py:3239} INFO - Sync 1 DAGs
[2025-06-23T03:10:46.224+0000] {logging_mixin.py:190} INFO - [2025-06-23T03:10:46.224+0000] {dag.py:4180} INFO - Setting next_dagrun for example_sla_dag to 2025-06-23 03:08:00+00:00, run_after=2025-06-23 03:10:00+00:00
[2025-06-23T03:10:46.232+0000] {processor.py:208} INFO - Processing /home/airflow/.local/lib/python3.12/site-packages/airflow/example_dags/example_sla_dag.py took 0.046 seconds
[2025-06-23T03:38:54.664+0000] {processor.py:186} INFO - Started process (PID=29049) to work on /home/airflow/.local/lib/python3.12/site-packages/airflow/example_dags/example_sla_dag.py
[2025-06-23T03:38:54.664+0000] {processor.py:914} INFO - Processing file /home/airflow/.local/lib/python3.12/site-packages/airflow/example_dags/example_sla_dag.py for tasks to queue
[2025-06-23T03:38:54.665+0000] {logging_mixin.py:190} INFO - [2025-06-23T03:38:54.665+0000] {dagbag.py:588} INFO - Filling up the DagBag from /home/airflow/.local/lib/python3.12/site-packages/airflow/example_dags/example_sla_dag.py
[2025-06-23T03:38:54.670+0000] {processor.py:925} INFO - DAG(s) 'example_sla_dag' retrieved from /home/airflow/.local/lib/python3.12/site-packages/airflow/example_dags/example_sla_dag.py
[2025-06-23T03:38:54.678+0000] {logging_mixin.py:190} INFO - [2025-06-23T03:38:54.678+0000] {dag.py:3239} INFO - Sync 1 DAGs
[2025-06-23T03:38:54.689+0000] {logging_mixin.py:190} INFO - [2025-06-23T03:38:54.689+0000] {dag.py:4180} INFO - Setting next_dagrun for example_sla_dag to 2025-06-23 03:36:00+00:00, run_after=2025-06-23 03:38:00+00:00
[2025-06-23T03:38:54.697+0000] {processor.py:208} INFO - Processing /home/airflow/.local/lib/python3.12/site-packages/airflow/example_dags/example_sla_dag.py took 0.036 seconds
[2025-06-23T04:39:47.057+0000] {processor.py:186} INFO - Started process (PID=29127) to work on /home/airflow/.local/lib/python3.12/site-packages/airflow/example_dags/example_sla_dag.py
[2025-06-23T04:39:47.058+0000] {processor.py:914} INFO - Processing file /home/airflow/.local/lib/python3.12/site-packages/airflow/example_dags/example_sla_dag.py for tasks to queue
[2025-06-23T04:39:47.058+0000] {logging_mixin.py:190} INFO - [2025-06-23T04:39:47.058+0000] {dagbag.py:588} INFO - Filling up the DagBag from /home/airflow/.local/lib/python3.12/site-packages/airflow/example_dags/example_sla_dag.py
[2025-06-23T04:39:47.063+0000] {processor.py:925} INFO - DAG(s) 'example_sla_dag' retrieved from /home/airflow/.local/lib/python3.12/site-packages/airflow/example_dags/example_sla_dag.py
[2025-06-23T04:39:47.071+0000] {logging_mixin.py:190} INFO - [2025-06-23T04:39:47.071+0000] {dag.py:3239} INFO - Sync 1 DAGs
[2025-06-23T04:39:47.080+0000] {logging_mixin.py:190} INFO - [2025-06-23T04:39:47.080+0000] {dag.py:4180} INFO - Setting next_dagrun for example_sla_dag to 2025-06-23 04:36:00+00:00, run_after=2025-06-23 04:38:00+00:00
[2025-06-23T04:39:47.087+0000] {processor.py:208} INFO - Processing /home/airflow/.local/lib/python3.12/site-packages/airflow/example_dags/example_sla_dag.py took 0.032 seconds
[2025-06-23T05:32:40.714+0000] {processor.py:186} INFO - Started process (PID=29205) to work on /home/airflow/.local/lib/python3.12/site-packages/airflow/example_dags/example_sla_dag.py
[2025-06-23T05:32:40.716+0000] {processor.py:914} INFO - Processing file /home/airflow/.local/lib/python3.12/site-packages/airflow/example_dags/example_sla_dag.py for tasks to queue
[2025-06-23T05:32:40.719+0000] {logging_mixin.py:190} INFO - [2025-06-23T05:32:40.718+0000] {dagbag.py:588} INFO - Filling up the DagBag from /home/airflow/.local/lib/python3.12/site-packages/airflow/example_dags/example_sla_dag.py
[2025-06-23T05:32:40.737+0000] {processor.py:925} INFO - DAG(s) 'example_sla_dag' retrieved from /home/airflow/.local/lib/python3.12/site-packages/airflow/example_dags/example_sla_dag.py
[2025-06-23T05:32:40.775+0000] {logging_mixin.py:190} INFO - [2025-06-23T05:32:40.774+0000] {dag.py:3239} INFO - Sync 1 DAGs
[2025-06-23T05:32:40.801+0000] {logging_mixin.py:190} INFO - [2025-06-23T05:32:40.801+0000] {dag.py:4180} INFO - Setting next_dagrun for example_sla_dag to 2025-06-23 05:30:00+00:00, run_after=2025-06-23 05:32:00+00:00
[2025-06-23T05:32:40.820+0000] {processor.py:208} INFO - Processing /home/airflow/.local/lib/python3.12/site-packages/airflow/example_dags/example_sla_dag.py took 0.117 seconds
[2025-06-23T05:33:10.943+0000] {processor.py:186} INFO - Started process (PID=29282) to work on /home/airflow/.local/lib/python3.12/site-packages/airflow/example_dags/example_sla_dag.py
[2025-06-23T05:33:10.944+0000] {processor.py:914} INFO - Processing file /home/airflow/.local/lib/python3.12/site-packages/airflow/example_dags/example_sla_dag.py for tasks to queue
[2025-06-23T05:33:10.945+0000] {logging_mixin.py:190} INFO - [2025-06-23T05:33:10.944+0000] {dagbag.py:588} INFO - Filling up the DagBag from /home/airflow/.local/lib/python3.12/site-packages/airflow/example_dags/example_sla_dag.py
[2025-06-23T05:33:10.950+0000] {processor.py:925} INFO - DAG(s) 'example_sla_dag' retrieved from /home/airflow/.local/lib/python3.12/site-packages/airflow/example_dags/example_sla_dag.py
[2025-06-23T05:33:10.957+0000] {logging_mixin.py:190} INFO - [2025-06-23T05:33:10.957+0000] {dag.py:3239} INFO - Sync 1 DAGs
[2025-06-23T05:33:10.966+0000] {logging_mixin.py:190} INFO - [2025-06-23T05:33:10.966+0000] {dag.py:4180} INFO - Setting next_dagrun for example_sla_dag to 2025-06-23 05:30:00+00:00, run_after=2025-06-23 05:32:00+00:00
[2025-06-23T05:33:10.972+0000] {processor.py:208} INFO - Processing /home/airflow/.local/lib/python3.12/site-packages/airflow/example_dags/example_sla_dag.py took 0.032 seconds
[2025-06-23T05:33:41.260+0000] {processor.py:186} INFO - Started process (PID=29360) to work on /home/airflow/.local/lib/python3.12/site-packages/airflow/example_dags/example_sla_dag.py
[2025-06-23T05:33:41.262+0000] {processor.py:914} INFO - Processing file /home/airflow/.local/lib/python3.12/site-packages/airflow/example_dags/example_sla_dag.py for tasks to queue
[2025-06-23T05:33:41.266+0000] {logging_mixin.py:190} INFO - [2025-06-23T05:33:41.265+0000] {dagbag.py:588} INFO - Filling up the DagBag from /home/airflow/.local/lib/python3.12/site-packages/airflow/example_dags/example_sla_dag.py
[2025-06-23T05:33:41.271+0000] {processor.py:925} INFO - DAG(s) 'example_sla_dag' retrieved from /home/airflow/.local/lib/python3.12/site-packages/airflow/example_dags/example_sla_dag.py
[2025-06-23T05:33:41.284+0000] {logging_mixin.py:190} INFO - [2025-06-23T05:33:41.284+0000] {dag.py:3239} INFO - Sync 1 DAGs
[2025-06-23T05:33:41.301+0000] {logging_mixin.py:190} INFO - [2025-06-23T05:33:41.301+0000] {dag.py:4180} INFO - Setting next_dagrun for example_sla_dag to 2025-06-23 05:30:00+00:00, run_after=2025-06-23 05:32:00+00:00
[2025-06-23T05:33:41.327+0000] {processor.py:208} INFO - Processing /home/airflow/.local/lib/python3.12/site-packages/airflow/example_dags/example_sla_dag.py took 0.074 seconds
[2025-06-23T05:34:16.014+0000] {processor.py:186} INFO - Started process (PID=29438) to work on /home/airflow/.local/lib/python3.12/site-packages/airflow/example_dags/example_sla_dag.py
[2025-06-23T05:34:16.029+0000] {processor.py:914} INFO - Processing file /home/airflow/.local/lib/python3.12/site-packages/airflow/example_dags/example_sla_dag.py for tasks to queue
[2025-06-23T05:34:16.033+0000] {logging_mixin.py:190} INFO - [2025-06-23T05:34:16.032+0000] {dagbag.py:588} INFO - Filling up the DagBag from /home/airflow/.local/lib/python3.12/site-packages/airflow/example_dags/example_sla_dag.py
[2025-06-23T05:34:16.068+0000] {processor.py:925} INFO - DAG(s) 'example_sla_dag' retrieved from /home/airflow/.local/lib/python3.12/site-packages/airflow/example_dags/example_sla_dag.py
[2025-06-23T05:34:16.395+0000] {logging_mixin.py:190} INFO - [2025-06-23T05:34:16.391+0000] {dag.py:3239} INFO - Sync 1 DAGs
[2025-06-23T05:34:16.610+0000] {logging_mixin.py:190} INFO - [2025-06-23T05:34:16.608+0000] {dag.py:4180} INFO - Setting next_dagrun for example_sla_dag to 2025-06-23 05:32:00+00:00, run_after=2025-06-23 05:34:00+00:00
[2025-06-23T05:34:16.707+0000] {processor.py:208} INFO - Processing /home/airflow/.local/lib/python3.12/site-packages/airflow/example_dags/example_sla_dag.py took 0.716 seconds
[2025-06-23T05:34:47.875+0000] {processor.py:186} INFO - Started process (PID=29516) to work on /home/airflow/.local/lib/python3.12/site-packages/airflow/example_dags/example_sla_dag.py
[2025-06-23T05:34:47.877+0000] {processor.py:914} INFO - Processing file /home/airflow/.local/lib/python3.12/site-packages/airflow/example_dags/example_sla_dag.py for tasks to queue
[2025-06-23T05:34:47.884+0000] {logging_mixin.py:190} INFO - [2025-06-23T05:34:47.882+0000] {dagbag.py:588} INFO - Filling up the DagBag from /home/airflow/.local/lib/python3.12/site-packages/airflow/example_dags/example_sla_dag.py
[2025-06-23T05:34:47.920+0000] {processor.py:925} INFO - DAG(s) 'example_sla_dag' retrieved from /home/airflow/.local/lib/python3.12/site-packages/airflow/example_dags/example_sla_dag.py
[2025-06-23T05:34:48.030+0000] {logging_mixin.py:190} INFO - [2025-06-23T05:34:48.030+0000] {dag.py:3239} INFO - Sync 1 DAGs
[2025-06-23T05:34:48.130+0000] {logging_mixin.py:190} INFO - [2025-06-23T05:34:48.129+0000] {dag.py:4180} INFO - Setting next_dagrun for example_sla_dag to 2025-06-23 05:32:00+00:00, run_after=2025-06-23 05:34:00+00:00
[2025-06-23T05:34:48.173+0000] {processor.py:208} INFO - Processing /home/airflow/.local/lib/python3.12/site-packages/airflow/example_dags/example_sla_dag.py took 0.342 seconds
[2025-06-23T05:35:20.266+0000] {processor.py:186} INFO - Started process (PID=29594) to work on /home/airflow/.local/lib/python3.12/site-packages/airflow/example_dags/example_sla_dag.py
[2025-06-23T05:35:20.299+0000] {processor.py:914} INFO - Processing file /home/airflow/.local/lib/python3.12/site-packages/airflow/example_dags/example_sla_dag.py for tasks to queue
[2025-06-23T05:35:20.304+0000] {logging_mixin.py:190} INFO - [2025-06-23T05:35:20.303+0000] {dagbag.py:588} INFO - Filling up the DagBag from /home/airflow/.local/lib/python3.12/site-packages/airflow/example_dags/example_sla_dag.py
[2025-06-23T05:35:20.336+0000] {processor.py:925} INFO - DAG(s) 'example_sla_dag' retrieved from /home/airflow/.local/lib/python3.12/site-packages/airflow/example_dags/example_sla_dag.py
[2025-06-23T05:35:20.393+0000] {logging_mixin.py:190} INFO - [2025-06-23T05:35:20.392+0000] {dag.py:3239} INFO - Sync 1 DAGs
[2025-06-23T05:35:20.465+0000] {logging_mixin.py:190} INFO - [2025-06-23T05:35:20.465+0000] {dag.py:4180} INFO - Setting next_dagrun for example_sla_dag to 2025-06-23 05:32:00+00:00, run_after=2025-06-23 05:34:00+00:00
[2025-06-23T05:35:20.505+0000] {processor.py:208} INFO - Processing /home/airflow/.local/lib/python3.12/site-packages/airflow/example_dags/example_sla_dag.py took 0.258 seconds
[2025-06-23T05:35:51.414+0000] {processor.py:186} INFO - Started process (PID=29672) to work on /home/airflow/.local/lib/python3.12/site-packages/airflow/example_dags/example_sla_dag.py
[2025-06-23T05:35:51.419+0000] {processor.py:914} INFO - Processing file /home/airflow/.local/lib/python3.12/site-packages/airflow/example_dags/example_sla_dag.py for tasks to queue
[2025-06-23T05:35:51.421+0000] {logging_mixin.py:190} INFO - [2025-06-23T05:35:51.420+0000] {dagbag.py:588} INFO - Filling up the DagBag from /home/airflow/.local/lib/python3.12/site-packages/airflow/example_dags/example_sla_dag.py
[2025-06-23T05:35:51.430+0000] {processor.py:925} INFO - DAG(s) 'example_sla_dag' retrieved from /home/airflow/.local/lib/python3.12/site-packages/airflow/example_dags/example_sla_dag.py
[2025-06-23T05:35:51.444+0000] {logging_mixin.py:190} INFO - [2025-06-23T05:35:51.444+0000] {dag.py:3239} INFO - Sync 1 DAGs
[2025-06-23T05:35:51.455+0000] {logging_mixin.py:190} INFO - [2025-06-23T05:35:51.455+0000] {dag.py:4180} INFO - Setting next_dagrun for example_sla_dag to 2025-06-23 05:32:00+00:00, run_after=2025-06-23 05:34:00+00:00
[2025-06-23T05:35:51.466+0000] {processor.py:208} INFO - Processing /home/airflow/.local/lib/python3.12/site-packages/airflow/example_dags/example_sla_dag.py took 0.056 seconds
[2025-06-23T05:36:21.830+0000] {processor.py:186} INFO - Started process (PID=29750) to work on /home/airflow/.local/lib/python3.12/site-packages/airflow/example_dags/example_sla_dag.py
[2025-06-23T05:36:21.836+0000] {processor.py:914} INFO - Processing file /home/airflow/.local/lib/python3.12/site-packages/airflow/example_dags/example_sla_dag.py for tasks to queue
[2025-06-23T05:36:21.836+0000] {logging_mixin.py:190} INFO - [2025-06-23T05:36:21.836+0000] {dagbag.py:588} INFO - Filling up the DagBag from /home/airflow/.local/lib/python3.12/site-packages/airflow/example_dags/example_sla_dag.py
[2025-06-23T05:36:21.842+0000] {processor.py:925} INFO - DAG(s) 'example_sla_dag' retrieved from /home/airflow/.local/lib/python3.12/site-packages/airflow/example_dags/example_sla_dag.py
[2025-06-23T05:36:21.853+0000] {logging_mixin.py:190} INFO - [2025-06-23T05:36:21.852+0000] {dag.py:3239} INFO - Sync 1 DAGs
[2025-06-23T05:36:21.866+0000] {logging_mixin.py:190} INFO - [2025-06-23T05:36:21.866+0000] {dag.py:4180} INFO - Setting next_dagrun for example_sla_dag to 2025-06-23 05:34:00+00:00, run_after=2025-06-23 05:36:00+00:00
[2025-06-23T05:36:21.876+0000] {processor.py:208} INFO - Processing /home/airflow/.local/lib/python3.12/site-packages/airflow/example_dags/example_sla_dag.py took 0.051 seconds
[2025-06-23T05:36:52.060+0000] {processor.py:186} INFO - Started process (PID=29828) to work on /home/airflow/.local/lib/python3.12/site-packages/airflow/example_dags/example_sla_dag.py
[2025-06-23T05:36:52.064+0000] {processor.py:914} INFO - Processing file /home/airflow/.local/lib/python3.12/site-packages/airflow/example_dags/example_sla_dag.py for tasks to queue
[2025-06-23T05:36:52.067+0000] {logging_mixin.py:190} INFO - [2025-06-23T05:36:52.067+0000] {dagbag.py:588} INFO - Filling up the DagBag from /home/airflow/.local/lib/python3.12/site-packages/airflow/example_dags/example_sla_dag.py
[2025-06-23T05:36:52.078+0000] {processor.py:925} INFO - DAG(s) 'example_sla_dag' retrieved from /home/airflow/.local/lib/python3.12/site-packages/airflow/example_dags/example_sla_dag.py
[2025-06-23T05:36:52.094+0000] {logging_mixin.py:190} INFO - [2025-06-23T05:36:52.094+0000] {dag.py:3239} INFO - Sync 1 DAGs
[2025-06-23T05:36:52.106+0000] {logging_mixin.py:190} INFO - [2025-06-23T05:36:52.106+0000] {dag.py:4180} INFO - Setting next_dagrun for example_sla_dag to 2025-06-23 05:34:00+00:00, run_after=2025-06-23 05:36:00+00:00
[2025-06-23T05:36:52.114+0000] {processor.py:208} INFO - Processing /home/airflow/.local/lib/python3.12/site-packages/airflow/example_dags/example_sla_dag.py took 0.058 seconds
[2025-06-23T05:37:22.392+0000] {processor.py:186} INFO - Started process (PID=29906) to work on /home/airflow/.local/lib/python3.12/site-packages/airflow/example_dags/example_sla_dag.py
[2025-06-23T05:37:22.393+0000] {processor.py:914} INFO - Processing file /home/airflow/.local/lib/python3.12/site-packages/airflow/example_dags/example_sla_dag.py for tasks to queue
[2025-06-23T05:37:22.394+0000] {logging_mixin.py:190} INFO - [2025-06-23T05:37:22.394+0000] {dagbag.py:588} INFO - Filling up the DagBag from /home/airflow/.local/lib/python3.12/site-packages/airflow/example_dags/example_sla_dag.py
[2025-06-23T05:37:22.401+0000] {processor.py:925} INFO - DAG(s) 'example_sla_dag' retrieved from /home/airflow/.local/lib/python3.12/site-packages/airflow/example_dags/example_sla_dag.py
[2025-06-23T05:37:22.412+0000] {logging_mixin.py:190} INFO - [2025-06-23T05:37:22.411+0000] {dag.py:3239} INFO - Sync 1 DAGs
[2025-06-23T05:37:22.426+0000] {logging_mixin.py:190} INFO - [2025-06-23T05:37:22.425+0000] {dag.py:4180} INFO - Setting next_dagrun for example_sla_dag to 2025-06-23 05:34:00+00:00, run_after=2025-06-23 05:36:00+00:00
[2025-06-23T05:37:22.436+0000] {processor.py:208} INFO - Processing /home/airflow/.local/lib/python3.12/site-packages/airflow/example_dags/example_sla_dag.py took 0.048 seconds
[2025-06-23T05:37:53.370+0000] {processor.py:186} INFO - Started process (PID=29984) to work on /home/airflow/.local/lib/python3.12/site-packages/airflow/example_dags/example_sla_dag.py
[2025-06-23T05:37:53.375+0000] {processor.py:914} INFO - Processing file /home/airflow/.local/lib/python3.12/site-packages/airflow/example_dags/example_sla_dag.py for tasks to queue
[2025-06-23T05:37:53.376+0000] {logging_mixin.py:190} INFO - [2025-06-23T05:37:53.376+0000] {dagbag.py:588} INFO - Filling up the DagBag from /home/airflow/.local/lib/python3.12/site-packages/airflow/example_dags/example_sla_dag.py
[2025-06-23T05:37:53.382+0000] {processor.py:925} INFO - DAG(s) 'example_sla_dag' retrieved from /home/airflow/.local/lib/python3.12/site-packages/airflow/example_dags/example_sla_dag.py
[2025-06-23T05:37:53.399+0000] {logging_mixin.py:190} INFO - [2025-06-23T05:37:53.399+0000] {dag.py:3239} INFO - Sync 1 DAGs
[2025-06-23T05:37:53.411+0000] {logging_mixin.py:190} INFO - [2025-06-23T05:37:53.411+0000] {dag.py:4180} INFO - Setting next_dagrun for example_sla_dag to 2025-06-23 05:34:00+00:00, run_after=2025-06-23 05:36:00+00:00
[2025-06-23T05:37:53.422+0000] {processor.py:208} INFO - Processing /home/airflow/.local/lib/python3.12/site-packages/airflow/example_dags/example_sla_dag.py took 0.056 seconds
[2025-06-23T05:38:24.090+0000] {processor.py:186} INFO - Started process (PID=30062) to work on /home/airflow/.local/lib/python3.12/site-packages/airflow/example_dags/example_sla_dag.py
[2025-06-23T05:38:24.096+0000] {processor.py:914} INFO - Processing file /home/airflow/.local/lib/python3.12/site-packages/airflow/example_dags/example_sla_dag.py for tasks to queue
[2025-06-23T05:38:24.096+0000] {logging_mixin.py:190} INFO - [2025-06-23T05:38:24.096+0000] {dagbag.py:588} INFO - Filling up the DagBag from /home/airflow/.local/lib/python3.12/site-packages/airflow/example_dags/example_sla_dag.py
[2025-06-23T05:38:24.104+0000] {processor.py:925} INFO - DAG(s) 'example_sla_dag' retrieved from /home/airflow/.local/lib/python3.12/site-packages/airflow/example_dags/example_sla_dag.py
[2025-06-23T05:38:24.119+0000] {logging_mixin.py:190} INFO - [2025-06-23T05:38:24.118+0000] {dag.py:3239} INFO - Sync 1 DAGs
[2025-06-23T05:38:24.129+0000] {logging_mixin.py:190} INFO - [2025-06-23T05:38:24.129+0000] {dag.py:4180} INFO - Setting next_dagrun for example_sla_dag to 2025-06-23 05:36:00+00:00, run_after=2025-06-23 05:38:00+00:00
[2025-06-23T05:38:24.140+0000] {processor.py:208} INFO - Processing /home/airflow/.local/lib/python3.12/site-packages/airflow/example_dags/example_sla_dag.py took 0.054 seconds
[2025-06-23T05:38:55.030+0000] {processor.py:186} INFO - Started process (PID=30140) to work on /home/airflow/.local/lib/python3.12/site-packages/airflow/example_dags/example_sla_dag.py
[2025-06-23T05:38:55.031+0000] {processor.py:914} INFO - Processing file /home/airflow/.local/lib/python3.12/site-packages/airflow/example_dags/example_sla_dag.py for tasks to queue
[2025-06-23T05:38:55.032+0000] {logging_mixin.py:190} INFO - [2025-06-23T05:38:55.032+0000] {dagbag.py:588} INFO - Filling up the DagBag from /home/airflow/.local/lib/python3.12/site-packages/airflow/example_dags/example_sla_dag.py
[2025-06-23T05:38:55.040+0000] {processor.py:925} INFO - DAG(s) 'example_sla_dag' retrieved from /home/airflow/.local/lib/python3.12/site-packages/airflow/example_dags/example_sla_dag.py
[2025-06-23T05:38:55.053+0000] {logging_mixin.py:190} INFO - [2025-06-23T05:38:55.053+0000] {dag.py:3239} INFO - Sync 1 DAGs
[2025-06-23T05:38:55.065+0000] {logging_mixin.py:190} INFO - [2025-06-23T05:38:55.065+0000] {dag.py:4180} INFO - Setting next_dagrun for example_sla_dag to 2025-06-23 05:36:00+00:00, run_after=2025-06-23 05:38:00+00:00
[2025-06-23T05:38:55.073+0000] {processor.py:208} INFO - Processing /home/airflow/.local/lib/python3.12/site-packages/airflow/example_dags/example_sla_dag.py took 0.046 seconds
[2025-06-23T05:39:25.359+0000] {processor.py:186} INFO - Started process (PID=30218) to work on /home/airflow/.local/lib/python3.12/site-packages/airflow/example_dags/example_sla_dag.py
[2025-06-23T05:39:25.359+0000] {processor.py:914} INFO - Processing file /home/airflow/.local/lib/python3.12/site-packages/airflow/example_dags/example_sla_dag.py for tasks to queue
[2025-06-23T05:39:25.360+0000] {logging_mixin.py:190} INFO - [2025-06-23T05:39:25.360+0000] {dagbag.py:588} INFO - Filling up the DagBag from /home/airflow/.local/lib/python3.12/site-packages/airflow/example_dags/example_sla_dag.py
[2025-06-23T05:39:25.368+0000] {processor.py:925} INFO - DAG(s) 'example_sla_dag' retrieved from /home/airflow/.local/lib/python3.12/site-packages/airflow/example_dags/example_sla_dag.py
[2025-06-23T05:39:25.378+0000] {logging_mixin.py:190} INFO - [2025-06-23T05:39:25.378+0000] {dag.py:3239} INFO - Sync 1 DAGs
[2025-06-23T05:39:25.390+0000] {logging_mixin.py:190} INFO - [2025-06-23T05:39:25.390+0000] {dag.py:4180} INFO - Setting next_dagrun for example_sla_dag to 2025-06-23 05:36:00+00:00, run_after=2025-06-23 05:38:00+00:00
[2025-06-23T05:39:25.400+0000] {processor.py:208} INFO - Processing /home/airflow/.local/lib/python3.12/site-packages/airflow/example_dags/example_sla_dag.py took 0.044 seconds
[2025-06-23T06:25:48.244+0000] {processor.py:186} INFO - Started process (PID=30272) to work on /home/airflow/.local/lib/python3.12/site-packages/airflow/example_dags/example_sla_dag.py
[2025-06-23T06:25:48.245+0000] {processor.py:914} INFO - Processing file /home/airflow/.local/lib/python3.12/site-packages/airflow/example_dags/example_sla_dag.py for tasks to queue
[2025-06-23T06:25:48.245+0000] {logging_mixin.py:190} INFO - [2025-06-23T06:25:48.245+0000] {dagbag.py:588} INFO - Filling up the DagBag from /home/airflow/.local/lib/python3.12/site-packages/airflow/example_dags/example_sla_dag.py
[2025-06-23T06:25:48.251+0000] {processor.py:925} INFO - DAG(s) 'example_sla_dag' retrieved from /home/airflow/.local/lib/python3.12/site-packages/airflow/example_dags/example_sla_dag.py
[2025-06-23T06:25:48.260+0000] {logging_mixin.py:190} INFO - [2025-06-23T06:25:48.260+0000] {dag.py:3239} INFO - Sync 1 DAGs
[2025-06-23T06:25:48.271+0000] {logging_mixin.py:190} INFO - [2025-06-23T06:25:48.271+0000] {dag.py:4180} INFO - Setting next_dagrun for example_sla_dag to 2025-06-23 06:22:00+00:00, run_after=2025-06-23 06:24:00+00:00
[2025-06-23T06:25:48.280+0000] {processor.py:208} INFO - Processing /home/airflow/.local/lib/python3.12/site-packages/airflow/example_dags/example_sla_dag.py took 0.039 seconds
[2025-06-23T06:27:12.438+0000] {processor.py:186} INFO - Started process (PID=30350) to work on /home/airflow/.local/lib/python3.12/site-packages/airflow/example_dags/example_sla_dag.py
[2025-06-23T06:27:12.439+0000] {processor.py:914} INFO - Processing file /home/airflow/.local/lib/python3.12/site-packages/airflow/example_dags/example_sla_dag.py for tasks to queue
[2025-06-23T06:27:12.440+0000] {logging_mixin.py:190} INFO - [2025-06-23T06:27:12.439+0000] {dagbag.py:588} INFO - Filling up the DagBag from /home/airflow/.local/lib/python3.12/site-packages/airflow/example_dags/example_sla_dag.py
[2025-06-23T06:27:12.445+0000] {processor.py:925} INFO - DAG(s) 'example_sla_dag' retrieved from /home/airflow/.local/lib/python3.12/site-packages/airflow/example_dags/example_sla_dag.py
[2025-06-23T06:27:12.455+0000] {logging_mixin.py:190} INFO - [2025-06-23T06:27:12.455+0000] {dag.py:3239} INFO - Sync 1 DAGs
[2025-06-23T06:27:12.467+0000] {logging_mixin.py:190} INFO - [2025-06-23T06:27:12.467+0000] {dag.py:4180} INFO - Setting next_dagrun for example_sla_dag to 2025-06-23 06:24:00+00:00, run_after=2025-06-23 06:26:00+00:00
[2025-06-23T06:27:12.475+0000] {processor.py:208} INFO - Processing /home/airflow/.local/lib/python3.12/site-packages/airflow/example_dags/example_sla_dag.py took 0.040 seconds
[2025-06-23T06:34:08.567+0000] {processor.py:186} INFO - Started process (PID=30428) to work on /home/airflow/.local/lib/python3.12/site-packages/airflow/example_dags/example_sla_dag.py
[2025-06-23T06:34:08.568+0000] {processor.py:914} INFO - Processing file /home/airflow/.local/lib/python3.12/site-packages/airflow/example_dags/example_sla_dag.py for tasks to queue
[2025-06-23T06:34:08.569+0000] {logging_mixin.py:190} INFO - [2025-06-23T06:34:08.568+0000] {dagbag.py:588} INFO - Filling up the DagBag from /home/airflow/.local/lib/python3.12/site-packages/airflow/example_dags/example_sla_dag.py
[2025-06-23T06:34:08.573+0000] {processor.py:925} INFO - DAG(s) 'example_sla_dag' retrieved from /home/airflow/.local/lib/python3.12/site-packages/airflow/example_dags/example_sla_dag.py
[2025-06-23T06:34:08.581+0000] {logging_mixin.py:190} INFO - [2025-06-23T06:34:08.581+0000] {dag.py:3239} INFO - Sync 1 DAGs
[2025-06-23T06:34:08.590+0000] {logging_mixin.py:190} INFO - [2025-06-23T06:34:08.590+0000] {dag.py:4180} INFO - Setting next_dagrun for example_sla_dag to 2025-06-23 06:32:00+00:00, run_after=2025-06-23 06:34:00+00:00
[2025-06-23T06:34:08.596+0000] {processor.py:208} INFO - Processing /home/airflow/.local/lib/python3.12/site-packages/airflow/example_dags/example_sla_dag.py took 0.032 seconds
[2025-06-23T06:35:37.666+0000] {processor.py:186} INFO - Started process (PID=30506) to work on /home/airflow/.local/lib/python3.12/site-packages/airflow/example_dags/example_sla_dag.py
[2025-06-23T06:35:37.666+0000] {processor.py:914} INFO - Processing file /home/airflow/.local/lib/python3.12/site-packages/airflow/example_dags/example_sla_dag.py for tasks to queue
[2025-06-23T06:35:37.667+0000] {logging_mixin.py:190} INFO - [2025-06-23T06:35:37.667+0000] {dagbag.py:588} INFO - Filling up the DagBag from /home/airflow/.local/lib/python3.12/site-packages/airflow/example_dags/example_sla_dag.py
[2025-06-23T06:35:37.672+0000] {processor.py:925} INFO - DAG(s) 'example_sla_dag' retrieved from /home/airflow/.local/lib/python3.12/site-packages/airflow/example_dags/example_sla_dag.py
[2025-06-23T06:35:37.681+0000] {logging_mixin.py:190} INFO - [2025-06-23T06:35:37.680+0000] {dag.py:3239} INFO - Sync 1 DAGs
[2025-06-23T06:35:37.692+0000] {logging_mixin.py:190} INFO - [2025-06-23T06:35:37.692+0000] {dag.py:4180} INFO - Setting next_dagrun for example_sla_dag to 2025-06-23 06:32:00+00:00, run_after=2025-06-23 06:34:00+00:00
[2025-06-23T06:35:37.699+0000] {processor.py:208} INFO - Processing /home/airflow/.local/lib/python3.12/site-packages/airflow/example_dags/example_sla_dag.py took 0.035 seconds
[2025-06-23T06:36:36.865+0000] {processor.py:186} INFO - Started process (PID=30584) to work on /home/airflow/.local/lib/python3.12/site-packages/airflow/example_dags/example_sla_dag.py
[2025-06-23T06:36:36.865+0000] {processor.py:914} INFO - Processing file /home/airflow/.local/lib/python3.12/site-packages/airflow/example_dags/example_sla_dag.py for tasks to queue
[2025-06-23T06:36:36.866+0000] {logging_mixin.py:190} INFO - [2025-06-23T06:36:36.866+0000] {dagbag.py:588} INFO - Filling up the DagBag from /home/airflow/.local/lib/python3.12/site-packages/airflow/example_dags/example_sla_dag.py
[2025-06-23T06:36:36.870+0000] {processor.py:925} INFO - DAG(s) 'example_sla_dag' retrieved from /home/airflow/.local/lib/python3.12/site-packages/airflow/example_dags/example_sla_dag.py
[2025-06-23T06:36:36.878+0000] {logging_mixin.py:190} INFO - [2025-06-23T06:36:36.878+0000] {dag.py:3239} INFO - Sync 1 DAGs
[2025-06-23T06:36:36.889+0000] {logging_mixin.py:190} INFO - [2025-06-23T06:36:36.889+0000] {dag.py:4180} INFO - Setting next_dagrun for example_sla_dag to 2025-06-23 06:34:00+00:00, run_after=2025-06-23 06:36:00+00:00
[2025-06-23T06:36:36.896+0000] {processor.py:208} INFO - Processing /home/airflow/.local/lib/python3.12/site-packages/airflow/example_dags/example_sla_dag.py took 0.033 seconds
[2025-06-23T07:13:29.481+0000] {processor.py:186} INFO - Started process (PID=30662) to work on /home/airflow/.local/lib/python3.12/site-packages/airflow/example_dags/example_sla_dag.py
[2025-06-23T07:13:29.481+0000] {processor.py:914} INFO - Processing file /home/airflow/.local/lib/python3.12/site-packages/airflow/example_dags/example_sla_dag.py for tasks to queue
[2025-06-23T07:13:29.482+0000] {logging_mixin.py:190} INFO - [2025-06-23T07:13:29.482+0000] {dagbag.py:588} INFO - Filling up the DagBag from /home/airflow/.local/lib/python3.12/site-packages/airflow/example_dags/example_sla_dag.py
[2025-06-23T07:13:29.487+0000] {processor.py:925} INFO - DAG(s) 'example_sla_dag' retrieved from /home/airflow/.local/lib/python3.12/site-packages/airflow/example_dags/example_sla_dag.py
[2025-06-23T07:13:29.495+0000] {logging_mixin.py:190} INFO - [2025-06-23T07:13:29.495+0000] {dag.py:3239} INFO - Sync 1 DAGs
[2025-06-23T07:13:29.506+0000] {logging_mixin.py:190} INFO - [2025-06-23T07:13:29.506+0000] {dag.py:4180} INFO - Setting next_dagrun for example_sla_dag to 2025-06-23 07:10:00+00:00, run_after=2025-06-23 07:12:00+00:00
[2025-06-23T07:13:29.513+0000] {processor.py:208} INFO - Processing /home/airflow/.local/lib/python3.12/site-packages/airflow/example_dags/example_sla_dag.py took 0.035 seconds
