[2025-06-23T00:35:49.556+0000] {processor.py:186} INFO - Started process (PID=28566) to work on /home/airflow/.local/lib/python3.12/site-packages/airflow/example_dags/tutorial_taskflow_api.py
[2025-06-23T00:35:49.557+0000] {processor.py:914} INFO - Processing file /home/airflow/.local/lib/python3.12/site-packages/airflow/example_dags/tutorial_taskflow_api.py for tasks to queue
[2025-06-23T00:35:49.558+0000] {logging_mixin.py:190} INFO - [2025-06-23T00:35:49.558+0000] {dagbag.py:588} INFO - Filling up the DagBag from /home/airflow/.local/lib/python3.12/site-packages/airflow/example_dags/tutorial_taskflow_api.py
[2025-06-23T00:35:49.564+0000] {processor.py:925} INFO - DAG(s) 'tutorial_taskflow_api' retrieved from /home/airflow/.local/lib/python3.12/site-packages/airflow/example_dags/tutorial_taskflow_api.py
[2025-06-23T00:35:49.578+0000] {logging_mixin.py:190} INFO - [2025-06-23T00:35:49.578+0000] {dag.py:3239} INFO - Sync 1 DAGs
[2025-06-23T00:35:49.584+0000] {logging_mixin.py:190} INFO - [2025-06-23T00:35:49.584+0000] {dag.py:4180} INFO - Setting next_dagrun for tutorial_taskflow_api to None, run_after=None
[2025-06-23T00:35:49.590+0000] {processor.py:208} INFO - Processing /home/airflow/.local/lib/python3.12/site-packages/airflow/example_dags/tutorial_taskflow_api.py took 0.037 seconds
[2025-06-23T01:36:41.216+0000] {processor.py:186} INFO - Started process (PID=28644) to work on /home/airflow/.local/lib/python3.12/site-packages/airflow/example_dags/tutorial_taskflow_api.py
[2025-06-23T01:36:41.217+0000] {processor.py:914} INFO - Processing file /home/airflow/.local/lib/python3.12/site-packages/airflow/example_dags/tutorial_taskflow_api.py for tasks to queue
[2025-06-23T01:36:41.218+0000] {logging_mixin.py:190} INFO - [2025-06-23T01:36:41.218+0000] {dagbag.py:588} INFO - Filling up the DagBag from /home/airflow/.local/lib/python3.12/site-packages/airflow/example_dags/tutorial_taskflow_api.py
[2025-06-23T01:36:41.222+0000] {processor.py:925} INFO - DAG(s) 'tutorial_taskflow_api' retrieved from /home/airflow/.local/lib/python3.12/site-packages/airflow/example_dags/tutorial_taskflow_api.py
[2025-06-23T01:36:41.234+0000] {logging_mixin.py:190} INFO - [2025-06-23T01:36:41.234+0000] {dag.py:3239} INFO - Sync 1 DAGs
[2025-06-23T01:36:41.240+0000] {logging_mixin.py:190} INFO - [2025-06-23T01:36:41.240+0000] {dag.py:4180} INFO - Setting next_dagrun for tutorial_taskflow_api to None, run_after=None
[2025-06-23T01:36:41.247+0000] {processor.py:208} INFO - Processing /home/airflow/.local/lib/python3.12/site-packages/airflow/example_dags/tutorial_taskflow_api.py took 0.034 seconds
[2025-06-23T01:37:11.304+0000] {processor.py:186} INFO - Started process (PID=28721) to work on /home/airflow/.local/lib/python3.12/site-packages/airflow/example_dags/tutorial_taskflow_api.py
[2025-06-23T01:37:11.305+0000] {processor.py:914} INFO - Processing file /home/airflow/.local/lib/python3.12/site-packages/airflow/example_dags/tutorial_taskflow_api.py for tasks to queue
[2025-06-23T01:37:11.305+0000] {logging_mixin.py:190} INFO - [2025-06-23T01:37:11.305+0000] {dagbag.py:588} INFO - Filling up the DagBag from /home/airflow/.local/lib/python3.12/site-packages/airflow/example_dags/tutorial_taskflow_api.py
[2025-06-23T01:37:11.309+0000] {processor.py:925} INFO - DAG(s) 'tutorial_taskflow_api' retrieved from /home/airflow/.local/lib/python3.12/site-packages/airflow/example_dags/tutorial_taskflow_api.py
[2025-06-23T01:37:11.317+0000] {logging_mixin.py:190} INFO - [2025-06-23T01:37:11.317+0000] {dag.py:3239} INFO - Sync 1 DAGs
[2025-06-23T01:37:11.323+0000] {logging_mixin.py:190} INFO - [2025-06-23T01:37:11.323+0000] {dag.py:4180} INFO - Setting next_dagrun for tutorial_taskflow_api to None, run_after=None
[2025-06-23T01:37:11.329+0000] {processor.py:208} INFO - Processing /home/airflow/.local/lib/python3.12/site-packages/airflow/example_dags/tutorial_taskflow_api.py took 0.027 seconds
[2025-06-23T02:28:28.486+0000] {processor.py:186} INFO - Started process (PID=28800) to work on /home/airflow/.local/lib/python3.12/site-packages/airflow/example_dags/tutorial_taskflow_api.py
[2025-06-23T02:28:28.487+0000] {processor.py:914} INFO - Processing file /home/airflow/.local/lib/python3.12/site-packages/airflow/example_dags/tutorial_taskflow_api.py for tasks to queue
[2025-06-23T02:28:28.489+0000] {logging_mixin.py:190} INFO - [2025-06-23T02:28:28.489+0000] {dagbag.py:588} INFO - Filling up the DagBag from /home/airflow/.local/lib/python3.12/site-packages/airflow/example_dags/tutorial_taskflow_api.py
[2025-06-23T02:28:28.502+0000] {processor.py:925} INFO - DAG(s) 'tutorial_taskflow_api' retrieved from /home/airflow/.local/lib/python3.12/site-packages/airflow/example_dags/tutorial_taskflow_api.py
[2025-06-23T02:28:28.515+0000] {logging_mixin.py:190} INFO - [2025-06-23T02:28:28.514+0000] {dag.py:3239} INFO - Sync 1 DAGs
[2025-06-23T02:28:28.523+0000] {logging_mixin.py:190} INFO - [2025-06-23T02:28:28.523+0000] {dag.py:4180} INFO - Setting next_dagrun for tutorial_taskflow_api to None, run_after=None
[2025-06-23T02:28:28.535+0000] {processor.py:208} INFO - Processing /home/airflow/.local/lib/python3.12/site-packages/airflow/example_dags/tutorial_taskflow_api.py took 0.052 seconds
[2025-06-23T02:38:08.719+0000] {processor.py:186} INFO - Started process (PID=28878) to work on /home/airflow/.local/lib/python3.12/site-packages/airflow/example_dags/tutorial_taskflow_api.py
[2025-06-23T02:38:08.719+0000] {processor.py:914} INFO - Processing file /home/airflow/.local/lib/python3.12/site-packages/airflow/example_dags/tutorial_taskflow_api.py for tasks to queue
[2025-06-23T02:38:08.720+0000] {logging_mixin.py:190} INFO - [2025-06-23T02:38:08.720+0000] {dagbag.py:588} INFO - Filling up the DagBag from /home/airflow/.local/lib/python3.12/site-packages/airflow/example_dags/tutorial_taskflow_api.py
[2025-06-23T02:38:08.724+0000] {processor.py:925} INFO - DAG(s) 'tutorial_taskflow_api' retrieved from /home/airflow/.local/lib/python3.12/site-packages/airflow/example_dags/tutorial_taskflow_api.py
[2025-06-23T02:38:08.733+0000] {logging_mixin.py:190} INFO - [2025-06-23T02:38:08.733+0000] {dag.py:3239} INFO - Sync 1 DAGs
[2025-06-23T02:38:08.739+0000] {logging_mixin.py:190} INFO - [2025-06-23T02:38:08.739+0000] {dag.py:4180} INFO - Setting next_dagrun for tutorial_taskflow_api to None, run_after=None
[2025-06-23T02:38:08.746+0000] {processor.py:208} INFO - Processing /home/airflow/.local/lib/python3.12/site-packages/airflow/example_dags/tutorial_taskflow_api.py took 0.030 seconds
[2025-06-23T03:10:45.472+0000] {processor.py:186} INFO - Started process (PID=28956) to work on /home/airflow/.local/lib/python3.12/site-packages/airflow/example_dags/tutorial_taskflow_api.py
[2025-06-23T03:10:45.473+0000] {processor.py:914} INFO - Processing file /home/airflow/.local/lib/python3.12/site-packages/airflow/example_dags/tutorial_taskflow_api.py for tasks to queue
[2025-06-23T03:10:45.474+0000] {logging_mixin.py:190} INFO - [2025-06-23T03:10:45.474+0000] {dagbag.py:588} INFO - Filling up the DagBag from /home/airflow/.local/lib/python3.12/site-packages/airflow/example_dags/tutorial_taskflow_api.py
[2025-06-23T03:10:45.479+0000] {processor.py:925} INFO - DAG(s) 'tutorial_taskflow_api' retrieved from /home/airflow/.local/lib/python3.12/site-packages/airflow/example_dags/tutorial_taskflow_api.py
[2025-06-23T03:10:45.490+0000] {logging_mixin.py:190} INFO - [2025-06-23T03:10:45.490+0000] {dag.py:3239} INFO - Sync 1 DAGs
[2025-06-23T03:10:45.498+0000] {logging_mixin.py:190} INFO - [2025-06-23T03:10:45.498+0000] {dag.py:4180} INFO - Setting next_dagrun for tutorial_taskflow_api to None, run_after=None
[2025-06-23T03:10:45.506+0000] {processor.py:208} INFO - Processing /home/airflow/.local/lib/python3.12/site-packages/airflow/example_dags/tutorial_taskflow_api.py took 0.038 seconds
[2025-06-23T03:38:54.084+0000] {processor.py:186} INFO - Started process (PID=29034) to work on /home/airflow/.local/lib/python3.12/site-packages/airflow/example_dags/tutorial_taskflow_api.py
[2025-06-23T03:38:54.085+0000] {processor.py:914} INFO - Processing file /home/airflow/.local/lib/python3.12/site-packages/airflow/example_dags/tutorial_taskflow_api.py for tasks to queue
[2025-06-23T03:38:54.086+0000] {logging_mixin.py:190} INFO - [2025-06-23T03:38:54.085+0000] {dagbag.py:588} INFO - Filling up the DagBag from /home/airflow/.local/lib/python3.12/site-packages/airflow/example_dags/tutorial_taskflow_api.py
[2025-06-23T03:38:54.096+0000] {processor.py:925} INFO - DAG(s) 'tutorial_taskflow_api' retrieved from /home/airflow/.local/lib/python3.12/site-packages/airflow/example_dags/tutorial_taskflow_api.py
[2025-06-23T03:38:54.108+0000] {logging_mixin.py:190} INFO - [2025-06-23T03:38:54.108+0000] {dag.py:3239} INFO - Sync 1 DAGs
[2025-06-23T03:38:54.113+0000] {logging_mixin.py:190} INFO - [2025-06-23T03:38:54.113+0000] {dag.py:4180} INFO - Setting next_dagrun for tutorial_taskflow_api to None, run_after=None
[2025-06-23T03:38:54.125+0000] {processor.py:208} INFO - Processing /home/airflow/.local/lib/python3.12/site-packages/airflow/example_dags/tutorial_taskflow_api.py took 0.045 seconds
[2025-06-23T04:39:46.511+0000] {processor.py:186} INFO - Started process (PID=29112) to work on /home/airflow/.local/lib/python3.12/site-packages/airflow/example_dags/tutorial_taskflow_api.py
[2025-06-23T04:39:46.512+0000] {processor.py:914} INFO - Processing file /home/airflow/.local/lib/python3.12/site-packages/airflow/example_dags/tutorial_taskflow_api.py for tasks to queue
[2025-06-23T04:39:46.512+0000] {logging_mixin.py:190} INFO - [2025-06-23T04:39:46.512+0000] {dagbag.py:588} INFO - Filling up the DagBag from /home/airflow/.local/lib/python3.12/site-packages/airflow/example_dags/tutorial_taskflow_api.py
[2025-06-23T04:39:46.518+0000] {processor.py:925} INFO - DAG(s) 'tutorial_taskflow_api' retrieved from /home/airflow/.local/lib/python3.12/site-packages/airflow/example_dags/tutorial_taskflow_api.py
[2025-06-23T04:39:46.529+0000] {logging_mixin.py:190} INFO - [2025-06-23T04:39:46.529+0000] {dag.py:3239} INFO - Sync 1 DAGs
[2025-06-23T04:39:46.535+0000] {logging_mixin.py:190} INFO - [2025-06-23T04:39:46.534+0000] {dag.py:4180} INFO - Setting next_dagrun for tutorial_taskflow_api to None, run_after=None
[2025-06-23T04:39:46.541+0000] {processor.py:208} INFO - Processing /home/airflow/.local/lib/python3.12/site-packages/airflow/example_dags/tutorial_taskflow_api.py took 0.033 seconds
[2025-06-23T05:32:39.155+0000] {processor.py:186} INFO - Started process (PID=29190) to work on /home/airflow/.local/lib/python3.12/site-packages/airflow/example_dags/tutorial_taskflow_api.py
[2025-06-23T05:32:39.156+0000] {processor.py:914} INFO - Processing file /home/airflow/.local/lib/python3.12/site-packages/airflow/example_dags/tutorial_taskflow_api.py for tasks to queue
[2025-06-23T05:32:39.156+0000] {logging_mixin.py:190} INFO - [2025-06-23T05:32:39.156+0000] {dagbag.py:588} INFO - Filling up the DagBag from /home/airflow/.local/lib/python3.12/site-packages/airflow/example_dags/tutorial_taskflow_api.py
[2025-06-23T05:32:39.161+0000] {processor.py:925} INFO - DAG(s) 'tutorial_taskflow_api' retrieved from /home/airflow/.local/lib/python3.12/site-packages/airflow/example_dags/tutorial_taskflow_api.py
[2025-06-23T05:32:39.173+0000] {logging_mixin.py:190} INFO - [2025-06-23T05:32:39.173+0000] {dag.py:3239} INFO - Sync 1 DAGs
[2025-06-23T05:32:39.180+0000] {logging_mixin.py:190} INFO - [2025-06-23T05:32:39.180+0000] {dag.py:4180} INFO - Setting next_dagrun for tutorial_taskflow_api to None, run_after=None
[2025-06-23T05:32:39.195+0000] {processor.py:208} INFO - Processing /home/airflow/.local/lib/python3.12/site-packages/airflow/example_dags/tutorial_taskflow_api.py took 0.043 seconds
[2025-06-23T05:33:09.297+0000] {processor.py:186} INFO - Started process (PID=29268) to work on /home/airflow/.local/lib/python3.12/site-packages/airflow/example_dags/tutorial_taskflow_api.py
[2025-06-23T05:33:09.301+0000] {processor.py:914} INFO - Processing file /home/airflow/.local/lib/python3.12/site-packages/airflow/example_dags/tutorial_taskflow_api.py for tasks to queue
[2025-06-23T05:33:09.304+0000] {logging_mixin.py:190} INFO - [2025-06-23T05:33:09.304+0000] {dagbag.py:588} INFO - Filling up the DagBag from /home/airflow/.local/lib/python3.12/site-packages/airflow/example_dags/tutorial_taskflow_api.py
[2025-06-23T05:33:09.312+0000] {processor.py:925} INFO - DAG(s) 'tutorial_taskflow_api' retrieved from /home/airflow/.local/lib/python3.12/site-packages/airflow/example_dags/tutorial_taskflow_api.py
[2025-06-23T05:33:09.326+0000] {logging_mixin.py:190} INFO - [2025-06-23T05:33:09.325+0000] {dag.py:3239} INFO - Sync 1 DAGs
[2025-06-23T05:33:09.333+0000] {logging_mixin.py:190} INFO - [2025-06-23T05:33:09.333+0000] {dag.py:4180} INFO - Setting next_dagrun for tutorial_taskflow_api to None, run_after=None
[2025-06-23T05:33:09.342+0000] {processor.py:208} INFO - Processing /home/airflow/.local/lib/python3.12/site-packages/airflow/example_dags/tutorial_taskflow_api.py took 0.048 seconds
[2025-06-23T05:33:39.762+0000] {processor.py:186} INFO - Started process (PID=29346) to work on /home/airflow/.local/lib/python3.12/site-packages/airflow/example_dags/tutorial_taskflow_api.py
[2025-06-23T05:33:39.763+0000] {processor.py:914} INFO - Processing file /home/airflow/.local/lib/python3.12/site-packages/airflow/example_dags/tutorial_taskflow_api.py for tasks to queue
[2025-06-23T05:33:39.766+0000] {logging_mixin.py:190} INFO - [2025-06-23T05:33:39.766+0000] {dagbag.py:588} INFO - Filling up the DagBag from /home/airflow/.local/lib/python3.12/site-packages/airflow/example_dags/tutorial_taskflow_api.py
[2025-06-23T05:33:39.772+0000] {processor.py:925} INFO - DAG(s) 'tutorial_taskflow_api' retrieved from /home/airflow/.local/lib/python3.12/site-packages/airflow/example_dags/tutorial_taskflow_api.py
[2025-06-23T05:33:39.783+0000] {logging_mixin.py:190} INFO - [2025-06-23T05:33:39.783+0000] {dag.py:3239} INFO - Sync 1 DAGs
[2025-06-23T05:33:39.789+0000] {logging_mixin.py:190} INFO - [2025-06-23T05:33:39.789+0000] {dag.py:4180} INFO - Setting next_dagrun for tutorial_taskflow_api to None, run_after=None
[2025-06-23T05:33:39.796+0000] {processor.py:208} INFO - Processing /home/airflow/.local/lib/python3.12/site-packages/airflow/example_dags/tutorial_taskflow_api.py took 0.037 seconds
[2025-06-23T05:34:12.590+0000] {processor.py:186} INFO - Started process (PID=29424) to work on /home/airflow/.local/lib/python3.12/site-packages/airflow/example_dags/tutorial_taskflow_api.py
[2025-06-23T05:34:12.602+0000] {processor.py:914} INFO - Processing file /home/airflow/.local/lib/python3.12/site-packages/airflow/example_dags/tutorial_taskflow_api.py for tasks to queue
[2025-06-23T05:34:12.605+0000] {logging_mixin.py:190} INFO - [2025-06-23T05:34:12.604+0000] {dagbag.py:588} INFO - Filling up the DagBag from /home/airflow/.local/lib/python3.12/site-packages/airflow/example_dags/tutorial_taskflow_api.py
[2025-06-23T05:34:12.629+0000] {processor.py:925} INFO - DAG(s) 'tutorial_taskflow_api' retrieved from /home/airflow/.local/lib/python3.12/site-packages/airflow/example_dags/tutorial_taskflow_api.py
[2025-06-23T05:34:12.657+0000] {logging_mixin.py:190} INFO - [2025-06-23T05:34:12.656+0000] {dag.py:3239} INFO - Sync 1 DAGs
[2025-06-23T05:34:12.674+0000] {logging_mixin.py:190} INFO - [2025-06-23T05:34:12.674+0000] {dag.py:4180} INFO - Setting next_dagrun for tutorial_taskflow_api to None, run_after=None
[2025-06-23T05:34:12.707+0000] {processor.py:208} INFO - Processing /home/airflow/.local/lib/python3.12/site-packages/airflow/example_dags/tutorial_taskflow_api.py took 0.122 seconds
[2025-06-23T05:34:44.204+0000] {processor.py:186} INFO - Started process (PID=29502) to work on /home/airflow/.local/lib/python3.12/site-packages/airflow/example_dags/tutorial_taskflow_api.py
[2025-06-23T05:34:44.229+0000] {processor.py:914} INFO - Processing file /home/airflow/.local/lib/python3.12/site-packages/airflow/example_dags/tutorial_taskflow_api.py for tasks to queue
[2025-06-23T05:34:44.243+0000] {logging_mixin.py:190} INFO - [2025-06-23T05:34:44.242+0000] {dagbag.py:588} INFO - Filling up the DagBag from /home/airflow/.local/lib/python3.12/site-packages/airflow/example_dags/tutorial_taskflow_api.py
[2025-06-23T05:34:44.271+0000] {processor.py:925} INFO - DAG(s) 'tutorial_taskflow_api' retrieved from /home/airflow/.local/lib/python3.12/site-packages/airflow/example_dags/tutorial_taskflow_api.py
[2025-06-23T05:34:44.371+0000] {logging_mixin.py:190} INFO - [2025-06-23T05:34:44.370+0000] {dag.py:3239} INFO - Sync 1 DAGs
[2025-06-23T05:34:44.437+0000] {logging_mixin.py:190} INFO - [2025-06-23T05:34:44.436+0000] {dag.py:4180} INFO - Setting next_dagrun for tutorial_taskflow_api to None, run_after=None
[2025-06-23T05:34:44.499+0000] {processor.py:208} INFO - Processing /home/airflow/.local/lib/python3.12/site-packages/airflow/example_dags/tutorial_taskflow_api.py took 0.315 seconds
[2025-06-23T05:35:16.795+0000] {processor.py:186} INFO - Started process (PID=29580) to work on /home/airflow/.local/lib/python3.12/site-packages/airflow/example_dags/tutorial_taskflow_api.py
[2025-06-23T05:35:16.863+0000] {processor.py:914} INFO - Processing file /home/airflow/.local/lib/python3.12/site-packages/airflow/example_dags/tutorial_taskflow_api.py for tasks to queue
[2025-06-23T05:35:16.867+0000] {logging_mixin.py:190} INFO - [2025-06-23T05:35:16.867+0000] {dagbag.py:588} INFO - Filling up the DagBag from /home/airflow/.local/lib/python3.12/site-packages/airflow/example_dags/tutorial_taskflow_api.py
[2025-06-23T05:35:16.900+0000] {processor.py:925} INFO - DAG(s) 'tutorial_taskflow_api' retrieved from /home/airflow/.local/lib/python3.12/site-packages/airflow/example_dags/tutorial_taskflow_api.py
[2025-06-23T05:35:16.990+0000] {logging_mixin.py:190} INFO - [2025-06-23T05:35:16.989+0000] {dag.py:3239} INFO - Sync 1 DAGs
[2025-06-23T05:35:17.030+0000] {logging_mixin.py:190} INFO - [2025-06-23T05:35:17.029+0000] {dag.py:4180} INFO - Setting next_dagrun for tutorial_taskflow_api to None, run_after=None
[2025-06-23T05:35:17.097+0000] {processor.py:208} INFO - Processing /home/airflow/.local/lib/python3.12/site-packages/airflow/example_dags/tutorial_taskflow_api.py took 0.316 seconds
[2025-06-23T05:35:47.856+0000] {processor.py:186} INFO - Started process (PID=29658) to work on /home/airflow/.local/lib/python3.12/site-packages/airflow/example_dags/tutorial_taskflow_api.py
[2025-06-23T05:35:47.857+0000] {processor.py:914} INFO - Processing file /home/airflow/.local/lib/python3.12/site-packages/airflow/example_dags/tutorial_taskflow_api.py for tasks to queue
[2025-06-23T05:35:47.860+0000] {logging_mixin.py:190} INFO - [2025-06-23T05:35:47.860+0000] {dagbag.py:588} INFO - Filling up the DagBag from /home/airflow/.local/lib/python3.12/site-packages/airflow/example_dags/tutorial_taskflow_api.py
[2025-06-23T05:35:47.867+0000] {processor.py:925} INFO - DAG(s) 'tutorial_taskflow_api' retrieved from /home/airflow/.local/lib/python3.12/site-packages/airflow/example_dags/tutorial_taskflow_api.py
[2025-06-23T05:35:47.883+0000] {logging_mixin.py:190} INFO - [2025-06-23T05:35:47.883+0000] {dag.py:3239} INFO - Sync 1 DAGs
[2025-06-23T05:35:47.890+0000] {logging_mixin.py:190} INFO - [2025-06-23T05:35:47.890+0000] {dag.py:4180} INFO - Setting next_dagrun for tutorial_taskflow_api to None, run_after=None
[2025-06-23T05:35:47.898+0000] {processor.py:208} INFO - Processing /home/airflow/.local/lib/python3.12/site-packages/airflow/example_dags/tutorial_taskflow_api.py took 0.046 seconds
[2025-06-23T05:36:18.337+0000] {processor.py:186} INFO - Started process (PID=29736) to work on /home/airflow/.local/lib/python3.12/site-packages/airflow/example_dags/tutorial_taskflow_api.py
[2025-06-23T05:36:18.339+0000] {processor.py:914} INFO - Processing file /home/airflow/.local/lib/python3.12/site-packages/airflow/example_dags/tutorial_taskflow_api.py for tasks to queue
[2025-06-23T05:36:18.339+0000] {logging_mixin.py:190} INFO - [2025-06-23T05:36:18.339+0000] {dagbag.py:588} INFO - Filling up the DagBag from /home/airflow/.local/lib/python3.12/site-packages/airflow/example_dags/tutorial_taskflow_api.py
[2025-06-23T05:36:18.347+0000] {processor.py:925} INFO - DAG(s) 'tutorial_taskflow_api' retrieved from /home/airflow/.local/lib/python3.12/site-packages/airflow/example_dags/tutorial_taskflow_api.py
[2025-06-23T05:36:18.360+0000] {logging_mixin.py:190} INFO - [2025-06-23T05:36:18.360+0000] {dag.py:3239} INFO - Sync 1 DAGs
[2025-06-23T05:36:18.367+0000] {logging_mixin.py:190} INFO - [2025-06-23T05:36:18.367+0000] {dag.py:4180} INFO - Setting next_dagrun for tutorial_taskflow_api to None, run_after=None
[2025-06-23T05:36:18.375+0000] {processor.py:208} INFO - Processing /home/airflow/.local/lib/python3.12/site-packages/airflow/example_dags/tutorial_taskflow_api.py took 0.041 seconds
[2025-06-23T05:36:48.564+0000] {processor.py:186} INFO - Started process (PID=29814) to work on /home/airflow/.local/lib/python3.12/site-packages/airflow/example_dags/tutorial_taskflow_api.py
[2025-06-23T05:36:48.567+0000] {processor.py:914} INFO - Processing file /home/airflow/.local/lib/python3.12/site-packages/airflow/example_dags/tutorial_taskflow_api.py for tasks to queue
[2025-06-23T05:36:48.571+0000] {logging_mixin.py:190} INFO - [2025-06-23T05:36:48.571+0000] {dagbag.py:588} INFO - Filling up the DagBag from /home/airflow/.local/lib/python3.12/site-packages/airflow/example_dags/tutorial_taskflow_api.py
[2025-06-23T05:36:48.577+0000] {processor.py:925} INFO - DAG(s) 'tutorial_taskflow_api' retrieved from /home/airflow/.local/lib/python3.12/site-packages/airflow/example_dags/tutorial_taskflow_api.py
[2025-06-23T05:36:48.597+0000] {logging_mixin.py:190} INFO - [2025-06-23T05:36:48.596+0000] {dag.py:3239} INFO - Sync 1 DAGs
[2025-06-23T05:36:48.604+0000] {logging_mixin.py:190} INFO - [2025-06-23T05:36:48.604+0000] {dag.py:4180} INFO - Setting next_dagrun for tutorial_taskflow_api to None, run_after=None
[2025-06-23T05:36:48.612+0000] {processor.py:208} INFO - Processing /home/airflow/.local/lib/python3.12/site-packages/airflow/example_dags/tutorial_taskflow_api.py took 0.052 seconds
[2025-06-23T05:37:18.934+0000] {processor.py:186} INFO - Started process (PID=29892) to work on /home/airflow/.local/lib/python3.12/site-packages/airflow/example_dags/tutorial_taskflow_api.py
[2025-06-23T05:37:18.935+0000] {processor.py:914} INFO - Processing file /home/airflow/.local/lib/python3.12/site-packages/airflow/example_dags/tutorial_taskflow_api.py for tasks to queue
[2025-06-23T05:37:18.935+0000] {logging_mixin.py:190} INFO - [2025-06-23T05:37:18.935+0000] {dagbag.py:588} INFO - Filling up the DagBag from /home/airflow/.local/lib/python3.12/site-packages/airflow/example_dags/tutorial_taskflow_api.py
[2025-06-23T05:37:18.946+0000] {processor.py:925} INFO - DAG(s) 'tutorial_taskflow_api' retrieved from /home/airflow/.local/lib/python3.12/site-packages/airflow/example_dags/tutorial_taskflow_api.py
[2025-06-23T05:37:18.958+0000] {logging_mixin.py:190} INFO - [2025-06-23T05:37:18.958+0000] {dag.py:3239} INFO - Sync 1 DAGs
[2025-06-23T05:37:18.966+0000] {logging_mixin.py:190} INFO - [2025-06-23T05:37:18.966+0000] {dag.py:4180} INFO - Setting next_dagrun for tutorial_taskflow_api to None, run_after=None
[2025-06-23T05:37:18.974+0000] {processor.py:208} INFO - Processing /home/airflow/.local/lib/python3.12/site-packages/airflow/example_dags/tutorial_taskflow_api.py took 0.043 seconds
[2025-06-23T05:37:49.918+0000] {processor.py:186} INFO - Started process (PID=29970) to work on /home/airflow/.local/lib/python3.12/site-packages/airflow/example_dags/tutorial_taskflow_api.py
[2025-06-23T05:37:49.920+0000] {processor.py:914} INFO - Processing file /home/airflow/.local/lib/python3.12/site-packages/airflow/example_dags/tutorial_taskflow_api.py for tasks to queue
[2025-06-23T05:37:49.920+0000] {logging_mixin.py:190} INFO - [2025-06-23T05:37:49.920+0000] {dagbag.py:588} INFO - Filling up the DagBag from /home/airflow/.local/lib/python3.12/site-packages/airflow/example_dags/tutorial_taskflow_api.py
[2025-06-23T05:37:49.927+0000] {processor.py:925} INFO - DAG(s) 'tutorial_taskflow_api' retrieved from /home/airflow/.local/lib/python3.12/site-packages/airflow/example_dags/tutorial_taskflow_api.py
[2025-06-23T05:37:49.937+0000] {logging_mixin.py:190} INFO - [2025-06-23T05:37:49.937+0000] {dag.py:3239} INFO - Sync 1 DAGs
[2025-06-23T05:37:49.944+0000] {logging_mixin.py:190} INFO - [2025-06-23T05:37:49.944+0000] {dag.py:4180} INFO - Setting next_dagrun for tutorial_taskflow_api to None, run_after=None
[2025-06-23T05:37:49.952+0000] {processor.py:208} INFO - Processing /home/airflow/.local/lib/python3.12/site-packages/airflow/example_dags/tutorial_taskflow_api.py took 0.037 seconds
[2025-06-23T05:38:20.472+0000] {processor.py:186} INFO - Started process (PID=30048) to work on /home/airflow/.local/lib/python3.12/site-packages/airflow/example_dags/tutorial_taskflow_api.py
[2025-06-23T05:38:20.479+0000] {processor.py:914} INFO - Processing file /home/airflow/.local/lib/python3.12/site-packages/airflow/example_dags/tutorial_taskflow_api.py for tasks to queue
[2025-06-23T05:38:20.481+0000] {logging_mixin.py:190} INFO - [2025-06-23T05:38:20.480+0000] {dagbag.py:588} INFO - Filling up the DagBag from /home/airflow/.local/lib/python3.12/site-packages/airflow/example_dags/tutorial_taskflow_api.py
[2025-06-23T05:38:20.490+0000] {processor.py:925} INFO - DAG(s) 'tutorial_taskflow_api' retrieved from /home/airflow/.local/lib/python3.12/site-packages/airflow/example_dags/tutorial_taskflow_api.py
[2025-06-23T05:38:20.507+0000] {logging_mixin.py:190} INFO - [2025-06-23T05:38:20.507+0000] {dag.py:3239} INFO - Sync 1 DAGs
[2025-06-23T05:38:20.519+0000] {logging_mixin.py:190} INFO - [2025-06-23T05:38:20.518+0000] {dag.py:4180} INFO - Setting next_dagrun for tutorial_taskflow_api to None, run_after=None
[2025-06-23T05:38:20.536+0000] {processor.py:208} INFO - Processing /home/airflow/.local/lib/python3.12/site-packages/airflow/example_dags/tutorial_taskflow_api.py took 0.069 seconds
[2025-06-23T05:38:50.575+0000] {processor.py:186} INFO - Started process (PID=30125) to work on /home/airflow/.local/lib/python3.12/site-packages/airflow/example_dags/tutorial_taskflow_api.py
[2025-06-23T05:38:50.577+0000] {processor.py:914} INFO - Processing file /home/airflow/.local/lib/python3.12/site-packages/airflow/example_dags/tutorial_taskflow_api.py for tasks to queue
[2025-06-23T05:38:50.578+0000] {logging_mixin.py:190} INFO - [2025-06-23T05:38:50.578+0000] {dagbag.py:588} INFO - Filling up the DagBag from /home/airflow/.local/lib/python3.12/site-packages/airflow/example_dags/tutorial_taskflow_api.py
[2025-06-23T05:38:50.586+0000] {processor.py:925} INFO - DAG(s) 'tutorial_taskflow_api' retrieved from /home/airflow/.local/lib/python3.12/site-packages/airflow/example_dags/tutorial_taskflow_api.py
[2025-06-23T05:38:50.600+0000] {logging_mixin.py:190} INFO - [2025-06-23T05:38:50.600+0000] {dag.py:3239} INFO - Sync 1 DAGs
[2025-06-23T05:38:50.607+0000] {logging_mixin.py:190} INFO - [2025-06-23T05:38:50.607+0000] {dag.py:4180} INFO - Setting next_dagrun for tutorial_taskflow_api to None, run_after=None
[2025-06-23T05:38:50.618+0000] {processor.py:208} INFO - Processing /home/airflow/.local/lib/python3.12/site-packages/airflow/example_dags/tutorial_taskflow_api.py took 0.049 seconds
[2025-06-23T05:39:20.810+0000] {processor.py:186} INFO - Started process (PID=30204) to work on /home/airflow/.local/lib/python3.12/site-packages/airflow/example_dags/tutorial_taskflow_api.py
[2025-06-23T05:39:20.814+0000] {processor.py:914} INFO - Processing file /home/airflow/.local/lib/python3.12/site-packages/airflow/example_dags/tutorial_taskflow_api.py for tasks to queue
[2025-06-23T05:39:20.815+0000] {logging_mixin.py:190} INFO - [2025-06-23T05:39:20.814+0000] {dagbag.py:588} INFO - Filling up the DagBag from /home/airflow/.local/lib/python3.12/site-packages/airflow/example_dags/tutorial_taskflow_api.py
[2025-06-23T05:39:20.829+0000] {processor.py:925} INFO - DAG(s) 'tutorial_taskflow_api' retrieved from /home/airflow/.local/lib/python3.12/site-packages/airflow/example_dags/tutorial_taskflow_api.py
[2025-06-23T05:39:20.845+0000] {logging_mixin.py:190} INFO - [2025-06-23T05:39:20.845+0000] {dag.py:3239} INFO - Sync 1 DAGs
[2025-06-23T05:39:20.855+0000] {logging_mixin.py:190} INFO - [2025-06-23T05:39:20.855+0000] {dag.py:4180} INFO - Setting next_dagrun for tutorial_taskflow_api to None, run_after=None
[2025-06-23T05:39:20.871+0000] {processor.py:208} INFO - Processing /home/airflow/.local/lib/python3.12/site-packages/airflow/example_dags/tutorial_taskflow_api.py took 0.065 seconds
[2025-06-23T06:25:47.307+0000] {processor.py:186} INFO - Started process (PID=30257) to work on /home/airflow/.local/lib/python3.12/site-packages/airflow/example_dags/tutorial_taskflow_api.py
[2025-06-23T06:25:47.308+0000] {processor.py:914} INFO - Processing file /home/airflow/.local/lib/python3.12/site-packages/airflow/example_dags/tutorial_taskflow_api.py for tasks to queue
[2025-06-23T06:25:47.309+0000] {logging_mixin.py:190} INFO - [2025-06-23T06:25:47.309+0000] {dagbag.py:588} INFO - Filling up the DagBag from /home/airflow/.local/lib/python3.12/site-packages/airflow/example_dags/tutorial_taskflow_api.py
[2025-06-23T06:25:47.317+0000] {processor.py:925} INFO - DAG(s) 'tutorial_taskflow_api' retrieved from /home/airflow/.local/lib/python3.12/site-packages/airflow/example_dags/tutorial_taskflow_api.py
[2025-06-23T06:25:47.333+0000] {logging_mixin.py:190} INFO - [2025-06-23T06:25:47.333+0000] {dag.py:3239} INFO - Sync 1 DAGs
[2025-06-23T06:25:47.346+0000] {logging_mixin.py:190} INFO - [2025-06-23T06:25:47.346+0000] {dag.py:4180} INFO - Setting next_dagrun for tutorial_taskflow_api to None, run_after=None
[2025-06-23T06:25:47.355+0000] {processor.py:208} INFO - Processing /home/airflow/.local/lib/python3.12/site-packages/airflow/example_dags/tutorial_taskflow_api.py took 0.056 seconds
[2025-06-23T06:27:11.825+0000] {processor.py:186} INFO - Started process (PID=30335) to work on /home/airflow/.local/lib/python3.12/site-packages/airflow/example_dags/tutorial_taskflow_api.py
[2025-06-23T06:27:11.828+0000] {processor.py:914} INFO - Processing file /home/airflow/.local/lib/python3.12/site-packages/airflow/example_dags/tutorial_taskflow_api.py for tasks to queue
[2025-06-23T06:27:11.828+0000] {logging_mixin.py:190} INFO - [2025-06-23T06:27:11.828+0000] {dagbag.py:588} INFO - Filling up the DagBag from /home/airflow/.local/lib/python3.12/site-packages/airflow/example_dags/tutorial_taskflow_api.py
[2025-06-23T06:27:11.833+0000] {processor.py:925} INFO - DAG(s) 'tutorial_taskflow_api' retrieved from /home/airflow/.local/lib/python3.12/site-packages/airflow/example_dags/tutorial_taskflow_api.py
[2025-06-23T06:27:11.843+0000] {logging_mixin.py:190} INFO - [2025-06-23T06:27:11.842+0000] {dag.py:3239} INFO - Sync 1 DAGs
[2025-06-23T06:27:11.849+0000] {logging_mixin.py:190} INFO - [2025-06-23T06:27:11.849+0000] {dag.py:4180} INFO - Setting next_dagrun for tutorial_taskflow_api to None, run_after=None
[2025-06-23T06:27:11.858+0000] {processor.py:208} INFO - Processing /home/airflow/.local/lib/python3.12/site-packages/airflow/example_dags/tutorial_taskflow_api.py took 0.036 seconds
[2025-06-23T06:34:08.015+0000] {processor.py:186} INFO - Started process (PID=30413) to work on /home/airflow/.local/lib/python3.12/site-packages/airflow/example_dags/tutorial_taskflow_api.py
[2025-06-23T06:34:08.016+0000] {processor.py:914} INFO - Processing file /home/airflow/.local/lib/python3.12/site-packages/airflow/example_dags/tutorial_taskflow_api.py for tasks to queue
[2025-06-23T06:34:08.017+0000] {logging_mixin.py:190} INFO - [2025-06-23T06:34:08.017+0000] {dagbag.py:588} INFO - Filling up the DagBag from /home/airflow/.local/lib/python3.12/site-packages/airflow/example_dags/tutorial_taskflow_api.py
[2025-06-23T06:34:08.021+0000] {processor.py:925} INFO - DAG(s) 'tutorial_taskflow_api' retrieved from /home/airflow/.local/lib/python3.12/site-packages/airflow/example_dags/tutorial_taskflow_api.py
[2025-06-23T06:34:08.029+0000] {logging_mixin.py:190} INFO - [2025-06-23T06:34:08.029+0000] {dag.py:3239} INFO - Sync 1 DAGs
[2025-06-23T06:34:08.036+0000] {logging_mixin.py:190} INFO - [2025-06-23T06:34:08.036+0000] {dag.py:4180} INFO - Setting next_dagrun for tutorial_taskflow_api to None, run_after=None
[2025-06-23T06:34:08.046+0000] {processor.py:208} INFO - Processing /home/airflow/.local/lib/python3.12/site-packages/airflow/example_dags/tutorial_taskflow_api.py took 0.034 seconds
[2025-06-23T06:35:37.103+0000] {processor.py:186} INFO - Started process (PID=30491) to work on /home/airflow/.local/lib/python3.12/site-packages/airflow/example_dags/tutorial_taskflow_api.py
[2025-06-23T06:35:37.103+0000] {processor.py:914} INFO - Processing file /home/airflow/.local/lib/python3.12/site-packages/airflow/example_dags/tutorial_taskflow_api.py for tasks to queue
[2025-06-23T06:35:37.104+0000] {logging_mixin.py:190} INFO - [2025-06-23T06:35:37.104+0000] {dagbag.py:588} INFO - Filling up the DagBag from /home/airflow/.local/lib/python3.12/site-packages/airflow/example_dags/tutorial_taskflow_api.py
[2025-06-23T06:35:37.108+0000] {processor.py:925} INFO - DAG(s) 'tutorial_taskflow_api' retrieved from /home/airflow/.local/lib/python3.12/site-packages/airflow/example_dags/tutorial_taskflow_api.py
[2025-06-23T06:35:37.118+0000] {logging_mixin.py:190} INFO - [2025-06-23T06:35:37.118+0000] {dag.py:3239} INFO - Sync 1 DAGs
[2025-06-23T06:35:37.127+0000] {logging_mixin.py:190} INFO - [2025-06-23T06:35:37.127+0000] {dag.py:4180} INFO - Setting next_dagrun for tutorial_taskflow_api to None, run_after=None
[2025-06-23T06:35:37.135+0000] {processor.py:208} INFO - Processing /home/airflow/.local/lib/python3.12/site-packages/airflow/example_dags/tutorial_taskflow_api.py took 0.034 seconds
[2025-06-23T06:36:36.358+0000] {processor.py:186} INFO - Started process (PID=30569) to work on /home/airflow/.local/lib/python3.12/site-packages/airflow/example_dags/tutorial_taskflow_api.py
[2025-06-23T06:36:36.359+0000] {processor.py:914} INFO - Processing file /home/airflow/.local/lib/python3.12/site-packages/airflow/example_dags/tutorial_taskflow_api.py for tasks to queue
[2025-06-23T06:36:36.359+0000] {logging_mixin.py:190} INFO - [2025-06-23T06:36:36.359+0000] {dagbag.py:588} INFO - Filling up the DagBag from /home/airflow/.local/lib/python3.12/site-packages/airflow/example_dags/tutorial_taskflow_api.py
[2025-06-23T06:36:36.363+0000] {processor.py:925} INFO - DAG(s) 'tutorial_taskflow_api' retrieved from /home/airflow/.local/lib/python3.12/site-packages/airflow/example_dags/tutorial_taskflow_api.py
[2025-06-23T06:36:36.374+0000] {logging_mixin.py:190} INFO - [2025-06-23T06:36:36.374+0000] {dag.py:3239} INFO - Sync 1 DAGs
[2025-06-23T06:36:36.380+0000] {logging_mixin.py:190} INFO - [2025-06-23T06:36:36.380+0000] {dag.py:4180} INFO - Setting next_dagrun for tutorial_taskflow_api to None, run_after=None
[2025-06-23T06:36:36.387+0000] {processor.py:208} INFO - Processing /home/airflow/.local/lib/python3.12/site-packages/airflow/example_dags/tutorial_taskflow_api.py took 0.031 seconds
[2025-06-23T07:13:28.935+0000] {processor.py:186} INFO - Started process (PID=30647) to work on /home/airflow/.local/lib/python3.12/site-packages/airflow/example_dags/tutorial_taskflow_api.py
[2025-06-23T07:13:28.935+0000] {processor.py:914} INFO - Processing file /home/airflow/.local/lib/python3.12/site-packages/airflow/example_dags/tutorial_taskflow_api.py for tasks to queue
[2025-06-23T07:13:28.936+0000] {logging_mixin.py:190} INFO - [2025-06-23T07:13:28.936+0000] {dagbag.py:588} INFO - Filling up the DagBag from /home/airflow/.local/lib/python3.12/site-packages/airflow/example_dags/tutorial_taskflow_api.py
[2025-06-23T07:13:28.941+0000] {processor.py:925} INFO - DAG(s) 'tutorial_taskflow_api' retrieved from /home/airflow/.local/lib/python3.12/site-packages/airflow/example_dags/tutorial_taskflow_api.py
[2025-06-23T07:13:28.951+0000] {logging_mixin.py:190} INFO - [2025-06-23T07:13:28.951+0000] {dag.py:3239} INFO - Sync 1 DAGs
[2025-06-23T07:13:28.957+0000] {logging_mixin.py:190} INFO - [2025-06-23T07:13:28.957+0000] {dag.py:4180} INFO - Setting next_dagrun for tutorial_taskflow_api to None, run_after=None
[2025-06-23T07:13:28.966+0000] {processor.py:208} INFO - Processing /home/airflow/.local/lib/python3.12/site-packages/airflow/example_dags/tutorial_taskflow_api.py took 0.034 seconds
