[2025-05-22T07:18:44.951+0000] {processor.py:186} INFO - Started process (PID=62) to work on /opt/airflow/dags/slurm_20250428_073538.py
[2025-05-22T07:18:44.952+0000] {processor.py:914} INFO - Processing file /opt/airflow/dags/slurm_20250428_073538.py for tasks to queue
[2025-05-22T07:18:44.956+0000] {logging_mixin.py:190} INFO - [2025-05-22T07:18:44.955+0000] {dagbag.py:588} INFO - Filling up the DagBag from /opt/airflow/dags/slurm_20250428_073538.py
[2025-05-22T07:18:44.966+0000] {processor.py:925} INFO - DAG(s) 'slurm_20250428_073538' retrieved from /opt/airflow/dags/slurm_20250428_073538.py
[2025-05-22T07:18:45.004+0000] {logging_mixin.py:190} INFO - [2025-05-22T07:18:45.004+0000] {dag.py:3239} INFO - Sync 1 DAGs
[2025-05-22T07:18:45.032+0000] {logging_mixin.py:190} INFO - [2025-05-22T07:18:45.032+0000] {dag.py:4180} INFO - Setting next_dagrun for slurm_20250428_073538 to None, run_after=None
[2025-05-22T07:18:45.059+0000] {processor.py:208} INFO - Processing /opt/airflow/dags/slurm_20250428_073538.py took 0.116 seconds
[2025-05-22T07:19:15.935+0000] {processor.py:186} INFO - Started process (PID=130) to work on /opt/airflow/dags/slurm_20250428_073538.py
[2025-05-22T07:19:15.938+0000] {processor.py:914} INFO - Processing file /opt/airflow/dags/slurm_20250428_073538.py for tasks to queue
[2025-05-22T07:19:15.954+0000] {logging_mixin.py:190} INFO - [2025-05-22T07:19:15.950+0000] {dagbag.py:588} INFO - Filling up the DagBag from /opt/airflow/dags/slurm_20250428_073538.py
[2025-05-22T07:19:15.994+0000] {processor.py:925} INFO - DAG(s) 'slurm_20250428_073538' retrieved from /opt/airflow/dags/slurm_20250428_073538.py
[2025-05-22T07:19:16.049+0000] {logging_mixin.py:190} INFO - [2025-05-22T07:19:16.049+0000] {dag.py:3239} INFO - Sync 1 DAGs
[2025-05-22T07:19:16.094+0000] {logging_mixin.py:190} INFO - [2025-05-22T07:19:16.094+0000] {dag.py:4180} INFO - Setting next_dagrun for slurm_20250428_073538 to None, run_after=None
[2025-05-22T07:19:16.202+0000] {processor.py:208} INFO - Processing /opt/airflow/dags/slurm_20250428_073538.py took 0.301 seconds
[2025-05-22T07:19:47.108+0000] {processor.py:186} INFO - Started process (PID=198) to work on /opt/airflow/dags/slurm_20250428_073538.py
[2025-05-22T07:19:47.110+0000] {processor.py:914} INFO - Processing file /opt/airflow/dags/slurm_20250428_073538.py for tasks to queue
[2025-05-22T07:19:47.113+0000] {logging_mixin.py:190} INFO - [2025-05-22T07:19:47.112+0000] {dagbag.py:588} INFO - Filling up the DagBag from /opt/airflow/dags/slurm_20250428_073538.py
[2025-05-22T07:19:47.124+0000] {processor.py:925} INFO - DAG(s) 'slurm_20250428_073538' retrieved from /opt/airflow/dags/slurm_20250428_073538.py
[2025-05-22T07:19:47.142+0000] {logging_mixin.py:190} INFO - [2025-05-22T07:19:47.142+0000] {dag.py:3239} INFO - Sync 1 DAGs
[2025-05-22T07:19:47.164+0000] {logging_mixin.py:190} INFO - [2025-05-22T07:19:47.164+0000] {dag.py:4180} INFO - Setting next_dagrun for slurm_20250428_073538 to None, run_after=None
[2025-05-22T07:19:47.183+0000] {processor.py:208} INFO - Processing /opt/airflow/dags/slurm_20250428_073538.py took 0.082 seconds
[2025-05-22T07:20:18.066+0000] {processor.py:186} INFO - Started process (PID=266) to work on /opt/airflow/dags/slurm_20250428_073538.py
[2025-05-22T07:20:18.068+0000] {processor.py:914} INFO - Processing file /opt/airflow/dags/slurm_20250428_073538.py for tasks to queue
[2025-05-22T07:20:18.071+0000] {logging_mixin.py:190} INFO - [2025-05-22T07:20:18.070+0000] {dagbag.py:588} INFO - Filling up the DagBag from /opt/airflow/dags/slurm_20250428_073538.py
[2025-05-22T07:20:18.078+0000] {processor.py:925} INFO - DAG(s) 'slurm_20250428_073538' retrieved from /opt/airflow/dags/slurm_20250428_073538.py
[2025-05-22T07:20:18.097+0000] {logging_mixin.py:190} INFO - [2025-05-22T07:20:18.097+0000] {dag.py:3239} INFO - Sync 1 DAGs
[2025-05-22T07:20:18.120+0000] {logging_mixin.py:190} INFO - [2025-05-22T07:20:18.120+0000] {dag.py:4180} INFO - Setting next_dagrun for slurm_20250428_073538 to None, run_after=None
[2025-05-22T07:20:18.140+0000] {processor.py:208} INFO - Processing /opt/airflow/dags/slurm_20250428_073538.py took 0.081 seconds
[2025-05-22T07:20:48.833+0000] {processor.py:186} INFO - Started process (PID=334) to work on /opt/airflow/dags/slurm_20250428_073538.py
[2025-05-22T07:20:48.835+0000] {processor.py:914} INFO - Processing file /opt/airflow/dags/slurm_20250428_073538.py for tasks to queue
[2025-05-22T07:20:48.838+0000] {logging_mixin.py:190} INFO - [2025-05-22T07:20:48.837+0000] {dagbag.py:588} INFO - Filling up the DagBag from /opt/airflow/dags/slurm_20250428_073538.py
[2025-05-22T07:20:48.845+0000] {processor.py:925} INFO - DAG(s) 'slurm_20250428_073538' retrieved from /opt/airflow/dags/slurm_20250428_073538.py
[2025-05-22T07:20:48.865+0000] {logging_mixin.py:190} INFO - [2025-05-22T07:20:48.864+0000] {dag.py:3239} INFO - Sync 1 DAGs
[2025-05-22T07:20:48.889+0000] {logging_mixin.py:190} INFO - [2025-05-22T07:20:48.889+0000] {dag.py:4180} INFO - Setting next_dagrun for slurm_20250428_073538 to None, run_after=None
[2025-05-22T07:20:48.908+0000] {processor.py:208} INFO - Processing /opt/airflow/dags/slurm_20250428_073538.py took 0.081 seconds
[2025-05-22T07:21:19.577+0000] {processor.py:186} INFO - Started process (PID=402) to work on /opt/airflow/dags/slurm_20250428_073538.py
[2025-05-22T07:21:19.579+0000] {processor.py:914} INFO - Processing file /opt/airflow/dags/slurm_20250428_073538.py for tasks to queue
[2025-05-22T07:21:19.582+0000] {logging_mixin.py:190} INFO - [2025-05-22T07:21:19.582+0000] {dagbag.py:588} INFO - Filling up the DagBag from /opt/airflow/dags/slurm_20250428_073538.py
[2025-05-22T07:21:19.596+0000] {processor.py:925} INFO - DAG(s) 'slurm_20250428_073538' retrieved from /opt/airflow/dags/slurm_20250428_073538.py
[2025-05-22T07:21:19.619+0000] {logging_mixin.py:190} INFO - [2025-05-22T07:21:19.619+0000] {dag.py:3239} INFO - Sync 1 DAGs
[2025-05-22T07:21:19.644+0000] {logging_mixin.py:190} INFO - [2025-05-22T07:21:19.644+0000] {dag.py:4180} INFO - Setting next_dagrun for slurm_20250428_073538 to None, run_after=None
[2025-05-22T07:21:19.665+0000] {processor.py:208} INFO - Processing /opt/airflow/dags/slurm_20250428_073538.py took 0.095 seconds
[2025-05-22T07:21:49.924+0000] {processor.py:186} INFO - Started process (PID=470) to work on /opt/airflow/dags/slurm_20250428_073538.py
[2025-05-22T07:21:49.925+0000] {processor.py:914} INFO - Processing file /opt/airflow/dags/slurm_20250428_073538.py for tasks to queue
[2025-05-22T07:21:49.928+0000] {logging_mixin.py:190} INFO - [2025-05-22T07:21:49.928+0000] {dagbag.py:588} INFO - Filling up the DagBag from /opt/airflow/dags/slurm_20250428_073538.py
[2025-05-22T07:21:49.936+0000] {processor.py:925} INFO - DAG(s) 'slurm_20250428_073538' retrieved from /opt/airflow/dags/slurm_20250428_073538.py
[2025-05-22T07:21:49.955+0000] {logging_mixin.py:190} INFO - [2025-05-22T07:21:49.955+0000] {dag.py:3239} INFO - Sync 1 DAGs
[2025-05-22T07:21:49.980+0000] {logging_mixin.py:190} INFO - [2025-05-22T07:21:49.980+0000] {dag.py:4180} INFO - Setting next_dagrun for slurm_20250428_073538 to None, run_after=None
[2025-05-22T07:21:50.001+0000] {processor.py:208} INFO - Processing /opt/airflow/dags/slurm_20250428_073538.py took 0.084 seconds
[2025-05-22T07:22:20.138+0000] {processor.py:186} INFO - Started process (PID=538) to work on /opt/airflow/dags/slurm_20250428_073538.py
[2025-05-22T07:22:20.139+0000] {processor.py:914} INFO - Processing file /opt/airflow/dags/slurm_20250428_073538.py for tasks to queue
[2025-05-22T07:22:20.142+0000] {logging_mixin.py:190} INFO - [2025-05-22T07:22:20.141+0000] {dagbag.py:588} INFO - Filling up the DagBag from /opt/airflow/dags/slurm_20250428_073538.py
[2025-05-22T07:22:20.151+0000] {processor.py:925} INFO - DAG(s) 'slurm_20250428_073538' retrieved from /opt/airflow/dags/slurm_20250428_073538.py
[2025-05-22T07:22:20.176+0000] {logging_mixin.py:190} INFO - [2025-05-22T07:22:20.176+0000] {dag.py:3239} INFO - Sync 1 DAGs
[2025-05-22T07:22:20.199+0000] {logging_mixin.py:190} INFO - [2025-05-22T07:22:20.198+0000] {dag.py:4180} INFO - Setting next_dagrun for slurm_20250428_073538 to None, run_after=None
[2025-05-22T07:22:20.221+0000] {processor.py:208} INFO - Processing /opt/airflow/dags/slurm_20250428_073538.py took 0.089 seconds
[2025-05-22T07:22:50.644+0000] {processor.py:186} INFO - Started process (PID=606) to work on /opt/airflow/dags/slurm_20250428_073538.py
[2025-05-22T07:22:50.645+0000] {processor.py:914} INFO - Processing file /opt/airflow/dags/slurm_20250428_073538.py for tasks to queue
[2025-05-22T07:22:50.648+0000] {logging_mixin.py:190} INFO - [2025-05-22T07:22:50.648+0000] {dagbag.py:588} INFO - Filling up the DagBag from /opt/airflow/dags/slurm_20250428_073538.py
[2025-05-22T07:22:50.655+0000] {processor.py:925} INFO - DAG(s) 'slurm_20250428_073538' retrieved from /opt/airflow/dags/slurm_20250428_073538.py
[2025-05-22T07:22:50.676+0000] {logging_mixin.py:190} INFO - [2025-05-22T07:22:50.676+0000] {dag.py:3239} INFO - Sync 1 DAGs
[2025-05-22T07:22:50.702+0000] {logging_mixin.py:190} INFO - [2025-05-22T07:22:50.701+0000] {dag.py:4180} INFO - Setting next_dagrun for slurm_20250428_073538 to None, run_after=None
[2025-05-22T07:22:50.725+0000] {processor.py:208} INFO - Processing /opt/airflow/dags/slurm_20250428_073538.py took 0.087 seconds
[2025-05-22T07:23:20.908+0000] {processor.py:186} INFO - Started process (PID=674) to work on /opt/airflow/dags/slurm_20250428_073538.py
[2025-05-22T07:23:20.909+0000] {processor.py:914} INFO - Processing file /opt/airflow/dags/slurm_20250428_073538.py for tasks to queue
[2025-05-22T07:23:20.913+0000] {logging_mixin.py:190} INFO - [2025-05-22T07:23:20.913+0000] {dagbag.py:588} INFO - Filling up the DagBag from /opt/airflow/dags/slurm_20250428_073538.py
[2025-05-22T07:23:20.925+0000] {processor.py:925} INFO - DAG(s) 'slurm_20250428_073538' retrieved from /opt/airflow/dags/slurm_20250428_073538.py
[2025-05-22T07:23:20.945+0000] {logging_mixin.py:190} INFO - [2025-05-22T07:23:20.944+0000] {dag.py:3239} INFO - Sync 1 DAGs
[2025-05-22T07:23:20.968+0000] {logging_mixin.py:190} INFO - [2025-05-22T07:23:20.967+0000] {dag.py:4180} INFO - Setting next_dagrun for slurm_20250428_073538 to None, run_after=None
[2025-05-22T07:23:20.988+0000] {processor.py:208} INFO - Processing /opt/airflow/dags/slurm_20250428_073538.py took 0.087 seconds
[2025-05-22T07:23:51.220+0000] {processor.py:186} INFO - Started process (PID=742) to work on /opt/airflow/dags/slurm_20250428_073538.py
[2025-05-22T07:23:51.222+0000] {processor.py:914} INFO - Processing file /opt/airflow/dags/slurm_20250428_073538.py for tasks to queue
[2025-05-22T07:23:51.225+0000] {logging_mixin.py:190} INFO - [2025-05-22T07:23:51.224+0000] {dagbag.py:588} INFO - Filling up the DagBag from /opt/airflow/dags/slurm_20250428_073538.py
[2025-05-22T07:23:51.236+0000] {processor.py:925} INFO - DAG(s) 'slurm_20250428_073538' retrieved from /opt/airflow/dags/slurm_20250428_073538.py
[2025-05-22T07:23:51.255+0000] {logging_mixin.py:190} INFO - [2025-05-22T07:23:51.255+0000] {dag.py:3239} INFO - Sync 1 DAGs
[2025-05-22T07:23:51.278+0000] {logging_mixin.py:190} INFO - [2025-05-22T07:23:51.278+0000] {dag.py:4180} INFO - Setting next_dagrun for slurm_20250428_073538 to None, run_after=None
[2025-05-22T07:23:51.298+0000] {processor.py:208} INFO - Processing /opt/airflow/dags/slurm_20250428_073538.py took 0.085 seconds
[2025-05-22T07:24:21.337+0000] {processor.py:186} INFO - Started process (PID=809) to work on /opt/airflow/dags/slurm_20250428_073538.py
[2025-05-22T07:24:21.338+0000] {processor.py:914} INFO - Processing file /opt/airflow/dags/slurm_20250428_073538.py for tasks to queue
[2025-05-22T07:24:21.341+0000] {logging_mixin.py:190} INFO - [2025-05-22T07:24:21.341+0000] {dagbag.py:588} INFO - Filling up the DagBag from /opt/airflow/dags/slurm_20250428_073538.py
[2025-05-22T07:24:21.348+0000] {processor.py:925} INFO - DAG(s) 'slurm_20250428_073538' retrieved from /opt/airflow/dags/slurm_20250428_073538.py
[2025-05-22T07:24:21.367+0000] {logging_mixin.py:190} INFO - [2025-05-22T07:24:21.367+0000] {dag.py:3239} INFO - Sync 1 DAGs
[2025-05-22T07:24:21.390+0000] {logging_mixin.py:190} INFO - [2025-05-22T07:24:21.390+0000] {dag.py:4180} INFO - Setting next_dagrun for slurm_20250428_073538 to None, run_after=None
[2025-05-22T07:24:21.419+0000] {processor.py:208} INFO - Processing /opt/airflow/dags/slurm_20250428_073538.py took 0.088 seconds
[2025-05-22T07:24:51.647+0000] {processor.py:186} INFO - Started process (PID=877) to work on /opt/airflow/dags/slurm_20250428_073538.py
[2025-05-22T07:24:51.648+0000] {processor.py:914} INFO - Processing file /opt/airflow/dags/slurm_20250428_073538.py for tasks to queue
[2025-05-22T07:24:51.651+0000] {logging_mixin.py:190} INFO - [2025-05-22T07:24:51.651+0000] {dagbag.py:588} INFO - Filling up the DagBag from /opt/airflow/dags/slurm_20250428_073538.py
[2025-05-22T07:24:51.664+0000] {processor.py:925} INFO - DAG(s) 'slurm_20250428_073538' retrieved from /opt/airflow/dags/slurm_20250428_073538.py
[2025-05-22T07:24:51.687+0000] {logging_mixin.py:190} INFO - [2025-05-22T07:24:51.686+0000] {dag.py:3239} INFO - Sync 1 DAGs
[2025-05-22T07:24:51.715+0000] {logging_mixin.py:190} INFO - [2025-05-22T07:24:51.715+0000] {dag.py:4180} INFO - Setting next_dagrun for slurm_20250428_073538 to None, run_after=None
[2025-05-22T07:24:51.738+0000] {processor.py:208} INFO - Processing /opt/airflow/dags/slurm_20250428_073538.py took 0.098 seconds
[2025-05-22T07:25:22.243+0000] {processor.py:186} INFO - Started process (PID=946) to work on /opt/airflow/dags/slurm_20250428_073538.py
[2025-05-22T07:25:22.244+0000] {processor.py:914} INFO - Processing file /opt/airflow/dags/slurm_20250428_073538.py for tasks to queue
[2025-05-22T07:25:22.246+0000] {logging_mixin.py:190} INFO - [2025-05-22T07:25:22.246+0000] {dagbag.py:588} INFO - Filling up the DagBag from /opt/airflow/dags/slurm_20250428_073538.py
[2025-05-22T07:25:22.255+0000] {processor.py:925} INFO - DAG(s) 'slurm_20250428_073538' retrieved from /opt/airflow/dags/slurm_20250428_073538.py
[2025-05-22T07:25:22.276+0000] {logging_mixin.py:190} INFO - [2025-05-22T07:25:22.276+0000] {dag.py:3239} INFO - Sync 1 DAGs
[2025-05-22T07:25:22.300+0000] {logging_mixin.py:190} INFO - [2025-05-22T07:25:22.300+0000] {dag.py:4180} INFO - Setting next_dagrun for slurm_20250428_073538 to None, run_after=None
[2025-05-22T07:25:22.324+0000] {processor.py:208} INFO - Processing /opt/airflow/dags/slurm_20250428_073538.py took 0.088 seconds
[2025-05-22T07:25:52.367+0000] {processor.py:186} INFO - Started process (PID=1014) to work on /opt/airflow/dags/slurm_20250428_073538.py
[2025-05-22T07:25:52.369+0000] {processor.py:914} INFO - Processing file /opt/airflow/dags/slurm_20250428_073538.py for tasks to queue
[2025-05-22T07:25:52.372+0000] {logging_mixin.py:190} INFO - [2025-05-22T07:25:52.371+0000] {dagbag.py:588} INFO - Filling up the DagBag from /opt/airflow/dags/slurm_20250428_073538.py
[2025-05-22T07:25:52.384+0000] {processor.py:925} INFO - DAG(s) 'slurm_20250428_073538' retrieved from /opt/airflow/dags/slurm_20250428_073538.py
[2025-05-22T07:25:52.402+0000] {logging_mixin.py:190} INFO - [2025-05-22T07:25:52.402+0000] {dag.py:3239} INFO - Sync 1 DAGs
[2025-05-22T07:25:52.424+0000] {logging_mixin.py:190} INFO - [2025-05-22T07:25:52.424+0000] {dag.py:4180} INFO - Setting next_dagrun for slurm_20250428_073538 to None, run_after=None
[2025-05-22T07:25:52.443+0000] {processor.py:208} INFO - Processing /opt/airflow/dags/slurm_20250428_073538.py took 0.083 seconds
[2025-05-22T07:26:22.543+0000] {processor.py:186} INFO - Started process (PID=1082) to work on /opt/airflow/dags/slurm_20250428_073538.py
[2025-05-22T07:26:22.544+0000] {processor.py:914} INFO - Processing file /opt/airflow/dags/slurm_20250428_073538.py for tasks to queue
[2025-05-22T07:26:22.547+0000] {logging_mixin.py:190} INFO - [2025-05-22T07:26:22.546+0000] {dagbag.py:588} INFO - Filling up the DagBag from /opt/airflow/dags/slurm_20250428_073538.py
[2025-05-22T07:26:22.558+0000] {processor.py:925} INFO - DAG(s) 'slurm_20250428_073538' retrieved from /opt/airflow/dags/slurm_20250428_073538.py
[2025-05-22T07:26:22.577+0000] {logging_mixin.py:190} INFO - [2025-05-22T07:26:22.577+0000] {dag.py:3239} INFO - Sync 1 DAGs
[2025-05-22T07:26:22.599+0000] {logging_mixin.py:190} INFO - [2025-05-22T07:26:22.599+0000] {dag.py:4180} INFO - Setting next_dagrun for slurm_20250428_073538 to None, run_after=None
[2025-05-22T07:26:22.617+0000] {processor.py:208} INFO - Processing /opt/airflow/dags/slurm_20250428_073538.py took 0.082 seconds
[2025-05-22T07:26:52.677+0000] {processor.py:186} INFO - Started process (PID=1148) to work on /opt/airflow/dags/slurm_20250428_073538.py
[2025-05-22T07:26:52.678+0000] {processor.py:914} INFO - Processing file /opt/airflow/dags/slurm_20250428_073538.py for tasks to queue
[2025-05-22T07:26:52.681+0000] {logging_mixin.py:190} INFO - [2025-05-22T07:26:52.680+0000] {dagbag.py:588} INFO - Filling up the DagBag from /opt/airflow/dags/slurm_20250428_073538.py
[2025-05-22T07:26:52.688+0000] {processor.py:925} INFO - DAG(s) 'slurm_20250428_073538' retrieved from /opt/airflow/dags/slurm_20250428_073538.py
[2025-05-22T07:26:52.706+0000] {logging_mixin.py:190} INFO - [2025-05-22T07:26:52.706+0000] {dag.py:3239} INFO - Sync 1 DAGs
[2025-05-22T07:26:52.728+0000] {logging_mixin.py:190} INFO - [2025-05-22T07:26:52.728+0000] {dag.py:4180} INFO - Setting next_dagrun for slurm_20250428_073538 to None, run_after=None
[2025-05-22T07:26:52.745+0000] {processor.py:208} INFO - Processing /opt/airflow/dags/slurm_20250428_073538.py took 0.074 seconds
[2025-05-22T07:27:22.897+0000] {processor.py:186} INFO - Started process (PID=1216) to work on /opt/airflow/dags/slurm_20250428_073538.py
[2025-05-22T07:27:22.898+0000] {processor.py:914} INFO - Processing file /opt/airflow/dags/slurm_20250428_073538.py for tasks to queue
[2025-05-22T07:27:22.900+0000] {logging_mixin.py:190} INFO - [2025-05-22T07:27:22.900+0000] {dagbag.py:588} INFO - Filling up the DagBag from /opt/airflow/dags/slurm_20250428_073538.py
[2025-05-22T07:27:22.910+0000] {processor.py:925} INFO - DAG(s) 'slurm_20250428_073538' retrieved from /opt/airflow/dags/slurm_20250428_073538.py
[2025-05-22T07:27:22.931+0000] {logging_mixin.py:190} INFO - [2025-05-22T07:27:22.931+0000] {dag.py:3239} INFO - Sync 1 DAGs
[2025-05-22T07:27:22.959+0000] {logging_mixin.py:190} INFO - [2025-05-22T07:27:22.959+0000] {dag.py:4180} INFO - Setting next_dagrun for slurm_20250428_073538 to None, run_after=None
[2025-05-22T07:27:22.978+0000] {processor.py:208} INFO - Processing /opt/airflow/dags/slurm_20250428_073538.py took 0.088 seconds
[2025-05-22T07:27:53.236+0000] {processor.py:186} INFO - Started process (PID=1284) to work on /opt/airflow/dags/slurm_20250428_073538.py
[2025-05-22T07:27:53.238+0000] {processor.py:914} INFO - Processing file /opt/airflow/dags/slurm_20250428_073538.py for tasks to queue
[2025-05-22T07:27:53.241+0000] {logging_mixin.py:190} INFO - [2025-05-22T07:27:53.240+0000] {dagbag.py:588} INFO - Filling up the DagBag from /opt/airflow/dags/slurm_20250428_073538.py
[2025-05-22T07:27:53.250+0000] {processor.py:925} INFO - DAG(s) 'slurm_20250428_073538' retrieved from /opt/airflow/dags/slurm_20250428_073538.py
[2025-05-22T07:27:53.275+0000] {logging_mixin.py:190} INFO - [2025-05-22T07:27:53.275+0000] {dag.py:3239} INFO - Sync 1 DAGs
[2025-05-22T07:27:53.306+0000] {logging_mixin.py:190} INFO - [2025-05-22T07:27:53.306+0000] {dag.py:4180} INFO - Setting next_dagrun for slurm_20250428_073538 to None, run_after=None
[2025-05-22T07:27:53.339+0000] {processor.py:208} INFO - Processing /opt/airflow/dags/slurm_20250428_073538.py took 0.110 seconds
[2025-05-22T07:28:23.404+0000] {processor.py:186} INFO - Started process (PID=1352) to work on /opt/airflow/dags/slurm_20250428_073538.py
[2025-05-22T07:28:23.405+0000] {processor.py:914} INFO - Processing file /opt/airflow/dags/slurm_20250428_073538.py for tasks to queue
[2025-05-22T07:28:23.408+0000] {logging_mixin.py:190} INFO - [2025-05-22T07:28:23.408+0000] {dagbag.py:588} INFO - Filling up the DagBag from /opt/airflow/dags/slurm_20250428_073538.py
[2025-05-22T07:28:23.419+0000] {processor.py:925} INFO - DAG(s) 'slurm_20250428_073538' retrieved from /opt/airflow/dags/slurm_20250428_073538.py
[2025-05-22T07:28:23.443+0000] {logging_mixin.py:190} INFO - [2025-05-22T07:28:23.442+0000] {dag.py:3239} INFO - Sync 1 DAGs
[2025-05-22T07:28:23.468+0000] {logging_mixin.py:190} INFO - [2025-05-22T07:28:23.468+0000] {dag.py:4180} INFO - Setting next_dagrun for slurm_20250428_073538 to None, run_after=None
[2025-05-22T07:28:23.490+0000] {processor.py:208} INFO - Processing /opt/airflow/dags/slurm_20250428_073538.py took 0.095 seconds
[2025-05-22T07:28:53.910+0000] {processor.py:186} INFO - Started process (PID=1420) to work on /opt/airflow/dags/slurm_20250428_073538.py
[2025-05-22T07:28:53.911+0000] {processor.py:914} INFO - Processing file /opt/airflow/dags/slurm_20250428_073538.py for tasks to queue
[2025-05-22T07:28:53.914+0000] {logging_mixin.py:190} INFO - [2025-05-22T07:28:53.914+0000] {dagbag.py:588} INFO - Filling up the DagBag from /opt/airflow/dags/slurm_20250428_073538.py
[2025-05-22T07:28:53.927+0000] {processor.py:925} INFO - DAG(s) 'slurm_20250428_073538' retrieved from /opt/airflow/dags/slurm_20250428_073538.py
[2025-05-22T07:28:53.948+0000] {logging_mixin.py:190} INFO - [2025-05-22T07:28:53.948+0000] {dag.py:3239} INFO - Sync 1 DAGs
[2025-05-22T07:28:53.976+0000] {logging_mixin.py:190} INFO - [2025-05-22T07:28:53.975+0000] {dag.py:4180} INFO - Setting next_dagrun for slurm_20250428_073538 to None, run_after=None
[2025-05-22T07:28:54.000+0000] {processor.py:208} INFO - Processing /opt/airflow/dags/slurm_20250428_073538.py took 0.098 seconds
[2025-05-22T07:29:24.678+0000] {processor.py:186} INFO - Started process (PID=1489) to work on /opt/airflow/dags/slurm_20250428_073538.py
[2025-05-22T07:29:24.679+0000] {processor.py:914} INFO - Processing file /opt/airflow/dags/slurm_20250428_073538.py for tasks to queue
[2025-05-22T07:29:24.681+0000] {logging_mixin.py:190} INFO - [2025-05-22T07:29:24.681+0000] {dagbag.py:588} INFO - Filling up the DagBag from /opt/airflow/dags/slurm_20250428_073538.py
[2025-05-22T07:29:24.690+0000] {processor.py:925} INFO - DAG(s) 'slurm_20250428_073538' retrieved from /opt/airflow/dags/slurm_20250428_073538.py
[2025-05-22T07:29:24.711+0000] {logging_mixin.py:190} INFO - [2025-05-22T07:29:24.711+0000] {dag.py:3239} INFO - Sync 1 DAGs
[2025-05-22T07:29:24.735+0000] {logging_mixin.py:190} INFO - [2025-05-22T07:29:24.734+0000] {dag.py:4180} INFO - Setting next_dagrun for slurm_20250428_073538 to None, run_after=None
[2025-05-22T07:29:24.755+0000] {processor.py:208} INFO - Processing /opt/airflow/dags/slurm_20250428_073538.py took 0.084 seconds
[2025-05-22T07:29:55.234+0000] {processor.py:186} INFO - Started process (PID=1557) to work on /opt/airflow/dags/slurm_20250428_073538.py
[2025-05-22T07:29:55.235+0000] {processor.py:914} INFO - Processing file /opt/airflow/dags/slurm_20250428_073538.py for tasks to queue
[2025-05-22T07:29:55.238+0000] {logging_mixin.py:190} INFO - [2025-05-22T07:29:55.238+0000] {dagbag.py:588} INFO - Filling up the DagBag from /opt/airflow/dags/slurm_20250428_073538.py
[2025-05-22T07:29:55.247+0000] {processor.py:925} INFO - DAG(s) 'slurm_20250428_073538' retrieved from /opt/airflow/dags/slurm_20250428_073538.py
[2025-05-22T07:29:55.268+0000] {logging_mixin.py:190} INFO - [2025-05-22T07:29:55.267+0000] {dag.py:3239} INFO - Sync 1 DAGs
[2025-05-22T07:29:55.292+0000] {logging_mixin.py:190} INFO - [2025-05-22T07:29:55.292+0000] {dag.py:4180} INFO - Setting next_dagrun for slurm_20250428_073538 to None, run_after=None
[2025-05-22T07:29:55.311+0000] {processor.py:208} INFO - Processing /opt/airflow/dags/slurm_20250428_073538.py took 0.083 seconds
[2025-05-22T07:30:25.858+0000] {processor.py:186} INFO - Started process (PID=1625) to work on /opt/airflow/dags/slurm_20250428_073538.py
[2025-05-22T07:30:25.858+0000] {processor.py:914} INFO - Processing file /opt/airflow/dags/slurm_20250428_073538.py for tasks to queue
[2025-05-22T07:30:25.862+0000] {logging_mixin.py:190} INFO - [2025-05-22T07:30:25.861+0000] {dagbag.py:588} INFO - Filling up the DagBag from /opt/airflow/dags/slurm_20250428_073538.py
[2025-05-22T07:30:25.872+0000] {processor.py:925} INFO - DAG(s) 'slurm_20250428_073538' retrieved from /opt/airflow/dags/slurm_20250428_073538.py
[2025-05-22T07:30:25.894+0000] {logging_mixin.py:190} INFO - [2025-05-22T07:30:25.894+0000] {dag.py:3239} INFO - Sync 1 DAGs
[2025-05-22T07:30:25.920+0000] {logging_mixin.py:190} INFO - [2025-05-22T07:30:25.920+0000] {dag.py:4180} INFO - Setting next_dagrun for slurm_20250428_073538 to None, run_after=None
[2025-05-22T07:30:25.941+0000] {processor.py:208} INFO - Processing /opt/airflow/dags/slurm_20250428_073538.py took 0.090 seconds
[2025-05-22T07:35:37.159+0000] {processor.py:186} INFO - Started process (PID=67) to work on /opt/airflow/dags/slurm_20250428_073538.py
[2025-05-22T07:35:37.160+0000] {processor.py:914} INFO - Processing file /opt/airflow/dags/slurm_20250428_073538.py for tasks to queue
[2025-05-22T07:35:37.163+0000] {logging_mixin.py:190} INFO - [2025-05-22T07:35:37.163+0000] {dagbag.py:588} INFO - Filling up the DagBag from /opt/airflow/dags/slurm_20250428_073538.py
[2025-05-22T07:35:37.183+0000] {processor.py:925} INFO - DAG(s) 'slurm_20250428_073538' retrieved from /opt/airflow/dags/slurm_20250428_073538.py
[2025-05-22T07:35:37.274+0000] {logging_mixin.py:190} INFO - [2025-05-22T07:35:37.273+0000] {override.py:1912} INFO - Created Permission View: can delete on DAG:slurm_20250428_073538
[2025-05-22T07:35:37.290+0000] {logging_mixin.py:190} INFO - [2025-05-22T07:35:37.290+0000] {override.py:1912} INFO - Created Permission View: can edit on DAG:slurm_20250428_073538
[2025-05-22T07:35:37.301+0000] {logging_mixin.py:190} INFO - [2025-05-22T07:35:37.301+0000] {override.py:1912} INFO - Created Permission View: can read on DAG:slurm_20250428_073538
[2025-05-22T07:35:37.313+0000] {logging_mixin.py:190} INFO - [2025-05-22T07:35:37.312+0000] {override.py:1912} INFO - Created Permission View: can delete on DAG Run:slurm_20250428_073538
[2025-05-22T07:35:37.324+0000] {logging_mixin.py:190} INFO - [2025-05-22T07:35:37.324+0000] {override.py:1912} INFO - Created Permission View: can create on DAG Run:slurm_20250428_073538
[2025-05-22T07:35:37.336+0000] {logging_mixin.py:190} INFO - [2025-05-22T07:35:37.336+0000] {override.py:1912} INFO - Created Permission View: menu access on DAG Run:slurm_20250428_073538
[2025-05-22T07:35:37.344+0000] {logging_mixin.py:190} INFO - [2025-05-22T07:35:37.344+0000] {override.py:1912} INFO - Created Permission View: can read on DAG Run:slurm_20250428_073538
[2025-05-22T07:35:37.345+0000] {logging_mixin.py:190} INFO - [2025-05-22T07:35:37.345+0000] {dag.py:3239} INFO - Sync 1 DAGs
[2025-05-22T07:35:37.360+0000] {logging_mixin.py:190} INFO - [2025-05-22T07:35:37.360+0000] {dag.py:3262} INFO - Creating ORM DAG for slurm_20250428_073538
[2025-05-22T07:35:37.369+0000] {logging_mixin.py:190} INFO - [2025-05-22T07:35:37.369+0000] {dag.py:4180} INFO - Setting next_dagrun for slurm_20250428_073538 to 2025-04-28 00:00:00+00:00, run_after=2025-04-28 00:00:00+00:00
[2025-05-22T07:35:37.397+0000] {processor.py:208} INFO - Processing /opt/airflow/dags/slurm_20250428_073538.py took 0.244 seconds
[2025-05-22T07:36:07.699+0000] {processor.py:186} INFO - Started process (PID=134) to work on /opt/airflow/dags/slurm_20250428_073538.py
[2025-05-22T07:36:07.700+0000] {processor.py:914} INFO - Processing file /opt/airflow/dags/slurm_20250428_073538.py for tasks to queue
[2025-05-22T07:36:07.703+0000] {logging_mixin.py:190} INFO - [2025-05-22T07:36:07.703+0000] {dagbag.py:588} INFO - Filling up the DagBag from /opt/airflow/dags/slurm_20250428_073538.py
[2025-05-22T07:36:07.712+0000] {processor.py:925} INFO - DAG(s) 'slurm_20250428_073538' retrieved from /opt/airflow/dags/slurm_20250428_073538.py
[2025-05-22T07:36:07.731+0000] {logging_mixin.py:190} INFO - [2025-05-22T07:36:07.731+0000] {dag.py:3239} INFO - Sync 1 DAGs
[2025-05-22T07:36:07.754+0000] {logging_mixin.py:190} INFO - [2025-05-22T07:36:07.754+0000] {dag.py:4180} INFO - Setting next_dagrun for slurm_20250428_073538 to 2025-04-28 00:00:00+00:00, run_after=2025-04-28 00:00:00+00:00
[2025-05-22T07:36:07.775+0000] {processor.py:208} INFO - Processing /opt/airflow/dags/slurm_20250428_073538.py took 0.082 seconds
[2025-05-22T07:36:38.032+0000] {processor.py:186} INFO - Started process (PID=202) to work on /opt/airflow/dags/slurm_20250428_073538.py
[2025-05-22T07:36:38.034+0000] {processor.py:914} INFO - Processing file /opt/airflow/dags/slurm_20250428_073538.py for tasks to queue
[2025-05-22T07:36:38.037+0000] {logging_mixin.py:190} INFO - [2025-05-22T07:36:38.037+0000] {dagbag.py:588} INFO - Filling up the DagBag from /opt/airflow/dags/slurm_20250428_073538.py
[2025-05-22T07:36:38.044+0000] {processor.py:925} INFO - DAG(s) 'slurm_20250428_073538' retrieved from /opt/airflow/dags/slurm_20250428_073538.py
[2025-05-22T07:36:38.065+0000] {logging_mixin.py:190} INFO - [2025-05-22T07:36:38.065+0000] {dag.py:3239} INFO - Sync 1 DAGs
[2025-05-22T07:36:38.091+0000] {logging_mixin.py:190} INFO - [2025-05-22T07:36:38.090+0000] {dag.py:4180} INFO - Setting next_dagrun for slurm_20250428_073538 to 2025-04-28 00:00:00+00:00, run_after=2025-04-28 00:00:00+00:00
[2025-05-22T07:36:38.109+0000] {processor.py:208} INFO - Processing /opt/airflow/dags/slurm_20250428_073538.py took 0.082 seconds
[2025-05-22T07:37:08.257+0000] {processor.py:186} INFO - Started process (PID=270) to work on /opt/airflow/dags/slurm_20250428_073538.py
[2025-05-22T07:37:08.257+0000] {processor.py:914} INFO - Processing file /opt/airflow/dags/slurm_20250428_073538.py for tasks to queue
[2025-05-22T07:37:08.260+0000] {logging_mixin.py:190} INFO - [2025-05-22T07:37:08.260+0000] {dagbag.py:588} INFO - Filling up the DagBag from /opt/airflow/dags/slurm_20250428_073538.py
[2025-05-22T07:37:08.274+0000] {processor.py:925} INFO - DAG(s) 'slurm_20250428_073538' retrieved from /opt/airflow/dags/slurm_20250428_073538.py
[2025-05-22T07:37:08.293+0000] {logging_mixin.py:190} INFO - [2025-05-22T07:37:08.292+0000] {dag.py:3239} INFO - Sync 1 DAGs
[2025-05-22T07:37:08.316+0000] {logging_mixin.py:190} INFO - [2025-05-22T07:37:08.316+0000] {dag.py:4180} INFO - Setting next_dagrun for slurm_20250428_073538 to 2025-04-28 00:00:00+00:00, run_after=2025-04-28 00:00:00+00:00
[2025-05-22T07:37:08.335+0000] {processor.py:208} INFO - Processing /opt/airflow/dags/slurm_20250428_073538.py took 0.085 seconds
[2025-05-22T07:37:38.601+0000] {processor.py:186} INFO - Started process (PID=337) to work on /opt/airflow/dags/slurm_20250428_073538.py
[2025-05-22T07:37:38.602+0000] {processor.py:914} INFO - Processing file /opt/airflow/dags/slurm_20250428_073538.py for tasks to queue
[2025-05-22T07:37:38.605+0000] {logging_mixin.py:190} INFO - [2025-05-22T07:37:38.604+0000] {dagbag.py:588} INFO - Filling up the DagBag from /opt/airflow/dags/slurm_20250428_073538.py
[2025-05-22T07:37:38.612+0000] {processor.py:925} INFO - DAG(s) 'slurm_20250428_073538' retrieved from /opt/airflow/dags/slurm_20250428_073538.py
[2025-05-22T07:37:38.631+0000] {logging_mixin.py:190} INFO - [2025-05-22T07:37:38.631+0000] {dag.py:3239} INFO - Sync 1 DAGs
[2025-05-22T07:37:38.654+0000] {logging_mixin.py:190} INFO - [2025-05-22T07:37:38.653+0000] {dag.py:4180} INFO - Setting next_dagrun for slurm_20250428_073538 to 2025-04-28 00:00:00+00:00, run_after=2025-04-28 00:00:00+00:00
[2025-05-22T07:37:38.671+0000] {processor.py:208} INFO - Processing /opt/airflow/dags/slurm_20250428_073538.py took 0.076 seconds
[2025-05-22T07:38:08.730+0000] {processor.py:186} INFO - Started process (PID=405) to work on /opt/airflow/dags/slurm_20250428_073538.py
[2025-05-22T07:38:08.731+0000] {processor.py:914} INFO - Processing file /opt/airflow/dags/slurm_20250428_073538.py for tasks to queue
[2025-05-22T07:38:08.734+0000] {logging_mixin.py:190} INFO - [2025-05-22T07:38:08.733+0000] {dagbag.py:588} INFO - Filling up the DagBag from /opt/airflow/dags/slurm_20250428_073538.py
[2025-05-22T07:38:08.741+0000] {processor.py:925} INFO - DAG(s) 'slurm_20250428_073538' retrieved from /opt/airflow/dags/slurm_20250428_073538.py
[2025-05-22T07:38:08.759+0000] {logging_mixin.py:190} INFO - [2025-05-22T07:38:08.758+0000] {dag.py:3239} INFO - Sync 1 DAGs
[2025-05-22T07:38:08.780+0000] {logging_mixin.py:190} INFO - [2025-05-22T07:38:08.780+0000] {dag.py:4180} INFO - Setting next_dagrun for slurm_20250428_073538 to 2025-04-28 00:00:00+00:00, run_after=2025-04-28 00:00:00+00:00
[2025-05-22T07:38:08.798+0000] {processor.py:208} INFO - Processing /opt/airflow/dags/slurm_20250428_073538.py took 0.075 seconds
[2025-05-22T07:38:39.547+0000] {processor.py:186} INFO - Started process (PID=473) to work on /opt/airflow/dags/slurm_20250428_073538.py
[2025-05-22T07:38:39.548+0000] {processor.py:914} INFO - Processing file /opt/airflow/dags/slurm_20250428_073538.py for tasks to queue
[2025-05-22T07:38:39.551+0000] {logging_mixin.py:190} INFO - [2025-05-22T07:38:39.551+0000] {dagbag.py:588} INFO - Filling up the DagBag from /opt/airflow/dags/slurm_20250428_073538.py
[2025-05-22T07:38:39.563+0000] {processor.py:925} INFO - DAG(s) 'slurm_20250428_073538' retrieved from /opt/airflow/dags/slurm_20250428_073538.py
[2025-05-22T07:38:39.583+0000] {logging_mixin.py:190} INFO - [2025-05-22T07:38:39.583+0000] {dag.py:3239} INFO - Sync 1 DAGs
[2025-05-22T07:38:39.607+0000] {logging_mixin.py:190} INFO - [2025-05-22T07:38:39.606+0000] {dag.py:4180} INFO - Setting next_dagrun for slurm_20250428_073538 to 2025-04-28 00:00:00+00:00, run_after=2025-04-28 00:00:00+00:00
[2025-05-22T07:38:39.628+0000] {processor.py:208} INFO - Processing /opt/airflow/dags/slurm_20250428_073538.py took 0.088 seconds
[2025-05-22T07:39:10.046+0000] {processor.py:186} INFO - Started process (PID=540) to work on /opt/airflow/dags/slurm_20250428_073538.py
[2025-05-22T07:39:10.047+0000] {processor.py:914} INFO - Processing file /opt/airflow/dags/slurm_20250428_073538.py for tasks to queue
[2025-05-22T07:39:10.053+0000] {logging_mixin.py:190} INFO - [2025-05-22T07:39:10.052+0000] {dagbag.py:588} INFO - Filling up the DagBag from /opt/airflow/dags/slurm_20250428_073538.py
[2025-05-22T07:39:10.061+0000] {processor.py:925} INFO - DAG(s) 'slurm_20250428_073538' retrieved from /opt/airflow/dags/slurm_20250428_073538.py
[2025-05-22T07:39:10.081+0000] {logging_mixin.py:190} INFO - [2025-05-22T07:39:10.081+0000] {dag.py:3239} INFO - Sync 1 DAGs
[2025-05-22T07:39:10.107+0000] {logging_mixin.py:190} INFO - [2025-05-22T07:39:10.107+0000] {dag.py:4180} INFO - Setting next_dagrun for slurm_20250428_073538 to 2025-04-28 00:00:00+00:00, run_after=2025-04-28 00:00:00+00:00
[2025-05-22T07:39:10.130+0000] {processor.py:208} INFO - Processing /opt/airflow/dags/slurm_20250428_073538.py took 0.091 seconds
[2025-05-22T07:39:40.799+0000] {processor.py:186} INFO - Started process (PID=608) to work on /opt/airflow/dags/slurm_20250428_073538.py
[2025-05-22T07:39:40.800+0000] {processor.py:914} INFO - Processing file /opt/airflow/dags/slurm_20250428_073538.py for tasks to queue
[2025-05-22T07:39:40.804+0000] {logging_mixin.py:190} INFO - [2025-05-22T07:39:40.803+0000] {dagbag.py:588} INFO - Filling up the DagBag from /opt/airflow/dags/slurm_20250428_073538.py
[2025-05-22T07:39:40.814+0000] {processor.py:925} INFO - DAG(s) 'slurm_20250428_073538' retrieved from /opt/airflow/dags/slurm_20250428_073538.py
[2025-05-22T07:39:40.837+0000] {logging_mixin.py:190} INFO - [2025-05-22T07:39:40.837+0000] {dag.py:3239} INFO - Sync 1 DAGs
[2025-05-22T07:39:40.862+0000] {logging_mixin.py:190} INFO - [2025-05-22T07:39:40.862+0000] {dag.py:4180} INFO - Setting next_dagrun for slurm_20250428_073538 to 2025-04-28 00:00:00+00:00, run_after=2025-04-28 00:00:00+00:00
[2025-05-22T07:39:40.883+0000] {processor.py:208} INFO - Processing /opt/airflow/dags/slurm_20250428_073538.py took 0.092 seconds
[2025-05-22T07:40:11.347+0000] {processor.py:186} INFO - Started process (PID=676) to work on /opt/airflow/dags/slurm_20250428_073538.py
[2025-05-22T07:40:11.348+0000] {processor.py:914} INFO - Processing file /opt/airflow/dags/slurm_20250428_073538.py for tasks to queue
[2025-05-22T07:40:11.352+0000] {logging_mixin.py:190} INFO - [2025-05-22T07:40:11.351+0000] {dagbag.py:588} INFO - Filling up the DagBag from /opt/airflow/dags/slurm_20250428_073538.py
[2025-05-22T07:40:11.366+0000] {processor.py:925} INFO - DAG(s) 'slurm_20250428_073538' retrieved from /opt/airflow/dags/slurm_20250428_073538.py
[2025-05-22T07:40:11.398+0000] {logging_mixin.py:190} INFO - [2025-05-22T07:40:11.398+0000] {dag.py:3239} INFO - Sync 1 DAGs
[2025-05-22T07:40:11.433+0000] {logging_mixin.py:190} INFO - [2025-05-22T07:40:11.432+0000] {dag.py:4180} INFO - Setting next_dagrun for slurm_20250428_073538 to 2025-04-28 00:00:00+00:00, run_after=2025-04-28 00:00:00+00:00
[2025-05-22T07:40:11.454+0000] {processor.py:208} INFO - Processing /opt/airflow/dags/slurm_20250428_073538.py took 0.113 seconds
[2025-05-22T07:40:42.407+0000] {processor.py:186} INFO - Started process (PID=750) to work on /opt/airflow/dags/slurm_20250428_073538.py
[2025-05-22T07:40:42.411+0000] {processor.py:914} INFO - Processing file /opt/airflow/dags/slurm_20250428_073538.py for tasks to queue
[2025-05-22T07:40:42.414+0000] {logging_mixin.py:190} INFO - [2025-05-22T07:40:42.413+0000] {dagbag.py:588} INFO - Filling up the DagBag from /opt/airflow/dags/slurm_20250428_073538.py
[2025-05-22T07:40:42.423+0000] {processor.py:925} INFO - DAG(s) 'slurm_20250428_073538' retrieved from /opt/airflow/dags/slurm_20250428_073538.py
[2025-05-22T07:40:42.451+0000] {logging_mixin.py:190} INFO - [2025-05-22T07:40:42.451+0000] {dag.py:3239} INFO - Sync 1 DAGs
[2025-05-22T07:40:42.486+0000] {logging_mixin.py:190} INFO - [2025-05-22T07:40:42.486+0000] {dag.py:4180} INFO - Setting next_dagrun for slurm_20250428_073538 to 2025-04-28 00:00:00+00:00, run_after=2025-04-28 00:00:00+00:00
[2025-05-22T07:40:42.520+0000] {processor.py:208} INFO - Processing /opt/airflow/dags/slurm_20250428_073538.py took 0.120 seconds
[2025-05-22T07:41:13.144+0000] {processor.py:186} INFO - Started process (PID=818) to work on /opt/airflow/dags/slurm_20250428_073538.py
[2025-05-22T07:41:13.145+0000] {processor.py:914} INFO - Processing file /opt/airflow/dags/slurm_20250428_073538.py for tasks to queue
[2025-05-22T07:41:13.148+0000] {logging_mixin.py:190} INFO - [2025-05-22T07:41:13.148+0000] {dagbag.py:588} INFO - Filling up the DagBag from /opt/airflow/dags/slurm_20250428_073538.py
[2025-05-22T07:41:13.156+0000] {processor.py:925} INFO - DAG(s) 'slurm_20250428_073538' retrieved from /opt/airflow/dags/slurm_20250428_073538.py
[2025-05-22T07:41:13.176+0000] {logging_mixin.py:190} INFO - [2025-05-22T07:41:13.176+0000] {dag.py:3239} INFO - Sync 1 DAGs
[2025-05-22T07:41:13.200+0000] {logging_mixin.py:190} INFO - [2025-05-22T07:41:13.200+0000] {dag.py:4180} INFO - Setting next_dagrun for slurm_20250428_073538 to 2025-04-28 00:00:00+00:00, run_after=2025-04-28 00:00:00+00:00
[2025-05-22T07:41:13.221+0000] {processor.py:208} INFO - Processing /opt/airflow/dags/slurm_20250428_073538.py took 0.083 seconds
[2025-05-22T07:41:43.971+0000] {processor.py:186} INFO - Started process (PID=886) to work on /opt/airflow/dags/slurm_20250428_073538.py
[2025-05-22T07:41:43.972+0000] {processor.py:914} INFO - Processing file /opt/airflow/dags/slurm_20250428_073538.py for tasks to queue
[2025-05-22T07:41:43.975+0000] {logging_mixin.py:190} INFO - [2025-05-22T07:41:43.974+0000] {dagbag.py:588} INFO - Filling up the DagBag from /opt/airflow/dags/slurm_20250428_073538.py
[2025-05-22T07:41:43.984+0000] {processor.py:925} INFO - DAG(s) 'slurm_20250428_073538' retrieved from /opt/airflow/dags/slurm_20250428_073538.py
[2025-05-22T07:41:44.004+0000] {logging_mixin.py:190} INFO - [2025-05-22T07:41:44.003+0000] {dag.py:3239} INFO - Sync 1 DAGs
[2025-05-22T07:41:44.032+0000] {logging_mixin.py:190} INFO - [2025-05-22T07:41:44.032+0000] {dag.py:4180} INFO - Setting next_dagrun for slurm_20250428_073538 to 2025-04-28 00:00:00+00:00, run_after=2025-04-28 00:00:00+00:00
[2025-05-22T07:41:44.052+0000] {processor.py:208} INFO - Processing /opt/airflow/dags/slurm_20250428_073538.py took 0.088 seconds
[2025-05-22T07:42:14.779+0000] {processor.py:186} INFO - Started process (PID=954) to work on /opt/airflow/dags/slurm_20250428_073538.py
[2025-05-22T07:42:14.780+0000] {processor.py:914} INFO - Processing file /opt/airflow/dags/slurm_20250428_073538.py for tasks to queue
[2025-05-22T07:42:14.783+0000] {logging_mixin.py:190} INFO - [2025-05-22T07:42:14.782+0000] {dagbag.py:588} INFO - Filling up the DagBag from /opt/airflow/dags/slurm_20250428_073538.py
[2025-05-22T07:42:14.790+0000] {processor.py:925} INFO - DAG(s) 'slurm_20250428_073538' retrieved from /opt/airflow/dags/slurm_20250428_073538.py
[2025-05-22T07:42:14.809+0000] {logging_mixin.py:190} INFO - [2025-05-22T07:42:14.809+0000] {dag.py:3239} INFO - Sync 1 DAGs
[2025-05-22T07:42:14.831+0000] {logging_mixin.py:190} INFO - [2025-05-22T07:42:14.831+0000] {dag.py:4180} INFO - Setting next_dagrun for slurm_20250428_073538 to 2025-04-28 00:00:00+00:00, run_after=2025-04-28 00:00:00+00:00
[2025-05-22T07:42:14.850+0000] {processor.py:208} INFO - Processing /opt/airflow/dags/slurm_20250428_073538.py took 0.077 seconds
[2025-05-22T07:42:44.931+0000] {processor.py:186} INFO - Started process (PID=1022) to work on /opt/airflow/dags/slurm_20250428_073538.py
[2025-05-22T07:42:44.932+0000] {processor.py:914} INFO - Processing file /opt/airflow/dags/slurm_20250428_073538.py for tasks to queue
[2025-05-22T07:42:44.935+0000] {logging_mixin.py:190} INFO - [2025-05-22T07:42:44.934+0000] {dagbag.py:588} INFO - Filling up the DagBag from /opt/airflow/dags/slurm_20250428_073538.py
[2025-05-22T07:42:44.942+0000] {processor.py:925} INFO - DAG(s) 'slurm_20250428_073538' retrieved from /opt/airflow/dags/slurm_20250428_073538.py
[2025-05-22T07:42:44.961+0000] {logging_mixin.py:190} INFO - [2025-05-22T07:42:44.961+0000] {dag.py:3239} INFO - Sync 1 DAGs
[2025-05-22T07:42:44.986+0000] {logging_mixin.py:190} INFO - [2025-05-22T07:42:44.986+0000] {dag.py:4180} INFO - Setting next_dagrun for slurm_20250428_073538 to 2025-04-28 00:00:00+00:00, run_after=2025-04-28 00:00:00+00:00
[2025-05-22T07:42:45.005+0000] {processor.py:208} INFO - Processing /opt/airflow/dags/slurm_20250428_073538.py took 0.080 seconds
[2025-05-22T07:43:15.665+0000] {processor.py:186} INFO - Started process (PID=1090) to work on /opt/airflow/dags/slurm_20250428_073538.py
[2025-05-22T07:43:15.666+0000] {processor.py:914} INFO - Processing file /opt/airflow/dags/slurm_20250428_073538.py for tasks to queue
[2025-05-22T07:43:15.668+0000] {logging_mixin.py:190} INFO - [2025-05-22T07:43:15.668+0000] {dagbag.py:588} INFO - Filling up the DagBag from /opt/airflow/dags/slurm_20250428_073538.py
[2025-05-22T07:43:15.676+0000] {processor.py:925} INFO - DAG(s) 'slurm_20250428_073538' retrieved from /opt/airflow/dags/slurm_20250428_073538.py
[2025-05-22T07:43:15.698+0000] {logging_mixin.py:190} INFO - [2025-05-22T07:43:15.698+0000] {dag.py:3239} INFO - Sync 1 DAGs
[2025-05-22T07:43:15.727+0000] {logging_mixin.py:190} INFO - [2025-05-22T07:43:15.727+0000] {dag.py:4180} INFO - Setting next_dagrun for slurm_20250428_073538 to 2025-04-28 00:00:00+00:00, run_after=2025-04-28 00:00:00+00:00
[2025-05-22T07:43:15.749+0000] {processor.py:208} INFO - Processing /opt/airflow/dags/slurm_20250428_073538.py took 0.090 seconds
[2025-05-22T07:43:46.504+0000] {processor.py:186} INFO - Started process (PID=1158) to work on /opt/airflow/dags/slurm_20250428_073538.py
[2025-05-22T07:43:46.506+0000] {processor.py:914} INFO - Processing file /opt/airflow/dags/slurm_20250428_073538.py for tasks to queue
[2025-05-22T07:43:46.510+0000] {logging_mixin.py:190} INFO - [2025-05-22T07:43:46.509+0000] {dagbag.py:588} INFO - Filling up the DagBag from /opt/airflow/dags/slurm_20250428_073538.py
[2025-05-22T07:43:46.523+0000] {processor.py:925} INFO - DAG(s) 'slurm_20250428_073538' retrieved from /opt/airflow/dags/slurm_20250428_073538.py
[2025-05-22T07:43:46.552+0000] {logging_mixin.py:190} INFO - [2025-05-22T07:43:46.552+0000] {dag.py:3239} INFO - Sync 1 DAGs
[2025-05-22T07:43:46.582+0000] {logging_mixin.py:190} INFO - [2025-05-22T07:43:46.582+0000] {dag.py:4180} INFO - Setting next_dagrun for slurm_20250428_073538 to 2025-04-28 00:00:00+00:00, run_after=2025-04-28 00:00:00+00:00
[2025-05-22T07:43:46.606+0000] {processor.py:208} INFO - Processing /opt/airflow/dags/slurm_20250428_073538.py took 0.108 seconds
[2025-05-22T07:44:16.665+0000] {processor.py:186} INFO - Started process (PID=1226) to work on /opt/airflow/dags/slurm_20250428_073538.py
[2025-05-22T07:44:16.666+0000] {processor.py:914} INFO - Processing file /opt/airflow/dags/slurm_20250428_073538.py for tasks to queue
[2025-05-22T07:44:16.671+0000] {logging_mixin.py:190} INFO - [2025-05-22T07:44:16.670+0000] {dagbag.py:588} INFO - Filling up the DagBag from /opt/airflow/dags/slurm_20250428_073538.py
[2025-05-22T07:44:16.682+0000] {processor.py:925} INFO - DAG(s) 'slurm_20250428_073538' retrieved from /opt/airflow/dags/slurm_20250428_073538.py
[2025-05-22T07:44:16.703+0000] {logging_mixin.py:190} INFO - [2025-05-22T07:44:16.703+0000] {dag.py:3239} INFO - Sync 1 DAGs
[2025-05-22T07:44:16.727+0000] {logging_mixin.py:190} INFO - [2025-05-22T07:44:16.727+0000] {dag.py:4180} INFO - Setting next_dagrun for slurm_20250428_073538 to 2025-04-28 00:00:00+00:00, run_after=2025-04-28 00:00:00+00:00
[2025-05-22T07:44:16.746+0000] {processor.py:208} INFO - Processing /opt/airflow/dags/slurm_20250428_073538.py took 0.088 seconds
[2025-05-22T07:44:47.725+0000] {processor.py:186} INFO - Started process (PID=1294) to work on /opt/airflow/dags/slurm_20250428_073538.py
[2025-05-22T07:44:47.726+0000] {processor.py:914} INFO - Processing file /opt/airflow/dags/slurm_20250428_073538.py for tasks to queue
[2025-05-22T07:44:47.730+0000] {logging_mixin.py:190} INFO - [2025-05-22T07:44:47.730+0000] {dagbag.py:588} INFO - Filling up the DagBag from /opt/airflow/dags/slurm_20250428_073538.py
[2025-05-22T07:44:47.738+0000] {processor.py:925} INFO - DAG(s) 'slurm_20250428_073538' retrieved from /opt/airflow/dags/slurm_20250428_073538.py
[2025-05-22T07:44:47.758+0000] {logging_mixin.py:190} INFO - [2025-05-22T07:44:47.758+0000] {dag.py:3239} INFO - Sync 1 DAGs
[2025-05-22T07:44:47.781+0000] {logging_mixin.py:190} INFO - [2025-05-22T07:44:47.780+0000] {dag.py:4180} INFO - Setting next_dagrun for slurm_20250428_073538 to 2025-04-28 00:00:00+00:00, run_after=2025-04-28 00:00:00+00:00
[2025-05-22T07:44:47.800+0000] {processor.py:208} INFO - Processing /opt/airflow/dags/slurm_20250428_073538.py took 0.081 seconds
[2025-05-22T07:45:17.901+0000] {processor.py:186} INFO - Started process (PID=1361) to work on /opt/airflow/dags/slurm_20250428_073538.py
[2025-05-22T07:45:17.902+0000] {processor.py:914} INFO - Processing file /opt/airflow/dags/slurm_20250428_073538.py for tasks to queue
[2025-05-22T07:45:17.905+0000] {logging_mixin.py:190} INFO - [2025-05-22T07:45:17.904+0000] {dagbag.py:588} INFO - Filling up the DagBag from /opt/airflow/dags/slurm_20250428_073538.py
[2025-05-22T07:45:17.913+0000] {processor.py:925} INFO - DAG(s) 'slurm_20250428_073538' retrieved from /opt/airflow/dags/slurm_20250428_073538.py
[2025-05-22T07:45:17.933+0000] {logging_mixin.py:190} INFO - [2025-05-22T07:45:17.933+0000] {dag.py:3239} INFO - Sync 1 DAGs
[2025-05-22T07:45:17.956+0000] {logging_mixin.py:190} INFO - [2025-05-22T07:45:17.956+0000] {dag.py:4180} INFO - Setting next_dagrun for slurm_20250428_073538 to 2025-04-28 00:00:00+00:00, run_after=2025-04-28 00:00:00+00:00
[2025-05-22T07:45:17.977+0000] {processor.py:208} INFO - Processing /opt/airflow/dags/slurm_20250428_073538.py took 0.082 seconds
[2025-05-22T07:45:48.814+0000] {processor.py:186} INFO - Started process (PID=1429) to work on /opt/airflow/dags/slurm_20250428_073538.py
[2025-05-22T07:45:48.815+0000] {processor.py:914} INFO - Processing file /opt/airflow/dags/slurm_20250428_073538.py for tasks to queue
[2025-05-22T07:45:48.820+0000] {logging_mixin.py:190} INFO - [2025-05-22T07:45:48.820+0000] {dagbag.py:588} INFO - Filling up the DagBag from /opt/airflow/dags/slurm_20250428_073538.py
[2025-05-22T07:45:48.828+0000] {processor.py:925} INFO - DAG(s) 'slurm_20250428_073538' retrieved from /opt/airflow/dags/slurm_20250428_073538.py
[2025-05-22T07:45:48.851+0000] {logging_mixin.py:190} INFO - [2025-05-22T07:45:48.850+0000] {dag.py:3239} INFO - Sync 1 DAGs
[2025-05-22T07:45:48.877+0000] {logging_mixin.py:190} INFO - [2025-05-22T07:45:48.877+0000] {dag.py:4180} INFO - Setting next_dagrun for slurm_20250428_073538 to 2025-04-28 00:00:00+00:00, run_after=2025-04-28 00:00:00+00:00
[2025-05-22T07:45:48.902+0000] {processor.py:208} INFO - Processing /opt/airflow/dags/slurm_20250428_073538.py took 0.094 seconds
[2025-05-22T07:46:19.937+0000] {processor.py:186} INFO - Started process (PID=1497) to work on /opt/airflow/dags/slurm_20250428_073538.py
[2025-05-22T07:46:19.939+0000] {processor.py:914} INFO - Processing file /opt/airflow/dags/slurm_20250428_073538.py for tasks to queue
[2025-05-22T07:46:19.942+0000] {logging_mixin.py:190} INFO - [2025-05-22T07:46:19.941+0000] {dagbag.py:588} INFO - Filling up the DagBag from /opt/airflow/dags/slurm_20250428_073538.py
[2025-05-22T07:46:19.949+0000] {processor.py:925} INFO - DAG(s) 'slurm_20250428_073538' retrieved from /opt/airflow/dags/slurm_20250428_073538.py
[2025-05-22T07:46:19.971+0000] {logging_mixin.py:190} INFO - [2025-05-22T07:46:19.971+0000] {dag.py:3239} INFO - Sync 1 DAGs
[2025-05-22T07:46:19.999+0000] {logging_mixin.py:190} INFO - [2025-05-22T07:46:19.999+0000] {dag.py:4180} INFO - Setting next_dagrun for slurm_20250428_073538 to 2025-04-28 00:00:00+00:00, run_after=2025-04-28 00:00:00+00:00
[2025-05-22T07:46:20.022+0000] {processor.py:208} INFO - Processing /opt/airflow/dags/slurm_20250428_073538.py took 0.091 seconds
[2025-05-22T07:46:50.721+0000] {processor.py:186} INFO - Started process (PID=1565) to work on /opt/airflow/dags/slurm_20250428_073538.py
[2025-05-22T07:46:50.722+0000] {processor.py:914} INFO - Processing file /opt/airflow/dags/slurm_20250428_073538.py for tasks to queue
[2025-05-22T07:46:50.725+0000] {logging_mixin.py:190} INFO - [2025-05-22T07:46:50.724+0000] {dagbag.py:588} INFO - Filling up the DagBag from /opt/airflow/dags/slurm_20250428_073538.py
[2025-05-22T07:46:50.732+0000] {processor.py:925} INFO - DAG(s) 'slurm_20250428_073538' retrieved from /opt/airflow/dags/slurm_20250428_073538.py
[2025-05-22T07:46:50.756+0000] {logging_mixin.py:190} INFO - [2025-05-22T07:46:50.756+0000] {dag.py:3239} INFO - Sync 1 DAGs
[2025-05-22T07:46:50.779+0000] {logging_mixin.py:190} INFO - [2025-05-22T07:46:50.779+0000] {dag.py:4180} INFO - Setting next_dagrun for slurm_20250428_073538 to 2025-04-28 00:00:00+00:00, run_after=2025-04-28 00:00:00+00:00
[2025-05-22T07:46:50.799+0000] {processor.py:208} INFO - Processing /opt/airflow/dags/slurm_20250428_073538.py took 0.084 seconds
[2025-05-22T07:47:21.445+0000] {processor.py:186} INFO - Started process (PID=1633) to work on /opt/airflow/dags/slurm_20250428_073538.py
[2025-05-22T07:47:21.446+0000] {processor.py:914} INFO - Processing file /opt/airflow/dags/slurm_20250428_073538.py for tasks to queue
[2025-05-22T07:47:21.449+0000] {logging_mixin.py:190} INFO - [2025-05-22T07:47:21.448+0000] {dagbag.py:588} INFO - Filling up the DagBag from /opt/airflow/dags/slurm_20250428_073538.py
[2025-05-22T07:47:21.460+0000] {processor.py:925} INFO - DAG(s) 'slurm_20250428_073538' retrieved from /opt/airflow/dags/slurm_20250428_073538.py
[2025-05-22T07:47:21.479+0000] {logging_mixin.py:190} INFO - [2025-05-22T07:47:21.479+0000] {dag.py:3239} INFO - Sync 1 DAGs
[2025-05-22T07:47:21.503+0000] {logging_mixin.py:190} INFO - [2025-05-22T07:47:21.503+0000] {dag.py:4180} INFO - Setting next_dagrun for slurm_20250428_073538 to 2025-04-28 00:00:00+00:00, run_after=2025-04-28 00:00:00+00:00
[2025-05-22T07:47:21.522+0000] {processor.py:208} INFO - Processing /opt/airflow/dags/slurm_20250428_073538.py took 0.084 seconds
[2025-05-22T07:47:52.537+0000] {processor.py:186} INFO - Started process (PID=1701) to work on /opt/airflow/dags/slurm_20250428_073538.py
[2025-05-22T07:47:52.538+0000] {processor.py:914} INFO - Processing file /opt/airflow/dags/slurm_20250428_073538.py for tasks to queue
[2025-05-22T07:47:52.541+0000] {logging_mixin.py:190} INFO - [2025-05-22T07:47:52.541+0000] {dagbag.py:588} INFO - Filling up the DagBag from /opt/airflow/dags/slurm_20250428_073538.py
[2025-05-22T07:47:52.549+0000] {processor.py:925} INFO - DAG(s) 'slurm_20250428_073538' retrieved from /opt/airflow/dags/slurm_20250428_073538.py
[2025-05-22T07:47:52.568+0000] {logging_mixin.py:190} INFO - [2025-05-22T07:47:52.568+0000] {dag.py:3239} INFO - Sync 1 DAGs
[2025-05-22T07:47:52.591+0000] {logging_mixin.py:190} INFO - [2025-05-22T07:47:52.591+0000] {dag.py:4180} INFO - Setting next_dagrun for slurm_20250428_073538 to 2025-04-28 00:00:00+00:00, run_after=2025-04-28 00:00:00+00:00
[2025-05-22T07:47:52.609+0000] {processor.py:208} INFO - Processing /opt/airflow/dags/slurm_20250428_073538.py took 0.078 seconds
[2025-05-22T07:48:23.517+0000] {processor.py:186} INFO - Started process (PID=1769) to work on /opt/airflow/dags/slurm_20250428_073538.py
[2025-05-22T07:48:23.518+0000] {processor.py:914} INFO - Processing file /opt/airflow/dags/slurm_20250428_073538.py for tasks to queue
[2025-05-22T07:48:23.521+0000] {logging_mixin.py:190} INFO - [2025-05-22T07:48:23.520+0000] {dagbag.py:588} INFO - Filling up the DagBag from /opt/airflow/dags/slurm_20250428_073538.py
[2025-05-22T07:48:23.532+0000] {processor.py:925} INFO - DAG(s) 'slurm_20250428_073538' retrieved from /opt/airflow/dags/slurm_20250428_073538.py
[2025-05-22T07:48:23.561+0000] {logging_mixin.py:190} INFO - [2025-05-22T07:48:23.561+0000] {dag.py:3239} INFO - Sync 1 DAGs
[2025-05-22T07:48:23.590+0000] {logging_mixin.py:190} INFO - [2025-05-22T07:48:23.590+0000] {dag.py:4180} INFO - Setting next_dagrun for slurm_20250428_073538 to 2025-04-28 00:00:00+00:00, run_after=2025-04-28 00:00:00+00:00
[2025-05-22T07:48:23.619+0000] {processor.py:208} INFO - Processing /opt/airflow/dags/slurm_20250428_073538.py took 0.110 seconds
[2025-05-22T07:48:54.330+0000] {processor.py:186} INFO - Started process (PID=1837) to work on /opt/airflow/dags/slurm_20250428_073538.py
[2025-05-22T07:48:54.331+0000] {processor.py:914} INFO - Processing file /opt/airflow/dags/slurm_20250428_073538.py for tasks to queue
[2025-05-22T07:48:54.334+0000] {logging_mixin.py:190} INFO - [2025-05-22T07:48:54.334+0000] {dagbag.py:588} INFO - Filling up the DagBag from /opt/airflow/dags/slurm_20250428_073538.py
[2025-05-22T07:48:54.342+0000] {processor.py:925} INFO - DAG(s) 'slurm_20250428_073538' retrieved from /opt/airflow/dags/slurm_20250428_073538.py
[2025-05-22T07:48:54.361+0000] {logging_mixin.py:190} INFO - [2025-05-22T07:48:54.361+0000] {dag.py:3239} INFO - Sync 1 DAGs
[2025-05-22T07:48:54.384+0000] {logging_mixin.py:190} INFO - [2025-05-22T07:48:54.383+0000] {dag.py:4180} INFO - Setting next_dagrun for slurm_20250428_073538 to 2025-04-28 00:00:00+00:00, run_after=2025-04-28 00:00:00+00:00
[2025-05-22T07:48:54.401+0000] {processor.py:208} INFO - Processing /opt/airflow/dags/slurm_20250428_073538.py took 0.077 seconds
[2025-05-22T07:49:25.301+0000] {processor.py:186} INFO - Started process (PID=1905) to work on /opt/airflow/dags/slurm_20250428_073538.py
[2025-05-22T07:49:25.302+0000] {processor.py:914} INFO - Processing file /opt/airflow/dags/slurm_20250428_073538.py for tasks to queue
[2025-05-22T07:49:25.304+0000] {logging_mixin.py:190} INFO - [2025-05-22T07:49:25.304+0000] {dagbag.py:588} INFO - Filling up the DagBag from /opt/airflow/dags/slurm_20250428_073538.py
[2025-05-22T07:49:25.314+0000] {processor.py:925} INFO - DAG(s) 'slurm_20250428_073538' retrieved from /opt/airflow/dags/slurm_20250428_073538.py
[2025-05-22T07:49:25.334+0000] {logging_mixin.py:190} INFO - [2025-05-22T07:49:25.334+0000] {dag.py:3239} INFO - Sync 1 DAGs
[2025-05-22T07:49:25.357+0000] {logging_mixin.py:190} INFO - [2025-05-22T07:49:25.356+0000] {dag.py:4180} INFO - Setting next_dagrun for slurm_20250428_073538 to 2025-04-28 00:00:00+00:00, run_after=2025-04-28 00:00:00+00:00
[2025-05-22T07:49:25.376+0000] {processor.py:208} INFO - Processing /opt/airflow/dags/slurm_20250428_073538.py took 0.081 seconds
[2025-05-22T07:49:55.429+0000] {processor.py:186} INFO - Started process (PID=1973) to work on /opt/airflow/dags/slurm_20250428_073538.py
[2025-05-22T07:49:55.430+0000] {processor.py:914} INFO - Processing file /opt/airflow/dags/slurm_20250428_073538.py for tasks to queue
[2025-05-22T07:49:55.434+0000] {logging_mixin.py:190} INFO - [2025-05-22T07:49:55.433+0000] {dagbag.py:588} INFO - Filling up the DagBag from /opt/airflow/dags/slurm_20250428_073538.py
[2025-05-22T07:49:55.442+0000] {processor.py:925} INFO - DAG(s) 'slurm_20250428_073538' retrieved from /opt/airflow/dags/slurm_20250428_073538.py
[2025-05-22T07:49:55.461+0000] {logging_mixin.py:190} INFO - [2025-05-22T07:49:55.461+0000] {dag.py:3239} INFO - Sync 1 DAGs
[2025-05-22T07:49:55.484+0000] {logging_mixin.py:190} INFO - [2025-05-22T07:49:55.484+0000] {dag.py:4180} INFO - Setting next_dagrun for slurm_20250428_073538 to 2025-04-28 00:00:00+00:00, run_after=2025-04-28 00:00:00+00:00
[2025-05-22T07:49:55.502+0000] {processor.py:208} INFO - Processing /opt/airflow/dags/slurm_20250428_073538.py took 0.080 seconds
[2025-05-22T07:50:25.655+0000] {processor.py:186} INFO - Started process (PID=2041) to work on /opt/airflow/dags/slurm_20250428_073538.py
[2025-05-22T07:50:25.657+0000] {processor.py:914} INFO - Processing file /opt/airflow/dags/slurm_20250428_073538.py for tasks to queue
[2025-05-22T07:50:25.659+0000] {logging_mixin.py:190} INFO - [2025-05-22T07:50:25.659+0000] {dagbag.py:588} INFO - Filling up the DagBag from /opt/airflow/dags/slurm_20250428_073538.py
[2025-05-22T07:50:25.668+0000] {processor.py:925} INFO - DAG(s) 'slurm_20250428_073538' retrieved from /opt/airflow/dags/slurm_20250428_073538.py
[2025-05-22T07:50:25.688+0000] {logging_mixin.py:190} INFO - [2025-05-22T07:50:25.687+0000] {dag.py:3239} INFO - Sync 1 DAGs
[2025-05-22T07:50:25.712+0000] {logging_mixin.py:190} INFO - [2025-05-22T07:50:25.712+0000] {dag.py:4180} INFO - Setting next_dagrun for slurm_20250428_073538 to 2025-04-28 00:00:00+00:00, run_after=2025-04-28 00:00:00+00:00
[2025-05-22T07:50:25.729+0000] {processor.py:208} INFO - Processing /opt/airflow/dags/slurm_20250428_073538.py took 0.080 seconds
[2025-05-22T07:50:55.961+0000] {processor.py:186} INFO - Started process (PID=2109) to work on /opt/airflow/dags/slurm_20250428_073538.py
[2025-05-22T07:50:55.963+0000] {processor.py:914} INFO - Processing file /opt/airflow/dags/slurm_20250428_073538.py for tasks to queue
[2025-05-22T07:50:55.965+0000] {logging_mixin.py:190} INFO - [2025-05-22T07:50:55.965+0000] {dagbag.py:588} INFO - Filling up the DagBag from /opt/airflow/dags/slurm_20250428_073538.py
[2025-05-22T07:50:55.977+0000] {processor.py:925} INFO - DAG(s) 'slurm_20250428_073538' retrieved from /opt/airflow/dags/slurm_20250428_073538.py
[2025-05-22T07:50:55.997+0000] {logging_mixin.py:190} INFO - [2025-05-22T07:50:55.997+0000] {dag.py:3239} INFO - Sync 1 DAGs
[2025-05-22T07:50:56.024+0000] {logging_mixin.py:190} INFO - [2025-05-22T07:50:56.024+0000] {dag.py:4180} INFO - Setting next_dagrun for slurm_20250428_073538 to 2025-04-28 00:00:00+00:00, run_after=2025-04-28 00:00:00+00:00
[2025-05-22T07:50:56.044+0000] {processor.py:208} INFO - Processing /opt/airflow/dags/slurm_20250428_073538.py took 0.090 seconds
[2025-05-22T07:51:26.911+0000] {processor.py:186} INFO - Started process (PID=2177) to work on /opt/airflow/dags/slurm_20250428_073538.py
[2025-05-22T07:51:26.912+0000] {processor.py:914} INFO - Processing file /opt/airflow/dags/slurm_20250428_073538.py for tasks to queue
[2025-05-22T07:51:26.915+0000] {logging_mixin.py:190} INFO - [2025-05-22T07:51:26.914+0000] {dagbag.py:588} INFO - Filling up the DagBag from /opt/airflow/dags/slurm_20250428_073538.py
[2025-05-22T07:51:26.927+0000] {processor.py:925} INFO - DAG(s) 'slurm_20250428_073538' retrieved from /opt/airflow/dags/slurm_20250428_073538.py
[2025-05-22T07:51:26.947+0000] {logging_mixin.py:190} INFO - [2025-05-22T07:51:26.947+0000] {dag.py:3239} INFO - Sync 1 DAGs
[2025-05-22T07:51:26.971+0000] {logging_mixin.py:190} INFO - [2025-05-22T07:51:26.971+0000] {dag.py:4180} INFO - Setting next_dagrun for slurm_20250428_073538 to 2025-04-28 00:00:00+00:00, run_after=2025-04-28 00:00:00+00:00
[2025-05-22T07:51:26.992+0000] {processor.py:208} INFO - Processing /opt/airflow/dags/slurm_20250428_073538.py took 0.088 seconds
[2025-05-22T07:51:57.149+0000] {processor.py:186} INFO - Started process (PID=2245) to work on /opt/airflow/dags/slurm_20250428_073538.py
[2025-05-22T07:51:57.150+0000] {processor.py:914} INFO - Processing file /opt/airflow/dags/slurm_20250428_073538.py for tasks to queue
[2025-05-22T07:51:57.152+0000] {logging_mixin.py:190} INFO - [2025-05-22T07:51:57.152+0000] {dagbag.py:588} INFO - Filling up the DagBag from /opt/airflow/dags/slurm_20250428_073538.py
[2025-05-22T07:51:57.159+0000] {processor.py:925} INFO - DAG(s) 'slurm_20250428_073538' retrieved from /opt/airflow/dags/slurm_20250428_073538.py
[2025-05-22T07:51:57.180+0000] {logging_mixin.py:190} INFO - [2025-05-22T07:51:57.180+0000] {dag.py:3239} INFO - Sync 1 DAGs
[2025-05-22T07:51:57.205+0000] {logging_mixin.py:190} INFO - [2025-05-22T07:51:57.205+0000] {dag.py:4180} INFO - Setting next_dagrun for slurm_20250428_073538 to 2025-04-28 00:00:00+00:00, run_after=2025-04-28 00:00:00+00:00
[2025-05-22T07:51:57.228+0000] {processor.py:208} INFO - Processing /opt/airflow/dags/slurm_20250428_073538.py took 0.086 seconds
[2025-05-22T07:52:27.381+0000] {processor.py:186} INFO - Started process (PID=2313) to work on /opt/airflow/dags/slurm_20250428_073538.py
[2025-05-22T07:52:27.382+0000] {processor.py:914} INFO - Processing file /opt/airflow/dags/slurm_20250428_073538.py for tasks to queue
[2025-05-22T07:52:27.385+0000] {logging_mixin.py:190} INFO - [2025-05-22T07:52:27.384+0000] {dagbag.py:588} INFO - Filling up the DagBag from /opt/airflow/dags/slurm_20250428_073538.py
[2025-05-22T07:52:27.392+0000] {processor.py:925} INFO - DAG(s) 'slurm_20250428_073538' retrieved from /opt/airflow/dags/slurm_20250428_073538.py
[2025-05-22T07:52:27.413+0000] {logging_mixin.py:190} INFO - [2025-05-22T07:52:27.412+0000] {dag.py:3239} INFO - Sync 1 DAGs
[2025-05-22T07:52:27.441+0000] {logging_mixin.py:190} INFO - [2025-05-22T07:52:27.441+0000] {dag.py:4180} INFO - Setting next_dagrun for slurm_20250428_073538 to 2025-04-28 00:00:00+00:00, run_after=2025-04-28 00:00:00+00:00
[2025-05-22T07:52:27.460+0000] {processor.py:208} INFO - Processing /opt/airflow/dags/slurm_20250428_073538.py took 0.086 seconds
[2025-05-22T07:52:58.222+0000] {processor.py:186} INFO - Started process (PID=2381) to work on /opt/airflow/dags/slurm_20250428_073538.py
[2025-05-22T07:52:58.223+0000] {processor.py:914} INFO - Processing file /opt/airflow/dags/slurm_20250428_073538.py for tasks to queue
[2025-05-22T07:52:58.227+0000] {logging_mixin.py:190} INFO - [2025-05-22T07:52:58.226+0000] {dagbag.py:588} INFO - Filling up the DagBag from /opt/airflow/dags/slurm_20250428_073538.py
[2025-05-22T07:52:58.234+0000] {processor.py:925} INFO - DAG(s) 'slurm_20250428_073538' retrieved from /opt/airflow/dags/slurm_20250428_073538.py
[2025-05-22T07:52:58.256+0000] {logging_mixin.py:190} INFO - [2025-05-22T07:52:58.256+0000] {dag.py:3239} INFO - Sync 1 DAGs
[2025-05-22T07:52:58.280+0000] {logging_mixin.py:190} INFO - [2025-05-22T07:52:58.280+0000] {dag.py:4180} INFO - Setting next_dagrun for slurm_20250428_073538 to 2025-04-28 00:00:00+00:00, run_after=2025-04-28 00:00:00+00:00
[2025-05-22T07:52:58.299+0000] {processor.py:208} INFO - Processing /opt/airflow/dags/slurm_20250428_073538.py took 0.085 seconds
[2025-05-22T07:53:29.201+0000] {processor.py:186} INFO - Started process (PID=2449) to work on /opt/airflow/dags/slurm_20250428_073538.py
[2025-05-22T07:53:29.202+0000] {processor.py:914} INFO - Processing file /opt/airflow/dags/slurm_20250428_073538.py for tasks to queue
[2025-05-22T07:53:29.205+0000] {logging_mixin.py:190} INFO - [2025-05-22T07:53:29.205+0000] {dagbag.py:588} INFO - Filling up the DagBag from /opt/airflow/dags/slurm_20250428_073538.py
[2025-05-22T07:53:29.216+0000] {processor.py:925} INFO - DAG(s) 'slurm_20250428_073538' retrieved from /opt/airflow/dags/slurm_20250428_073538.py
[2025-05-22T07:53:29.234+0000] {logging_mixin.py:190} INFO - [2025-05-22T07:53:29.234+0000] {dag.py:3239} INFO - Sync 1 DAGs
[2025-05-22T07:53:29.258+0000] {logging_mixin.py:190} INFO - [2025-05-22T07:53:29.257+0000] {dag.py:4180} INFO - Setting next_dagrun for slurm_20250428_073538 to 2025-04-28 00:00:00+00:00, run_after=2025-04-28 00:00:00+00:00
[2025-05-22T07:53:29.276+0000] {processor.py:208} INFO - Processing /opt/airflow/dags/slurm_20250428_073538.py took 0.083 seconds
[2025-05-22T07:53:59.426+0000] {processor.py:186} INFO - Started process (PID=2517) to work on /opt/airflow/dags/slurm_20250428_073538.py
[2025-05-22T07:53:59.428+0000] {processor.py:914} INFO - Processing file /opt/airflow/dags/slurm_20250428_073538.py for tasks to queue
[2025-05-22T07:53:59.431+0000] {logging_mixin.py:190} INFO - [2025-05-22T07:53:59.431+0000] {dagbag.py:588} INFO - Filling up the DagBag from /opt/airflow/dags/slurm_20250428_073538.py
[2025-05-22T07:53:59.439+0000] {processor.py:925} INFO - DAG(s) 'slurm_20250428_073538' retrieved from /opt/airflow/dags/slurm_20250428_073538.py
[2025-05-22T07:53:59.465+0000] {logging_mixin.py:190} INFO - [2025-05-22T07:53:59.465+0000] {dag.py:3239} INFO - Sync 1 DAGs
[2025-05-22T07:53:59.490+0000] {logging_mixin.py:190} INFO - [2025-05-22T07:53:59.490+0000] {dag.py:4180} INFO - Setting next_dagrun for slurm_20250428_073538 to 2025-04-28 00:00:00+00:00, run_after=2025-04-28 00:00:00+00:00
[2025-05-22T07:53:59.511+0000] {processor.py:208} INFO - Processing /opt/airflow/dags/slurm_20250428_073538.py took 0.092 seconds
[2025-05-22T07:54:29.681+0000] {processor.py:186} INFO - Started process (PID=2585) to work on /opt/airflow/dags/slurm_20250428_073538.py
[2025-05-22T07:54:29.682+0000] {processor.py:914} INFO - Processing file /opt/airflow/dags/slurm_20250428_073538.py for tasks to queue
[2025-05-22T07:54:29.685+0000] {logging_mixin.py:190} INFO - [2025-05-22T07:54:29.685+0000] {dagbag.py:588} INFO - Filling up the DagBag from /opt/airflow/dags/slurm_20250428_073538.py
[2025-05-22T07:54:29.693+0000] {processor.py:925} INFO - DAG(s) 'slurm_20250428_073538' retrieved from /opt/airflow/dags/slurm_20250428_073538.py
[2025-05-22T07:54:29.718+0000] {logging_mixin.py:190} INFO - [2025-05-22T07:54:29.717+0000] {dag.py:3239} INFO - Sync 1 DAGs
[2025-05-22T07:54:29.742+0000] {logging_mixin.py:190} INFO - [2025-05-22T07:54:29.741+0000] {dag.py:4180} INFO - Setting next_dagrun for slurm_20250428_073538 to 2025-04-28 00:00:00+00:00, run_after=2025-04-28 00:00:00+00:00
[2025-05-22T07:54:29.764+0000] {processor.py:208} INFO - Processing /opt/airflow/dags/slurm_20250428_073538.py took 0.091 seconds
[2025-05-22T07:55:00.317+0000] {processor.py:186} INFO - Started process (PID=2652) to work on /opt/airflow/dags/slurm_20250428_073538.py
[2025-05-22T07:55:00.319+0000] {processor.py:914} INFO - Processing file /opt/airflow/dags/slurm_20250428_073538.py for tasks to queue
[2025-05-22T07:55:00.322+0000] {logging_mixin.py:190} INFO - [2025-05-22T07:55:00.321+0000] {dagbag.py:588} INFO - Filling up the DagBag from /opt/airflow/dags/slurm_20250428_073538.py
[2025-05-22T07:55:00.333+0000] {processor.py:925} INFO - DAG(s) 'slurm_20250428_073538' retrieved from /opt/airflow/dags/slurm_20250428_073538.py
[2025-05-22T07:55:00.353+0000] {logging_mixin.py:190} INFO - [2025-05-22T07:55:00.353+0000] {dag.py:3239} INFO - Sync 1 DAGs
[2025-05-22T07:55:00.380+0000] {logging_mixin.py:190} INFO - [2025-05-22T07:55:00.380+0000] {dag.py:4180} INFO - Setting next_dagrun for slurm_20250428_073538 to 2025-04-28 00:00:00+00:00, run_after=2025-04-28 00:00:00+00:00
[2025-05-22T07:55:00.404+0000] {processor.py:208} INFO - Processing /opt/airflow/dags/slurm_20250428_073538.py took 0.093 seconds
[2025-05-22T07:55:30.469+0000] {processor.py:186} INFO - Started process (PID=2720) to work on /opt/airflow/dags/slurm_20250428_073538.py
[2025-05-22T07:55:30.471+0000] {processor.py:914} INFO - Processing file /opt/airflow/dags/slurm_20250428_073538.py for tasks to queue
[2025-05-22T07:55:30.473+0000] {logging_mixin.py:190} INFO - [2025-05-22T07:55:30.473+0000] {dagbag.py:588} INFO - Filling up the DagBag from /opt/airflow/dags/slurm_20250428_073538.py
[2025-05-22T07:55:30.484+0000] {processor.py:925} INFO - DAG(s) 'slurm_20250428_073538' retrieved from /opt/airflow/dags/slurm_20250428_073538.py
[2025-05-22T07:55:30.503+0000] {logging_mixin.py:190} INFO - [2025-05-22T07:55:30.503+0000] {dag.py:3239} INFO - Sync 1 DAGs
[2025-05-22T07:55:30.529+0000] {logging_mixin.py:190} INFO - [2025-05-22T07:55:30.528+0000] {dag.py:4180} INFO - Setting next_dagrun for slurm_20250428_073538 to 2025-04-28 00:00:00+00:00, run_after=2025-04-28 00:00:00+00:00
[2025-05-22T07:55:30.551+0000] {processor.py:208} INFO - Processing /opt/airflow/dags/slurm_20250428_073538.py took 0.089 seconds
[2025-05-22T07:56:01.041+0000] {processor.py:186} INFO - Started process (PID=2788) to work on /opt/airflow/dags/slurm_20250428_073538.py
[2025-05-22T07:56:01.042+0000] {processor.py:914} INFO - Processing file /opt/airflow/dags/slurm_20250428_073538.py for tasks to queue
[2025-05-22T07:56:01.044+0000] {logging_mixin.py:190} INFO - [2025-05-22T07:56:01.044+0000] {dagbag.py:588} INFO - Filling up the DagBag from /opt/airflow/dags/slurm_20250428_073538.py
[2025-05-22T07:56:01.053+0000] {processor.py:925} INFO - DAG(s) 'slurm_20250428_073538' retrieved from /opt/airflow/dags/slurm_20250428_073538.py
[2025-05-22T07:56:01.072+0000] {logging_mixin.py:190} INFO - [2025-05-22T07:56:01.072+0000] {dag.py:3239} INFO - Sync 1 DAGs
[2025-05-22T07:56:01.094+0000] {logging_mixin.py:190} INFO - [2025-05-22T07:56:01.094+0000] {dag.py:4180} INFO - Setting next_dagrun for slurm_20250428_073538 to 2025-04-28 00:00:00+00:00, run_after=2025-04-28 00:00:00+00:00
[2025-05-22T07:56:01.112+0000] {processor.py:208} INFO - Processing /opt/airflow/dags/slurm_20250428_073538.py took 0.078 seconds
[2025-05-22T07:56:31.526+0000] {processor.py:186} INFO - Started process (PID=2856) to work on /opt/airflow/dags/slurm_20250428_073538.py
[2025-05-22T07:56:31.527+0000] {processor.py:914} INFO - Processing file /opt/airflow/dags/slurm_20250428_073538.py for tasks to queue
[2025-05-22T07:56:31.530+0000] {logging_mixin.py:190} INFO - [2025-05-22T07:56:31.529+0000] {dagbag.py:588} INFO - Filling up the DagBag from /opt/airflow/dags/slurm_20250428_073538.py
[2025-05-22T07:56:31.538+0000] {processor.py:925} INFO - DAG(s) 'slurm_20250428_073538' retrieved from /opt/airflow/dags/slurm_20250428_073538.py
[2025-05-22T07:56:31.558+0000] {logging_mixin.py:190} INFO - [2025-05-22T07:56:31.558+0000] {dag.py:3239} INFO - Sync 1 DAGs
[2025-05-22T07:56:31.773+0000] {logging_mixin.py:190} INFO - [2025-05-22T07:56:31.773+0000] {dag.py:4180} INFO - Setting next_dagrun for slurm_20250428_073538 to 2025-04-28 00:00:00+00:00, run_after=2025-04-28 00:00:00+00:00
[2025-05-22T07:56:31.793+0000] {processor.py:208} INFO - Processing /opt/airflow/dags/slurm_20250428_073538.py took 0.273 seconds
[2025-05-22T07:57:01.849+0000] {processor.py:186} INFO - Started process (PID=2924) to work on /opt/airflow/dags/slurm_20250428_073538.py
[2025-05-22T07:57:01.850+0000] {processor.py:914} INFO - Processing file /opt/airflow/dags/slurm_20250428_073538.py for tasks to queue
[2025-05-22T07:57:01.853+0000] {logging_mixin.py:190} INFO - [2025-05-22T07:57:01.853+0000] {dagbag.py:588} INFO - Filling up the DagBag from /opt/airflow/dags/slurm_20250428_073538.py
[2025-05-22T07:57:01.861+0000] {processor.py:925} INFO - DAG(s) 'slurm_20250428_073538' retrieved from /opt/airflow/dags/slurm_20250428_073538.py
[2025-05-22T07:57:01.881+0000] {logging_mixin.py:190} INFO - [2025-05-22T07:57:01.881+0000] {dag.py:3239} INFO - Sync 1 DAGs
[2025-05-22T07:57:01.907+0000] {logging_mixin.py:190} INFO - [2025-05-22T07:57:01.907+0000] {dag.py:4180} INFO - Setting next_dagrun for slurm_20250428_073538 to 2025-04-28 00:00:00+00:00, run_after=2025-04-28 00:00:00+00:00
[2025-05-22T07:57:02.112+0000] {processor.py:208} INFO - Processing /opt/airflow/dags/slurm_20250428_073538.py took 0.270 seconds
[2025-05-22T07:57:32.608+0000] {processor.py:186} INFO - Started process (PID=2991) to work on /opt/airflow/dags/slurm_20250428_073538.py
[2025-05-22T07:57:32.609+0000] {processor.py:914} INFO - Processing file /opt/airflow/dags/slurm_20250428_073538.py for tasks to queue
[2025-05-22T07:57:32.612+0000] {logging_mixin.py:190} INFO - [2025-05-22T07:57:32.612+0000] {dagbag.py:588} INFO - Filling up the DagBag from /opt/airflow/dags/slurm_20250428_073538.py
[2025-05-22T07:57:32.624+0000] {processor.py:925} INFO - DAG(s) 'slurm_20250428_073538' retrieved from /opt/airflow/dags/slurm_20250428_073538.py
[2025-05-22T07:57:32.649+0000] {logging_mixin.py:190} INFO - [2025-05-22T07:57:32.649+0000] {dag.py:3239} INFO - Sync 1 DAGs
[2025-05-22T07:57:32.677+0000] {logging_mixin.py:190} INFO - [2025-05-22T07:57:32.677+0000] {dag.py:4180} INFO - Setting next_dagrun for slurm_20250428_073538 to 2025-04-28 00:00:00+00:00, run_after=2025-04-28 00:00:00+00:00
[2025-05-22T07:57:32.701+0000] {processor.py:208} INFO - Processing /opt/airflow/dags/slurm_20250428_073538.py took 0.101 seconds
[2025-05-22T07:58:04.341+0000] {processor.py:186} INFO - Started process (PID=3059) to work on /opt/airflow/dags/slurm_20250428_073538.py
[2025-05-22T07:58:04.342+0000] {processor.py:914} INFO - Processing file /opt/airflow/dags/slurm_20250428_073538.py for tasks to queue
[2025-05-22T07:58:04.345+0000] {logging_mixin.py:190} INFO - [2025-05-22T07:58:04.345+0000] {dagbag.py:588} INFO - Filling up the DagBag from /opt/airflow/dags/slurm_20250428_073538.py
[2025-05-22T07:58:04.356+0000] {processor.py:925} INFO - DAG(s) 'slurm_20250428_073538' retrieved from /opt/airflow/dags/slurm_20250428_073538.py
[2025-05-22T07:58:04.379+0000] {logging_mixin.py:190} INFO - [2025-05-22T07:58:04.379+0000] {dag.py:3239} INFO - Sync 1 DAGs
[2025-05-22T07:58:04.403+0000] {logging_mixin.py:190} INFO - [2025-05-22T07:58:04.403+0000] {dag.py:4180} INFO - Setting next_dagrun for slurm_20250428_073538 to 2025-04-28 00:00:00+00:00, run_after=2025-04-28 00:00:00+00:00
[2025-05-22T07:58:04.424+0000] {processor.py:208} INFO - Processing /opt/airflow/dags/slurm_20250428_073538.py took 0.090 seconds
[2025-05-22T07:58:34.818+0000] {processor.py:186} INFO - Started process (PID=3125) to work on /opt/airflow/dags/slurm_20250428_073538.py
[2025-05-22T07:58:34.819+0000] {processor.py:914} INFO - Processing file /opt/airflow/dags/slurm_20250428_073538.py for tasks to queue
[2025-05-22T07:58:34.822+0000] {logging_mixin.py:190} INFO - [2025-05-22T07:58:34.821+0000] {dagbag.py:588} INFO - Filling up the DagBag from /opt/airflow/dags/slurm_20250428_073538.py
[2025-05-22T07:58:34.831+0000] {processor.py:925} INFO - DAG(s) 'slurm_20250428_073538' retrieved from /opt/airflow/dags/slurm_20250428_073538.py
[2025-05-22T07:58:35.037+0000] {logging_mixin.py:190} INFO - [2025-05-22T07:58:35.037+0000] {dag.py:3239} INFO - Sync 1 DAGs
[2025-05-22T07:58:35.058+0000] {logging_mixin.py:190} INFO - [2025-05-22T07:58:35.058+0000] {dag.py:4180} INFO - Setting next_dagrun for slurm_20250428_073538 to 2025-04-28 00:00:00+00:00, run_after=2025-04-28 00:00:00+00:00
[2025-05-22T07:58:35.077+0000] {processor.py:208} INFO - Processing /opt/airflow/dags/slurm_20250428_073538.py took 0.266 seconds
[2025-05-22T07:59:05.692+0000] {processor.py:186} INFO - Started process (PID=3193) to work on /opt/airflow/dags/slurm_20250428_073538.py
[2025-05-22T07:59:05.693+0000] {processor.py:914} INFO - Processing file /opt/airflow/dags/slurm_20250428_073538.py for tasks to queue
[2025-05-22T07:59:05.696+0000] {logging_mixin.py:190} INFO - [2025-05-22T07:59:05.696+0000] {dagbag.py:588} INFO - Filling up the DagBag from /opt/airflow/dags/slurm_20250428_073538.py
[2025-05-22T07:59:05.707+0000] {processor.py:925} INFO - DAG(s) 'slurm_20250428_073538' retrieved from /opt/airflow/dags/slurm_20250428_073538.py
[2025-05-22T07:59:05.728+0000] {logging_mixin.py:190} INFO - [2025-05-22T07:59:05.727+0000] {dag.py:3239} INFO - Sync 1 DAGs
[2025-05-22T07:59:05.755+0000] {logging_mixin.py:190} INFO - [2025-05-22T07:59:05.755+0000] {dag.py:4180} INFO - Setting next_dagrun for slurm_20250428_073538 to 2025-04-28 00:00:00+00:00, run_after=2025-04-28 00:00:00+00:00
[2025-05-22T07:59:05.774+0000] {processor.py:208} INFO - Processing /opt/airflow/dags/slurm_20250428_073538.py took 0.090 seconds
[2025-05-22T07:59:36.505+0000] {processor.py:186} INFO - Started process (PID=3259) to work on /opt/airflow/dags/slurm_20250428_073538.py
[2025-05-22T07:59:36.506+0000] {processor.py:914} INFO - Processing file /opt/airflow/dags/slurm_20250428_073538.py for tasks to queue
[2025-05-22T07:59:36.512+0000] {logging_mixin.py:190} INFO - [2025-05-22T07:59:36.511+0000] {dagbag.py:588} INFO - Filling up the DagBag from /opt/airflow/dags/slurm_20250428_073538.py
[2025-05-22T07:59:36.523+0000] {processor.py:925} INFO - DAG(s) 'slurm_20250428_073538' retrieved from /opt/airflow/dags/slurm_20250428_073538.py
[2025-05-22T07:59:36.549+0000] {logging_mixin.py:190} INFO - [2025-05-22T07:59:36.548+0000] {dag.py:3239} INFO - Sync 1 DAGs
[2025-05-22T07:59:36.574+0000] {logging_mixin.py:190} INFO - [2025-05-22T07:59:36.573+0000] {dag.py:4180} INFO - Setting next_dagrun for slurm_20250428_073538 to 2025-04-28 00:00:00+00:00, run_after=2025-04-28 00:00:00+00:00
[2025-05-22T07:59:36.593+0000] {processor.py:208} INFO - Processing /opt/airflow/dags/slurm_20250428_073538.py took 0.098 seconds
[2025-05-22T08:00:07.195+0000] {processor.py:186} INFO - Started process (PID=3327) to work on /opt/airflow/dags/slurm_20250428_073538.py
[2025-05-22T08:00:07.196+0000] {processor.py:914} INFO - Processing file /opt/airflow/dags/slurm_20250428_073538.py for tasks to queue
[2025-05-22T08:00:07.201+0000] {logging_mixin.py:190} INFO - [2025-05-22T08:00:07.200+0000] {dagbag.py:588} INFO - Filling up the DagBag from /opt/airflow/dags/slurm_20250428_073538.py
[2025-05-22T08:00:07.210+0000] {processor.py:925} INFO - DAG(s) 'slurm_20250428_073538' retrieved from /opt/airflow/dags/slurm_20250428_073538.py
[2025-05-22T08:00:07.234+0000] {logging_mixin.py:190} INFO - [2025-05-22T08:00:07.234+0000] {dag.py:3239} INFO - Sync 1 DAGs
[2025-05-22T08:00:07.258+0000] {logging_mixin.py:190} INFO - [2025-05-22T08:00:07.257+0000] {dag.py:4180} INFO - Setting next_dagrun for slurm_20250428_073538 to 2025-04-28 00:00:00+00:00, run_after=2025-04-28 00:00:00+00:00
[2025-05-22T08:00:07.282+0000] {processor.py:208} INFO - Processing /opt/airflow/dags/slurm_20250428_073538.py took 0.094 seconds
[2025-05-22T08:00:37.783+0000] {processor.py:186} INFO - Started process (PID=3395) to work on /opt/airflow/dags/slurm_20250428_073538.py
[2025-05-22T08:00:37.784+0000] {processor.py:914} INFO - Processing file /opt/airflow/dags/slurm_20250428_073538.py for tasks to queue
[2025-05-22T08:00:37.787+0000] {logging_mixin.py:190} INFO - [2025-05-22T08:00:37.787+0000] {dagbag.py:588} INFO - Filling up the DagBag from /opt/airflow/dags/slurm_20250428_073538.py
[2025-05-22T08:00:37.796+0000] {processor.py:925} INFO - DAG(s) 'slurm_20250428_073538' retrieved from /opt/airflow/dags/slurm_20250428_073538.py
[2025-05-22T08:00:37.818+0000] {logging_mixin.py:190} INFO - [2025-05-22T08:00:37.818+0000] {dag.py:3239} INFO - Sync 1 DAGs
[2025-05-22T08:00:37.843+0000] {logging_mixin.py:190} INFO - [2025-05-22T08:00:37.843+0000] {dag.py:4180} INFO - Setting next_dagrun for slurm_20250428_073538 to 2025-04-28 00:00:00+00:00, run_after=2025-04-28 00:00:00+00:00
[2025-05-22T08:00:37.866+0000] {processor.py:208} INFO - Processing /opt/airflow/dags/slurm_20250428_073538.py took 0.089 seconds
[2025-05-22T08:01:08.482+0000] {processor.py:186} INFO - Started process (PID=3463) to work on /opt/airflow/dags/slurm_20250428_073538.py
[2025-05-22T08:01:08.483+0000] {processor.py:914} INFO - Processing file /opt/airflow/dags/slurm_20250428_073538.py for tasks to queue
[2025-05-22T08:01:08.487+0000] {logging_mixin.py:190} INFO - [2025-05-22T08:01:08.487+0000] {dagbag.py:588} INFO - Filling up the DagBag from /opt/airflow/dags/slurm_20250428_073538.py
[2025-05-22T08:01:08.501+0000] {processor.py:925} INFO - DAG(s) 'slurm_20250428_073538' retrieved from /opt/airflow/dags/slurm_20250428_073538.py
[2025-05-22T08:01:08.529+0000] {logging_mixin.py:190} INFO - [2025-05-22T08:01:08.529+0000] {dag.py:3239} INFO - Sync 1 DAGs
[2025-05-22T08:01:08.556+0000] {logging_mixin.py:190} INFO - [2025-05-22T08:01:08.556+0000] {dag.py:4180} INFO - Setting next_dagrun for slurm_20250428_073538 to 2025-04-28 00:00:00+00:00, run_after=2025-04-28 00:00:00+00:00
[2025-05-22T08:01:08.582+0000] {processor.py:208} INFO - Processing /opt/airflow/dags/slurm_20250428_073538.py took 0.108 seconds
[2025-05-22T08:01:39.345+0000] {processor.py:186} INFO - Started process (PID=3531) to work on /opt/airflow/dags/slurm_20250428_073538.py
[2025-05-22T08:01:39.347+0000] {processor.py:914} INFO - Processing file /opt/airflow/dags/slurm_20250428_073538.py for tasks to queue
[2025-05-22T08:01:39.353+0000] {logging_mixin.py:190} INFO - [2025-05-22T08:01:39.352+0000] {dagbag.py:588} INFO - Filling up the DagBag from /opt/airflow/dags/slurm_20250428_073538.py
[2025-05-22T08:01:39.362+0000] {processor.py:925} INFO - DAG(s) 'slurm_20250428_073538' retrieved from /opt/airflow/dags/slurm_20250428_073538.py
[2025-05-22T08:01:39.387+0000] {logging_mixin.py:190} INFO - [2025-05-22T08:01:39.387+0000] {dag.py:3239} INFO - Sync 1 DAGs
[2025-05-22T08:01:39.410+0000] {logging_mixin.py:190} INFO - [2025-05-22T08:01:39.410+0000] {dag.py:4180} INFO - Setting next_dagrun for slurm_20250428_073538 to 2025-04-28 00:00:00+00:00, run_after=2025-04-28 00:00:00+00:00
[2025-05-22T08:01:39.435+0000] {processor.py:208} INFO - Processing /opt/airflow/dags/slurm_20250428_073538.py took 0.103 seconds
