[2025-06-10T07:43:56.442+0000] {base.py:84} INFO - Retrieving connection 'hpc_ssh'
[2025-06-10T07:43:56.443+0000] {ssh.py:286} WARNING - No Host Key Verification. This won't protect against Man-In-The-Middle attacks
[2025-06-10T07:43:58.511+0000] {slurm_trigger.py:35} INFO - [SLURM 17158] sacct output: RUNNING 
   RUNNING 
   RUNNING 
   RUNNING
[2025-06-10T07:43:58.511+0000] {triggerer_job_runner.py:631} INFO - Trigger slurm_async_job/manual__2025-06-10T07:43:49.773652+00:00/submit_slurm/-1/1 (ID 53) fired: TriggerEvent<{'job_id': '17158', 'status': 'RUNNING', 'final': False}>
[2025-06-10T07:44:02.525+0000] {base.py:84} INFO - Retrieving connection 'hpc_ssh'
[2025-06-10T07:44:02.525+0000] {ssh.py:286} WARNING - No Host Key Verification. This won't protect against Man-In-The-Middle attacks
[2025-06-10T07:44:04.611+0000] {slurm_trigger.py:35} INFO - [SLURM 17158] sacct output: RUNNING 
   RUNNING 
   RUNNING 
   RUNNING
[2025-06-10T07:44:04.611+0000] {triggerer_job_runner.py:631} INFO - Trigger slurm_async_job/manual__2025-06-10T07:43:49.773652+00:00/submit_slurm/-1/1 (ID 54) fired: TriggerEvent<{'job_id': '17158', 'status': 'RUNNING', 'final': False}>
[2025-06-10T07:44:08.624+0000] {base.py:84} INFO - Retrieving connection 'hpc_ssh'
[2025-06-10T07:44:08.625+0000] {ssh.py:286} WARNING - No Host Key Verification. This won't protect against Man-In-The-Middle attacks
[2025-06-10T07:44:10.770+0000] {slurm_trigger.py:35} INFO - [SLURM 17158] sacct output: RUNNING 
   RUNNING 
   RUNNING 
   RUNNING
[2025-06-10T07:44:10.770+0000] {triggerer_job_runner.py:631} INFO - Trigger slurm_async_job/manual__2025-06-10T07:43:49.773652+00:00/submit_slurm/-1/1 (ID 55) fired: TriggerEvent<{'job_id': '17158', 'status': 'RUNNING', 'final': False}>
[2025-06-10T07:44:14.781+0000] {base.py:84} INFO - Retrieving connection 'hpc_ssh'
[2025-06-10T07:44:14.782+0000] {ssh.py:286} WARNING - No Host Key Verification. This won't protect against Man-In-The-Middle attacks
[2025-06-10T07:44:16.857+0000] {slurm_trigger.py:35} INFO - [SLURM 17158] sacct output: RUNNING 
   RUNNING 
   RUNNING 
   RUNNING
[2025-06-10T07:44:16.857+0000] {triggerer_job_runner.py:631} INFO - Trigger slurm_async_job/manual__2025-06-10T07:43:49.773652+00:00/submit_slurm/-1/1 (ID 56) fired: TriggerEvent<{'job_id': '17158', 'status': 'RUNNING', 'final': False}>
[2025-06-10T07:44:20.871+0000] {base.py:84} INFO - Retrieving connection 'hpc_ssh'
[2025-06-10T07:44:20.871+0000] {ssh.py:286} WARNING - No Host Key Verification. This won't protect against Man-In-The-Middle attacks
[2025-06-10T07:44:22.954+0000] {slurm_trigger.py:35} INFO - [SLURM 17158] sacct output: RUNNING 
   RUNNING 
   RUNNING 
   RUNNING
[2025-06-10T07:44:22.955+0000] {triggerer_job_runner.py:631} INFO - Trigger slurm_async_job/manual__2025-06-10T07:43:49.773652+00:00/submit_slurm/-1/1 (ID 57) fired: TriggerEvent<{'job_id': '17158', 'status': 'RUNNING', 'final': False}>
[2025-06-10T07:44:26.965+0000] {base.py:84} INFO - Retrieving connection 'hpc_ssh'
[2025-06-10T07:44:26.965+0000] {ssh.py:286} WARNING - No Host Key Verification. This won't protect against Man-In-The-Middle attacks
[2025-06-10T07:44:29.061+0000] {slurm_trigger.py:35} INFO - [SLURM 17158] sacct output: RUNNING 
   RUNNING 
   RUNNING 
   RUNNING
[2025-06-10T07:44:29.061+0000] {triggerer_job_runner.py:631} INFO - Trigger slurm_async_job/manual__2025-06-10T07:43:49.773652+00:00/submit_slurm/-1/1 (ID 58) fired: TriggerEvent<{'job_id': '17158', 'status': 'RUNNING', 'final': False}>
[2025-06-10T07:44:33.074+0000] {base.py:84} INFO - Retrieving connection 'hpc_ssh'
[2025-06-10T07:44:33.075+0000] {ssh.py:286} WARNING - No Host Key Verification. This won't protect against Man-In-The-Middle attacks
[2025-06-10T07:44:35.162+0000] {slurm_trigger.py:35} INFO - [SLURM 17158] sacct output: RUNNING 
   RUNNING 
   RUNNING 
   RUNNING
[2025-06-10T07:44:35.162+0000] {triggerer_job_runner.py:631} INFO - Trigger slurm_async_job/manual__2025-06-10T07:43:49.773652+00:00/submit_slurm/-1/1 (ID 59) fired: TriggerEvent<{'job_id': '17158', 'status': 'RUNNING', 'final': False}>
[2025-06-10T07:44:39.177+0000] {base.py:84} INFO - Retrieving connection 'hpc_ssh'
[2025-06-10T07:44:39.178+0000] {ssh.py:286} WARNING - No Host Key Verification. This won't protect against Man-In-The-Middle attacks
[2025-06-10T07:44:41.298+0000] {slurm_trigger.py:35} INFO - [SLURM 17158] sacct output: RUNNING 
   RUNNING 
   RUNNING 
   RUNNING
[2025-06-10T07:44:41.298+0000] {triggerer_job_runner.py:631} INFO - Trigger slurm_async_job/manual__2025-06-10T07:43:49.773652+00:00/submit_slurm/-1/1 (ID 60) fired: TriggerEvent<{'job_id': '17158', 'status': 'RUNNING', 'final': False}>
[2025-06-10T07:44:45.314+0000] {base.py:84} INFO - Retrieving connection 'hpc_ssh'
[2025-06-10T07:44:45.316+0000] {ssh.py:286} WARNING - No Host Key Verification. This won't protect against Man-In-The-Middle attacks
[2025-06-10T07:44:47.378+0000] {slurm_trigger.py:35} INFO - [SLURM 17158] sacct output: RUNNING 
   RUNNING 
   RUNNING 
   RUNNING
[2025-06-10T07:44:47.378+0000] {triggerer_job_runner.py:631} INFO - Trigger slurm_async_job/manual__2025-06-10T07:43:49.773652+00:00/submit_slurm/-1/1 (ID 61) fired: TriggerEvent<{'job_id': '17158', 'status': 'RUNNING', 'final': False}>
[2025-06-10T07:44:51.394+0000] {base.py:84} INFO - Retrieving connection 'hpc_ssh'
[2025-06-10T07:44:51.395+0000] {ssh.py:286} WARNING - No Host Key Verification. This won't protect against Man-In-The-Middle attacks
[2025-06-10T07:44:53.446+0000] {slurm_trigger.py:35} INFO - [SLURM 17158] sacct output: RUNNING 
   RUNNING 
   RUNNING 
   RUNNING
[2025-06-10T07:44:53.446+0000] {triggerer_job_runner.py:631} INFO - Trigger slurm_async_job/manual__2025-06-10T07:43:49.773652+00:00/submit_slurm/-1/1 (ID 62) fired: TriggerEvent<{'job_id': '17158', 'status': 'RUNNING', 'final': False}>
[2025-06-10T07:44:57.457+0000] {base.py:84} INFO - Retrieving connection 'hpc_ssh'
[2025-06-10T07:44:57.457+0000] {ssh.py:286} WARNING - No Host Key Verification. This won't protect against Man-In-The-Middle attacks
[2025-06-10T07:44:59.567+0000] {slurm_trigger.py:35} INFO - [SLURM 17158] sacct output: RUNNING 
   RUNNING 
   RUNNING 
   RUNNING
[2025-06-10T07:44:59.567+0000] {triggerer_job_runner.py:631} INFO - Trigger slurm_async_job/manual__2025-06-10T07:43:49.773652+00:00/submit_slurm/-1/1 (ID 63) fired: TriggerEvent<{'job_id': '17158', 'status': 'RUNNING', 'final': False}>
[2025-06-10T07:45:03.578+0000] {base.py:84} INFO - Retrieving connection 'hpc_ssh'
[2025-06-10T07:45:03.578+0000] {ssh.py:286} WARNING - No Host Key Verification. This won't protect against Man-In-The-Middle attacks
[2025-06-10T07:45:05.683+0000] {slurm_trigger.py:35} INFO - [SLURM 17158] sacct output: RUNNING 
   RUNNING 
   RUNNING 
   RUNNING
[2025-06-10T07:45:05.683+0000] {triggerer_job_runner.py:631} INFO - Trigger slurm_async_job/manual__2025-06-10T07:43:49.773652+00:00/submit_slurm/-1/1 (ID 64) fired: TriggerEvent<{'job_id': '17158', 'status': 'RUNNING', 'final': False}>
[2025-06-10T07:45:09.694+0000] {base.py:84} INFO - Retrieving connection 'hpc_ssh'
[2025-06-10T07:45:09.695+0000] {ssh.py:286} WARNING - No Host Key Verification. This won't protect against Man-In-The-Middle attacks
[2025-06-10T07:45:11.775+0000] {slurm_trigger.py:35} INFO - [SLURM 17158] sacct output: RUNNING 
   RUNNING 
   RUNNING 
   RUNNING
[2025-06-10T07:45:11.776+0000] {triggerer_job_runner.py:631} INFO - Trigger slurm_async_job/manual__2025-06-10T07:43:49.773652+00:00/submit_slurm/-1/1 (ID 65) fired: TriggerEvent<{'job_id': '17158', 'status': 'RUNNING', 'final': False}>
[2025-06-10T07:45:15.791+0000] {base.py:84} INFO - Retrieving connection 'hpc_ssh'
[2025-06-10T07:45:15.791+0000] {ssh.py:286} WARNING - No Host Key Verification. This won't protect against Man-In-The-Middle attacks
[2025-06-10T07:45:17.859+0000] {slurm_trigger.py:35} INFO - [SLURM 17158] sacct output: RUNNING 
   RUNNING 
   RUNNING 
   RUNNING
[2025-06-10T07:45:17.859+0000] {triggerer_job_runner.py:631} INFO - Trigger slurm_async_job/manual__2025-06-10T07:43:49.773652+00:00/submit_slurm/-1/1 (ID 66) fired: TriggerEvent<{'job_id': '17158', 'status': 'RUNNING', 'final': False}>
[2025-06-10T07:45:24.877+0000] {base.py:84} INFO - Retrieving connection 'hpc_ssh'
[2025-06-10T07:45:24.878+0000] {ssh.py:286} WARNING - No Host Key Verification. This won't protect against Man-In-The-Middle attacks
[2025-06-10T07:45:27.171+0000] {slurm_trigger.py:35} INFO - [SLURM 17158] sacct output: RUNNING 
   RUNNING 
   RUNNING 
   RUNNING
[2025-06-10T07:45:27.171+0000] {triggerer_job_runner.py:631} INFO - Trigger slurm_async_job/manual__2025-06-10T07:43:49.773652+00:00/submit_slurm/-1/1 (ID 67) fired: TriggerEvent<{'job_id': '17158', 'status': 'RUNNING', 'final': False}>
[2025-06-10T07:45:32.180+0000] {base.py:84} INFO - Retrieving connection 'hpc_ssh'
[2025-06-10T07:45:32.181+0000] {ssh.py:286} WARNING - No Host Key Verification. This won't protect against Man-In-The-Middle attacks
[2025-06-10T07:45:34.329+0000] {slurm_trigger.py:35} INFO - [SLURM 17158] sacct output: RUNNING 
   RUNNING 
   RUNNING 
   RUNNING
[2025-06-10T07:45:34.330+0000] {triggerer_job_runner.py:631} INFO - Trigger slurm_async_job/manual__2025-06-10T07:43:49.773652+00:00/submit_slurm/-1/1 (ID 68) fired: TriggerEvent<{'job_id': '17158', 'status': 'RUNNING', 'final': False}>
[2025-06-10T07:45:38.344+0000] {base.py:84} INFO - Retrieving connection 'hpc_ssh'
[2025-06-10T07:45:38.345+0000] {ssh.py:286} WARNING - No Host Key Verification. This won't protect against Man-In-The-Middle attacks
[2025-06-10T07:45:40.431+0000] {slurm_trigger.py:35} INFO - [SLURM 17158] sacct output: RUNNING 
   RUNNING 
   RUNNING 
   RUNNING
[2025-06-10T07:45:40.431+0000] {triggerer_job_runner.py:631} INFO - Trigger slurm_async_job/manual__2025-06-10T07:43:49.773652+00:00/submit_slurm/-1/1 (ID 69) fired: TriggerEvent<{'job_id': '17158', 'status': 'RUNNING', 'final': False}>
[2025-06-10T07:45:44.441+0000] {base.py:84} INFO - Retrieving connection 'hpc_ssh'
[2025-06-10T07:45:44.441+0000] {ssh.py:286} WARNING - No Host Key Verification. This won't protect against Man-In-The-Middle attacks
[2025-06-10T07:45:46.495+0000] {slurm_trigger.py:35} INFO - [SLURM 17158] sacct output: RUNNING 
   RUNNING 
   RUNNING 
   RUNNING
[2025-06-10T07:45:46.496+0000] {triggerer_job_runner.py:631} INFO - Trigger slurm_async_job/manual__2025-06-10T07:43:49.773652+00:00/submit_slurm/-1/1 (ID 70) fired: TriggerEvent<{'job_id': '17158', 'status': 'RUNNING', 'final': False}>
[2025-06-10T07:45:50.512+0000] {base.py:84} INFO - Retrieving connection 'hpc_ssh'
[2025-06-10T07:45:50.514+0000] {ssh.py:286} WARNING - No Host Key Verification. This won't protect against Man-In-The-Middle attacks
[2025-06-10T07:45:52.592+0000] {slurm_trigger.py:35} INFO - [SLURM 17158] sacct output: RUNNING 
   RUNNING 
   RUNNING 
   RUNNING
[2025-06-10T07:45:52.592+0000] {triggerer_job_runner.py:631} INFO - Trigger slurm_async_job/manual__2025-06-10T07:43:49.773652+00:00/submit_slurm/-1/1 (ID 71) fired: TriggerEvent<{'job_id': '17158', 'status': 'RUNNING', 'final': False}>
[2025-06-10T07:45:56.602+0000] {base.py:84} INFO - Retrieving connection 'hpc_ssh'
[2025-06-10T07:45:56.603+0000] {ssh.py:286} WARNING - No Host Key Verification. This won't protect against Man-In-The-Middle attacks
[2025-06-10T07:45:58.657+0000] {slurm_trigger.py:35} INFO - [SLURM 17158] sacct output: COMPLETED 
 COMPLETED 
 COMPLETED 
 COMPLETED
[2025-06-10T07:45:58.657+0000] {triggerer_job_runner.py:631} INFO - Trigger slurm_async_job/manual__2025-06-10T07:43:49.773652+00:00/submit_slurm/-1/1 (ID 72) fired: TriggerEvent<{'job_id': '17158', 'status': 'COMPLETED', 'final': True}>
